=== economy-table59.xlsx ===
Cell A1 | value='CA4000' | fill=FFFFFF00 | rows=[0] | cols=[0] | col_header=True | row_header=True | metadata=False
Cell B1 | value='Month' | fill=FFFFFF00 | rows=[0] | cols=[1, 2, 3, 4, 5, 6, 7, 8, 9, 10, 11, 12] | col_header=True | row_header=False | metadata=False
Cell N1 | value='Total sold' | fill=FFFFFF00 | rows=[0] | cols=[13] | col_header=True | row_header=False | metadata=False
Cell O1 | value='Purchased' | fill=FFFFFF00 | rows=[0] | cols=[14] | col_header=True | row_header=False | metadata=False
Cell P1 | value='% Sold' | fill=FFFFFF00 | rows=[0] | cols=[15] | col_header=True | row_header=False | metadata=False
Cell Q1 | value='Stock Left' | fill=FFFFFF00 | rows=[0] | cols=[16] | col_header=True | row_header=False | metadata=False
Cell R1 | value='Record' | fill=FFFFFF00 | rows=[0] | cols=[17] | col_header=True | row_header=False | metadata=False
Cell S1 | value='6 Month' | fill=FFFFFF00 | rows=[0] | cols=[18] | col_header=True | row_header=False | metadata=False
Cell T1 | value='3 Month' | fill=FFFFFF00 | rows=[0] | cols=[19] | col_header=True | row_header=False | metadata=False
Cell U1 | value='Months Left' | fill=FFFFFF00 | rows=[0] | cols=[20] | col_header=True | row_header=False | metadata=False
Cell V1 | value='Status' | fill=FFFFFF00 | rows=[0] | cols=[21] | col_header=True | row_header=False | metadata=False
Cell W1 | value='%  By Color' | fill=FFFFFF00 | rows=[0] | cols=[22] | col_header=True | row_header=False | metadata=False
Cell X1 | value='Record Tweak' | fill=FFFFFF00 | rows=[0] | cols=[23] | col_header=True | row_header=False | metadata=False
Cell Y1 | value='# To Order' | fill=FFFFFF00 | rows=[0] | cols=[24] | col_header=True | row_header=False | metadata=False
Cell Z1 | value='Ship Time' | fill=FFFFFF00 | rows=[0] | cols=[25] | col_header=True | row_header=False | metadata=False
Cell AA1 | value='My Order' | fill=FFFFFF00 | rows=[0] | cols=[26] | col_header=True | row_header=False | metadata=False
Cell B2 | value='1' | fill=41 | rows=[1] | cols=[1] | col_header=False | row_header=False | metadata=False
Cell C2 | value='2' | fill=41 | rows=[1] | cols=[2] | col_header=False | row_header=False | metadata=False
Cell D2 | value='3' | fill=41 | rows=[1] | cols=[3] | col_header=False | row_header=False | metadata=False
Cell E2 | value='4' | fill=41 | rows=[1] | cols=[4] | col_header=False | row_header=False | metadata=False
Cell F2 | value='5' | fill=41 | rows=[1] | cols=[5] | col_header=False | row_header=False | metadata=False
Cell G2 | value='6' | fill=41 | rows=[1] | cols=[6] | col_header=False | row_header=False | metadata=False
Cell H2 | value='7' | fill=41 | rows=[1] | cols=[7] | col_header=False | row_header=False | metadata=False
Cell I2 | value='8' | fill=41 | rows=[1] | cols=[8] | col_header=False | row_header=False | metadata=False
Cell J2 | value='9' | fill=41 | rows=[1] | cols=[9] | col_header=False | row_header=False | metadata=False
Cell K2 | value='10' | fill=41 | rows=[1] | cols=[10] | col_header=False | row_header=False | metadata=False
Cell L2 | value='11' | fill=41 | rows=[1] | cols=[11] | col_header=False | row_header=False | metadata=False
Cell M2 | value='12' | fill=41 | rows=[1] | cols=[12] | col_header=False | row_header=False | metadata=False
Cell A3 | value='Black' | fill=00000000 | rows=[2] | cols=[0] | col_header=False | row_header=False | metadata=False
Cell B3 | value='170' | fill=00000000 | rows=[2] | cols=[1] | col_header=False | row_header=False | metadata=False
Cell C3 | value='58' | fill=00000000 | rows=[2] | cols=[2] | col_header=False | row_header=False | metadata=False
Cell D3 | value='0' | fill=00000000 | rows=[2] | cols=[3] | col_header=False | row_header=False | metadata=False
Cell E3 | value='22' | fill=00000000 | rows=[2] | cols=[4] | col_header=False | row_header=False | metadata=False
Cell F3 | value='26' | fill=00000000 | rows=[2] | cols=[5] | col_header=False | row_header=False | metadata=False
Cell G3 | value='33' | fill=00000000 | rows=[2] | cols=[6] | col_header=False | row_header=False | metadata=False
Cell H3 | value='2' | fill=00000000 | rows=[2] | cols=[7] | col_header=False | row_header=False | metadata=False
Cell I3 | value='0' | fill=00000000 | rows=[2] | cols=[8] | col_header=False | row_header=False | metadata=False
Cell J3 | value='0' | fill=00000000 | rows=[2] | cols=[9] | col_header=False | row_header=False | metadata=False
Cell K3 | value='0' | fill=00000000 | rows=[2] | cols=[10] | col_header=False | row_header=False | metadata=False
Cell L3 | value='0' | fill=00000000 | rows=[2] | cols=[11] | col_header=False | row_header=False | metadata=False
Cell M3 | value='0' | fill=00000000 | rows=[2] | cols=[12] | col_header=False | row_header=False | metadata=False
Cell N3 | value='311' | fill=47 | rows=[2] | cols=[13] | col_header=False | row_header=False | metadata=False
Cell O3 | value='428' | fill=51 | rows=[2] | cols=[14] | col_header=False | row_header=False | metadata=False
Cell P3 | value='0.726635514018692' | fill=52 | rows=[2] | cols=[15] | col_header=False | row_header=False | metadata=False
Cell Q3 | value='117' | fill=53 | rows=[2] | cols=[16] | col_header=False | row_header=False | metadata=False
Cell R3 | value='170' | fill=00000000 | rows=[2] | cols=[17] | col_header=False | row_header=False | metadata=False
Cell S3 | value='504' | fill=00000000 | rows=[2] | cols=[18] | col_header=False | row_header=False | metadata=False
Cell T3 | value='252' | fill=00000000 | rows=[2] | cols=[19] | col_header=False | row_header=False | metadata=False
Cell U3 | value='1.67142857142857' | fill=00000000 | rows=[2] | cols=[20] | col_header=False | row_header=False | metadata=False
Cell V3 | value='Order' | fill=00000000 | rows=[2] | cols=[21] | col_header=False | row_header=False | metadata=False
Cell W3 | value='0.444285714285714' | fill=FFCCFFFF | rows=[2] | cols=[22] | col_header=False | row_header=False | metadata=False
Cell X3 | value='70' | fill=00000000 | rows=[2] | cols=[23] | col_header=False | row_header=False | metadata=False
Cell Y3 | value='444.285714285714' | fill=00000000 | rows=[2] | cols=[24] | col_header=False | row_header=False | metadata=False
Cell Z3 | value='447.6' | fill=00000000 | rows=[2] | cols=[25] | col_header=False | row_header=False | metadata=False
Cell AA3 | value='200' | fill=00000000 | rows=[2] | cols=[26] | col_header=False | row_header=False | metadata=False
Cell A4 | value='Navy' | fill=00000000 | rows=[3] | cols=[0] | col_header=False | row_header=False | metadata=False
Cell B4 | value='54' | fill=00000000 | rows=[3] | cols=[1] | col_header=False | row_header=False | metadata=False
Cell C4 | value='30' | fill=00000000 | rows=[3] | cols=[2] | col_header=False | row_header=False | metadata=False
Cell D4 | value='51' | fill=00000000 | rows=[3] | cols=[3] | col_header=False | row_header=False | metadata=False
Cell E4 | value='14' | fill=00000000 | rows=[3] | cols=[4] | col_header=False | row_header=False | metadata=False
Cell F4 | value='8' | fill=00000000 | rows=[3] | cols=[5] | col_header=False | row_header=False | metadata=False
Cell G4 | value='6' | fill=00000000 | rows=[3] | cols=[6] | col_header=False | row_header=False | metadata=False
Cell H4 | value='1' | fill=00000000 | rows=[3] | cols=[7] | col_header=False | row_header=False | metadata=False
Cell I4 | value='0' | fill=00000000 | rows=[3] | cols=[8] | col_header=False | row_header=False | metadata=False
Cell J4 | value='0' | fill=00000000 | rows=[3] | cols=[9] | col_header=False | row_header=False | metadata=False
Cell K4 | value='0' | fill=00000000 | rows=[3] | cols=[10] | col_header=False | row_header=False | metadata=False
Cell L4 | value='0' | fill=00000000 | rows=[3] | cols=[11] | col_header=False | row_header=False | metadata=False
Cell M4 | value='0' | fill=00000000 | rows=[3] | cols=[12] | col_header=False | row_header=False | metadata=False
Cell N4 | value='164' | fill=47 | rows=[3] | cols=[13] | col_header=False | row_header=False | metadata=False
Cell O4 | value='282' | fill=51 | rows=[3] | cols=[14] | col_header=False | row_header=False | metadata=False
Cell P4 | value='0.581560283687943' | fill=52 | rows=[3] | cols=[15] | col_header=False | row_header=False | metadata=False
Cell Q4 | value='118' | fill=53 | rows=[3] | cols=[16] | col_header=False | row_header=False | metadata=False
Cell R4 | value='54' | fill=00000000 | rows=[3] | cols=[17] | col_header=False | row_header=False | metadata=False
Cell S4 | value='504' | fill=00000000 | rows=[3] | cols=[18] | col_header=False | row_header=False | metadata=False
Cell T4 | value='252' | fill=00000000 | rows=[3] | cols=[19] | col_header=False | row_header=False | metadata=False
Cell U4 | value='1.68571428571429' | fill=00000000 | rows=[3] | cols=[20] | col_header=False | row_header=False | metadata=False
Cell V4 | value='Order' | fill=00000000 | rows=[3] | cols=[21] | col_header=False | row_header=False | metadata=False
Cell W4 | value='0.234285714285714' | fill=FFCCFFFF | rows=[3] | cols=[22] | col_header=False | row_header=False | metadata=False
Cell X4 | value='70' | fill=00000000 | rows=[3] | cols=[23] | col_header=False | row_header=False | metadata=False
Cell Y4 | value='234.285714285714' | fill=00000000 | rows=[3] | cols=[24] | col_header=False | row_header=False | metadata=False
Cell Z4 | value='446.4' | fill=00000000 | rows=[3] | cols=[25] | col_header=False | row_header=False | metadata=False
Cell AA4 | value='0' | fill=00000000 | rows=[3] | cols=[26] | col_header=False | row_header=False | metadata=False
Cell A5 | value='Olive Drab' | fill=00000000 | rows=[4] | cols=[0] | col_header=False | row_header=False | metadata=False
Cell B5 | value='35' | fill=00000000 | rows=[4] | cols=[1] | col_header=False | row_header=False | metadata=False
Cell C5 | value='17' | fill=00000000 | rows=[4] | cols=[2] | col_header=False | row_header=False | metadata=False
Cell D5 | value='14' | fill=00000000 | rows=[4] | cols=[3] | col_header=False | row_header=False | metadata=False
Cell E5 | value='5' | fill=00000000 | rows=[4] | cols=[4] | col_header=False | row_header=False | metadata=False
Cell F5 | value='7' | fill=00000000 | rows=[4] | cols=[5] | col_header=False | row_header=False | metadata=False
Cell G5 | value='5' | fill=00000000 | rows=[4] | cols=[6] | col_header=False | row_header=False | metadata=False
Cell H5 | value='0' | fill=00000000 | rows=[4] | cols=[7] | col_header=False | row_header=False | metadata=False
Cell I5 | value='0' | fill=00000000 | rows=[4] | cols=[8] | col_header=False | row_header=False | metadata=False
Cell J5 | value='0' | fill=00000000 | rows=[4] | cols=[9] | col_header=False | row_header=False | metadata=False
Cell K5 | value='0' | fill=00000000 | rows=[4] | cols=[10] | col_header=False | row_header=False | metadata=False
Cell L5 | value='0' | fill=00000000 | rows=[4] | cols=[11] | col_header=False | row_header=False | metadata=False
Cell M5 | value='0' | fill=00000000 | rows=[4] | cols=[12] | col_header=False | row_header=False | metadata=False
Cell N5 | value='83' | fill=47 | rows=[4] | cols=[13] | col_header=False | row_header=False | metadata=False
Cell O5 | value='262' | fill=51 | rows=[4] | cols=[14] | col_header=False | row_header=False | metadata=False
Cell P5 | value='0.316793893129771' | fill=52 | rows=[4] | cols=[15] | col_header=False | row_header=False | metadata=False
Cell Q5 | value='179' | fill=53 | rows=[4] | cols=[16] | col_header=False | row_header=False | metadata=False
Cell R5 | value='35' | fill=00000000 | rows=[4] | cols=[17] | col_header=False | row_header=False | metadata=False
Cell S5 | value='223.2' | fill=00000000 | rows=[4] | cols=[18] | col_header=False | row_header=False | metadata=False
Cell T5 | value='111.6' | fill=00000000 | rows=[4] | cols=[19] | col_header=False | row_header=False | metadata=False
Cell U5 | value='5.7741935483871' | fill=00000000 | rows=[4] | cols=[20] | col_header=False | row_header=False | metadata=False
Cell V5 | value='Stock' | fill=00000000 | rows=[4] | cols=[21] | col_header=False | row_header=False | metadata=False
Cell W5 | value='0.118571428571429' | fill=FFCCFFFF | rows=[4] | cols=[22] | col_header=False | row_header=False | metadata=False
Cell X5 | value='31' | fill=00000000 | rows=[4] | cols=[23] | col_header=False | row_header=False | metadata=False
Cell Y5 | value='118.571428571429' | fill=00000000 | rows=[4] | cols=[24] | col_header=False | row_header=False | metadata=False
Cell Z5 | value='45.6' | fill=00000000 | rows=[4] | cols=[25] | col_header=False | row_header=False | metadata=False
Cell AA5 | value='0' | fill=00000000 | rows=[4] | cols=[26] | col_header=False | row_header=False | metadata=False
Cell A6 | value='Safety Green' | fill=00000000 | rows=[5] | cols=[0] | col_header=False | row_header=False | metadata=False
Cell B6 | value='3' | fill=00000000 | rows=[5] | cols=[1] | col_header=False | row_header=False | metadata=False
Cell C6 | value='2' | fill=00000000 | rows=[5] | cols=[2] | col_header=False | row_header=False | metadata=False
Cell D6 | value='9' | fill=00000000 | rows=[5] | cols=[3] | col_header=False | row_header=False | metadata=False
Cell E6 | value='1' | fill=00000000 | rows=[5] | cols=[4] | col_header=False | row_header=False | metadata=False
Cell F6 | value='1' | fill=00000000 | rows=[5] | cols=[5] | col_header=False | row_header=False | metadata=False
Cell G6 | value='1' | fill=00000000 | rows=[5] | cols=[6] | col_header=False | row_header=False | metadata=False
Cell H6 | value='0' | fill=00000000 | rows=[5] | cols=[7] | col_header=False | row_header=False | metadata=False
Cell I6 | value='0' | fill=00000000 | rows=[5] | cols=[8] | col_header=False | row_header=False | metadata=False
Cell J6 | value='0' | fill=00000000 | rows=[5] | cols=[9] | col_header=False | row_header=False | metadata=False
Cell K6 | value='0' | fill=00000000 | rows=[5] | cols=[10] | col_header=False | row_header=False | metadata=False
Cell L6 | value='0' | fill=00000000 | rows=[5] | cols=[11] | col_header=False | row_header=False | metadata=False
Cell M6 | value='0' | fill=00000000 | rows=[5] | cols=[12] | col_header=False | row_header=False | metadata=False
Cell N6 | value='17' | fill=47 | rows=[5] | cols=[13] | col_header=False | row_header=False | metadata=False
Cell O6 | value='113' | fill=51 | rows=[5] | cols=[14] | col_header=False | row_header=False | metadata=False
Cell P6 | value='0.150442477876106' | fill=52 | rows=[5] | cols=[15] | col_header=False | row_header=False | metadata=False
Cell Q6 | value='96' | fill=53 | rows=[5] | cols=[16] | col_header=False | row_header=False | metadata=False
Cell R6 | value='9' | fill=00000000 | rows=[5] | cols=[17] | col_header=False | row_header=False | metadata=False
Cell S6 | value='122.4' | fill=00000000 | rows=[5] | cols=[18] | col_header=False | row_header=False | metadata=False
Cell T6 | value='61.2' | fill=00000000 | rows=[5] | cols=[19] | col_header=False | row_header=False | metadata=False
Cell U6 | value='5.64705882352941' | fill=00000000 | rows=[5] | cols=[20] | col_header=False | row_header=False | metadata=False
Cell V6 | value='Stock' | fill=00000000 | rows=[5] | cols=[21] | col_header=False | row_header=False | metadata=False
Cell W6 | value='0.0242857142857143' | fill=FFCCFFFF | rows=[5] | cols=[22] | col_header=False | row_header=False | metadata=False
Cell X6 | value='17' | fill=00000000 | rows=[5] | cols=[23] | col_header=False | row_header=False | metadata=False
Cell Y6 | value='24.2857142857143' | fill=00000000 | rows=[5] | cols=[24] | col_header=False | row_header=False | metadata=False
Cell Z6 | value='27.6' | fill=00000000 | rows=[5] | cols=[25] | col_header=False | row_header=False | metadata=False
Cell AA6 | value='0' | fill=00000000 | rows=[5] | cols=[26] | col_header=False | row_header=False | metadata=False
Cell A7 | value='Safety Orange' | fill=00000000 | rows=[6] | cols=[0] | col_header=False | row_header=False | metadata=False
Cell B7 | value='13' | fill=00000000 | rows=[6] | cols=[1] | col_header=False | row_header=False | metadata=False
Cell C7 | value='18' | fill=00000000 | rows=[6] | cols=[2] | col_header=False | row_header=False | metadata=False
Cell D7 | value='10' | fill=00000000 | rows=[6] | cols=[3] | col_header=False | row_header=False | metadata=False
Cell E7 | value='17' | fill=00000000 | rows=[6] | cols=[4] | col_header=False | row_header=False | metadata=False
Cell F7 | value='5' | fill=00000000 | rows=[6] | cols=[5] | col_header=False | row_header=False | metadata=False
Cell G7 | value='4' | fill=00000000 | rows=[6] | cols=[6] | col_header=False | row_header=False | metadata=False
Cell H7 | value='1' | fill=00000000 | rows=[6] | cols=[7] | col_header=False | row_header=False | metadata=False
Cell I7 | value='0' | fill=00000000 | rows=[6] | cols=[8] | col_header=False | row_header=False | metadata=False
Cell J7 | value='0' | fill=00000000 | rows=[6] | cols=[9] | col_header=False | row_header=False | metadata=False
Cell K7 | value='0' | fill=00000000 | rows=[6] | cols=[10] | col_header=False | row_header=False | metadata=False
Cell L7 | value='0' | fill=00000000 | rows=[6] | cols=[11] | col_header=False | row_header=False | metadata=False
Cell M7 | value='0' | fill=00000000 | rows=[6] | cols=[12] | col_header=False | row_header=False | metadata=False
Cell N7 | value='68' | fill=47 | rows=[6] | cols=[13] | col_header=False | row_header=False | metadata=False
Cell O7 | value='417' | fill=51 | rows=[6] | cols=[14] | col_header=False | row_header=False | metadata=False
Cell P7 | value='0.163069544364508' | fill=52 | rows=[6] | cols=[15] | col_header=False | row_header=False | metadata=False
Cell Q7 | value='349' | fill=53 | rows=[6] | cols=[16] | col_header=False | row_header=False | metadata=False
Cell R7 | value='18' | fill=00000000 | rows=[6] | cols=[17] | col_header=False | row_header=False | metadata=False
Cell S7 | value='288' | fill=00000000 | rows=[6] | cols=[18] | col_header=False | row_header=False | metadata=False
Cell T7 | value='144' | fill=00000000 | rows=[6] | cols=[19] | col_header=False | row_header=False | metadata=False
Cell U7 | value='8.725' | fill=00000000 | rows=[6] | cols=[20] | col_header=False | row_header=False | metadata=False
Cell V7 | value='Stock' | fill=00000000 | rows=[6] | cols=[21] | col_header=False | row_header=False | metadata=False
Cell W7 | value='0.0971428571428571' | fill=FFCCFFFF | rows=[6] | cols=[22] | col_header=False | row_header=False | metadata=False
Cell X7 | value='40' | fill=00000000 | rows=[6] | cols=[23] | col_header=False | row_header=False | metadata=False
Cell Y7 | value='97.1428571428571' | fill=00000000 | rows=[6] | cols=[24] | col_header=False | row_header=False | metadata=False
Cell Z7 | value='-82.8' | fill=00000000 | rows=[6] | cols=[25] | col_header=False | row_header=False | metadata=False
Cell AA7 | value='0' | fill=00000000 | rows=[6] | cols=[26] | col_header=False | row_header=False | metadata=False
Cell A8 | value='Brown' | fill=00000000 | rows=[7] | cols=[0] | col_header=False | row_header=False | metadata=False
Cell B8 | value='0' | fill=00000000 | rows=[7] | cols=[1] | col_header=False | row_header=False | metadata=False
Cell C8 | value='14' | fill=00000000 | rows=[7] | cols=[2] | col_header=False | row_header=False | metadata=False
Cell D8 | value='4' | fill=00000000 | rows=[7] | cols=[3] | col_header=False | row_header=False | metadata=False
Cell E8 | value='5' | fill=00000000 | rows=[7] | cols=[4] | col_header=False | row_header=False | metadata=False
Cell F8 | value='7' | fill=00000000 | rows=[7] | cols=[5] | col_header=False | row_header=False | metadata=False
Cell G8 | value='2' | fill=00000000 | rows=[7] | cols=[6] | col_header=False | row_header=False | metadata=False
Cell H8 | value='0' | fill=00000000 | rows=[7] | cols=[7] | col_header=False | row_header=False | metadata=False
Cell I8 | value='0' | fill=00000000 | rows=[7] | cols=[8] | col_header=False | row_header=False | metadata=False
Cell J8 | value='0' | fill=00000000 | rows=[7] | cols=[9] | col_header=False | row_header=False | metadata=False
Cell K8 | value='0' | fill=00000000 | rows=[7] | cols=[10] | col_header=False | row_header=False | metadata=False
Cell L8 | value='0' | fill=00000000 | rows=[7] | cols=[11] | col_header=False | row_header=False | metadata=False
Cell M8 | value='0' | fill=00000000 | rows=[7] | cols=[12] | col_header=False | row_header=False | metadata=False
Cell N8 | value='32' | fill=47 | rows=[7] | cols=[13] | col_header=False | row_header=False | metadata=False
Cell O8 | value='156' | fill=51 | rows=[7] | cols=[14] | col_header=False | row_header=False | metadata=False
Cell P8 | value='0.205128205128205' | fill=52 | rows=[7] | cols=[15] | col_header=False | row_header=False | metadata=False
Cell Q8 | value='124' | fill=53 | rows=[7] | cols=[16] | col_header=False | row_header=False | metadata=False
Cell R8 | value='14' | fill=00000000 | rows=[7] | cols=[17] | col_header=False | row_header=False | metadata=False
Cell S8 | value='151.2' | fill=00000000 | rows=[7] | cols=[18] | col_header=False | row_header=False | metadata=False
Cell T8 | value='75.6' | fill=00000000 | rows=[7] | cols=[19] | col_header=False | row_header=False | metadata=False
Cell U8 | value='5.90476190476191' | fill=00000000 | rows=[7] | cols=[20] | col_header=False | row_header=False | metadata=False
Cell V8 | value='Stock' | fill=00000000 | rows=[7] | cols=[21] | col_header=False | row_header=False | metadata=False
Cell W8 | value='0.0457142857142857' | fill=FFCCFFFF | rows=[7] | cols=[22] | col_header=False | row_header=False | metadata=False
Cell X8 | value='21' | fill=00000000 | rows=[7] | cols=[23] | col_header=False | row_header=False | metadata=False
Cell Y8 | value='45.7142857142857' | fill=00000000 | rows=[7] | cols=[24] | col_header=False | row_header=False | metadata=False
Cell Z8 | value='27.6' | fill=00000000 | rows=[7] | cols=[25] | col_header=False | row_header=False | metadata=False
Cell AA8 | value='100' | fill=00000000 | rows=[7] | cols=[26] | col_header=False | row_header=False | metadata=False
Cell A9 | value='Evergreen' | fill=00000000 | rows=[8] | cols=[0] | col_header=False | row_header=False | metadata=False
Cell B9 | value='8' | fill=00000000 | rows=[8] | cols=[1] | col_header=False | row_header=False | metadata=False
Cell C9 | value='2' | fill=00000000 | rows=[8] | cols=[2] | col_header=False | row_header=False | metadata=False
Cell D9 | value='8' | fill=00000000 | rows=[8] | cols=[3] | col_header=False | row_header=False | metadata=False
Cell E9 | value='1' | fill=00000000 | rows=[8] | cols=[4] | col_header=False | row_header=False | metadata=False
Cell F9 | value='3' | fill=00000000 | rows=[8] | cols=[5] | col_header=False | row_header=False | metadata=False
Cell G9 | value='3' | fill=00000000 | rows=[8] | cols=[6] | col_header=False | row_header=False | metadata=False
Cell H9 | value='0' | fill=00000000 | rows=[8] | cols=[7] | col_header=False | row_header=False | metadata=False
Cell I9 | value='0' | fill=00000000 | rows=[8] | cols=[8] | col_header=False | row_header=False | metadata=False
Cell J9 | value='0' | fill=00000000 | rows=[8] | cols=[9] | col_header=False | row_header=False | metadata=False
Cell K9 | value='0' | fill=00000000 | rows=[8] | cols=[10] | col_header=False | row_header=False | metadata=False
Cell L9 | value='0' | fill=00000000 | rows=[8] | cols=[11] | col_header=False | row_header=False | metadata=False
Cell M9 | value='0' | fill=00000000 | rows=[8] | cols=[12] | col_header=False | row_header=False | metadata=False
Cell N9 | value='25' | fill=47 | rows=[8] | cols=[13] | col_header=False | row_header=False | metadata=False
Cell O9 | value='268' | fill=51 | rows=[8] | cols=[14] | col_header=False | row_header=False | metadata=False
Cell P9 | value='0.0932835820895522' | fill=52 | rows=[8] | cols=[15] | col_header=False | row_header=False | metadata=False
Cell Q9 | value='243' | fill=53 | rows=[8] | cols=[16] | col_header=False | row_header=False | metadata=False
Cell R9 | value='8' | fill=00000000 | rows=[8] | cols=[17] | col_header=False | row_header=False | metadata=False
Cell S9 | value='93.6' | fill=00000000 | rows=[8] | cols=[18] | col_header=False | row_header=False | metadata=False
Cell T9 | value='46.8' | fill=00000000 | rows=[8] | cols=[19] | col_header=False | row_header=False | metadata=False
Cell U9 | value='18.6923076923077' | fill=00000000 | rows=[8] | cols=[20] | col_header=False | row_header=False | metadata=False
Cell V9 | value='Stock' | fill=00000000 | rows=[8] | cols=[21] | col_header=False | row_header=False | metadata=False
Cell W9 | value='0.0357142857142857' | fill=FFCCFFFF | rows=[8] | cols=[22] | col_header=False | row_header=False | metadata=False
Cell X9 | value='13' | fill=00000000 | rows=[8] | cols=[23] | col_header=False | row_header=False | metadata=False
Cell Y9 | value='35.7142857142857' | fill=00000000 | rows=[8] | cols=[24] | col_header=False | row_header=False | metadata=False
Cell Z9 | value='-182.4' | fill=00000000 | rows=[8] | cols=[25] | col_header=False | row_header=False | metadata=False
Cell AA9 | value='0' | fill=00000000 | rows=[8] | cols=[26] | col_header=False | row_header=False | metadata=False
Cell A10 | value='TOTALS' | fill=FF00B0F0 | rows=[9] | cols=[0] | col_header=False | row_header=False | metadata=True
Cell B10 | value='283' | fill=FF00B0F0 | rows=[9] | cols=[1] | col_header=False | row_header=False | metadata=True
Cell C10 | value='141' | fill=FF00B0F0 | rows=[9] | cols=[2] | col_header=False | row_header=False | metadata=True
Cell D10 | value='96' | fill=FF00B0F0 | rows=[9] | cols=[3] | col_header=False | row_header=False | metadata=True
Cell E10 | value='65' | fill=FF00B0F0 | rows=[9] | cols=[4] | col_header=False | row_header=False | metadata=True
Cell F10 | value='57' | fill=FF00B0F0 | rows=[9] | cols=[5] | col_header=False | row_header=False | metadata=True
Cell G10 | value='54' | fill=FF00B0F0 | rows=[9] | cols=[6] | col_header=False | row_header=False | metadata=True
Cell H10 | value='4' | fill=FF00B0F0 | rows=[9] | cols=[7] | col_header=False | row_header=False | metadata=True
Cell I10 | value='0' | fill=FF00B0F0 | rows=[9] | cols=[8] | col_header=False | row_header=False | metadata=True
Cell J10 | value='0' | fill=FF00B0F0 | rows=[9] | cols=[9] | col_header=False | row_header=False | metadata=True
Cell K10 | value='0' | fill=FF00B0F0 | rows=[9] | cols=[10] | col_header=False | row_header=False | metadata=True
Cell L10 | value='0' | fill=FF00B0F0 | rows=[9] | cols=[11] | col_header=False | row_header=False | metadata=True
Cell M10 | value='0' | fill=FF00B0F0 | rows=[9] | cols=[12] | col_header=False | row_header=False | metadata=True
Cell N10 | value='700' | fill=FF00B0F0 | rows=[9] | cols=[13] | col_header=False | row_header=False | metadata=True
Cell O10 | value='1926' | fill=FF00B0F0 | rows=[9] | cols=[14] | col_header=False | row_header=False | metadata=True
Cell P10 | value='0.363447559709242' | fill=FF00B0F0 | rows=[9] | cols=[15] | col_header=False | row_header=False | metadata=True
Cell Q10 | value='1226' | fill=FF00B0F0 | rows=[9] | cols=[16] | col_header=False | row_header=False | metadata=True
Cell Y10 | value='1000' | fill=FF00B0F0 | rows=[9] | cols=[24] | col_header=False | row_header=False | metadata=True
Cell Z10 | value='729.6' | fill=FF00B0F0 | rows=[9] | cols=[25] | col_header=False | row_header=False | metadata=True
Cell AA10 | value='300' | fill=FF00B0F0 | rows=[9] | cols=[26] | col_header=False | row_header=False | metadata=True

