=== environment-table30.xlsx ===
Cell A1 | value='Table 16 Scientific procedures (toxicology) by species of animal and type of toxicological test: other safety or toxicology testing' | fill=FF00B0F0 | rows=[0] | cols=[0] | col_header=True | row_header=True | metadata=True
Cell A2 | value='Great Britain 2011' | fill=00000000 | rows=[1] | cols=[0] | col_header=False | row_header=False | metadata=False
Cell K2 | value='Number of procedures' | fill=FFFFFF00 | rows=[1] | cols=[10] | col_header=True | row_header=False | metadata=False
Cell A3 | value='Species of animal' | fill=FFFFFF00 | rows=[2] | cols=[0] | col_header=True | row_header=False | metadata=False
Cell B3 | value='Type of toxicological test or procedure' | fill=FFFFFF00 | rows=[2] | cols=[1] | col_header=True | row_header=False | metadata=False
Cell B4 | value='Acute lethal
toxicity' | fill=43 | rows=[3] | cols=[1] | col_header=False | row_header=False | metadata=False
Cell C4 | value='Acute lethal
concentration' | fill=43 | rows=[3] | cols=[2] | col_header=False | row_header=False | metadata=False
Cell D4 | value='Acute limit setting' | fill=43 | rows=[3] | cols=[3] | col_header=False | row_header=False | metadata=False
Cell E4 | value='Acute non - lethal clinical sign' | fill=43 | rows=[3] | cols=[4] | col_header=False | row_header=False | metadata=False
Cell F4 | value='Subacute limit-setting or dose ranging' | fill=43 | rows=[3] | cols=[5] | col_header=False | row_header=False | metadata=False
Cell G4 | value='Subacute toxicity' | fill=43 | rows=[3] | cols=[6] | col_header=False | row_header=False | metadata=False
Cell H4 | value='Subchronic and chronic' | fill=43 | rows=[3] | cols=[7] | col_header=False | row_header=False | metadata=False
Cell I4 | value='Carcinogenicity' | fill=43 | rows=[3] | cols=[8] | col_header=False | row_header=False | metadata=False
Cell J4 | value='Genetic toxicology (includes mutagenicity)' | fill=43 | rows=[3] | cols=[9] | col_header=False | row_header=False | metadata=False
Cell K4 | value='Teratogenicity' | fill=43 | rows=[3] | cols=[10] | col_header=False | row_header=False | metadata=False
Cell A5 | value='Mouse' | fill=00000000 | rows=[4] | cols=[0] | col_header=False | row_header=False | metadata=False
Cell B5 | value='84' | fill=00000000 | rows=[4] | cols=[1] | col_header=False | row_header=False | metadata=False
Cell C5 | value='1180' | fill=00000000 | rows=[4] | cols=[2] | col_header=False | row_header=False | metadata=False
Cell D5 | value='73' | fill=00000000 | rows=[4] | cols=[3] | col_header=False | row_header=False | metadata=False
Cell E5 | value='-' | fill=00000000 | rows=[4] | cols=[4] | col_header=False | row_header=False | metadata=False
Cell F5 | value='34' | fill=00000000 | rows=[4] | cols=[5] | col_header=False | row_header=False | metadata=False
Cell G5 | value='-' | fill=00000000 | rows=[4] | cols=[6] | col_header=False | row_header=False | metadata=False
Cell H5 | value='-' | fill=00000000 | rows=[4] | cols=[7] | col_header=False | row_header=False | metadata=False
Cell I5 | value='9' | fill=00000000 | rows=[4] | cols=[8] | col_header=False | row_header=False | metadata=False
Cell J5 | value='-' | fill=00000000 | rows=[4] | cols=[9] | col_header=False | row_header=False | metadata=False
Cell K5 | value='-' | fill=00000000 | rows=[4] | cols=[10] | col_header=False | row_header=False | metadata=False
Cell A6 | value='Rat' | fill=47 | rows=[5] | cols=[0] | col_header=False | row_header=False | metadata=False
Cell B6 | value='4' | fill=47 | rows=[5] | cols=[1] | col_header=False | row_header=False | metadata=False
Cell C6 | value='1204' | fill=47 | rows=[5] | cols=[2] | col_header=False | row_header=False | metadata=False
Cell D6 | value='50' | fill=47 | rows=[5] | cols=[3] | col_header=False | row_header=False | metadata=False
Cell E6 | value='-' | fill=47 | rows=[5] | cols=[4] | col_header=False | row_header=False | metadata=False
Cell F6 | value='24' | fill=47 | rows=[5] | cols=[5] | col_header=False | row_header=False | metadata=False
Cell G6 | value='140' | fill=47 | rows=[5] | cols=[6] | col_header=False | row_header=False | metadata=False
Cell H6 | value='188' | fill=47 | rows=[5] | cols=[7] | col_header=False | row_header=False | metadata=False
Cell I6 | value='-' | fill=47 | rows=[5] | cols=[8] | col_header=False | row_header=False | metadata=False
Cell J6 | value='380' | fill=47 | rows=[5] | cols=[9] | col_header=False | row_header=False | metadata=False
Cell K6 | value='-' | fill=47 | rows=[5] | cols=[10] | col_header=False | row_header=False | metadata=False
Cell A7 | value='All other rodents' | fill=00000000 | rows=[6] | cols=[0] | col_header=False | row_header=False | metadata=False
Cell B7 | value='338' | fill=00000000 | rows=[6] | cols=[1] | col_header=False | row_header=False | metadata=False
Cell C7 | value='182' | fill=00000000 | rows=[6] | cols=[2] | col_header=False | row_header=False | metadata=False
Cell D7 | value='-' | fill=00000000 | rows=[6] | cols=[3] | col_header=False | row_header=False | metadata=False
Cell E7 | value='-' | fill=00000000 | rows=[6] | cols=[4] | col_header=False | row_header=False | metadata=False
Cell F7 | value='-' | fill=00000000 | rows=[6] | cols=[5] | col_header=False | row_header=False | metadata=False
Cell G7 | value='-' | fill=00000000 | rows=[6] | cols=[6] | col_header=False | row_header=False | metadata=False
Cell H7 | value='-' | fill=00000000 | rows=[6] | cols=[7] | col_header=False | row_header=False | metadata=False
Cell I7 | value='-' | fill=00000000 | rows=[6] | cols=[8] | col_header=False | row_header=False | metadata=False
Cell J7 | value='-' | fill=00000000 | rows=[6] | cols=[9] | col_header=False | row_header=False | metadata=False
Cell K7 | value='0' | fill=00000000 | rows=[6] | cols=[10] | col_header=False | row_header=False | metadata=False
Cell A8 | value='Rabbit' | fill=47 | rows=[7] | cols=[0] | col_header=False | row_header=False | metadata=False
Cell B8 | value='-' | fill=47 | rows=[7] | cols=[1] | col_header=False | row_header=False | metadata=False
Cell C8 | value='-' | fill=47 | rows=[7] | cols=[2] | col_header=False | row_header=False | metadata=False
Cell D8 | value='-' | fill=47 | rows=[7] | cols=[3] | col_header=False | row_header=False | metadata=False
Cell E8 | value='-' | fill=47 | rows=[7] | cols=[4] | col_header=False | row_header=False | metadata=False
Cell F8 | value='-' | fill=47 | rows=[7] | cols=[5] | col_header=False | row_header=False | metadata=False
Cell G8 | value='-' | fill=47 | rows=[7] | cols=[6] | col_header=False | row_header=False | metadata=False
Cell H8 | value='-' | fill=47 | rows=[7] | cols=[7] | col_header=False | row_header=False | metadata=False
Cell I8 | value='-' | fill=47 | rows=[7] | cols=[8] | col_header=False | row_header=False | metadata=False
Cell J8 | value='-' | fill=47 | rows=[7] | cols=[9] | col_header=False | row_header=False | metadata=False
Cell K8 | value='-' | fill=47 | rows=[7] | cols=[10] | col_header=False | row_header=False | metadata=False
Cell A9 | value='Cat' | fill=00000000 | rows=[8] | cols=[0] | col_header=False | row_header=False | metadata=False
Cell B9 | value='-' | fill=00000000 | rows=[8] | cols=[1] | col_header=False | row_header=False | metadata=False
Cell C9 | value='-' | fill=00000000 | rows=[8] | cols=[2] | col_header=False | row_header=False | metadata=False
Cell D9 | value='-' | fill=00000000 | rows=[8] | cols=[3] | col_header=False | row_header=False | metadata=False
Cell E9 | value='-' | fill=00000000 | rows=[8] | cols=[4] | col_header=False | row_header=False | metadata=False
Cell F9 | value='-' | fill=00000000 | rows=[8] | cols=[5] | col_header=False | row_header=False | metadata=False
Cell G9 | value='-' | fill=00000000 | rows=[8] | cols=[6] | col_header=False | row_header=False | metadata=False
Cell H9 | value='-' | fill=00000000 | rows=[8] | cols=[7] | col_header=False | row_header=False | metadata=False
Cell I9 | value='-' | fill=00000000 | rows=[8] | cols=[8] | col_header=False | row_header=False | metadata=False
Cell J9 | value='-' | fill=00000000 | rows=[8] | cols=[9] | col_header=False | row_header=False | metadata=False
Cell K9 | value='-' | fill=00000000 | rows=[8] | cols=[10] | col_header=False | row_header=False | metadata=False
Cell A10 | value='Dog' | fill=47 | rows=[9] | cols=[0] | col_header=False | row_header=False | metadata=False
Cell B10 | value='-' | fill=47 | rows=[9] | cols=[1] | col_header=False | row_header=False | metadata=False
Cell C10 | value='-' | fill=47 | rows=[9] | cols=[2] | col_header=False | row_header=False | metadata=False
Cell D10 | value='-' | fill=47 | rows=[9] | cols=[3] | col_header=False | row_header=False | metadata=False
Cell E10 | value='-' | fill=47 | rows=[9] | cols=[4] | col_header=False | row_header=False | metadata=False
Cell F10 | value='-' | fill=47 | rows=[9] | cols=[5] | col_header=False | row_header=False | metadata=False
Cell G10 | value='-' | fill=47 | rows=[9] | cols=[6] | col_header=False | row_header=False | metadata=False
Cell H10 | value='-' | fill=47 | rows=[9] | cols=[7] | col_header=False | row_header=False | metadata=False
Cell I10 | value='-' | fill=47 | rows=[9] | cols=[8] | col_header=False | row_header=False | metadata=False
Cell J10 | value='-' | fill=47 | rows=[9] | cols=[9] | col_header=False | row_header=False | metadata=False
Cell K10 | value='-' | fill=47 | rows=[9] | cols=[10] | col_header=False | row_header=False | metadata=False
Cell A11 | value='Other carnivore' | fill=00000000 | rows=[10] | cols=[0] | col_header=False | row_header=False | metadata=False
Cell B11 | value='-' | fill=00000000 | rows=[10] | cols=[1] | col_header=False | row_header=False | metadata=False
Cell C11 | value='-' | fill=00000000 | rows=[10] | cols=[2] | col_header=False | row_header=False | metadata=False
Cell D11 | value='-' | fill=00000000 | rows=[10] | cols=[3] | col_header=False | row_header=False | metadata=False
Cell E11 | value='-' | fill=00000000 | rows=[10] | cols=[4] | col_header=False | row_header=False | metadata=False
Cell F11 | value='-' | fill=00000000 | rows=[10] | cols=[5] | col_header=False | row_header=False | metadata=False
Cell G11 | value='-' | fill=00000000 | rows=[10] | cols=[6] | col_header=False | row_header=False | metadata=False
Cell H11 | value='-' | fill=00000000 | rows=[10] | cols=[7] | col_header=False | row_header=False | metadata=False
Cell I11 | value='-' | fill=00000000 | rows=[10] | cols=[8] | col_header=False | row_header=False | metadata=False
Cell J11 | value='-' | fill=00000000 | rows=[10] | cols=[9] | col_header=False | row_header=False | metadata=False
Cell K11 | value='-' | fill=00000000 | rows=[10] | cols=[10] | col_header=False | row_header=False | metadata=False
Cell A12 | value='Horse and other equids' | fill=47 | rows=[11] | cols=[0] | col_header=False | row_header=False | metadata=False
Cell B12 | value='0' | fill=47 | rows=[11] | cols=[1] | col_header=False | row_header=False | metadata=False
Cell C12 | value='-' | fill=47 | rows=[11] | cols=[2] | col_header=False | row_header=False | metadata=False
Cell D12 | value='-' | fill=47 | rows=[11] | cols=[3] | col_header=False | row_header=False | metadata=False
Cell E12 | value='-' | fill=47 | rows=[11] | cols=[4] | col_header=False | row_header=False | metadata=False
Cell F12 | value='-' | fill=47 | rows=[11] | cols=[5] | col_header=False | row_header=False | metadata=False
Cell G12 | value='-' | fill=47 | rows=[11] | cols=[6] | col_header=False | row_header=False | metadata=False
Cell H12 | value='-' | fill=47 | rows=[11] | cols=[7] | col_header=False | row_header=False | metadata=False
Cell I12 | value='-' | fill=47 | rows=[11] | cols=[8] | col_header=False | row_header=False | metadata=False
Cell J12 | value='-' | fill=47 | rows=[11] | cols=[9] | col_header=False | row_header=False | metadata=False
Cell K12 | value='-' | fill=47 | rows=[11] | cols=[10] | col_header=False | row_header=False | metadata=False
Cell A13 | value='Pigs, sheep & all other ungulates' | fill=00000000 | rows=[12] | cols=[0] | col_header=False | row_header=False | metadata=False
Cell B13 | value='0' | fill=00000000 | rows=[12] | cols=[1] | col_header=False | row_header=False | metadata=False
Cell C13 | value='0' | fill=00000000 | rows=[12] | cols=[2] | col_header=False | row_header=False | metadata=False
Cell D13 | value='0' | fill=00000000 | rows=[12] | cols=[3] | col_header=False | row_header=False | metadata=False
Cell E13 | value='0' | fill=00000000 | rows=[12] | cols=[4] | col_header=False | row_header=False | metadata=False
Cell F13 | value='0' | fill=00000000 | rows=[12] | cols=[5] | col_header=False | row_header=False | metadata=False
Cell G13 | value='0' | fill=00000000 | rows=[12] | cols=[6] | col_header=False | row_header=False | metadata=False
Cell H13 | value='0' | fill=00000000 | rows=[12] | cols=[7] | col_header=False | row_header=False | metadata=False
Cell I13 | value='-' | fill=00000000 | rows=[12] | cols=[8] | col_header=False | row_header=False | metadata=False
Cell J13 | value='-' | fill=00000000 | rows=[12] | cols=[9] | col_header=False | row_header=False | metadata=False
Cell K13 | value='-' | fill=00000000 | rows=[12] | cols=[10] | col_header=False | row_header=False | metadata=False
Cell A14 | value='New World monkey' | fill=47 | rows=[13] | cols=[0] | col_header=False | row_header=False | metadata=False
Cell B14 | value='-' | fill=47 | rows=[13] | cols=[1] | col_header=False | row_header=False | metadata=False
Cell C14 | value='-' | fill=47 | rows=[13] | cols=[2] | col_header=False | row_header=False | metadata=False
Cell D14 | value='-' | fill=47 | rows=[13] | cols=[3] | col_header=False | row_header=False | metadata=False
Cell E14 | value='-' | fill=47 | rows=[13] | cols=[4] | col_header=False | row_header=False | metadata=False
Cell F14 | value='-' | fill=47 | rows=[13] | cols=[5] | col_header=False | row_header=False | metadata=False
Cell G14 | value='-' | fill=47 | rows=[13] | cols=[6] | col_header=False | row_header=False | metadata=False
Cell H14 | value='-' | fill=47 | rows=[13] | cols=[7] | col_header=False | row_header=False | metadata=False
Cell I14 | value='-' | fill=47 | rows=[13] | cols=[8] | col_header=False | row_header=False | metadata=False
Cell J14 | value='-' | fill=47 | rows=[13] | cols=[9] | col_header=False | row_header=False | metadata=False
Cell K14 | value='-' | fill=47 | rows=[13] | cols=[10] | col_header=False | row_header=False | metadata=False
Cell A15 | value='Old World monkey' | fill=00000000 | rows=[14] | cols=[0] | col_header=False | row_header=False | metadata=False
Cell B15 | value='-' | fill=00000000 | rows=[14] | cols=[1] | col_header=False | row_header=False | metadata=False
Cell C15 | value='-' | fill=00000000 | rows=[14] | cols=[2] | col_header=False | row_header=False | metadata=False
Cell D15 | value='-' | fill=00000000 | rows=[14] | cols=[3] | col_header=False | row_header=False | metadata=False
Cell E15 | value='-' | fill=00000000 | rows=[14] | cols=[4] | col_header=False | row_header=False | metadata=False
Cell F15 | value='-' | fill=00000000 | rows=[14] | cols=[5] | col_header=False | row_header=False | metadata=False
Cell G15 | value='-' | fill=00000000 | rows=[14] | cols=[6] | col_header=False | row_header=False | metadata=False
Cell H15 | value='-' | fill=00000000 | rows=[14] | cols=[7] | col_header=False | row_header=False | metadata=False
Cell I15 | value='-' | fill=00000000 | rows=[14] | cols=[8] | col_header=False | row_header=False | metadata=False
Cell J15 | value='-' | fill=00000000 | rows=[14] | cols=[9] | col_header=False | row_header=False | metadata=False
Cell K15 | value='-' | fill=00000000 | rows=[14] | cols=[10] | col_header=False | row_header=False | metadata=False
Cell A16 | value='Bird' | fill=47 | rows=[15] | cols=[0] | col_header=False | row_header=False | metadata=False
Cell B16 | value='-' | fill=47 | rows=[15] | cols=[1] | col_header=False | row_header=False | metadata=False
Cell C16 | value='-' | fill=47 | rows=[15] | cols=[2] | col_header=False | row_header=False | metadata=False
Cell D16 | value='-' | fill=47 | rows=[15] | cols=[3] | col_header=False | row_header=False | metadata=False
Cell E16 | value='-' | fill=47 | rows=[15] | cols=[4] | col_header=False | row_header=False | metadata=False
Cell F16 | value='-' | fill=47 | rows=[15] | cols=[5] | col_header=False | row_header=False | metadata=False
Cell G16 | value='-' | fill=47 | rows=[15] | cols=[6] | col_header=False | row_header=False | metadata=False
Cell H16 | value='-' | fill=47 | rows=[15] | cols=[7] | col_header=False | row_header=False | metadata=False
Cell I16 | value='-' | fill=47 | rows=[15] | cols=[8] | col_header=False | row_header=False | metadata=False
Cell J16 | value='-' | fill=47 | rows=[15] | cols=[9] | col_header=False | row_header=False | metadata=False
Cell K16 | value='-' | fill=47 | rows=[15] | cols=[10] | col_header=False | row_header=False | metadata=False
Cell A17 | value='Reptile / Amphibian' | fill=00000000 | rows=[16] | cols=[0] | col_header=False | row_header=False | metadata=False
Cell B17 | value='0' | fill=00000000 | rows=[16] | cols=[1] | col_header=False | row_header=False | metadata=False
Cell C17 | value='-' | fill=00000000 | rows=[16] | cols=[2] | col_header=False | row_header=False | metadata=False
Cell D17 | value='-' | fill=00000000 | rows=[16] | cols=[3] | col_header=False | row_header=False | metadata=False
Cell E17 | value='-' | fill=00000000 | rows=[16] | cols=[4] | col_header=False | row_header=False | metadata=False
Cell F17 | value='-' | fill=00000000 | rows=[16] | cols=[5] | col_header=False | row_header=False | metadata=False
Cell G17 | value='-' | fill=00000000 | rows=[16] | cols=[6] | col_header=False | row_header=False | metadata=False
Cell H17 | value='-' | fill=00000000 | rows=[16] | cols=[7] | col_header=False | row_header=False | metadata=False
Cell I17 | value='-' | fill=00000000 | rows=[16] | cols=[8] | col_header=False | row_header=False | metadata=False
Cell J17 | value='-' | fill=00000000 | rows=[16] | cols=[9] | col_header=False | row_header=False | metadata=False
Cell K17 | value='-' | fill=00000000 | rows=[16] | cols=[10] | col_header=False | row_header=False | metadata=False
Cell A18 | value='Fish' | fill=47 | rows=[17] | cols=[0] | col_header=False | row_header=False | metadata=False
Cell B18 | value='-' | fill=47 | rows=[17] | cols=[1] | col_header=False | row_header=False | metadata=False
Cell C18 | value='-' | fill=47 | rows=[17] | cols=[2] | col_header=False | row_header=False | metadata=False
Cell D18 | value='103' | fill=47 | rows=[17] | cols=[3] | col_header=False | row_header=False | metadata=False
Cell E18 | value='-' | fill=47 | rows=[17] | cols=[4] | col_header=False | row_header=False | metadata=False
Cell F18 | value='-' | fill=47 | rows=[17] | cols=[5] | col_header=False | row_header=False | metadata=False
Cell G18 | value='-' | fill=47 | rows=[17] | cols=[6] | col_header=False | row_header=False | metadata=False
Cell H18 | value='240' | fill=47 | rows=[17] | cols=[7] | col_header=False | row_header=False | metadata=False
Cell I18 | value='-' | fill=47 | rows=[17] | cols=[8] | col_header=False | row_header=False | metadata=False
Cell J18 | value='-' | fill=47 | rows=[17] | cols=[9] | col_header=False | row_header=False | metadata=False
Cell K18 | value='-' | fill=47 | rows=[17] | cols=[10] | col_header=False | row_header=False | metadata=False
Cell A19 | value='Total' | fill=FF00B050 | rows=[18] | cols=[0] | col_header=False | row_header=True | metadata=False
Cell B19 | value='426' | fill=43 | rows=[18] | cols=[1] | col_header=False | row_header=False | metadata=False
Cell C19 | value='2566' | fill=43 | rows=[18] | cols=[2] | col_header=False | row_header=False | metadata=False
Cell D19 | value='226' | fill=43 | rows=[18] | cols=[3] | col_header=False | row_header=False | metadata=False
Cell E19 | value='0' | fill=43 | rows=[18] | cols=[4] | col_header=False | row_header=False | metadata=False
Cell F19 | value='58' | fill=43 | rows=[18] | cols=[5] | col_header=False | row_header=False | metadata=False
Cell G19 | value='140' | fill=43 | rows=[18] | cols=[6] | col_header=False | row_header=False | metadata=False
Cell H19 | value='428' | fill=43 | rows=[18] | cols=[7] | col_header=False | row_header=False | metadata=False
Cell I19 | value='9' | fill=43 | rows=[18] | cols=[8] | col_header=False | row_header=False | metadata=False
Cell J19 | value='380' | fill=43 | rows=[18] | cols=[9] | col_header=False | row_header=False | metadata=False
Cell K19 | value='0' | fill=43 | rows=[18] | cols=[10] | col_header=False | row_header=False | metadata=False

