=== religion-table10.xlsx ===
Cell A1 | value='AJ19 England and Wales' | fill=00000000 | rows=[0, 1, 2] | cols=[0, 1] | col_header=True | row_header=True | metadata=False
Cell C1 | value='zero' | fill=FFFFFF00 | rows=[0] | cols=[2, 3, 4, 5, 6, 7] | col_header=True | row_header=False | metadata=False
Cell K1 | value='ADJUSTMENT FACTOR' | fill=FF00B0F0 | rows=[0] | cols=[10, 11, 12, 13, 14, 15, 16] | col_header=False | row_header=False | metadata=True
Cell C2 | value='Zero hours contract' | fill=00000000 | rows=[1] | cols=[2, 3, 4] | col_header=False | row_header=False | metadata=False
Cell F2 | value='No' | fill=00000000 | rows=[1] | cols=[5, 6, 7] | col_header=False | row_header=False | metadata=False
Cell M2 | value='Economic activity (reported) from MM05' | fill=FFFFFF00 | rows=[1] | cols=[12, 13, 14, 15, 16] | col_header=True | row_header=False | metadata=False
Cell C3 | value='Count' | fill=FFFFFF00 | rows=[2] | cols=[2] | col_header=True | row_header=False | metadata=False
Cell D3 | value='Unweighted Count' | fill=FFFFFF00 | rows=[2] | cols=[3] | col_header=True | row_header=False | metadata=False
Cell E3 | value='Row N %' | fill=FFFFFF00 | rows=[2] | cols=[4] | col_header=True | row_header=False | metadata=False
Cell F3 | value='Count' | fill=FFFFFF00 | rows=[2] | cols=[5] | col_header=True | row_header=False | metadata=False
Cell G3 | value='Unweighted Count' | fill=FFFFFF00 | rows=[2] | cols=[6] | col_header=True | row_header=False | metadata=False
Cell H3 | value='Row N %' | fill=FFFFFF00 | rows=[2] | cols=[7] | col_header=True | row_header=False | metadata=False
Cell M3 | value='In employment' | fill=00000000 | rows=[2] | cols=[12] | col_header=False | row_header=False | metadata=False
Cell N3 | value='ILO unemployed' | fill=00000000 | rows=[2] | cols=[13] | col_header=False | row_header=False | metadata=False
Cell O3 | value='Inactive' | fill=00000000 | rows=[2] | cols=[14] | col_header=False | row_header=False | metadata=False
Cell P3 | value='Under 16' | fill=00000000 | rows=[2] | cols=[15] | col_header=False | row_header=False | metadata=False
Cell Q3 | value='Total' | fill=00000000 | rows=[2] | cols=[16] | col_header=False | row_header=False | metadata=False
Cell V3 | value='Adj factor' | fill=FFFFFF00 | rows=[2] | cols=[21] | col_header=True | row_header=False | metadata=False
Cell X3 | value='Total' | fill=FFFFFF00 | rows=[2] | cols=[23] | col_header=True | row_header=False | metadata=False
Cell Y3 | value='% zero hour' | fill=FFFFFF00 | rows=[2] | cols=[24] | col_header=True | row_header=False | metadata=False
Cell A4 | value='religion' | fill=FF00B050 | rows=[3, 4, 5, 6, 7, 8, 9, 10, 11, 12] | cols=[0] | col_header=False | row_header=True | metadata=False
Cell B4 | value='.00' | fill=00000000 | rows=[3] | cols=[1] | col_header=False | row_header=False | metadata=False
Cell C4 | value='2004' | fill=00000000 | rows=[3] | cols=[2] | col_header=False | row_header=False | metadata=False
Cell D4 | value='2' | fill=00000000 | rows=[3] | cols=[3] | col_header=False | row_header=False | metadata=False
Cell E4 | value='0.0276307081403044' | fill=00000000 | rows=[3] | cols=[4] | col_header=False | row_header=False | metadata=False
Cell F4 | value='70524' | fill=00000000 | rows=[3] | cols=[5] | col_header=False | row_header=False | metadata=False
Cell G4 | value='70' | fill=00000000 | rows=[3] | cols=[6] | col_header=False | row_header=False | metadata=False
Cell H4 | value='0.972369291859696' | fill=00000000 | rows=[3] | cols=[7] | col_header=False | row_header=False | metadata=False
Cell M4 | value='Count' | fill=FFFFFF00 | rows=[3] | cols=[12] | col_header=True | row_header=False | metadata=False
Cell N4 | value='Count' | fill=FFFFFF00 | rows=[3] | cols=[13] | col_header=True | row_header=False | metadata=False
Cell O4 | value='Count' | fill=FFFFFF00 | rows=[3] | cols=[14] | col_header=True | row_header=False | metadata=False
Cell P4 | value='Count' | fill=FFFFFF00 | rows=[3] | cols=[15] | col_header=True | row_header=False | metadata=False
Cell Q4 | value='Count' | fill=FFFFFF00 | rows=[3] | cols=[16] | col_header=True | row_header=False | metadata=False
Cell U4 | value='.00' | fill=00000000 | rows=[3] | cols=[20] | col_header=False | row_header=False | metadata=False
Cell V4 | value='2577.81073721566' | fill=00000000 | rows=[3] | cols=[21] | col_header=False | row_header=False | metadata=False
Cell W4 | value='2' | fill=00000000 | rows=[3] | cols=[22] | col_header=False | row_header=False | metadata=False
Cell X4 | value='72528' | fill=00000000 | rows=[3] | cols=[23] | col_header=False | row_header=False | metadata=False
Cell Y4 | value='3.6' | fill=00000000 | rows=[3] | cols=[24] | col_header=False | row_header=False | metadata=False
Cell B5 | value='No religion' | fill=00000000 | rows=[4] | cols=[1] | col_header=False | row_header=False | metadata=False
Cell C5 | value='254239' | fill=00000000 | rows=[4] | cols=[2] | col_header=False | row_header=False | metadata=False
Cell D5 | value='299' | fill=00000000 | rows=[4] | cols=[3] | col_header=False | row_header=False | metadata=False
Cell E5 | value='0.0199789899160084' | fill=00000000 | rows=[4] | cols=[4] | col_header=False | row_header=False | metadata=False
Cell F5 | value='12471079' | fill=00000000 | rows=[4] | cols=[5] | col_header=False | row_header=False | metadata=False
Cell G5 | value='15205' | fill=00000000 | rows=[4] | cols=[6] | col_header=False | row_header=False | metadata=False
Cell H5 | value='0.980021010083992' | fill=00000000 | rows=[4] | cols=[7] | col_header=False | row_header=False | metadata=False
Cell K5 | value='Individual outcome' | fill=FF00B050 | rows=[4, 5, 6, 7, 8, 9, 10] | cols=[10] | col_header=False | row_header=True | metadata=False
Cell L5 | value='Personal response' | fill=00000000 | rows=[4] | cols=[11] | col_header=False | row_header=False | metadata=False
Cell M5 | value='14196841' | fill=00000000 | rows=[4] | cols=[12] | col_header=False | row_header=False | metadata=False
Cell N5 | value='545905' | fill=00000000 | rows=[4] | cols=[13] | col_header=False | row_header=False | metadata=False
Cell O5 | value='3631463' | fill=00000000 | rows=[4] | cols=[14] | col_header=False | row_header=False | metadata=False
Cell P5 | value='0' | fill=00000000 | rows=[4] | cols=[15] | col_header=False | row_header=False | metadata=False
Cell Q5 | value='18374209' | fill=00000000 | rows=[4] | cols=[16] | col_header=False | row_header=False | metadata=False
Cell U5 | value='No religion' | fill=00000000 | rows=[4] | cols=[20] | col_header=False | row_header=False | metadata=False
Cell V5 | value='327035.940129227' | fill=00000000 | rows=[4] | cols=[21] | col_header=False | row_header=False | metadata=False
Cell W5 | value='299' | fill=00000000 | rows=[4] | cols=[22] | col_header=False | row_header=False | metadata=False
Cell X5 | value='12725318' | fill=00000000 | rows=[4] | cols=[23] | col_header=False | row_header=False | metadata=False
Cell Y5 | value='2.6' | fill=00000000 | rows=[4] | cols=[24] | col_header=False | row_header=False | metadata=False
Cell B6 | value='Christian' | fill=00000000 | rows=[5] | cols=[1] | col_header=False | row_header=False | metadata=False
Cell C6 | value='281010' | fill=00000000 | rows=[5] | cols=[2] | col_header=False | row_header=False | metadata=False
Cell D6 | value='341' | fill=00000000 | rows=[5] | cols=[3] | col_header=False | row_header=False | metadata=False
Cell E6 | value='0.022174376722941' | fill=00000000 | rows=[5] | cols=[4] | col_header=False | row_header=False | metadata=False
Cell F6 | value='12391725' | fill=00000000 | rows=[5] | cols=[5] | col_header=False | row_header=False | metadata=False
Cell G6 | value='15520' | fill=00000000 | rows=[5] | cols=[6] | col_header=False | row_header=False | metadata=False
Cell H6 | value='0.977825623277059' | fill=00000000 | rows=[5] | cols=[7] | col_header=False | row_header=False | metadata=False
Cell L6 | value='Proxy response' | fill=00000000 | rows=[5] | cols=[11] | col_header=False | row_header=False | metadata=False
Cell M6 | value='7522421' | fill=00000000 | rows=[5] | cols=[12] | col_header=False | row_header=False | metadata=False
Cell N6 | value='294852' | fill=00000000 | rows=[5] | cols=[13] | col_header=False | row_header=False | metadata=False
Cell O6 | value='2379095' | fill=00000000 | rows=[5] | cols=[14] | col_header=False | row_header=False | metadata=False
Cell P6 | value='0' | fill=00000000 | rows=[5] | cols=[15] | col_header=False | row_header=False | metadata=False
Cell Q6 | value='10196368' | fill=00000000 | rows=[5] | cols=[16] | col_header=False | row_header=False | metadata=False
Cell U6 | value='Christian' | fill=00000000 | rows=[5] | cols=[20] | col_header=False | row_header=False | metadata=False
Cell V6 | value='361472.352926633' | fill=00000000 | rows=[5] | cols=[21] | col_header=False | row_header=False | metadata=False
Cell W6 | value='341' | fill=00000000 | rows=[5] | cols=[22] | col_header=False | row_header=False | metadata=False
Cell X6 | value='12672735' | fill=00000000 | rows=[5] | cols=[23] | col_header=False | row_header=False | metadata=False
Cell Y6 | value='2.9' | fill=00000000 | rows=[5] | cols=[24] | col_header=False | row_header=False | metadata=False
Cell B7 | value='Buddhist' | fill=00000000 | rows=[6] | cols=[1] | col_header=False | row_header=False | metadata=False
Cell C7 | value='2153' | fill=00000000 | rows=[6] | cols=[2] | col_header=False | row_header=False | metadata=False
Cell D7 | value='3' | fill=00000000 | rows=[6] | cols=[3] | col_header=False | row_header=False | metadata=False
Cell E7 | value='0.017690607462429' | fill=00000000 | rows=[6] | cols=[4] | col_header=False | row_header=False | metadata=False
Cell F7 | value='119550' | fill=00000000 | rows=[6] | cols=[5] | col_header=False | row_header=False | metadata=False
Cell G7 | value='131' | fill=00000000 | rows=[6] | cols=[6] | col_header=False | row_header=False | metadata=False
Cell H7 | value='0.982309392537571' | fill=00000000 | rows=[6] | cols=[7] | col_header=False | row_header=False | metadata=False
Cell L7 | value='Non-response' | fill=00000000 | rows=[6] | cols=[11] | col_header=False | row_header=False | metadata=False
Cell M7 | value='0' | fill=00000000 | rows=[6] | cols=[12] | col_header=False | row_header=False | metadata=False
Cell N7 | value='0' | fill=00000000 | rows=[6] | cols=[13] | col_header=False | row_header=False | metadata=False
Cell O7 | value='0' | fill=00000000 | rows=[6] | cols=[14] | col_header=False | row_header=False | metadata=False
Cell P7 | value='0' | fill=00000000 | rows=[6] | cols=[15] | col_header=False | row_header=False | metadata=False
Cell Q7 | value='0' | fill=00000000 | rows=[6] | cols=[16] | col_header=False | row_header=False | metadata=False
Cell U7 | value='Buddhist' | fill=00000000 | rows=[6] | cols=[20] | col_header=False | row_header=False | metadata=False
Cell V7 | value='2769.47430999267' | fill=00000000 | rows=[6] | cols=[21] | col_header=False | row_header=False | metadata=False
Cell W7 | value='3' | fill=00000000 | rows=[6] | cols=[22] | col_header=False | row_header=False | metadata=False
Cell X7 | value='121703' | fill=00000000 | rows=[6] | cols=[23] | col_header=False | row_header=False | metadata=False
Cell Y7 | value='2.3' | fill=00000000 | rows=[6] | cols=[24] | col_header=False | row_header=False | metadata=False
Cell B8 | value='Hindu' | fill=00000000 | rows=[7] | cols=[1] | col_header=False | row_header=False | metadata=False
Cell C8 | value='8333' | fill=00000000 | rows=[7] | cols=[2] | col_header=False | row_header=False | metadata=False
Cell D8 | value='10' | fill=00000000 | rows=[7] | cols=[3] | col_header=False | row_header=False | metadata=False
Cell E8 | value='0.0162963339604414' | fill=00000000 | rows=[7] | cols=[4] | col_header=False | row_header=False | metadata=False
Cell F8 | value='503009' | fill=00000000 | rows=[7] | cols=[5] | col_header=False | row_header=False | metadata=False
Cell G8 | value='530' | fill=00000000 | rows=[7] | cols=[6] | col_header=False | row_header=False | metadata=False
Cell H8 | value='0.983703666039559' | fill=00000000 | rows=[7] | cols=[7] | col_header=False | row_header=False | metadata=False
Cell L8 | value='Child under 16' | fill=00000000 | rows=[7] | cols=[11] | col_header=False | row_header=False | metadata=False
Cell M8 | value='0' | fill=00000000 | rows=[7] | cols=[12] | col_header=False | row_header=False | metadata=False
Cell N8 | value='0' | fill=00000000 | rows=[7] | cols=[13] | col_header=False | row_header=False | metadata=False
Cell O8 | value='0' | fill=00000000 | rows=[7] | cols=[14] | col_header=False | row_header=False | metadata=False
Cell P8 | value='0' | fill=00000000 | rows=[7] | cols=[15] | col_header=False | row_header=False | metadata=False
Cell Q8 | value='0' | fill=00000000 | rows=[7] | cols=[16] | col_header=False | row_header=False | metadata=False
Cell U8 | value='Hindu' | fill=00000000 | rows=[7] | cols=[20] | col_header=False | row_header=False | metadata=False
Cell V8 | value='10719.0104157775' | fill=00000000 | rows=[7] | cols=[21] | col_header=False | row_header=False | metadata=False
Cell W8 | value='10' | fill=00000000 | rows=[7] | cols=[22] | col_header=False | row_header=False | metadata=False
Cell X8 | value='511342' | fill=00000000 | rows=[7] | cols=[23] | col_header=False | row_header=False | metadata=False
Cell Y8 | value='2.1' | fill=00000000 | rows=[7] | cols=[24] | col_header=False | row_header=False | metadata=False
Cell B9 | value='Jewish' | fill=00000000 | rows=[8] | cols=[1] | col_header=False | row_header=False | metadata=False
Cell C9 | value='688' | fill=00000000 | rows=[8] | cols=[2] | col_header=False | row_header=False | metadata=False
Cell D9 | value='1' | fill=00000000 | rows=[8] | cols=[3] | col_header=False | row_header=False | metadata=False
Cell E9 | value='0.00513099703923572' | fill=00000000 | rows=[8] | cols=[4] | col_header=False | row_header=False | metadata=False
Cell F9 | value='133399' | fill=00000000 | rows=[8] | cols=[5] | col_header=False | row_header=False | metadata=False
Cell G9 | value='141' | fill=00000000 | rows=[8] | cols=[6] | col_header=False | row_header=False | metadata=False
Cell H9 | value='0.994869002960764' | fill=00000000 | rows=[8] | cols=[7] | col_header=False | row_header=False | metadata=False
Cell L9 | value='Data bf from previous quarter' | fill=00000000 | rows=[8] | cols=[11] | col_header=False | row_header=False | metadata=False
Cell M9 | value='6218935' | fill=00000000 | rows=[8] | cols=[12] | col_header=False | row_header=False | metadata=False
Cell N9 | value='314967' | fill=00000000 | rows=[8] | cols=[13] | col_header=False | row_header=False | metadata=False
Cell O9 | value='1609191' | fill=00000000 | rows=[8] | cols=[14] | col_header=False | row_header=False | metadata=False
Cell P9 | value='0' | fill=00000000 | rows=[8] | cols=[15] | col_header=False | row_header=False | metadata=False
Cell Q9 | value='8143093' | fill=00000000 | rows=[8] | cols=[16] | col_header=False | row_header=False | metadata=False
Cell S9 | value='AJ19 England and Wales' | fill=00000000 | rows=[8] | cols=[18] | col_header=False | row_header=False | metadata=False
Cell U9 | value='Jewish' | fill=00000000 | rows=[8] | cols=[20] | col_header=False | row_header=False | metadata=False
Cell V9 | value='884.996899802581' | fill=00000000 | rows=[8] | cols=[21] | col_header=False | row_header=False | metadata=False
Cell W9 | value='1' | fill=00000000 | rows=[8] | cols=[22] | col_header=False | row_header=False | metadata=False
Cell X9 | value='134087' | fill=00000000 | rows=[8] | cols=[23] | col_header=False | row_header=False | metadata=False
Cell Y9 | value='0.7' | fill=00000000 | rows=[8] | cols=[24] | col_header=False | row_header=False | metadata=False
Cell B10 | value='Muslim' | fill=00000000 | rows=[9] | cols=[1] | col_header=False | row_header=False | metadata=False
Cell C10 | value='34245' | fill=00000000 | rows=[9] | cols=[2] | col_header=False | row_header=False | metadata=False
Cell D10 | value='38' | fill=00000000 | rows=[9] | cols=[3] | col_header=False | row_header=False | metadata=False
Cell E10 | value='0.031835705633372' | fill=00000000 | rows=[9] | cols=[4] | col_header=False | row_header=False | metadata=False
Cell F10 | value='1041434' | fill=00000000 | rows=[9] | cols=[5] | col_header=False | row_header=False | metadata=False
Cell G10 | value='1112' | fill=00000000 | rows=[9] | cols=[6] | col_header=False | row_header=False | metadata=False
Cell H10 | value='0.968164294366628' | fill=00000000 | rows=[9] | cols=[7] | col_header=False | row_header=False | metadata=False
Cell L10 | value='Economically inactive 70+' | fill=00000000 | rows=[9] | cols=[11] | col_header=False | row_header=False | metadata=False
Cell M10 | value='0' | fill=00000000 | rows=[9] | cols=[12] | col_header=False | row_header=False | metadata=False
Cell N10 | value='0' | fill=00000000 | rows=[9] | cols=[13] | col_header=False | row_header=False | metadata=False
Cell O10 | value='0' | fill=00000000 | rows=[9] | cols=[14] | col_header=False | row_header=False | metadata=False
Cell P10 | value='0' | fill=00000000 | rows=[9] | cols=[15] | col_header=False | row_header=False | metadata=False
Cell Q10 | value='0' | fill=00000000 | rows=[9] | cols=[16] | col_header=False | row_header=False | metadata=False
Cell S10 | value='1.28633270320143' | fill=00000000 | rows=[9] | cols=[18] | col_header=False | row_header=False | metadata=False
Cell U10 | value='Muslim' | fill=00000000 | rows=[9] | cols=[20] | col_header=False | row_header=False | metadata=False
Cell V10 | value='44050.4634211328' | fill=00000000 | rows=[9] | cols=[21] | col_header=False | row_header=False | metadata=False
Cell W10 | value='38' | fill=00000000 | rows=[9] | cols=[22] | col_header=False | row_header=False | metadata=False
Cell X10 | value='1075679' | fill=00000000 | rows=[9] | cols=[23] | col_header=False | row_header=False | metadata=False
Cell Y10 | value='4.1' | fill=00000000 | rows=[9] | cols=[24] | col_header=False | row_header=False | metadata=False
Cell B11 | value='Sikh' | fill=00000000 | rows=[10] | cols=[1] | col_header=False | row_header=False | metadata=False
Cell C11 | value='2536' | fill=00000000 | rows=[10] | cols=[2] | col_header=False | row_header=False | metadata=False
Cell D11 | value='4' | fill=00000000 | rows=[10] | cols=[3] | col_header=False | row_header=False | metadata=False
Cell E11 | value='0.014845515319682' | fill=00000000 | rows=[10] | cols=[4] | col_header=False | row_header=False | metadata=False
Cell F11 | value='168290' | fill=00000000 | rows=[10] | cols=[5] | col_header=False | row_header=False | metadata=False
Cell G11 | value='184' | fill=00000000 | rows=[10] | cols=[6] | col_header=False | row_header=False | metadata=False
Cell H11 | value='0.985154484680318' | fill=00000000 | rows=[10] | cols=[7] | col_header=False | row_header=False | metadata=False
Cell L11 | value='Total' | fill=00000000 | rows=[10] | cols=[11] | col_header=False | row_header=False | metadata=False
Cell M11 | value='27938197' | fill=00000000 | rows=[10] | cols=[12] | col_header=False | row_header=False | metadata=False
Cell N11 | value='1155724' | fill=00000000 | rows=[10] | cols=[13] | col_header=False | row_header=False | metadata=False
Cell O11 | value='7619749' | fill=00000000 | rows=[10] | cols=[14] | col_header=False | row_header=False | metadata=False
Cell P11 | value='0' | fill=00000000 | rows=[10] | cols=[15] | col_header=False | row_header=False | metadata=False
Cell Q11 | value='36713670' | fill=00000000 | rows=[10] | cols=[16] | col_header=False | row_header=False | metadata=False
Cell U11 | value='Sikh' | fill=00000000 | rows=[10] | cols=[20] | col_header=False | row_header=False | metadata=False
Cell V11 | value='3262.13973531882' | fill=00000000 | rows=[10] | cols=[21] | col_header=False | row_header=False | metadata=False
Cell W11 | value='4' | fill=00000000 | rows=[10] | cols=[22] | col_header=False | row_header=False | metadata=False
Cell X11 | value='170826' | fill=00000000 | rows=[10] | cols=[23] | col_header=False | row_header=False | metadata=False
Cell Y11 | value='1.9' | fill=00000000 | rows=[10] | cols=[24] | col_header=False | row_header=False | metadata=False
Cell B12 | value='Any other religion' | fill=00000000 | rows=[11] | cols=[1] | col_header=False | row_header=False | metadata=False
Cell C12 | value='9985' | fill=00000000 | rows=[11] | cols=[2] | col_header=False | row_header=False | metadata=False
Cell D12 | value='12' | fill=00000000 | rows=[11] | cols=[3] | col_header=False | row_header=False | metadata=False
Cell E12 | value='0.0219944094330355' | fill=00000000 | rows=[11] | cols=[4] | col_header=False | row_header=False | metadata=False
Cell F12 | value='443994' | fill=00000000 | rows=[11] | cols=[5] | col_header=False | row_header=False | metadata=False
Cell G12 | value='517' | fill=00000000 | rows=[11] | cols=[6] | col_header=False | row_header=False | metadata=False
Cell H12 | value='0.978005590566965' | fill=00000000 | rows=[11] | cols=[7] | col_header=False | row_header=False | metadata=False
Cell U12 | value='Any other religion' | fill=00000000 | rows=[11] | cols=[20] | col_header=False | row_header=False | metadata=False
Cell V12 | value='12844.0320414662' | fill=00000000 | rows=[11] | cols=[21] | col_header=False | row_header=False | metadata=False
Cell W12 | value='12' | fill=00000000 | rows=[11] | cols=[22] | col_header=False | row_header=False | metadata=False
Cell X12 | value='453979' | fill=00000000 | rows=[11] | cols=[23] | col_header=False | row_header=False | metadata=False
Cell Y12 | value='2.8' | fill=00000000 | rows=[11] | cols=[24] | col_header=False | row_header=False | metadata=False
Cell B13 | value='Total' | fill=00000000 | rows=[12] | cols=[1] | col_header=False | row_header=False | metadata=False
Cell C13 | value='595193' | fill=00000000 | rows=[12] | cols=[2] | col_header=False | row_header=False | metadata=False
Cell D13 | value='710' | fill=00000000 | rows=[12] | cols=[3] | col_header=False | row_header=False | metadata=False
Cell E13 | value='0.0213039159255696' | fill=00000000 | rows=[12] | cols=[4] | col_header=False | row_header=False | metadata=False
Cell F13 | value='27343004' | fill=00000000 | rows=[12] | cols=[5] | col_header=False | row_header=False | metadata=False
Cell G13 | value='33410' | fill=00000000 | rows=[12] | cols=[6] | col_header=False | row_header=False | metadata=False
Cell H13 | value='0.97869608407443' | fill=00000000 | rows=[12] | cols=[7] | col_header=False | row_header=False | metadata=False
Cell M13 | value='Not feasible due to poor sample sizes' | fill=FF00B0F0 | rows=[12] | cols=[12] | col_header=False | row_header=False | metadata=True
Cell U13 | value='Total' | fill=00000000 | rows=[12] | cols=[20] | col_header=False | row_header=False | metadata=False
Cell V13 | value='765616.220616566' | fill=00000000 | rows=[12] | cols=[21] | col_header=False | row_header=False | metadata=False
Cell W13 | value='710' | fill=00000000 | rows=[12] | cols=[22] | col_header=False | row_header=False | metadata=False
Cell X13 | value='27938197' | fill=00000000 | rows=[12] | cols=[23] | col_header=False | row_header=False | metadata=False
Cell Y13 | value='2.7' | fill=00000000 | rows=[12] | cols=[24] | col_header=False | row_header=False | metadata=False

