=== society-table68.xlsx ===
Cell D1 | value='JSA Sanction Decision Level' | fill=FF00B0F0 | rows=[0] | cols=[3, 4, 5, 6, 7, 8, 9, 10, 11, 12, 13, 14, 15, 16, 17, 18, 19, 20, 21, 22] | col_header=False | row_header=False | metadata=True
Cell D2 | value='Low' | fill=22 | rows=[1] | cols=[3, 4, 5, 6, 7] | col_header=False | row_header=False | metadata=False
Cell I2 | value='Intermediate' | fill=22 | rows=[1] | cols=[8, 9, 10, 11, 12] | col_header=False | row_header=False | metadata=False
Cell N2 | value='High' | fill=22 | rows=[1] | cols=[13, 14, 15, 16, 17] | col_header=False | row_header=False | metadata=False
Cell S2 | value='Level not applicable / not recorded' | fill=22 | rows=[1] | cols=[18, 19, 20, 21, 22] | col_header=False | row_header=False | metadata=False
Cell D3 | value='Non-adverse decisions4' | fill=FFFFFF00 | rows=[2] | cols=[3] | col_header=True | row_header=False | metadata=False
Cell E3 | value='Adverse decisions5' | fill=FFFFFF00 | rows=[2] | cols=[4] | col_header=True | row_header=False | metadata=False
Cell F3 | value='Reserved decisions6' | fill=FFFFFF00 | rows=[2] | cols=[5] | col_header=True | row_header=False | metadata=False
Cell G3 | value='Cancelled decisions7' | fill=FFFFFF00 | rows=[2] | cols=[6] | col_header=True | row_header=False | metadata=False
Cell H3 | value='Total decisions' | fill=FFFFFF00 | rows=[2] | cols=[7] | col_header=True | row_header=False | metadata=False
Cell I3 | value='Non-adverse decisions4' | fill=FFFFFF00 | rows=[2] | cols=[8] | col_header=True | row_header=False | metadata=False
Cell J3 | value='Adverse decisions5' | fill=FFFFFF00 | rows=[2] | cols=[9] | col_header=True | row_header=False | metadata=False
Cell K3 | value='Reserved decisions6' | fill=FFFFFF00 | rows=[2] | cols=[10] | col_header=True | row_header=False | metadata=False
Cell L3 | value='Cancelled decisions7' | fill=FFFFFF00 | rows=[2] | cols=[11] | col_header=True | row_header=False | metadata=False
Cell M3 | value='Total decisions' | fill=FFFFFF00 | rows=[2] | cols=[12] | col_header=True | row_header=False | metadata=False
Cell N3 | value='Non-adverse decisions4' | fill=FFFFFF00 | rows=[2] | cols=[13] | col_header=True | row_header=False | metadata=False
Cell O3 | value='Adverse decisions5' | fill=FFFFFF00 | rows=[2] | cols=[14] | col_header=True | row_header=False | metadata=False
Cell P3 | value='Reserved decisions6' | fill=FFFFFF00 | rows=[2] | cols=[15] | col_header=True | row_header=False | metadata=False
Cell Q3 | value='Cancelled decisions7' | fill=FFFFFF00 | rows=[2] | cols=[16] | col_header=True | row_header=False | metadata=False
Cell R3 | value='Total decisions' | fill=FFFFFF00 | rows=[2] | cols=[17] | col_header=True | row_header=False | metadata=False
Cell S3 | value='Non-adverse decisions4' | fill=FFFFFF00 | rows=[2] | cols=[18] | col_header=True | row_header=False | metadata=False
Cell T3 | value='Adverse decisions5' | fill=FFFFFF00 | rows=[2] | cols=[19] | col_header=True | row_header=False | metadata=False
Cell U3 | value='Reserved decisions6' | fill=FFFFFF00 | rows=[2] | cols=[20] | col_header=True | row_header=False | metadata=False
Cell V3 | value='Cancelled decisions7' | fill=FFFFFF00 | rows=[2] | cols=[21] | col_header=True | row_header=False | metadata=False
Cell W3 | value='Total decisions' | fill=FFFFFF00 | rows=[2] | cols=[22] | col_header=True | row_header=False | metadata=False
Cell A4 | value='GREAT BRITAIN' | fill=00000000 | rows=[3] | cols=[0, 1, 2] | col_header=False | row_header=False | metadata=False
Cell D4 | value='342027' | fill=9 | rows=[3] | cols=[3] | col_header=False | row_header=False | metadata=False
Cell E4 | value='439317' | fill=9 | rows=[3] | cols=[4] | col_header=False | row_header=False | metadata=False
Cell F4 | value='65267' | fill=9 | rows=[3] | cols=[5] | col_header=False | row_header=False | metadata=False
Cell G4 | value='387855' | fill=9 | rows=[3] | cols=[6] | col_header=False | row_header=False | metadata=False
Cell H4 | value='1234463' | fill=9 | rows=[3] | cols=[7] | col_header=False | row_header=False | metadata=False
Cell I4 | value='74733' | fill=9 | rows=[3] | cols=[8] | col_header=False | row_header=False | metadata=False
Cell J4 | value='304634' | fill=9 | rows=[3] | cols=[9] | col_header=False | row_header=False | metadata=False
Cell K4 | value='532' | fill=00000000 | rows=[3] | cols=[10] | col_header=False | row_header=False | metadata=False
Cell L4 | value='25186' | fill=9 | rows=[3] | cols=[11] | col_header=False | row_header=False | metadata=False
Cell M4 | value='405085' | fill=9 | rows=[3] | cols=[12] | col_header=False | row_header=False | metadata=False
Cell N4 | value='135435' | fill=9 | rows=[3] | cols=[13] | col_header=False | row_header=False | metadata=False
Cell O4 | value='72908' | fill=9 | rows=[3] | cols=[14] | col_header=False | row_header=False | metadata=False
Cell P4 | value='29036' | fill=9 | rows=[3] | cols=[15] | col_header=False | row_header=False | metadata=False
Cell Q4 | value='44472' | fill=9 | rows=[3] | cols=[16] | col_header=False | row_header=False | metadata=False
Cell R4 | value='281852' | fill=9 | rows=[3] | cols=[17] | col_header=False | row_header=False | metadata=False
Cell S4 | value='855' | fill=9 | rows=[3] | cols=[18] | col_header=False | row_header=False | metadata=False
Cell T4 | value='684' | fill=9 | rows=[3] | cols=[19] | col_header=False | row_header=False | metadata=False
Cell U4 | value='-' | fill=9 | rows=[3] | cols=[20] | col_header=False | row_header=False | metadata=False
Cell V4 | value='7586' | fill=9 | rows=[3] | cols=[21] | col_header=False | row_header=False | metadata=False
Cell W4 | value='9119' | fill=9 | rows=[3] | cols=[22] | col_header=False | row_header=False | metadata=False
Cell A5 | value='Central England' | fill=9 | rows=[4] | cols=[0] | col_header=False | row_header=False | metadata=False
Cell B6 | value='Birmingham and Solihull' | fill=9 | rows=[5] | cols=[1] | col_header=False | row_header=False | metadata=False
Cell D6 | value='12109' | fill=9 | rows=[5] | cols=[3] | col_header=False | row_header=False | metadata=False
Cell E6 | value='12938' | fill=9 | rows=[5] | cols=[4] | col_header=False | row_header=False | metadata=False
Cell F6 | value='1182' | fill=9 | rows=[5] | cols=[5] | col_header=False | row_header=False | metadata=False
Cell G6 | value='7681' | fill=9 | rows=[5] | cols=[6] | col_header=False | row_header=False | metadata=False
Cell H6 | value='33910' | fill=9 | rows=[5] | cols=[7] | col_header=False | row_header=False | metadata=False
Cell I6 | value='3541' | fill=9 | rows=[5] | cols=[8] | col_header=False | row_header=False | metadata=False
Cell J6 | value='9695' | fill=9 | rows=[5] | cols=[9] | col_header=False | row_header=False | metadata=False
Cell K6 | value='5' | fill=00000000 | rows=[5] | cols=[10] | col_header=False | row_header=False | metadata=False
Cell L6 | value='875' | fill=9 | rows=[5] | cols=[11] | col_header=False | row_header=False | metadata=False
Cell M6 | value='14121' | fill=9 | rows=[5] | cols=[12] | col_header=False | row_header=False | metadata=False
Cell N6 | value='4636' | fill=9 | rows=[5] | cols=[13] | col_header=False | row_header=False | metadata=False
Cell O6 | value='2200' | fill=9 | rows=[5] | cols=[14] | col_header=False | row_header=False | metadata=False
Cell P6 | value='1034' | fill=9 | rows=[5] | cols=[15] | col_header=False | row_header=False | metadata=False
Cell Q6 | value='2193' | fill=9 | rows=[5] | cols=[16] | col_header=False | row_header=False | metadata=False
Cell R6 | value='10064' | fill=9 | rows=[5] | cols=[17] | col_header=False | row_header=False | metadata=False
Cell S6 | value='9' | fill=9 | rows=[5] | cols=[18] | col_header=False | row_header=False | metadata=False
Cell T6 | value='5' | fill=9 | rows=[5] | cols=[19] | col_header=False | row_header=False | metadata=False
Cell U6 | value='-' | fill=9 | rows=[5] | cols=[20] | col_header=False | row_header=False | metadata=False
Cell V6 | value='19' | fill=9 | rows=[5] | cols=[21] | col_header=False | row_header=False | metadata=False
Cell W6 | value='33' | fill=9 | rows=[5] | cols=[22] | col_header=False | row_header=False | metadata=False
Cell B7 | value='Black Country' | fill=9 | rows=[6] | cols=[1] | col_header=False | row_header=False | metadata=False
Cell D7 | value='7891' | fill=9 | rows=[6] | cols=[3] | col_header=False | row_header=False | metadata=False
Cell E7 | value='10773' | fill=9 | rows=[6] | cols=[4] | col_header=False | row_header=False | metadata=False
Cell F7 | value='664' | fill=9 | rows=[6] | cols=[5] | col_header=False | row_header=False | metadata=False
Cell G7 | value='6430' | fill=9 | rows=[6] | cols=[6] | col_header=False | row_header=False | metadata=False
Cell H7 | value='25757' | fill=9 | rows=[6] | cols=[7] | col_header=False | row_header=False | metadata=False
Cell I7 | value='3569' | fill=9 | rows=[6] | cols=[8] | col_header=False | row_header=False | metadata=False
Cell J7 | value='16745' | fill=9 | rows=[6] | cols=[9] | col_header=False | row_header=False | metadata=False
Cell K7 | value='9' | fill=00000000 | rows=[6] | cols=[10] | col_header=False | row_header=False | metadata=False
Cell L7 | value='653' | fill=9 | rows=[6] | cols=[11] | col_header=False | row_header=False | metadata=False
Cell M7 | value='20972' | fill=9 | rows=[6] | cols=[12] | col_header=False | row_header=False | metadata=False
Cell N7 | value='4016' | fill=9 | rows=[6] | cols=[13] | col_header=False | row_header=False | metadata=False
Cell O7 | value='2213' | fill=9 | rows=[6] | cols=[14] | col_header=False | row_header=False | metadata=False
Cell P7 | value='613' | fill=9 | rows=[6] | cols=[15] | col_header=False | row_header=False | metadata=False
Cell Q7 | value='1518' | fill=9 | rows=[6] | cols=[16] | col_header=False | row_header=False | metadata=False
Cell R7 | value='8362' | fill=9 | rows=[6] | cols=[17] | col_header=False | row_header=False | metadata=False
Cell S7 | value='17' | fill=9 | rows=[6] | cols=[18] | col_header=False | row_header=False | metadata=False
Cell T7 | value='15' | fill=9 | rows=[6] | cols=[19] | col_header=False | row_header=False | metadata=False
Cell U7 | value='-' | fill=9 | rows=[6] | cols=[20] | col_header=False | row_header=False | metadata=False
Cell V7 | value='32' | fill=9 | rows=[6] | cols=[21] | col_header=False | row_header=False | metadata=False
Cell W7 | value='57' | fill=9 | rows=[6] | cols=[22] | col_header=False | row_header=False | metadata=False
Cell B8 | value='Derbyshire' | fill=9 | rows=[7] | cols=[1] | col_header=False | row_header=False | metadata=False
Cell D8 | value='6405' | fill=9 | rows=[7] | cols=[3] | col_header=False | row_header=False | metadata=False
Cell E8 | value='8883' | fill=9 | rows=[7] | cols=[4] | col_header=False | row_header=False | metadata=False
Cell F8 | value='1614' | fill=9 | rows=[7] | cols=[5] | col_header=False | row_header=False | metadata=False
Cell G8 | value='9670' | fill=9 | rows=[7] | cols=[6] | col_header=False | row_header=False | metadata=False
Cell H8 | value='26570' | fill=9 | rows=[7] | cols=[7] | col_header=False | row_header=False | metadata=False
Cell I8 | value='2340' | fill=9 | rows=[7] | cols=[8] | col_header=False | row_header=False | metadata=False
Cell J8 | value='11243' | fill=9 | rows=[7] | cols=[9] | col_header=False | row_header=False | metadata=False
Cell K8 | value='35' | fill=00000000 | rows=[7] | cols=[10] | col_header=False | row_header=False | metadata=False
Cell L8 | value='1120' | fill=9 | rows=[7] | cols=[11] | col_header=False | row_header=False | metadata=False
Cell M8 | value='14738' | fill=9 | rows=[7] | cols=[12] | col_header=False | row_header=False | metadata=False
Cell N8 | value='2713' | fill=9 | rows=[7] | cols=[13] | col_header=False | row_header=False | metadata=False
Cell O8 | value='1817' | fill=9 | rows=[7] | cols=[14] | col_header=False | row_header=False | metadata=False
Cell P8 | value='351' | fill=9 | rows=[7] | cols=[15] | col_header=False | row_header=False | metadata=False
Cell Q8 | value='843' | fill=9 | rows=[7] | cols=[16] | col_header=False | row_header=False | metadata=False
Cell R8 | value='5723' | fill=9 | rows=[7] | cols=[17] | col_header=False | row_header=False | metadata=False
Cell S8 | value='5' | fill=9 | rows=[7] | cols=[18] | col_header=False | row_header=False | metadata=False
Cell T8 | value='17' | fill=9 | rows=[7] | cols=[19] | col_header=False | row_header=False | metadata=False
Cell U8 | value='-' | fill=9 | rows=[7] | cols=[20] | col_header=False | row_header=False | metadata=False
Cell V8 | value='606' | fill=9 | rows=[7] | cols=[21] | col_header=False | row_header=False | metadata=False
Cell W8 | value='626' | fill=9 | rows=[7] | cols=[22] | col_header=False | row_header=False | metadata=False
Cell B9 | value='East Anglia' | fill=9 | rows=[8] | cols=[1] | col_header=False | row_header=False | metadata=False
Cell D9 | value='11160' | fill=9 | rows=[8] | cols=[3] | col_header=False | row_header=False | metadata=False
Cell E9 | value='15255' | fill=9 | rows=[8] | cols=[4] | col_header=False | row_header=False | metadata=False
Cell F9 | value='3414' | fill=9 | rows=[8] | cols=[5] | col_header=False | row_header=False | metadata=False
Cell G9 | value='12266' | fill=9 | rows=[8] | cols=[6] | col_header=False | row_header=False | metadata=False
Cell H9 | value='42090' | fill=9 | rows=[8] | cols=[7] | col_header=False | row_header=False | metadata=False
Cell I9 | value='2292' | fill=9 | rows=[8] | cols=[8] | col_header=False | row_header=False | metadata=False
Cell J9 | value='8735' | fill=9 | rows=[8] | cols=[9] | col_header=False | row_header=False | metadata=False
Cell K9 | value='9' | fill=00000000 | rows=[8] | cols=[10] | col_header=False | row_header=False | metadata=False
Cell L9 | value='670' | fill=9 | rows=[8] | cols=[11] | col_header=False | row_header=False | metadata=False
Cell M9 | value='11709' | fill=9 | rows=[8] | cols=[12] | col_header=False | row_header=False | metadata=False
Cell N9 | value='5808' | fill=9 | rows=[8] | cols=[13] | col_header=False | row_header=False | metadata=False
Cell O9 | value='2915' | fill=9 | rows=[8] | cols=[14] | col_header=False | row_header=False | metadata=False
Cell P9 | value='930' | fill=9 | rows=[8] | cols=[15] | col_header=False | row_header=False | metadata=False
Cell Q9 | value='1123' | fill=9 | rows=[8] | cols=[16] | col_header=False | row_header=False | metadata=False
Cell R9 | value='10776' | fill=9 | rows=[8] | cols=[17] | col_header=False | row_header=False | metadata=False
Cell S9 | value='17' | fill=9 | rows=[8] | cols=[18] | col_header=False | row_header=False | metadata=False
Cell T9 | value='11' | fill=9 | rows=[8] | cols=[19] | col_header=False | row_header=False | metadata=False
Cell U9 | value='-' | fill=9 | rows=[8] | cols=[20] | col_header=False | row_header=False | metadata=False
Cell V9 | value='375' | fill=9 | rows=[8] | cols=[21] | col_header=False | row_header=False | metadata=False
Cell W9 | value='406' | fill=9 | rows=[8] | cols=[22] | col_header=False | row_header=False | metadata=False
Cell B10 | value='Leicestershire and Northamptonshire' | fill=9 | rows=[9] | cols=[1] | col_header=False | row_header=False | metadata=False
Cell D10 | value='8498' | fill=9 | rows=[9] | cols=[3] | col_header=False | row_header=False | metadata=False
Cell E10 | value='8485' | fill=9 | rows=[9] | cols=[4] | col_header=False | row_header=False | metadata=False
Cell F10 | value='1350' | fill=9 | rows=[9] | cols=[5] | col_header=False | row_header=False | metadata=False
Cell G10 | value='8565' | fill=9 | rows=[9] | cols=[6] | col_header=False | row_header=False | metadata=False
Cell H10 | value='26901' | fill=9 | rows=[9] | cols=[7] | col_header=False | row_header=False | metadata=False
Cell I10 | value='1612' | fill=9 | rows=[9] | cols=[8] | col_header=False | row_header=False | metadata=False
Cell J10 | value='6890' | fill=9 | rows=[9] | cols=[9] | col_header=False | row_header=False | metadata=False
Cell K10 | value='8' | fill=00000000 | rows=[9] | cols=[10] | col_header=False | row_header=False | metadata=False
Cell L10 | value='260' | fill=9 | rows=[9] | cols=[11] | col_header=False | row_header=False | metadata=False
Cell M10 | value='8776' | fill=9 | rows=[9] | cols=[12] | col_header=False | row_header=False | metadata=False
Cell N10 | value='4174' | fill=9 | rows=[9] | cols=[13] | col_header=False | row_header=False | metadata=False
Cell O10 | value='2157' | fill=9 | rows=[9] | cols=[14] | col_header=False | row_header=False | metadata=False
Cell P10 | value='433' | fill=9 | rows=[9] | cols=[15] | col_header=False | row_header=False | metadata=False
Cell Q10 | value='637' | fill=9 | rows=[9] | cols=[16] | col_header=False | row_header=False | metadata=False
Cell R10 | value='7400' | fill=9 | rows=[9] | cols=[17] | col_header=False | row_header=False | metadata=False
Cell S10 | value='11' | fill=9 | rows=[9] | cols=[18] | col_header=False | row_header=False | metadata=False
Cell T10 | value='10' | fill=9 | rows=[9] | cols=[19] | col_header=False | row_header=False | metadata=False
Cell U10 | value='-' | fill=9 | rows=[9] | cols=[20] | col_header=False | row_header=False | metadata=False
Cell V10 | value='226' | fill=9 | rows=[9] | cols=[21] | col_header=False | row_header=False | metadata=False
Cell W10 | value='244' | fill=9 | rows=[9] | cols=[22] | col_header=False | row_header=False | metadata=False
Cell B11 | value='Lincolnshire, Nottinghamshire and Rutland' | fill=9 | rows=[10] | cols=[1] | col_header=False | row_header=False | metadata=False
Cell D11 | value='12258' | fill=9 | rows=[10] | cols=[3] | col_header=False | row_header=False | metadata=False
Cell E11 | value='13119' | fill=9 | rows=[10] | cols=[4] | col_header=False | row_header=False | metadata=False
Cell F11 | value='2012' | fill=9 | rows=[10] | cols=[5] | col_header=False | row_header=False | metadata=False
Cell G11 | value='12565' | fill=9 | rows=[10] | cols=[6] | col_header=False | row_header=False | metadata=False
Cell H11 | value='39951' | fill=9 | rows=[10] | cols=[7] | col_header=False | row_header=False | metadata=False
Cell I11 | value='1327' | fill=9 | rows=[10] | cols=[8] | col_header=False | row_header=False | metadata=False
Cell J11 | value='5660' | fill=9 | rows=[10] | cols=[9] | col_header=False | row_header=False | metadata=False
Cell K11 | value='7' | fill=00000000 | rows=[10] | cols=[10] | col_header=False | row_header=False | metadata=False
Cell L11 | value='435' | fill=9 | rows=[10] | cols=[11] | col_header=False | row_header=False | metadata=False
Cell M11 | value='7431' | fill=9 | rows=[10] | cols=[12] | col_header=False | row_header=False | metadata=False
Cell N11 | value='4463' | fill=9 | rows=[10] | cols=[13] | col_header=False | row_header=False | metadata=False
Cell O11 | value='2347' | fill=9 | rows=[10] | cols=[14] | col_header=False | row_header=False | metadata=False
Cell P11 | value='374' | fill=9 | rows=[10] | cols=[15] | col_header=False | row_header=False | metadata=False
Cell Q11 | value='595' | fill=9 | rows=[10] | cols=[16] | col_header=False | row_header=False | metadata=False
Cell R11 | value='7776' | fill=9 | rows=[10] | cols=[17] | col_header=False | row_header=False | metadata=False
Cell S11 | value='18' | fill=9 | rows=[10] | cols=[18] | col_header=False | row_header=False | metadata=False
Cell T11 | value='16' | fill=9 | rows=[10] | cols=[19] | col_header=False | row_header=False | metadata=False
Cell U11 | value='-' | fill=9 | rows=[10] | cols=[20] | col_header=False | row_header=False | metadata=False
Cell V11 | value='357' | fill=9 | rows=[10] | cols=[21] | col_header=False | row_header=False | metadata=False
Cell W11 | value='387' | fill=9 | rows=[10] | cols=[22] | col_header=False | row_header=False | metadata=False
Cell B12 | value='Mercia' | fill=9 | rows=[11] | cols=[1] | col_header=False | row_header=False | metadata=False
Cell D12 | value='6477' | fill=9 | rows=[11] | cols=[3] | col_header=False | row_header=False | metadata=False
Cell E12 | value='7890' | fill=9 | rows=[11] | cols=[4] | col_header=False | row_header=False | metadata=False
Cell F12 | value='1057' | fill=9 | rows=[11] | cols=[5] | col_header=False | row_header=False | metadata=False
Cell G12 | value='6589' | fill=9 | rows=[11] | cols=[6] | col_header=False | row_header=False | metadata=False
Cell H12 | value='22017' | fill=9 | rows=[11] | cols=[7] | col_header=False | row_header=False | metadata=False
Cell I12 | value='3398' | fill=9 | rows=[11] | cols=[8] | col_header=False | row_header=False | metadata=False
Cell J12 | value='11522' | fill=9 | rows=[11] | cols=[9] | col_header=False | row_header=False | metadata=False
Cell K12 | value='5' | fill=00000000 | rows=[11] | cols=[10] | col_header=False | row_header=False | metadata=False
Cell L12 | value='638' | fill=9 | rows=[11] | cols=[11] | col_header=False | row_header=False | metadata=False
Cell M12 | value='15564' | fill=9 | rows=[11] | cols=[12] | col_header=False | row_header=False | metadata=False
Cell N12 | value='4204' | fill=9 | rows=[11] | cols=[13] | col_header=False | row_header=False | metadata=False
Cell O12 | value='1783' | fill=9 | rows=[11] | cols=[14] | col_header=False | row_header=False | metadata=False
Cell P12 | value='680' | fill=9 | rows=[11] | cols=[15] | col_header=False | row_header=False | metadata=False
Cell Q12 | value='1289' | fill=9 | rows=[11] | cols=[16] | col_header=False | row_header=False | metadata=False
Cell R12 | value='7952' | fill=9 | rows=[11] | cols=[17] | col_header=False | row_header=False | metadata=False
Cell S12 | value='11' | fill=9 | rows=[11] | cols=[18] | col_header=False | row_header=False | metadata=False
Cell T12 | value='10' | fill=9 | rows=[11] | cols=[19] | col_header=False | row_header=False | metadata=False
Cell U12 | value='-' | fill=9 | rows=[11] | cols=[20] | col_header=False | row_header=False | metadata=False
Cell V12 | value='32' | fill=9 | rows=[11] | cols=[21] | col_header=False | row_header=False | metadata=False
Cell W12 | value='47' | fill=9 | rows=[11] | cols=[22] | col_header=False | row_header=False | metadata=False
Cell B13 | value='Staffordshire and Shropshire' | fill=9 | rows=[12] | cols=[1] | col_header=False | row_header=False | metadata=False
Cell D13 | value='6982' | fill=9 | rows=[12] | cols=[3] | col_header=False | row_header=False | metadata=False
Cell E13 | value='8865' | fill=9 | rows=[12] | cols=[4] | col_header=False | row_header=False | metadata=False
Cell F13 | value='1346' | fill=9 | rows=[12] | cols=[5] | col_header=False | row_header=False | metadata=False
Cell G13 | value='6951' | fill=9 | rows=[12] | cols=[6] | col_header=False | row_header=False | metadata=False
Cell H13 | value='24148' | fill=9 | rows=[12] | cols=[7] | col_header=False | row_header=False | metadata=False
Cell I13 | value='1947' | fill=9 | rows=[12] | cols=[8] | col_header=False | row_header=False | metadata=False
Cell J13 | value='7233' | fill=9 | rows=[12] | cols=[9] | col_header=False | row_header=False | metadata=False
Cell K13 | value='8' | fill=00000000 | rows=[12] | cols=[10] | col_header=False | row_header=False | metadata=False
Cell L13 | value='473' | fill=9 | rows=[12] | cols=[11] | col_header=False | row_header=False | metadata=False
Cell M13 | value='9663' | fill=9 | rows=[12] | cols=[12] | col_header=False | row_header=False | metadata=False
Cell N13 | value='4615' | fill=9 | rows=[12] | cols=[13] | col_header=False | row_header=False | metadata=False
Cell O13 | value='2202' | fill=9 | rows=[12] | cols=[14] | col_header=False | row_header=False | metadata=False
Cell P13 | value='827' | fill=9 | rows=[12] | cols=[15] | col_header=False | row_header=False | metadata=False
Cell Q13 | value='1361' | fill=9 | rows=[12] | cols=[16] | col_header=False | row_header=False | metadata=False
Cell R13 | value='9008' | fill=9 | rows=[12] | cols=[17] | col_header=False | row_header=False | metadata=False
Cell S13 | value='15' | fill=9 | rows=[12] | cols=[18] | col_header=False | row_header=False | metadata=False
Cell T13 | value='17' | fill=9 | rows=[12] | cols=[19] | col_header=False | row_header=False | metadata=False
Cell U13 | value='-' | fill=9 | rows=[12] | cols=[20] | col_header=False | row_header=False | metadata=False
Cell V13 | value='21' | fill=9 | rows=[12] | cols=[21] | col_header=False | row_header=False | metadata=False
Cell W13 | value='54' | fill=9 | rows=[12] | cols=[22] | col_header=False | row_header=False | metadata=False
Cell A15 | value='London and the Home Counties' | fill=9 | rows=[14] | cols=[0] | col_header=False | row_header=False | metadata=False
Cell B16 | value='Bedfordshire and Hertfordshire' | fill=9 | rows=[15] | cols=[1] | col_header=False | row_header=False | metadata=False
Cell D16 | value='5917' | fill=9 | rows=[15] | cols=[3] | col_header=False | row_header=False | metadata=False
Cell E16 | value='10630' | fill=9 | rows=[15] | cols=[4] | col_header=False | row_header=False | metadata=False
Cell F16 | value='1754' | fill=9 | rows=[15] | cols=[5] | col_header=False | row_header=False | metadata=False
Cell G16 | value='8769' | fill=9 | rows=[15] | cols=[6] | col_header=False | row_header=False | metadata=False
Cell H16 | value='27071' | fill=9 | rows=[15] | cols=[7] | col_header=False | row_header=False | metadata=False
Cell I16 | value='558' | fill=9 | rows=[15] | cols=[8] | col_header=False | row_header=False | metadata=False
Cell J16 | value='6069' | fill=9 | rows=[15] | cols=[9] | col_header=False | row_header=False | metadata=False
Cell K16 | value='35' | fill=00000000 | rows=[15] | cols=[10] | col_header=False | row_header=False | metadata=False
Cell L16 | value='330' | fill=9 | rows=[15] | cols=[11] | col_header=False | row_header=False | metadata=False
Cell M16 | value='6994' | fill=9 | rows=[15] | cols=[12] | col_header=False | row_header=False | metadata=False
Cell N16 | value='2026' | fill=9 | rows=[15] | cols=[13] | col_header=False | row_header=False | metadata=False
Cell O16 | value='953' | fill=9 | rows=[15] | cols=[14] | col_header=False | row_header=False | metadata=False
Cell P16 | value='368' | fill=9 | rows=[15] | cols=[15] | col_header=False | row_header=False | metadata=False
Cell Q16 | value='783' | fill=9 | rows=[15] | cols=[16] | col_header=False | row_header=False | metadata=False
Cell R16 | value='4131' | fill=9 | rows=[15] | cols=[17] | col_header=False | row_header=False | metadata=False
Cell S16 | value='6' | fill=9 | rows=[15] | cols=[18] | col_header=False | row_header=False | metadata=False
Cell T16 | value='-' | fill=00000000 | rows=[15] | cols=[19] | col_header=False | row_header=False | metadata=False
Cell U16 | value='-' | fill=00000000 | rows=[15] | cols=[20] | col_header=False | row_header=False | metadata=False
Cell V16 | value='77' | fill=9 | rows=[15] | cols=[21] | col_header=False | row_header=False | metadata=False
Cell W16 | value='82' | fill=9 | rows=[15] | cols=[22] | col_header=False | row_header=False | metadata=False
Cell B17 | value='East London' | fill=9 | rows=[16] | cols=[1] | col_header=False | row_header=False | metadata=False
Cell D17 | value='13697' | fill=9 | rows=[16] | cols=[3] | col_header=False | row_header=False | metadata=False
Cell E17 | value='21458' | fill=9 | rows=[16] | cols=[4] | col_header=False | row_header=False | metadata=False
Cell F17 | value='2775' | fill=9 | rows=[16] | cols=[5] | col_header=False | row_header=False | metadata=False
Cell G17 | value='20329' | fill=9 | rows=[16] | cols=[6] | col_header=False | row_header=False | metadata=False
Cell H17 | value='58260' | fill=9 | rows=[16] | cols=[7] | col_header=False | row_header=False | metadata=False
Cell I17 | value='2922' | fill=9 | rows=[16] | cols=[8] | col_header=False | row_header=False | metadata=False
Cell J17 | value='15617' | fill=9 | rows=[16] | cols=[9] | col_header=False | row_header=False | metadata=False
Cell K17 | value='23' | fill=00000000 | rows=[16] | cols=[10] | col_header=False | row_header=False | metadata=False
Cell L17 | value='1136' | fill=9 | rows=[16] | cols=[11] | col_header=False | row_header=False | metadata=False
Cell M17 | value='19704' | fill=9 | rows=[16] | cols=[12] | col_header=False | row_header=False | metadata=False
Cell N17 | value='3215' | fill=9 | rows=[16] | cols=[13] | col_header=False | row_header=False | metadata=False
Cell O17 | value='2253' | fill=9 | rows=[16] | cols=[14] | col_header=False | row_header=False | metadata=False
Cell P17 | value='1030' | fill=9 | rows=[16] | cols=[15] | col_header=False | row_header=False | metadata=False
Cell Q17 | value='1690' | fill=9 | rows=[16] | cols=[16] | col_header=False | row_header=False | metadata=False
Cell R17 | value='8188' | fill=9 | rows=[16] | cols=[17] | col_header=False | row_header=False | metadata=False
Cell S17 | value='5' | fill=9 | rows=[16] | cols=[18] | col_header=False | row_header=False | metadata=False
Cell T17 | value='14' | fill=9 | rows=[16] | cols=[19] | col_header=False | row_header=False | metadata=False
Cell U17 | value='-' | fill=00000000 | rows=[16] | cols=[20] | col_header=False | row_header=False | metadata=False
Cell V17 | value='665' | fill=9 | rows=[16] | cols=[21] | col_header=False | row_header=False | metadata=False
Cell W17 | value='686' | fill=9 | rows=[16] | cols=[22] | col_header=False | row_header=False | metadata=False
Cell B18 | value='Essex' | fill=9 | rows=[17] | cols=[1] | col_header=False | row_header=False | metadata=False
Cell D18 | value='7682' | fill=9 | rows=[17] | cols=[3] | col_header=False | row_header=False | metadata=False
Cell E18 | value='10832' | fill=9 | rows=[17] | cols=[4] | col_header=False | row_header=False | metadata=False
Cell F18 | value='2533' | fill=9 | rows=[17] | cols=[5] | col_header=False | row_header=False | metadata=False
Cell G18 | value='9149' | fill=9 | rows=[17] | cols=[6] | col_header=False | row_header=False | metadata=False
Cell H18 | value='30197' | fill=9 | rows=[17] | cols=[7] | col_header=False | row_header=False | metadata=False
Cell I18 | value='1908' | fill=9 | rows=[17] | cols=[8] | col_header=False | row_header=False | metadata=False
Cell J18 | value='5021' | fill=9 | rows=[17] | cols=[9] | col_header=False | row_header=False | metadata=False
Cell K18 | value='0' | fill=00000000 | rows=[17] | cols=[10] | col_header=False | row_header=False | metadata=False
Cell L18 | value='438' | fill=9 | rows=[17] | cols=[11] | col_header=False | row_header=False | metadata=False
Cell M18 | value='7375' | fill=9 | rows=[17] | cols=[12] | col_header=False | row_header=False | metadata=False
Cell N18 | value='2389' | fill=9 | rows=[17] | cols=[13] | col_header=False | row_header=False | metadata=False
Cell O18 | value='1362' | fill=9 | rows=[17] | cols=[14] | col_header=False | row_header=False | metadata=False
Cell P18 | value='572' | fill=9 | rows=[17] | cols=[15] | col_header=False | row_header=False | metadata=False
Cell Q18 | value='849' | fill=9 | rows=[17] | cols=[16] | col_header=False | row_header=False | metadata=False
Cell R18 | value='5173' | fill=9 | rows=[17] | cols=[17] | col_header=False | row_header=False | metadata=False
Cell S18 | value='0' | fill=9 | rows=[17] | cols=[18] | col_header=False | row_header=False | metadata=False
Cell T18 | value='6' | fill=9 | rows=[17] | cols=[19] | col_header=False | row_header=False | metadata=False
Cell U18 | value='-' | fill=00000000 | rows=[17] | cols=[20] | col_header=False | row_header=False | metadata=False
Cell V18 | value='106' | fill=9 | rows=[17] | cols=[21] | col_header=False | row_header=False | metadata=False
Cell W18 | value='111' | fill=9 | rows=[17] | cols=[22] | col_header=False | row_header=False | metadata=False
Cell B19 | value='Kent' | fill=9 | rows=[18] | cols=[1] | col_header=False | row_header=False | metadata=False
Cell D19 | value='7550' | fill=9 | rows=[18] | cols=[3] | col_header=False | row_header=False | metadata=False
Cell E19 | value='8215' | fill=9 | rows=[18] | cols=[4] | col_header=False | row_header=False | metadata=False
Cell F19 | value='961' | fill=9 | rows=[18] | cols=[5] | col_header=False | row_header=False | metadata=False
Cell G19 | value='6262' | fill=9 | rows=[18] | cols=[6] | col_header=False | row_header=False | metadata=False
Cell H19 | value='22996' | fill=9 | rows=[18] | cols=[7] | col_header=False | row_header=False | metadata=False
Cell I19 | value='2294' | fill=9 | rows=[18] | cols=[8] | col_header=False | row_header=False | metadata=False
Cell J19 | value='9774' | fill=9 | rows=[18] | cols=[9] | col_header=False | row_header=False | metadata=False
Cell K19 | value='16' | fill=00000000 | rows=[18] | cols=[10] | col_header=False | row_header=False | metadata=False
Cell L19 | value='777' | fill=9 | rows=[18] | cols=[11] | col_header=False | row_header=False | metadata=False
Cell M19 | value='12856' | fill=9 | rows=[18] | cols=[12] | col_header=False | row_header=False | metadata=False
Cell N19 | value='3570' | fill=9 | rows=[18] | cols=[13] | col_header=False | row_header=False | metadata=False
Cell O19 | value='2006' | fill=9 | rows=[18] | cols=[14] | col_header=False | row_header=False | metadata=False
Cell P19 | value='913' | fill=9 | rows=[18] | cols=[15] | col_header=False | row_header=False | metadata=False
Cell Q19 | value='1248' | fill=9 | rows=[18] | cols=[16] | col_header=False | row_header=False | metadata=False
Cell R19 | value='7738' | fill=9 | rows=[18] | cols=[17] | col_header=False | row_header=False | metadata=False
Cell S19 | value='13' | fill=9 | rows=[18] | cols=[18] | col_header=False | row_header=False | metadata=False
Cell T19 | value='8' | fill=9 | rows=[18] | cols=[19] | col_header=False | row_header=False | metadata=False
Cell U19 | value='-' | fill=00000000 | rows=[18] | cols=[20] | col_header=False | row_header=False | metadata=False
Cell V19 | value='23' | fill=9 | rows=[18] | cols=[21] | col_header=False | row_header=False | metadata=False
Cell W19 | value='45' | fill=9 | rows=[18] | cols=[22] | col_header=False | row_header=False | metadata=False
Cell B20 | value='North London' | fill=9 | rows=[19] | cols=[1] | col_header=False | row_header=False | metadata=False
Cell D20 | value='5517' | fill=9 | rows=[19] | cols=[3] | col_header=False | row_header=False | metadata=False
Cell E20 | value='9418' | fill=9 | rows=[19] | cols=[4] | col_header=False | row_header=False | metadata=False
Cell F20 | value='1591' | fill=9 | rows=[19] | cols=[5] | col_header=False | row_header=False | metadata=False
Cell G20 | value='5863' | fill=9 | rows=[19] | cols=[6] | col_header=False | row_header=False | metadata=False
Cell H20 | value='22384' | fill=9 | rows=[19] | cols=[7] | col_header=False | row_header=False | metadata=False
Cell I20 | value='2114' | fill=9 | rows=[19] | cols=[8] | col_header=False | row_header=False | metadata=False
Cell J20 | value='7643' | fill=9 | rows=[19] | cols=[9] | col_header=False | row_header=False | metadata=False
Cell K20 | value='37' | fill=00000000 | rows=[19] | cols=[10] | col_header=False | row_header=False | metadata=False
Cell L20 | value='460' | fill=9 | rows=[19] | cols=[11] | col_header=False | row_header=False | metadata=False
Cell M20 | value='10260' | fill=9 | rows=[19] | cols=[12] | col_header=False | row_header=False | metadata=False
Cell N20 | value='1734' | fill=9 | rows=[19] | cols=[13] | col_header=False | row_header=False | metadata=False
Cell O20 | value='1170' | fill=9 | rows=[19] | cols=[14] | col_header=False | row_header=False | metadata=False
Cell P20 | value='606' | fill=9 | rows=[19] | cols=[15] | col_header=False | row_header=False | metadata=False
Cell Q20 | value='872' | fill=9 | rows=[19] | cols=[16] | col_header=False | row_header=False | metadata=False
Cell R20 | value='4381' | fill=9 | rows=[19] | cols=[17] | col_header=False | row_header=False | metadata=False
Cell S20 | value='10' | fill=9 | rows=[19] | cols=[18] | col_header=False | row_header=False | metadata=False
Cell T20 | value='7' | fill=9 | rows=[19] | cols=[19] | col_header=False | row_header=False | metadata=False
Cell U20 | value='-' | fill=00000000 | rows=[19] | cols=[20] | col_header=False | row_header=False | metadata=False
Cell V20 | value='274' | fill=9 | rows=[19] | cols=[21] | col_header=False | row_header=False | metadata=False
Cell W20 | value='293' | fill=9 | rows=[19] | cols=[22] | col_header=False | row_header=False | metadata=False
Cell B21 | value='South London' | fill=9 | rows=[20] | cols=[1] | col_header=False | row_header=False | metadata=False
Cell D21 | value='19306' | fill=9 | rows=[20] | cols=[3] | col_header=False | row_header=False | metadata=False
Cell E21 | value='26130' | fill=9 | rows=[20] | cols=[4] | col_header=False | row_header=False | metadata=False
Cell F21 | value='5004' | fill=9 | rows=[20] | cols=[5] | col_header=False | row_header=False | metadata=False
Cell G21 | value='30148' | fill=9 | rows=[20] | cols=[6] | col_header=False | row_header=False | metadata=False
Cell H21 | value='80588' | fill=9 | rows=[20] | cols=[7] | col_header=False | row_header=False | metadata=False
Cell I21 | value='2341' | fill=9 | rows=[20] | cols=[8] | col_header=False | row_header=False | metadata=False
Cell J21 | value='13094' | fill=9 | rows=[20] | cols=[9] | col_header=False | row_header=False | metadata=False
Cell K21 | value='98' | fill=00000000 | rows=[20] | cols=[10] | col_header=False | row_header=False | metadata=False
Cell L21 | value='822' | fill=9 | rows=[20] | cols=[11] | col_header=False | row_header=False | metadata=False
Cell M21 | value='16359' | fill=9 | rows=[20] | cols=[12] | col_header=False | row_header=False | metadata=False
Cell N21 | value='4730' | fill=9 | rows=[20] | cols=[13] | col_header=False | row_header=False | metadata=False
Cell O21 | value='2235' | fill=9 | rows=[20] | cols=[14] | col_header=False | row_header=False | metadata=False
Cell P21 | value='1222' | fill=9 | rows=[20] | cols=[15] | col_header=False | row_header=False | metadata=False
Cell Q21 | value='1543' | fill=9 | rows=[20] | cols=[16] | col_header=False | row_header=False | metadata=False
Cell R21 | value='9732' | fill=9 | rows=[20] | cols=[17] | col_header=False | row_header=False | metadata=False
Cell S21 | value='9' | fill=9 | rows=[20] | cols=[18] | col_header=False | row_header=False | metadata=False
Cell T21 | value='22' | fill=9 | rows=[20] | cols=[19] | col_header=False | row_header=False | metadata=False
Cell U21 | value='-' | fill=00000000 | rows=[20] | cols=[20] | col_header=False | row_header=False | metadata=False
Cell V21 | value='128' | fill=9 | rows=[20] | cols=[21] | col_header=False | row_header=False | metadata=False
Cell W21 | value='157' | fill=9 | rows=[20] | cols=[22] | col_header=False | row_header=False | metadata=False
Cell B22 | value='West London' | fill=9 | rows=[21] | cols=[1] | col_header=False | row_header=False | metadata=False
Cell D22 | value='5035' | fill=9 | rows=[21] | cols=[3] | col_header=False | row_header=False | metadata=False
Cell E22 | value='9930' | fill=9 | rows=[21] | cols=[4] | col_header=False | row_header=False | metadata=False
Cell F22 | value='1036' | fill=9 | rows=[21] | cols=[5] | col_header=False | row_header=False | metadata=False
Cell G22 | value='5152' | fill=9 | rows=[21] | cols=[6] | col_header=False | row_header=False | metadata=False
Cell H22 | value='21148' | fill=9 | rows=[21] | cols=[7] | col_header=False | row_header=False | metadata=False
Cell I22 | value='1539' | fill=9 | rows=[21] | cols=[8] | col_header=False | row_header=False | metadata=False
Cell J22 | value='6562' | fill=9 | rows=[21] | cols=[9] | col_header=False | row_header=False | metadata=False
Cell K22 | value='22' | fill=00000000 | rows=[21] | cols=[10] | col_header=False | row_header=False | metadata=False
Cell L22 | value='495' | fill=9 | rows=[21] | cols=[11] | col_header=False | row_header=False | metadata=False
Cell M22 | value='8617' | fill=9 | rows=[21] | cols=[12] | col_header=False | row_header=False | metadata=False
Cell N22 | value='3308' | fill=9 | rows=[21] | cols=[13] | col_header=False | row_header=False | metadata=False
Cell O22 | value='2175' | fill=9 | rows=[21] | cols=[14] | col_header=False | row_header=False | metadata=False
Cell P22 | value='1269' | fill=9 | rows=[21] | cols=[15] | col_header=False | row_header=False | metadata=False
Cell Q22 | value='1446' | fill=9 | rows=[21] | cols=[16] | col_header=False | row_header=False | metadata=False
Cell R22 | value='8198' | fill=9 | rows=[21] | cols=[17] | col_header=False | row_header=False | metadata=False
Cell S22 | value='5' | fill=9 | rows=[21] | cols=[18] | col_header=False | row_header=False | metadata=False
Cell T22 | value='7' | fill=9 | rows=[21] | cols=[19] | col_header=False | row_header=False | metadata=False
Cell U22 | value='-' | fill=00000000 | rows=[21] | cols=[20] | col_header=False | row_header=False | metadata=False
Cell V22 | value='292' | fill=9 | rows=[21] | cols=[21] | col_header=False | row_header=False | metadata=False
Cell W22 | value='308' | fill=9 | rows=[21] | cols=[22] | col_header=False | row_header=False | metadata=False
Cell A24 | value='North East' | fill=9 | rows=[23] | cols=[0] | col_header=False | row_header=False | metadata=False
Cell B25 | value='Durham and Tees Valley' | fill=9 | rows=[24] | cols=[1] | col_header=False | row_header=False | metadata=False
Cell D25 | value='13908' | fill=9 | rows=[24] | cols=[3] | col_header=False | row_header=False | metadata=False
Cell E25 | value='16485' | fill=9 | rows=[24] | cols=[4] | col_header=False | row_header=False | metadata=False
Cell F25 | value='1967' | fill=9 | rows=[24] | cols=[5] | col_header=False | row_header=False | metadata=False
Cell G25 | value='15133' | fill=9 | rows=[24] | cols=[6] | col_header=False | row_header=False | metadata=False
Cell H25 | value='47498' | fill=9 | rows=[24] | cols=[7] | col_header=False | row_header=False | metadata=False
Cell I25 | value='1992' | fill=9 | rows=[24] | cols=[8] | col_header=False | row_header=False | metadata=False
Cell J25 | value='7468' | fill=9 | rows=[24] | cols=[9] | col_header=False | row_header=False | metadata=False
Cell K25 | value='12' | fill=00000000 | rows=[24] | cols=[10] | col_header=False | row_header=False | metadata=False
Cell L25 | value='685' | fill=9 | rows=[24] | cols=[11] | col_header=False | row_header=False | metadata=False
Cell M25 | value='10154' | fill=9 | rows=[24] | cols=[12] | col_header=False | row_header=False | metadata=False
Cell N25 | value='2680' | fill=9 | rows=[24] | cols=[13] | col_header=False | row_header=False | metadata=False
Cell O25 | value='1464' | fill=9 | rows=[24] | cols=[14] | col_header=False | row_header=False | metadata=False
Cell P25 | value='915' | fill=9 | rows=[24] | cols=[15] | col_header=False | row_header=False | metadata=False
Cell Q25 | value='871' | fill=9 | rows=[24] | cols=[16] | col_header=False | row_header=False | metadata=False
Cell R25 | value='5932' | fill=9 | rows=[24] | cols=[17] | col_header=False | row_header=False | metadata=False
Cell S25 | value='21' | fill=9 | rows=[24] | cols=[18] | col_header=False | row_header=False | metadata=False
Cell T25 | value='14' | fill=9 | rows=[24] | cols=[19] | col_header=False | row_header=False | metadata=False
Cell U25 | value='-' | fill=00000000 | rows=[24] | cols=[20] | col_header=False | row_header=False | metadata=False
Cell V25 | value='277' | fill=9 | rows=[24] | cols=[21] | col_header=False | row_header=False | metadata=False
Cell W25 | value='311' | fill=9 | rows=[24] | cols=[22] | col_header=False | row_header=False | metadata=False
Cell B26 | value='North East Yorkshire and the Humber' | fill=9 | rows=[25] | cols=[1] | col_header=False | row_header=False | metadata=False
Cell D26 | value='12198' | fill=9 | rows=[25] | cols=[3] | col_header=False | row_header=False | metadata=False
Cell E26 | value='12941' | fill=9 | rows=[25] | cols=[4] | col_header=False | row_header=False | metadata=False
Cell F26 | value='1869' | fill=9 | rows=[25] | cols=[5] | col_header=False | row_header=False | metadata=False
Cell G26 | value='9329' | fill=9 | rows=[25] | cols=[6] | col_header=False | row_header=False | metadata=False
Cell H26 | value='36327' | fill=9 | rows=[25] | cols=[7] | col_header=False | row_header=False | metadata=False
Cell I26 | value='1936' | fill=9 | rows=[25] | cols=[8] | col_header=False | row_header=False | metadata=False
Cell J26 | value='11171' | fill=9 | rows=[25] | cols=[9] | col_header=False | row_header=False | metadata=False
Cell K26 | value='12' | fill=00000000 | rows=[25] | cols=[10] | col_header=False | row_header=False | metadata=False
Cell L26 | value='688' | fill=9 | rows=[25] | cols=[11] | col_header=False | row_header=False | metadata=False
Cell M26 | value='13811' | fill=9 | rows=[25] | cols=[12] | col_header=False | row_header=False | metadata=False
Cell N26 | value='4947' | fill=9 | rows=[25] | cols=[13] | col_header=False | row_header=False | metadata=False
Cell O26 | value='2390' | fill=9 | rows=[25] | cols=[14] | col_header=False | row_header=False | metadata=False
Cell P26 | value='809' | fill=9 | rows=[25] | cols=[15] | col_header=False | row_header=False | metadata=False
Cell Q26 | value='1281' | fill=9 | rows=[25] | cols=[16] | col_header=False | row_header=False | metadata=False
Cell R26 | value='9432' | fill=9 | rows=[25] | cols=[17] | col_header=False | row_header=False | metadata=False
Cell S26 | value='42' | fill=9 | rows=[25] | cols=[18] | col_header=False | row_header=False | metadata=False
Cell T26 | value='25' | fill=9 | rows=[25] | cols=[19] | col_header=False | row_header=False | metadata=False
Cell U26 | value='-' | fill=00000000 | rows=[25] | cols=[20] | col_header=False | row_header=False | metadata=False
Cell V26 | value='45' | fill=9 | rows=[25] | cols=[21] | col_header=False | row_header=False | metadata=False
Cell W26 | value='109' | fill=9 | rows=[25] | cols=[22] | col_header=False | row_header=False | metadata=False
Cell B27 | value='Northumberland, Tyne and Wear' | fill=9 | rows=[26] | cols=[1] | col_header=False | row_header=False | metadata=False
Cell D27 | value='11075' | fill=9 | rows=[26] | cols=[3] | col_header=False | row_header=False | metadata=False
Cell E27 | value='15191' | fill=9 | rows=[26] | cols=[4] | col_header=False | row_header=False | metadata=False
Cell F27 | value='1961' | fill=9 | rows=[26] | cols=[5] | col_header=False | row_header=False | metadata=False
Cell G27 | value='14286' | fill=9 | rows=[26] | cols=[6] | col_header=False | row_header=False | metadata=False
Cell H27 | value='42510' | fill=9 | rows=[26] | cols=[7] | col_header=False | row_header=False | metadata=False
Cell I27 | value='1834' | fill=9 | rows=[26] | cols=[8] | col_header=False | row_header=False | metadata=False
Cell J27 | value='7099' | fill=9 | rows=[26] | cols=[9] | col_header=False | row_header=False | metadata=False
Cell K27 | value='33' | fill=00000000 | rows=[26] | cols=[10] | col_header=False | row_header=False | metadata=False
Cell L27 | value='479' | fill=9 | rows=[26] | cols=[11] | col_header=False | row_header=False | metadata=False
Cell M27 | value='9449' | fill=9 | rows=[26] | cols=[12] | col_header=False | row_header=False | metadata=False
Cell N27 | value='2756' | fill=9 | rows=[26] | cols=[13] | col_header=False | row_header=False | metadata=False
Cell O27 | value='1771' | fill=9 | rows=[26] | cols=[14] | col_header=False | row_header=False | metadata=False
Cell P27 | value='831' | fill=9 | rows=[26] | cols=[15] | col_header=False | row_header=False | metadata=False
Cell Q27 | value='882' | fill=9 | rows=[26] | cols=[16] | col_header=False | row_header=False | metadata=False
Cell R27 | value='6243' | fill=9 | rows=[26] | cols=[17] | col_header=False | row_header=False | metadata=False
Cell S27 | value='20' | fill=9 | rows=[26] | cols=[18] | col_header=False | row_header=False | metadata=False
Cell T27 | value='5' | fill=9 | rows=[26] | cols=[19] | col_header=False | row_header=False | metadata=False
Cell U27 | value='-' | fill=00000000 | rows=[26] | cols=[20] | col_header=False | row_header=False | metadata=False
Cell V27 | value='268' | fill=9 | rows=[26] | cols=[21] | col_header=False | row_header=False | metadata=False
Cell W27 | value='299' | fill=9 | rows=[26] | cols=[22] | col_header=False | row_header=False | metadata=False
Cell B28 | value='South Yorkshire' | fill=9 | rows=[27] | cols=[1] | col_header=False | row_header=False | metadata=False
Cell D28 | value='14939' | fill=9 | rows=[27] | cols=[3] | col_header=False | row_header=False | metadata=False
Cell E28 | value='18606' | fill=9 | rows=[27] | cols=[4] | col_header=False | row_header=False | metadata=False
Cell F28 | value='3117' | fill=9 | rows=[27] | cols=[5] | col_header=False | row_header=False | metadata=False
Cell G28 | value='19142' | fill=9 | rows=[27] | cols=[6] | col_header=False | row_header=False | metadata=False
Cell H28 | value='55801' | fill=9 | rows=[27] | cols=[7] | col_header=False | row_header=False | metadata=False
Cell I28 | value='1495' | fill=9 | rows=[27] | cols=[8] | col_header=False | row_header=False | metadata=False
Cell J28 | value='9799' | fill=9 | rows=[27] | cols=[9] | col_header=False | row_header=False | metadata=False
Cell K28 | value='-' | fill=00000000 | rows=[27] | cols=[10] | col_header=False | row_header=False | metadata=False
Cell L28 | value='653' | fill=9 | rows=[27] | cols=[11] | col_header=False | row_header=False | metadata=False
Cell M28 | value='11952' | fill=9 | rows=[27] | cols=[12] | col_header=False | row_header=False | metadata=False
Cell N28 | value='2667' | fill=9 | rows=[27] | cols=[13] | col_header=False | row_header=False | metadata=False
Cell O28 | value='1462' | fill=9 | rows=[27] | cols=[14] | col_header=False | row_header=False | metadata=False
Cell P28 | value='394' | fill=9 | rows=[27] | cols=[15] | col_header=False | row_header=False | metadata=False
Cell Q28 | value='1080' | fill=9 | rows=[27] | cols=[16] | col_header=False | row_header=False | metadata=False
Cell R28 | value='5596' | fill=9 | rows=[27] | cols=[17] | col_header=False | row_header=False | metadata=False
Cell S28 | value='46' | fill=9 | rows=[27] | cols=[18] | col_header=False | row_header=False | metadata=False
Cell T28 | value='10' | fill=9 | rows=[27] | cols=[19] | col_header=False | row_header=False | metadata=False
Cell U28 | value='-' | fill=00000000 | rows=[27] | cols=[20] | col_header=False | row_header=False | metadata=False
Cell V28 | value='26' | fill=9 | rows=[27] | cols=[21] | col_header=False | row_header=False | metadata=False
Cell W28 | value='78' | fill=9 | rows=[27] | cols=[22] | col_header=False | row_header=False | metadata=False
Cell B29 | value='West Yorkshire' | fill=9 | rows=[28] | cols=[1] | col_header=False | row_header=False | metadata=False
Cell D29 | value='17368' | fill=9 | rows=[28] | cols=[3] | col_header=False | row_header=False | metadata=False
Cell E29 | value='20599' | fill=9 | rows=[28] | cols=[4] | col_header=False | row_header=False | metadata=False
Cell F29 | value='2773' | fill=9 | rows=[28] | cols=[5] | col_header=False | row_header=False | metadata=False
Cell G29 | value='12020' | fill=9 | rows=[28] | cols=[6] | col_header=False | row_header=False | metadata=False
Cell H29 | value='52765' | fill=9 | rows=[28] | cols=[7] | col_header=False | row_header=False | metadata=False
Cell I29 | value='1929' | fill=9 | rows=[28] | cols=[8] | col_header=False | row_header=False | metadata=False
Cell J29 | value='11675' | fill=9 | rows=[28] | cols=[9] | col_header=False | row_header=False | metadata=False
Cell K29 | value='12' | fill=00000000 | rows=[28] | cols=[10] | col_header=False | row_header=False | metadata=False
Cell L29 | value='976' | fill=9 | rows=[28] | cols=[11] | col_header=False | row_header=False | metadata=False
Cell M29 | value='14590' | fill=9 | rows=[28] | cols=[12] | col_header=False | row_header=False | metadata=False
Cell N29 | value='6043' | fill=9 | rows=[28] | cols=[13] | col_header=False | row_header=False | metadata=False
Cell O29 | value='2919' | fill=9 | rows=[28] | cols=[14] | col_header=False | row_header=False | metadata=False
Cell P29 | value='1047' | fill=9 | rows=[28] | cols=[15] | col_header=False | row_header=False | metadata=False
Cell Q29 | value='1892' | fill=9 | rows=[28] | cols=[16] | col_header=False | row_header=False | metadata=False
Cell R29 | value='11901' | fill=9 | rows=[28] | cols=[17] | col_header=False | row_header=False | metadata=False
Cell S29 | value='63' | fill=9 | rows=[28] | cols=[18] | col_header=False | row_header=False | metadata=False
Cell T29 | value='19' | fill=9 | rows=[28] | cols=[19] | col_header=False | row_header=False | metadata=False
Cell U29 | value='-' | fill=00000000 | rows=[28] | cols=[20] | col_header=False | row_header=False | metadata=False
Cell V29 | value='181' | fill=9 | rows=[28] | cols=[21] | col_header=False | row_header=False | metadata=False
Cell W29 | value='258' | fill=9 | rows=[28] | cols=[22] | col_header=False | row_header=False | metadata=False
Cell A31 | value='North West' | fill=9 | rows=[30] | cols=[0] | col_header=False | row_header=False | metadata=False
Cell B32 | value='Cumbria and Lancashire' | fill=9 | rows=[31] | cols=[1] | col_header=False | row_header=False | metadata=False
Cell D32 | value='11148' | fill=9 | rows=[31] | cols=[3] | col_header=False | row_header=False | metadata=False
Cell E32 | value='14950' | fill=9 | rows=[31] | cols=[4] | col_header=False | row_header=False | metadata=False
Cell F32 | value='2096' | fill=9 | rows=[31] | cols=[5] | col_header=False | row_header=False | metadata=False
Cell G32 | value='14708' | fill=9 | rows=[31] | cols=[6] | col_header=False | row_header=False | metadata=False
Cell H32 | value='42906' | fill=9 | rows=[31] | cols=[7] | col_header=False | row_header=False | metadata=False
Cell I32 | value='3315' | fill=9 | rows=[31] | cols=[8] | col_header=False | row_header=False | metadata=False
Cell J32 | value='11646' | fill=9 | rows=[31] | cols=[9] | col_header=False | row_header=False | metadata=False
Cell K32 | value='20' | fill=00000000 | rows=[31] | cols=[10] | col_header=False | row_header=False | metadata=False
Cell L32 | value='479' | fill=9 | rows=[31] | cols=[11] | col_header=False | row_header=False | metadata=False
Cell M32 | value='15458' | fill=9 | rows=[31] | cols=[12] | col_header=False | row_header=False | metadata=False
Cell N32 | value='4398' | fill=9 | rows=[31] | cols=[13] | col_header=False | row_header=False | metadata=False
Cell O32 | value='2259' | fill=9 | rows=[31] | cols=[14] | col_header=False | row_header=False | metadata=False
Cell P32 | value='963' | fill=9 | rows=[31] | cols=[15] | col_header=False | row_header=False | metadata=False
Cell Q32 | value='2276' | fill=9 | rows=[31] | cols=[16] | col_header=False | row_header=False | metadata=False
Cell R32 | value='9894' | fill=9 | rows=[31] | cols=[17] | col_header=False | row_header=False | metadata=False
Cell S32 | value='29' | fill=9 | rows=[31] | cols=[18] | col_header=False | row_header=False | metadata=False
Cell T32 | value='44' | fill=9 | rows=[31] | cols=[19] | col_header=False | row_header=False | metadata=False
Cell U32 | value='-' | fill=00000000 | rows=[31] | cols=[20] | col_header=False | row_header=False | metadata=False
Cell V32 | value='272' | fill=9 | rows=[31] | cols=[21] | col_header=False | row_header=False | metadata=False
Cell W32 | value='340' | fill=9 | rows=[31] | cols=[22] | col_header=False | row_header=False | metadata=False
Cell B33 | value='Greater Manchester Central and Cheshire' | fill=9 | rows=[32] | cols=[1] | col_header=False | row_header=False | metadata=False
Cell D33 | value='13944' | fill=9 | rows=[32] | cols=[3] | col_header=False | row_header=False | metadata=False
Cell E33 | value='19409' | fill=9 | rows=[32] | cols=[4] | col_header=False | row_header=False | metadata=False
Cell F33 | value='2537' | fill=9 | rows=[32] | cols=[5] | col_header=False | row_header=False | metadata=False
Cell G33 | value='15271' | fill=9 | rows=[32] | cols=[6] | col_header=False | row_header=False | metadata=False
Cell H33 | value='51162' | fill=9 | rows=[32] | cols=[7] | col_header=False | row_header=False | metadata=False
Cell I33 | value='3409' | fill=9 | rows=[32] | cols=[8] | col_header=False | row_header=False | metadata=False
Cell J33 | value='9842' | fill=9 | rows=[32] | cols=[9] | col_header=False | row_header=False | metadata=False
Cell K33 | value='21' | fill=00000000 | rows=[32] | cols=[10] | col_header=False | row_header=False | metadata=False
Cell L33 | value='795' | fill=9 | rows=[32] | cols=[11] | col_header=False | row_header=False | metadata=False
Cell M33 | value='14069' | fill=9 | rows=[32] | cols=[12] | col_header=False | row_header=False | metadata=False
Cell N33 | value='4203' | fill=9 | rows=[32] | cols=[13] | col_header=False | row_header=False | metadata=False
Cell O33 | value='1859' | fill=9 | rows=[32] | cols=[14] | col_header=False | row_header=False | metadata=False
Cell P33 | value='956' | fill=9 | rows=[32] | cols=[15] | col_header=False | row_header=False | metadata=False
Cell Q33 | value='1784' | fill=9 | rows=[32] | cols=[16] | col_header=False | row_header=False | metadata=False
Cell R33 | value='8799' | fill=9 | rows=[32] | cols=[17] | col_header=False | row_header=False | metadata=False
Cell S33 | value='65' | fill=9 | rows=[32] | cols=[18] | col_header=False | row_header=False | metadata=False
Cell T33 | value='107' | fill=9 | rows=[32] | cols=[19] | col_header=False | row_header=False | metadata=False
Cell U33 | value='-' | fill=00000000 | rows=[32] | cols=[20] | col_header=False | row_header=False | metadata=False
Cell V33 | value='283' | fill=9 | rows=[32] | cols=[21] | col_header=False | row_header=False | metadata=False
Cell W33 | value='454' | fill=9 | rows=[32] | cols=[22] | col_header=False | row_header=False | metadata=False
Cell B34 | value='Greater Manchester East and West' | fill=9 | rows=[33] | cols=[1] | col_header=False | row_header=False | metadata=False
Cell D34 | value='13883' | fill=9 | rows=[33] | cols=[3] | col_header=False | row_header=False | metadata=False
Cell E34 | value='19751' | fill=9 | rows=[33] | cols=[4] | col_header=False | row_header=False | metadata=False
Cell F34 | value='3060' | fill=9 | rows=[33] | cols=[5] | col_header=False | row_header=False | metadata=False
Cell G34 | value='16508' | fill=9 | rows=[33] | cols=[6] | col_header=False | row_header=False | metadata=False
Cell H34 | value='53194' | fill=9 | rows=[33] | cols=[7] | col_header=False | row_header=False | metadata=False
Cell I34 | value='2764' | fill=9 | rows=[33] | cols=[8] | col_header=False | row_header=False | metadata=False
Cell J34 | value='11466' | fill=9 | rows=[33] | cols=[9] | col_header=False | row_header=False | metadata=False
Cell K34 | value='16' | fill=00000000 | rows=[33] | cols=[10] | col_header=False | row_header=False | metadata=False
Cell L34 | value='482' | fill=9 | rows=[33] | cols=[11] | col_header=False | row_header=False | metadata=False
Cell M34 | value='14726' | fill=9 | rows=[33] | cols=[12] | col_header=False | row_header=False | metadata=False
Cell N34 | value='3972' | fill=9 | rows=[33] | cols=[13] | col_header=False | row_header=False | metadata=False
Cell O34 | value='1767' | fill=9 | rows=[33] | cols=[14] | col_header=False | row_header=False | metadata=False
Cell P34 | value='851' | fill=9 | rows=[33] | cols=[15] | col_header=False | row_header=False | metadata=False
Cell Q34 | value='1794' | fill=9 | rows=[33] | cols=[16] | col_header=False | row_header=False | metadata=False
Cell R34 | value='8384' | fill=9 | rows=[33] | cols=[17] | col_header=False | row_header=False | metadata=False
Cell S34 | value='20' | fill=9 | rows=[33] | cols=[18] | col_header=False | row_header=False | metadata=False
Cell T34 | value='121' | fill=9 | rows=[33] | cols=[19] | col_header=False | row_header=False | metadata=False
Cell U34 | value='-' | fill=00000000 | rows=[33] | cols=[20] | col_header=False | row_header=False | metadata=False
Cell V34 | value='115' | fill=9 | rows=[33] | cols=[21] | col_header=False | row_header=False | metadata=False
Cell W34 | value='263' | fill=9 | rows=[33] | cols=[22] | col_header=False | row_header=False | metadata=False
Cell B35 | value='Merseyside' | fill=9 | rows=[34] | cols=[1] | col_header=False | row_header=False | metadata=False
Cell D35 | value='16328' | fill=9 | rows=[34] | cols=[3] | col_header=False | row_header=False | metadata=False
Cell E35 | value='17981' | fill=9 | rows=[34] | cols=[4] | col_header=False | row_header=False | metadata=False
Cell F35 | value='2193' | fill=9 | rows=[34] | cols=[5] | col_header=False | row_header=False | metadata=False
Cell G35 | value='20228' | fill=9 | rows=[34] | cols=[6] | col_header=False | row_header=False | metadata=False
Cell H35 | value='56728' | fill=9 | rows=[34] | cols=[7] | col_header=False | row_header=False | metadata=False
Cell I35 | value='2975' | fill=9 | rows=[34] | cols=[8] | col_header=False | row_header=False | metadata=False
Cell J35 | value='6971' | fill=9 | rows=[34] | cols=[9] | col_header=False | row_header=False | metadata=False
Cell K35 | value='6' | fill=00000000 | rows=[34] | cols=[10] | col_header=False | row_header=False | metadata=False
Cell L35 | value='518' | fill=9 | rows=[34] | cols=[11] | col_header=False | row_header=False | metadata=False
Cell M35 | value='10470' | fill=9 | rows=[34] | cols=[12] | col_header=False | row_header=False | metadata=False
Cell N35 | value='3712' | fill=9 | rows=[34] | cols=[13] | col_header=False | row_header=False | metadata=False
Cell O35 | value='1661' | fill=9 | rows=[34] | cols=[14] | col_header=False | row_header=False | metadata=False
Cell P35 | value='637' | fill=9 | rows=[34] | cols=[15] | col_header=False | row_header=False | metadata=False
Cell Q35 | value='1122' | fill=9 | rows=[34] | cols=[16] | col_header=False | row_header=False | metadata=False
Cell R35 | value='7130' | fill=9 | rows=[34] | cols=[17] | col_header=False | row_header=False | metadata=False
Cell S35 | value='39' | fill=9 | rows=[34] | cols=[18] | col_header=False | row_header=False | metadata=False
Cell T35 | value='51' | fill=9 | rows=[34] | cols=[19] | col_header=False | row_header=False | metadata=False
Cell U35 | value='-' | fill=00000000 | rows=[34] | cols=[20] | col_header=False | row_header=False | metadata=False
Cell V35 | value='526' | fill=9 | rows=[34] | cols=[21] | col_header=False | row_header=False | metadata=False
Cell W35 | value='624' | fill=9 | rows=[34] | cols=[22] | col_header=False | row_header=False | metadata=False
Cell A37 | value='Scotland' | fill=9 | rows=[36] | cols=[0] | col_header=False | row_header=False | metadata=False
Cell B38 | value='East and South East Scotland' | fill=9 | rows=[37] | cols=[1] | col_header=False | row_header=False | metadata=False
Cell D38 | value='10663' | fill=9 | rows=[37] | cols=[3] | col_header=False | row_header=False | metadata=False
Cell E38 | value='13263' | fill=9 | rows=[37] | cols=[4] | col_header=False | row_header=False | metadata=False
Cell F38 | value='2078' | fill=9 | rows=[37] | cols=[5] | col_header=False | row_header=False | metadata=False
Cell G38 | value='13379' | fill=9 | rows=[37] | cols=[6] | col_header=False | row_header=False | metadata=False
Cell H38 | value='39381' | fill=9 | rows=[37] | cols=[7] | col_header=False | row_header=False | metadata=False
Cell I38 | value='1617' | fill=9 | rows=[37] | cols=[8] | col_header=False | row_header=False | metadata=False
Cell J38 | value='7594' | fill=9 | rows=[37] | cols=[9] | col_header=False | row_header=False | metadata=False
Cell K38 | value='6' | fill=00000000 | rows=[37] | cols=[10] | col_header=False | row_header=False | metadata=False
Cell L38 | value='761' | fill=9 | rows=[37] | cols=[11] | col_header=False | row_header=False | metadata=False
Cell M38 | value='9982' | fill=9 | rows=[37] | cols=[12] | col_header=False | row_header=False | metadata=False
Cell N38 | value='3998' | fill=9 | rows=[37] | cols=[13] | col_header=False | row_header=False | metadata=False
Cell O38 | value='2224' | fill=9 | rows=[37] | cols=[14] | col_header=False | row_header=False | metadata=False
Cell P38 | value='795' | fill=9 | rows=[37] | cols=[15] | col_header=False | row_header=False | metadata=False
Cell Q38 | value='1428' | fill=9 | rows=[37] | cols=[16] | col_header=False | row_header=False | metadata=False
Cell R38 | value='8441' | fill=9 | rows=[37] | cols=[17] | col_header=False | row_header=False | metadata=False
Cell S38 | value='19' | fill=9 | rows=[37] | cols=[18] | col_header=False | row_header=False | metadata=False
Cell T38 | value='15' | fill=9 | rows=[37] | cols=[19] | col_header=False | row_header=False | metadata=False
Cell U38 | value='-' | fill=00000000 | rows=[37] | cols=[20] | col_header=False | row_header=False | metadata=False
Cell V38 | value='633' | fill=9 | rows=[37] | cols=[21] | col_header=False | row_header=False | metadata=False
Cell W38 | value='673' | fill=9 | rows=[37] | cols=[22] | col_header=False | row_header=False | metadata=False
Cell B39 | value='Glasgow, Lanarkshire and East Dunbartonshire' | fill=9 | rows=[38] | cols=[1] | col_header=False | row_header=False | metadata=False
Cell D39 | value='9659' | fill=9 | rows=[38] | cols=[3] | col_header=False | row_header=False | metadata=False
Cell E39 | value='13043' | fill=9 | rows=[38] | cols=[4] | col_header=False | row_header=False | metadata=False
Cell F39 | value='2076' | fill=9 | rows=[38] | cols=[5] | col_header=False | row_header=False | metadata=False
Cell G39 | value='11198' | fill=9 | rows=[38] | cols=[6] | col_header=False | row_header=False | metadata=False
Cell H39 | value='35979' | fill=9 | rows=[38] | cols=[7] | col_header=False | row_header=False | metadata=False
Cell I39 | value='1788' | fill=9 | rows=[38] | cols=[8] | col_header=False | row_header=False | metadata=False
Cell J39 | value='7471' | fill=9 | rows=[38] | cols=[9] | col_header=False | row_header=False | metadata=False
Cell K39 | value='9' | fill=00000000 | rows=[38] | cols=[10] | col_header=False | row_header=False | metadata=False
Cell L39 | value='511' | fill=9 | rows=[38] | cols=[11] | col_header=False | row_header=False | metadata=False
Cell M39 | value='9782' | fill=9 | rows=[38] | cols=[12] | col_header=False | row_header=False | metadata=False
Cell N39 | value='3237' | fill=9 | rows=[38] | cols=[13] | col_header=False | row_header=False | metadata=False
Cell O39 | value='1860' | fill=9 | rows=[38] | cols=[14] | col_header=False | row_header=False | metadata=False
Cell P39 | value='601' | fill=9 | rows=[38] | cols=[15] | col_header=False | row_header=False | metadata=False
Cell Q39 | value='1146' | fill=9 | rows=[38] | cols=[16] | col_header=False | row_header=False | metadata=False
Cell R39 | value='6849' | fill=9 | rows=[38] | cols=[17] | col_header=False | row_header=False | metadata=False
Cell S39 | value='44' | fill=9 | rows=[38] | cols=[18] | col_header=False | row_header=False | metadata=False
Cell T39 | value='13' | fill=9 | rows=[38] | cols=[19] | col_header=False | row_header=False | metadata=False
Cell U39 | value='-' | fill=00000000 | rows=[38] | cols=[20] | col_header=False | row_header=False | metadata=False
Cell V39 | value='583' | fill=9 | rows=[38] | cols=[21] | col_header=False | row_header=False | metadata=False
Cell W39 | value='635' | fill=9 | rows=[38] | cols=[22] | col_header=False | row_header=False | metadata=False
Cell B40 | value='North of Scotland' | fill=9 | rows=[39] | cols=[1] | col_header=False | row_header=False | metadata=False
Cell D40 | value='5568' | fill=9 | rows=[39] | cols=[3] | col_header=False | row_header=False | metadata=False
Cell E40 | value='7083' | fill=9 | rows=[39] | cols=[4] | col_header=False | row_header=False | metadata=False
Cell F40 | value='1051' | fill=9 | rows=[39] | cols=[5] | col_header=False | row_header=False | metadata=False
Cell G40 | value='6012' | fill=9 | rows=[39] | cols=[6] | col_header=False | row_header=False | metadata=False
Cell H40 | value='19710' | fill=9 | rows=[39] | cols=[7] | col_header=False | row_header=False | metadata=False
Cell I40 | value='1160' | fill=9 | rows=[39] | cols=[8] | col_header=False | row_header=False | metadata=False
Cell J40 | value='4617' | fill=9 | rows=[39] | cols=[9] | col_header=False | row_header=False | metadata=False
Cell K40 | value='10' | fill=00000000 | rows=[39] | cols=[10] | col_header=False | row_header=False | metadata=False
Cell L40 | value='456' | fill=9 | rows=[39] | cols=[11] | col_header=False | row_header=False | metadata=False
Cell M40 | value='6241' | fill=9 | rows=[39] | cols=[12] | col_header=False | row_header=False | metadata=False
Cell N40 | value='2878' | fill=9 | rows=[39] | cols=[13] | col_header=False | row_header=False | metadata=False
Cell O40 | value='1658' | fill=9 | rows=[39] | cols=[14] | col_header=False | row_header=False | metadata=False
Cell P40 | value='725' | fill=9 | rows=[39] | cols=[15] | col_header=False | row_header=False | metadata=False
Cell Q40 | value='1115' | fill=9 | rows=[39] | cols=[16] | col_header=False | row_header=False | metadata=False
Cell R40 | value='6374' | fill=9 | rows=[39] | cols=[17] | col_header=False | row_header=False | metadata=False
Cell S40 | value='29' | fill=9 | rows=[39] | cols=[18] | col_header=False | row_header=False | metadata=False
Cell T40 | value='8' | fill=9 | rows=[39] | cols=[19] | col_header=False | row_header=False | metadata=False
Cell U40 | value='-' | fill=00000000 | rows=[39] | cols=[20] | col_header=False | row_header=False | metadata=False
Cell V40 | value='425' | fill=9 | rows=[39] | cols=[21] | col_header=False | row_header=False | metadata=False
Cell W40 | value='458' | fill=9 | rows=[39] | cols=[22] | col_header=False | row_header=False | metadata=False
Cell B41 | value='West of Scotland' | fill=9 | rows=[40] | cols=[1] | col_header=False | row_header=False | metadata=False
Cell D41 | value='4941' | fill=9 | rows=[40] | cols=[3] | col_header=False | row_header=False | metadata=False
Cell E41 | value='7723' | fill=9 | rows=[40] | cols=[4] | col_header=False | row_header=False | metadata=False
Cell F41 | value='1058' | fill=9 | rows=[40] | cols=[5] | col_header=False | row_header=False | metadata=False
Cell G41 | value='4377' | fill=9 | rows=[40] | cols=[6] | col_header=False | row_header=False | metadata=False
Cell H41 | value='18102' | fill=9 | rows=[40] | cols=[7] | col_header=False | row_header=False | metadata=False
Cell I41 | value='1417' | fill=9 | rows=[40] | cols=[8] | col_header=False | row_header=False | metadata=False
Cell J41 | value='7138' | fill=9 | rows=[40] | cols=[9] | col_header=False | row_header=False | metadata=False
Cell K41 | value='12' | fill=00000000 | rows=[40] | cols=[10] | col_header=False | row_header=False | metadata=False
Cell L41 | value='533' | fill=9 | rows=[40] | cols=[11] | col_header=False | row_header=False | metadata=False
Cell M41 | value='9096' | fill=9 | rows=[40] | cols=[12] | col_header=False | row_header=False | metadata=False
Cell N41 | value='2475' | fill=9 | rows=[40] | cols=[13] | col_header=False | row_header=False | metadata=False
Cell O41 | value='1618' | fill=9 | rows=[40] | cols=[14] | col_header=False | row_header=False | metadata=False
Cell P41 | value='492' | fill=9 | rows=[40] | cols=[15] | col_header=False | row_header=False | metadata=False
Cell Q41 | value='800' | fill=9 | rows=[40] | cols=[16] | col_header=False | row_header=False | metadata=False
Cell R41 | value='5388' | fill=9 | rows=[40] | cols=[17] | col_header=False | row_header=False | metadata=False
Cell S41 | value='7' | fill=9 | rows=[40] | cols=[18] | col_header=False | row_header=False | metadata=False
Cell T41 | value='7' | fill=9 | rows=[40] | cols=[19] | col_header=False | row_header=False | metadata=False
Cell U41 | value='-' | fill=00000000 | rows=[40] | cols=[20] | col_header=False | row_header=False | metadata=False
Cell V41 | value='339' | fill=9 | rows=[40] | cols=[21] | col_header=False | row_header=False | metadata=False
Cell W41 | value='349' | fill=9 | rows=[40] | cols=[22] | col_header=False | row_header=False | metadata=False
Cell A43 | value='Southern England' | fill=9 | rows=[42] | cols=[0] | col_header=False | row_header=False | metadata=False
Cell B44 | value='Devon, Cornwall and Somerset' | fill=9 | rows=[43] | cols=[1] | col_header=False | row_header=False | metadata=False
Cell D44 | value='4126' | fill=9 | rows=[43] | cols=[3] | col_header=False | row_header=False | metadata=False
Cell E44 | value='5442' | fill=9 | rows=[43] | cols=[4] | col_header=False | row_header=False | metadata=False
Cell F44 | value='559' | fill=9 | rows=[43] | cols=[5] | col_header=False | row_header=False | metadata=False
Cell G44 | value='3341' | fill=9 | rows=[43] | cols=[6] | col_header=False | row_header=False | metadata=False
Cell H44 | value='13470' | fill=9 | rows=[43] | cols=[7] | col_header=False | row_header=False | metadata=False
Cell I44 | value='2434' | fill=9 | rows=[43] | cols=[8] | col_header=False | row_header=False | metadata=False
Cell J44 | value='7759' | fill=9 | rows=[43] | cols=[9] | col_header=False | row_header=False | metadata=False
Cell K44 | value='-' | fill=00000000 | rows=[43] | cols=[10] | col_header=False | row_header=False | metadata=False
Cell L44 | value='1521' | fill=9 | rows=[43] | cols=[11] | col_header=False | row_header=False | metadata=False
Cell M44 | value='11718' | fill=9 | rows=[43] | cols=[12] | col_header=False | row_header=False | metadata=False
Cell N44 | value='5052' | fill=9 | rows=[43] | cols=[13] | col_header=False | row_header=False | metadata=False
Cell O44 | value='3242' | fill=9 | rows=[43] | cols=[14] | col_header=False | row_header=False | metadata=False
Cell P44 | value='1570' | fill=9 | rows=[43] | cols=[15] | col_header=False | row_header=False | metadata=False
Cell Q44 | value='833' | fill=9 | rows=[43] | cols=[16] | col_header=False | row_header=False | metadata=False
Cell R44 | value='10697' | fill=9 | rows=[43] | cols=[17] | col_header=False | row_header=False | metadata=False
Cell S44 | value='45' | fill=9 | rows=[43] | cols=[18] | col_header=False | row_header=False | metadata=False
Cell T44 | value='8' | fill=9 | rows=[43] | cols=[19] | col_header=False | row_header=False | metadata=False
Cell U44 | value='-' | fill=00000000 | rows=[43] | cols=[20] | col_header=False | row_header=False | metadata=False
Cell V44 | value='44' | fill=9 | rows=[43] | cols=[21] | col_header=False | row_header=False | metadata=False
Cell W44 | value='89' | fill=9 | rows=[43] | cols=[22] | col_header=False | row_header=False | metadata=False
Cell B45 | value='Gloucester and West of England' | fill=9 | rows=[44] | cols=[1] | col_header=False | row_header=False | metadata=False
Cell D45 | value='5605' | fill=9 | rows=[44] | cols=[3] | col_header=False | row_header=False | metadata=False
Cell E45 | value='6924' | fill=9 | rows=[44] | cols=[4] | col_header=False | row_header=False | metadata=False
Cell F45 | value='962' | fill=9 | rows=[44] | cols=[5] | col_header=False | row_header=False | metadata=False
Cell G45 | value='5708' | fill=9 | rows=[44] | cols=[6] | col_header=False | row_header=False | metadata=False
Cell H45 | value='19200' | fill=9 | rows=[44] | cols=[7] | col_header=False | row_header=False | metadata=False
Cell I45 | value='1682' | fill=9 | rows=[44] | cols=[8] | col_header=False | row_header=False | metadata=False
Cell J45 | value='5746' | fill=9 | rows=[44] | cols=[9] | col_header=False | row_header=False | metadata=False
Cell K45 | value='5' | fill=00000000 | rows=[44] | cols=[10] | col_header=False | row_header=False | metadata=False
Cell L45 | value='982' | fill=9 | rows=[44] | cols=[11] | col_header=False | row_header=False | metadata=False
Cell M45 | value='8415' | fill=9 | rows=[44] | cols=[12] | col_header=False | row_header=False | metadata=False
Cell N45 | value='3345' | fill=9 | rows=[44] | cols=[13] | col_header=False | row_header=False | metadata=False
Cell O45 | value='2043' | fill=9 | rows=[44] | cols=[14] | col_header=False | row_header=False | metadata=False
Cell P45 | value='1052' | fill=9 | rows=[44] | cols=[15] | col_header=False | row_header=False | metadata=False
Cell Q45 | value='726' | fill=9 | rows=[44] | cols=[16] | col_header=False | row_header=False | metadata=False
Cell R45 | value='7162' | fill=9 | rows=[44] | cols=[17] | col_header=False | row_header=False | metadata=False
Cell S45 | value='25' | fill=9 | rows=[44] | cols=[18] | col_header=False | row_header=False | metadata=False
Cell T45 | value='10' | fill=9 | rows=[44] | cols=[19] | col_header=False | row_header=False | metadata=False
Cell U45 | value='-' | fill=00000000 | rows=[44] | cols=[20] | col_header=False | row_header=False | metadata=False
Cell V45 | value='30' | fill=9 | rows=[44] | cols=[21] | col_header=False | row_header=False | metadata=False
Cell W45 | value='64' | fill=9 | rows=[44] | cols=[22] | col_header=False | row_header=False | metadata=False
Cell B46 | value='Greater Wessex' | fill=9 | rows=[45] | cols=[1] | col_header=False | row_header=False | metadata=False
Cell D46 | value='9071' | fill=9 | rows=[45] | cols=[3] | col_header=False | row_header=False | metadata=False
Cell E46 | value='11567' | fill=9 | rows=[45] | cols=[4] | col_header=False | row_header=False | metadata=False
Cell F46 | value='1885' | fill=9 | rows=[45] | cols=[5] | col_header=False | row_header=False | metadata=False
Cell G46 | value='10635' | fill=9 | rows=[45] | cols=[6] | col_header=False | row_header=False | metadata=False
Cell H46 | value='33157' | fill=9 | rows=[45] | cols=[7] | col_header=False | row_header=False | metadata=False
Cell I46 | value='3923' | fill=9 | rows=[45] | cols=[8] | col_header=False | row_header=False | metadata=False
Cell J46 | value='11293' | fill=9 | rows=[45] | cols=[9] | col_header=False | row_header=False | metadata=False
Cell K46 | value='11' | fill=00000000 | rows=[45] | cols=[10] | col_header=False | row_header=False | metadata=False
Cell L46 | value='1400' | fill=9 | rows=[45] | cols=[11] | col_header=False | row_header=False | metadata=False
Cell M46 | value='16626' | fill=9 | rows=[45] | cols=[12] | col_header=False | row_header=False | metadata=False
Cell N46 | value='6546' | fill=9 | rows=[45] | cols=[13] | col_header=False | row_header=False | metadata=False
Cell O46 | value='3753' | fill=9 | rows=[45] | cols=[14] | col_header=False | row_header=False | metadata=False
Cell P46 | value='1659' | fill=9 | rows=[45] | cols=[15] | col_header=False | row_header=False | metadata=False
Cell Q46 | value='1855' | fill=9 | rows=[45] | cols=[16] | col_header=False | row_header=False | metadata=False
Cell R46 | value='13808' | fill=9 | rows=[45] | cols=[17] | col_header=False | row_header=False | metadata=False
Cell S46 | value='10' | fill=9 | rows=[45] | cols=[18] | col_header=False | row_header=False | metadata=False
Cell T46 | value='23' | fill=9 | rows=[45] | cols=[19] | col_header=False | row_header=False | metadata=False
Cell U46 | value='-' | fill=00000000 | rows=[45] | cols=[20] | col_header=False | row_header=False | metadata=False
Cell V46 | value='73' | fill=9 | rows=[45] | cols=[21] | col_header=False | row_header=False | metadata=False
Cell W46 | value='107' | fill=9 | rows=[45] | cols=[22] | col_header=False | row_header=False | metadata=False
Cell B47 | value='Surrey and Sussex' | fill=9 | rows=[46] | cols=[1] | col_header=False | row_header=False | metadata=False
Cell D47 | value='5717' | fill=9 | rows=[46] | cols=[3] | col_header=False | row_header=False | metadata=False
Cell E47 | value='6272' | fill=9 | rows=[46] | cols=[4] | col_header=False | row_header=False | metadata=False
Cell F47 | value='902' | fill=9 | rows=[46] | cols=[5] | col_header=False | row_header=False | metadata=False
Cell G47 | value='6128' | fill=9 | rows=[46] | cols=[6] | col_header=False | row_header=False | metadata=False
Cell H47 | value='19018' | fill=9 | rows=[46] | cols=[7] | col_header=False | row_header=False | metadata=False
Cell I47 | value='1722' | fill=9 | rows=[46] | cols=[8] | col_header=False | row_header=False | metadata=False
Cell J47 | value='5715' | fill=9 | rows=[46] | cols=[9] | col_header=False | row_header=False | metadata=False
Cell K47 | value='12' | fill=00000000 | rows=[46] | cols=[10] | col_header=False | row_header=False | metadata=False
Cell L47 | value='676' | fill=9 | rows=[46] | cols=[11] | col_header=False | row_header=False | metadata=False
Cell M47 | value='8121' | fill=9 | rows=[46] | cols=[12] | col_header=False | row_header=False | metadata=False
Cell N47 | value='4856' | fill=9 | rows=[46] | cols=[13] | col_header=False | row_header=False | metadata=False
Cell O47 | value='2286' | fill=9 | rows=[46] | cols=[14] | col_header=False | row_header=False | metadata=False
Cell P47 | value='1211' | fill=9 | rows=[46] | cols=[15] | col_header=False | row_header=False | metadata=False
Cell Q47 | value='2190' | fill=9 | rows=[46] | cols=[16] | col_header=False | row_header=False | metadata=False
Cell R47 | value='10545' | fill=9 | rows=[46] | cols=[17] | col_header=False | row_header=False | metadata=False
Cell S47 | value='27' | fill=9 | rows=[46] | cols=[18] | col_header=False | row_header=False | metadata=False
Cell T47 | value='19' | fill=9 | rows=[46] | cols=[19] | col_header=False | row_header=False | metadata=False
Cell U47 | value='-' | fill=00000000 | rows=[46] | cols=[20] | col_header=False | row_header=False | metadata=False
Cell V47 | value='50' | fill=9 | rows=[46] | cols=[21] | col_header=False | row_header=False | metadata=False
Cell W47 | value='95' | fill=9 | rows=[46] | cols=[22] | col_header=False | row_header=False | metadata=False
Cell B48 | value='Thames Valley' | fill=9 | rows=[47] | cols=[1] | col_header=False | row_header=False | metadata=False
Cell D48 | value='8182' | fill=9 | rows=[47] | cols=[3] | col_header=False | row_header=False | metadata=False
Cell E48 | value='7222' | fill=9 | rows=[47] | cols=[4] | col_header=False | row_header=False | metadata=False
Cell F48 | value='1144' | fill=9 | rows=[47] | cols=[5] | col_header=False | row_header=False | metadata=False
Cell G48 | value='8016' | fill=9 | rows=[47] | cols=[6] | col_header=False | row_header=False | metadata=False
Cell H48 | value='24564' | fill=9 | rows=[47] | cols=[7] | col_header=False | row_header=False | metadata=False
Cell I48 | value='1208' | fill=9 | rows=[47] | cols=[8] | col_header=False | row_header=False | metadata=False
Cell J48 | value='5101' | fill=9 | rows=[47] | cols=[9] | col_header=False | row_header=False | metadata=False
Cell K48 | value='7' | fill=00000000 | rows=[47] | cols=[10] | col_header=False | row_header=False | metadata=False
Cell L48 | value='618' | fill=9 | rows=[47] | cols=[11] | col_header=False | row_header=False | metadata=False
Cell M48 | value='6942' | fill=9 | rows=[47] | cols=[12] | col_header=False | row_header=False | metadata=False
Cell N48 | value='4011' | fill=9 | rows=[47] | cols=[13] | col_header=False | row_header=False | metadata=False
Cell O48 | value='2947' | fill=9 | rows=[47] | cols=[14] | col_header=False | row_header=False | metadata=False
Cell P48 | value='944' | fill=9 | rows=[47] | cols=[15] | col_header=False | row_header=False | metadata=False
Cell Q48 | value='1160' | fill=9 | rows=[47] | cols=[16] | col_header=False | row_header=False | metadata=False
Cell R48 | value='9069' | fill=9 | rows=[47] | cols=[17] | col_header=False | row_header=False | metadata=False
Cell S48 | value='16' | fill=9 | rows=[47] | cols=[18] | col_header=False | row_header=False | metadata=False
Cell T48 | value='7' | fill=9 | rows=[47] | cols=[19] | col_header=False | row_header=False | metadata=False
Cell U48 | value='-' | fill=00000000 | rows=[47] | cols=[20] | col_header=False | row_header=False | metadata=False
Cell V48 | value='35' | fill=9 | rows=[47] | cols=[21] | col_header=False | row_header=False | metadata=False
Cell W48 | value='52' | fill=9 | rows=[47] | cols=[22] | col_header=False | row_header=False | metadata=False
Cell A50 | value='Wales' | fill=9 | rows=[49] | cols=[0] | col_header=False | row_header=False | metadata=False
Cell B51 | value='North and Mid Wales' | fill=9 | rows=[50] | cols=[1] | col_header=False | row_header=False | metadata=False
Cell D51 | value='3118' | fill=9 | rows=[50] | cols=[3] | col_header=False | row_header=False | metadata=False
Cell E51 | value='4549' | fill=9 | rows=[50] | cols=[4] | col_header=False | row_header=False | metadata=False
Cell F51 | value='529' | fill=9 | rows=[50] | cols=[5] | col_header=False | row_header=False | metadata=False
Cell G51 | value='2670' | fill=9 | rows=[50] | cols=[6] | col_header=False | row_header=False | metadata=False
Cell H51 | value='10862' | fill=9 | rows=[50] | cols=[7] | col_header=False | row_header=False | metadata=False
Cell I51 | value='156' | fill=9 | rows=[50] | cols=[8] | col_header=False | row_header=False | metadata=False
Cell J51 | value='1509' | fill=9 | rows=[50] | cols=[9] | col_header=False | row_header=False | metadata=False
Cell K51 | value='-' | fill=00000000 | rows=[50] | cols=[10] | col_header=False | row_header=False | metadata=False
Cell L51 | value='263' | fill=9 | rows=[50] | cols=[11] | col_header=False | row_header=False | metadata=False
Cell M51 | value='1924' | fill=9 | rows=[50] | cols=[12] | col_header=False | row_header=False | metadata=False
Cell N51 | value='1995' | fill=9 | rows=[50] | cols=[13] | col_header=False | row_header=False | metadata=False
Cell O51 | value='829' | fill=9 | rows=[50] | cols=[14] | col_header=False | row_header=False | metadata=False
Cell P51 | value='204' | fill=9 | rows=[50] | cols=[15] | col_header=False | row_header=False | metadata=False
Cell Q51 | value='298' | fill=9 | rows=[50] | cols=[16] | col_header=False | row_header=False | metadata=False
Cell R51 | value='3322' | fill=9 | rows=[50] | cols=[17] | col_header=False | row_header=False | metadata=False
Cell S51 | value='6' | fill=9 | rows=[50] | cols=[18] | col_header=False | row_header=False | metadata=False
Cell T51 | value='-' | fill=00000000 | rows=[50] | cols=[19] | col_header=False | row_header=False | metadata=False
Cell U51 | value='-' | fill=00000000 | rows=[50] | cols=[20] | col_header=False | row_header=False | metadata=False
Cell V51 | value='14' | fill=9 | rows=[50] | cols=[21] | col_header=False | row_header=False | metadata=False
Cell W51 | value='23' | fill=9 | rows=[50] | cols=[22] | col_header=False | row_header=False | metadata=False
Cell B52 | value='South East Wales' | fill=9 | rows=[51] | cols=[1] | col_header=False | row_header=False | metadata=False
Cell D52 | value='7234' | fill=9 | rows=[51] | cols=[3] | col_header=False | row_header=False | metadata=False
Cell E52 | value='9615' | fill=9 | rows=[51] | cols=[4] | col_header=False | row_header=False | metadata=False
Cell F52 | value='1183' | fill=9 | rows=[51] | cols=[5] | col_header=False | row_header=False | metadata=False
Cell G52 | value='6779' | fill=9 | rows=[51] | cols=[6] | col_header=False | row_header=False | metadata=False
Cell H52 | value='24813' | fill=9 | rows=[51] | cols=[7] | col_header=False | row_header=False | metadata=False
Cell I52 | value='1261' | fill=9 | rows=[51] | cols=[8] | col_header=False | row_header=False | metadata=False
Cell J52 | value='6048' | fill=9 | rows=[51] | cols=[9] | col_header=False | row_header=False | metadata=False
Cell K52 | value='-' | fill=00000000 | rows=[51] | cols=[10] | col_header=False | row_header=False | metadata=False
Cell L52 | value='1111' | fill=9 | rows=[51] | cols=[11] | col_header=False | row_header=False | metadata=False
Cell M52 | value='8419' | fill=9 | rows=[51] | cols=[12] | col_header=False | row_header=False | metadata=False
Cell N52 | value='2525' | fill=9 | rows=[51] | cols=[13] | col_header=False | row_header=False | metadata=False
Cell O52 | value='1256' | fill=9 | rows=[51] | cols=[14] | col_header=False | row_header=False | metadata=False
Cell P52 | value='373' | fill=9 | rows=[51] | cols=[15] | col_header=False | row_header=False | metadata=False
Cell Q52 | value='807' | fill=9 | rows=[51] | cols=[16] | col_header=False | row_header=False | metadata=False
Cell R52 | value='4964' | fill=9 | rows=[51] | cols=[17] | col_header=False | row_header=False | metadata=False
Cell S52 | value='23' | fill=9 | rows=[51] | cols=[18] | col_header=False | row_header=False | metadata=False
Cell T52 | value='6' | fill=9 | rows=[51] | cols=[19] | col_header=False | row_header=False | metadata=False
Cell U52 | value='-' | fill=00000000 | rows=[51] | cols=[20] | col_header=False | row_header=False | metadata=False
Cell V52 | value='44' | fill=9 | rows=[51] | cols=[21] | col_header=False | row_header=False | metadata=False
Cell W52 | value='69' | fill=9 | rows=[51] | cols=[22] | col_header=False | row_header=False | metadata=False
Cell B53 | value='South West Wales' | fill=9 | rows=[52] | cols=[1] | col_header=False | row_header=False | metadata=False
Cell D53 | value='5666' | fill=9 | rows=[52] | cols=[3] | col_header=False | row_header=False | metadata=False
Cell E53 | value='7059' | fill=9 | rows=[52] | cols=[4] | col_header=False | row_header=False | metadata=False
Cell F53 | value='1012' | fill=9 | rows=[52] | cols=[5] | col_header=False | row_header=False | metadata=False
Cell G53 | value='5392' | fill=9 | rows=[52] | cols=[6] | col_header=False | row_header=False | metadata=False
Cell H53 | value='19131' | fill=9 | rows=[52] | cols=[7] | col_header=False | row_header=False | metadata=False
Cell I53 | value='831' | fill=9 | rows=[52] | cols=[8] | col_header=False | row_header=False | metadata=False
Cell J53 | value='5673' | fill=9 | rows=[52] | cols=[9] | col_header=False | row_header=False | metadata=False
Cell K53 | value='-' | fill=00000000 | rows=[52] | cols=[10] | col_header=False | row_header=False | metadata=False
Cell L53 | value='936' | fill=9 | rows=[52] | cols=[11] | col_header=False | row_header=False | metadata=False
Cell M53 | value='7437' | fill=9 | rows=[52] | cols=[12] | col_header=False | row_header=False | metadata=False
Cell N53 | value='3208' | fill=9 | rows=[52] | cols=[13] | col_header=False | row_header=False | metadata=False
Cell O53 | value='1733' | fill=9 | rows=[52] | cols=[14] | col_header=False | row_header=False | metadata=False
Cell P53 | value='467' | fill=9 | rows=[52] | cols=[15] | col_header=False | row_header=False | metadata=False
Cell Q53 | value='616' | fill=9 | rows=[52] | cols=[16] | col_header=False | row_header=False | metadata=False
Cell R53 | value='6028' | fill=9 | rows=[52] | cols=[17] | col_header=False | row_header=False | metadata=False
Cell S53 | value='19' | fill=9 | rows=[52] | cols=[18] | col_header=False | row_header=False | metadata=False
Cell T53 | value='-' | fill=00000000 | rows=[52] | cols=[19] | col_header=False | row_header=False | metadata=False
Cell U53 | value='-' | fill=00000000 | rows=[52] | cols=[20] | col_header=False | row_header=False | metadata=False
Cell V53 | value='24' | fill=9 | rows=[52] | cols=[21] | col_header=False | row_header=False | metadata=False
Cell W53 | value='48' | fill=9 | rows=[52] | cols=[22] | col_header=False | row_header=False | metadata=False
Cell A55 | value='Unknown' | fill=00000000 | rows=[54] | cols=[0] | col_header=False | row_header=False | metadata=False
Cell D55 | value='1196' | fill=9 | rows=[54] | cols=[3] | col_header=False | row_header=False | metadata=False
Cell E55 | value='831' | fill=9 | rows=[54] | cols=[4] | col_header=False | row_header=False | metadata=False
Cell F55 | value='949' | fill=9 | rows=[54] | cols=[5] | col_header=False | row_header=False | metadata=False
Cell G55 | value='11216' | fill=9 | rows=[54] | cols=[6] | col_header=False | row_header=False | metadata=False
Cell H55 | value='14193' | fill=9 | rows=[54] | cols=[7] | col_header=False | row_header=False | metadata=False
Cell I55 | value='172' | fill=9 | rows=[54] | cols=[8] | col_header=False | row_header=False | metadata=False
Cell J55 | value='336' | fill=9 | rows=[54] | cols=[9] | col_header=False | row_header=False | metadata=False
Cell K55 | value='-' | fill=00000000 | rows=[54] | cols=[10] | col_header=False | row_header=False | metadata=False
Cell L55 | value='63' | fill=9 | rows=[54] | cols=[11] | col_header=False | row_header=False | metadata=False
Cell M55 | value='576' | fill=9 | rows=[54] | cols=[12] | col_header=False | row_header=False | metadata=False
Cell N55 | value='331' | fill=9 | rows=[54] | cols=[13] | col_header=False | row_header=False | metadata=False
Cell O55 | value='99' | fill=9 | rows=[54] | cols=[14] | col_header=False | row_header=False | metadata=False
Cell P55 | value='330' | fill=9 | rows=[54] | cols=[15] | col_header=False | row_header=False | metadata=False
Cell Q55 | value='539' | fill=9 | rows=[54] | cols=[16] | col_header=False | row_header=False | metadata=False
Cell R55 | value='1302' | fill=9 | rows=[54] | cols=[17] | col_header=False | row_header=False | metadata=False
Cell S55 | value='91' | fill=9 | rows=[54] | cols=[18] | col_header=False | row_header=False | metadata=False
Cell T55 | value='9' | fill=9 | rows=[54] | cols=[19] | col_header=False | row_header=False | metadata=False
Cell U55 | value='-' | fill=9 | rows=[54] | cols=[20] | col_header=False | row_header=False | metadata=False
Cell V55 | value='70' | fill=9 | rows=[54] | cols=[21] | col_header=False | row_header=False | metadata=False
Cell W55 | value='170' | fill=9 | rows=[54] | cols=[22] | col_header=False | row_header=False | metadata=False
Cell A61 | value='Cells in this table have been randomly adjusted to avoid the release of confidential data.  Due to adjustments totals may not be the sum of the individual cells.' | fill=FF00B0F0 | rows=[60] | cols=[0] | col_header=False | row_header=False | metadata=True
Cell A62 | value='Table shows the number of sanction decisions made.' | fill=FF00B0F0 | rows=[61] | cols=[0] | col_header=False | row_header=False | metadata=True
Cell A63 | value='"-" dernotes a nil or negligible value' | fill=FF00B0F0 | rows=[62] | cols=[0] | col_header=False | row_header=False | metadata=True
Cell A64 | value='A non-adverse decision is a decision found in favour of the claimant, i.e. a sanction or disallowance is not applied.' | fill=FF00B0F0 | rows=[63] | cols=[0] | col_header=False | row_header=False | metadata=True
Cell A65 | value='An adverse decision is a decision found against the claimant, i.e. a sanction or disallowance is applied.' | fill=FF00B0F0 | rows=[64] | cols=[0] | col_header=False | row_header=False | metadata=True
Cell A66 | value='A reserved decision is where a sanction would be appropriate but cannot be imposed because the claimant does not have a current claim to JSA.' | fill=FF00B0F0 | rows=[65] | cols=[0] | col_header=False | row_header=False | metadata=True
Cell A67 | value='A case would be re-referred if the claimant reclaims JSA within the period of the reserved decision.' | fill=FF00B0F0 | rows=[66] | cols=[0] | col_header=False | row_header=False | metadata=True
Cell A68 | value='A cancelled decision can occur in specific circumstances e.g. the claimant stops claiming before they actually committed the sanctionable failure.' | fill=FF00B0F0 | rows=[67] | cols=[0] | col_header=False | row_header=False | metadata=True

