=== transport-table02.xlsx ===
Cell A1 | value='Department for Transport statistics' | fill=FF00B0F0 | rows=[0] | cols=[0] | col_header=True | row_header=True | metadata=True
Cell A2 | value='https://www.gov.uk/government/organisations/department-for-transport/series/transport-accessibility-statistics--3' | fill=FF00B0F0 | rows=[1] | cols=[0] | col_header=False | row_header=False | metadata=True
Cell A3 | value='Table ACS0202' | fill=FF00B0F0 | rows=[2] | cols=[0] | col_header=False | row_header=False | metadata=True
Cell A4 | value='Users1 with access to key services within lower2 and upper2 threshold by mode of travel, England, 2007 to 2013' | fill=FF00B0F0 | rows=[3] | cols=[0] | col_header=False | row_header=False | metadata=True
Cell R5 | value='Number / Percentage' | fill=FF00B0F0 | rows=[4] | cols=[17] | col_header=False | row_header=False | metadata=True
Cell C6 | value='Key services' | fill=FFFFFF00 | rows=[5] | cols=[2, 3, 4, 5, 6, 7, 8, 9, 10, 11, 12, 13, 14, 15, 16, 17] | col_header=True | row_header=False | metadata=False
Cell C7 | value='Employment' | fill=9 | rows=[6] | cols=[2, 3] | col_header=False | row_header=False | metadata=False
Cell E7 | value='Primary school' | fill=9 | rows=[6] | cols=[4, 5] | col_header=False | row_header=False | metadata=False
Cell G7 | value='Secondary school' | fill=9 | rows=[6] | cols=[6, 7] | col_header=False | row_header=False | metadata=False
Cell I7 | value='Further Education' | fill=9 | rows=[6] | cols=[8, 9] | col_header=False | row_header=False | metadata=False
Cell K7 | value='GP' | fill=9 | rows=[6] | cols=[10, 11] | col_header=False | row_header=False | metadata=False
Cell M7 | value='Hospital' | fill=9 | rows=[6] | cols=[12, 13] | col_header=False | row_header=False | metadata=False
Cell O7 | value='Food store' | fill=9 | rows=[6] | cols=[14, 15] | col_header=False | row_header=False | metadata=False
Cell Q7 | value='Town Centres' | fill=9 | rows=[6] | cols=[16, 17] | col_header=False | row_header=False | metadata=False
Cell A8 | value='Year' | fill=FFFFFF00 | rows=[7] | cols=[0] | col_header=True | row_header=False | metadata=False
Cell B8 | value='Mode' | fill=FFFFFF00 | rows=[7] | cols=[1] | col_header=True | row_header=False | metadata=False
Cell C8 | value='Lower threshold2' | fill=FFFFFF00 | rows=[7] | cols=[2] | col_header=True | row_header=False | metadata=False
Cell D8 | value='Upper threshold2' | fill=FFFFFF00 | rows=[7] | cols=[3] | col_header=True | row_header=False | metadata=False
Cell E8 | value='Lower threshold2' | fill=FFFFFF00 | rows=[7] | cols=[4] | col_header=True | row_header=False | metadata=False
Cell F8 | value='Upper threshold2' | fill=FFFFFF00 | rows=[7] | cols=[5] | col_header=True | row_header=False | metadata=False
Cell G8 | value='Lower threshold2' | fill=FFFFFF00 | rows=[7] | cols=[6] | col_header=True | row_header=False | metadata=False
Cell H8 | value='Upper threshold2' | fill=FFFFFF00 | rows=[7] | cols=[7] | col_header=True | row_header=False | metadata=False
Cell I8 | value='Lower threshold2' | fill=FFFFFF00 | rows=[7] | cols=[8] | col_header=True | row_header=False | metadata=False
Cell J8 | value='Upper threshold2' | fill=FFFFFF00 | rows=[7] | cols=[9] | col_header=True | row_header=False | metadata=False
Cell K8 | value='Lower threshold2' | fill=FFFFFF00 | rows=[7] | cols=[10] | col_header=True | row_header=False | metadata=False
Cell L8 | value='Upper threshold2' | fill=FFFFFF00 | rows=[7] | cols=[11] | col_header=True | row_header=False | metadata=False
Cell M8 | value='Lower threshold2' | fill=FFFFFF00 | rows=[7] | cols=[12] | col_header=True | row_header=False | metadata=False
Cell N8 | value='Upper threshold2' | fill=FFFFFF00 | rows=[7] | cols=[13] | col_header=True | row_header=False | metadata=False
Cell O8 | value='Lower threshold2' | fill=FFFFFF00 | rows=[7] | cols=[14] | col_header=True | row_header=False | metadata=False
Cell P8 | value='Upper threshold2' | fill=FFFFFF00 | rows=[7] | cols=[15] | col_header=True | row_header=False | metadata=False
Cell Q8 | value='Lower threshold2' | fill=FFFFFF00 | rows=[7] | cols=[16] | col_header=True | row_header=False | metadata=False
Cell R8 | value='Upper threshold2' | fill=FFFFFF00 | rows=[7] | cols=[17] | col_header=True | row_header=False | metadata=False
Cell A9 | value='Number of people with access' | fill=FFFFFF00 | rows=[8] | cols=[0] | col_header=True | row_header=False | metadata=False
Cell A10 | value='2007' | fill=9 | rows=[9] | cols=[0] | col_header=False | row_header=False | metadata=False
Cell B10 | value='Public Transport / Walking' | fill=9 | rows=[9] | cols=[1] | col_header=False | row_header=False | metadata=False
Cell C10 | value='34974300' | fill=9 | rows=[9] | cols=[2] | col_header=False | row_header=False | metadata=False
Cell D10 | value='36560000' | fill=9 | rows=[9] | cols=[3] | col_header=False | row_header=False | metadata=False
Cell E10 | value='3278100' | fill=9 | rows=[9] | cols=[4] | col_header=False | row_header=False | metadata=False
Cell F10 | value='3348500' | fill=9 | rows=[9] | cols=[5] | col_header=False | row_header=False | metadata=False
Cell G10 | value='2586000' | fill=9 | rows=[9] | cols=[6] | col_header=False | row_header=False | metadata=False
Cell H10 | value='2906300' | fill=9 | rows=[9] | cols=[7] | col_header=False | row_header=False | metadata=False
Cell I10 | value='2410000' | fill=9 | rows=[9] | cols=[8] | col_header=False | row_header=False | metadata=False
Cell J10 | value='2620100' | fill=9 | rows=[9] | cols=[9] | col_header=False | row_header=False | metadata=False
Cell K10 | value='18848800' | fill=9 | rows=[9] | cols=[10] | col_header=False | row_header=False | metadata=False
Cell L10 | value='20818600' | fill=9 | rows=[9] | cols=[11] | col_header=False | row_header=False | metadata=False
Cell M10 | value='16246800' | fill=9 | rows=[9] | cols=[12] | col_header=False | row_header=False | metadata=False
Cell N10 | value='20503100' | fill=9 | rows=[9] | cols=[13] | col_header=False | row_header=False | metadata=False
Cell O10 | value='20061500' | fill=9 | rows=[9] | cols=[14] | col_header=False | row_header=False | metadata=False
Cell P10 | value='20934000' | fill=9 | rows=[9] | cols=[15] | col_header=False | row_header=False | metadata=False
Cell Q10 | value='..' | fill=9 | rows=[9] | cols=[16] | col_header=False | row_header=False | metadata=False
Cell R10 | value='..' | fill=9 | rows=[9] | cols=[17] | col_header=False | row_header=False | metadata=False
Cell B11 | value='Cycle' | fill=9 | rows=[10] | cols=[1] | col_header=False | row_header=False | metadata=False
Cell C11 | value='35369500' | fill=9 | rows=[10] | cols=[2] | col_header=False | row_header=False | metadata=False
Cell D11 | value='36607800' | fill=9 | rows=[10] | cols=[3] | col_header=False | row_header=False | metadata=False
Cell E11 | value='3334200' | fill=9 | rows=[10] | cols=[4] | col_header=False | row_header=False | metadata=False
Cell F11 | value='3359000' | fill=9 | rows=[10] | cols=[5] | col_header=False | row_header=False | metadata=False
Cell G11 | value='2765000' | fill=9 | rows=[10] | cols=[6] | col_header=False | row_header=False | metadata=False
Cell H11 | value='2925800' | fill=9 | rows=[10] | cols=[7] | col_header=False | row_header=False | metadata=False
Cell I11 | value='2489900' | fill=9 | rows=[10] | cols=[8] | col_header=False | row_header=False | metadata=False
Cell J11 | value='2625400' | fill=9 | rows=[10] | cols=[9] | col_header=False | row_header=False | metadata=False
Cell K11 | value='19742800' | fill=9 | rows=[10] | cols=[10] | col_header=False | row_header=False | metadata=False
Cell L11 | value='20884400' | fill=9 | rows=[10] | cols=[11] | col_header=False | row_header=False | metadata=False
Cell M11 | value='18434100' | fill=9 | rows=[10] | cols=[12] | col_header=False | row_header=False | metadata=False
Cell N11 | value='20722200' | fill=9 | rows=[10] | cols=[13] | col_header=False | row_header=False | metadata=False
Cell O11 | value='20189600' | fill=9 | rows=[10] | cols=[14] | col_header=False | row_header=False | metadata=False
Cell P11 | value='20931000' | fill=9 | rows=[10] | cols=[15] | col_header=False | row_header=False | metadata=False
Cell Q11 | value='..' | fill=9 | rows=[10] | cols=[16] | col_header=False | row_header=False | metadata=False
Cell R11 | value='..' | fill=9 | rows=[10] | cols=[17] | col_header=False | row_header=False | metadata=False
Cell B12 | value='Car' | fill=9 | rows=[11] | cols=[1] | col_header=False | row_header=False | metadata=False
Cell C12 | value='36886300' | fill=9 | rows=[11] | cols=[2] | col_header=False | row_header=False | metadata=False
Cell D12 | value='36890800' | fill=9 | rows=[11] | cols=[3] | col_header=False | row_header=False | metadata=False
Cell E12 | value='3359700' | fill=9 | rows=[11] | cols=[4] | col_header=False | row_header=False | metadata=False
Cell F12 | value='3359700' | fill=9 | rows=[11] | cols=[5] | col_header=False | row_header=False | metadata=False
Cell G12 | value='2948500' | fill=9 | rows=[11] | cols=[6] | col_header=False | row_header=False | metadata=False
Cell H12 | value='2948600' | fill=9 | rows=[11] | cols=[7] | col_header=False | row_header=False | metadata=False
Cell I12 | value='2641400' | fill=9 | rows=[11] | cols=[8] | col_header=False | row_header=False | metadata=False
Cell J12 | value='2641500' | fill=9 | rows=[11] | cols=[9] | col_header=False | row_header=False | metadata=False
Cell K12 | value='21066400' | fill=9 | rows=[11] | cols=[10] | col_header=False | row_header=False | metadata=False
Cell L12 | value='21068300' | fill=9 | rows=[11] | cols=[11] | col_header=False | row_header=False | metadata=False
Cell M12 | value='21066800' | fill=9 | rows=[11] | cols=[12] | col_header=False | row_header=False | metadata=False
Cell N12 | value='21068300' | fill=9 | rows=[11] | cols=[13] | col_header=False | row_header=False | metadata=False
Cell O12 | value='21066400' | fill=9 | rows=[11] | cols=[14] | col_header=False | row_header=False | metadata=False
Cell P12 | value='21068300' | fill=9 | rows=[11] | cols=[15] | col_header=False | row_header=False | metadata=False
Cell Q12 | value='..' | fill=9 | rows=[11] | cols=[16] | col_header=False | row_header=False | metadata=False
Cell R12 | value='..' | fill=9 | rows=[11] | cols=[17] | col_header=False | row_header=False | metadata=False
Cell A13 | value='2008' | fill=9 | rows=[12] | cols=[0] | col_header=False | row_header=False | metadata=False
Cell B13 | value='Public Transport / Walking' | fill=9 | rows=[12] | cols=[1] | col_header=False | row_header=False | metadata=False
Cell C13 | value='36312900' | fill=9 | rows=[12] | cols=[2] | col_header=False | row_header=False | metadata=False
Cell D13 | value='37290900' | fill=9 | rows=[12] | cols=[3] | col_header=False | row_header=False | metadata=False
Cell E13 | value='3238300' | fill=9 | rows=[12] | cols=[4] | col_header=False | row_header=False | metadata=False
Cell F13 | value='3308200' | fill=9 | rows=[12] | cols=[5] | col_header=False | row_header=False | metadata=False
Cell G13 | value='2525400' | fill=9 | rows=[12] | cols=[6] | col_header=False | row_header=False | metadata=False
Cell H13 | value='2861700' | fill=9 | rows=[12] | cols=[7] | col_header=False | row_header=False | metadata=False
Cell I13 | value='2445400' | fill=9 | rows=[12] | cols=[8] | col_header=False | row_header=False | metadata=False
Cell J13 | value='2673900' | fill=9 | rows=[12] | cols=[9] | col_header=False | row_header=False | metadata=False
Cell K13 | value='18811000' | fill=9 | rows=[12] | cols=[10] | col_header=False | row_header=False | metadata=False
Cell L13 | value='20816500' | fill=9 | rows=[12] | cols=[11] | col_header=False | row_header=False | metadata=False
Cell M13 | value='16169400' | fill=9 | rows=[12] | cols=[12] | col_header=False | row_header=False | metadata=False
Cell N13 | value='20479900' | fill=9 | rows=[12] | cols=[13] | col_header=False | row_header=False | metadata=False
Cell O13 | value='20051700' | fill=9 | rows=[12] | cols=[14] | col_header=False | row_header=False | metadata=False
Cell P13 | value='20921300' | fill=9 | rows=[12] | cols=[15] | col_header=False | row_header=False | metadata=False
Cell Q13 | value='..' | fill=9 | rows=[12] | cols=[16] | col_header=False | row_header=False | metadata=False
Cell R13 | value='..' | fill=9 | rows=[12] | cols=[17] | col_header=False | row_header=False | metadata=False
Cell B14 | value='Cycle' | fill=9 | rows=[13] | cols=[1] | col_header=False | row_header=False | metadata=False
Cell C14 | value='36370100' | fill=9 | rows=[13] | cols=[2] | col_header=False | row_header=False | metadata=False
Cell D14 | value='37355000' | fill=9 | rows=[13] | cols=[3] | col_header=False | row_header=False | metadata=False
Cell E14 | value='3294000' | fill=9 | rows=[13] | cols=[4] | col_header=False | row_header=False | metadata=False
Cell F14 | value='3318500' | fill=9 | rows=[13] | cols=[5] | col_header=False | row_header=False | metadata=False
Cell G14 | value='2720300' | fill=9 | rows=[13] | cols=[6] | col_header=False | row_header=False | metadata=False
Cell H14 | value='2883000' | fill=9 | rows=[13] | cols=[7] | col_header=False | row_header=False | metadata=False
Cell I14 | value='2535300' | fill=9 | rows=[13] | cols=[8] | col_header=False | row_header=False | metadata=False
Cell J14 | value='2679000' | fill=9 | rows=[13] | cols=[9] | col_header=False | row_header=False | metadata=False
Cell K14 | value='19736800' | fill=9 | rows=[13] | cols=[10] | col_header=False | row_header=False | metadata=False
Cell L14 | value='20878700' | fill=9 | rows=[13] | cols=[11] | col_header=False | row_header=False | metadata=False
Cell M14 | value='18425800' | fill=9 | rows=[13] | cols=[12] | col_header=False | row_header=False | metadata=False
Cell N14 | value='20716400' | fill=9 | rows=[13] | cols=[13] | col_header=False | row_header=False | metadata=False
Cell O14 | value='20190300' | fill=9 | rows=[13] | cols=[14] | col_header=False | row_header=False | metadata=False
Cell P14 | value='20922700' | fill=9 | rows=[13] | cols=[15] | col_header=False | row_header=False | metadata=False
Cell Q14 | value='..' | fill=9 | rows=[13] | cols=[16] | col_header=False | row_header=False | metadata=False
Cell R14 | value='..' | fill=9 | rows=[13] | cols=[17] | col_header=False | row_header=False | metadata=False
Cell B15 | value='Car' | fill=9 | rows=[14] | cols=[1] | col_header=False | row_header=False | metadata=False
Cell C15 | value='37466700' | fill=9 | rows=[14] | cols=[2] | col_header=False | row_header=False | metadata=False
Cell D15 | value='37468000' | fill=9 | rows=[14] | cols=[3] | col_header=False | row_header=False | metadata=False
Cell E15 | value='3319200' | fill=9 | rows=[14] | cols=[4] | col_header=False | row_header=False | metadata=False
Cell F15 | value='3319200' | fill=9 | rows=[14] | cols=[5] | col_header=False | row_header=False | metadata=False
Cell G15 | value='2905700' | fill=9 | rows=[14] | cols=[6] | col_header=False | row_header=False | metadata=False
Cell H15 | value='2905800' | fill=9 | rows=[14] | cols=[7] | col_header=False | row_header=False | metadata=False
Cell I15 | value='2697900' | fill=9 | rows=[14] | cols=[8] | col_header=False | row_header=False | metadata=False
Cell J15 | value='2698000' | fill=9 | rows=[14] | cols=[9] | col_header=False | row_header=False | metadata=False
Cell K15 | value='21060700' | fill=9 | rows=[14] | cols=[10] | col_header=False | row_header=False | metadata=False
Cell L15 | value='21062600' | fill=9 | rows=[14] | cols=[11] | col_header=False | row_header=False | metadata=False
Cell M15 | value='21060800' | fill=9 | rows=[14] | cols=[12] | col_header=False | row_header=False | metadata=False
Cell N15 | value='21062600' | fill=9 | rows=[14] | cols=[13] | col_header=False | row_header=False | metadata=False
Cell O15 | value='21060300' | fill=9 | rows=[14] | cols=[14] | col_header=False | row_header=False | metadata=False
Cell P15 | value='21062600' | fill=9 | rows=[14] | cols=[15] | col_header=False | row_header=False | metadata=False
Cell Q15 | value='..' | fill=9 | rows=[14] | cols=[16] | col_header=False | row_header=False | metadata=False
Cell R15 | value='..' | fill=9 | rows=[14] | cols=[17] | col_header=False | row_header=False | metadata=False
Cell A16 | value='2009' | fill=9 | rows=[15] | cols=[0] | col_header=False | row_header=False | metadata=False
Cell B16 | value='Public Transport / Walking' | fill=9 | rows=[15] | cols=[1] | col_header=False | row_header=False | metadata=False
Cell C16 | value='36622200' | fill=9 | rows=[15] | cols=[2] | col_header=False | row_header=False | metadata=False
Cell D16 | value='37577600' | fill=9 | rows=[15] | cols=[3] | col_header=False | row_header=False | metadata=False
Cell E16 | value='3220100' | fill=9 | rows=[15] | cols=[4] | col_header=False | row_header=False | metadata=False
Cell F16 | value='3275700' | fill=9 | rows=[15] | cols=[5] | col_header=False | row_header=False | metadata=False
Cell G16 | value='2535400' | fill=9 | rows=[15] | cols=[6] | col_header=False | row_header=False | metadata=False
Cell H16 | value='2834400' | fill=9 | rows=[15] | cols=[7] | col_header=False | row_header=False | metadata=False
Cell I16 | value='2454400' | fill=9 | rows=[15] | cols=[8] | col_header=False | row_header=False | metadata=False
Cell J16 | value='2667400' | fill=9 | rows=[15] | cols=[9] | col_header=False | row_header=False | metadata=False
Cell K16 | value='20764900' | fill=9 | rows=[15] | cols=[10] | col_header=False | row_header=False | metadata=False
Cell L16 | value='22035800' | fill=9 | rows=[15] | cols=[11] | col_header=False | row_header=False | metadata=False
Cell M16 | value='16012300' | fill=9 | rows=[15] | cols=[12] | col_header=False | row_header=False | metadata=False
Cell N16 | value='21177800' | fill=9 | rows=[15] | cols=[13] | col_header=False | row_header=False | metadata=False
Cell O16 | value='21240200' | fill=9 | rows=[15] | cols=[14] | col_header=False | row_header=False | metadata=False
Cell P16 | value='22054700' | fill=9 | rows=[15] | cols=[15] | col_header=False | row_header=False | metadata=False
Cell Q16 | value='13449600' | fill=9 | rows=[15] | cols=[16] | col_header=False | row_header=False | metadata=False
Cell R16 | value='20449000' | fill=9 | rows=[15] | cols=[17] | col_header=False | row_header=False | metadata=False
Cell B17 | value='Cycle' | fill=9 | rows=[16] | cols=[1] | col_header=False | row_header=False | metadata=False
Cell C17 | value='36562400' | fill=9 | rows=[16] | cols=[2] | col_header=False | row_header=False | metadata=False
Cell D17 | value='37636000' | fill=9 | rows=[16] | cols=[3] | col_header=False | row_header=False | metadata=False
Cell E17 | value='3262200' | fill=9 | rows=[16] | cols=[4] | col_header=False | row_header=False | metadata=False
Cell F17 | value='3288000' | fill=9 | rows=[16] | cols=[5] | col_header=False | row_header=False | metadata=False
Cell G17 | value='2690500' | fill=9 | rows=[16] | cols=[6] | col_header=False | row_header=False | metadata=False
Cell H17 | value='2848700' | fill=9 | rows=[16] | cols=[7] | col_header=False | row_header=False | metadata=False
Cell I17 | value='2513900' | fill=9 | rows=[16] | cols=[8] | col_header=False | row_header=False | metadata=False
Cell J17 | value='2644000' | fill=9 | rows=[16] | cols=[9] | col_header=False | row_header=False | metadata=False
Cell K17 | value='21222300' | fill=9 | rows=[16] | cols=[10] | col_header=False | row_header=False | metadata=False
Cell L17 | value='22119700' | fill=9 | rows=[16] | cols=[11] | col_header=False | row_header=False | metadata=False
Cell M17 | value='18127000' | fill=9 | rows=[16] | cols=[12] | col_header=False | row_header=False | metadata=False
Cell N17 | value='20402500' | fill=9 | rows=[16] | cols=[13] | col_header=False | row_header=False | metadata=False
Cell O17 | value='21213200' | fill=9 | rows=[16] | cols=[14] | col_header=False | row_header=False | metadata=False
Cell P17 | value='22046900' | fill=9 | rows=[16] | cols=[15] | col_header=False | row_header=False | metadata=False
Cell Q17 | value='16514600' | fill=9 | rows=[16] | cols=[16] | col_header=False | row_header=False | metadata=False
Cell R17 | value='20149500' | fill=9 | rows=[16] | cols=[17] | col_header=False | row_header=False | metadata=False
Cell B18 | value='Car' | fill=9 | rows=[17] | cols=[1] | col_header=False | row_header=False | metadata=False
Cell C18 | value='37763500' | fill=9 | rows=[17] | cols=[2] | col_header=False | row_header=False | metadata=False
Cell D18 | value='37763900' | fill=9 | rows=[17] | cols=[3] | col_header=False | row_header=False | metadata=False
Cell E18 | value='3288700' | fill=9 | rows=[17] | cols=[4] | col_header=False | row_header=False | metadata=False
Cell F18 | value='3288700' | fill=9 | rows=[17] | cols=[5] | col_header=False | row_header=False | metadata=False
Cell G18 | value='2875900' | fill=9 | rows=[17] | cols=[6] | col_header=False | row_header=False | metadata=False
Cell H18 | value='2876000' | fill=9 | rows=[17] | cols=[7] | col_header=False | row_header=False | metadata=False
Cell I18 | value='2695200' | fill=9 | rows=[17] | cols=[8] | col_header=False | row_header=False | metadata=False
Cell J18 | value='2695300' | fill=9 | rows=[17] | cols=[9] | col_header=False | row_header=False | metadata=False
Cell K18 | value='22202500' | fill=9 | rows=[17] | cols=[10] | col_header=False | row_header=False | metadata=False
Cell L18 | value='22203400' | fill=9 | rows=[17] | cols=[11] | col_header=False | row_header=False | metadata=False
Cell M18 | value='22200500' | fill=9 | rows=[17] | cols=[12] | col_header=False | row_header=False | metadata=False
Cell N18 | value='22203400' | fill=9 | rows=[17] | cols=[13] | col_header=False | row_header=False | metadata=False
Cell O18 | value='22201200' | fill=9 | rows=[17] | cols=[14] | col_header=False | row_header=False | metadata=False
Cell P18 | value='22203400' | fill=9 | rows=[17] | cols=[15] | col_header=False | row_header=False | metadata=False
Cell Q18 | value='22101000' | fill=9 | rows=[17] | cols=[16] | col_header=False | row_header=False | metadata=False
Cell R18 | value='22201800' | fill=9 | rows=[17] | cols=[17] | col_header=False | row_header=False | metadata=False
Cell A19 | value='2010' | fill=9 | rows=[18] | cols=[0] | col_header=False | row_header=False | metadata=False
Cell B19 | value='Public Transport / Walking' | fill=9 | rows=[18] | cols=[1] | col_header=False | row_header=False | metadata=False
Cell C19 | value='36501600' | fill=9 | rows=[18] | cols=[2] | col_header=False | row_header=False | metadata=False
Cell D19 | value='37770000' | fill=9 | rows=[18] | cols=[3] | col_header=False | row_header=False | metadata=False
Cell E19 | value='3204300' | fill=9 | rows=[18] | cols=[4] | col_header=False | row_header=False | metadata=False
Cell F19 | value='3275400' | fill=9 | rows=[18] | cols=[5] | col_header=False | row_header=False | metadata=False
Cell G19 | value='2447000' | fill=9 | rows=[18] | cols=[6] | col_header=False | row_header=False | metadata=False
Cell H19 | value='2796000' | fill=9 | rows=[18] | cols=[7] | col_header=False | row_header=False | metadata=False
Cell I19 | value='2418100' | fill=9 | rows=[18] | cols=[8] | col_header=False | row_header=False | metadata=False
Cell J19 | value='2651100' | fill=9 | rows=[18] | cols=[9] | col_header=False | row_header=False | metadata=False
Cell K19 | value='20619000' | fill=9 | rows=[18] | cols=[10] | col_header=False | row_header=False | metadata=False
Cell L19 | value='21920000' | fill=9 | rows=[18] | cols=[11] | col_header=False | row_header=False | metadata=False
Cell M19 | value='14678500' | fill=9 | rows=[18] | cols=[12] | col_header=False | row_header=False | metadata=False
Cell N19 | value='20601100' | fill=9 | rows=[18] | cols=[13] | col_header=False | row_header=False | metadata=False
Cell O19 | value='21147800' | fill=9 | rows=[18] | cols=[14] | col_header=False | row_header=False | metadata=False
Cell P19 | value='21947900' | fill=9 | rows=[18] | cols=[15] | col_header=False | row_header=False | metadata=False
Cell Q19 | value='12854400' | fill=9 | rows=[18] | cols=[16] | col_header=False | row_header=False | metadata=False
Cell R19 | value='20109100' | fill=9 | rows=[18] | cols=[17] | col_header=False | row_header=False | metadata=False
Cell B20 | value='Cycle' | fill=9 | rows=[19] | cols=[1] | col_header=False | row_header=False | metadata=False
Cell C20 | value='36869200' | fill=9 | rows=[19] | cols=[2] | col_header=False | row_header=False | metadata=False
Cell D20 | value='37924500' | fill=9 | rows=[19] | cols=[3] | col_header=False | row_header=False | metadata=False
Cell E20 | value='3271800' | fill=9 | rows=[19] | cols=[4] | col_header=False | row_header=False | metadata=False
Cell F20 | value='3293500' | fill=9 | rows=[19] | cols=[5] | col_header=False | row_header=False | metadata=False
Cell G20 | value='2673100' | fill=9 | rows=[19] | cols=[6] | col_header=False | row_header=False | metadata=False
Cell H20 | value='2832600' | fill=9 | rows=[19] | cols=[7] | col_header=False | row_header=False | metadata=False
Cell I20 | value='2526600' | fill=9 | rows=[19] | cols=[8] | col_header=False | row_header=False | metadata=False
Cell J20 | value='2669100' | fill=9 | rows=[19] | cols=[9] | col_header=False | row_header=False | metadata=False
Cell K20 | value='21371200' | fill=9 | rows=[19] | cols=[10] | col_header=False | row_header=False | metadata=False
Cell L20 | value='22073100' | fill=9 | rows=[19] | cols=[11] | col_header=False | row_header=False | metadata=False
Cell M20 | value='18193700' | fill=9 | rows=[19] | cols=[12] | col_header=False | row_header=False | metadata=False
Cell N20 | value='21336100' | fill=9 | rows=[19] | cols=[13] | col_header=False | row_header=False | metadata=False
Cell O20 | value='21294700' | fill=9 | rows=[19] | cols=[14] | col_header=False | row_header=False | metadata=False
Cell P20 | value='22011900' | fill=9 | rows=[19] | cols=[15] | col_header=False | row_header=False | metadata=False
Cell Q20 | value='17153400' | fill=9 | rows=[19] | cols=[16] | col_header=False | row_header=False | metadata=False
Cell R20 | value='20519400' | fill=9 | rows=[19] | cols=[17] | col_header=False | row_header=False | metadata=False
Cell B21 | value='Car' | fill=9 | rows=[20] | cols=[1] | col_header=False | row_header=False | metadata=False
Cell C21 | value='38048100' | fill=9 | rows=[20] | cols=[2] | col_header=False | row_header=False | metadata=False
Cell D21 | value='38049700' | fill=9 | rows=[20] | cols=[3] | col_header=False | row_header=False | metadata=False
Cell E21 | value='3294000' | fill=9 | rows=[20] | cols=[4] | col_header=False | row_header=False | metadata=False
Cell F21 | value='3294000' | fill=9 | rows=[20] | cols=[5] | col_header=False | row_header=False | metadata=False
Cell G21 | value='2855000' | fill=9 | rows=[20] | cols=[6] | col_header=False | row_header=False | metadata=False
Cell H21 | value='2855200' | fill=9 | rows=[20] | cols=[7] | col_header=False | row_header=False | metadata=False
Cell I21 | value='2683300' | fill=9 | rows=[20] | cols=[8] | col_header=False | row_header=False | metadata=False
Cell J21 | value='2683400' | fill=9 | rows=[20] | cols=[9] | col_header=False | row_header=False | metadata=False
Cell K21 | value='22151800' | fill=9 | rows=[20] | cols=[10] | col_header=False | row_header=False | metadata=False
Cell L21 | value='22152300' | fill=9 | rows=[20] | cols=[11] | col_header=False | row_header=False | metadata=False
Cell M21 | value='22145900' | fill=9 | rows=[20] | cols=[12] | col_header=False | row_header=False | metadata=False
Cell N21 | value='22152300' | fill=9 | rows=[20] | cols=[13] | col_header=False | row_header=False | metadata=False
Cell O21 | value='22149100' | fill=9 | rows=[20] | cols=[14] | col_header=False | row_header=False | metadata=False
Cell P21 | value='22151500' | fill=9 | rows=[20] | cols=[15] | col_header=False | row_header=False | metadata=False
Cell Q21 | value='22042700' | fill=9 | rows=[20] | cols=[16] | col_header=False | row_header=False | metadata=False
Cell R21 | value='22150100' | fill=9 | rows=[20] | cols=[17] | col_header=False | row_header=False | metadata=False
Cell B22 | value='Car (new method)3' | fill=9 | rows=[21] | cols=[1] | col_header=False | row_header=False | metadata=False
Cell C22 | value='38008300' | fill=9 | rows=[21] | cols=[2] | col_header=False | row_header=False | metadata=False
Cell D22 | value='38018500' | fill=9 | rows=[21] | cols=[3] | col_header=False | row_header=False | metadata=False
Cell E22 | value='3291600' | fill=9 | rows=[21] | cols=[4] | col_header=False | row_header=False | metadata=False
Cell F22 | value='3291800' | fill=9 | rows=[21] | cols=[5] | col_header=False | row_header=False | metadata=False
Cell G22 | value='2852400' | fill=9 | rows=[21] | cols=[6] | col_header=False | row_header=False | metadata=False
Cell H22 | value='2853400' | fill=9 | rows=[21] | cols=[7] | col_header=False | row_header=False | metadata=False
Cell I22 | value='2680800' | fill=9 | rows=[21] | cols=[8] | col_header=False | row_header=False | metadata=False
Cell J22 | value='2681700' | fill=9 | rows=[21] | cols=[9] | col_header=False | row_header=False | metadata=False
Cell K22 | value='22127200' | fill=9 | rows=[21] | cols=[10] | col_header=False | row_header=False | metadata=False
Cell L22 | value='22134800' | fill=9 | rows=[21] | cols=[11] | col_header=False | row_header=False | metadata=False
Cell M22 | value='22063000' | fill=9 | rows=[21] | cols=[12] | col_header=False | row_header=False | metadata=False
Cell N22 | value='22134400' | fill=9 | rows=[21] | cols=[13] | col_header=False | row_header=False | metadata=False
Cell O22 | value='22123600' | fill=9 | rows=[21] | cols=[14] | col_header=False | row_header=False | metadata=False
Cell P22 | value='22134500' | fill=9 | rows=[21] | cols=[15] | col_header=False | row_header=False | metadata=False
Cell Q22 | value='21561700' | fill=9 | rows=[21] | cols=[16] | col_header=False | row_header=False | metadata=False
Cell R22 | value='22123100' | fill=9 | rows=[21] | cols=[17] | col_header=False | row_header=False | metadata=False
Cell A23 | value='2011' | fill=9 | rows=[22] | cols=[0] | col_header=False | row_header=False | metadata=False
Cell B23 | value='Public Transport / Walking' | fill=9 | rows=[22] | cols=[1] | col_header=False | row_header=False | metadata=False
Cell C23 | value='35567100' | fill=9 | rows=[22] | cols=[2] | col_header=False | row_header=False | metadata=False
Cell D23 | value='37147100' | fill=9 | rows=[22] | cols=[3] | col_header=False | row_header=False | metadata=False
Cell E23 | value='3186200' | fill=9 | rows=[22] | cols=[4] | col_header=False | row_header=False | metadata=False
Cell F23 | value='3271100' | fill=9 | rows=[22] | cols=[5] | col_header=False | row_header=False | metadata=False
Cell G23 | value='2404000' | fill=9 | rows=[22] | cols=[6] | col_header=False | row_header=False | metadata=False
Cell H23 | value='2789500' | fill=9 | rows=[22] | cols=[7] | col_header=False | row_header=False | metadata=False
Cell I23 | value='2380500' | fill=9 | rows=[22] | cols=[8] | col_header=False | row_header=False | metadata=False
Cell J23 | value='2615100' | fill=9 | rows=[22] | cols=[9] | col_header=False | row_header=False | metadata=False
Cell K23 | value='20415600' | fill=9 | rows=[22] | cols=[10] | col_header=False | row_header=False | metadata=False
Cell L23 | value='22093900' | fill=9 | rows=[22] | cols=[11] | col_header=False | row_header=False | metadata=False
Cell M23 | value='13701100' | fill=9 | rows=[22] | cols=[12] | col_header=False | row_header=False | metadata=False
Cell N23 | value='20421200' | fill=9 | rows=[22] | cols=[13] | col_header=False | row_header=False | metadata=False
Cell O23 | value='21266700' | fill=9 | rows=[22] | cols=[14] | col_header=False | row_header=False | metadata=False
Cell P23 | value='22146300' | fill=9 | rows=[22] | cols=[15] | col_header=False | row_header=False | metadata=False
Cell Q23 | value='12510700' | fill=9 | rows=[22] | cols=[16] | col_header=False | row_header=False | metadata=False
Cell R23 | value='20126300' | fill=9 | rows=[22] | cols=[17] | col_header=False | row_header=False | metadata=False
Cell B24 | value='Public Transport / Walking5 (revised)' | fill=9 | rows=[23] | cols=[1] | col_header=False | row_header=False | metadata=False
Cell C24 | value='36180100' | fill=9 | rows=[23] | cols=[2] | col_header=False | row_header=False | metadata=False
Cell D24 | value='37288500' | fill=9 | rows=[23] | cols=[3] | col_header=False | row_header=False | metadata=False
Cell E24 | value='3249000' | fill=9 | rows=[23] | cols=[4] | col_header=False | row_header=False | metadata=False
Cell F24 | value='3287100' | fill=9 | rows=[23] | cols=[5] | col_header=False | row_header=False | metadata=False
Cell G24 | value='2583200' | fill=9 | rows=[23] | cols=[6] | col_header=False | row_header=False | metadata=False
Cell H24 | value='2810800' | fill=9 | rows=[23] | cols=[7] | col_header=False | row_header=False | metadata=False
Cell I24 | value='2446000' | fill=9 | rows=[23] | cols=[8] | col_header=False | row_header=False | metadata=False
Cell J24 | value='2626900' | fill=9 | rows=[23] | cols=[9] | col_header=False | row_header=False | metadata=False
Cell K24 | value='21232000' | fill=9 | rows=[23] | cols=[10] | col_header=False | row_header=False | metadata=False
Cell L24 | value='22213000' | fill=9 | rows=[23] | cols=[11] | col_header=False | row_header=False | metadata=False
Cell M24 | value='15048400' | fill=9 | rows=[23] | cols=[12] | col_header=False | row_header=False | metadata=False
Cell N24 | value='20828800' | fill=9 | rows=[23] | cols=[13] | col_header=False | row_header=False | metadata=False
Cell O24 | value='21629600' | fill=9 | rows=[23] | cols=[14] | col_header=False | row_header=False | metadata=False
Cell P24 | value='22231700' | fill=9 | rows=[23] | cols=[15] | col_header=False | row_header=False | metadata=False
Cell Q24 | value='14256600' | fill=9 | rows=[23] | cols=[16] | col_header=False | row_header=False | metadata=False
Cell R24 | value='20549500' | fill=9 | rows=[23] | cols=[17] | col_header=False | row_header=False | metadata=False
Cell B25 | value='Cycle' | fill=9 | rows=[24] | cols=[1] | col_header=False | row_header=False | metadata=False
Cell C25 | value='36264900' | fill=9 | rows=[24] | cols=[2] | col_header=False | row_header=False | metadata=False
Cell D25 | value='37339600' | fill=9 | rows=[24] | cols=[3] | col_header=False | row_header=False | metadata=False
Cell E25 | value='3288900' | fill=9 | rows=[24] | cols=[4] | col_header=False | row_header=False | metadata=False
Cell F25 | value='3289100' | fill=9 | rows=[24] | cols=[5] | col_header=False | row_header=False | metadata=False
Cell G25 | value='2670300' | fill=9 | rows=[24] | cols=[6] | col_header=False | row_header=False | metadata=False
Cell H25 | value='2831500' | fill=9 | rows=[24] | cols=[7] | col_header=False | row_header=False | metadata=False
Cell I25 | value='2494700' | fill=9 | rows=[24] | cols=[8] | col_header=False | row_header=False | metadata=False
Cell J25 | value='2635600' | fill=9 | rows=[24] | cols=[9] | col_header=False | row_header=False | metadata=False
Cell K25 | value='21534500' | fill=9 | rows=[24] | cols=[10] | col_header=False | row_header=False | metadata=False
Cell L25 | value='22253100' | fill=9 | rows=[24] | cols=[11] | col_header=False | row_header=False | metadata=False
Cell M25 | value='17932800' | fill=9 | rows=[24] | cols=[12] | col_header=False | row_header=False | metadata=False
Cell N25 | value='21336300' | fill=9 | rows=[24] | cols=[13] | col_header=False | row_header=False | metadata=False
Cell O25 | value='21534500' | fill=9 | rows=[24] | cols=[14] | col_header=False | row_header=False | metadata=False
Cell P25 | value='22253100' | fill=9 | rows=[24] | cols=[15] | col_header=False | row_header=False | metadata=False
Cell Q25 | value='17333600' | fill=9 | rows=[24] | cols=[16] | col_header=False | row_header=False | metadata=False
Cell R25 | value='20737400' | fill=9 | rows=[24] | cols=[17] | col_header=False | row_header=False | metadata=False
Cell B26 | value='Car (new method)3' | fill=9 | rows=[25] | cols=[1] | col_header=False | row_header=False | metadata=False
Cell C26 | value='37397400' | fill=9 | rows=[25] | cols=[2] | col_header=False | row_header=False | metadata=False
Cell D26 | value='37407700' | fill=9 | rows=[25] | cols=[3] | col_header=False | row_header=False | metadata=False
Cell E26 | value='3288900' | fill=9 | rows=[25] | cols=[4] | col_header=False | row_header=False | metadata=False
Cell F26 | value='3289100' | fill=9 | rows=[25] | cols=[5] | col_header=False | row_header=False | metadata=False
Cell G26 | value='2849200' | fill=9 | rows=[25] | cols=[6] | col_header=False | row_header=False | metadata=False
Cell H26 | value='2851200' | fill=9 | rows=[25] | cols=[7] | col_header=False | row_header=False | metadata=False
Cell I26 | value='2645100' | fill=9 | rows=[25] | cols=[8] | col_header=False | row_header=False | metadata=False
Cell J26 | value='2647000' | fill=9 | rows=[25] | cols=[9] | col_header=False | row_header=False | metadata=False
Cell K26 | value='22342900' | fill=9 | rows=[25] | cols=[10] | col_header=False | row_header=False | metadata=False
Cell L26 | value='22351100' | fill=9 | rows=[25] | cols=[11] | col_header=False | row_header=False | metadata=False
Cell M26 | value='22194600' | fill=9 | rows=[25] | cols=[12] | col_header=False | row_header=False | metadata=False
Cell N26 | value='22350700' | fill=9 | rows=[25] | cols=[13] | col_header=False | row_header=False | metadata=False
Cell O26 | value='22335900' | fill=9 | rows=[25] | cols=[14] | col_header=False | row_header=False | metadata=False
Cell P26 | value='22350800' | fill=9 | rows=[25] | cols=[15] | col_header=False | row_header=False | metadata=False
Cell Q26 | value='21683200' | fill=9 | rows=[25] | cols=[16] | col_header=False | row_header=False | metadata=False
Cell R26 | value='22330700' | fill=9 | rows=[25] | cols=[17] | col_header=False | row_header=False | metadata=False
Cell A27 | value='2012' | fill=9 | rows=[26] | cols=[0] | col_header=False | row_header=False | metadata=False
Cell B27 | value='Public Transport / Walking4' | fill=9 | rows=[26] | cols=[1] | col_header=False | row_header=False | metadata=False
Cell C27 | value='-' | fill=9 | rows=[26] | cols=[2] | col_header=False | row_header=False | metadata=False
Cell D27 | value='-' | fill=9 | rows=[26] | cols=[3] | col_header=False | row_header=False | metadata=False
Cell E27 | value='-' | fill=9 | rows=[26] | cols=[4] | col_header=False | row_header=False | metadata=False
Cell F27 | value='-' | fill=9 | rows=[26] | cols=[5] | col_header=False | row_header=False | metadata=False
Cell G27 | value='-' | fill=9 | rows=[26] | cols=[6] | col_header=False | row_header=False | metadata=False
Cell H27 | value='-' | fill=9 | rows=[26] | cols=[7] | col_header=False | row_header=False | metadata=False
Cell I27 | value='-' | fill=9 | rows=[26] | cols=[8] | col_header=False | row_header=False | metadata=False
Cell J27 | value='-' | fill=9 | rows=[26] | cols=[9] | col_header=False | row_header=False | metadata=False
Cell K27 | value='-' | fill=9 | rows=[26] | cols=[10] | col_header=False | row_header=False | metadata=False
Cell L27 | value='-' | fill=9 | rows=[26] | cols=[11] | col_header=False | row_header=False | metadata=False
Cell M27 | value='-' | fill=9 | rows=[26] | cols=[12] | col_header=False | row_header=False | metadata=False
Cell N27 | value='-' | fill=9 | rows=[26] | cols=[13] | col_header=False | row_header=False | metadata=False
Cell O27 | value='-' | fill=9 | rows=[26] | cols=[14] | col_header=False | row_header=False | metadata=False
Cell P27 | value='-' | fill=9 | rows=[26] | cols=[15] | col_header=False | row_header=False | metadata=False
Cell Q27 | value='-' | fill=9 | rows=[26] | cols=[16] | col_header=False | row_header=False | metadata=False
Cell R27 | value='-' | fill=9 | rows=[26] | cols=[17] | col_header=False | row_header=False | metadata=False
Cell B28 | value='Cycle' | fill=9 | rows=[27] | cols=[1] | col_header=False | row_header=False | metadata=False
Cell C28 | value='37232000' | fill=9 | rows=[27] | cols=[2] | col_header=False | row_header=False | metadata=False
Cell D28 | value='38241000' | fill=9 | rows=[27] | cols=[3] | col_header=False | row_header=False | metadata=False
Cell E28 | value='3424900' | fill=9 | rows=[27] | cols=[4] | col_header=False | row_header=False | metadata=False
Cell F28 | value='3445400' | fill=9 | rows=[27] | cols=[5] | col_header=False | row_header=False | metadata=False
Cell G28 | value='2592900' | fill=9 | rows=[27] | cols=[6] | col_header=False | row_header=False | metadata=False
Cell H28 | value='2743100' | fill=9 | rows=[27] | cols=[7] | col_header=False | row_header=False | metadata=False
Cell I28 | value='2452400' | fill=9 | rows=[27] | cols=[8] | col_header=False | row_header=False | metadata=False
Cell J28 | value='2588200' | fill=9 | rows=[27] | cols=[9] | col_header=False | row_header=False | metadata=False
Cell K28 | value='21265500' | fill=9 | rows=[27] | cols=[10] | col_header=False | row_header=False | metadata=False
Cell L28 | value='22012200' | fill=9 | rows=[27] | cols=[11] | col_header=False | row_header=False | metadata=False
Cell M28 | value='18307300' | fill=9 | rows=[27] | cols=[12] | col_header=False | row_header=False | metadata=False
Cell N28 | value='21367800' | fill=9 | rows=[27] | cols=[13] | col_header=False | row_header=False | metadata=False
Cell O28 | value='21305900' | fill=9 | rows=[27] | cols=[14] | col_header=False | row_header=False | metadata=False
Cell P28 | value='21983200' | fill=9 | rows=[27] | cols=[15] | col_header=False | row_header=False | metadata=False
Cell Q28 | value='17247100' | fill=9 | rows=[27] | cols=[16] | col_header=False | row_header=False | metadata=False
Cell R28 | value='20545800' | fill=9 | rows=[27] | cols=[17] | col_header=False | row_header=False | metadata=False
Cell B29 | value='Car (new method)' | fill=9 | rows=[28] | cols=[1] | col_header=False | row_header=False | metadata=False
Cell C29 | value='38282900' | fill=9 | rows=[28] | cols=[2] | col_header=False | row_header=False | metadata=False
Cell D29 | value='38289400' | fill=9 | rows=[28] | cols=[3] | col_header=False | row_header=False | metadata=False
Cell E29 | value='3441200' | fill=9 | rows=[28] | cols=[4] | col_header=False | row_header=False | metadata=False
Cell F29 | value='3441300' | fill=9 | rows=[28] | cols=[5] | col_header=False | row_header=False | metadata=False
Cell G29 | value='2762000' | fill=9 | rows=[28] | cols=[6] | col_header=False | row_header=False | metadata=False
Cell H29 | value='2763400' | fill=9 | rows=[28] | cols=[7] | col_header=False | row_header=False | metadata=False
Cell I29 | value='2599400' | fill=9 | rows=[28] | cols=[8] | col_header=False | row_header=False | metadata=False
Cell J29 | value='2600700' | fill=9 | rows=[28] | cols=[9] | col_header=False | row_header=False | metadata=False
Cell K29 | value='22058300' | fill=9 | rows=[28] | cols=[10] | col_header=False | row_header=False | metadata=False
Cell L29 | value='22067200' | fill=9 | rows=[28] | cols=[11] | col_header=False | row_header=False | metadata=False
Cell M29 | value='21980900' | fill=9 | rows=[28] | cols=[12] | col_header=False | row_header=False | metadata=False
Cell N29 | value='22066900' | fill=9 | rows=[28] | cols=[13] | col_header=False | row_header=False | metadata=False
Cell O29 | value='22056900' | fill=9 | rows=[28] | cols=[14] | col_header=False | row_header=False | metadata=False
Cell P29 | value='22066800' | fill=9 | rows=[28] | cols=[15] | col_header=False | row_header=False | metadata=False
Cell Q29 | value='21499400' | fill=9 | rows=[28] | cols=[16] | col_header=False | row_header=False | metadata=False
Cell R29 | value='22048600' | fill=9 | rows=[28] | cols=[17] | col_header=False | row_header=False | metadata=False
Cell A30 | value='2013' | fill=9 | rows=[29] | cols=[0] | col_header=False | row_header=False | metadata=False
Cell B30 | value='Public Transport / Walking' | fill=9 | rows=[29] | cols=[1] | col_header=False | row_header=False | metadata=False
Cell C30 | value='38034600' | fill=9 | rows=[29] | cols=[2] | col_header=False | row_header=False | metadata=False
Cell D30 | value='38987100' | fill=9 | rows=[29] | cols=[3] | col_header=False | row_header=False | metadata=False
Cell E30 | value='3405300' | fill=9 | rows=[29] | cols=[4] | col_header=False | row_header=False | metadata=False
Cell F30 | value='3440600' | fill=9 | rows=[29] | cols=[5] | col_header=False | row_header=False | metadata=False
Cell G30 | value='2536000' | fill=9 | rows=[29] | cols=[6] | col_header=False | row_header=False | metadata=False
Cell H30 | value='2731300' | fill=9 | rows=[29] | cols=[7] | col_header=False | row_header=False | metadata=False
Cell I30 | value='2458700' | fill=9 | rows=[29] | cols=[8] | col_header=False | row_header=False | metadata=False
Cell J30 | value='2622100' | fill=9 | rows=[29] | cols=[9] | col_header=False | row_header=False | metadata=False
Cell K30 | value='21301800' | fill=9 | rows=[29] | cols=[10] | col_header=False | row_header=False | metadata=False
Cell L30 | value='22304600' | fill=9 | rows=[29] | cols=[11] | col_header=False | row_header=False | metadata=False
Cell M30 | value='15716500' | fill=9 | rows=[29] | cols=[12] | col_header=False | row_header=False | metadata=False
Cell N30 | value='21416700' | fill=9 | rows=[29] | cols=[13] | col_header=False | row_header=False | metadata=False
Cell O30 | value='21792500' | fill=9 | rows=[29] | cols=[14] | col_header=False | row_header=False | metadata=False
Cell P30 | value='22332800' | fill=9 | rows=[29] | cols=[15] | col_header=False | row_header=False | metadata=False
Cell Q30 | value='14226400' | fill=9 | rows=[29] | cols=[16] | col_header=False | row_header=False | metadata=False
Cell R30 | value='20751300' | fill=9 | rows=[29] | cols=[17] | col_header=False | row_header=False | metadata=False
Cell B31 | value='Cycle' | fill=9 | rows=[30] | cols=[1] | col_header=False | row_header=False | metadata=False
Cell C31 | value='38022400' | fill=9 | rows=[30] | cols=[2] | col_header=False | row_header=False | metadata=False
Cell D31 | value='39032100' | fill=9 | rows=[30] | cols=[3] | col_header=False | row_header=False | metadata=False
Cell E31 | value='3426700' | fill=9 | rows=[30] | cols=[4] | col_header=False | row_header=False | metadata=False
Cell F31 | value='3447200' | fill=9 | rows=[30] | cols=[5] | col_header=False | row_header=False | metadata=False
Cell G31 | value='2595600' | fill=9 | rows=[30] | cols=[6] | col_header=False | row_header=False | metadata=False
Cell H31 | value='2744500' | fill=9 | rows=[30] | cols=[7] | col_header=False | row_header=False | metadata=False
Cell I31 | value='2496200' | fill=9 | rows=[30] | cols=[8] | col_header=False | row_header=False | metadata=False
Cell J31 | value='2628400' | fill=9 | rows=[30] | cols=[9] | col_header=False | row_header=False | metadata=False
Cell K31 | value='21579100' | fill=9 | rows=[30] | cols=[10] | col_header=False | row_header=False | metadata=False
Cell L31 | value='22370900' | fill=9 | rows=[30] | cols=[11] | col_header=False | row_header=False | metadata=False
Cell M31 | value='18710000' | fill=9 | rows=[30] | cols=[12] | col_header=False | row_header=False | metadata=False
Cell N31 | value='21722100' | fill=9 | rows=[30] | cols=[13] | col_header=False | row_header=False | metadata=False
Cell O31 | value='21712100' | fill=9 | rows=[30] | cols=[14] | col_header=False | row_header=False | metadata=False
Cell P31 | value='22362300' | fill=9 | rows=[30] | cols=[15] | col_header=False | row_header=False | metadata=False
Cell Q31 | value='17466200' | fill=9 | rows=[30] | cols=[16] | col_header=False | row_header=False | metadata=False
Cell R31 | value='20809000' | fill=9 | rows=[30] | cols=[17] | col_header=False | row_header=False | metadata=False
Cell B32 | value='Car (new method)' | fill=9 | rows=[31] | cols=[1] | col_header=False | row_header=False | metadata=False
Cell C32 | value='39132500' | fill=9 | rows=[31] | cols=[2] | col_header=False | row_header=False | metadata=False
Cell D32 | value='39145700' | fill=9 | rows=[31] | cols=[3] | col_header=False | row_header=False | metadata=False
Cell E32 | value='3447600' | fill=9 | rows=[31] | cols=[4] | col_header=False | row_header=False | metadata=False
Cell F32 | value='3447800' | fill=9 | rows=[31] | cols=[5] | col_header=False | row_header=False | metadata=False
Cell G32 | value='2765900' | fill=9 | rows=[31] | cols=[6] | col_header=False | row_header=False | metadata=False
Cell H32 | value='2766900' | fill=9 | rows=[31] | cols=[7] | col_header=False | row_header=False | metadata=False
Cell I32 | value='2641500' | fill=9 | rows=[31] | cols=[8] | col_header=False | row_header=False | metadata=False
Cell J32 | value='2642500' | fill=9 | rows=[31] | cols=[9] | col_header=False | row_header=False | metadata=False
Cell K32 | value='22452500' | fill=9 | rows=[31] | cols=[10] | col_header=False | row_header=False | metadata=False
Cell L32 | value='22458000' | fill=9 | rows=[31] | cols=[11] | col_header=False | row_header=False | metadata=False
Cell M32 | value='22391100' | fill=9 | rows=[31] | cols=[12] | col_header=False | row_header=False | metadata=False
Cell N32 | value='22457500' | fill=9 | rows=[31] | cols=[13] | col_header=False | row_header=False | metadata=False
Cell O32 | value='22446900' | fill=9 | rows=[31] | cols=[14] | col_header=False | row_header=False | metadata=False
Cell P32 | value='22459900' | fill=9 | rows=[31] | cols=[15] | col_header=False | row_header=False | metadata=False
Cell Q32 | value='21876800' | fill=9 | rows=[31] | cols=[16] | col_header=False | row_header=False | metadata=False
Cell R32 | value='22373500' | fill=9 | rows=[31] | cols=[17] | col_header=False | row_header=False | metadata=False
Cell A33 | value='Perecentage of people with access' | fill=FFFFFF00 | rows=[32] | cols=[0] | col_header=True | row_header=False | metadata=False
Cell A34 | value='2007' | fill=9 | rows=[33] | cols=[0] | col_header=False | row_header=False | metadata=False
Cell B34 | value='Public Transport / Walking' | fill=9 | rows=[33] | cols=[1] | col_header=False | row_header=False | metadata=False
Cell C34 | value='94.8' | fill=9 | rows=[33] | cols=[2] | col_header=False | row_header=False | metadata=False
Cell D34 | value='99.1' | fill=9 | rows=[33] | cols=[3] | col_header=False | row_header=False | metadata=False
Cell E34 | value='97.57' | fill=9 | rows=[33] | cols=[4] | col_header=False | row_header=False | metadata=False
Cell F34 | value='99.66' | fill=9 | rows=[33] | cols=[5] | col_header=False | row_header=False | metadata=False
Cell G34 | value='87.7' | fill=9 | rows=[33] | cols=[6] | col_header=False | row_header=False | metadata=False
Cell H34 | value='98.56' | fill=9 | rows=[33] | cols=[7] | col_header=False | row_header=False | metadata=False
Cell I34 | value='91.24' | fill=9 | rows=[33] | cols=[8] | col_header=False | row_header=False | metadata=False
Cell J34 | value='99.19' | fill=9 | rows=[33] | cols=[9] | col_header=False | row_header=False | metadata=False
Cell K34 | value='89.46' | fill=9 | rows=[33] | cols=[10] | col_header=False | row_header=False | metadata=False
Cell L34 | value='98.81' | fill=9 | rows=[33] | cols=[11] | col_header=False | row_header=False | metadata=False
Cell M34 | value='77.11' | fill=9 | rows=[33] | cols=[12] | col_header=False | row_header=False | metadata=False
Cell N34 | value='97.32' | fill=9 | rows=[33] | cols=[13] | col_header=False | row_header=False | metadata=False
Cell O34 | value='95.22' | fill=9 | rows=[33] | cols=[14] | col_header=False | row_header=False | metadata=False
Cell P34 | value='99.36' | fill=9 | rows=[33] | cols=[15] | col_header=False | row_header=False | metadata=False
Cell Q34 | value='..' | fill=9 | rows=[33] | cols=[16] | col_header=False | row_header=False | metadata=False
Cell R34 | value='..' | fill=9 | rows=[33] | cols=[17] | col_header=False | row_header=False | metadata=False
Cell B35 | value='Cycle' | fill=9 | rows=[34] | cols=[1] | col_header=False | row_header=False | metadata=False
Cell C35 | value='95.87' | fill=9 | rows=[34] | cols=[2] | col_header=False | row_header=False | metadata=False
Cell D35 | value='99.23' | fill=9 | rows=[34] | cols=[3] | col_header=False | row_header=False | metadata=False
Cell E35 | value='99.24' | fill=9 | rows=[34] | cols=[4] | col_header=False | row_header=False | metadata=False
Cell F35 | value='99.98' | fill=9 | rows=[34] | cols=[5] | col_header=False | row_header=False | metadata=False
Cell G35 | value='93.77' | fill=9 | rows=[34] | cols=[6] | col_header=False | row_header=False | metadata=False
Cell H35 | value='99.22' | fill=9 | rows=[34] | cols=[7] | col_header=False | row_header=False | metadata=False
Cell I35 | value='94.26' | fill=9 | rows=[34] | cols=[8] | col_header=False | row_header=False | metadata=False
Cell J35 | value='99.39' | fill=9 | rows=[34] | cols=[9] | col_header=False | row_header=False | metadata=False
Cell K35 | value='93.71' | fill=9 | rows=[34] | cols=[10] | col_header=False | row_header=False | metadata=False
Cell L35 | value='99.13' | fill=9 | rows=[34] | cols=[11] | col_header=False | row_header=False | metadata=False
Cell M35 | value='87.5' | fill=9 | rows=[34] | cols=[12] | col_header=False | row_header=False | metadata=False
Cell N35 | value='98.36' | fill=9 | rows=[34] | cols=[13] | col_header=False | row_header=False | metadata=False
Cell O35 | value='95.83' | fill=9 | rows=[34] | cols=[14] | col_header=False | row_header=False | metadata=False
Cell P35 | value='99.35' | fill=9 | rows=[34] | cols=[15] | col_header=False | row_header=False | metadata=False
Cell Q35 | value='..' | fill=9 | rows=[34] | cols=[16] | col_header=False | row_header=False | metadata=False
Cell R35 | value='..' | fill=9 | rows=[34] | cols=[17] | col_header=False | row_header=False | metadata=False
Cell B36 | value='Car' | fill=9 | rows=[35] | cols=[1] | col_header=False | row_header=False | metadata=False
Cell C36 | value='99.98' | fill=9 | rows=[35] | cols=[2] | col_header=False | row_header=False | metadata=False
Cell D36 | value='100' | fill=9 | rows=[35] | cols=[3] | col_header=False | row_header=False | metadata=False
Cell E36 | value='100' | fill=9 | rows=[35] | cols=[4] | col_header=False | row_header=False | metadata=False
Cell F36 | value='100' | fill=9 | rows=[35] | cols=[5] | col_header=False | row_header=False | metadata=False
Cell G36 | value='99.99' | fill=9 | rows=[35] | cols=[6] | col_header=False | row_header=False | metadata=False
Cell H36 | value='100' | fill=9 | rows=[35] | cols=[7] | col_header=False | row_header=False | metadata=False
Cell I36 | value='100' | fill=9 | rows=[35] | cols=[8] | col_header=False | row_header=False | metadata=False
Cell J36 | value='100' | fill=9 | rows=[35] | cols=[9] | col_header=False | row_header=False | metadata=False
Cell K36 | value='99.99' | fill=9 | rows=[35] | cols=[10] | col_header=False | row_header=False | metadata=False
Cell L36 | value='100' | fill=9 | rows=[35] | cols=[11] | col_header=False | row_header=False | metadata=False
Cell M36 | value='99.99' | fill=9 | rows=[35] | cols=[12] | col_header=False | row_header=False | metadata=False
Cell N36 | value='100' | fill=9 | rows=[35] | cols=[13] | col_header=False | row_header=False | metadata=False
Cell O36 | value='99.99' | fill=9 | rows=[35] | cols=[14] | col_header=False | row_header=False | metadata=False
Cell P36 | value='100' | fill=9 | rows=[35] | cols=[15] | col_header=False | row_header=False | metadata=False
Cell Q36 | value='..' | fill=9 | rows=[35] | cols=[16] | col_header=False | row_header=False | metadata=False
Cell R36 | value='..' | fill=9 | rows=[35] | cols=[17] | col_header=False | row_header=False | metadata=False
Cell A37 | value='2008' | fill=9 | rows=[36] | cols=[0] | col_header=False | row_header=False | metadata=False
Cell B37 | value='Public Transport / Walking' | fill=9 | rows=[36] | cols=[1] | col_header=False | row_header=False | metadata=False
Cell C37 | value='96.92' | fill=9 | rows=[36] | cols=[2] | col_header=False | row_header=False | metadata=False
Cell D37 | value='99.53' | fill=9 | rows=[36] | cols=[3] | col_header=False | row_header=False | metadata=False
Cell E37 | value='97.56' | fill=9 | rows=[36] | cols=[4] | col_header=False | row_header=False | metadata=False
Cell F37 | value='99.67' | fill=9 | rows=[36] | cols=[5] | col_header=False | row_header=False | metadata=False
Cell G37 | value='86.91' | fill=9 | rows=[36] | cols=[6] | col_header=False | row_header=False | metadata=False
Cell H37 | value='98.48' | fill=9 | rows=[36] | cols=[7] | col_header=False | row_header=False | metadata=False
Cell I37 | value='90.63' | fill=9 | rows=[36] | cols=[8] | col_header=False | row_header=False | metadata=False
Cell J37 | value='99.11' | fill=9 | rows=[36] | cols=[9] | col_header=False | row_header=False | metadata=False
Cell K37 | value='89.31' | fill=9 | rows=[36] | cols=[10] | col_header=False | row_header=False | metadata=False
Cell L37 | value='98.83' | fill=9 | rows=[36] | cols=[11] | col_header=False | row_header=False | metadata=False
Cell M37 | value='76.77' | fill=9 | rows=[36] | cols=[12] | col_header=False | row_header=False | metadata=False
Cell N37 | value='97.23' | fill=9 | rows=[36] | cols=[13] | col_header=False | row_header=False | metadata=False
Cell O37 | value='95.2' | fill=9 | rows=[36] | cols=[14] | col_header=False | row_header=False | metadata=False
Cell P37 | value='99.33' | fill=9 | rows=[36] | cols=[15] | col_header=False | row_header=False | metadata=False
Cell Q37 | value='..' | fill=9 | rows=[36] | cols=[16] | col_header=False | row_header=False | metadata=False
Cell R37 | value='..' | fill=9 | rows=[36] | cols=[17] | col_header=False | row_header=False | metadata=False
Cell B38 | value='Cycle' | fill=9 | rows=[37] | cols=[1] | col_header=False | row_header=False | metadata=False
Cell C38 | value='97.07' | fill=9 | rows=[37] | cols=[2] | col_header=False | row_header=False | metadata=False
Cell D38 | value='99.7' | fill=9 | rows=[37] | cols=[3] | col_header=False | row_header=False | metadata=False
Cell E38 | value='99.24' | fill=9 | rows=[37] | cols=[4] | col_header=False | row_header=False | metadata=False
Cell F38 | value='99.98' | fill=9 | rows=[37] | cols=[5] | col_header=False | row_header=False | metadata=False
Cell G38 | value='93.61' | fill=9 | rows=[37] | cols=[6] | col_header=False | row_header=False | metadata=False
Cell H38 | value='99.21' | fill=9 | rows=[37] | cols=[7] | col_header=False | row_header=False | metadata=False
Cell I38 | value='93.97' | fill=9 | rows=[37] | cols=[8] | col_header=False | row_header=False | metadata=False
Cell J38 | value='99.29' | fill=9 | rows=[37] | cols=[9] | col_header=False | row_header=False | metadata=False
Cell K38 | value='93.7' | fill=9 | rows=[37] | cols=[10] | col_header=False | row_header=False | metadata=False
Cell L38 | value='99.13' | fill=9 | rows=[37] | cols=[11] | col_header=False | row_header=False | metadata=False
Cell M38 | value='87.48' | fill=9 | rows=[37] | cols=[12] | col_header=False | row_header=False | metadata=False
Cell N38 | value='98.35' | fill=9 | rows=[37] | cols=[13] | col_header=False | row_header=False | metadata=False
Cell O38 | value='95.86' | fill=9 | rows=[37] | cols=[14] | col_header=False | row_header=False | metadata=False
Cell P38 | value='99.33' | fill=9 | rows=[37] | cols=[15] | col_header=False | row_header=False | metadata=False
Cell Q38 | value='..' | fill=9 | rows=[37] | cols=[16] | col_header=False | row_header=False | metadata=False
Cell R38 | value='..' | fill=9 | rows=[37] | cols=[17] | col_header=False | row_header=False | metadata=False
Cell B39 | value='Car' | fill=9 | rows=[38] | cols=[1] | col_header=False | row_header=False | metadata=False
Cell C39 | value='100' | fill=9 | rows=[38] | cols=[2] | col_header=False | row_header=False | metadata=False
Cell D39 | value='100' | fill=9 | rows=[38] | cols=[3] | col_header=False | row_header=False | metadata=False
Cell E39 | value='100' | fill=9 | rows=[38] | cols=[4] | col_header=False | row_header=False | metadata=False
Cell F39 | value='100' | fill=9 | rows=[38] | cols=[5] | col_header=False | row_header=False | metadata=False
Cell G39 | value='99.99' | fill=9 | rows=[38] | cols=[6] | col_header=False | row_header=False | metadata=False
Cell H39 | value='100' | fill=9 | rows=[38] | cols=[7] | col_header=False | row_header=False | metadata=False
Cell I39 | value='99.99' | fill=9 | rows=[38] | cols=[8] | col_header=False | row_header=False | metadata=False
Cell J39 | value='100' | fill=9 | rows=[38] | cols=[9] | col_header=False | row_header=False | metadata=False
Cell K39 | value='99.99' | fill=9 | rows=[38] | cols=[10] | col_header=False | row_header=False | metadata=False
Cell L39 | value='100' | fill=9 | rows=[38] | cols=[11] | col_header=False | row_header=False | metadata=False
Cell M39 | value='99.99' | fill=9 | rows=[38] | cols=[12] | col_header=False | row_header=False | metadata=False
Cell N39 | value='100' | fill=9 | rows=[38] | cols=[13] | col_header=False | row_header=False | metadata=False
Cell O39 | value='99.99' | fill=9 | rows=[38] | cols=[14] | col_header=False | row_header=False | metadata=False
Cell P39 | value='100' | fill=9 | rows=[38] | cols=[15] | col_header=False | row_header=False | metadata=False
Cell Q39 | value='..' | fill=9 | rows=[38] | cols=[16] | col_header=False | row_header=False | metadata=False
Cell R39 | value='..' | fill=9 | rows=[38] | cols=[17] | col_header=False | row_header=False | metadata=False
Cell A40 | value='2009' | fill=9 | rows=[39] | cols=[0] | col_header=False | row_header=False | metadata=False
Cell B40 | value='Public Transport / Walking' | fill=9 | rows=[39] | cols=[1] | col_header=False | row_header=False | metadata=False
Cell C40 | value='96.98' | fill=9 | rows=[39] | cols=[2] | col_header=False | row_header=False | metadata=False
Cell D40 | value='99.51' | fill=9 | rows=[39] | cols=[3] | col_header=False | row_header=False | metadata=False
Cell E40 | value='97.91' | fill=9 | rows=[39] | cols=[4] | col_header=False | row_header=False | metadata=False
Cell F40 | value='99.6' | fill=9 | rows=[39] | cols=[5] | col_header=False | row_header=False | metadata=False
Cell G40 | value='88.15' | fill=9 | rows=[39] | cols=[6] | col_header=False | row_header=False | metadata=False
Cell H40 | value='98.55' | fill=9 | rows=[39] | cols=[7] | col_header=False | row_header=False | metadata=False
Cell I40 | value='85.84' | fill=9 | rows=[39] | cols=[8] | col_header=False | row_header=False | metadata=False
Cell J40 | value='93.29' | fill=9 | rows=[39] | cols=[9] | col_header=False | row_header=False | metadata=False
Cell K40 | value='93.52' | fill=9 | rows=[39] | cols=[10] | col_header=False | row_header=False | metadata=False
Cell L40 | value='99.24' | fill=9 | rows=[39] | cols=[11] | col_header=False | row_header=False | metadata=False
Cell M40 | value='72.12' | fill=9 | rows=[39] | cols=[12] | col_header=False | row_header=False | metadata=False
Cell N40 | value='95.38' | fill=9 | rows=[39] | cols=[13] | col_header=False | row_header=False | metadata=False
Cell O40 | value='95.66' | fill=9 | rows=[39] | cols=[14] | col_header=False | row_header=False | metadata=False
Cell P40 | value='99.33' | fill=9 | rows=[39] | cols=[15] | col_header=False | row_header=False | metadata=False
Cell Q40 | value='60.57' | fill=9 | rows=[39] | cols=[16] | col_header=False | row_header=False | metadata=False
Cell R40 | value='92.1' | fill=9 | rows=[39] | cols=[17] | col_header=False | row_header=False | metadata=False
Cell B41 | value='Cycle' | fill=9 | rows=[40] | cols=[1] | col_header=False | row_header=False | metadata=False
Cell C41 | value='96.82' | fill=9 | rows=[40] | cols=[2] | col_header=False | row_header=False | metadata=False
Cell D41 | value='99.66' | fill=9 | rows=[40] | cols=[3] | col_header=False | row_header=False | metadata=False
Cell E41 | value='99.19' | fill=9 | rows=[40] | cols=[4] | col_header=False | row_header=False | metadata=False
Cell F41 | value='99.98' | fill=9 | rows=[40] | cols=[5] | col_header=False | row_header=False | metadata=False
Cell G41 | value='93.55' | fill=9 | rows=[40] | cols=[6] | col_header=False | row_header=False | metadata=False
Cell H41 | value='99.05' | fill=9 | rows=[40] | cols=[7] | col_header=False | row_header=False | metadata=False
Cell I41 | value='87.92' | fill=9 | rows=[40] | cols=[8] | col_header=False | row_header=False | metadata=False
Cell J41 | value='92.47' | fill=9 | rows=[40] | cols=[9] | col_header=False | row_header=False | metadata=False
Cell K41 | value='95.58' | fill=9 | rows=[40] | cols=[10] | col_header=False | row_header=False | metadata=False
Cell L41 | value='99.62' | fill=9 | rows=[40] | cols=[11] | col_header=False | row_header=False | metadata=False
Cell M41 | value='81.64' | fill=9 | rows=[40] | cols=[12] | col_header=False | row_header=False | metadata=False
Cell N41 | value='91.89' | fill=9 | rows=[40] | cols=[13] | col_header=False | row_header=False | metadata=False
Cell O41 | value='95.54' | fill=9 | rows=[40] | cols=[14] | col_header=False | row_header=False | metadata=False
Cell P41 | value='99.29' | fill=9 | rows=[40] | cols=[15] | col_header=False | row_header=False | metadata=False
Cell Q41 | value='74.38' | fill=9 | rows=[40] | cols=[16] | col_header=False | row_header=False | metadata=False
Cell R41 | value='74.38' | fill=9 | rows=[40] | cols=[17] | col_header=False | row_header=False | metadata=False
Cell B42 | value='Car' | fill=9 | rows=[41] | cols=[1] | col_header=False | row_header=False | metadata=False
Cell C42 | value='100' | fill=9 | rows=[41] | cols=[2] | col_header=False | row_header=False | metadata=False
Cell D42 | value='100' | fill=9 | rows=[41] | cols=[3] | col_header=False | row_header=False | metadata=False
Cell E42 | value='100' | fill=9 | rows=[41] | cols=[4] | col_header=False | row_header=False | metadata=False
Cell F42 | value='100' | fill=9 | rows=[41] | cols=[5] | col_header=False | row_header=False | metadata=False
Cell G42 | value='99.99' | fill=9 | rows=[41] | cols=[6] | col_header=False | row_header=False | metadata=False
Cell H42 | value='100' | fill=9 | rows=[41] | cols=[7] | col_header=False | row_header=False | metadata=False
Cell I42 | value='94.26' | fill=9 | rows=[41] | cols=[8] | col_header=False | row_header=False | metadata=False
Cell J42 | value='94.26' | fill=9 | rows=[41] | cols=[9] | col_header=False | row_header=False | metadata=False
Cell K42 | value='100' | fill=9 | rows=[41] | cols=[10] | col_header=False | row_header=False | metadata=False
Cell L42 | value='100' | fill=9 | rows=[41] | cols=[11] | col_header=False | row_header=False | metadata=False
Cell M42 | value='99.99' | fill=9 | rows=[41] | cols=[12] | col_header=False | row_header=False | metadata=False
Cell N42 | value='100' | fill=9 | rows=[41] | cols=[13] | col_header=False | row_header=False | metadata=False
Cell O42 | value='99.99' | fill=9 | rows=[41] | cols=[14] | col_header=False | row_header=False | metadata=False
Cell P42 | value='100' | fill=9 | rows=[41] | cols=[15] | col_header=False | row_header=False | metadata=False
Cell Q42 | value='99.54' | fill=9 | rows=[41] | cols=[16] | col_header=False | row_header=False | metadata=False
Cell R42 | value='99.99' | fill=9 | rows=[41] | cols=[17] | col_header=False | row_header=False | metadata=False
Cell A43 | value='2010' | fill=9 | rows=[42] | cols=[0] | col_header=False | row_header=False | metadata=False
Cell B43 | value='Public Transport / Walking' | fill=9 | rows=[42] | cols=[1] | col_header=False | row_header=False | metadata=False
Cell C43 | value='95.93' | fill=9 | rows=[42] | cols=[2] | col_header=False | row_header=False | metadata=False
Cell D43 | value='99.26' | fill=9 | rows=[42] | cols=[3] | col_header=False | row_header=False | metadata=False
Cell E43 | value='97.28' | fill=9 | rows=[42] | cols=[4] | col_header=False | row_header=False | metadata=False
Cell F43 | value='99.43' | fill=9 | rows=[42] | cols=[5] | col_header=False | row_header=False | metadata=False
Cell G43 | value='85.7' | fill=9 | rows=[42] | cols=[6] | col_header=False | row_header=False | metadata=False
Cell H43 | value='97.92' | fill=9 | rows=[42] | cols=[7] | col_header=False | row_header=False | metadata=False
Cell I43 | value='90.11' | fill=9 | rows=[42] | cols=[8] | col_header=False | row_header=False | metadata=False
Cell J43 | value='98.79' | fill=9 | rows=[42] | cols=[9] | col_header=False | row_header=False | metadata=False
Cell K43 | value='93.08' | fill=9 | rows=[42] | cols=[10] | col_header=False | row_header=False | metadata=False
Cell L43 | value='98.95' | fill=9 | rows=[42] | cols=[11] | col_header=False | row_header=False | metadata=False
Cell M43 | value='66.26' | fill=9 | rows=[42] | cols=[12] | col_header=False | row_header=False | metadata=False
Cell N43 | value='93' | fill=9 | rows=[42] | cols=[13] | col_header=False | row_header=False | metadata=False
Cell O43 | value='95.46' | fill=9 | rows=[42] | cols=[14] | col_header=False | row_header=False | metadata=False
Cell P43 | value='99.08' | fill=9 | rows=[42] | cols=[15] | col_header=False | row_header=False | metadata=False
Cell Q43 | value='58.03' | fill=9 | rows=[42] | cols=[16] | col_header=False | row_header=False | metadata=False
Cell R43 | value='90.78' | fill=9 | rows=[42] | cols=[17] | col_header=False | row_header=False | metadata=False
Cell B44 | value='Cycle' | fill=9 | rows=[43] | cols=[1] | col_header=False | row_header=False | metadata=False
Cell C44 | value='96.9' | fill=9 | rows=[43] | cols=[2] | col_header=False | row_header=False | metadata=False
Cell D44 | value='99.67' | fill=9 | rows=[43] | cols=[3] | col_header=False | row_header=False | metadata=False
Cell E44 | value='99.32' | fill=9 | rows=[43] | cols=[4] | col_header=False | row_header=False | metadata=False
Cell F44 | value='99.98' | fill=9 | rows=[43] | cols=[5] | col_header=False | row_header=False | metadata=False
Cell G44 | value='93.62' | fill=9 | rows=[43] | cols=[6] | col_header=False | row_header=False | metadata=False
Cell H44 | value='99.2' | fill=9 | rows=[43] | cols=[7] | col_header=False | row_header=False | metadata=False
Cell I44 | value='94.15' | fill=9 | rows=[43] | cols=[8] | col_header=False | row_header=False | metadata=False
Cell J44 | value='99.46' | fill=9 | rows=[43] | cols=[9] | col_header=False | row_header=False | metadata=False
Cell K44 | value='96.47' | fill=9 | rows=[43] | cols=[10] | col_header=False | row_header=False | metadata=False
Cell L44 | value='99.64' | fill=9 | rows=[43] | cols=[11] | col_header=False | row_header=False | metadata=False
Cell M44 | value='82.13' | fill=9 | rows=[43] | cols=[12] | col_header=False | row_header=False | metadata=False
Cell N44 | value='96.31' | fill=9 | rows=[43] | cols=[13] | col_header=False | row_header=False | metadata=False
Cell O44 | value='96.13' | fill=9 | rows=[43] | cols=[14] | col_header=False | row_header=False | metadata=False
Cell P44 | value='99.37' | fill=9 | rows=[43] | cols=[15] | col_header=False | row_header=False | metadata=False
Cell Q44 | value='77.43' | fill=9 | rows=[43] | cols=[16] | col_header=False | row_header=False | metadata=False
Cell R44 | value='92.63' | fill=9 | rows=[43] | cols=[17] | col_header=False | row_header=False | metadata=False
Cell B45 | value='Car' | fill=9 | rows=[44] | cols=[1] | col_header=False | row_header=False | metadata=False
Cell C45 | value='99.99' | fill=9 | rows=[44] | cols=[2] | col_header=False | row_header=False | metadata=False
Cell D45 | value='100' | fill=9 | rows=[44] | cols=[3] | col_header=False | row_header=False | metadata=False
Cell E45 | value='100' | fill=9 | rows=[44] | cols=[4] | col_header=False | row_header=False | metadata=False
Cell F45 | value='100' | fill=9 | rows=[44] | cols=[5] | col_header=False | row_header=False | metadata=False
Cell G45 | value='99.99' | fill=9 | rows=[44] | cols=[6] | col_header=False | row_header=False | metadata=False
Cell H45 | value='100' | fill=9 | rows=[44] | cols=[7] | col_header=False | row_header=False | metadata=False
Cell I45 | value='99.99' | fill=9 | rows=[44] | cols=[8] | col_header=False | row_header=False | metadata=False
Cell J45 | value='100' | fill=9 | rows=[44] | cols=[9] | col_header=False | row_header=False | metadata=False
Cell K45 | value='100' | fill=9 | rows=[44] | cols=[10] | col_header=False | row_header=False | metadata=False
Cell L45 | value='100' | fill=9 | rows=[44] | cols=[11] | col_header=False | row_header=False | metadata=False
Cell M45 | value='99.97' | fill=9 | rows=[44] | cols=[12] | col_header=False | row_header=False | metadata=False
Cell N45 | value='100' | fill=9 | rows=[44] | cols=[13] | col_header=False | row_header=False | metadata=False
Cell O45 | value='99.98' | fill=9 | rows=[44] | cols=[14] | col_header=False | row_header=False | metadata=False
Cell P45 | value='100' | fill=9 | rows=[44] | cols=[15] | col_header=False | row_header=False | metadata=False
Cell Q45 | value='99.5' | fill=9 | rows=[44] | cols=[16] | col_header=False | row_header=False | metadata=False
Cell R45 | value='99.99' | fill=9 | rows=[44] | cols=[17] | col_header=False | row_header=False | metadata=False
Cell B46 | value='Car (new method)3' | fill=9 | rows=[45] | cols=[1] | col_header=False | row_header=False | metadata=False
Cell C46 | value='99.89' | fill=9 | rows=[45] | cols=[2] | col_header=False | row_header=False | metadata=False
Cell D46 | value='99.92' | fill=9 | rows=[45] | cols=[3] | col_header=False | row_header=False | metadata=False
Cell E46 | value='99.93' | fill=9 | rows=[45] | cols=[4] | col_header=False | row_header=False | metadata=False
Cell F46 | value='99.93' | fill=9 | rows=[45] | cols=[5] | col_header=False | row_header=False | metadata=False
Cell G46 | value='99.9' | fill=9 | rows=[45] | cols=[6] | col_header=False | row_header=False | metadata=False
Cell H46 | value='99.93' | fill=9 | rows=[45] | cols=[7] | col_header=False | row_header=False | metadata=False
Cell I46 | value='99.9' | fill=9 | rows=[45] | cols=[8] | col_header=False | row_header=False | metadata=False
Cell J46 | value='99.93' | fill=9 | rows=[45] | cols=[9] | col_header=False | row_header=False | metadata=False
Cell K46 | value='99.89' | fill=9 | rows=[45] | cols=[10] | col_header=False | row_header=False | metadata=False
Cell L46 | value='99.92' | fill=9 | rows=[45] | cols=[11] | col_header=False | row_header=False | metadata=False
Cell M46 | value='99.6' | fill=9 | rows=[45] | cols=[12] | col_header=False | row_header=False | metadata=False
Cell N46 | value='99.92' | fill=9 | rows=[45] | cols=[13] | col_header=False | row_header=False | metadata=False
Cell O46 | value='99.87' | fill=9 | rows=[45] | cols=[14] | col_header=False | row_header=False | metadata=False
Cell P46 | value='99.92' | fill=9 | rows=[45] | cols=[15] | col_header=False | row_header=False | metadata=False
Cell Q46 | value='97.33' | fill=9 | rows=[45] | cols=[16] | col_header=False | row_header=False | metadata=False
Cell R46 | value='99.87' | fill=9 | rows=[45] | cols=[17] | col_header=False | row_header=False | metadata=False
Cell A47 | value='2011' | fill=9 | rows=[46] | cols=[0] | col_header=False | row_header=False | metadata=False
Cell B47 | value='Public Transport / Walking' | fill=9 | rows=[46] | cols=[1] | col_header=False | row_header=False | metadata=False
Cell C47 | value='94.93' | fill=9 | rows=[46] | cols=[2] | col_header=False | row_header=False | metadata=False
Cell D47 | value='99.14' | fill=9 | rows=[46] | cols=[3] | col_header=False | row_header=False | metadata=False
Cell E47 | value='96.73' | fill=9 | rows=[46] | cols=[4] | col_header=False | row_header=False | metadata=False
Cell F47 | value='99.3' | fill=9 | rows=[46] | cols=[5] | col_header=False | row_header=False | metadata=False
Cell G47 | value='84.2' | fill=9 | rows=[46] | cols=[6] | col_header=False | row_header=False | metadata=False
Cell H47 | value='97.7' | fill=9 | rows=[46] | cols=[7] | col_header=False | row_header=False | metadata=False
Cell I47 | value='89.79' | fill=9 | rows=[46] | cols=[8] | col_header=False | row_header=False | metadata=False
Cell J47 | value='98.64' | fill=9 | rows=[46] | cols=[9] | col_header=False | row_header=False | metadata=False
Cell K47 | value='91.19' | fill=9 | rows=[46] | cols=[10] | col_header=False | row_header=False | metadata=False
Cell L47 | value='98.68' | fill=9 | rows=[46] | cols=[11] | col_header=False | row_header=False | metadata=False
Cell M47 | value='61.2' | fill=9 | rows=[46] | cols=[12] | col_header=False | row_header=False | metadata=False
Cell N47 | value='91.21' | fill=9 | rows=[46] | cols=[13] | col_header=False | row_header=False | metadata=False
Cell O47 | value='94.99' | fill=9 | rows=[46] | cols=[14] | col_header=False | row_header=False | metadata=False
Cell P47 | value='98.92' | fill=9 | rows=[46] | cols=[15] | col_header=False | row_header=False | metadata=False
Cell Q47 | value='55.88' | fill=9 | rows=[46] | cols=[16] | col_header=False | row_header=False | metadata=False
Cell R47 | value='89.89' | fill=9 | rows=[46] | cols=[17] | col_header=False | row_header=False | metadata=False
Cell B48 | value='Public Transport / Walking5 (revised)' | fill=9 | rows=[47] | cols=[1] | col_header=False | row_header=False | metadata=False
Cell C48 | value='96.56' | fill=None | rows=[47] | cols=[2] | col_header=False | row_header=False | metadata=False
Cell D48 | value='99.52' | fill=None | rows=[47] | cols=[3] | col_header=False | row_header=False | metadata=False
Cell E48 | value='98.63' | fill=None | rows=[47] | cols=[4] | col_header=False | row_header=False | metadata=False
Cell F48 | value='99.79' | fill=None | rows=[47] | cols=[5] | col_header=False | row_header=False | metadata=False
Cell G48 | value='90.47' | fill=None | rows=[47] | cols=[6] | col_header=False | row_header=False | metadata=False
Cell H48 | value='98.44' | fill=None | rows=[47] | cols=[7] | col_header=False | row_header=False | metadata=False
Cell I48 | value='92.26' | fill=None | rows=[47] | cols=[8] | col_header=False | row_header=False | metadata=False
Cell J48 | value='99.09' | fill=None | rows=[47] | cols=[9] | col_header=False | row_header=False | metadata=False
Cell K48 | value='94.83' | fill=None | rows=[47] | cols=[10] | col_header=False | row_header=False | metadata=False
Cell L48 | value='99.21' | fill=None | rows=[47] | cols=[11] | col_header=False | row_header=False | metadata=False
Cell M48 | value='67.21' | fill=None | rows=[47] | cols=[12] | col_header=False | row_header=False | metadata=False
Cell N48 | value='93.03' | fill=None | rows=[47] | cols=[13] | col_header=False | row_header=False | metadata=False
Cell O48 | value='96.61' | fill=None | rows=[47] | cols=[14] | col_header=False | row_header=False | metadata=False
Cell P48 | value='99.3' | fill=None | rows=[47] | cols=[15] | col_header=False | row_header=False | metadata=False
Cell Q48 | value='63.68' | fill=None | rows=[47] | cols=[16] | col_header=False | row_header=False | metadata=False
Cell R48 | value='91.78' | fill=None | rows=[47] | cols=[17] | col_header=False | row_header=False | metadata=False
Cell B49 | value='Cycle' | fill=9 | rows=[48] | cols=[1] | col_header=False | row_header=False | metadata=False
Cell C49 | value='96.79' | fill=9 | rows=[48] | cols=[2] | col_header=False | row_header=False | metadata=False
Cell D49 | value='99.66' | fill=9 | rows=[48] | cols=[3] | col_header=False | row_header=False | metadata=False
Cell E49 | value='99.84' | fill=9 | rows=[48] | cols=[4] | col_header=False | row_header=False | metadata=False
Cell F49 | value='99.85' | fill=9 | rows=[48] | cols=[5] | col_header=False | row_header=False | metadata=False
Cell G49 | value='93.52' | fill=9 | rows=[48] | cols=[6] | col_header=False | row_header=False | metadata=False
Cell H49 | value='99.17' | fill=9 | rows=[48] | cols=[7] | col_header=False | row_header=False | metadata=False
Cell I49 | value='94.1' | fill=9 | rows=[48] | cols=[8] | col_header=False | row_header=False | metadata=False
Cell J49 | value='99.41' | fill=9 | rows=[48] | cols=[9] | col_header=False | row_header=False | metadata=False
Cell K49 | value='96.18' | fill=9 | rows=[48] | cols=[10] | col_header=False | row_header=False | metadata=False
Cell L49 | value='99.39' | fill=9 | rows=[48] | cols=[11] | col_header=False | row_header=False | metadata=False
Cell M49 | value='80.1' | fill=9 | rows=[48] | cols=[12] | col_header=False | row_header=False | metadata=False
Cell N49 | value='95.3' | fill=9 | rows=[48] | cols=[13] | col_header=False | row_header=False | metadata=False
Cell O49 | value='96.18' | fill=9 | rows=[48] | cols=[14] | col_header=False | row_header=False | metadata=False
Cell P49 | value='99.39' | fill=9 | rows=[48] | cols=[15] | col_header=False | row_header=False | metadata=False
Cell Q49 | value='77.42' | fill=9 | rows=[48] | cols=[16] | col_header=False | row_header=False | metadata=False
Cell R49 | value='92.62' | fill=9 | rows=[48] | cols=[17] | col_header=False | row_header=False | metadata=False
Cell B50 | value='Car (new method)3' | fill=9 | rows=[49] | cols=[1] | col_header=False | row_header=False | metadata=False
Cell C50 | value='99.81' | fill=9 | rows=[49] | cols=[2] | col_header=False | row_header=False | metadata=False
Cell D50 | value='99.84' | fill=9 | rows=[49] | cols=[3] | col_header=False | row_header=False | metadata=False
Cell E50 | value='99.84' | fill=9 | rows=[49] | cols=[4] | col_header=False | row_header=False | metadata=False
Cell F50 | value='99.85' | fill=9 | rows=[49] | cols=[5] | col_header=False | row_header=False | metadata=False
Cell G50 | value='99.79' | fill=9 | rows=[49] | cols=[6] | col_header=False | row_header=False | metadata=False
Cell H50 | value='99.86' | fill=9 | rows=[49] | cols=[7] | col_header=False | row_header=False | metadata=False
Cell I50 | value='99.77' | fill=9 | rows=[49] | cols=[8] | col_header=False | row_header=False | metadata=False
Cell J50 | value='99.84' | fill=9 | rows=[49] | cols=[9] | col_header=False | row_header=False | metadata=False
Cell K50 | value='99.79' | fill=9 | rows=[49] | cols=[10] | col_header=False | row_header=False | metadata=False
Cell L50 | value='99.83' | fill=9 | rows=[49] | cols=[11] | col_header=False | row_header=False | metadata=False
Cell M50 | value='99.13' | fill=9 | rows=[49] | cols=[12] | col_header=False | row_header=False | metadata=False
Cell N50 | value='99.83' | fill=9 | rows=[49] | cols=[13] | col_header=False | row_header=False | metadata=False
Cell O50 | value='99.76' | fill=9 | rows=[49] | cols=[14] | col_header=False | row_header=False | metadata=False
Cell P50 | value='99.83' | fill=9 | rows=[49] | cols=[15] | col_header=False | row_header=False | metadata=False
Cell Q50 | value='96.85' | fill=9 | rows=[49] | cols=[16] | col_header=False | row_header=False | metadata=False
Cell R50 | value='99.74' | fill=9 | rows=[49] | cols=[17] | col_header=False | row_header=False | metadata=False
Cell A51 | value='2012' | fill=9 | rows=[50] | cols=[0] | col_header=False | row_header=False | metadata=False
Cell B51 | value='Public Transport / Walking4' | fill=9 | rows=[50] | cols=[1] | col_header=False | row_header=False | metadata=False
Cell C51 | value='-' | fill=9 | rows=[50] | cols=[2] | col_header=False | row_header=False | metadata=False
Cell D51 | value='-' | fill=9 | rows=[50] | cols=[3] | col_header=False | row_header=False | metadata=False
Cell E51 | value='-' | fill=9 | rows=[50] | cols=[4] | col_header=False | row_header=False | metadata=False
Cell F51 | value='-' | fill=9 | rows=[50] | cols=[5] | col_header=False | row_header=False | metadata=False
Cell G51 | value='-' | fill=9 | rows=[50] | cols=[6] | col_header=False | row_header=False | metadata=False
Cell H51 | value='-' | fill=9 | rows=[50] | cols=[7] | col_header=False | row_header=False | metadata=False
Cell I51 | value='-' | fill=9 | rows=[50] | cols=[8] | col_header=False | row_header=False | metadata=False
Cell J51 | value='-' | fill=9 | rows=[50] | cols=[9] | col_header=False | row_header=False | metadata=False
Cell K51 | value='-' | fill=9 | rows=[50] | cols=[10] | col_header=False | row_header=False | metadata=False
Cell L51 | value='-' | fill=9 | rows=[50] | cols=[11] | col_header=False | row_header=False | metadata=False
Cell M51 | value='-' | fill=9 | rows=[50] | cols=[12] | col_header=False | row_header=False | metadata=False
Cell N51 | value='-' | fill=9 | rows=[50] | cols=[13] | col_header=False | row_header=False | metadata=False
Cell O51 | value='-' | fill=9 | rows=[50] | cols=[14] | col_header=False | row_header=False | metadata=False
Cell P51 | value='-' | fill=9 | rows=[50] | cols=[15] | col_header=False | row_header=False | metadata=False
Cell Q51 | value='-' | fill=9 | rows=[50] | cols=[16] | col_header=False | row_header=False | metadata=False
Cell R51 | value='-' | fill=9 | rows=[50] | cols=[17] | col_header=False | row_header=False | metadata=False
Cell B52 | value='Cycle' | fill=9 | rows=[51] | cols=[1] | col_header=False | row_header=False | metadata=False
Cell C52 | value='97.09' | fill=9 | rows=[51] | cols=[2] | col_header=False | row_header=False | metadata=False
Cell D52 | value='99.72' | fill=9 | rows=[51] | cols=[3] | col_header=False | row_header=False | metadata=False
Cell E52 | value='99.39' | fill=9 | rows=[51] | cols=[4] | col_header=False | row_header=False | metadata=False
Cell F52 | value='99.98' | fill=9 | rows=[51] | cols=[5] | col_header=False | row_header=False | metadata=False
Cell G52 | value='93.71' | fill=9 | rows=[51] | cols=[6] | col_header=False | row_header=False | metadata=False
Cell H52 | value='99.13' | fill=9 | rows=[51] | cols=[7] | col_header=False | row_header=False | metadata=False
Cell I52 | value='94.17' | fill=9 | rows=[51] | cols=[8] | col_header=False | row_header=False | metadata=False
Cell J52 | value='99.39' | fill=9 | rows=[51] | cols=[9] | col_header=False | row_header=False | metadata=False
Cell K52 | value='96.22' | fill=9 | rows=[51] | cols=[10] | col_header=False | row_header=False | metadata=False
Cell L52 | value='99.6' | fill=9 | rows=[51] | cols=[11] | col_header=False | row_header=False | metadata=False
Cell M52 | value='82.83' | fill=9 | rows=[51] | cols=[12] | col_header=False | row_header=False | metadata=False
Cell N52 | value='96.68' | fill=9 | rows=[51] | cols=[13] | col_header=False | row_header=False | metadata=False
Cell O52 | value='96.4' | fill=9 | rows=[51] | cols=[14] | col_header=False | row_header=False | metadata=False
Cell P52 | value='99.47' | fill=9 | rows=[51] | cols=[15] | col_header=False | row_header=False | metadata=False
Cell Q52 | value='78.04' | fill=9 | rows=[51] | cols=[16] | col_header=False | row_header=False | metadata=False
Cell R52 | value='92.96' | fill=9 | rows=[51] | cols=[17] | col_header=False | row_header=False | metadata=False
Cell B53 | value='Car (new method)' | fill=9 | rows=[52] | cols=[1] | col_header=False | row_header=False | metadata=False
Cell C53 | value='99.83' | fill=9 | rows=[52] | cols=[2] | col_header=False | row_header=False | metadata=False
Cell D53 | value='99.85' | fill=9 | rows=[52] | cols=[3] | col_header=False | row_header=False | metadata=False
Cell E53 | value='99.86' | fill=9 | rows=[52] | cols=[4] | col_header=False | row_header=False | metadata=False
Cell F53 | value='99.86' | fill=9 | rows=[52] | cols=[5] | col_header=False | row_header=False | metadata=False
Cell G53 | value='99.82' | fill=9 | rows=[52] | cols=[6] | col_header=False | row_header=False | metadata=False
Cell H53 | value='99.87' | fill=9 | rows=[52] | cols=[7] | col_header=False | row_header=False | metadata=False
Cell I53 | value='99.82' | fill=9 | rows=[52] | cols=[8] | col_header=False | row_header=False | metadata=False
Cell J53 | value='99.87' | fill=9 | rows=[52] | cols=[9] | col_header=False | row_header=False | metadata=False
Cell K53 | value='99.81' | fill=9 | rows=[52] | cols=[10] | col_header=False | row_header=False | metadata=False
Cell L53 | value='99.85' | fill=9 | rows=[52] | cols=[11] | col_header=False | row_header=False | metadata=False
Cell M53 | value='99.46' | fill=9 | rows=[52] | cols=[12] | col_header=False | row_header=False | metadata=False
Cell N53 | value='99.84' | fill=9 | rows=[52] | cols=[13] | col_header=False | row_header=False | metadata=False
Cell O53 | value='99.8' | fill=9 | rows=[52] | cols=[14] | col_header=False | row_header=False | metadata=False
Cell P53 | value='99.84' | fill=9 | rows=[52] | cols=[15] | col_header=False | row_header=False | metadata=False
Cell Q53 | value='97.28' | fill=9 | rows=[52] | cols=[16] | col_header=False | row_header=False | metadata=False
Cell R53 | value='99.76' | fill=9 | rows=[52] | cols=[17] | col_header=False | row_header=False | metadata=False
Cell A54 | value='2013' | fill=9 | rows=[53] | cols=[0] | col_header=False | row_header=False | metadata=False
Cell B54 | value='Public Transport / Walking5' | fill=9 | rows=[53] | cols=[1] | col_header=False | row_header=False | metadata=False
Cell C54 | value='97.16' | fill=9 | rows=[53] | cols=[2] | col_header=False | row_header=False | metadata=False
Cell D54 | value='99.59' | fill=9 | rows=[53] | cols=[3] | col_header=False | row_header=False | metadata=False
Cell E54 | value='98.82' | fill=9 | rows=[53] | cols=[4] | col_header=False | row_header=False | metadata=False
Cell F54 | value='99.84' | fill=9 | rows=[53] | cols=[5] | col_header=False | row_header=False | metadata=False
Cell G54 | value='91.59' | fill=9 | rows=[53] | cols=[6] | col_header=False | row_header=False | metadata=False
Cell H54 | value='98.65' | fill=9 | rows=[53] | cols=[7] | col_header=False | row_header=False | metadata=False
Cell I54 | value='93.11' | fill=9 | rows=[53] | cols=[8] | col_header=False | row_header=False | metadata=False
Cell J54 | value='99.3' | fill=9 | rows=[53] | cols=[9] | col_header=False | row_header=False | metadata=False
Cell K54 | value='94.85' | fill=9 | rows=[53] | cols=[10] | col_header=False | row_header=False | metadata=False
Cell L54 | value='99.32' | fill=9 | rows=[53] | cols=[11] | col_header=False | row_header=False | metadata=False
Cell M54 | value='69.98' | fill=9 | rows=[53] | cols=[12] | col_header=False | row_header=False | metadata=False
Cell N54 | value='95.36' | fill=9 | rows=[53] | cols=[13] | col_header=False | row_header=False | metadata=False
Cell O54 | value='97.04' | fill=9 | rows=[53] | cols=[14] | col_header=False | row_header=False | metadata=False
Cell P54 | value='99.44' | fill=9 | rows=[53] | cols=[15] | col_header=False | row_header=False | metadata=False
Cell Q54 | value='63.35' | fill=9 | rows=[53] | cols=[16] | col_header=False | row_header=False | metadata=False
Cell R54 | value='92.4' | fill=9 | rows=[53] | cols=[17] | col_header=False | row_header=False | metadata=False
Cell B55 | value='Cycle' | fill=9 | rows=[54] | cols=[1] | col_header=False | row_header=False | metadata=False
Cell C55 | value='97.13' | fill=9 | rows=[54] | cols=[2] | col_header=False | row_header=False | metadata=False
Cell D55 | value='99.71' | fill=9 | rows=[54] | cols=[3] | col_header=False | row_header=False | metadata=False
Cell E55 | value='99.44' | fill=9 | rows=[54] | cols=[4] | col_header=False | row_header=False | metadata=False
Cell F55 | value='100.03' | fill=9 | rows=[54] | cols=[5] | col_header=False | row_header=False | metadata=False
Cell G55 | value='93.74' | fill=9 | rows=[54] | cols=[6] | col_header=False | row_header=False | metadata=False
Cell H55 | value='99.12' | fill=9 | rows=[54] | cols=[7] | col_header=False | row_header=False | metadata=False
Cell I55 | value='94.53' | fill=9 | rows=[54] | cols=[8] | col_header=False | row_header=False | metadata=False
Cell J55 | value='99.53' | fill=9 | rows=[54] | cols=[9] | col_header=False | row_header=False | metadata=False
Cell K55 | value='96.09' | fill=9 | rows=[54] | cols=[10] | col_header=False | row_header=False | metadata=False
Cell L55 | value='99.61' | fill=9 | rows=[54] | cols=[11] | col_header=False | row_header=False | metadata=False
Cell M55 | value='83.31' | fill=9 | rows=[54] | cols=[12] | col_header=False | row_header=False | metadata=False
Cell N55 | value='96.72' | fill=9 | rows=[54] | cols=[13] | col_header=False | row_header=False | metadata=False
Cell O55 | value='96.68' | fill=9 | rows=[54] | cols=[14] | col_header=False | row_header=False | metadata=False
Cell P55 | value='99.57' | fill=9 | rows=[54] | cols=[15] | col_header=False | row_header=False | metadata=False
Cell Q55 | value='77.77' | fill=9 | rows=[54] | cols=[16] | col_header=False | row_header=False | metadata=False
Cell R55 | value='92.66' | fill=9 | rows=[54] | cols=[17] | col_header=False | row_header=False | metadata=False
Cell B56 | value='Car (new method)' | fill=9 | rows=[55] | cols=[1] | col_header=False | row_header=False | metadata=False
Cell C56 | value='99.96' | fill=9 | rows=[55] | cols=[2] | col_header=False | row_header=False | metadata=False
Cell D56 | value='100' | fill=9 | rows=[55] | cols=[3] | col_header=False | row_header=False | metadata=False
Cell E56 | value='100.05' | fill=9 | rows=[55] | cols=[4] | col_header=False | row_header=False | metadata=False
Cell F56 | value='100.05' | fill=9 | rows=[55] | cols=[5] | col_header=False | row_header=False | metadata=False
Cell G56 | value='99.89' | fill=9 | rows=[55] | cols=[6] | col_header=False | row_header=False | metadata=False
Cell H56 | value='99.93' | fill=9 | rows=[55] | cols=[7] | col_header=False | row_header=False | metadata=False
Cell I56 | value='100.03' | fill=9 | rows=[55] | cols=[8] | col_header=False | row_header=False | metadata=False
Cell J56 | value='100.07' | fill=9 | rows=[55] | cols=[9] | col_header=False | row_header=False | metadata=False
Cell K56 | value='99.98' | fill=9 | rows=[55] | cols=[10] | col_header=False | row_header=False | metadata=False
Cell L56 | value='100' | fill=9 | rows=[55] | cols=[11] | col_header=False | row_header=False | metadata=False
Cell M56 | value='99.7' | fill=9 | rows=[55] | cols=[12] | col_header=False | row_header=False | metadata=False
Cell N56 | value='100' | fill=9 | rows=[55] | cols=[13] | col_header=False | row_header=False | metadata=False
Cell O56 | value='99.95' | fill=9 | rows=[55] | cols=[14] | col_header=False | row_header=False | metadata=False
Cell P56 | value='100.01' | fill=9 | rows=[55] | cols=[15] | col_header=False | row_header=False | metadata=False
Cell Q56 | value='97.41' | fill=9 | rows=[55] | cols=[16] | col_header=False | row_header=False | metadata=False
Cell R56 | value='99.62' | fill=9 | rows=[55] | cols=[17] | col_header=False | row_header=False | metadata=False
Cell A57 | value='1 Users are the population of the local area for the relevant service, e.g. for primary schools, the users are children aged 5-10. Please see the key definitions and terms note for further information on methods.' | fill=FF00B0F0 | rows=[56] | cols=[0] | col_header=False | row_header=False | metadata=True
Cell A58 | value='2 The number and proportion of users in a local area who can access a service within set time limits. For further information on details on the lower and upper thresholds and how they are derived please see the guidance note.' | fill=FF00B0F0 | rows=[57] | cols=[0] | col_header=False | row_header=False | metadata=True
Cell A59 | value='3 A new method has been adopted in 2010 using Trafficmaster congestion data to calculate travel times for the car mode, as opposed to using default speeds. Please see the guidance note for further information.' | fill=FF00B0F0 | rows=[58] | cols=[0] | col_header=False | row_header=False | metadata=True
Cell A60 | value='4 Public transport/walking data were not updated for 2012 due to a data quality issue. Please see 2013 statistical release or the guidance notes document for details.' | fill=FF00B0F0 | rows=[59] | cols=[0] | col_header=False | row_header=False | metadata=True
Cell A61 | value='5 A new method has been adopted in 2013 for the public transport/walking mode. Please see guidance notes document for details. The 2011 results have been recalculated on the new basis.' | fill=FF00B0F0 | rows=[60] | cols=[0] | col_header=False | row_header=False | metadata=True
Cell A62 | value='Telephone: 020 7944 4139' | fill=FF00B0F0 | rows=[61] | cols=[0] | col_header=False | row_header=False | metadata=True
Cell R62 | value='Source: DfT Accessibility Statistics' | fill=FF00B0F0 | rows=[61] | cols=[17] | col_header=False | row_header=False | metadata=True
Cell A63 | value='Email: subnational.stats@dft.gsi.gov.uk' | fill=FF00B0F0 | rows=[62] | cols=[0] | col_header=False | row_header=False | metadata=True
Cell R63 | value='Last updated: September 2014' | fill=FF00B0F0 | rows=[62] | cols=[17] | col_header=False | row_header=False | metadata=True
Cell A64 | value='https://www.gov.uk/transport-statistics-notes-and-guidance-transport-accessibility' | fill=FF00B0F0 | rows=[63] | cols=[0] | col_header=False | row_header=False | metadata=True
Cell R64 | value='Next update: To be advised' | fill=FF00B0F0 | rows=[63] | cols=[17] | col_header=False | row_header=False | metadata=True
Cell A65 | value='The figures in this table are outside the scope of National Statistics' | fill=FF00B0F0 | rows=[64] | cols=[0] | col_header=False | row_header=False | metadata=True

