=== economy-table78.xlsx ===
Cell A1 | value='#' | fill=FFFFFF00 | rows=[0] | cols=[0] | col_header=True | row_header=True | metadata=False
Cell B1 | value='Product Code' | fill=FFFFFF00 | rows=[0] | cols=[1] | col_header=True | row_header=False | metadata=False
Cell C1 | value='Variants' | fill=FFFFFF00 | rows=[0] | cols=[2] | col_header=True | row_header=False | metadata=False
Cell D1 | value='Local Price' | fill=FFFFFF00 | rows=[0] | cols=[3] | col_header=True | row_header=False | metadata=False
Cell A2 | value='North America (USD)' | fill=FFFFFF00 | rows=[1] | cols=[0, 1, 2, 3] | col_header=True | row_header=False | metadata=False
Cell A3 | value='1' | fill=FF00B050 | rows=[2] | cols=[0] | col_header=False | row_header=True | metadata=False
Cell B3 | value='AA' | fill=00000000 | rows=[2] | cols=[1] | col_header=False | row_header=False | metadata=False
Cell C3 | value='5' | fill=00000000 | rows=[2] | cols=[2] | col_header=False | row_header=False | metadata=False
Cell D3 | value='5' | fill=00000000 | rows=[2] | cols=[3] | col_header=False | row_header=False | metadata=False
Cell A4 | value='2' | fill=FF00B050 | rows=[3] | cols=[0] | col_header=False | row_header=True | metadata=False
Cell B4 | value='AB' | fill=00000000 | rows=[3] | cols=[1] | col_header=False | row_header=False | metadata=False
Cell C4 | value='10' | fill=00000000 | rows=[3] | cols=[2] | col_header=False | row_header=False | metadata=False
Cell D4 | value='10' | fill=00000000 | rows=[3] | cols=[3] | col_header=False | row_header=False | metadata=False
Cell A5 | value='3' | fill=FF00B050 | rows=[4] | cols=[0] | col_header=False | row_header=True | metadata=False
Cell B5 | value='AC' | fill=00000000 | rows=[4] | cols=[1] | col_header=False | row_header=False | metadata=False
Cell C5 | value='1-Month Premium' | fill=00000000 | rows=[4] | cols=[2] | col_header=False | row_header=False | metadata=False
Cell D5 | value='12.95' | fill=00000000 | rows=[4] | cols=[3] | col_header=False | row_header=False | metadata=False
Cell A6 | value='4' | fill=FF00B050 | rows=[5] | cols=[0] | col_header=False | row_header=True | metadata=False
Cell B6 | value='AD' | fill=00000000 | rows=[5] | cols=[1] | col_header=False | row_header=False | metadata=False
Cell C6 | value='3-Month Premium' | fill=00000000 | rows=[5] | cols=[2] | col_header=False | row_header=False | metadata=False
Cell D6 | value='31.95' | fill=00000000 | rows=[5] | cols=[3] | col_header=False | row_header=False | metadata=False
Cell A7 | value='5' | fill=FF00B050 | rows=[6] | cols=[0] | col_header=False | row_header=True | metadata=False
Cell B7 | value='AE' | fill=00000000 | rows=[6] | cols=[1] | col_header=False | row_header=False | metadata=False
Cell C7 | value='10-Day Premium' | fill=00000000 | rows=[6] | cols=[2] | col_header=False | row_header=False | metadata=False
Cell D7 | value='4.99' | fill=00000000 | rows=[6] | cols=[3] | col_header=False | row_header=False | metadata=False
Cell A8 | value='Canada (CAD)' | fill=FFFFFF00 | rows=[7] | cols=[0, 1, 2, 3] | col_header=True | row_header=False | metadata=False
Cell A9 | value='6' | fill=FF00B050 | rows=[8] | cols=[0] | col_header=False | row_header=True | metadata=False
Cell B9 | value='BA' | fill=00000000 | rows=[8] | cols=[1] | col_header=False | row_header=False | metadata=False
Cell C9 | value='5' | fill=00000000 | rows=[8] | cols=[2] | col_header=False | row_header=False | metadata=False
Cell D9 | value='5' | fill=00000000 | rows=[8] | cols=[3] | col_header=False | row_header=False | metadata=False
Cell A10 | value='7' | fill=FF00B050 | rows=[9] | cols=[0] | col_header=False | row_header=True | metadata=False
Cell B10 | value='BB' | fill=00000000 | rows=[9] | cols=[1] | col_header=False | row_header=False | metadata=False
Cell C10 | value='10' | fill=00000000 | rows=[9] | cols=[2] | col_header=False | row_header=False | metadata=False
Cell D10 | value='10' | fill=00000000 | rows=[9] | cols=[3] | col_header=False | row_header=False | metadata=False
Cell A11 | value='8' | fill=FF00B050 | rows=[10] | cols=[0] | col_header=False | row_header=True | metadata=False
Cell B11 | value='BC' | fill=00000000 | rows=[10] | cols=[1] | col_header=False | row_header=False | metadata=False
Cell C11 | value='1-Month Premium' | fill=00000000 | rows=[10] | cols=[2] | col_header=False | row_header=False | metadata=False
Cell D11 | value='13.99' | fill=00000000 | rows=[10] | cols=[3] | col_header=False | row_header=False | metadata=False
Cell A12 | value='9' | fill=FF00B050 | rows=[11] | cols=[0] | col_header=False | row_header=True | metadata=False
Cell B12 | value='BD' | fill=00000000 | rows=[11] | cols=[1] | col_header=False | row_header=False | metadata=False
Cell C12 | value='3-Month Premium' | fill=00000000 | rows=[11] | cols=[2] | col_header=False | row_header=False | metadata=False
Cell D12 | value='33.99' | fill=00000000 | rows=[11] | cols=[3] | col_header=False | row_header=False | metadata=False
Cell A13 | value='10' | fill=FF00B050 | rows=[12] | cols=[0] | col_header=False | row_header=True | metadata=False
Cell B13 | value='BE' | fill=00000000 | rows=[12] | cols=[1] | col_header=False | row_header=False | metadata=False
Cell C13 | value='10-Day Premium' | fill=00000000 | rows=[12] | cols=[2] | col_header=False | row_header=False | metadata=False
Cell D13 | value='5.99' | fill=00000000 | rows=[12] | cols=[3] | col_header=False | row_header=False | metadata=False
Cell A14 | value='Europe (EUR)' | fill=FFFFFF00 | rows=[13] | cols=[0, 1, 2, 3] | col_header=True | row_header=False | metadata=False
Cell A15 | value='11' | fill=FF00B050 | rows=[14] | cols=[0] | col_header=False | row_header=True | metadata=False
Cell B15 | value='CA' | fill=00000000 | rows=[14] | cols=[1] | col_header=False | row_header=False | metadata=False
Cell C15 | value='5' | fill=00000000 | rows=[14] | cols=[2] | col_header=False | row_header=False | metadata=False
Cell D15 | value='€ 5.00' | fill=00000000 | rows=[14] | cols=[3] | col_header=False | row_header=False | metadata=False
Cell A16 | value='12' | fill=FF00B050 | rows=[15] | cols=[0] | col_header=False | row_header=True | metadata=False
Cell B16 | value='CB' | fill=00000000 | rows=[15] | cols=[1] | col_header=False | row_header=False | metadata=False
Cell C16 | value='10' | fill=00000000 | rows=[15] | cols=[2] | col_header=False | row_header=False | metadata=False
Cell D16 | value='€ 10.00' | fill=00000000 | rows=[15] | cols=[3] | col_header=False | row_header=False | metadata=False
Cell A17 | value='13' | fill=FF00B050 | rows=[16] | cols=[0] | col_header=False | row_header=True | metadata=False
Cell B17 | value='CC' | fill=00000000 | rows=[16] | cols=[1] | col_header=False | row_header=False | metadata=False
Cell C17 | value='1-Month Premium' | fill=00000000 | rows=[16] | cols=[2] | col_header=False | row_header=False | metadata=False
Cell D17 | value='€ 9.50' | fill=00000000 | rows=[16] | cols=[3] | col_header=False | row_header=False | metadata=False
Cell A18 | value='14' | fill=FF00B050 | rows=[17] | cols=[0] | col_header=False | row_header=True | metadata=False
Cell B18 | value='CD' | fill=00000000 | rows=[17] | cols=[1] | col_header=False | row_header=False | metadata=False
Cell C18 | value='3-Month Premium' | fill=00000000 | rows=[17] | cols=[2] | col_header=False | row_header=False | metadata=False
Cell D18 | value='€ 23.50' | fill=00000000 | rows=[17] | cols=[3] | col_header=False | row_header=False | metadata=False
Cell A19 | value='15' | fill=FF00B050 | rows=[18] | cols=[0] | col_header=False | row_header=True | metadata=False
Cell B19 | value='CE' | fill=00000000 | rows=[18] | cols=[1] | col_header=False | row_header=False | metadata=False
Cell C19 | value='10-Day Premium' | fill=00000000 | rows=[18] | cols=[2] | col_header=False | row_header=False | metadata=False
Cell D19 | value='€ 3.75' | fill=00000000 | rows=[18] | cols=[3] | col_header=False | row_header=False | metadata=False
Cell A20 | value='Europe (GBP)' | fill=FFFFFF00 | rows=[19] | cols=[0, 1, 2, 3] | col_header=True | row_header=False | metadata=False
Cell A21 | value='16' | fill=FF00B050 | rows=[20] | cols=[0] | col_header=False | row_header=True | metadata=False
Cell B21 | value='DA' | fill=00000000 | rows=[20] | cols=[1] | col_header=False | row_header=False | metadata=False
Cell C21 | value='5' | fill=00000000 | rows=[20] | cols=[2] | col_header=False | row_header=False | metadata=False
Cell D21 | value='GBP 5' | fill=00000000 | rows=[20] | cols=[3] | col_header=False | row_header=False | metadata=False
Cell A22 | value='17' | fill=FF00B050 | rows=[21] | cols=[0] | col_header=False | row_header=True | metadata=False
Cell B22 | value='DB' | fill=00000000 | rows=[21] | cols=[1] | col_header=False | row_header=False | metadata=False
Cell C22 | value='10' | fill=00000000 | rows=[21] | cols=[2] | col_header=False | row_header=False | metadata=False
Cell D22 | value='GBP 10' | fill=00000000 | rows=[21] | cols=[3] | col_header=False | row_header=False | metadata=False
Cell A23 | value='18' | fill=FF00B050 | rows=[22] | cols=[0] | col_header=False | row_header=True | metadata=False
Cell B23 | value='DC' | fill=00000000 | rows=[22] | cols=[1] | col_header=False | row_header=False | metadata=False
Cell C23 | value='1-Month Premium' | fill=00000000 | rows=[22] | cols=[2] | col_header=False | row_header=False | metadata=False
Cell D23 | value='GBP 8.25' | fill=00000000 | rows=[22] | cols=[3] | col_header=False | row_header=False | metadata=False
Cell A24 | value='19' | fill=FF00B050 | rows=[23] | cols=[0] | col_header=False | row_header=True | metadata=False
Cell B24 | value='DD' | fill=00000000 | rows=[23] | cols=[1] | col_header=False | row_header=False | metadata=False
Cell C24 | value='3-Month Premium' | fill=00000000 | rows=[23] | cols=[2] | col_header=False | row_header=False | metadata=False
Cell D24 | value='GBP 20.25' | fill=00000000 | rows=[23] | cols=[3] | col_header=False | row_header=False | metadata=False
Cell A25 | value='20' | fill=FF00B050 | rows=[24] | cols=[0] | col_header=False | row_header=True | metadata=False
Cell B25 | value='DE' | fill=00000000 | rows=[24] | cols=[1] | col_header=False | row_header=False | metadata=False
Cell C25 | value='10-Day Premium' | fill=00000000 | rows=[24] | cols=[2] | col_header=False | row_header=False | metadata=False
Cell D25 | value='GBP 3.25' | fill=00000000 | rows=[24] | cols=[3] | col_header=False | row_header=False | metadata=False
Cell A26 | value='Europe (CHF)' | fill=FFFFFF00 | rows=[25] | cols=[0, 1, 2, 3] | col_header=True | row_header=False | metadata=False
Cell A27 | value='21' | fill=FF00B050 | rows=[26] | cols=[0] | col_header=False | row_header=True | metadata=False
Cell B27 | value='EA' | fill=00000000 | rows=[26] | cols=[1] | col_header=False | row_header=False | metadata=False
Cell C27 | value='5' | fill=00000000 | rows=[26] | cols=[2] | col_header=False | row_header=False | metadata=False
Cell D27 | value='CHF 5' | fill=00000000 | rows=[26] | cols=[3] | col_header=False | row_header=False | metadata=False
Cell A28 | value='22' | fill=FF00B050 | rows=[27] | cols=[0] | col_header=False | row_header=True | metadata=False
Cell B28 | value='EB' | fill=00000000 | rows=[27] | cols=[1] | col_header=False | row_header=False | metadata=False
Cell C28 | value='10' | fill=00000000 | rows=[27] | cols=[2] | col_header=False | row_header=False | metadata=False
Cell D28 | value='CHF 10' | fill=00000000 | rows=[27] | cols=[3] | col_header=False | row_header=False | metadata=False
Cell A29 | value='23' | fill=FF00B050 | rows=[28] | cols=[0] | col_header=False | row_header=True | metadata=False
Cell B29 | value='EC' | fill=00000000 | rows=[28] | cols=[1] | col_header=False | row_header=False | metadata=False
Cell C29 | value='1-Month Premium' | fill=00000000 | rows=[28] | cols=[2] | col_header=False | row_header=False | metadata=False
Cell D29 | value='CHF 12.50' | fill=00000000 | rows=[28] | cols=[3] | col_header=False | row_header=False | metadata=False
Cell A30 | value='24' | fill=FF00B050 | rows=[29] | cols=[0] | col_header=False | row_header=True | metadata=False
Cell B30 | value='ED' | fill=00000000 | rows=[29] | cols=[1] | col_header=False | row_header=False | metadata=False
Cell C30 | value='3-Month Premium' | fill=00000000 | rows=[29] | cols=[2] | col_header=False | row_header=False | metadata=False
Cell D30 | value='CHF 30.50' | fill=00000000 | rows=[29] | cols=[3] | col_header=False | row_header=False | metadata=False
Cell A31 | value='25' | fill=FF00B050 | rows=[30] | cols=[0] | col_header=False | row_header=True | metadata=False
Cell B31 | value='EE' | fill=00000000 | rows=[30] | cols=[1] | col_header=False | row_header=False | metadata=False
Cell C31 | value='10-Day Premium' | fill=00000000 | rows=[30] | cols=[2] | col_header=False | row_header=False | metadata=False
Cell D31 | value='CHF 4.75' | fill=00000000 | rows=[30] | cols=[3] | col_header=False | row_header=False | metadata=False
Cell A32 | value='Europe (DKK)' | fill=FFFFFF00 | rows=[31] | cols=[0, 1, 2, 3] | col_header=True | row_header=False | metadata=False
Cell A33 | value='26' | fill=FF00B050 | rows=[32] | cols=[0] | col_header=False | row_header=True | metadata=False
Cell B33 | value='FA' | fill=00000000 | rows=[32] | cols=[1] | col_header=False | row_header=False | metadata=False
Cell C33 | value='5' | fill=00000000 | rows=[32] | cols=[2] | col_header=False | row_header=False | metadata=False
Cell D33 | value='kr. 30' | fill=00000000 | rows=[32] | cols=[3] | col_header=False | row_header=False | metadata=False
Cell A34 | value='27' | fill=FF00B050 | rows=[33] | cols=[0] | col_header=False | row_header=True | metadata=False
Cell B34 | value='FF' | fill=00000000 | rows=[33] | cols=[1] | col_header=False | row_header=False | metadata=False
Cell C34 | value='10' | fill=00000000 | rows=[33] | cols=[2] | col_header=False | row_header=False | metadata=False
Cell D34 | value='kr. 60' | fill=00000000 | rows=[33] | cols=[3] | col_header=False | row_header=False | metadata=False
Cell A35 | value='28' | fill=FF00B050 | rows=[34] | cols=[0] | col_header=False | row_header=True | metadata=False
Cell B35 | value='FC' | fill=00000000 | rows=[34] | cols=[1] | col_header=False | row_header=False | metadata=False
Cell C35 | value='1-Month Premium' | fill=00000000 | rows=[34] | cols=[2] | col_header=False | row_header=False | metadata=False
Cell D35 | value='kr. 71' | fill=00000000 | rows=[34] | cols=[3] | col_header=False | row_header=False | metadata=False
Cell A36 | value='29' | fill=FF00B050 | rows=[35] | cols=[0] | col_header=False | row_header=True | metadata=False
Cell B36 | value='FD' | fill=00000000 | rows=[35] | cols=[1] | col_header=False | row_header=False | metadata=False
Cell C36 | value='3-Month Premium' | fill=00000000 | rows=[35] | cols=[2] | col_header=False | row_header=False | metadata=False
Cell D36 | value='kr. 175' | fill=00000000 | rows=[35] | cols=[3] | col_header=False | row_header=False | metadata=False
Cell A37 | value='30' | fill=FF00B050 | rows=[36] | cols=[0] | col_header=False | row_header=True | metadata=False
Cell B37 | value='FF' | fill=00000000 | rows=[36] | cols=[1] | col_header=False | row_header=False | metadata=False
Cell C37 | value='10-Day Premium' | fill=00000000 | rows=[36] | cols=[2] | col_header=False | row_header=False | metadata=False
Cell D37 | value='kr. 27.50' | fill=00000000 | rows=[36] | cols=[3] | col_header=False | row_header=False | metadata=False
Cell A38 | value='Europe (SEK)' | fill=FFFFFF00 | rows=[37] | cols=[0, 1, 2, 3] | col_header=True | row_header=False | metadata=False
Cell A39 | value='31' | fill=FF00B050 | rows=[38] | cols=[0] | col_header=False | row_header=True | metadata=False
Cell B39 | value='GA' | fill=00000000 | rows=[38] | cols=[1] | col_header=False | row_header=False | metadata=False
Cell C39 | value='5' | fill=00000000 | rows=[38] | cols=[2] | col_header=False | row_header=False | metadata=False
Cell D39 | value='40 kr' | fill=00000000 | rows=[38] | cols=[3] | col_header=False | row_header=False | metadata=False
Cell A40 | value='32' | fill=FF00B050 | rows=[39] | cols=[0] | col_header=False | row_header=True | metadata=False
Cell B40 | value='GB' | fill=00000000 | rows=[39] | cols=[1] | col_header=False | row_header=False | metadata=False
Cell C40 | value='10' | fill=00000000 | rows=[39] | cols=[2] | col_header=False | row_header=False | metadata=False
Cell D40 | value='70 kr' | fill=00000000 | rows=[39] | cols=[3] | col_header=False | row_header=False | metadata=False
Cell A41 | value='33' | fill=FF00B050 | rows=[40] | cols=[0] | col_header=False | row_header=True | metadata=False
Cell B41 | value='GC' | fill=00000000 | rows=[40] | cols=[1] | col_header=False | row_header=False | metadata=False
Cell C41 | value='1-Month Premium' | fill=00000000 | rows=[40] | cols=[2] | col_header=False | row_header=False | metadata=False
Cell D41 | value='87 kr' | fill=00000000 | rows=[40] | cols=[3] | col_header=False | row_header=False | metadata=False
Cell A42 | value='34' | fill=FF00B050 | rows=[41] | cols=[0] | col_header=False | row_header=True | metadata=False
Cell B42 | value='GD' | fill=00000000 | rows=[41] | cols=[1] | col_header=False | row_header=False | metadata=False
Cell C42 | value='3-Month Premium' | fill=00000000 | rows=[41] | cols=[2] | col_header=False | row_header=False | metadata=False
Cell D42 | value='214.25 kr' | fill=00000000 | rows=[41] | cols=[3] | col_header=False | row_header=False | metadata=False
Cell A43 | value='35' | fill=FF00B050 | rows=[42] | cols=[0] | col_header=False | row_header=True | metadata=False
Cell B43 | value='GE' | fill=00000000 | rows=[42] | cols=[1] | col_header=False | row_header=False | metadata=False
Cell C43 | value='10-Day Premium' | fill=00000000 | rows=[42] | cols=[2] | col_header=False | row_header=False | metadata=False
Cell D43 | value='33.50 kr' | fill=00000000 | rows=[42] | cols=[3] | col_header=False | row_header=False | metadata=False
Cell A44 | value='Europe (NOK)' | fill=FFFFFF00 | rows=[43] | cols=[0, 1, 2, 3] | col_header=True | row_header=False | metadata=False
Cell A45 | value='36' | fill=FF00B050 | rows=[44] | cols=[0] | col_header=False | row_header=True | metadata=False
Cell B45 | value='HA' | fill=00000000 | rows=[44] | cols=[1] | col_header=False | row_header=False | metadata=False
Cell C45 | value='5' | fill=00000000 | rows=[44] | cols=[2] | col_header=False | row_header=False | metadata=False
Cell D45 | value='kr 30' | fill=00000000 | rows=[44] | cols=[3] | col_header=False | row_header=False | metadata=False
Cell A46 | value='37' | fill=FF00B050 | rows=[45] | cols=[0] | col_header=False | row_header=True | metadata=False
Cell B46 | value='HB' | fill=00000000 | rows=[45] | cols=[1] | col_header=False | row_header=False | metadata=False
Cell C46 | value='10' | fill=00000000 | rows=[45] | cols=[2] | col_header=False | row_header=False | metadata=False
Cell D46 | value='kr 60' | fill=00000000 | rows=[45] | cols=[3] | col_header=False | row_header=False | metadata=False
Cell A47 | value='38' | fill=FF00B050 | rows=[46] | cols=[0] | col_header=False | row_header=True | metadata=False
Cell B47 | value='HC' | fill=00000000 | rows=[46] | cols=[1] | col_header=False | row_header=False | metadata=False
Cell C47 | value='1-Month Premium' | fill=00000000 | rows=[46] | cols=[2] | col_header=False | row_header=False | metadata=False
Cell D47 | value='kr 75.50' | fill=00000000 | rows=[46] | cols=[3] | col_header=False | row_header=False | metadata=False
Cell A48 | value='39' | fill=FF00B050 | rows=[47] | cols=[0] | col_header=False | row_header=True | metadata=False
Cell B48 | value='HD' | fill=00000000 | rows=[47] | cols=[1] | col_header=False | row_header=False | metadata=False
Cell C48 | value='3-Month Premium' | fill=00000000 | rows=[47] | cols=[2] | col_header=False | row_header=False | metadata=False
Cell D48 | value='kr 186' | fill=00000000 | rows=[47] | cols=[3] | col_header=False | row_header=False | metadata=False
Cell A49 | value='40' | fill=FF00B050 | rows=[48] | cols=[0] | col_header=False | row_header=True | metadata=False
Cell B49 | value='HE' | fill=00000000 | rows=[48] | cols=[1] | col_header=False | row_header=False | metadata=False
Cell C49 | value='10-Day Premium' | fill=00000000 | rows=[48] | cols=[2] | col_header=False | row_header=False | metadata=False
Cell D49 | value='kr 29' | fill=00000000 | rows=[48] | cols=[3] | col_header=False | row_header=False | metadata=False
Cell A50 | value='Europe (ILS)' | fill=FFFFFF00 | rows=[49] | cols=[0, 1, 2, 3] | col_header=True | row_header=False | metadata=False
Cell A51 | value='41' | fill=FF00B050 | rows=[50] | cols=[0] | col_header=False | row_header=True | metadata=False
Cell B51 | value='JA' | fill=00000000 | rows=[50] | cols=[1] | col_header=False | row_header=False | metadata=False
Cell C51 | value='5' | fill=00000000 | rows=[50] | cols=[2] | col_header=False | row_header=False | metadata=False
Cell D51 | value='₪ 20' | fill=00000000 | rows=[50] | cols=[3] | col_header=False | row_header=False | metadata=False
Cell A52 | value='42' | fill=FF00B050 | rows=[51] | cols=[0] | col_header=False | row_header=True | metadata=False
Cell B52 | value='JB' | fill=00000000 | rows=[51] | cols=[1] | col_header=False | row_header=False | metadata=False
Cell C52 | value='10' | fill=00000000 | rows=[51] | cols=[2] | col_header=False | row_header=False | metadata=False
Cell D52 | value='₪ 40' | fill=00000000 | rows=[51] | cols=[3] | col_header=False | row_header=False | metadata=False
Cell A53 | value='43' | fill=FF00B050 | rows=[52] | cols=[0] | col_header=False | row_header=True | metadata=False
Cell B53 | value='JC' | fill=00000000 | rows=[52] | cols=[1] | col_header=False | row_header=False | metadata=False
Cell C53 | value='1-Month Premium' | fill=00000000 | rows=[52] | cols=[2] | col_header=False | row_header=False | metadata=False
Cell D53 | value='₪ 47' | fill=00000000 | rows=[52] | cols=[3] | col_header=False | row_header=False | metadata=False
Cell A54 | value='44' | fill=FF00B050 | rows=[53] | cols=[0] | col_header=False | row_header=True | metadata=False
Cell B54 | value='JD' | fill=00000000 | rows=[53] | cols=[1] | col_header=False | row_header=False | metadata=False
Cell C54 | value='3-Month Premium' | fill=00000000 | rows=[53] | cols=[2] | col_header=False | row_header=False | metadata=False
Cell D54 | value='₪ 115.50' | fill=00000000 | rows=[53] | cols=[3] | col_header=False | row_header=False | metadata=False
Cell A55 | value='45' | fill=FF00B050 | rows=[54] | cols=[0] | col_header=False | row_header=True | metadata=False
Cell B55 | value='JE' | fill=00000000 | rows=[54] | cols=[1] | col_header=False | row_header=False | metadata=False
Cell C55 | value='10-Day Premium' | fill=00000000 | rows=[54] | cols=[2] | col_header=False | row_header=False | metadata=False
Cell D55 | value='₪ 18' | fill=00000000 | rows=[54] | cols=[3] | col_header=False | row_header=False | metadata=False
Cell A56 | value='Middle East (SAR)' | fill=FFFFFF00 | rows=[55] | cols=[0, 1, 2, 3] | col_header=True | row_header=False | metadata=False
Cell A57 | value='46' | fill=FF00B050 | rows=[56] | cols=[0] | col_header=False | row_header=True | metadata=False
Cell B57 | value='KA' | fill=00000000 | rows=[56] | cols=[1] | col_header=False | row_header=False | metadata=False
Cell C57 | value='5' | fill=00000000 | rows=[56] | cols=[2] | col_header=False | row_header=False | metadata=False
Cell D57 | value='ر.س.‏ 20' | fill=00000000 | rows=[56] | cols=[3] | col_header=False | row_header=False | metadata=False
Cell A58 | value='47' | fill=FF00B050 | rows=[57] | cols=[0] | col_header=False | row_header=True | metadata=False
Cell B58 | value='KB' | fill=00000000 | rows=[57] | cols=[1] | col_header=False | row_header=False | metadata=False
Cell C58 | value='10' | fill=00000000 | rows=[57] | cols=[2] | col_header=False | row_header=False | metadata=False
Cell D58 | value='ر.س.‏ 40' | fill=00000000 | rows=[57] | cols=[3] | col_header=False | row_header=False | metadata=False
Cell A59 | value='48' | fill=FF00B050 | rows=[58] | cols=[0] | col_header=False | row_header=True | metadata=False
Cell B59 | value='KC' | fill=00000000 | rows=[58] | cols=[1] | col_header=False | row_header=False | metadata=False
Cell C59 | value='1-Month Premium' | fill=00000000 | rows=[58] | cols=[2] | col_header=False | row_header=False | metadata=False
Cell D59 | value='ر.س.‏ 50' | fill=00000000 | rows=[58] | cols=[3] | col_header=False | row_header=False | metadata=False
Cell A60 | value='49' | fill=FF00B050 | rows=[59] | cols=[0] | col_header=False | row_header=True | metadata=False
Cell B60 | value='KD' | fill=00000000 | rows=[59] | cols=[1] | col_header=False | row_header=False | metadata=False
Cell C60 | value='3-Month Premium' | fill=00000000 | rows=[59] | cols=[2] | col_header=False | row_header=False | metadata=False
Cell D60 | value='ر.س.‏ 120' | fill=00000000 | rows=[59] | cols=[3] | col_header=False | row_header=False | metadata=False
Cell A61 | value='50' | fill=FF00B050 | rows=[60] | cols=[0] | col_header=False | row_header=True | metadata=False
Cell B61 | value='KE' | fill=00000000 | rows=[60] | cols=[1] | col_header=False | row_header=False | metadata=False
Cell C61 | value='10-Day Premium' | fill=00000000 | rows=[60] | cols=[2] | col_header=False | row_header=False | metadata=False
Cell D61 | value='ر.س.‏ 20' | fill=00000000 | rows=[60] | cols=[3] | col_header=False | row_header=False | metadata=False
Cell A62 | value='Middle East (AED)' | fill=FFFFFF00 | rows=[61] | cols=[0, 1, 2, 3] | col_header=True | row_header=False | metadata=False
Cell A63 | value='51' | fill=FF00B050 | rows=[62] | cols=[0] | col_header=False | row_header=True | metadata=False
Cell B63 | value='LA' | fill=00000000 | rows=[62] | cols=[1] | col_header=False | row_header=False | metadata=False
Cell C63 | value='5' | fill=00000000 | rows=[62] | cols=[2] | col_header=False | row_header=False | metadata=False
Cell D63 | value='د.إ.‏ 20' | fill=00000000 | rows=[62] | cols=[3] | col_header=False | row_header=False | metadata=False
Cell A64 | value='52' | fill=FF00B050 | rows=[63] | cols=[0] | col_header=False | row_header=True | metadata=False
Cell B64 | value='LB' | fill=00000000 | rows=[63] | cols=[1] | col_header=False | row_header=False | metadata=False
Cell C64 | value='10' | fill=00000000 | rows=[63] | cols=[2] | col_header=False | row_header=False | metadata=False
Cell D64 | value='د.إ.‏ 40' | fill=00000000 | rows=[63] | cols=[3] | col_header=False | row_header=False | metadata=False
Cell A65 | value='53' | fill=FF00B050 | rows=[64] | cols=[0] | col_header=False | row_header=True | metadata=False
Cell B65 | value='LC' | fill=00000000 | rows=[64] | cols=[1] | col_header=False | row_header=False | metadata=False
Cell C65 | value='1-Month Premium' | fill=00000000 | rows=[64] | cols=[2] | col_header=False | row_header=False | metadata=False
Cell D65 | value='د.إ.‏ 50' | fill=00000000 | rows=[64] | cols=[3] | col_header=False | row_header=False | metadata=False
Cell A66 | value='54' | fill=FF00B050 | rows=[65] | cols=[0] | col_header=False | row_header=True | metadata=False
Cell B66 | value='LD' | fill=00000000 | rows=[65] | cols=[1] | col_header=False | row_header=False | metadata=False
Cell C66 | value='3-Month Premium' | fill=00000000 | rows=[65] | cols=[2] | col_header=False | row_header=False | metadata=False
Cell D66 | value='د.إ.‏ 120' | fill=00000000 | rows=[65] | cols=[3] | col_header=False | row_header=False | metadata=False
Cell A67 | value='55' | fill=FF00B050 | rows=[66] | cols=[0] | col_header=False | row_header=True | metadata=False
Cell B67 | value='LE' | fill=00000000 | rows=[66] | cols=[1] | col_header=False | row_header=False | metadata=False
Cell C67 | value='10-Day Premium' | fill=00000000 | rows=[66] | cols=[2] | col_header=False | row_header=False | metadata=False
Cell D67 | value='د.إ.‏ 20' | fill=00000000 | rows=[66] | cols=[3] | col_header=False | row_header=False | metadata=False
Cell A68 | value='Japan (JPY)' | fill=FFFFFF00 | rows=[67] | cols=[0, 1, 2, 3] | col_header=True | row_header=False | metadata=False
Cell A69 | value='56' | fill=FF00B050 | rows=[68] | cols=[0] | col_header=False | row_header=True | metadata=False
Cell B69 | value='MA' | fill=00000000 | rows=[68] | cols=[1] | col_header=False | row_header=False | metadata=False
Cell C69 | value='5' | fill=00000000 | rows=[68] | cols=[2] | col_header=False | row_header=False | metadata=False
Cell D69 | value='¥650' | fill=00000000 | rows=[68] | cols=[3] | col_header=False | row_header=False | metadata=False
Cell A70 | value='57' | fill=FF00B050 | rows=[69] | cols=[0] | col_header=False | row_header=True | metadata=False
Cell B70 | value='MB' | fill=00000000 | rows=[69] | cols=[1] | col_header=False | row_header=False | metadata=False
Cell C70 | value='10' | fill=00000000 | rows=[69] | cols=[2] | col_header=False | row_header=False | metadata=False
Cell D70 | value='¥1,150' | fill=00000000 | rows=[69] | cols=[3] | col_header=False | row_header=False | metadata=False
Cell A71 | value='58' | fill=FF00B050 | rows=[70] | cols=[0] | col_header=False | row_header=True | metadata=False
Cell B71 | value='MC' | fill=00000000 | rows=[70] | cols=[1] | col_header=False | row_header=False | metadata=False
Cell C71 | value='1-Month Premium' | fill=00000000 | rows=[70] | cols=[2] | col_header=False | row_header=False | metadata=False
Cell D71 | value='¥1,500' | fill=00000000 | rows=[70] | cols=[3] | col_header=False | row_header=False | metadata=False
Cell A72 | value='59' | fill=FF00B050 | rows=[71] | cols=[0] | col_header=False | row_header=True | metadata=False
Cell B72 | value='MD' | fill=00000000 | rows=[71] | cols=[1] | col_header=False | row_header=False | metadata=False
Cell C72 | value='3-Month Premium' | fill=00000000 | rows=[71] | cols=[2] | col_header=False | row_header=False | metadata=False
Cell D72 | value='¥3,400' | fill=00000000 | rows=[71] | cols=[3] | col_header=False | row_header=False | metadata=False
Cell A73 | value='60' | fill=FF00B050 | rows=[72] | cols=[0] | col_header=False | row_header=True | metadata=False
Cell B73 | value='MF' | fill=00000000 | rows=[72] | cols=[1] | col_header=False | row_header=False | metadata=False
Cell C73 | value='10-Day Premium' | fill=00000000 | rows=[72] | cols=[2] | col_header=False | row_header=False | metadata=False
Cell D73 | value='¥650' | fill=00000000 | rows=[72] | cols=[3] | col_header=False | row_header=False | metadata=False
Cell A74 | value='Asia Pacific (TWD)' | fill=FFFFFF00 | rows=[73] | cols=[0, 1, 2, 3] | col_header=True | row_header=False | metadata=False
Cell A75 | value='61' | fill=FF00B050 | rows=[74] | cols=[0] | col_header=False | row_header=True | metadata=False
Cell B75 | value='NA' | fill=00000000 | rows=[74] | cols=[1] | col_header=False | row_header=False | metadata=False
Cell C75 | value='5' | fill=00000000 | rows=[74] | cols=[2] | col_header=False | row_header=False | metadata=False
Cell D75 | value='NT$150' | fill=00000000 | rows=[74] | cols=[3] | col_header=False | row_header=False | metadata=False
Cell A76 | value='62' | fill=FF00B050 | rows=[75] | cols=[0] | col_header=False | row_header=True | metadata=False
Cell B76 | value='NB' | fill=00000000 | rows=[75] | cols=[1] | col_header=False | row_header=False | metadata=False
Cell C76 | value='10' | fill=00000000 | rows=[75] | cols=[2] | col_header=False | row_header=False | metadata=False
Cell D76 | value='NT$290' | fill=00000000 | rows=[75] | cols=[3] | col_header=False | row_header=False | metadata=False
Cell A77 | value='63' | fill=FF00B050 | rows=[76] | cols=[0] | col_header=False | row_header=True | metadata=False
Cell B77 | value='NC' | fill=00000000 | rows=[76] | cols=[1] | col_header=False | row_header=False | metadata=False
Cell C77 | value='1-Month Premium' | fill=00000000 | rows=[76] | cols=[2] | col_header=False | row_header=False | metadata=False
Cell D77 | value='NT$380' | fill=00000000 | rows=[76] | cols=[3] | col_header=False | row_header=False | metadata=False
Cell A78 | value='64' | fill=FF00B050 | rows=[77] | cols=[0] | col_header=False | row_header=True | metadata=False
Cell B78 | value='ND' | fill=00000000 | rows=[77] | cols=[1] | col_header=False | row_header=False | metadata=False
Cell C78 | value='3-Month Premium' | fill=00000000 | rows=[77] | cols=[2] | col_header=False | row_header=False | metadata=False
Cell D78 | value='NT$930' | fill=00000000 | rows=[77] | cols=[3] | col_header=False | row_header=False | metadata=False
Cell A79 | value='65' | fill=FF00B050 | rows=[78] | cols=[0] | col_header=False | row_header=True | metadata=False
Cell B79 | value='NE' | fill=00000000 | rows=[78] | cols=[1] | col_header=False | row_header=False | metadata=False
Cell C79 | value='10-Day Premium' | fill=00000000 | rows=[78] | cols=[2] | col_header=False | row_header=False | metadata=False
Cell D79 | value='NT$150' | fill=00000000 | rows=[78] | cols=[3] | col_header=False | row_header=False | metadata=False
Cell A80 | value='Asia Pacific (KRW)' | fill=FFFFFF00 | rows=[79] | cols=[0, 1, 2, 3] | col_header=True | row_header=False | metadata=False
Cell A81 | value='66' | fill=FF00B050 | rows=[80] | cols=[0] | col_header=False | row_header=True | metadata=False
Cell B81 | value='OA' | fill=00000000 | rows=[80] | cols=[1] | col_header=False | row_header=False | metadata=False
Cell C81 | value='5' | fill=00000000 | rows=[80] | cols=[2] | col_header=False | row_header=False | metadata=False
Cell D81 | value='₩5,300' | fill=00000000 | rows=[80] | cols=[3] | col_header=False | row_header=False | metadata=False
Cell A82 | value='67' | fill=FF00B050 | rows=[81] | cols=[0] | col_header=False | row_header=True | metadata=False
Cell B82 | value='OB' | fill=00000000 | rows=[81] | cols=[1] | col_header=False | row_header=False | metadata=False
Cell C82 | value='10' | fill=00000000 | rows=[81] | cols=[2] | col_header=False | row_header=False | metadata=False
Cell D82 | value='₩11,000' | fill=00000000 | rows=[81] | cols=[3] | col_header=False | row_header=False | metadata=False
Cell A83 | value='68' | fill=FF00B050 | rows=[82] | cols=[0] | col_header=False | row_header=True | metadata=False
Cell B83 | value='OC' | fill=00000000 | rows=[82] | cols=[1] | col_header=False | row_header=False | metadata=False
Cell C83 | value='1-Month Premium' | fill=00000000 | rows=[82] | cols=[2] | col_header=False | row_header=False | metadata=False
Cell D83 | value='₩13,700' | fill=00000000 | rows=[82] | cols=[3] | col_header=False | row_header=False | metadata=False
Cell A84 | value='69' | fill=FF00B050 | rows=[83] | cols=[0] | col_header=False | row_header=True | metadata=False
Cell B84 | value='OD' | fill=00000000 | rows=[83] | cols=[1] | col_header=False | row_header=False | metadata=False
Cell C84 | value='3-Month Premium' | fill=00000000 | rows=[83] | cols=[2] | col_header=False | row_header=False | metadata=False
Cell D84 | value='₩33,700' | fill=00000000 | rows=[83] | cols=[3] | col_header=False | row_header=False | metadata=False
Cell A85 | value='70' | fill=FF00B050 | rows=[84] | cols=[0] | col_header=False | row_header=True | metadata=False
Cell B85 | value='OE' | fill=00000000 | rows=[84] | cols=[1] | col_header=False | row_header=False | metadata=False
Cell C85 | value='10-Day Premium' | fill=00000000 | rows=[84] | cols=[2] | col_header=False | row_header=False | metadata=False
Cell D85 | value='₩5,300' | fill=00000000 | rows=[84] | cols=[3] | col_header=False | row_header=False | metadata=False
Cell A86 | value='Asia Pacific (HKD)' | fill=FFFFFF00 | rows=[85] | cols=[0, 1, 2, 3] | col_header=True | row_header=False | metadata=False
Cell A87 | value='71' | fill=FF00B050 | rows=[86] | cols=[0] | col_header=False | row_header=True | metadata=False
Cell B87 | value='PA' | fill=00000000 | rows=[86] | cols=[1] | col_header=False | row_header=False | metadata=False
Cell C87 | value='5' | fill=00000000 | rows=[86] | cols=[2] | col_header=False | row_header=False | metadata=False
Cell D87 | value='HK$40' | fill=00000000 | rows=[86] | cols=[3] | col_header=False | row_header=False | metadata=False
Cell A88 | value='72' | fill=FF00B050 | rows=[87] | cols=[0] | col_header=False | row_header=True | metadata=False
Cell B88 | value='PB' | fill=00000000 | rows=[87] | cols=[1] | col_header=False | row_header=False | metadata=False
Cell C88 | value='10' | fill=00000000 | rows=[87] | cols=[2] | col_header=False | row_header=False | metadata=False
Cell D88 | value='HK$80' | fill=00000000 | rows=[87] | cols=[3] | col_header=False | row_header=False | metadata=False
Cell A89 | value='73' | fill=FF00B050 | rows=[88] | cols=[0] | col_header=False | row_header=True | metadata=False
Cell B89 | value='PC' | fill=00000000 | rows=[88] | cols=[1] | col_header=False | row_header=False | metadata=False
Cell C89 | value='1-Month Premium' | fill=00000000 | rows=[88] | cols=[2] | col_header=False | row_header=False | metadata=False
Cell D89 | value='HK$100' | fill=00000000 | rows=[88] | cols=[3] | col_header=False | row_header=False | metadata=False
Cell A90 | value='74' | fill=FF00B050 | rows=[89] | cols=[0] | col_header=False | row_header=True | metadata=False
Cell B90 | value='PD' | fill=00000000 | rows=[89] | cols=[1] | col_header=False | row_header=False | metadata=False
Cell C90 | value='3-Month Premium' | fill=00000000 | rows=[89] | cols=[2] | col_header=False | row_header=False | metadata=False
Cell D90 | value='HK$250' | fill=00000000 | rows=[89] | cols=[3] | col_header=False | row_header=False | metadata=False
Cell A91 | value='75' | fill=FF00B050 | rows=[90] | cols=[0] | col_header=False | row_header=True | metadata=False
Cell B91 | value='PE' | fill=00000000 | rows=[90] | cols=[1] | col_header=False | row_header=False | metadata=False
Cell C91 | value='10-Day Premium' | fill=00000000 | rows=[90] | cols=[2] | col_header=False | row_header=False | metadata=False
Cell D91 | value='HK$40' | fill=00000000 | rows=[90] | cols=[3] | col_header=False | row_header=False | metadata=False
Cell A92 | value='Australia (AUD)' | fill=FFFFFF00 | rows=[91] | cols=[0, 1, 2, 3] | col_header=True | row_header=False | metadata=False
Cell A93 | value='76' | fill=FF00B050 | rows=[92] | cols=[0] | col_header=False | row_header=True | metadata=False
Cell B93 | value='QA' | fill=00000000 | rows=[92] | cols=[1] | col_header=False | row_header=False | metadata=False
Cell C93 | value='5' | fill=00000000 | rows=[92] | cols=[2] | col_header=False | row_header=False | metadata=False
Cell D93 | value='5.5' | fill=00000000 | rows=[92] | cols=[3] | col_header=False | row_header=False | metadata=False
Cell A94 | value='77' | fill=FF00B050 | rows=[93] | cols=[0] | col_header=False | row_header=True | metadata=False
Cell B94 | value='QB' | fill=00000000 | rows=[93] | cols=[1] | col_header=False | row_header=False | metadata=False
Cell C94 | value='10' | fill=00000000 | rows=[93] | cols=[2] | col_header=False | row_header=False | metadata=False
Cell D94 | value='10.5' | fill=00000000 | rows=[93] | cols=[3] | col_header=False | row_header=False | metadata=False
Cell A95 | value='78' | fill=FF00B050 | rows=[94] | cols=[0] | col_header=False | row_header=True | metadata=False
Cell B95 | value='QC' | fill=00000000 | rows=[94] | cols=[1] | col_header=False | row_header=False | metadata=False
Cell C95 | value='1-Month Premium' | fill=00000000 | rows=[94] | cols=[2] | col_header=False | row_header=False | metadata=False
Cell D95 | value='15' | fill=00000000 | rows=[94] | cols=[3] | col_header=False | row_header=False | metadata=False
Cell A96 | value='79' | fill=FF00B050 | rows=[95] | cols=[0] | col_header=False | row_header=True | metadata=False
Cell B96 | value='QD' | fill=00000000 | rows=[95] | cols=[1] | col_header=False | row_header=False | metadata=False
Cell C96 | value='3-Month Premium' | fill=00000000 | rows=[95] | cols=[2] | col_header=False | row_header=False | metadata=False
Cell D96 | value='36' | fill=00000000 | rows=[95] | cols=[3] | col_header=False | row_header=False | metadata=False
Cell A97 | value='80' | fill=FF00B050 | rows=[96] | cols=[0] | col_header=False | row_header=True | metadata=False
Cell B97 | value='QE' | fill=00000000 | rows=[96] | cols=[1] | col_header=False | row_header=False | metadata=False
Cell C97 | value='10-Day Premium' | fill=00000000 | rows=[96] | cols=[2] | col_header=False | row_header=False | metadata=False
Cell D97 | value='6' | fill=00000000 | rows=[96] | cols=[3] | col_header=False | row_header=False | metadata=False
Cell A98 | value='New Zealand (NZD)' | fill=FFFFFF00 | rows=[97] | cols=[0, 1, 2, 3] | col_header=True | row_header=False | metadata=False
Cell A99 | value='81' | fill=FF00B050 | rows=[98] | cols=[0] | col_header=False | row_header=True | metadata=False
Cell B99 | value='RA' | fill=00000000 | rows=[98] | cols=[1] | col_header=False | row_header=False | metadata=False
Cell C99 | value='5' | fill=00000000 | rows=[98] | cols=[2] | col_header=False | row_header=False | metadata=False
Cell D99 | value='6.5' | fill=00000000 | rows=[98] | cols=[3] | col_header=False | row_header=False | metadata=False
Cell A100 | value='82' | fill=FF00B050 | rows=[99] | cols=[0] | col_header=False | row_header=True | metadata=False
Cell B100 | value='RB' | fill=00000000 | rows=[99] | cols=[1] | col_header=False | row_header=False | metadata=False
Cell C100 | value='10' | fill=00000000 | rows=[99] | cols=[2] | col_header=False | row_header=False | metadata=False
Cell D100 | value='13' | fill=00000000 | rows=[99] | cols=[3] | col_header=False | row_header=False | metadata=False
Cell A101 | value='83' | fill=FF00B050 | rows=[100] | cols=[0] | col_header=False | row_header=True | metadata=False
Cell B101 | value='RC' | fill=00000000 | rows=[100] | cols=[1] | col_header=False | row_header=False | metadata=False
Cell C101 | value='1-Month Premium' | fill=00000000 | rows=[100] | cols=[2] | col_header=False | row_header=False | metadata=False
Cell D101 | value='19' | fill=00000000 | rows=[100] | cols=[3] | col_header=False | row_header=False | metadata=False
Cell A102 | value='84' | fill=FF00B050 | rows=[101] | cols=[0] | col_header=False | row_header=True | metadata=False
Cell B102 | value='RD' | fill=00000000 | rows=[101] | cols=[1] | col_header=False | row_header=False | metadata=False
Cell C102 | value='3-Month Premium' | fill=00000000 | rows=[101] | cols=[2] | col_header=False | row_header=False | metadata=False
Cell D102 | value='46' | fill=00000000 | rows=[101] | cols=[3] | col_header=False | row_header=False | metadata=False
Cell A103 | value='85' | fill=FF00B050 | rows=[102] | cols=[0] | col_header=False | row_header=True | metadata=False
Cell B103 | value='RE' | fill=00000000 | rows=[102] | cols=[1] | col_header=False | row_header=False | metadata=False
Cell C103 | value='10-Day Premium' | fill=00000000 | rows=[102] | cols=[2] | col_header=False | row_header=False | metadata=False
Cell D103 | value='7.5' | fill=00000000 | rows=[102] | cols=[3] | col_header=False | row_header=False | metadata=False
Cell A104 | value='Philippines (PHP)' | fill=FFFFFF00 | rows=[103] | cols=[0, 1, 2, 3] | col_header=True | row_header=False | metadata=False
Cell A105 | value='86' | fill=FF00B050 | rows=[104] | cols=[0] | col_header=False | row_header=True | metadata=False
Cell B105 | value='SA' | fill=00000000 | rows=[104] | cols=[1] | col_header=False | row_header=False | metadata=False
Cell C105 | value='5' | fill=00000000 | rows=[104] | cols=[2] | col_header=False | row_header=False | metadata=False
Cell D105 | value='Php250' | fill=00000000 | rows=[104] | cols=[3] | col_header=False | row_header=False | metadata=False
Cell A106 | value='87' | fill=FF00B050 | rows=[105] | cols=[0] | col_header=False | row_header=True | metadata=False
Cell B106 | value='SB' | fill=00000000 | rows=[105] | cols=[1] | col_header=False | row_header=False | metadata=False
Cell C106 | value='10' | fill=00000000 | rows=[105] | cols=[2] | col_header=False | row_header=False | metadata=False
Cell D106 | value='Php500' | fill=00000000 | rows=[105] | cols=[3] | col_header=False | row_header=False | metadata=False
Cell A107 | value='88' | fill=FF00B050 | rows=[106] | cols=[0] | col_header=False | row_header=True | metadata=False
Cell B107 | value='SC' | fill=00000000 | rows=[106] | cols=[1] | col_header=False | row_header=False | metadata=False
Cell C107 | value='1-Month Premium' | fill=00000000 | rows=[106] | cols=[2] | col_header=False | row_header=False | metadata=False
Cell D107 | value='Php650' | fill=00000000 | rows=[106] | cols=[3] | col_header=False | row_header=False | metadata=False
Cell A108 | value='89' | fill=FF00B050 | rows=[107] | cols=[0] | col_header=False | row_header=True | metadata=False
Cell B108 | value='SD' | fill=00000000 | rows=[107] | cols=[1] | col_header=False | row_header=False | metadata=False
Cell C108 | value='3-Month Premium' | fill=00000000 | rows=[107] | cols=[2] | col_header=False | row_header=False | metadata=False
Cell D108 | value='Php1,550' | fill=00000000 | rows=[107] | cols=[3] | col_header=False | row_header=False | metadata=False
Cell A109 | value='90' | fill=FF00B050 | rows=[108] | cols=[0] | col_header=False | row_header=True | metadata=False
Cell B109 | value='SE' | fill=00000000 | rows=[108] | cols=[1] | col_header=False | row_header=False | metadata=False
Cell C109 | value='10-Day Premium' | fill=00000000 | rows=[108] | cols=[2] | col_header=False | row_header=False | metadata=False
Cell D109 | value='Php250' | fill=00000000 | rows=[108] | cols=[3] | col_header=False | row_header=False | metadata=False
Cell A110 | value='FREE TRIAL' | fill=FFFFFF00 | rows=[109] | cols=[0, 1, 2, 3] | col_header=True | row_header=False | metadata=False
Cell A111 | value='91' | fill=FF00B050 | rows=[110] | cols=[0] | col_header=False | row_header=True | metadata=False
Cell B111 | value='TF' | fill=00000000 | rows=[110] | cols=[1] | col_header=False | row_header=False | metadata=False
Cell C111 | value='7-Day Free Trial' | fill=00000000 | rows=[110] | cols=[2] | col_header=False | row_header=False | metadata=False
Cell D111 | value='-' | fill=00000000 | rows=[110] | cols=[3] | col_header=False | row_header=False | metadata=False
Cell A112 | value='92' | fill=FF00B050 | rows=[111] | cols=[0] | col_header=False | row_header=True | metadata=False
Cell B112 | value='TG' | fill=00000000 | rows=[111] | cols=[1] | col_header=False | row_header=False | metadata=False
Cell C112 | value='14-Day Free Trial' | fill=00000000 | rows=[111] | cols=[2] | col_header=False | row_header=False | metadata=False
Cell D112 | value='-' | fill=00000000 | rows=[111] | cols=[3] | col_header=False | row_header=False | metadata=False
Cell A113 | value='93' | fill=FF00B050 | rows=[112] | cols=[0] | col_header=False | row_header=True | metadata=False
Cell B113 | value='TH' | fill=00000000 | rows=[112] | cols=[1] | col_header=False | row_header=False | metadata=False
Cell C113 | value='30-Day Premium' | fill=00000000 | rows=[112] | cols=[2] | col_header=False | row_header=False | metadata=False
Cell D113 | value='-' | fill=00000000 | rows=[112] | cols=[3] | col_header=False | row_header=False | metadata=False

