=== economy-table109.xlsx ===
Cell A1 | value='RSDI Improper Payments Experience FY 2007 – FY 2017' | fill=FF00B0F0 | rows=[0] | cols=[0, 1, 2, 3, 4, 5, 6, 7, 8, 9, 10, 11] | col_header=True | row_header=True | metadata=True
Cell A2 | value='($ in millions)' | fill=FF00B0F0 | rows=[1] | cols=[0, 1, 2, 3, 4, 5, 6, 7, 8, 9, 10, 11] | col_header=False | row_header=False | metadata=True
Cell B3 | value='FY 2007' | fill=FFFFFF00 | rows=[2] | cols=[1] | col_header=True | row_header=False | metadata=False
Cell C3 | value='FY 2008' | fill=FFFFFF00 | rows=[2] | cols=[2] | col_header=True | row_header=False | metadata=False
Cell D3 | value='FY 2009' | fill=FFFFFF00 | rows=[2] | cols=[3] | col_header=True | row_header=False | metadata=False
Cell E3 | value='FY 2010' | fill=FFFFFF00 | rows=[2] | cols=[4] | col_header=True | row_header=False | metadata=False
Cell F3 | value='FY 2011' | fill=FFFFFF00 | rows=[2] | cols=[5] | col_header=True | row_header=False | metadata=False
Cell G3 | value='FY 2012' | fill=FFFFFF00 | rows=[2] | cols=[6] | col_header=True | row_header=False | metadata=False
Cell H3 | value='FY 2013' | fill=FFFFFF00 | rows=[2] | cols=[7] | col_header=True | row_header=False | metadata=False
Cell I3 | value='FY 2014' | fill=FFFFFF00 | rows=[2] | cols=[8] | col_header=True | row_header=False | metadata=False
Cell J3 | value='FY 2015' | fill=FFFFFF00 | rows=[2] | cols=[9] | col_header=True | row_header=False | metadata=False
Cell K3 | value='FY 2016' | fill=FFFFFF00 | rows=[2] | cols=[10] | col_header=True | row_header=False | metadata=False
Cell L3 | value='FY 2017' | fill=FFFFFF00 | rows=[2] | cols=[11] | col_header=True | row_header=False | metadata=False
Cell A4 | value='Total Payments' | fill=FFFFFF00 | rows=[3] | cols=[0] | col_header=True | row_header=False | metadata=False
Cell A5 | value='Dollars' | fill=FF00B050 | rows=[4, 5] | cols=[0] | col_header=False | row_header=True | metadata=False
Cell B5 | value='576800' | fill=00000000 | rows=[4, 5] | cols=[1] | col_header=False | row_header=False | metadata=False
Cell C5 | value='607210' | fill=00000000 | rows=[4, 5] | cols=[2] | col_header=False | row_header=False | metadata=False
Cell D5 | value='659565' | fill=00000000 | rows=[4, 5] | cols=[3] | col_header=False | row_header=False | metadata=False
Cell E5 | value='695469' | fill=00000000 | rows=[4, 5] | cols=[4] | col_header=False | row_header=False | metadata=False
Cell F5 | value='716951' | fill=00000000 | rows=[4, 5] | cols=[5] | col_header=False | row_header=False | metadata=False
Cell G5 | value='770288' | fill=00000000 | rows=[4, 5] | cols=[6] | col_header=False | row_header=False | metadata=False
Cell H5 | value='824191' | fill=00000000 | rows=[4, 5] | cols=[7] | col_header=False | row_header=False | metadata=False
Cell I5 | value='862719' | fill=00000000 | rows=[4] | cols=[8] | col_header=False | row_header=False | metadata=False
Cell J5 | value='853689.44' | fill=00000000 | rows=[4, 5] | cols=[9] | col_header=False | row_header=False | metadata=False
Cell K5 | value='911200.29' | fill=00000000 | rows=[4, 5] | cols=[10] | col_header=False | row_header=False | metadata=False
Cell L5 | value='910009.54' | fill=00000000 | rows=[4, 5] | cols=[11] | col_header=False | row_header=False | metadata=False
Cell A7 | value='Underpayments' | fill=FFFFFF00 | rows=[6] | cols=[0] | col_header=True | row_header=False | metadata=False
Cell A8 | value='Dollars' | fill=FF00B050 | rows=[7, 8] | cols=[0] | col_header=False | row_header=True | metadata=False
Cell B8 | value='754' | fill=00000000 | rows=[7, 8] | cols=[1] | col_header=False | row_header=False | metadata=False
Cell C8 | value='495' | fill=00000000 | rows=[7, 8] | cols=[2] | col_header=False | row_header=False | metadata=False
Cell D8 | value='619' | fill=00000000 | rows=[7, 8] | cols=[3] | col_header=False | row_header=False | metadata=False
Cell E8 | value='1788' | fill=00000000 | rows=[7, 8] | cols=[4] | col_header=False | row_header=False | metadata=False
Cell F8 | value='946' | fill=00000000 | rows=[7, 8] | cols=[5] | col_header=False | row_header=False | metadata=False
Cell G8 | value='740' | fill=00000000 | rows=[7, 8] | cols=[6] | col_header=False | row_header=False | metadata=False
Cell H8 | value='1099' | fill=00000000 | rows=[7, 8] | cols=[7] | col_header=False | row_header=False | metadata=False
Cell I8 | value='472' | fill=00000000 | rows=[7, 8] | cols=[8] | col_header=False | row_header=False | metadata=False
Cell J8 | value='571.76' | fill=00000000 | rows=[7, 8] | cols=[9] | col_header=False | row_header=False | metadata=False
Cell K8 | value='670.06' | fill=00000000 | rows=[7, 8] | cols=[10] | col_header=False | row_header=False | metadata=False
Cell L8 | value='293.79' | fill=00000000 | rows=[7, 8] | cols=[11] | col_header=False | row_header=False | metadata=False
Cell A10 | value='Target Rate' | fill=FF00B050 | rows=[9] | cols=[0] | col_header=False | row_header=True | metadata=False
Cell B10 | value='≤0.20%' | fill=00000000 | rows=[9] | cols=[1] | col_header=False | row_header=False | metadata=False
Cell C10 | value='≤0.20%' | fill=00000000 | rows=[9] | cols=[2] | col_header=False | row_header=False | metadata=False
Cell D10 | value='≤0.20%' | fill=00000000 | rows=[9] | cols=[3] | col_header=False | row_header=False | metadata=False
Cell E10 | value='≤0.20%' | fill=00000000 | rows=[9] | cols=[4] | col_header=False | row_header=False | metadata=False
Cell F10 | value='≤0.20%' | fill=00000000 | rows=[9] | cols=[5] | col_header=False | row_header=False | metadata=False
Cell G10 | value='≤0.20%' | fill=00000000 | rows=[9] | cols=[6] | col_header=False | row_header=False | metadata=False
Cell H10 | value='≤0.20%' | fill=00000000 | rows=[9] | cols=[7] | col_header=False | row_header=False | metadata=False
Cell I10 | value='≤0.20%' | fill=00000000 | rows=[9] | cols=[8] | col_header=False | row_header=False | metadata=False
Cell J10 | value='≤0.20%' | fill=00000000 | rows=[9] | cols=[9] | col_header=False | row_header=False | metadata=False
Cell K10 | value='≤0.20%' | fill=00000000 | rows=[9] | cols=[10] | col_header=False | row_header=False | metadata=False
Cell L10 | value='≤0.20%' | fill=00000000 | rows=[9] | cols=[11] | col_header=False | row_header=False | metadata=False
Cell A11 | value='Actual Rate' | fill=FF00B050 | rows=[10] | cols=[0] | col_header=False | row_header=True | metadata=False
Cell B11 | value='0.0013' | fill=00000000 | rows=[10] | cols=[1] | col_header=False | row_header=False | metadata=False
Cell C11 | value='0.0008' | fill=00000000 | rows=[10] | cols=[2] | col_header=False | row_header=False | metadata=False
Cell D11 | value='0.0009' | fill=00000000 | rows=[10] | cols=[3] | col_header=False | row_header=False | metadata=False
Cell E11 | value='0.0025' | fill=00000000 | rows=[10] | cols=[4] | col_header=False | row_header=False | metadata=False
Cell F11 | value='0.0013' | fill=00000000 | rows=[10] | cols=[5] | col_header=False | row_header=False | metadata=False
Cell G11 | value='0.001' | fill=00000000 | rows=[10] | cols=[6] | col_header=False | row_header=False | metadata=False
Cell H11 | value='0.0013' | fill=00000000 | rows=[10] | cols=[7] | col_header=False | row_header=False | metadata=False
Cell I11 | value='0.0005' | fill=00000000 | rows=[10] | cols=[8] | col_header=False | row_header=False | metadata=False
Cell J11 | value='0.0007' | fill=00000000 | rows=[10] | cols=[9] | col_header=False | row_header=False | metadata=False
Cell K11 | value='0.0007' | fill=00000000 | rows=[10] | cols=[10] | col_header=False | row_header=False | metadata=False
Cell L11 | value='0.0003' | fill=00000000 | rows=[10] | cols=[11] | col_header=False | row_header=False | metadata=False
Cell A12 | value='Overpayments' | fill=FFFFFF00 | rows=[11] | cols=[0] | col_header=True | row_header=False | metadata=False
Cell A13 | value='Dollars' | fill=FF00B050 | rows=[12] | cols=[0] | col_header=False | row_header=True | metadata=False
Cell B13 | value='1209' | fill=00000000 | rows=[12] | cols=[1] | col_header=False | row_header=False | metadata=False
Cell C13 | value='2041' | fill=00000000 | rows=[12] | cols=[2] | col_header=False | row_header=False | metadata=False
Cell D13 | value='2547' | fill=00000000 | rows=[12] | cols=[3] | col_header=False | row_header=False | metadata=False
Cell E13 | value='2722' | fill=00000000 | rows=[12] | cols=[4] | col_header=False | row_header=False | metadata=False
Cell F13 | value='2277' | fill=00000000 | rows=[12] | cols=[5] | col_header=False | row_header=False | metadata=False
Cell G13 | value='1708' | fill=00000000 | rows=[12] | cols=[6] | col_header=False | row_header=False | metadata=False
Cell H13 | value='1852' | fill=00000000 | rows=[12] | cols=[7] | col_header=False | row_header=False | metadata=False
Cell I13 | value='4566' | fill=00000000 | rows=[12] | cols=[8] | col_header=False | row_header=False | metadata=False
Cell J13 | value='3100.4' | fill=00000000 | rows=[12] | cols=[9] | col_header=False | row_header=False | metadata=False
Cell K13 | value='1908.33' | fill=00000000 | rows=[12] | cols=[10] | col_header=False | row_header=False | metadata=False
Cell L13 | value='5864.03' | fill=00000000 | rows=[12] | cols=[11] | col_header=False | row_header=False | metadata=False
Cell A14 | value='Target Rate' | fill=FF00B050 | rows=[13] | cols=[0] | col_header=False | row_header=True | metadata=False
Cell B14 | value='≤0.20%' | fill=00000000 | rows=[13] | cols=[1] | col_header=False | row_header=False | metadata=False
Cell C14 | value='≤0.20%' | fill=00000000 | rows=[13] | cols=[2] | col_header=False | row_header=False | metadata=False
Cell D14 | value='≤0.20%' | fill=00000000 | rows=[13] | cols=[3] | col_header=False | row_header=False | metadata=False
Cell E14 | value='≤0.20%' | fill=00000000 | rows=[13] | cols=[4] | col_header=False | row_header=False | metadata=False
Cell F14 | value='≤0.20%' | fill=00000000 | rows=[13] | cols=[5] | col_header=False | row_header=False | metadata=False
Cell G14 | value='≤0.20%' | fill=00000000 | rows=[13] | cols=[6] | col_header=False | row_header=False | metadata=False
Cell H14 | value='≤0.20%' | fill=00000000 | rows=[13] | cols=[7] | col_header=False | row_header=False | metadata=False
Cell I14 | value='≤0.20%' | fill=00000000 | rows=[13] | cols=[8] | col_header=False | row_header=False | metadata=False
Cell J14 | value='≤0.20%' | fill=00000000 | rows=[13] | cols=[9] | col_header=False | row_header=False | metadata=False
Cell K14 | value='≤0.20%' | fill=00000000 | rows=[13] | cols=[10] | col_header=False | row_header=False | metadata=False
Cell L14 | value='≤0.20%' | fill=00000000 | rows=[13] | cols=[11] | col_header=False | row_header=False | metadata=False
Cell A15 | value='Actual Rate' | fill=FF00B050 | rows=[14] | cols=[0] | col_header=False | row_header=True | metadata=False
Cell B15 | value='0.0021' | fill=00000000 | rows=[14] | cols=[1] | col_header=False | row_header=False | metadata=False
Cell C15 | value='0.0034' | fill=00000000 | rows=[14] | cols=[2] | col_header=False | row_header=False | metadata=False
Cell D15 | value='0.0037' | fill=00000000 | rows=[14] | cols=[3] | col_header=False | row_header=False | metadata=False
Cell E15 | value='0.0039' | fill=00000000 | rows=[14] | cols=[4] | col_header=False | row_header=False | metadata=False
Cell F15 | value='0.0032' | fill=00000000 | rows=[14] | cols=[5] | col_header=False | row_header=False | metadata=False
Cell G15 | value='0.0022' | fill=00000000 | rows=[14] | cols=[6] | col_header=False | row_header=False | metadata=False
Cell H15 | value='0.0022' | fill=00000000 | rows=[14] | cols=[7] | col_header=False | row_header=False | metadata=False
Cell I15 | value='0.0053' | fill=00000000 | rows=[14] | cols=[8] | col_header=False | row_header=False | metadata=False
Cell J15 | value='0.0036' | fill=00000000 | rows=[14] | cols=[9] | col_header=False | row_header=False | metadata=False
Cell K15 | value='0.0021' | fill=00000000 | rows=[14] | cols=[10] | col_header=False | row_header=False | metadata=False
Cell L15 | value='0.0064' | fill=00000000 | rows=[14] | cols=[11] | col_header=False | row_header=False | metadata=False

