=== health-table05.xlsx ===
Cell B1 | value='Physicians by age and sex' | fill=FF00B0F0 | rows=[0] | cols=[1] | col_header=False | row_header=False | metadata=True
Cell B2 | value='Measure: Health and social employment' | fill=FF00B0F0 | rows=[1] | cols=[1] | col_header=False | row_header=False | metadata=True
Cell B3 | value='Health profession: Physicians' | fill=FF00B0F0 | rows=[2] | cols=[1] | col_header=False | row_header=False | metadata=True
Cell B4 | value='Combined unit of measure: Persons' | fill=FF00B0F0 | rows=[3] | cols=[1] | col_header=False | row_header=False | metadata=True
Cell B6 | value='Time period' | fill=FFFFFF00 | rows=[5] | cols=[1, 2] | col_header=True | row_header=False | metadata=False
Cell D6 | value='2015' | fill=FFFFFF00 | rows=[5] | cols=[3] | col_header=True | row_header=False | metadata=False
Cell E6 | value='2016' | fill=FFFFFF00 | rows=[5] | cols=[4] | col_header=True | row_header=False | metadata=False
Cell F6 | value='2017' | fill=FFFFFF00 | rows=[5] | cols=[5] | col_header=True | row_header=False | metadata=False
Cell G6 | value='2018' | fill=FFFFFF00 | rows=[5] | cols=[6] | col_header=True | row_header=False | metadata=False
Cell H6 | value='2019' | fill=FFFFFF00 | rows=[5] | cols=[7] | col_header=True | row_header=False | metadata=False
Cell I6 | value='2020' | fill=FFFFFF00 | rows=[5] | cols=[8] | col_header=True | row_header=False | metadata=False
Cell J6 | value='2021' | fill=FFFFFF00 | rows=[5] | cols=[9] | col_header=True | row_header=False | metadata=False
Cell K6 | value='2022' | fill=FFFFFF00 | rows=[5] | cols=[10] | col_header=True | row_header=False | metadata=False
Cell L6 | value='2023' | fill=FFFFFF00 | rows=[5] | cols=[11] | col_header=True | row_header=False | metadata=False
Cell B7 | value='Reference area' | fill=FFFFFF00 | rows=[6] | cols=[1] | col_header=True | row_header=False | metadata=False
Cell B8 | value='Sex: Female' | fill=FFFFFF00 | rows=[7] | cols=[1, 2, 3, 4, 5, 6, 7, 8, 9, 10] | col_header=True | row_header=False | metadata=False
Cell B9 | value='Australia' | fill=FF00B050 | rows=[8] | cols=[1] | col_header=False | row_header=True | metadata=False
Cell D9 | value='33370' | fill=00000000 | rows=[8] | cols=[3] | col_header=False | row_header=False | metadata=False
Cell E9 | value='35121' | fill=00000000 | rows=[8] | cols=[4] | col_header=False | row_header=False | metadata=False
Cell F9 | value='37318' | fill=00000000 | rows=[8] | cols=[5] | col_header=False | row_header=False | metadata=False
Cell G9 | value='39104' | fill=00000000 | rows=[8] | cols=[6] | col_header=False | row_header=False | metadata=False
Cell H9 | value='41275' | fill=00000000 | rows=[8] | cols=[7] | col_header=False | row_header=False | metadata=False
Cell I9 | value='43255' | fill=00000000 | rows=[8] | cols=[8] | col_header=False | row_header=False | metadata=False
Cell J9 | value='45200' | fill=00000000 | rows=[8] | cols=[9] | col_header=False | row_header=False | metadata=False
Cell K9 | value='47606' | fill=00000000 | rows=[8] | cols=[10] | col_header=False | row_header=False | metadata=False
Cell B10 | value='Austria' | fill=FF00B050 | rows=[9] | cols=[1] | col_header=False | row_header=True | metadata=False
Cell D10 | value='20418' | fill=00000000 | rows=[9] | cols=[3] | col_header=False | row_header=False | metadata=False
Cell E10 | value='21024' | fill=00000000 | rows=[9] | cols=[4] | col_header=False | row_header=False | metadata=False
Cell F10 | value='21549' | fill=00000000 | rows=[9] | cols=[5] | col_header=False | row_header=False | metadata=False
Cell G10 | value='22020' | fill=00000000 | rows=[9] | cols=[6] | col_header=False | row_header=False | metadata=False
Cell H10 | value='22664' | fill=00000000 | rows=[9] | cols=[7] | col_header=False | row_header=False | metadata=False
Cell I10 | value='23061' | fill=00000000 | rows=[9] | cols=[8] | col_header=False | row_header=False | metadata=False
Cell J10 | value='23745' | fill=00000000 | rows=[9] | cols=[9] | col_header=False | row_header=False | metadata=False
Cell K10 | value='24272' | fill=00000000 | rows=[9] | cols=[10] | col_header=False | row_header=False | metadata=False
Cell L10 | value='24981' | fill=00000000 | rows=[9] | cols=[11] | col_header=False | row_header=False | metadata=False
Cell B11 | value='Belgium' | fill=FF00B050 | rows=[10] | cols=[1] | col_header=False | row_header=True | metadata=False
Cell D11 | value='13822' | fill=00000000 | rows=[10] | cols=[3] | col_header=False | row_header=False | metadata=False
Cell E11 | value='14515' | fill=00000000 | rows=[10] | cols=[4] | col_header=False | row_header=False | metadata=False
Cell F11 | value='15049' | fill=00000000 | rows=[10] | cols=[5] | col_header=False | row_header=False | metadata=False
Cell G11 | value='15732' | fill=00000000 | rows=[10] | cols=[6] | col_header=False | row_header=False | metadata=False
Cell H11 | value='16317' | fill=00000000 | rows=[10] | cols=[7] | col_header=False | row_header=False | metadata=False
Cell I11 | value='17039' | fill=00000000 | rows=[10] | cols=[8] | col_header=False | row_header=False | metadata=False
Cell J11 | value='17652' | fill=00000000 | rows=[10] | cols=[9] | col_header=False | row_header=False | metadata=False
Cell K11 | value='18266' | fill=00000000 | rows=[10] | cols=[10] | col_header=False | row_header=False | metadata=False
Cell B12 | value='Canada' | fill=FF00B050 | rows=[11] | cols=[1] | col_header=False | row_header=True | metadata=False
Cell D12 | value='39888' | fill=00000000 | rows=[11] | cols=[3] | col_header=False | row_header=False | metadata=False
Cell E12 | value='41247' | fill=00000000 | rows=[11] | cols=[4] | col_header=False | row_header=False | metadata=False
Cell F12 | value='42646' | fill=00000000 | rows=[11] | cols=[5] | col_header=False | row_header=False | metadata=False
Cell G12 | value='44898' | fill=00000000 | rows=[11] | cols=[6] | col_header=False | row_header=False | metadata=False
Cell H12 | value='46222' | fill=00000000 | rows=[11] | cols=[7] | col_header=False | row_header=False | metadata=False
Cell I12 | value='47546' | fill=00000000 | rows=[11] | cols=[8] | col_header=False | row_header=False | metadata=False
Cell J12 | value='49031' | fill=00000000 | rows=[11] | cols=[9] | col_header=False | row_header=False | metadata=False
Cell K12 | value='50494' | fill=00000000 | rows=[11] | cols=[10] | col_header=False | row_header=False | metadata=False
Cell B13 | value='Chile' | fill=FF00B050 | rows=[12] | cols=[1] | col_header=False | row_header=True | metadata=False
Cell D13 | value='15288' | fill=00000000 | rows=[12] | cols=[3] | col_header=False | row_header=False | metadata=False
Cell E13 | value='16725' | fill=00000000 | rows=[12] | cols=[4] | col_header=False | row_header=False | metadata=False
Cell F13 | value='18198' | fill=00000000 | rows=[12] | cols=[5] | col_header=False | row_header=False | metadata=False
Cell G13 | value='19762' | fill=00000000 | rows=[12] | cols=[6] | col_header=False | row_header=False | metadata=False
Cell H13 | value='20974' | fill=00000000 | rows=[12] | cols=[7] | col_header=False | row_header=False | metadata=False
Cell I13 | value='23160' | fill=00000000 | rows=[12] | cols=[8] | col_header=False | row_header=False | metadata=False
Cell J13 | value='25265' | fill=00000000 | rows=[12] | cols=[9] | col_header=False | row_header=False | metadata=False
Cell K13 | value='27921' | fill=00000000 | rows=[12] | cols=[10] | col_header=False | row_header=False | metadata=False
Cell L13 | value='29757' | fill=00000000 | rows=[12] | cols=[11] | col_header=False | row_header=False | metadata=False
Cell B14 | value='Colombia' | fill=FF00B050 | rows=[13] | cols=[1] | col_header=False | row_header=True | metadata=False
Cell E14 | value='44530' | fill=00000000 | rows=[13] | cols=[4] | col_header=False | row_header=False | metadata=False
Cell F14 | value='47589' | fill=00000000 | rows=[13] | cols=[5] | col_header=False | row_header=False | metadata=False
Cell G14 | value='51161' | fill=00000000 | rows=[13] | cols=[6] | col_header=False | row_header=False | metadata=False
Cell H14 | value='54708' | fill=00000000 | rows=[13] | cols=[7] | col_header=False | row_header=False | metadata=False
Cell I14 | value='58055' | fill=00000000 | rows=[13] | cols=[8] | col_header=False | row_header=False | metadata=False
Cell J14 | value='61606' | fill=00000000 | rows=[13] | cols=[9] | col_header=False | row_header=False | metadata=False
Cell B15 | value='Czechia' | fill=FF00B050 | rows=[14] | cols=[1] | col_header=False | row_header=True | metadata=False
Cell H15 | value='24439' | fill=00000000 | rows=[14] | cols=[7] | col_header=False | row_header=False | metadata=False
Cell I15 | value='25317' | fill=00000000 | rows=[14] | cols=[8] | col_header=False | row_header=False | metadata=False
Cell J15 | value='25927.35' | fill=00000000 | rows=[14] | cols=[9] | col_header=False | row_header=False | metadata=False
Cell K15 | value='26446' | fill=00000000 | rows=[14] | cols=[10] | col_header=False | row_header=False | metadata=False
Cell B16 | value='Denmark' | fill=FF00B050 | rows=[15] | cols=[1] | col_header=False | row_header=True | metadata=False
Cell D16 | value='11203' | fill=00000000 | rows=[15] | cols=[3] | col_header=False | row_header=False | metadata=False
Cell E16 | value='11702' | fill=00000000 | rows=[15] | cols=[4] | col_header=False | row_header=False | metadata=False
Cell F16 | value='12306' | fill=00000000 | rows=[15] | cols=[5] | col_header=False | row_header=False | metadata=False
Cell G16 | value='12849' | fill=00000000 | rows=[15] | cols=[6] | col_header=False | row_header=False | metadata=False
Cell H16 | value='13233' | fill=00000000 | rows=[15] | cols=[7] | col_header=False | row_header=False | metadata=False
Cell I16 | value='13901' | fill=00000000 | rows=[15] | cols=[8] | col_header=False | row_header=False | metadata=False
Cell J16 | value='14484' | fill=00000000 | rows=[15] | cols=[9] | col_header=False | row_header=False | metadata=False
Cell B17 | value='Estonia' | fill=FF00B050 | rows=[16] | cols=[1] | col_header=False | row_header=True | metadata=False
Cell D17 | value='3350' | fill=00000000 | rows=[16] | cols=[3] | col_header=False | row_header=False | metadata=False
Cell E17 | value='3378' | fill=00000000 | rows=[16] | cols=[4] | col_header=False | row_header=False | metadata=False
Cell F17 | value='3382' | fill=00000000 | rows=[16] | cols=[5] | col_header=False | row_header=False | metadata=False
Cell G17 | value='3383' | fill=00000000 | rows=[16] | cols=[6] | col_header=False | row_header=False | metadata=False
Cell H17 | value='3389' | fill=00000000 | rows=[16] | cols=[7] | col_header=False | row_header=False | metadata=False
Cell I17 | value='3387' | fill=00000000 | rows=[16] | cols=[8] | col_header=False | row_header=False | metadata=False
Cell J17 | value='3336' | fill=00000000 | rows=[16] | cols=[9] | col_header=False | row_header=False | metadata=False
Cell K17 | value='3404' | fill=00000000 | rows=[16] | cols=[10] | col_header=False | row_header=False | metadata=False
Cell B18 | value='Finland' | fill=FF00B050 | rows=[17] | cols=[1] | col_header=False | row_header=True | metadata=False
Cell D18 | value='11320' | fill=00000000 | rows=[17] | cols=[3] | col_header=False | row_header=False | metadata=False
Cell E18 | value='11478' | fill=00000000 | rows=[17] | cols=[4] | col_header=False | row_header=False | metadata=False
Cell F18 | value='11678' | fill=00000000 | rows=[17] | cols=[5] | col_header=False | row_header=False | metadata=False
Cell G18 | value='11776' | fill=00000000 | rows=[17] | cols=[6] | col_header=False | row_header=False | metadata=False
Cell H18 | value='11923' | fill=00000000 | rows=[17] | cols=[7] | col_header=False | row_header=False | metadata=False
Cell I18 | value='12122' | fill=00000000 | rows=[17] | cols=[8] | col_header=False | row_header=False | metadata=False
Cell J18 | value='12058' | fill=00000000 | rows=[17] | cols=[9] | col_header=False | row_header=False | metadata=False
Cell B19 | value='France' | fill=FF00B050 | rows=[18] | cols=[1] | col_header=False | row_header=True | metadata=False
Cell D19 | value='88298' | fill=00000000 | rows=[18] | cols=[3] | col_header=False | row_header=False | metadata=False
Cell E19 | value='90717' | fill=00000000 | rows=[18] | cols=[4] | col_header=False | row_header=False | metadata=False
Cell F19 | value='93354' | fill=00000000 | rows=[18] | cols=[5] | col_header=False | row_header=False | metadata=False
Cell G19 | value='95497' | fill=00000000 | rows=[18] | cols=[6] | col_header=False | row_header=False | metadata=False
Cell H19 | value='98221' | fill=00000000 | rows=[18] | cols=[7] | col_header=False | row_header=False | metadata=False
Cell I19 | value='100395' | fill=00000000 | rows=[18] | cols=[8] | col_header=False | row_header=False | metadata=False
Cell J19 | value='102428' | fill=00000000 | rows=[18] | cols=[9] | col_header=False | row_header=False | metadata=False
Cell K19 | value='104553' | fill=00000000 | rows=[18] | cols=[10] | col_header=False | row_header=False | metadata=False
Cell B20 | value='Germany' | fill=FF00B050 | rows=[19] | cols=[1] | col_header=False | row_header=True | metadata=False
Cell D20 | value='154568' | fill=00000000 | rows=[19] | cols=[3] | col_header=False | row_header=False | metadata=False
Cell E20 | value='159433' | fill=00000000 | rows=[19] | cols=[4] | col_header=False | row_header=False | metadata=False
Cell F20 | value='163810' | fill=00000000 | rows=[19] | cols=[5] | col_header=False | row_header=False | metadata=False
Cell G20 | value='168169' | fill=00000000 | rows=[19] | cols=[6] | col_header=False | row_header=False | metadata=False
Cell H20 | value='173898' | fill=00000000 | rows=[19] | cols=[7] | col_header=False | row_header=False | metadata=False
Cell I20 | value='178566' | fill=00000000 | rows=[19] | cols=[8] | col_header=False | row_header=False | metadata=False
Cell J20 | value='182346' | fill=00000000 | rows=[19] | cols=[9] | col_header=False | row_header=False | metadata=False
Cell K20 | value='186415' | fill=00000000 | rows=[19] | cols=[10] | col_header=False | row_header=False | metadata=False
Cell B21 | value='Greece' | fill=FF00B050 | rows=[20] | cols=[1] | col_header=False | row_header=True | metadata=False
Cell D21 | value='25949' | fill=00000000 | rows=[20] | cols=[3] | col_header=False | row_header=False | metadata=False
Cell E21 | value='28047' | fill=00000000 | rows=[20] | cols=[4] | col_header=False | row_header=False | metadata=False
Cell F21 | value='27414' | fill=00000000 | rows=[20] | cols=[5] | col_header=False | row_header=False | metadata=False
Cell G21 | value='27581' | fill=00000000 | rows=[20] | cols=[6] | col_header=False | row_header=False | metadata=False
Cell H21 | value='28307' | fill=00000000 | rows=[20] | cols=[7] | col_header=False | row_header=False | metadata=False
Cell I21 | value='28419' | fill=00000000 | rows=[20] | cols=[8] | col_header=False | row_header=False | metadata=False
Cell J21 | value='29205' | fill=00000000 | rows=[20] | cols=[9] | col_header=False | row_header=False | metadata=False
Cell K21 | value='30264' | fill=00000000 | rows=[20] | cols=[10] | col_header=False | row_header=False | metadata=False
Cell B22 | value='Hungary' | fill=FF00B050 | rows=[21] | cols=[1] | col_header=False | row_header=True | metadata=False
Cell D22 | value='17035' | fill=00000000 | rows=[21] | cols=[3] | col_header=False | row_header=False | metadata=False
Cell E22 | value='17635' | fill=00000000 | rows=[21] | cols=[4] | col_header=False | row_header=False | metadata=False
Cell F22 | value='18261' | fill=00000000 | rows=[21] | cols=[5] | col_header=False | row_header=False | metadata=False
Cell G22 | value='18557' | fill=00000000 | rows=[21] | cols=[6] | col_header=False | row_header=False | metadata=False
Cell H22 | value='19143' | fill=00000000 | rows=[21] | cols=[7] | col_header=False | row_header=False | metadata=False
Cell I22 | value='17565' | fill=00000000 | rows=[21] | cols=[8] | col_header=False | row_header=False | metadata=False
Cell J22 | value='18424' | fill=00000000 | rows=[21] | cols=[9] | col_header=False | row_header=False | metadata=False
Cell K22 | value='19250' | fill=00000000 | rows=[21] | cols=[10] | col_header=False | row_header=False | metadata=False
Cell B23 | value='Iceland' | fill=FF00B050 | rows=[22] | cols=[1] | col_header=False | row_header=True | metadata=False
Cell D23 | value='467' | fill=00000000 | rows=[22] | cols=[3] | col_header=False | row_header=False | metadata=False
Cell E23 | value='474' | fill=00000000 | rows=[22] | cols=[4] | col_header=False | row_header=False | metadata=False
Cell F23 | value='513' | fill=00000000 | rows=[22] | cols=[5] | col_header=False | row_header=False | metadata=False
Cell G23 | value='544' | fill=00000000 | rows=[22] | cols=[6] | col_header=False | row_header=False | metadata=False
Cell H23 | value='570' | fill=00000000 | rows=[22] | cols=[7] | col_header=False | row_header=False | metadata=False
Cell I23 | value='690' | fill=00000000 | rows=[22] | cols=[8] | col_header=False | row_header=False | metadata=False
Cell J23 | value='759' | fill=00000000 | rows=[22] | cols=[9] | col_header=False | row_header=False | metadata=False
Cell K23 | value='803' | fill=00000000 | rows=[22] | cols=[10] | col_header=False | row_header=False | metadata=False
Cell L23 | value='861' | fill=00000000 | rows=[22] | cols=[11] | col_header=False | row_header=False | metadata=False
Cell B24 | value='Ireland' | fill=FF00B050 | rows=[23] | cols=[1] | col_header=False | row_header=True | metadata=False
Cell D24 | value='6334' | fill=00000000 | rows=[23] | cols=[3] | col_header=False | row_header=False | metadata=False
Cell E24 | value='6587' | fill=00000000 | rows=[23] | cols=[4] | col_header=False | row_header=False | metadata=False
Cell F24 | value='6877' | fill=00000000 | rows=[23] | cols=[5] | col_header=False | row_header=False | metadata=False
Cell G24 | value='7117' | fill=00000000 | rows=[23] | cols=[6] | col_header=False | row_header=False | metadata=False
Cell H24 | value='7372' | fill=00000000 | rows=[23] | cols=[7] | col_header=False | row_header=False | metadata=False
Cell I24 | value='7857' | fill=00000000 | rows=[23] | cols=[8] | col_header=False | row_header=False | metadata=False
Cell J24 | value='9459' | fill=00000000 | rows=[23] | cols=[9] | col_header=False | row_header=False | metadata=False
Cell K24 | value='8239' | fill=00000000 | rows=[23] | cols=[10] | col_header=False | row_header=False | metadata=False
Cell L24 | value='9460' | fill=00000000 | rows=[23] | cols=[11] | col_header=False | row_header=False | metadata=False
Cell B25 | value='Israel' | fill=FF00B050 | rows=[24] | cols=[1] | col_header=False | row_header=True | metadata=False
Cell D25 | value='10513' | fill=00000000 | rows=[24] | cols=[3] | col_header=False | row_header=False | metadata=False
Cell E25 | value='10771' | fill=00000000 | rows=[24] | cols=[4] | col_header=False | row_header=False | metadata=False
Cell F25 | value='11192' | fill=00000000 | rows=[24] | cols=[5] | col_header=False | row_header=False | metadata=False
Cell G25 | value='11791' | fill=00000000 | rows=[24] | cols=[6] | col_header=False | row_header=False | metadata=False
Cell H25 | value='12231' | fill=00000000 | rows=[24] | cols=[7] | col_header=False | row_header=False | metadata=False
Cell I25 | value='12454' | fill=00000000 | rows=[24] | cols=[8] | col_header=False | row_header=False | metadata=False
Cell J25 | value='12992' | fill=00000000 | rows=[24] | cols=[9] | col_header=False | row_header=False | metadata=False
Cell K25 | value='13536' | fill=00000000 | rows=[24] | cols=[10] | col_header=False | row_header=False | metadata=False
Cell B26 | value='Italy' | fill=FF00B050 | rows=[25] | cols=[1] | col_header=False | row_header=True | metadata=False
Cell D26 | value='94959' | fill=00000000 | rows=[25] | cols=[3] | col_header=False | row_header=False | metadata=False
Cell E26 | value='99339' | fill=00000000 | rows=[25] | cols=[4] | col_header=False | row_header=False | metadata=False
Cell F26 | value='102218' | fill=00000000 | rows=[25] | cols=[5] | col_header=False | row_header=False | metadata=False
Cell G26 | value='103260' | fill=00000000 | rows=[25] | cols=[6] | col_header=False | row_header=False | metadata=False
Cell H26 | value='105852' | fill=00000000 | rows=[25] | cols=[7] | col_header=False | row_header=False | metadata=False
Cell I26 | value='105800' | fill=00000000 | rows=[25] | cols=[8] | col_header=False | row_header=False | metadata=False
Cell J26 | value='109756' | fill=00000000 | rows=[25] | cols=[9] | col_header=False | row_header=False | metadata=False
Cell K26 | value='114860' | fill=00000000 | rows=[25] | cols=[10] | col_header=False | row_header=False | metadata=False
Cell B27 | value='Japan' | fill=FF00B050 | rows=[26] | cols=[1] | col_header=False | row_header=True | metadata=False
Cell E27 | value='64760' | fill=00000000 | rows=[26] | cols=[4] | col_header=False | row_header=False | metadata=False
Cell G27 | value='68775' | fill=00000000 | rows=[26] | cols=[6] | col_header=False | row_header=False | metadata=False
Cell I27 | value='74368' | fill=00000000 | rows=[26] | cols=[8] | col_header=False | row_header=False | metadata=False
Cell K27 | value='77905' | fill=00000000 | rows=[26] | cols=[10] | col_header=False | row_header=False | metadata=False
Cell B28 | value='Korea' | fill=FF00B050 | rows=[27] | cols=[1] | col_header=False | row_header=True | metadata=False
Cell D28 | value='25486' | fill=00000000 | rows=[27] | cols=[3] | col_header=False | row_header=False | metadata=False
Cell E28 | value='26662' | fill=00000000 | rows=[27] | cols=[4] | col_header=False | row_header=False | metadata=False
Cell F28 | value='28151' | fill=00000000 | rows=[27] | cols=[5] | col_header=False | row_header=False | metadata=False
Cell G28 | value='29128' | fill=00000000 | rows=[27] | cols=[6] | col_header=False | row_header=False | metadata=False
Cell H28 | value='30686' | fill=00000000 | rows=[27] | cols=[7] | col_header=False | row_header=False | metadata=False
Cell I28 | value='31807' | fill=00000000 | rows=[27] | cols=[8] | col_header=False | row_header=False | metadata=False
Cell J28 | value='32919' | fill=00000000 | rows=[27] | cols=[9] | col_header=False | row_header=False | metadata=False
Cell K28 | value='34081' | fill=00000000 | rows=[27] | cols=[10] | col_header=False | row_header=False | metadata=False
Cell B29 | value='Latvia' | fill=FF00B050 | rows=[28] | cols=[1] | col_header=False | row_header=True | metadata=False
Cell D29 | value='4706' | fill=00000000 | rows=[28] | cols=[3] | col_header=False | row_header=False | metadata=False
Cell E29 | value='4672' | fill=00000000 | rows=[28] | cols=[4] | col_header=False | row_header=False | metadata=False
Cell F29 | value='4623' | fill=00000000 | rows=[28] | cols=[5] | col_header=False | row_header=False | metadata=False
Cell G29 | value='4715' | fill=00000000 | rows=[28] | cols=[6] | col_header=False | row_header=False | metadata=False
Cell H29 | value='4611' | fill=00000000 | rows=[28] | cols=[7] | col_header=False | row_header=False | metadata=False
Cell I29 | value='4692' | fill=00000000 | rows=[28] | cols=[8] | col_header=False | row_header=False | metadata=False
Cell J29 | value='4693' | fill=00000000 | rows=[28] | cols=[9] | col_header=False | row_header=False | metadata=False
Cell K29 | value='4741' | fill=00000000 | rows=[28] | cols=[10] | col_header=False | row_header=False | metadata=False
Cell B30 | value='Lithuania' | fill=FF00B050 | rows=[29] | cols=[1] | col_header=False | row_header=True | metadata=False
Cell D30 | value='9405' | fill=00000000 | rows=[29] | cols=[3] | col_header=False | row_header=False | metadata=False
Cell E30 | value='9540' | fill=00000000 | rows=[29] | cols=[4] | col_header=False | row_header=False | metadata=False
Cell F30 | value='9524' | fill=00000000 | rows=[29] | cols=[5] | col_header=False | row_header=False | metadata=False
Cell G30 | value='9122' | fill=00000000 | rows=[29] | cols=[6] | col_header=False | row_header=False | metadata=False
Cell H30 | value='9032' | fill=00000000 | rows=[29] | cols=[7] | col_header=False | row_header=False | metadata=False
Cell I30 | value='8863' | fill=00000000 | rows=[29] | cols=[8] | col_header=False | row_header=False | metadata=False
Cell J30 | value='8896' | fill=00000000 | rows=[29] | cols=[9] | col_header=False | row_header=False | metadata=False
Cell K30 | value='8959' | fill=00000000 | rows=[29] | cols=[10] | col_header=False | row_header=False | metadata=False
Cell B31 | value='Luxembourg' | fill=FF00B050 | rows=[30] | cols=[1] | col_header=False | row_header=True | metadata=False
Cell D31 | value='564' | fill=00000000 | rows=[30] | cols=[3] | col_header=False | row_header=False | metadata=False
Cell E31 | value='581' | fill=00000000 | rows=[30] | cols=[4] | col_header=False | row_header=False | metadata=False
Cell F31 | value='635' | fill=00000000 | rows=[30] | cols=[5] | col_header=False | row_header=False | metadata=False
Cell B32 | value='Mexico' | fill=FF00B050 | rows=[31] | cols=[1] | col_header=False | row_header=True | metadata=False
Cell D32 | value='124016.96' | fill=00000000 | rows=[31] | cols=[3] | col_header=False | row_header=False | metadata=False
Cell E32 | value='126348.17' | fill=00000000 | rows=[31] | cols=[4] | col_header=False | row_header=False | metadata=False
Cell F32 | value='130597.11' | fill=00000000 | rows=[31] | cols=[5] | col_header=False | row_header=False | metadata=False
Cell B33 | value='Netherlands' | fill=FF00B050 | rows=[32] | cols=[1] | col_header=False | row_header=True | metadata=False
Cell D33 | value='31170' | fill=00000000 | rows=[32] | cols=[3] | col_header=False | row_header=False | metadata=False
Cell E33 | value='32280' | fill=00000000 | rows=[32] | cols=[4] | col_header=False | row_header=False | metadata=False
Cell F33 | value='33699' | fill=00000000 | rows=[32] | cols=[5] | col_header=False | row_header=False | metadata=False
Cell G33 | value='35177' | fill=00000000 | rows=[32] | cols=[6] | col_header=False | row_header=False | metadata=False
Cell H33 | value='36735' | fill=00000000 | rows=[32] | cols=[7] | col_header=False | row_header=False | metadata=False
Cell I33 | value='38433' | fill=00000000 | rows=[32] | cols=[8] | col_header=False | row_header=False | metadata=False
Cell J33 | value='39752' | fill=00000000 | rows=[32] | cols=[9] | col_header=False | row_header=False | metadata=False
Cell K33 | value='40497' | fill=00000000 | rows=[32] | cols=[10] | col_header=False | row_header=False | metadata=False
Cell B34 | value='New Zealand' | fill=FF00B050 | rows=[33] | cols=[1] | col_header=False | row_header=True | metadata=False
Cell D34 | value='6679' | fill=00000000 | rows=[33] | cols=[3] | col_header=False | row_header=False | metadata=False
Cell E34 | value='7008' | fill=00000000 | rows=[33] | cols=[4] | col_header=False | row_header=False | metadata=False
Cell F34 | value='7337' | fill=00000000 | rows=[33] | cols=[5] | col_header=False | row_header=False | metadata=False
Cell G34 | value='7773' | fill=00000000 | rows=[33] | cols=[6] | col_header=False | row_header=False | metadata=False
Cell H34 | value='8163' | fill=00000000 | rows=[33] | cols=[7] | col_header=False | row_header=False | metadata=False
Cell I34 | value='8178' | fill=00000000 | rows=[33] | cols=[8] | col_header=False | row_header=False | metadata=False
Cell J34 | value='8574' | fill=00000000 | rows=[33] | cols=[9] | col_header=False | row_header=False | metadata=False
Cell K34 | value='8971' | fill=00000000 | rows=[33] | cols=[10] | col_header=False | row_header=False | metadata=False
Cell L34 | value='9375' | fill=00000000 | rows=[33] | cols=[11] | col_header=False | row_header=False | metadata=False
Cell B35 | value='Norway' | fill=FF00B050 | rows=[34] | cols=[1] | col_header=False | row_header=True | metadata=False
Cell D35 | value='10177' | fill=00000000 | rows=[34] | cols=[3] | col_header=False | row_header=False | metadata=False
Cell E35 | value='10763' | fill=00000000 | rows=[34] | cols=[4] | col_header=False | row_header=False | metadata=False
Cell F35 | value='11312' | fill=00000000 | rows=[34] | cols=[5] | col_header=False | row_header=False | metadata=False
Cell G35 | value='11909' | fill=00000000 | rows=[34] | cols=[6] | col_header=False | row_header=False | metadata=False
Cell H35 | value='12403' | fill=00000000 | rows=[34] | cols=[7] | col_header=False | row_header=False | metadata=False
Cell I35 | value='13072' | fill=00000000 | rows=[34] | cols=[8] | col_header=False | row_header=False | metadata=False
Cell J35 | value='13608' | fill=00000000 | rows=[34] | cols=[9] | col_header=False | row_header=False | metadata=False
Cell K35 | value='14235' | fill=00000000 | rows=[34] | cols=[10] | col_header=False | row_header=False | metadata=False
Cell L35 | value='14750' | fill=00000000 | rows=[34] | cols=[11] | col_header=False | row_header=False | metadata=False
Cell B36 | value='Poland' | fill=FF00B050 | rows=[35] | cols=[1] | col_header=False | row_header=True | metadata=False
Cell D36 | value='50343' | fill=00000000 | rows=[35] | cols=[3] | col_header=False | row_header=False | metadata=False
Cell E36 | value='52422' | fill=00000000 | rows=[35] | cols=[4] | col_header=False | row_header=False | metadata=False
Cell F36 | value='51318' | fill=00000000 | rows=[35] | cols=[5] | col_header=False | row_header=False | metadata=False
Cell G36 | value='51291' | fill=00000000 | rows=[35] | cols=[6] | col_header=False | row_header=False | metadata=False
Cell H36 | value='72659' | fill=00000000 | rows=[35] | cols=[7] | col_header=False | row_header=False | metadata=False
Cell I36 | value='73113' | fill=00000000 | rows=[35] | cols=[8] | col_header=False | row_header=False | metadata=False
Cell J36 | value='75540' | fill=00000000 | rows=[35] | cols=[9] | col_header=False | row_header=False | metadata=False
Cell K36 | value='77078' | fill=00000000 | rows=[35] | cols=[10] | col_header=False | row_header=False | metadata=False
Cell B37 | value='Portugal' | fill=FF00B050 | rows=[36] | cols=[1] | col_header=False | row_header=True | metadata=False
Cell D37 | value='25832' | fill=00000000 | rows=[36] | cols=[3] | col_header=False | row_header=False | metadata=False
Cell E37 | value='27052' | fill=00000000 | rows=[36] | cols=[4] | col_header=False | row_header=False | metadata=False
Cell F37 | value='28239' | fill=00000000 | rows=[36] | cols=[5] | col_header=False | row_header=False | metadata=False
Cell G37 | value='29501' | fill=00000000 | rows=[36] | cols=[6] | col_header=False | row_header=False | metadata=False
Cell H37 | value='30739' | fill=00000000 | rows=[36] | cols=[7] | col_header=False | row_header=False | metadata=False
Cell I37 | value='31995' | fill=00000000 | rows=[36] | cols=[8] | col_header=False | row_header=False | metadata=False
Cell J37 | value='33202' | fill=00000000 | rows=[36] | cols=[9] | col_header=False | row_header=False | metadata=False
Cell K37 | value='34427' | fill=00000000 | rows=[36] | cols=[10] | col_header=False | row_header=False | metadata=False
Cell B38 | value='Slovak Republic' | fill=FF00B050 | rows=[37] | cols=[1] | col_header=False | row_header=True | metadata=False
Cell D38 | value='10759' | fill=00000000 | rows=[37] | cols=[3] | col_header=False | row_header=False | metadata=False
Cell E38 | value='10833' | fill=00000000 | rows=[37] | cols=[4] | col_header=False | row_header=False | metadata=False
Cell F38 | value='10748' | fill=00000000 | rows=[37] | cols=[5] | col_header=False | row_header=False | metadata=False
Cell G38 | value='11058' | fill=00000000 | rows=[37] | cols=[6] | col_header=False | row_header=False | metadata=False
Cell H38 | value='11290' | fill=00000000 | rows=[37] | cols=[7] | col_header=False | row_header=False | metadata=False
Cell I38 | value='11700' | fill=00000000 | rows=[37] | cols=[8] | col_header=False | row_header=False | metadata=False
Cell J38 | value='11779' | fill=00000000 | rows=[37] | cols=[9] | col_header=False | row_header=False | metadata=False
Cell K38 | value='11988' | fill=00000000 | rows=[37] | cols=[10] | col_header=False | row_header=False | metadata=False
Cell B39 | value='Slovenia' | fill=FF00B050 | rows=[38] | cols=[1] | col_header=False | row_header=True | metadata=False
Cell D39 | value='3637' | fill=00000000 | rows=[38] | cols=[3] | col_header=False | row_header=False | metadata=False
Cell E39 | value='3907' | fill=00000000 | rows=[38] | cols=[4] | col_header=False | row_header=False | metadata=False
Cell F39 | value='4037' | fill=00000000 | rows=[38] | cols=[5] | col_header=False | row_header=False | metadata=False
Cell G39 | value='4177' | fill=00000000 | rows=[38] | cols=[6] | col_header=False | row_header=False | metadata=False
Cell H39 | value='4313' | fill=00000000 | rows=[38] | cols=[7] | col_header=False | row_header=False | metadata=False
Cell I39 | value='4406' | fill=00000000 | rows=[38] | cols=[8] | col_header=False | row_header=False | metadata=False
Cell J39 | value='4510' | fill=00000000 | rows=[38] | cols=[9] | col_header=False | row_header=False | metadata=False
Cell K39 | value='4562' | fill=00000000 | rows=[38] | cols=[10] | col_header=False | row_header=False | metadata=False
Cell B40 | value='Spain' | fill=FF00B050 | rows=[39] | cols=[1] | col_header=False | row_header=True | metadata=False
Cell D40 | value='93867' | fill=00000000 | rows=[39] | cols=[3] | col_header=False | row_header=False | metadata=False
Cell E40 | value='96465' | fill=00000000 | rows=[39] | cols=[4] | col_header=False | row_header=False | metadata=False
Cell F40 | value='99866' | fill=00000000 | rows=[39] | cols=[5] | col_header=False | row_header=False | metadata=False
Cell G40 | value='105733' | fill=00000000 | rows=[39] | cols=[6] | col_header=False | row_header=False | metadata=False
Cell H40 | value='117133' | fill=00000000 | rows=[39] | cols=[7] | col_header=False | row_header=False | metadata=False
Cell I40 | value='122733' | fill=00000000 | rows=[39] | cols=[8] | col_header=False | row_header=False | metadata=False
Cell J40 | value='122501' | fill=00000000 | rows=[39] | cols=[9] | col_header=False | row_header=False | metadata=False
Cell K40 | value='120266' | fill=00000000 | rows=[39] | cols=[10] | col_header=False | row_header=False | metadata=False
Cell B41 | value='Sweden' | fill=FF00B050 | rows=[40] | cols=[1] | col_header=False | row_header=True | metadata=False
Cell D41 | value='19697' | fill=00000000 | rows=[40] | cols=[3] | col_header=False | row_header=False | metadata=False
Cell E41 | value='20403' | fill=00000000 | rows=[40] | cols=[4] | col_header=False | row_header=False | metadata=False
Cell F41 | value='21033' | fill=00000000 | rows=[40] | cols=[5] | col_header=False | row_header=False | metadata=False
Cell G41 | value='21808' | fill=00000000 | rows=[40] | cols=[6] | col_header=False | row_header=False | metadata=False
Cell H41 | value='22205' | fill=00000000 | rows=[40] | cols=[7] | col_header=False | row_header=False | metadata=False
Cell I41 | value='22760' | fill=00000000 | rows=[40] | cols=[8] | col_header=False | row_header=False | metadata=False
Cell J41 | value='23527' | fill=00000000 | rows=[40] | cols=[9] | col_header=False | row_header=False | metadata=False
Cell B42 | value='Switzerland' | fill=FF00B050 | rows=[41] | cols=[1] | col_header=False | row_header=True | metadata=False
Cell D42 | value='14100' | fill=00000000 | rows=[41] | cols=[3] | col_header=False | row_header=False | metadata=False
Cell E42 | value='14774' | fill=00000000 | rows=[41] | cols=[4] | col_header=False | row_header=False | metadata=False
Cell F42 | value='15316' | fill=00000000 | rows=[41] | cols=[5] | col_header=False | row_header=False | metadata=False
Cell G42 | value='15785' | fill=00000000 | rows=[41] | cols=[6] | col_header=False | row_header=False | metadata=False
Cell H42 | value='16175' | fill=00000000 | rows=[41] | cols=[7] | col_header=False | row_header=False | metadata=False
Cell I42 | value='16694' | fill=00000000 | rows=[41] | cols=[8] | col_header=False | row_header=False | metadata=False
Cell J42 | value='17373' | fill=00000000 | rows=[41] | cols=[9] | col_header=False | row_header=False | metadata=False
Cell K42 | value='18040' | fill=00000000 | rows=[41] | cols=[10] | col_header=False | row_header=False | metadata=False
Cell B43 | value='Türkiye' | fill=FF00B050 | rows=[42] | cols=[1] | col_header=False | row_header=True | metadata=False
Cell D43 | value='56454' | fill=00000000 | rows=[42] | cols=[3] | col_header=False | row_header=False | metadata=False
Cell E43 | value='57880' | fill=00000000 | rows=[42] | cols=[4] | col_header=False | row_header=False | metadata=False
Cell F43 | value='59947' | fill=00000000 | rows=[42] | cols=[5] | col_header=False | row_header=False | metadata=False
Cell G43 | value='61197' | fill=00000000 | rows=[42] | cols=[6] | col_header=False | row_header=False | metadata=False
Cell H43 | value='65253' | fill=00000000 | rows=[42] | cols=[7] | col_header=False | row_header=False | metadata=False
Cell I43 | value='70632' | fill=00000000 | rows=[42] | cols=[8] | col_header=False | row_header=False | metadata=False
Cell J43 | value='76424' | fill=00000000 | rows=[42] | cols=[9] | col_header=False | row_header=False | metadata=False
Cell K43 | value='82758' | fill=00000000 | rows=[42] | cols=[10] | col_header=False | row_header=False | metadata=False
Cell B44 | value='United Kingdom' | fill=FF00B050 | rows=[43] | cols=[1] | col_header=False | row_header=True | metadata=False
Cell D44 | value='82266' | fill=00000000 | rows=[43] | cols=[3] | col_header=False | row_header=False | metadata=False
Cell E44 | value='83885' | fill=00000000 | rows=[43] | cols=[4] | col_header=False | row_header=False | metadata=False
Cell F44 | value='87752' | fill=00000000 | rows=[43] | cols=[5] | col_header=False | row_header=False | metadata=False
Cell G44 | value='91797' | fill=00000000 | rows=[43] | cols=[6] | col_header=False | row_header=False | metadata=False
Cell H44 | value='95171' | fill=00000000 | rows=[43] | cols=[7] | col_header=False | row_header=False | metadata=False
Cell I44 | value='99795' | fill=00000000 | rows=[43] | cols=[8] | col_header=False | row_header=False | metadata=False
Cell J44 | value='105488' | fill=00000000 | rows=[43] | cols=[9] | col_header=False | row_header=False | metadata=False
Cell K44 | value='106127' | fill=00000000 | rows=[43] | cols=[10] | col_header=False | row_header=False | metadata=False
Cell L44 | value='112159.38' | fill=00000000 | rows=[43] | cols=[11] | col_header=False | row_header=False | metadata=False
Cell B45 | value='United States' | fill=FF00B050 | rows=[44] | cols=[1] | col_header=False | row_header=True | metadata=False
Cell D45 | value='290057' | fill=00000000 | rows=[44] | cols=[3] | col_header=False | row_header=False | metadata=False
Cell E45 | value='296984' | fill=00000000 | rows=[44] | cols=[4] | col_header=False | row_header=False | metadata=False
Cell F45 | value='306494' | fill=00000000 | rows=[44] | cols=[5] | col_header=False | row_header=False | metadata=False
Cell G45 | value='311347' | fill=00000000 | rows=[44] | cols=[6] | col_header=False | row_header=False | metadata=False
Cell H45 | value='320457' | fill=00000000 | rows=[44] | cols=[7] | col_header=False | row_header=False | metadata=False
Cell I45 | value='326733' | fill=00000000 | rows=[44] | cols=[8] | col_header=False | row_header=False | metadata=False
Cell J45 | value='336429' | fill=00000000 | rows=[44] | cols=[9] | col_header=False | row_header=False | metadata=False
Cell K45 | value='350894' | fill=00000000 | rows=[44] | cols=[10] | col_header=False | row_header=False | metadata=False
Cell B46 | value='Non-OECD economies' | fill=FF00B050 | rows=[45] | cols=[1] | col_header=False | row_header=True | metadata=False
Cell B47 | value='·  Bulgaria' | fill=FF00B050 | rows=[46] | cols=[1] | col_header=False | row_header=True | metadata=False
Cell D47 | value='15984' | fill=00000000 | rows=[46] | cols=[3] | col_header=False | row_header=False | metadata=False
Cell E47 | value='16232' | fill=00000000 | rows=[46] | cols=[4] | col_header=False | row_header=False | metadata=False
Cell F47 | value='16439' | fill=00000000 | rows=[46] | cols=[5] | col_header=False | row_header=False | metadata=False
Cell G47 | value='16490' | fill=00000000 | rows=[46] | cols=[6] | col_header=False | row_header=False | metadata=False
Cell H47 | value='16536' | fill=00000000 | rows=[46] | cols=[7] | col_header=False | row_header=False | metadata=False
Cell I47 | value='16549' | fill=00000000 | rows=[46] | cols=[8] | col_header=False | row_header=False | metadata=False
Cell J47 | value='16503' | fill=00000000 | rows=[46] | cols=[9] | col_header=False | row_header=False | metadata=False
Cell K47 | value='16532' | fill=00000000 | rows=[46] | cols=[10] | col_header=False | row_header=False | metadata=False
Cell B48 | value='·  Croatia' | fill=FF00B050 | rows=[47] | cols=[1] | col_header=False | row_header=True | metadata=False
Cell D48 | value='8378' | fill=00000000 | rows=[47] | cols=[3] | col_header=False | row_header=False | metadata=False
Cell E48 | value='8474' | fill=00000000 | rows=[47] | cols=[4] | col_header=False | row_header=False | metadata=False
Cell F48 | value='8778' | fill=00000000 | rows=[47] | cols=[5] | col_header=False | row_header=False | metadata=False
Cell G48 | value='8926' | fill=00000000 | rows=[47] | cols=[6] | col_header=False | row_header=False | metadata=False
Cell H48 | value='9102' | fill=00000000 | rows=[47] | cols=[7] | col_header=False | row_header=False | metadata=False
Cell I48 | value='9064' | fill=00000000 | rows=[47] | cols=[8] | col_header=False | row_header=False | metadata=False
Cell J48 | value='9310' | fill=00000000 | rows=[47] | cols=[9] | col_header=False | row_header=False | metadata=False
Cell K48 | value='9715' | fill=00000000 | rows=[47] | cols=[10] | col_header=False | row_header=False | metadata=False
Cell B49 | value='·  Cyprus' | fill=FF00B050 | rows=[48] | cols=[1] | col_header=False | row_header=True | metadata=False
Cell D49 | value='1145' | fill=00000000 | rows=[48] | cols=[3] | col_header=False | row_header=False | metadata=False
Cell E49 | value='1205' | fill=00000000 | rows=[48] | cols=[4] | col_header=False | row_header=False | metadata=False
Cell F49 | value='1256' | fill=00000000 | rows=[48] | cols=[5] | col_header=False | row_header=False | metadata=False
Cell G49 | value='1347' | fill=00000000 | rows=[48] | cols=[6] | col_header=False | row_header=False | metadata=False
Cell H49 | value='1439' | fill=00000000 | rows=[48] | cols=[7] | col_header=False | row_header=False | metadata=False
Cell I49 | value='1588' | fill=00000000 | rows=[48] | cols=[8] | col_header=False | row_header=False | metadata=False
Cell J49 | value='1716' | fill=00000000 | rows=[48] | cols=[9] | col_header=False | row_header=False | metadata=False
Cell K49 | value='1876' | fill=00000000 | rows=[48] | cols=[10] | col_header=False | row_header=False | metadata=False
Cell B50 | value='·  Romania' | fill=FF00B050 | rows=[49] | cols=[1] | col_header=False | row_header=True | metadata=False
Cell D50 | value='38063' | fill=00000000 | rows=[49] | cols=[3] | col_header=False | row_header=False | metadata=False
Cell E50 | value='38892' | fill=00000000 | rows=[49] | cols=[4] | col_header=False | row_header=False | metadata=False
Cell F50 | value='40038' | fill=00000000 | rows=[49] | cols=[5] | col_header=False | row_header=False | metadata=False
Cell G50 | value='41656' | fill=00000000 | rows=[49] | cols=[6] | col_header=False | row_header=False | metadata=False
Cell H50 | value='43472' | fill=00000000 | rows=[49] | cols=[7] | col_header=False | row_header=False | metadata=False
Cell I50 | value='45238' | fill=00000000 | rows=[49] | cols=[8] | col_header=False | row_header=False | metadata=False
Cell J50 | value='47380' | fill=00000000 | rows=[49] | cols=[9] | col_header=False | row_header=False | metadata=False
Cell K50 | value='49227' | fill=00000000 | rows=[49] | cols=[10] | col_header=False | row_header=False | metadata=False
Cell B51 | value='Sex: Male' | fill=FFFFFF00 | rows=[50] | cols=[1, 2, 3, 4, 5, 6, 7, 8, 9, 10] | col_header=True | row_header=False | metadata=False
Cell B52 | value='Australia' | fill=FF00B050 | rows=[51] | cols=[1] | col_header=False | row_header=True | metadata=False
Cell D52 | value='50120' | fill=00000000 | rows=[51] | cols=[3] | col_header=False | row_header=False | metadata=False
Cell E52 | value='51429' | fill=00000000 | rows=[51] | cols=[4] | col_header=False | row_header=False | metadata=False
Cell F52 | value='53099' | fill=00000000 | rows=[51] | cols=[5] | col_header=False | row_header=False | metadata=False
Cell G52 | value='54499' | fill=00000000 | rows=[51] | cols=[6] | col_header=False | row_header=False | metadata=False
Cell H52 | value='55764' | fill=00000000 | rows=[51] | cols=[7] | col_header=False | row_header=False | metadata=False
Cell I52 | value='57003' | fill=00000000 | rows=[51] | cols=[8] | col_header=False | row_header=False | metadata=False
Cell J52 | value='57995' | fill=00000000 | rows=[51] | cols=[9] | col_header=False | row_header=False | metadata=False
Cell K52 | value='59447' | fill=00000000 | rows=[51] | cols=[10] | col_header=False | row_header=False | metadata=False
Cell B53 | value='Austria' | fill=FF00B050 | rows=[52] | cols=[1] | col_header=False | row_header=True | metadata=False
Cell D53 | value='23357' | fill=00000000 | rows=[52] | cols=[3] | col_header=False | row_header=False | metadata=False
Cell E53 | value='23599' | fill=00000000 | rows=[52] | cols=[4] | col_header=False | row_header=False | metadata=False
Cell F53 | value='23817' | fill=00000000 | rows=[52] | cols=[5] | col_header=False | row_header=False | metadata=False
Cell G53 | value='24095' | fill=00000000 | rows=[52] | cols=[6] | col_header=False | row_header=False | metadata=False
Cell H53 | value='24323' | fill=00000000 | rows=[52] | cols=[7] | col_header=False | row_header=False | metadata=False
Cell I53 | value='24361' | fill=00000000 | rows=[52] | cols=[8] | col_header=False | row_header=False | metadata=False
Cell J53 | value='24698' | fill=00000000 | rows=[52] | cols=[9] | col_header=False | row_header=False | metadata=False
Cell K53 | value='24970' | fill=00000000 | rows=[52] | cols=[10] | col_header=False | row_header=False | metadata=False
Cell L53 | value='25375' | fill=00000000 | rows=[52] | cols=[11] | col_header=False | row_header=False | metadata=False
Cell B54 | value='Belgium' | fill=FF00B050 | rows=[53] | cols=[1] | col_header=False | row_header=True | metadata=False
Cell D54 | value='20198' | fill=00000000 | rows=[53] | cols=[3] | col_header=False | row_header=False | metadata=False
Cell E54 | value='20319' | fill=00000000 | rows=[53] | cols=[4] | col_header=False | row_header=False | metadata=False
Cell F54 | value='20020' | fill=00000000 | rows=[53] | cols=[5] | col_header=False | row_header=False | metadata=False
Cell G54 | value='20030' | fill=00000000 | rows=[53] | cols=[6] | col_header=False | row_header=False | metadata=False
Cell H54 | value='20026' | fill=00000000 | rows=[53] | cols=[7] | col_header=False | row_header=False | metadata=False
Cell I54 | value='20050' | fill=00000000 | rows=[53] | cols=[8] | col_header=False | row_header=False | metadata=False
Cell J54 | value='19978' | fill=00000000 | rows=[53] | cols=[9] | col_header=False | row_header=False | metadata=False
Cell K54 | value='19853' | fill=00000000 | rows=[53] | cols=[10] | col_header=False | row_header=False | metadata=False
Cell B55 | value='Canada' | fill=FF00B050 | rows=[54] | cols=[1] | col_header=False | row_header=True | metadata=False
Cell D55 | value='55309' | fill=00000000 | rows=[54] | cols=[3] | col_header=False | row_header=False | metadata=False
Cell E55 | value='55922' | fill=00000000 | rows=[54] | cols=[4] | col_header=False | row_header=False | metadata=False
Cell F55 | value='57165' | fill=00000000 | rows=[54] | cols=[5] | col_header=False | row_header=False | metadata=False
Cell G55 | value='58011' | fill=00000000 | rows=[54] | cols=[6] | col_header=False | row_header=False | metadata=False
Cell H55 | value='58364' | fill=00000000 | rows=[54] | cols=[7] | col_header=False | row_header=False | metadata=False
Cell I55 | value='57943' | fill=00000000 | rows=[54] | cols=[8] | col_header=False | row_header=False | metadata=False
Cell J55 | value='58392' | fill=00000000 | rows=[54] | cols=[9] | col_header=False | row_header=False | metadata=False
Cell K55 | value='58723' | fill=00000000 | rows=[54] | cols=[10] | col_header=False | row_header=False | metadata=False
Cell B56 | value='Chile' | fill=FF00B050 | rows=[55] | cols=[1] | col_header=False | row_header=True | metadata=False
Cell D56 | value='23292' | fill=00000000 | rows=[55] | cols=[3] | col_header=False | row_header=False | metadata=False
Cell E56 | value='24717' | fill=00000000 | rows=[55] | cols=[4] | col_header=False | row_header=False | metadata=False
Cell F56 | value='26144' | fill=00000000 | rows=[55] | cols=[5] | col_header=False | row_header=False | metadata=False
Cell G56 | value='27509' | fill=00000000 | rows=[55] | cols=[6] | col_header=False | row_header=False | metadata=False
Cell H56 | value='28555' | fill=00000000 | rows=[55] | cols=[7] | col_header=False | row_header=False | metadata=False
Cell I56 | value='30345' | fill=00000000 | rows=[55] | cols=[8] | col_header=False | row_header=False | metadata=False
Cell J56 | value='32123' | fill=00000000 | rows=[55] | cols=[9] | col_header=False | row_header=False | metadata=False
Cell K56 | value='34219' | fill=00000000 | rows=[55] | cols=[10] | col_header=False | row_header=False | metadata=False
Cell L56 | value='35696' | fill=00000000 | rows=[55] | cols=[11] | col_header=False | row_header=False | metadata=False
Cell B57 | value='Colombia' | fill=FF00B050 | rows=[56] | cols=[1] | col_header=False | row_header=True | metadata=False
Cell E57 | value='54497' | fill=00000000 | rows=[56] | cols=[4] | col_header=False | row_header=False | metadata=False
Cell F57 | value='56536' | fill=00000000 | rows=[56] | cols=[5] | col_header=False | row_header=False | metadata=False
Cell G57 | value='58773' | fill=00000000 | rows=[56] | cols=[6] | col_header=False | row_header=False | metadata=False
Cell H57 | value='60930' | fill=00000000 | rows=[56] | cols=[7] | col_header=False | row_header=False | metadata=False
Cell I57 | value='63128' | fill=00000000 | rows=[56] | cols=[8] | col_header=False | row_header=False | metadata=False
Cell J57 | value='64673' | fill=00000000 | rows=[56] | cols=[9] | col_header=False | row_header=False | metadata=False
Cell B58 | value='Czechia' | fill=FF00B050 | rows=[57] | cols=[1] | col_header=False | row_header=True | metadata=False
Cell H58 | value='18960' | fill=00000000 | rows=[57] | cols=[7] | col_header=False | row_header=False | metadata=False
Cell I58 | value='18493' | fill=00000000 | rows=[57] | cols=[8] | col_header=False | row_header=False | metadata=False
Cell J58 | value='18784.65' | fill=00000000 | rows=[57] | cols=[9] | col_header=False | row_header=False | metadata=False
Cell K58 | value='19605' | fill=00000000 | rows=[57] | cols=[10] | col_header=False | row_header=False | metadata=False
Cell B59 | value='Denmark' | fill=FF00B050 | rows=[58] | cols=[1] | col_header=False | row_header=True | metadata=False
Cell D59 | value='11135' | fill=00000000 | rows=[58] | cols=[3] | col_header=False | row_header=False | metadata=False
Cell E59 | value='11204' | fill=00000000 | rows=[58] | cols=[4] | col_header=False | row_header=False | metadata=False
Cell F59 | value='11385' | fill=00000000 | rows=[58] | cols=[5] | col_header=False | row_header=False | metadata=False
Cell G59 | value='11459' | fill=00000000 | rows=[58] | cols=[6] | col_header=False | row_header=False | metadata=False
Cell H59 | value='11486' | fill=00000000 | rows=[58] | cols=[7] | col_header=False | row_header=False | metadata=False
Cell I59 | value='11621' | fill=00000000 | rows=[58] | cols=[8] | col_header=False | row_header=False | metadata=False
Cell J59 | value='11860' | fill=00000000 | rows=[58] | cols=[9] | col_header=False | row_header=False | metadata=False
Cell B60 | value='Estonia' | fill=FF00B050 | rows=[59] | cols=[1] | col_header=False | row_header=True | metadata=False
Cell D60 | value='1142' | fill=00000000 | rows=[59] | cols=[3] | col_header=False | row_header=False | metadata=False
Cell E60 | value='1170' | fill=00000000 | rows=[59] | cols=[4] | col_header=False | row_header=False | metadata=False
Cell F60 | value='1187' | fill=00000000 | rows=[59] | cols=[5] | col_header=False | row_header=False | metadata=False
Cell G60 | value='1222' | fill=00000000 | rows=[59] | cols=[6] | col_header=False | row_header=False | metadata=False
Cell H60 | value='1214' | fill=00000000 | rows=[59] | cols=[7] | col_header=False | row_header=False | metadata=False
Cell I60 | value='1239' | fill=00000000 | rows=[59] | cols=[8] | col_header=False | row_header=False | metadata=False
Cell J60 | value='1232' | fill=00000000 | rows=[59] | cols=[9] | col_header=False | row_header=False | metadata=False
Cell K60 | value='1279' | fill=00000000 | rows=[59] | cols=[10] | col_header=False | row_header=False | metadata=False
Cell B61 | value='Finland' | fill=FF00B050 | rows=[60] | cols=[1] | col_header=False | row_header=True | metadata=False
Cell D61 | value='7377' | fill=00000000 | rows=[60] | cols=[3] | col_header=False | row_header=False | metadata=False
Cell E61 | value='7321' | fill=00000000 | rows=[60] | cols=[4] | col_header=False | row_header=False | metadata=False
Cell F61 | value='7403' | fill=00000000 | rows=[60] | cols=[5] | col_header=False | row_header=False | metadata=False
Cell G61 | value='7448' | fill=00000000 | rows=[60] | cols=[6] | col_header=False | row_header=False | metadata=False
Cell H61 | value='7766' | fill=00000000 | rows=[60] | cols=[7] | col_header=False | row_header=False | metadata=False
Cell I61 | value='7837' | fill=00000000 | rows=[60] | cols=[8] | col_header=False | row_header=False | metadata=False
Cell J61 | value='7938' | fill=00000000 | rows=[60] | cols=[9] | col_header=False | row_header=False | metadata=False
Cell B62 | value='France' | fill=FF00B050 | rows=[61] | cols=[1] | col_header=False | row_header=True | metadata=False
Cell D62 | value='118390' | fill=00000000 | rows=[61] | cols=[3] | col_header=False | row_header=False | metadata=False
Cell E62 | value='117528' | fill=00000000 | rows=[61] | cols=[4] | col_header=False | row_header=False | metadata=False
Cell F62 | value='116663' | fill=00000000 | rows=[61] | cols=[5] | col_header=False | row_header=False | metadata=False
Cell G62 | value='115052' | fill=00000000 | rows=[61] | cols=[6] | col_header=False | row_header=False | metadata=False
Cell H62 | value='114959' | fill=00000000 | rows=[61] | cols=[7] | col_header=False | row_header=False | metadata=False
Cell I62 | value='113898' | fill=00000000 | rows=[61] | cols=[8] | col_header=False | row_header=False | metadata=False
Cell J62 | value='113294' | fill=00000000 | rows=[61] | cols=[9] | col_header=False | row_header=False | metadata=False
Cell K62 | value='112888' | fill=00000000 | rows=[61] | cols=[10] | col_header=False | row_header=False | metadata=False
Cell B63 | value='Germany' | fill=FF00B050 | rows=[62] | cols=[1] | col_header=False | row_header=True | metadata=False
Cell D63 | value='183561' | fill=00000000 | rows=[62] | cols=[3] | col_header=False | row_header=False | metadata=False
Cell E63 | value='185322' | fill=00000000 | rows=[62] | cols=[4] | col_header=False | row_header=False | metadata=False
Cell F63 | value='187385' | fill=00000000 | rows=[62] | cols=[5] | col_header=False | row_header=False | metadata=False
Cell G63 | value='189232' | fill=00000000 | rows=[62] | cols=[6] | col_header=False | row_header=False | metadata=False
Cell H63 | value='191490' | fill=00000000 | rows=[62] | cols=[7] | col_header=False | row_header=False | metadata=False
Cell I63 | value='192990' | fill=00000000 | rows=[62] | cols=[8] | col_header=False | row_header=False | metadata=False
Cell J63 | value='194506' | fill=00000000 | rows=[62] | cols=[9] | col_header=False | row_header=False | metadata=False
Cell K63 | value='194834' | fill=00000000 | rows=[62] | cols=[10] | col_header=False | row_header=False | metadata=False
Cell B64 | value='Greece' | fill=FF00B050 | rows=[63] | cols=[1] | col_header=False | row_header=True | metadata=False
Cell D64 | value='37917' | fill=00000000 | rows=[63] | cols=[3] | col_header=False | row_header=False | metadata=False
Cell E64 | value='37925' | fill=00000000 | rows=[63] | cols=[4] | col_header=False | row_header=False | metadata=False
Cell F64 | value='37826' | fill=00000000 | rows=[63] | cols=[5] | col_header=False | row_header=False | metadata=False
Cell G64 | value='37932' | fill=00000000 | rows=[63] | cols=[6] | col_header=False | row_header=False | metadata=False
Cell H64 | value='37751' | fill=00000000 | rows=[63] | cols=[7] | col_header=False | row_header=False | metadata=False
Cell I64 | value='37768' | fill=00000000 | rows=[63] | cols=[8] | col_header=False | row_header=False | metadata=False
Cell J64 | value='38139' | fill=00000000 | rows=[63] | cols=[9] | col_header=False | row_header=False | metadata=False
Cell K64 | value='38205' | fill=00000000 | rows=[63] | cols=[10] | col_header=False | row_header=False | metadata=False
Cell B65 | value='Hungary' | fill=FF00B050 | rows=[64] | cols=[1] | col_header=False | row_header=True | metadata=False
Cell D65 | value='13451' | fill=00000000 | rows=[64] | cols=[3] | col_header=False | row_header=False | metadata=False
Cell E65 | value='13880' | fill=00000000 | rows=[64] | cols=[4] | col_header=False | row_header=False | metadata=False
Cell F65 | value='14282' | fill=00000000 | rows=[64] | cols=[5] | col_header=False | row_header=False | metadata=False
Cell G65 | value='14521' | fill=00000000 | rows=[64] | cols=[6] | col_header=False | row_header=False | metadata=False
Cell H65 | value='14994' | fill=00000000 | rows=[64] | cols=[7] | col_header=False | row_header=False | metadata=False
Cell I65 | value='13045' | fill=00000000 | rows=[64] | cols=[8] | col_header=False | row_header=False | metadata=False
Cell J65 | value='13602' | fill=00000000 | rows=[64] | cols=[9] | col_header=False | row_header=False | metadata=False
Cell K65 | value='14223' | fill=00000000 | rows=[64] | cols=[10] | col_header=False | row_header=False | metadata=False
Cell B66 | value='Iceland' | fill=FF00B050 | rows=[65] | cols=[1] | col_header=False | row_header=True | metadata=False
Cell D66 | value='782' | fill=00000000 | rows=[65] | cols=[3] | col_header=False | row_header=False | metadata=False
Cell E66 | value='818' | fill=00000000 | rows=[65] | cols=[4] | col_header=False | row_header=False | metadata=False
Cell F66 | value='817' | fill=00000000 | rows=[65] | cols=[5] | col_header=False | row_header=False | metadata=False
Cell G66 | value='829' | fill=00000000 | rows=[65] | cols=[6] | col_header=False | row_header=False | metadata=False
Cell H66 | value='834' | fill=00000000 | rows=[65] | cols=[7] | col_header=False | row_header=False | metadata=False
Cell I66 | value='893' | fill=00000000 | rows=[65] | cols=[8] | col_header=False | row_header=False | metadata=False
Cell J66 | value='872' | fill=00000000 | rows=[65] | cols=[9] | col_header=False | row_header=False | metadata=False
Cell K66 | value='873' | fill=00000000 | rows=[65] | cols=[10] | col_header=False | row_header=False | metadata=False
Cell L66 | value='874' | fill=00000000 | rows=[65] | cols=[11] | col_header=False | row_header=False | metadata=False
Cell B67 | value='Ireland' | fill=FF00B050 | rows=[66] | cols=[1] | col_header=False | row_header=True | metadata=False
Cell D67 | value='8332' | fill=00000000 | rows=[66] | cols=[3] | col_header=False | row_header=False | metadata=False
Cell E67 | value='8591' | fill=00000000 | rows=[66] | cols=[4] | col_header=False | row_header=False | metadata=False
Cell F67 | value='8783' | fill=00000000 | rows=[66] | cols=[5] | col_header=False | row_header=False | metadata=False
Cell G67 | value='8845' | fill=00000000 | rows=[66] | cols=[6] | col_header=False | row_header=False | metadata=False
Cell H67 | value='8994' | fill=00000000 | rows=[66] | cols=[7] | col_header=False | row_header=False | metadata=False
Cell I67 | value='9374' | fill=00000000 | rows=[66] | cols=[8] | col_header=False | row_header=False | metadata=False
Cell J67 | value='10797' | fill=00000000 | rows=[66] | cols=[9] | col_header=False | row_header=False | metadata=False
Cell K67 | value='8941' | fill=00000000 | rows=[66] | cols=[10] | col_header=False | row_header=False | metadata=False
Cell L67 | value='10675' | fill=00000000 | rows=[66] | cols=[11] | col_header=False | row_header=False | metadata=False
Cell B68 | value='Israel' | fill=FF00B050 | rows=[67] | cols=[1] | col_header=False | row_header=True | metadata=False
Cell D68 | value='15218' | fill=00000000 | rows=[67] | cols=[3] | col_header=False | row_header=False | metadata=False
Cell E68 | value='15587' | fill=00000000 | rows=[67] | cols=[4] | col_header=False | row_header=False | metadata=False
Cell F68 | value='16161' | fill=00000000 | rows=[67] | cols=[5] | col_header=False | row_header=False | metadata=False
Cell G68 | value='16827' | fill=00000000 | rows=[67] | cols=[6] | col_header=False | row_header=False | metadata=False
Cell H68 | value='17572' | fill=00000000 | rows=[67] | cols=[7] | col_header=False | row_header=False | metadata=False
Cell I68 | value='18075' | fill=00000000 | rows=[67] | cols=[8] | col_header=False | row_header=False | metadata=False
Cell J68 | value='18748' | fill=00000000 | rows=[67] | cols=[9] | col_header=False | row_header=False | metadata=False
Cell K68 | value='19599' | fill=00000000 | rows=[67] | cols=[10] | col_header=False | row_header=False | metadata=False
Cell B69 | value='Italy' | fill=FF00B050 | rows=[68] | cols=[1] | col_header=False | row_header=True | metadata=False
Cell D69 | value='138143' | fill=00000000 | rows=[68] | cols=[3] | col_header=False | row_header=False | metadata=False
Cell E69 | value='140303' | fill=00000000 | rows=[68] | cols=[4] | col_header=False | row_header=False | metadata=False
Cell F69 | value='139294' | fill=00000000 | rows=[68] | cols=[5] | col_header=False | row_header=False | metadata=False
Cell G69 | value='137041' | fill=00000000 | rows=[68] | cols=[6] | col_header=False | row_header=False | metadata=False
Cell H69 | value='136093' | fill=00000000 | rows=[68] | cols=[7] | col_header=False | row_header=False | metadata=False
Cell I69 | value='132044' | fill=00000000 | rows=[68] | cols=[8] | col_header=False | row_header=False | metadata=False
Cell J69 | value='132965' | fill=00000000 | rows=[68] | cols=[9] | col_header=False | row_header=False | metadata=False
Cell K69 | value='135009' | fill=00000000 | rows=[68] | cols=[10] | col_header=False | row_header=False | metadata=False
Cell B70 | value='Japan' | fill=FF00B050 | rows=[69] | cols=[1] | col_header=False | row_header=True | metadata=False
Cell E70 | value='243345' | fill=00000000 | rows=[69] | cols=[4] | col_header=False | row_header=False | metadata=False
Cell G70 | value='246631' | fill=00000000 | rows=[69] | cols=[6] | col_header=False | row_header=False | metadata=False
Cell I70 | value='253035' | fill=00000000 | rows=[69] | cols=[8] | col_header=False | row_header=False | metadata=False
Cell K70 | value='253187' | fill=00000000 | rows=[69] | cols=[10] | col_header=False | row_header=False | metadata=False
Cell B71 | value='Korea' | fill=FF00B050 | rows=[70] | cols=[1] | col_header=False | row_header=True | metadata=False
Cell D71 | value='88836' | fill=00000000 | rows=[70] | cols=[3] | col_header=False | row_header=False | metadata=False
Cell E71 | value='90788' | fill=00000000 | rows=[70] | cols=[4] | col_header=False | row_header=False | metadata=False
Cell F71 | value='92479' | fill=00000000 | rows=[70] | cols=[5] | col_header=False | row_header=False | metadata=False
Cell G71 | value='94102' | fill=00000000 | rows=[70] | cols=[6] | col_header=False | row_header=False | metadata=False
Cell H71 | value='96572' | fill=00000000 | rows=[70] | cols=[7] | col_header=False | row_header=False | metadata=False
Cell I71 | value='98207' | fill=00000000 | rows=[70] | cols=[8] | col_header=False | row_header=False | metadata=False
Cell J71 | value='99560' | fill=00000000 | rows=[70] | cols=[9] | col_header=False | row_header=False | metadata=False
Cell K71 | value='101047' | fill=00000000 | rows=[70] | cols=[10] | col_header=False | row_header=False | metadata=False
Cell B72 | value='Latvia' | fill=FF00B050 | rows=[71] | cols=[1] | col_header=False | row_header=True | metadata=False
Cell D72 | value='1618' | fill=00000000 | rows=[71] | cols=[3] | col_header=False | row_header=False | metadata=False
Cell E72 | value='1623' | fill=00000000 | rows=[71] | cols=[4] | col_header=False | row_header=False | metadata=False
Cell F72 | value='1602' | fill=00000000 | rows=[71] | cols=[5] | col_header=False | row_header=False | metadata=False
Cell G72 | value='1652' | fill=00000000 | rows=[71] | cols=[6] | col_header=False | row_header=False | metadata=False
Cell H72 | value='1642' | fill=00000000 | rows=[71] | cols=[7] | col_header=False | row_header=False | metadata=False
Cell I72 | value='1654' | fill=00000000 | rows=[71] | cols=[8] | col_header=False | row_header=False | metadata=False
Cell J72 | value='1635' | fill=00000000 | rows=[71] | cols=[9] | col_header=False | row_header=False | metadata=False
Cell K72 | value='1650' | fill=00000000 | rows=[71] | cols=[10] | col_header=False | row_header=False | metadata=False
Cell B73 | value='Lithuania' | fill=FF00B050 | rows=[72] | cols=[1] | col_header=False | row_header=True | metadata=False
Cell D73 | value='4085' | fill=00000000 | rows=[72] | cols=[3] | col_header=False | row_header=False | metadata=False
Cell E73 | value='4141' | fill=00000000 | rows=[72] | cols=[4] | col_header=False | row_header=False | metadata=False
Cell F73 | value='4207' | fill=00000000 | rows=[72] | cols=[5] | col_header=False | row_header=False | metadata=False
Cell G73 | value='3759' | fill=00000000 | rows=[72] | cols=[6] | col_header=False | row_header=False | metadata=False
Cell H73 | value='3736' | fill=00000000 | rows=[72] | cols=[7] | col_header=False | row_header=False | metadata=False
Cell I73 | value='3666' | fill=00000000 | rows=[72] | cols=[8] | col_header=False | row_header=False | metadata=False
Cell J73 | value='3637' | fill=00000000 | rows=[72] | cols=[9] | col_header=False | row_header=False | metadata=False
Cell K73 | value='3621' | fill=00000000 | rows=[72] | cols=[10] | col_header=False | row_header=False | metadata=False
Cell B74 | value='Luxembourg' | fill=FF00B050 | rows=[73] | cols=[1] | col_header=False | row_header=True | metadata=False
Cell D74 | value='1093' | fill=00000000 | rows=[73] | cols=[3] | col_header=False | row_header=False | metadata=False
Cell E74 | value='1102' | fill=00000000 | rows=[73] | cols=[4] | col_header=False | row_header=False | metadata=False
Cell F74 | value='1146' | fill=00000000 | rows=[73] | cols=[5] | col_header=False | row_header=False | metadata=False
Cell B75 | value='Mexico' | fill=FF00B050 | rows=[74] | cols=[1] | col_header=False | row_header=True | metadata=False
Cell D75 | value='159258.04' | fill=00000000 | rows=[74] | cols=[3] | col_header=False | row_header=False | metadata=False
Cell E75 | value='160326.83' | fill=00000000 | rows=[74] | cols=[4] | col_header=False | row_header=False | metadata=False
Cell F75 | value='166709.89' | fill=00000000 | rows=[74] | cols=[5] | col_header=False | row_header=False | metadata=False
Cell B76 | value='Netherlands' | fill=FF00B050 | rows=[75] | cols=[1] | col_header=False | row_header=True | metadata=False
Cell D76 | value='27974' | fill=00000000 | rows=[75] | cols=[3] | col_header=False | row_header=False | metadata=False
Cell E76 | value='27953' | fill=00000000 | rows=[75] | cols=[4] | col_header=False | row_header=False | metadata=False
Cell F76 | value='28031' | fill=00000000 | rows=[75] | cols=[5] | col_header=False | row_header=False | metadata=False
Cell G76 | value='28101' | fill=00000000 | rows=[75] | cols=[6] | col_header=False | row_header=False | metadata=False
Cell H76 | value='28386' | fill=00000000 | rows=[75] | cols=[7] | col_header=False | row_header=False | metadata=False
Cell I76 | value='28667' | fill=00000000 | rows=[75] | cols=[8] | col_header=False | row_header=False | metadata=False
Cell J76 | value='28945' | fill=00000000 | rows=[75] | cols=[9] | col_header=False | row_header=False | metadata=False
Cell K76 | value='28907' | fill=00000000 | rows=[75] | cols=[10] | col_header=False | row_header=False | metadata=False
Cell B77 | value='New Zealand' | fill=FF00B050 | rows=[76] | cols=[1] | col_header=False | row_header=True | metadata=False
Cell D77 | value='8531' | fill=00000000 | rows=[76] | cols=[3] | col_header=False | row_header=False | metadata=False
Cell E77 | value='8756' | fill=00000000 | rows=[76] | cols=[4] | col_header=False | row_header=False | metadata=False
Cell F77 | value='8992' | fill=00000000 | rows=[76] | cols=[5] | col_header=False | row_header=False | metadata=False
Cell G77 | value='9254' | fill=00000000 | rows=[76] | cols=[6] | col_header=False | row_header=False | metadata=False
Cell H77 | value='9535' | fill=00000000 | rows=[76] | cols=[7] | col_header=False | row_header=False | metadata=False
Cell I77 | value='9455' | fill=00000000 | rows=[76] | cols=[8] | col_header=False | row_header=False | metadata=False
Cell J77 | value='9652' | fill=00000000 | rows=[76] | cols=[9] | col_header=False | row_header=False | metadata=False
Cell K77 | value='9780' | fill=00000000 | rows=[76] | cols=[10] | col_header=False | row_header=False | metadata=False
Cell L77 | value='9936' | fill=00000000 | rows=[76] | cols=[11] | col_header=False | row_header=False | metadata=False
Cell B78 | value='Norway' | fill=FF00B050 | rows=[77] | cols=[1] | col_header=False | row_header=True | metadata=False
Cell D78 | value='11056' | fill=00000000 | rows=[77] | cols=[3] | col_header=False | row_header=False | metadata=False
Cell E78 | value='11332' | fill=00000000 | rows=[77] | cols=[4] | col_header=False | row_header=False | metadata=False
Cell F78 | value='11620' | fill=00000000 | rows=[77] | cols=[5] | col_header=False | row_header=False | metadata=False
Cell G78 | value='11811' | fill=00000000 | rows=[77] | cols=[6] | col_header=False | row_header=False | metadata=False
Cell H78 | value='12079' | fill=00000000 | rows=[77] | cols=[7] | col_header=False | row_header=False | metadata=False
Cell I78 | value='12113' | fill=00000000 | rows=[77] | cols=[8] | col_header=False | row_header=False | metadata=False
Cell J78 | value='12178' | fill=00000000 | rows=[77] | cols=[9] | col_header=False | row_header=False | metadata=False
Cell K78 | value='12548' | fill=00000000 | rows=[77] | cols=[10] | col_header=False | row_header=False | metadata=False
Cell L78 | value='12705' | fill=00000000 | rows=[77] | cols=[11] | col_header=False | row_header=False | metadata=False
Cell B79 | value='Poland' | fill=FF00B050 | rows=[78] | cols=[1] | col_header=False | row_header=True | metadata=False
Cell D79 | value='38094' | fill=00000000 | rows=[78] | cols=[3] | col_header=False | row_header=False | metadata=False
Cell E79 | value='39308' | fill=00000000 | rows=[78] | cols=[4] | col_header=False | row_header=False | metadata=False
Cell F79 | value='38966' | fill=00000000 | rows=[78] | cols=[5] | col_header=False | row_header=False | metadata=False
Cell G79 | value='38241' | fill=00000000 | rows=[78] | cols=[6] | col_header=False | row_header=False | metadata=False
Cell H79 | value='52690' | fill=00000000 | rows=[78] | cols=[7] | col_header=False | row_header=False | metadata=False
Cell I79 | value='52951' | fill=00000000 | rows=[78] | cols=[8] | col_header=False | row_header=False | metadata=False
Cell J79 | value='54353' | fill=00000000 | rows=[78] | cols=[9] | col_header=False | row_header=False | metadata=False
Cell K79 | value='54348' | fill=00000000 | rows=[78] | cols=[10] | col_header=False | row_header=False | metadata=False
Cell B80 | value='Portugal' | fill=FF00B050 | rows=[79] | cols=[1] | col_header=False | row_header=True | metadata=False
Cell D80 | value='21960' | fill=00000000 | rows=[79] | cols=[3] | col_header=False | row_header=False | metadata=False
Cell E80 | value='22489' | fill=00000000 | rows=[79] | cols=[4] | col_header=False | row_header=False | metadata=False
Cell F80 | value='23002' | fill=00000000 | rows=[79] | cols=[5] | col_header=False | row_header=False | metadata=False
Cell G80 | value='23465' | fill=00000000 | rows=[79] | cols=[6] | col_header=False | row_header=False | metadata=False
Cell H80 | value='24005' | fill=00000000 | rows=[79] | cols=[7] | col_header=False | row_header=False | metadata=False
Cell I80 | value='24513' | fill=00000000 | rows=[79] | cols=[8] | col_header=False | row_header=False | metadata=False
Cell J80 | value='24829' | fill=00000000 | rows=[79] | cols=[9] | col_header=False | row_header=False | metadata=False
Cell K80 | value='25268' | fill=00000000 | rows=[79] | cols=[10] | col_header=False | row_header=False | metadata=False
Cell B81 | value='Slovak Republic' | fill=FF00B050 | rows=[80] | cols=[1] | col_header=False | row_header=True | metadata=False
Cell D81 | value='7960' | fill=00000000 | rows=[80] | cols=[3] | col_header=False | row_header=False | metadata=False
Cell E81 | value='8031' | fill=00000000 | rows=[80] | cols=[4] | col_header=False | row_header=False | metadata=False
Cell F81 | value='7860' | fill=00000000 | rows=[80] | cols=[5] | col_header=False | row_header=False | metadata=False
Cell G81 | value='8120' | fill=00000000 | rows=[80] | cols=[6] | col_header=False | row_header=False | metadata=False
Cell H81 | value='8164' | fill=00000000 | rows=[80] | cols=[7] | col_header=False | row_header=False | metadata=False
Cell I81 | value='8326' | fill=00000000 | rows=[80] | cols=[8] | col_header=False | row_header=False | metadata=False
Cell J81 | value='8268' | fill=00000000 | rows=[80] | cols=[9] | col_header=False | row_header=False | metadata=False
Cell K81 | value='8246' | fill=00000000 | rows=[80] | cols=[10] | col_header=False | row_header=False | metadata=False
Cell B82 | value='Slovenia' | fill=FF00B050 | rows=[81] | cols=[1] | col_header=False | row_header=True | metadata=False
Cell D82 | value='2193' | fill=00000000 | rows=[81] | cols=[3] | col_header=False | row_header=False | metadata=False
Cell E82 | value='2317' | fill=00000000 | rows=[81] | cols=[4] | col_header=False | row_header=False | metadata=False
Cell F82 | value='2371' | fill=00000000 | rows=[81] | cols=[5] | col_header=False | row_header=False | metadata=False
Cell G82 | value='2414' | fill=00000000 | rows=[81] | cols=[6] | col_header=False | row_header=False | metadata=False
Cell H82 | value='2499' | fill=00000000 | rows=[81] | cols=[7] | col_header=False | row_header=False | metadata=False
Cell I82 | value='2538' | fill=00000000 | rows=[81] | cols=[8] | col_header=False | row_header=False | metadata=False
Cell J82 | value='2539' | fill=00000000 | rows=[81] | cols=[9] | col_header=False | row_header=False | metadata=False
Cell K82 | value='2560' | fill=00000000 | rows=[81] | cols=[10] | col_header=False | row_header=False | metadata=False
Cell B83 | value='Spain' | fill=FF00B050 | rows=[82] | cols=[1] | col_header=False | row_header=True | metadata=False
Cell D83 | value='84733' | fill=00000000 | rows=[82] | cols=[3] | col_header=False | row_header=False | metadata=False
Cell E83 | value='81266' | fill=00000000 | rows=[82] | cols=[4] | col_header=False | row_header=False | metadata=False
Cell F83 | value='80767' | fill=00000000 | rows=[82] | cols=[5] | col_header=False | row_header=False | metadata=False
Cell G83 | value='82433' | fill=00000000 | rows=[82] | cols=[6] | col_header=False | row_header=False | metadata=False
Cell H83 | value='90432' | fill=00000000 | rows=[82] | cols=[7] | col_header=False | row_header=False | metadata=False
Cell I83 | value='94033' | fill=00000000 | rows=[82] | cols=[8] | col_header=False | row_header=False | metadata=False
Cell J83 | value='90234' | fill=00000000 | rows=[82] | cols=[9] | col_header=False | row_header=False | metadata=False
Cell K83 | value='85100' | fill=00000000 | rows=[82] | cols=[10] | col_header=False | row_header=False | metadata=False
Cell B84 | value='Sweden' | fill=FF00B050 | rows=[83] | cols=[1] | col_header=False | row_header=True | metadata=False
Cell D84 | value='21205' | fill=00000000 | rows=[83] | cols=[3] | col_header=False | row_header=False | metadata=False
Cell E84 | value='21601' | fill=00000000 | rows=[83] | cols=[4] | col_header=False | row_header=False | metadata=False
Cell F84 | value='21907' | fill=00000000 | rows=[83] | cols=[5] | col_header=False | row_header=False | metadata=False
Cell G84 | value='22170' | fill=00000000 | rows=[83] | cols=[6] | col_header=False | row_header=False | metadata=False
Cell H84 | value='21870' | fill=00000000 | rows=[83] | cols=[7] | col_header=False | row_header=False | metadata=False
Cell I84 | value='21989' | fill=00000000 | rows=[83] | cols=[8] | col_header=False | row_header=False | metadata=False
Cell J84 | value='22389' | fill=00000000 | rows=[83] | cols=[9] | col_header=False | row_header=False | metadata=False
Cell B85 | value='Switzerland' | fill=FF00B050 | rows=[84] | cols=[1] | col_header=False | row_header=True | metadata=False
Cell D85 | value='20662' | fill=00000000 | rows=[84] | cols=[3] | col_header=False | row_header=False | metadata=False
Cell E85 | value='20818' | fill=00000000 | rows=[84] | cols=[4] | col_header=False | row_header=False | metadata=False
Cell F85 | value='21008' | fill=00000000 | rows=[84] | cols=[5] | col_header=False | row_header=False | metadata=False
Cell G85 | value='21155' | fill=00000000 | rows=[84] | cols=[6] | col_header=False | row_header=False | metadata=False
Cell H85 | value='21125' | fill=00000000 | rows=[84] | cols=[7] | col_header=False | row_header=False | metadata=False
Cell I85 | value='21217' | fill=00000000 | rows=[84] | cols=[8] | col_header=False | row_header=False | metadata=False
Cell J85 | value='21240' | fill=00000000 | rows=[84] | cols=[9] | col_header=False | row_header=False | metadata=False
Cell K85 | value='21322' | fill=00000000 | rows=[84] | cols=[10] | col_header=False | row_header=False | metadata=False
Cell B86 | value='Türkiye' | fill=FF00B050 | rows=[85] | cols=[1] | col_header=False | row_header=True | metadata=False
Cell D86 | value='84805' | fill=00000000 | rows=[85] | cols=[3] | col_header=False | row_header=False | metadata=False
Cell E86 | value='86947' | fill=00000000 | rows=[85] | cols=[4] | col_header=False | row_header=False | metadata=False
Cell F86 | value='90050' | fill=00000000 | rows=[85] | cols=[5] | col_header=False | row_header=False | metadata=False
Cell G86 | value='91931' | fill=00000000 | rows=[85] | cols=[6] | col_header=False | row_header=False | metadata=False
Cell H86 | value='95557' | fill=00000000 | rows=[85] | cols=[7] | col_header=False | row_header=False | metadata=False
Cell I86 | value='100627' | fill=00000000 | rows=[85] | cols=[8] | col_header=False | row_header=False | metadata=False
Cell J86 | value='107145' | fill=00000000 | rows=[85] | cols=[9] | col_header=False | row_header=False | metadata=False
Cell K86 | value='111930' | fill=00000000 | rows=[85] | cols=[10] | col_header=False | row_header=False | metadata=False
Cell B87 | value='United Kingdom' | fill=FF00B050 | rows=[86] | cols=[1] | col_header=False | row_header=True | metadata=False
Cell D87 | value='91436' | fill=00000000 | rows=[86] | cols=[3] | col_header=False | row_header=False | metadata=False
Cell E87 | value='92148' | fill=00000000 | rows=[86] | cols=[4] | col_header=False | row_header=False | metadata=False
Cell F87 | value='94536' | fill=00000000 | rows=[86] | cols=[5] | col_header=False | row_header=False | metadata=False
Cell G87 | value='96986' | fill=00000000 | rows=[86] | cols=[6] | col_header=False | row_header=False | metadata=False
Cell H87 | value='99919' | fill=00000000 | rows=[86] | cols=[7] | col_header=False | row_header=False | metadata=False
Cell I87 | value='103734' | fill=00000000 | rows=[86] | cols=[8] | col_header=False | row_header=False | metadata=False
Cell J87 | value='108035' | fill=00000000 | rows=[86] | cols=[9] | col_header=False | row_header=False | metadata=False
Cell K87 | value='108505' | fill=00000000 | rows=[86] | cols=[10] | col_header=False | row_header=False | metadata=False
Cell L87 | value='114066.3' | fill=00000000 | rows=[86] | cols=[11] | col_header=False | row_header=False | metadata=False
Cell B88 | value='United States' | fill=FF00B050 | rows=[87] | cols=[1] | col_header=False | row_header=True | metadata=False
Cell D88 | value='537204' | fill=00000000 | rows=[87] | cols=[3] | col_header=False | row_header=False | metadata=False
Cell E88 | value='539003' | fill=00000000 | rows=[87] | cols=[4] | col_header=False | row_header=False | metadata=False
Cell F88 | value='542632' | fill=00000000 | rows=[87] | cols=[5] | col_header=False | row_header=False | metadata=False
Cell G88 | value='540294' | fill=00000000 | rows=[87] | cols=[6] | col_header=False | row_header=False | metadata=False
Cell H88 | value='545859' | fill=00000000 | rows=[87] | cols=[7] | col_header=False | row_header=False | metadata=False
Cell I88 | value='545891' | fill=00000000 | rows=[87] | cols=[8] | col_header=False | row_header=False | metadata=False
Cell J88 | value='549374' | fill=00000000 | rows=[87] | cols=[9] | col_header=False | row_header=False | metadata=False
Cell K88 | value='555533' | fill=00000000 | rows=[87] | cols=[10] | col_header=False | row_header=False | metadata=False
Cell B89 | value='Non-OECD economies' | fill=FF00B050 | rows=[88] | cols=[1] | col_header=False | row_header=True | metadata=False
Cell B90 | value='·  Bulgaria' | fill=FF00B050 | rows=[89] | cols=[1] | col_header=False | row_header=True | metadata=False
Cell D90 | value='13018' | fill=00000000 | rows=[89] | cols=[3] | col_header=False | row_header=False | metadata=False
Cell E90 | value='13039' | fill=00000000 | rows=[89] | cols=[4] | col_header=False | row_header=False | metadata=False
Cell F90 | value='13167' | fill=00000000 | rows=[89] | cols=[5] | col_header=False | row_header=False | metadata=False
Cell G90 | value='13135' | fill=00000000 | rows=[89] | cols=[6] | col_header=False | row_header=False | metadata=False
Cell H90 | value='13013' | fill=00000000 | rows=[89] | cols=[7] | col_header=False | row_header=False | metadata=False
Cell I90 | value='13107' | fill=00000000 | rows=[89] | cols=[8] | col_header=False | row_header=False | metadata=False
Cell J90 | value='13040' | fill=00000000 | rows=[89] | cols=[9] | col_header=False | row_header=False | metadata=False
Cell K90 | value='13006' | fill=00000000 | rows=[89] | cols=[10] | col_header=False | row_header=False | metadata=False
Cell B91 | value='·  Croatia' | fill=FF00B050 | rows=[90] | cols=[1] | col_header=False | row_header=True | metadata=False
Cell D91 | value='5052' | fill=00000000 | rows=[90] | cols=[3] | col_header=False | row_header=False | metadata=False
Cell E91 | value='5030' | fill=00000000 | rows=[90] | cols=[4] | col_header=False | row_header=False | metadata=False
Cell F91 | value='5107' | fill=00000000 | rows=[90] | cols=[5] | col_header=False | row_header=False | metadata=False
Cell G91 | value='5149' | fill=00000000 | rows=[90] | cols=[6] | col_header=False | row_header=False | metadata=False
Cell H91 | value='5210' | fill=00000000 | rows=[90] | cols=[7] | col_header=False | row_header=False | metadata=False
Cell I91 | value='5192' | fill=00000000 | rows=[90] | cols=[8] | col_header=False | row_header=False | metadata=False
Cell J91 | value='5346' | fill=00000000 | rows=[90] | cols=[9] | col_header=False | row_header=False | metadata=False
Cell K91 | value='5557' | fill=00000000 | rows=[90] | cols=[10] | col_header=False | row_header=False | metadata=False
Cell B92 | value='·  Cyprus' | fill=FF00B050 | rows=[91] | cols=[1] | col_header=False | row_header=True | metadata=False
Cell D92 | value='1901' | fill=00000000 | rows=[91] | cols=[3] | col_header=False | row_header=False | metadata=False
Cell E92 | value='2004' | fill=00000000 | rows=[91] | cols=[4] | col_header=False | row_header=False | metadata=False
Cell F92 | value='2069' | fill=00000000 | rows=[91] | cols=[5] | col_header=False | row_header=False | metadata=False
Cell G92 | value='2197' | fill=00000000 | rows=[91] | cols=[6] | col_header=False | row_header=False | metadata=False
Cell H92 | value='2329' | fill=00000000 | rows=[91] | cols=[7] | col_header=False | row_header=False | metadata=False
Cell I92 | value='2575' | fill=00000000 | rows=[91] | cols=[8] | col_header=False | row_header=False | metadata=False
Cell J92 | value='2703' | fill=00000000 | rows=[91] | cols=[9] | col_header=False | row_header=False | metadata=False
Cell K92 | value='2859' | fill=00000000 | rows=[91] | cols=[10] | col_header=False | row_header=False | metadata=False
Cell B93 | value='·  Romania' | fill=FF00B050 | rows=[92] | cols=[1] | col_header=False | row_header=True | metadata=False
Cell D93 | value='16744' | fill=00000000 | rows=[92] | cols=[3] | col_header=False | row_header=False | metadata=False
Cell E93 | value='17083' | fill=00000000 | rows=[92] | cols=[4] | col_header=False | row_header=False | metadata=False
Cell F93 | value='17291' | fill=00000000 | rows=[92] | cols=[5] | col_header=False | row_header=False | metadata=False
Cell G93 | value='17677' | fill=00000000 | rows=[92] | cols=[6] | col_header=False | row_header=False | metadata=False
Cell H93 | value='18259' | fill=00000000 | rows=[92] | cols=[7] | col_header=False | row_header=False | metadata=False
Cell I93 | value='18889' | fill=00000000 | rows=[92] | cols=[8] | col_header=False | row_header=False | metadata=False
Cell J93 | value='19716' | fill=00000000 | rows=[92] | cols=[9] | col_header=False | row_header=False | metadata=False
Cell K93 | value='20260' | fill=00000000 | rows=[92] | cols=[10] | col_header=False | row_header=False | metadata=False
Cell B95 | value='© Terms & conditions' | fill=FF00B0F0 | rows=[94] | cols=[1] | col_header=False | row_header=False | metadata=True
Cell M95 | value='Physicians by age and sex' | fill=FF00B0F0 | rows=[94] | cols=[12] | col_header=False | row_header=False | metadata=True

