=== science-table11.xlsx ===
Cell B1 | value='M0/CT26' | fill=FFFFFF00 | rows=[0] | cols=[1] | col_header=True | row_header=False | metadata=False
Cell C1 | value='M1/CT26' | fill=FFFFFF00 | rows=[0] | cols=[2] | col_header=True | row_header=False | metadata=False
Cell E1 | value='M0/4T1' | fill=FFFFFF00 | rows=[0] | cols=[4] | col_header=True | row_header=False | metadata=False
Cell F1 | value='M1/4T1' | fill=FFFFFF00 | rows=[0] | cols=[5] | col_header=True | row_header=False | metadata=False
Cell A2 | value='Cell 1' | fill=FF00B050 | rows=[1] | cols=[0] | col_header=False | row_header=True | metadata=False
Cell B2 | value='0.2231' | fill=00000000 | rows=[1] | cols=[1] | col_header=False | row_header=False | metadata=False
Cell C2 | value='0.3005' | fill=00000000 | rows=[1] | cols=[2] | col_header=False | row_header=False | metadata=False
Cell E2 | value='0.292494' | fill=00000000 | rows=[1] | cols=[4] | col_header=False | row_header=False | metadata=False
Cell F2 | value='0.2552' | fill=00000000 | rows=[1] | cols=[5] | col_header=False | row_header=False | metadata=False
Cell A3 | value='Cell 2' | fill=FF00B050 | rows=[2] | cols=[0] | col_header=False | row_header=True | metadata=False
Cell B3 | value='0.2284' | fill=00000000 | rows=[2] | cols=[1] | col_header=False | row_header=False | metadata=False
Cell C3 | value='0.3024' | fill=00000000 | rows=[2] | cols=[2] | col_header=False | row_header=False | metadata=False
Cell E3 | value='0.144659' | fill=00000000 | rows=[2] | cols=[4] | col_header=False | row_header=False | metadata=False
Cell F3 | value='0.2681' | fill=00000000 | rows=[2] | cols=[5] | col_header=False | row_header=False | metadata=False
Cell A4 | value='Cell 3' | fill=FF00B050 | rows=[3] | cols=[0] | col_header=False | row_header=True | metadata=False
Cell B4 | value='0.3121' | fill=00000000 | rows=[3] | cols=[1] | col_header=False | row_header=False | metadata=False
Cell C4 | value='0.2775' | fill=00000000 | rows=[3] | cols=[2] | col_header=False | row_header=False | metadata=False
Cell E4 | value='0.12519' | fill=00000000 | rows=[3] | cols=[4] | col_header=False | row_header=False | metadata=False
Cell F4 | value='0.1939' | fill=00000000 | rows=[3] | cols=[5] | col_header=False | row_header=False | metadata=False
Cell A5 | value='Cell 4' | fill=FF00B050 | rows=[4] | cols=[0] | col_header=False | row_header=True | metadata=False
Cell B5 | value='0.311863' | fill=00000000 | rows=[4] | cols=[1] | col_header=False | row_header=False | metadata=False
Cell C5 | value='0.2956' | fill=00000000 | rows=[4] | cols=[2] | col_header=False | row_header=False | metadata=False
Cell E5 | value='0.336594' | fill=00000000 | rows=[4] | cols=[4] | col_header=False | row_header=False | metadata=False
Cell F5 | value='0.2238' | fill=00000000 | rows=[4] | cols=[5] | col_header=False | row_header=False | metadata=False
Cell A6 | value='Cell 5' | fill=FF00B050 | rows=[5] | cols=[0] | col_header=False | row_header=True | metadata=False
Cell B6 | value='0.293502' | fill=00000000 | rows=[5] | cols=[1] | col_header=False | row_header=False | metadata=False
Cell C6 | value='0.2809' | fill=00000000 | rows=[5] | cols=[2] | col_header=False | row_header=False | metadata=False
Cell E6 | value='0.382763' | fill=00000000 | rows=[5] | cols=[4] | col_header=False | row_header=False | metadata=False
Cell F6 | value='0.1492' | fill=00000000 | rows=[5] | cols=[5] | col_header=False | row_header=False | metadata=False
Cell A7 | value='Cell 6' | fill=FF00B050 | rows=[6] | cols=[0] | col_header=False | row_header=True | metadata=False
Cell B7 | value='0.328687' | fill=00000000 | rows=[6] | cols=[1] | col_header=False | row_header=False | metadata=False
Cell C7 | value='0.2865' | fill=00000000 | rows=[6] | cols=[2] | col_header=False | row_header=False | metadata=False
Cell E7 | value='0.252755' | fill=00000000 | rows=[6] | cols=[4] | col_header=False | row_header=False | metadata=False
Cell F7 | value='0.2109' | fill=00000000 | rows=[6] | cols=[5] | col_header=False | row_header=False | metadata=False
Cell A8 | value='Cell 7' | fill=FF00B050 | rows=[7] | cols=[0] | col_header=False | row_header=True | metadata=False
Cell B8 | value='0.201389' | fill=00000000 | rows=[7] | cols=[1] | col_header=False | row_header=False | metadata=False
Cell C8 | value='0.2833' | fill=00000000 | rows=[7] | cols=[2] | col_header=False | row_header=False | metadata=False
Cell E8 | value='0.2605' | fill=00000000 | rows=[7] | cols=[4] | col_header=False | row_header=False | metadata=False
Cell F8 | value='0.2234' | fill=00000000 | rows=[7] | cols=[5] | col_header=False | row_header=False | metadata=False
Cell A9 | value='Cell 8' | fill=FF00B050 | rows=[8] | cols=[0] | col_header=False | row_header=True | metadata=False
Cell B9 | value='0.1288' | fill=00000000 | rows=[8] | cols=[1] | col_header=False | row_header=False | metadata=False
Cell C9 | value='0.3015' | fill=00000000 | rows=[8] | cols=[2] | col_header=False | row_header=False | metadata=False
Cell E9 | value='0.1927' | fill=00000000 | rows=[8] | cols=[4] | col_header=False | row_header=False | metadata=False
Cell F9 | value='0.1494' | fill=00000000 | rows=[8] | cols=[5] | col_header=False | row_header=False | metadata=False
Cell A10 | value='Cell 9' | fill=FF00B050 | rows=[9] | cols=[0] | col_header=False | row_header=True | metadata=False
Cell B10 | value='0.2777' | fill=00000000 | rows=[9] | cols=[1] | col_header=False | row_header=False | metadata=False
Cell C10 | value='0.2937' | fill=00000000 | rows=[9] | cols=[2] | col_header=False | row_header=False | metadata=False
Cell E10 | value='0.2788' | fill=00000000 | rows=[9] | cols=[4] | col_header=False | row_header=False | metadata=False
Cell F10 | value='0.1884' | fill=00000000 | rows=[9] | cols=[5] | col_header=False | row_header=False | metadata=False
Cell A11 | value='Cell 10' | fill=FF00B050 | rows=[10] | cols=[0] | col_header=False | row_header=True | metadata=False
Cell B11 | value='0.2186' | fill=00000000 | rows=[10] | cols=[1] | col_header=False | row_header=False | metadata=False
Cell C11 | value='0.2901' | fill=00000000 | rows=[10] | cols=[2] | col_header=False | row_header=False | metadata=False
Cell E11 | value='0.3665' | fill=00000000 | rows=[10] | cols=[4] | col_header=False | row_header=False | metadata=False
Cell F11 | value='0.1948' | fill=00000000 | rows=[10] | cols=[5] | col_header=False | row_header=False | metadata=False
Cell A12 | value='Cell 11' | fill=FF00B050 | rows=[11] | cols=[0] | col_header=False | row_header=True | metadata=False
Cell B12 | value='0.2729' | fill=00000000 | rows=[11] | cols=[1] | col_header=False | row_header=False | metadata=False
Cell C12 | value='0.2191' | fill=00000000 | rows=[11] | cols=[2] | col_header=False | row_header=False | metadata=False
Cell E12 | value='0.369' | fill=00000000 | rows=[11] | cols=[4] | col_header=False | row_header=False | metadata=False
Cell F12 | value='0.2473' | fill=00000000 | rows=[11] | cols=[5] | col_header=False | row_header=False | metadata=False
Cell A13 | value='Cell 12' | fill=FF00B050 | rows=[12] | cols=[0] | col_header=False | row_header=True | metadata=False
Cell B13 | value='0.280904' | fill=00000000 | rows=[12] | cols=[1] | col_header=False | row_header=False | metadata=False
Cell C13 | value='0.2152' | fill=00000000 | rows=[12] | cols=[2] | col_header=False | row_header=False | metadata=False
Cell E13 | value='0.2835' | fill=00000000 | rows=[12] | cols=[4] | col_header=False | row_header=False | metadata=False
Cell F13 | value='0.2571' | fill=00000000 | rows=[12] | cols=[5] | col_header=False | row_header=False | metadata=False
Cell A14 | value='Cell 13' | fill=FF00B050 | rows=[13] | cols=[0] | col_header=False | row_header=True | metadata=False
Cell B14 | value='0.16411' | fill=00000000 | rows=[13] | cols=[1] | col_header=False | row_header=False | metadata=False
Cell C14 | value='0.2181' | fill=00000000 | rows=[13] | cols=[2] | col_header=False | row_header=False | metadata=False
Cell E14 | value='0.2885' | fill=00000000 | rows=[13] | cols=[4] | col_header=False | row_header=False | metadata=False
Cell F14 | value='0.2308' | fill=00000000 | rows=[13] | cols=[5] | col_header=False | row_header=False | metadata=False
Cell A15 | value='Cell 14' | fill=FF00B050 | rows=[14] | cols=[0] | col_header=False | row_header=True | metadata=False
Cell B15 | value='0.152147' | fill=00000000 | rows=[14] | cols=[1] | col_header=False | row_header=False | metadata=False
Cell C15 | value='0.258611' | fill=00000000 | rows=[14] | cols=[2] | col_header=False | row_header=False | metadata=False
Cell E15 | value='0.3244' | fill=00000000 | rows=[14] | cols=[4] | col_header=False | row_header=False | metadata=False
Cell F15 | value='0.2299' | fill=00000000 | rows=[14] | cols=[5] | col_header=False | row_header=False | metadata=False
Cell A16 | value='Cell 15' | fill=FF00B050 | rows=[15] | cols=[0] | col_header=False | row_header=True | metadata=False
Cell B16 | value='0.218623' | fill=00000000 | rows=[15] | cols=[1] | col_header=False | row_header=False | metadata=False
Cell C16 | value='0.209965' | fill=00000000 | rows=[15] | cols=[2] | col_header=False | row_header=False | metadata=False
Cell E16 | value='0.1777' | fill=00000000 | rows=[15] | cols=[4] | col_header=False | row_header=False | metadata=False
Cell F16 | value='0.2426' | fill=00000000 | rows=[15] | cols=[5] | col_header=False | row_header=False | metadata=False
Cell A17 | value='Cell 16' | fill=FF00B050 | rows=[16] | cols=[0] | col_header=False | row_header=True | metadata=False
Cell B17 | value='0.2298' | fill=00000000 | rows=[16] | cols=[1] | col_header=False | row_header=False | metadata=False
Cell C17 | value='0.229382' | fill=00000000 | rows=[16] | cols=[2] | col_header=False | row_header=False | metadata=False
Cell E17 | value='0.2433' | fill=00000000 | rows=[16] | cols=[4] | col_header=False | row_header=False | metadata=False
Cell F17 | value='0.2519' | fill=00000000 | rows=[16] | cols=[5] | col_header=False | row_header=False | metadata=False
Cell A18 | value='Cell 17' | fill=FF00B050 | rows=[17] | cols=[0] | col_header=False | row_header=True | metadata=False
Cell B18 | value='0.315745' | fill=00000000 | rows=[17] | cols=[1] | col_header=False | row_header=False | metadata=False
Cell C18 | value='0.150511' | fill=00000000 | rows=[17] | cols=[2] | col_header=False | row_header=False | metadata=False
Cell E18 | value='0.1795' | fill=00000000 | rows=[17] | cols=[4] | col_header=False | row_header=False | metadata=False
Cell F18 | value='0.2556' | fill=00000000 | rows=[17] | cols=[5] | col_header=False | row_header=False | metadata=False
Cell A19 | value='Cell 18' | fill=FF00B050 | rows=[18] | cols=[0] | col_header=False | row_header=True | metadata=False
Cell B19 | value='0.310617' | fill=00000000 | rows=[18] | cols=[1] | col_header=False | row_header=False | metadata=False
Cell C19 | value='0.144659' | fill=00000000 | rows=[18] | cols=[2] | col_header=False | row_header=False | metadata=False
Cell E19 | value='0.2815' | fill=00000000 | rows=[18] | cols=[4] | col_header=False | row_header=False | metadata=False
Cell F19 | value='0.2353' | fill=00000000 | rows=[18] | cols=[5] | col_header=False | row_header=False | metadata=False
Cell A20 | value='Cell 19' | fill=FF00B050 | rows=[19] | cols=[0] | col_header=False | row_header=True | metadata=False
Cell B20 | value='0.311211' | fill=00000000 | rows=[19] | cols=[1] | col_header=False | row_header=False | metadata=False
Cell C20 | value='0.258611' | fill=00000000 | rows=[19] | cols=[2] | col_header=False | row_header=False | metadata=False
Cell E20 | value='0.1848' | fill=00000000 | rows=[19] | cols=[4] | col_header=False | row_header=False | metadata=False
Cell F20 | value='0.2522' | fill=00000000 | rows=[19] | cols=[5] | col_header=False | row_header=False | metadata=False
Cell A21 | value='Cell 20' | fill=FF00B050 | rows=[20] | cols=[0] | col_header=False | row_header=True | metadata=False
Cell B21 | value='0.196597' | fill=00000000 | rows=[20] | cols=[1] | col_header=False | row_header=False | metadata=False
Cell C21 | value='0.308671' | fill=00000000 | rows=[20] | cols=[2] | col_header=False | row_header=False | metadata=False
Cell E21 | value='0.2797' | fill=00000000 | rows=[20] | cols=[4] | col_header=False | row_header=False | metadata=False
Cell F21 | value='0.2406' | fill=00000000 | rows=[20] | cols=[5] | col_header=False | row_header=False | metadata=False
Cell A22 | value='Cell 21' | fill=FF00B050 | rows=[21] | cols=[0] | col_header=False | row_header=True | metadata=False
Cell B22 | value='0.3421' | fill=00000000 | rows=[21] | cols=[1] | col_header=False | row_header=False | metadata=False
Cell C22 | value='0.26171' | fill=00000000 | rows=[21] | cols=[2] | col_header=False | row_header=False | metadata=False
Cell E22 | value='0.1636' | fill=00000000 | rows=[21] | cols=[4] | col_header=False | row_header=False | metadata=False
Cell F22 | value='0.3157' | fill=00000000 | rows=[21] | cols=[5] | col_header=False | row_header=False | metadata=False
Cell A23 | value='Cell 22' | fill=FF00B050 | rows=[22] | cols=[0] | col_header=False | row_header=True | metadata=False
Cell B23 | value='0.1753' | fill=00000000 | rows=[22] | cols=[1] | col_header=False | row_header=False | metadata=False
Cell C23 | value='0.295138' | fill=00000000 | rows=[22] | cols=[2] | col_header=False | row_header=False | metadata=False
Cell E23 | value='0.3071' | fill=00000000 | rows=[22] | cols=[4] | col_header=False | row_header=False | metadata=False
Cell F23 | value='0.3143' | fill=00000000 | rows=[22] | cols=[5] | col_header=False | row_header=False | metadata=False
Cell A24 | value='Cell 23' | fill=FF00B050 | rows=[23] | cols=[0] | col_header=False | row_header=True | metadata=False
Cell B24 | value='0.1599' | fill=00000000 | rows=[23] | cols=[1] | col_header=False | row_header=False | metadata=False
Cell C24 | value='0.264111' | fill=00000000 | rows=[23] | cols=[2] | col_header=False | row_header=False | metadata=False
Cell E24 | value='0.1892' | fill=00000000 | rows=[23] | cols=[4] | col_header=False | row_header=False | metadata=False
Cell F24 | value='0.3209' | fill=00000000 | rows=[23] | cols=[5] | col_header=False | row_header=False | metadata=False
Cell A25 | value='Cell 24' | fill=FF00B050 | rows=[24] | cols=[0] | col_header=False | row_header=True | metadata=False
Cell B25 | value='0.19357' | fill=00000000 | rows=[24] | cols=[1] | col_header=False | row_header=False | metadata=False
Cell C25 | value='0.330427' | fill=00000000 | rows=[24] | cols=[2] | col_header=False | row_header=False | metadata=False
Cell E25 | value='0.281' | fill=00000000 | rows=[24] | cols=[4] | col_header=False | row_header=False | metadata=False
Cell F25 | value='0.3195' | fill=00000000 | rows=[24] | cols=[5] | col_header=False | row_header=False | metadata=False
Cell A26 | value='Cell 25' | fill=FF00B050 | rows=[25] | cols=[0] | col_header=False | row_header=True | metadata=False
Cell B26 | value='0.281366' | fill=00000000 | rows=[25] | cols=[1] | col_header=False | row_header=False | metadata=False
Cell C26 | value='0.358282' | fill=00000000 | rows=[25] | cols=[2] | col_header=False | row_header=False | metadata=False
Cell E26 | value='0.1946' | fill=00000000 | rows=[25] | cols=[4] | col_header=False | row_header=False | metadata=False
Cell F26 | value='0.3207' | fill=00000000 | rows=[25] | cols=[5] | col_header=False | row_header=False | metadata=False
Cell A27 | value='Cell 26' | fill=FF00B050 | rows=[26] | cols=[0] | col_header=False | row_header=True | metadata=False
Cell B27 | value='0.297255' | fill=00000000 | rows=[26] | cols=[1] | col_header=False | row_header=False | metadata=False
Cell C27 | value='0.272465' | fill=00000000 | rows=[26] | cols=[2] | col_header=False | row_header=False | metadata=False
Cell E27 | value='0.2596' | fill=00000000 | rows=[26] | cols=[4] | col_header=False | row_header=False | metadata=False
Cell F27 | value='0.3205' | fill=00000000 | rows=[26] | cols=[5] | col_header=False | row_header=False | metadata=False
Cell A28 | value='Cell 27' | fill=FF00B050 | rows=[27] | cols=[0] | col_header=False | row_header=True | metadata=False
Cell B28 | value='0.264111' | fill=00000000 | rows=[27] | cols=[1] | col_header=False | row_header=False | metadata=False
Cell C28 | value='0.295138' | fill=00000000 | rows=[27] | cols=[2] | col_header=False | row_header=False | metadata=False
Cell E28 | value='0.3158' | fill=00000000 | rows=[27] | cols=[4] | col_header=False | row_header=False | metadata=False
Cell F28 | value='0.3173' | fill=00000000 | rows=[27] | cols=[5] | col_header=False | row_header=False | metadata=False
Cell A29 | value='Cell 28' | fill=FF00B050 | rows=[28] | cols=[0] | col_header=False | row_header=True | metadata=False
Cell B29 | value='0.19063' | fill=00000000 | rows=[28] | cols=[1] | col_header=False | row_header=False | metadata=False
Cell C29 | value='0.231642' | fill=00000000 | rows=[28] | cols=[2] | col_header=False | row_header=False | metadata=False
Cell E29 | value='0.332' | fill=00000000 | rows=[28] | cols=[4] | col_header=False | row_header=False | metadata=False
Cell F29 | value='0.3161' | fill=00000000 | rows=[28] | cols=[5] | col_header=False | row_header=False | metadata=False
Cell A30 | value='Cell 29' | fill=FF00B050 | rows=[29] | cols=[0] | col_header=False | row_header=True | metadata=False
Cell B30 | value='0.292845' | fill=00000000 | rows=[29] | cols=[1] | col_header=False | row_header=False | metadata=False
Cell C30 | value='0.224145' | fill=00000000 | rows=[29] | cols=[2] | col_header=False | row_header=False | metadata=False
Cell E30 | value='0.2798' | fill=00000000 | rows=[29] | cols=[4] | col_header=False | row_header=False | metadata=False
Cell F30 | value='0.3174' | fill=00000000 | rows=[29] | cols=[5] | col_header=False | row_header=False | metadata=False
Cell A31 | value='Cell 30' | fill=FF00B050 | rows=[30] | cols=[0] | col_header=False | row_header=True | metadata=False
Cell B31 | value='0.307166' | fill=00000000 | rows=[30] | cols=[1] | col_header=False | row_header=False | metadata=False
Cell C31 | value='0.212087' | fill=00000000 | rows=[30] | cols=[2] | col_header=False | row_header=False | metadata=False
Cell E31 | value='0.2229' | fill=00000000 | rows=[30] | cols=[4] | col_header=False | row_header=False | metadata=False
Cell F31 | value='0.3163' | fill=00000000 | rows=[30] | cols=[5] | col_header=False | row_header=False | metadata=False
Cell A32 | value='Cell 31' | fill=FF00B050 | rows=[31] | cols=[0] | col_header=False | row_header=True | metadata=False
Cell A33 | value='Cell 32' | fill=FF00B050 | rows=[32] | cols=[0] | col_header=False | row_header=True | metadata=False
Cell A34 | value='Cell 33' | fill=FF00B050 | rows=[33] | cols=[0] | col_header=False | row_header=True | metadata=False
Cell A35 | value='Cell 34' | fill=FF00B050 | rows=[34] | cols=[0] | col_header=False | row_header=True | metadata=False
Cell A36 | value='Cell 35' | fill=FF00B050 | rows=[35] | cols=[0] | col_header=False | row_header=True | metadata=False
Cell A37 | value='Cell 36' | fill=FF00B050 | rows=[36] | cols=[0] | col_header=False | row_header=True | metadata=False
Cell A38 | value='Cell 37' | fill=FF00B050 | rows=[37] | cols=[0] | col_header=False | row_header=True | metadata=False
Cell A39 | value='Cell 38' | fill=FF00B050 | rows=[38] | cols=[0] | col_header=False | row_header=True | metadata=False
Cell A40 | value='Cell 39' | fill=FF00B050 | rows=[39] | cols=[0] | col_header=False | row_header=True | metadata=False
Cell A41 | value='Cell 40' | fill=FF00B050 | rows=[40] | cols=[0] | col_header=False | row_header=True | metadata=False
Cell A42 | value='Cell 41' | fill=FF00B050 | rows=[41] | cols=[0] | col_header=False | row_header=True | metadata=False
Cell A43 | value='Cell 42' | fill=FF00B050 | rows=[42] | cols=[0] | col_header=False | row_header=True | metadata=False
Cell A44 | value='Cell 43' | fill=FF00B050 | rows=[43] | cols=[0] | col_header=False | row_header=True | metadata=False
Cell A45 | value='Cell 44' | fill=FF00B050 | rows=[44] | cols=[0] | col_header=False | row_header=True | metadata=False
Cell A46 | value='Cell 45' | fill=FF00B050 | rows=[45] | cols=[0] | col_header=False | row_header=True | metadata=False
Cell A47 | value='Cell 46' | fill=FF00B050 | rows=[46] | cols=[0] | col_header=False | row_header=True | metadata=False
Cell A48 | value='Cell 47' | fill=FF00B050 | rows=[47] | cols=[0] | col_header=False | row_header=True | metadata=False
Cell A49 | value='Cell 48' | fill=FF00B050 | rows=[48] | cols=[0] | col_header=False | row_header=True | metadata=False
Cell A50 | value='Cell 49' | fill=FF00B050 | rows=[49] | cols=[0] | col_header=False | row_header=True | metadata=False
Cell A51 | value='Cell 50' | fill=FF00B050 | rows=[50] | cols=[0] | col_header=False | row_header=True | metadata=False
Cell A52 | value='Cell 51' | fill=FF00B050 | rows=[51] | cols=[0] | col_header=False | row_header=True | metadata=False
Cell A53 | value='Cell 52' | fill=FF00B050 | rows=[52] | cols=[0] | col_header=False | row_header=True | metadata=False
Cell A54 | value='Cell 53' | fill=FF00B050 | rows=[53] | cols=[0] | col_header=False | row_header=True | metadata=False
Cell A55 | value='Cell 54' | fill=FF00B050 | rows=[54] | cols=[0] | col_header=False | row_header=True | metadata=False
Cell A56 | value='Cell 55' | fill=FF00B050 | rows=[55] | cols=[0] | col_header=False | row_header=True | metadata=False
Cell A57 | value='Cell 56' | fill=FF00B050 | rows=[56] | cols=[0] | col_header=False | row_header=True | metadata=False
Cell A58 | value='Cell 57' | fill=FF00B050 | rows=[57] | cols=[0] | col_header=False | row_header=True | metadata=False
Cell A59 | value='Cell 58' | fill=FF00B050 | rows=[58] | cols=[0] | col_header=False | row_header=True | metadata=False
Cell A60 | value='Cell 59' | fill=FF00B050 | rows=[59] | cols=[0] | col_header=False | row_header=True | metadata=False
Cell A61 | value='Cell 60' | fill=FF00B050 | rows=[60] | cols=[0] | col_header=False | row_header=True | metadata=False
Cell A62 | value='Cell 61' | fill=FF00B050 | rows=[61] | cols=[0] | col_header=False | row_header=True | metadata=False
Cell A63 | value='Cell 62' | fill=FF00B050 | rows=[62] | cols=[0] | col_header=False | row_header=True | metadata=False
Cell A64 | value='Cell 63' | fill=FF00B050 | rows=[63] | cols=[0] | col_header=False | row_header=True | metadata=False
Cell A65 | value='Cell 64' | fill=FF00B050 | rows=[64] | cols=[0] | col_header=False | row_header=True | metadata=False
Cell A66 | value='Cell 65' | fill=FF00B050 | rows=[65] | cols=[0] | col_header=False | row_header=True | metadata=False
Cell A67 | value='Cell 66' | fill=FF00B050 | rows=[66] | cols=[0] | col_header=False | row_header=True | metadata=False
Cell A68 | value='Cell 67' | fill=FF00B050 | rows=[67] | cols=[0] | col_header=False | row_header=True | metadata=False
Cell A69 | value='Cell 68' | fill=FF00B050 | rows=[68] | cols=[0] | col_header=False | row_header=True | metadata=False
Cell A70 | value='Cell 69' | fill=FF00B050 | rows=[69] | cols=[0] | col_header=False | row_header=True | metadata=False
Cell A71 | value='Cell 70' | fill=FF00B050 | rows=[70] | cols=[0] | col_header=False | row_header=True | metadata=False
Cell A72 | value='Cell 71' | fill=FF00B050 | rows=[71] | cols=[0] | col_header=False | row_header=True | metadata=False
Cell A73 | value='Cell 72' | fill=FF00B050 | rows=[72] | cols=[0] | col_header=False | row_header=True | metadata=False
Cell A74 | value='Cell 73' | fill=FF00B050 | rows=[73] | cols=[0] | col_header=False | row_header=True | metadata=False
Cell A75 | value='Cell 74' | fill=FF00B050 | rows=[74] | cols=[0] | col_header=False | row_header=True | metadata=False
Cell A76 | value='Cell 75' | fill=FF00B050 | rows=[75] | cols=[0] | col_header=False | row_header=True | metadata=False
Cell A77 | value='Cell 76' | fill=FF00B050 | rows=[76] | cols=[0] | col_header=False | row_header=True | metadata=False
Cell A78 | value='Cell 77' | fill=FF00B050 | rows=[77] | cols=[0] | col_header=False | row_header=True | metadata=False
Cell A79 | value='Cell 78' | fill=FF00B050 | rows=[78] | cols=[0] | col_header=False | row_header=True | metadata=False
Cell A80 | value='Cell 79' | fill=FF00B050 | rows=[79] | cols=[0] | col_header=False | row_header=True | metadata=False
Cell A81 | value='Cell 80' | fill=FF00B050 | rows=[80] | cols=[0] | col_header=False | row_header=True | metadata=False
Cell A82 | value='Cell 81' | fill=FF00B050 | rows=[81] | cols=[0] | col_header=False | row_header=True | metadata=False
Cell A83 | value='Cell 82' | fill=FF00B050 | rows=[82] | cols=[0] | col_header=False | row_header=True | metadata=False
Cell A84 | value='Cell 83' | fill=FF00B050 | rows=[83] | cols=[0] | col_header=False | row_header=True | metadata=False
Cell A85 | value='Cell 84' | fill=FF00B050 | rows=[84] | cols=[0] | col_header=False | row_header=True | metadata=False
Cell A86 | value='Cell 85' | fill=FF00B050 | rows=[85] | cols=[0] | col_header=False | row_header=True | metadata=False
Cell A87 | value='Cell 86' | fill=FF00B050 | rows=[86] | cols=[0] | col_header=False | row_header=True | metadata=False
Cell A88 | value='Cell 87' | fill=FF00B050 | rows=[87] | cols=[0] | col_header=False | row_header=True | metadata=False
Cell A89 | value='Cell 88' | fill=FF00B050 | rows=[88] | cols=[0] | col_header=False | row_header=True | metadata=False
Cell A90 | value='Cell 89' | fill=FF00B050 | rows=[89] | cols=[0] | col_header=False | row_header=True | metadata=False
Cell A91 | value='Cell 90' | fill=FF00B050 | rows=[90] | cols=[0] | col_header=False | row_header=True | metadata=False
Cell A92 | value='Cell 91' | fill=FF00B050 | rows=[91] | cols=[0] | col_header=False | row_header=True | metadata=False
Cell A93 | value='Cell 92' | fill=FF00B050 | rows=[92] | cols=[0] | col_header=False | row_header=True | metadata=False
Cell A94 | value='Cell 93' | fill=FF00B050 | rows=[93] | cols=[0] | col_header=False | row_header=True | metadata=False
Cell A95 | value='Cell 94' | fill=FF00B050 | rows=[94] | cols=[0] | col_header=False | row_header=True | metadata=False
Cell A96 | value='Cell 95' | fill=FF00B050 | rows=[95] | cols=[0] | col_header=False | row_header=True | metadata=False
Cell A97 | value='Cell 96' | fill=FF00B050 | rows=[96] | cols=[0] | col_header=False | row_header=True | metadata=False
Cell A98 | value='Cell 97' | fill=FF00B050 | rows=[97] | cols=[0] | col_header=False | row_header=True | metadata=False
Cell A99 | value='Cell 98' | fill=FF00B050 | rows=[98] | cols=[0] | col_header=False | row_header=True | metadata=False
Cell A100 | value='Cell 99' | fill=FF00B050 | rows=[99] | cols=[0] | col_header=False | row_header=True | metadata=False
Cell A101 | value='Cell 100' | fill=FF00B050 | rows=[100] | cols=[0] | col_header=False | row_header=True | metadata=False
Cell A103 | value='Mean' | fill=FF00B050 | rows=[102] | cols=[0] | col_header=False | row_header=True | metadata=False
Cell B103 | value='0.249367933333333' | fill=00000000 | rows=[102] | cols=[1] | col_header=False | row_header=False | metadata=False
Cell C103 | value='0.262331833333333' | fill=00000000 | rows=[102] | cols=[2] | col_header=False | row_header=False | metadata=False
Cell E103 | value='0.259681833333333' | fill=00000000 | rows=[102] | cols=[4] | col_header=False | row_header=False | metadata=False
Cell F103 | value='0.25597' | fill=00000000 | rows=[102] | cols=[5] | col_header=False | row_header=False | metadata=False
Cell A104 | value='Standard Deviation' | fill=FF00B050 | rows=[103] | cols=[0] | col_header=False | row_header=True | metadata=False
Cell B104 | value='0.0598833614052816' | fill=00000000 | rows=[103] | cols=[1] | col_header=False | row_header=False | metadata=False
Cell C104 | value='0.0477787321508102' | fill=00000000 | rows=[103] | cols=[2] | col_header=False | row_header=False | metadata=False
Cell E104 | value='0.0679422084191575' | fill=00000000 | rows=[103] | cols=[4] | col_header=False | row_header=False | metadata=False
Cell F104 | value='0.051582019800185' | fill=00000000 | rows=[103] | cols=[5] | col_header=False | row_header=False | metadata=False

