=== economy-table127.xlsx ===
Cell A1 | value='Year' | fill=FFFFFF00 | rows=[0, 1] | cols=[0] | col_header=True | row_header=True | metadata=False
Cell B1 | value='Q1' | fill=FFFFFF00 | rows=[0] | cols=[1, 2, 3] | col_header=True | row_header=False | metadata=False
Cell E1 | value='Q2' | fill=FFFFFF00 | rows=[0] | cols=[4, 5, 6] | col_header=True | row_header=False | metadata=False
Cell H1 | value='Q3' | fill=FFFFFF00 | rows=[0] | cols=[7, 8, 9] | col_header=True | row_header=False | metadata=False
Cell B2 | value='Budget' | fill=FFFFFF00 | rows=[1] | cols=[1] | col_header=True | row_header=False | metadata=False
Cell C2 | value='Actual' | fill=FFFFFF00 | rows=[1] | cols=[2] | col_header=True | row_header=False | metadata=False
Cell D2 | value='Growth' | fill=FFFFFF00 | rows=[1] | cols=[3] | col_header=True | row_header=False | metadata=False
Cell E2 | value='Budget' | fill=FFFFFF00 | rows=[1] | cols=[4] | col_header=True | row_header=False | metadata=False
Cell F2 | value='Actual' | fill=FFFFFF00 | rows=[1] | cols=[5] | col_header=True | row_header=False | metadata=False
Cell G2 | value='Growth' | fill=FFFFFF00 | rows=[1] | cols=[6] | col_header=True | row_header=False | metadata=False
Cell H2 | value='Budget' | fill=FFFFFF00 | rows=[1] | cols=[7] | col_header=True | row_header=False | metadata=False
Cell I2 | value='Actual' | fill=FFFFFF00 | rows=[1] | cols=[8] | col_header=True | row_header=False | metadata=False
Cell J2 | value='Growth' | fill=FFFFFF00 | rows=[1] | cols=[9] | col_header=True | row_header=False | metadata=False
Cell A3 | value='DEC 2011' | fill=FF00B050 | rows=[2] | cols=[0] | col_header=False | row_header=True | metadata=False
Cell B3 | value='250' | fill=00000000 | rows=[2] | cols=[1] | col_header=False | row_header=False | metadata=False
Cell C3 | value='247' | fill=00000000 | rows=[2] | cols=[2] | col_header=False | row_header=False | metadata=False
Cell D3 | value='-3' | fill=00000000 | rows=[2] | cols=[3] | col_header=False | row_header=False | metadata=False
Cell E3 | value='152' | fill=00000000 | rows=[2] | cols=[4] | col_header=False | row_header=False | metadata=False
Cell F3 | value='170' | fill=00000000 | rows=[2] | cols=[5] | col_header=False | row_header=False | metadata=False
Cell G3 | value='18' | fill=00000000 | rows=[2] | cols=[6] | col_header=False | row_header=False | metadata=False
Cell H3 | value='222' | fill=00000000 | rows=[2] | cols=[7] | col_header=False | row_header=False | metadata=False
Cell I3 | value='247' | fill=00000000 | rows=[2] | cols=[8] | col_header=False | row_header=False | metadata=False
Cell J3 | value='25' | fill=00000000 | rows=[2] | cols=[9] | col_header=False | row_header=False | metadata=False
Cell A4 | value='DEC 2012' | fill=FF00B050 | rows=[3] | cols=[0] | col_header=False | row_header=True | metadata=False
Cell B4 | value='332' | fill=00000000 | rows=[3] | cols=[1] | col_header=False | row_header=False | metadata=False
Cell C4 | value='352' | fill=00000000 | rows=[3] | cols=[2] | col_header=False | row_header=False | metadata=False
Cell D4 | value='20' | fill=00000000 | rows=[3] | cols=[3] | col_header=False | row_header=False | metadata=False
Cell E4 | value='250' | fill=00000000 | rows=[3] | cols=[4] | col_header=False | row_header=False | metadata=False
Cell F4 | value='225' | fill=00000000 | rows=[3] | cols=[5] | col_header=False | row_header=False | metadata=False
Cell G4 | value='-25' | fill=00000000 | rows=[3] | cols=[6] | col_header=False | row_header=False | metadata=False
Cell H4 | value='452' | fill=00000000 | rows=[3] | cols=[7] | col_header=False | row_header=False | metadata=False
Cell I4 | value='443' | fill=00000000 | rows=[3] | cols=[8] | col_header=False | row_header=False | metadata=False
Cell J4 | value='-9' | fill=00000000 | rows=[3] | cols=[9] | col_header=False | row_header=False | metadata=False
Cell A5 | value='DEC 2013' | fill=FF00B050 | rows=[4] | cols=[0] | col_header=False | row_header=True | metadata=False
Cell B5 | value='452' | fill=00000000 | rows=[4] | cols=[1] | col_header=False | row_header=False | metadata=False
Cell C5 | value='443' | fill=00000000 | rows=[4] | cols=[2] | col_header=False | row_header=False | metadata=False
Cell D5 | value='-9' | fill=00000000 | rows=[4] | cols=[3] | col_header=False | row_header=False | metadata=False
Cell E5 | value='300' | fill=00000000 | rows=[4] | cols=[4] | col_header=False | row_header=False | metadata=False
Cell F5 | value='302' | fill=00000000 | rows=[4] | cols=[5] | col_header=False | row_header=False | metadata=False
Cell G5 | value='2' | fill=00000000 | rows=[4] | cols=[6] | col_header=False | row_header=False | metadata=False
Cell H5 | value='356' | fill=00000000 | rows=[4] | cols=[7] | col_header=False | row_header=False | metadata=False
Cell I5 | value='332' | fill=00000000 | rows=[4] | cols=[8] | col_header=False | row_header=False | metadata=False
Cell J5 | value='-24' | fill=00000000 | rows=[4] | cols=[9] | col_header=False | row_header=False | metadata=False
Cell A6 | value='June 2014' | fill=FF00B050 | rows=[5] | cols=[0] | col_header=False | row_header=True | metadata=False
Cell B6 | value='356' | fill=00000000 | rows=[5] | cols=[1] | col_header=False | row_header=False | metadata=False
Cell C6 | value='332' | fill=00000000 | rows=[5] | cols=[2] | col_header=False | row_header=False | metadata=False
Cell D6 | value='-24' | fill=00000000 | rows=[5] | cols=[3] | col_header=False | row_header=False | metadata=False
Cell E6 | value='325' | fill=00000000 | rows=[5] | cols=[4] | col_header=False | row_header=False | metadata=False
Cell F6 | value='342' | fill=00000000 | rows=[5] | cols=[5] | col_header=False | row_header=False | metadata=False
Cell G6 | value='17' | fill=00000000 | rows=[5] | cols=[6] | col_header=False | row_header=False | metadata=False
Cell H6 | value='325' | fill=00000000 | rows=[5] | cols=[7] | col_header=False | row_header=False | metadata=False
Cell I6 | value='351' | fill=00000000 | rows=[5] | cols=[8] | col_header=False | row_header=False | metadata=False
Cell J6 | value='26' | fill=00000000 | rows=[5] | cols=[9] | col_header=False | row_header=False | metadata=False
Cell A7 | value='Variance' | fill=FF00B050 | rows=[6] | cols=[0, 1] | col_header=False | row_header=True | metadata=False
Cell C7 | value='16' | fill=00000000 | rows=[6] | cols=[2] | col_header=False | row_header=False | metadata=False
Cell F7 | value='12' | fill=00000000 | rows=[6] | cols=[5] | col_header=False | row_header=False | metadata=False
Cell I7 | value='18' | fill=00000000 | rows=[6] | cols=[8] | col_header=False | row_header=False | metadata=False
Cell A8 | value='Actual Growth' | fill=FF00B050 | rows=[7] | cols=[0, 1] | col_header=False | row_header=True | metadata=False
Cell C8 | value='-16' | fill=00000000 | rows=[7] | cols=[2] | col_header=False | row_header=False | metadata=False
Cell F8 | value='12' | fill=00000000 | rows=[7] | cols=[5] | col_header=False | row_header=False | metadata=False
Cell I8 | value='18' | fill=00000000 | rows=[7] | cols=[8] | col_header=False | row_header=False | metadata=False

=== economy-table127.xlsx ===
Cell A1 | value='Year' | fill=FFFFFF00 | rows=[0, 1] | cols=[0] | col_header=True | row_header=True | metadata=False
Cell B1 | value='Q1' | fill=FFFFFF00 | rows=[0] | cols=[1, 2, 3] | col_header=True | row_header=False | metadata=False
Cell E1 | value='Q2' | fill=FFFFFF00 | rows=[0] | cols=[4, 5, 6] | col_header=True | row_header=False | metadata=False
Cell H1 | value='Q3' | fill=FFFFFF00 | rows=[0] | cols=[7, 8, 9] | col_header=True | row_header=False | metadata=False
Cell B2 | value='Budget' | fill=FFFFFF00 | rows=[1] | cols=[1] | col_header=True | row_header=False | metadata=False
Cell C2 | value='Actual' | fill=FFFFFF00 | rows=[1] | cols=[2] | col_header=True | row_header=False | metadata=False
Cell D2 | value='Growth' | fill=FFFFFF00 | rows=[1] | cols=[3] | col_header=True | row_header=False | metadata=False
Cell E2 | value='Budget' | fill=FFFFFF00 | rows=[1] | cols=[4] | col_header=True | row_header=False | metadata=False
Cell F2 | value='Actual' | fill=FFFFFF00 | rows=[1] | cols=[5] | col_header=True | row_header=False | metadata=False
Cell G2 | value='Growth' | fill=FFFFFF00 | rows=[1] | cols=[6] | col_header=True | row_header=False | metadata=False
Cell H2 | value='Budget' | fill=FFFFFF00 | rows=[1] | cols=[7] | col_header=True | row_header=False | metadata=False
Cell I2 | value='Actual' | fill=FFFFFF00 | rows=[1] | cols=[8] | col_header=True | row_header=False | metadata=False
Cell J2 | value='Growth' | fill=FFFFFF00 | rows=[1] | cols=[9] | col_header=True | row_header=False | metadata=False
Cell A3 | value='DEC 2011' | fill=FF00B050 | rows=[2] | cols=[0] | col_header=False | row_header=True | metadata=False
Cell B3 | value='250' | fill=00000000 | rows=[2] | cols=[1] | col_header=False | row_header=False | metadata=False
Cell C3 | value='247' | fill=00000000 | rows=[2] | cols=[2] | col_header=False | row_header=False | metadata=False
Cell D3 | value='-3' | fill=00000000 | rows=[2] | cols=[3] | col_header=False | row_header=False | metadata=False
Cell E3 | value='152' | fill=00000000 | rows=[2] | cols=[4] | col_header=False | row_header=False | metadata=False
Cell F3 | value='170' | fill=00000000 | rows=[2] | cols=[5] | col_header=False | row_header=False | metadata=False
Cell G3 | value='18' | fill=00000000 | rows=[2] | cols=[6] | col_header=False | row_header=False | metadata=False
Cell H3 | value='222' | fill=00000000 | rows=[2] | cols=[7] | col_header=False | row_header=False | metadata=False
Cell I3 | value='247' | fill=00000000 | rows=[2] | cols=[8] | col_header=False | row_header=False | metadata=False
Cell J3 | value='25' | fill=00000000 | rows=[2] | cols=[9] | col_header=False | row_header=False | metadata=False
Cell A4 | value='DEC 2012' | fill=FF00B050 | rows=[3] | cols=[0] | col_header=False | row_header=True | metadata=False
Cell B4 | value='332' | fill=00000000 | rows=[3] | cols=[1] | col_header=False | row_header=False | metadata=False
Cell C4 | value='352' | fill=00000000 | rows=[3] | cols=[2] | col_header=False | row_header=False | metadata=False
Cell D4 | value='20' | fill=00000000 | rows=[3] | cols=[3] | col_header=False | row_header=False | metadata=False
Cell E4 | value='250' | fill=00000000 | rows=[3] | cols=[4] | col_header=False | row_header=False | metadata=False
Cell F4 | value='225' | fill=00000000 | rows=[3] | cols=[5] | col_header=False | row_header=False | metadata=False
Cell G4 | value='-25' | fill=00000000 | rows=[3] | cols=[6] | col_header=False | row_header=False | metadata=False
Cell H4 | value='452' | fill=00000000 | rows=[3] | cols=[7] | col_header=False | row_header=False | metadata=False
Cell I4 | value='443' | fill=00000000 | rows=[3] | cols=[8] | col_header=False | row_header=False | metadata=False
Cell J4 | value='-9' | fill=00000000 | rows=[3] | cols=[9] | col_header=False | row_header=False | metadata=False
Cell A5 | value='DEC 2013' | fill=FF00B050 | rows=[4] | cols=[0] | col_header=False | row_header=True | metadata=False
Cell B5 | value='452' | fill=00000000 | rows=[4] | cols=[1] | col_header=False | row_header=False | metadata=False
Cell C5 | value='443' | fill=00000000 | rows=[4] | cols=[2] | col_header=False | row_header=False | metadata=False
Cell D5 | value='-9' | fill=00000000 | rows=[4] | cols=[3] | col_header=False | row_header=False | metadata=False
Cell E5 | value='300' | fill=00000000 | rows=[4] | cols=[4] | col_header=False | row_header=False | metadata=False
Cell F5 | value='302' | fill=00000000 | rows=[4] | cols=[5] | col_header=False | row_header=False | metadata=False
Cell G5 | value='2' | fill=00000000 | rows=[4] | cols=[6] | col_header=False | row_header=False | metadata=False
Cell H5 | value='356' | fill=00000000 | rows=[4] | cols=[7] | col_header=False | row_header=False | metadata=False
Cell I5 | value='332' | fill=00000000 | rows=[4] | cols=[8] | col_header=False | row_header=False | metadata=False
Cell J5 | value='-24' | fill=00000000 | rows=[4] | cols=[9] | col_header=False | row_header=False | metadata=False
Cell A6 | value='June 2014' | fill=FF00B050 | rows=[5] | cols=[0] | col_header=False | row_header=True | metadata=False
Cell B6 | value='356' | fill=00000000 | rows=[5] | cols=[1] | col_header=False | row_header=False | metadata=False
Cell C6 | value='332' | fill=00000000 | rows=[5] | cols=[2] | col_header=False | row_header=False | metadata=False
Cell D6 | value='-24' | fill=00000000 | rows=[5] | cols=[3] | col_header=False | row_header=False | metadata=False
Cell E6 | value='325' | fill=00000000 | rows=[5] | cols=[4] | col_header=False | row_header=False | metadata=False
Cell F6 | value='342' | fill=00000000 | rows=[5] | cols=[5] | col_header=False | row_header=False | metadata=False
Cell G6 | value='17' | fill=00000000 | rows=[5] | cols=[6] | col_header=False | row_header=False | metadata=False
Cell H6 | value='325' | fill=00000000 | rows=[5] | cols=[7] | col_header=False | row_header=False | metadata=False
Cell I6 | value='351' | fill=00000000 | rows=[5] | cols=[8] | col_header=False | row_header=False | metadata=False
Cell J6 | value='26' | fill=00000000 | rows=[5] | cols=[9] | col_header=False | row_header=False | metadata=False
Cell A7 | value='Variance' | fill=FF00B050 | rows=[6] | cols=[0, 1] | col_header=False | row_header=True | metadata=False
Cell C7 | value='16' | fill=00000000 | rows=[6] | cols=[2] | col_header=False | row_header=False | metadata=False
Cell F7 | value='12' | fill=00000000 | rows=[6] | cols=[5] | col_header=False | row_header=False | metadata=False
Cell I7 | value='18' | fill=00000000 | rows=[6] | cols=[8] | col_header=False | row_header=False | metadata=False
Cell A8 | value='Actual Growth' | fill=FF00B050 | rows=[7] | cols=[0, 1] | col_header=False | row_header=True | metadata=False
Cell C8 | value='-16' | fill=00000000 | rows=[7] | cols=[2] | col_header=False | row_header=False | metadata=False
Cell F8 | value='12' | fill=00000000 | rows=[7] | cols=[5] | col_header=False | row_header=False | metadata=False
Cell I8 | value='18' | fill=00000000 | rows=[7] | cols=[8] | col_header=False | row_header=False | metadata=False

