=== employment-table22.xlsx ===
Cell A1 | value='Reason for working less than 35 hours' | fill=FFFFFF00 | rows=[0, 1, 2] | cols=[0] | col_header=True | row_header=True | metadata=False
Cell B1 | value='2023' | fill=FFFFFF00 | rows=[0] | cols=[1, 2, 3, 4, 5, 6] | col_header=True | row_header=False | metadata=False
Cell B2 | value='All industries' | fill=FFFFFF00 | rows=[1] | cols=[1, 2, 3] | col_header=True | row_header=False | metadata=False
Cell E2 | value='Nonagricultural industries' | fill=FFFFFF00 | rows=[1] | cols=[4, 5, 6] | col_header=True | row_header=False | metadata=False
Cell B3 | value='Total' | fill=FF00B0F0 | rows=[2] | cols=[1] | col_header=False | row_header=False | metadata=True
Cell C3 | value='Usually
work
full time' | fill=FFFFFF00 | rows=[2] | cols=[2] | col_header=True | row_header=False | metadata=False
Cell D3 | value='Usually
work
part time' | fill=FFFFFF00 | rows=[2] | cols=[3] | col_header=True | row_header=False | metadata=False
Cell E3 | value='Total' | fill=FF00B0F0 | rows=[2] | cols=[4] | col_header=False | row_header=False | metadata=True
Cell F3 | value='Usually
work
full time' | fill=FFFFFF00 | rows=[2] | cols=[5] | col_header=True | row_header=False | metadata=False
Cell G3 | value='Usually
work
part time' | fill=FFFFFF00 | rows=[2] | cols=[6] | col_header=True | row_header=False | metadata=False
Cell A5 | value='Total, at work 1 to 34 hours' | fill=FF00B0F0 | rows=[4] | cols=[0] | col_header=False | row_header=False | metadata=True
Cell B5 | value='34869' | fill=FF00B0F0 | rows=[4] | cols=[1] | col_header=False | row_header=False | metadata=True
Cell C5 | value='10377' | fill=FF00B0F0 | rows=[4] | cols=[2] | col_header=False | row_header=False | metadata=True
Cell D5 | value='24492' | fill=FF00B0F0 | rows=[4] | cols=[3] | col_header=False | row_header=False | metadata=True
Cell E5 | value='34282' | fill=FF00B0F0 | rows=[4] | cols=[4] | col_header=False | row_header=False | metadata=True
Cell F5 | value='10220' | fill=FF00B0F0 | rows=[4] | cols=[5] | col_header=False | row_header=False | metadata=True
Cell G5 | value='24062' | fill=FF00B0F0 | rows=[4] | cols=[6] | col_header=False | row_header=False | metadata=True
Cell A7 | value='Economic reasons' | fill=FF00B050 | rows=[6] | cols=[0] | col_header=False | row_header=True | metadata=False
Cell B7 | value='4069' | fill=FF00B0F0 | rows=[6] | cols=[1] | col_header=False | row_header=False | metadata=True
Cell C7 | value='1431' | fill=00000000 | rows=[6] | cols=[2] | col_header=False | row_header=False | metadata=False
Cell D7 | value='2638' | fill=00000000 | rows=[6] | cols=[3] | col_header=False | row_header=False | metadata=False
Cell E7 | value='3996' | fill=FF00B0F0 | rows=[6] | cols=[4] | col_header=False | row_header=False | metadata=True
Cell F7 | value='1388' | fill=00000000 | rows=[6] | cols=[5] | col_header=False | row_header=False | metadata=False
Cell G7 | value='2609' | fill=00000000 | rows=[6] | cols=[6] | col_header=False | row_header=False | metadata=False
Cell A8 | value='Slack work or business conditions' | fill=FF00B050 | rows=[7] | cols=[0] | col_header=False | row_header=True | metadata=False
Cell B8 | value='2812' | fill=FF00B0F0 | rows=[7] | cols=[1] | col_header=False | row_header=False | metadata=True
Cell C8 | value='1195' | fill=00000000 | rows=[7] | cols=[2] | col_header=False | row_header=False | metadata=False
Cell D8 | value='1617' | fill=00000000 | rows=[7] | cols=[3] | col_header=False | row_header=False | metadata=False
Cell E8 | value='2765' | fill=FF00B0F0 | rows=[7] | cols=[4] | col_header=False | row_header=False | metadata=True
Cell F8 | value='1165' | fill=00000000 | rows=[7] | cols=[5] | col_header=False | row_header=False | metadata=False
Cell G8 | value='1600' | fill=00000000 | rows=[7] | cols=[6] | col_header=False | row_header=False | metadata=False
Cell A9 | value='Could only find part-time work' | fill=FF00B050 | rows=[8] | cols=[0] | col_header=False | row_header=True | metadata=False
Cell B9 | value='939' | fill=FF00B0F0 | rows=[8] | cols=[1] | col_header=False | row_header=False | metadata=True
Cell C9 | value='–' | fill=00000000 | rows=[8] | cols=[2] | col_header=False | row_header=False | metadata=False
Cell D9 | value='939' | fill=00000000 | rows=[8] | cols=[3] | col_header=False | row_header=False | metadata=False
Cell E9 | value='931' | fill=FF00B0F0 | rows=[8] | cols=[4] | col_header=False | row_header=False | metadata=True
Cell F9 | value='–' | fill=00000000 | rows=[8] | cols=[5] | col_header=False | row_header=False | metadata=False
Cell G9 | value='931' | fill=00000000 | rows=[8] | cols=[6] | col_header=False | row_header=False | metadata=False
Cell A10 | value='Seasonal work' | fill=FF00B050 | rows=[9] | cols=[0] | col_header=False | row_header=True | metadata=False
Cell B10 | value='207' | fill=FF00B0F0 | rows=[9] | cols=[1] | col_header=False | row_header=False | metadata=True
Cell C10 | value='126' | fill=00000000 | rows=[9] | cols=[2] | col_header=False | row_header=False | metadata=False
Cell D10 | value='81' | fill=00000000 | rows=[9] | cols=[3] | col_header=False | row_header=False | metadata=False
Cell E10 | value='191' | fill=FF00B0F0 | rows=[9] | cols=[4] | col_header=False | row_header=False | metadata=True
Cell F10 | value='113' | fill=00000000 | rows=[9] | cols=[5] | col_header=False | row_header=False | metadata=False
Cell G10 | value='77' | fill=00000000 | rows=[9] | cols=[6] | col_header=False | row_header=False | metadata=False
Cell A11 | value='Job started or ended during week' | fill=FF00B050 | rows=[10] | cols=[0] | col_header=False | row_header=True | metadata=False
Cell B11 | value='110' | fill=FF00B0F0 | rows=[10] | cols=[1] | col_header=False | row_header=False | metadata=True
Cell C11 | value='110' | fill=00000000 | rows=[10] | cols=[2] | col_header=False | row_header=False | metadata=False
Cell D11 | value='–' | fill=00000000 | rows=[10] | cols=[3] | col_header=False | row_header=False | metadata=False
Cell E11 | value='109' | fill=FF00B0F0 | rows=[10] | cols=[4] | col_header=False | row_header=False | metadata=True
Cell F11 | value='109' | fill=00000000 | rows=[10] | cols=[5] | col_header=False | row_header=False | metadata=False
Cell G11 | value='–' | fill=00000000 | rows=[10] | cols=[6] | col_header=False | row_header=False | metadata=False
Cell A13 | value='Noneconomic reasons' | fill=FF00B050 | rows=[12] | cols=[0] | col_header=False | row_header=True | metadata=False
Cell B13 | value='30800' | fill=FF00B0F0 | rows=[12] | cols=[1] | col_header=False | row_header=False | metadata=True
Cell C13 | value='8945' | fill=00000000 | rows=[12] | cols=[2] | col_header=False | row_header=False | metadata=False
Cell D13 | value='21855' | fill=00000000 | rows=[12] | cols=[3] | col_header=False | row_header=False | metadata=False
Cell E13 | value='30286' | fill=FF00B0F0 | rows=[12] | cols=[4] | col_header=False | row_header=False | metadata=True
Cell F13 | value='8832' | fill=00000000 | rows=[12] | cols=[5] | col_header=False | row_header=False | metadata=False
Cell G13 | value='21453' | fill=00000000 | rows=[12] | cols=[6] | col_header=False | row_header=False | metadata=False
Cell A14 | value='Child-care problems' | fill=FF00B050 | rows=[13] | cols=[0] | col_header=False | row_header=True | metadata=False
Cell B14 | value='1230' | fill=FF00B0F0 | rows=[13] | cols=[1] | col_header=False | row_header=False | metadata=True
Cell C14 | value='92' | fill=00000000 | rows=[13] | cols=[2] | col_header=False | row_header=False | metadata=False
Cell D14 | value='1139' | fill=00000000 | rows=[13] | cols=[3] | col_header=False | row_header=False | metadata=False
Cell E14 | value='1217' | fill=FF00B0F0 | rows=[13] | cols=[4] | col_header=False | row_header=False | metadata=True
Cell F14 | value='90' | fill=00000000 | rows=[13] | cols=[5] | col_header=False | row_header=False | metadata=False
Cell G14 | value='1127' | fill=00000000 | rows=[13] | cols=[6] | col_header=False | row_header=False | metadata=False
Cell A15 | value='Other family or personal obligations' | fill=FF00B050 | rows=[14] | cols=[0] | col_header=False | row_header=True | metadata=False
Cell B15 | value='4792' | fill=FF00B0F0 | rows=[14] | cols=[1] | col_header=False | row_header=False | metadata=True
Cell C15 | value='663' | fill=00000000 | rows=[14] | cols=[2] | col_header=False | row_header=False | metadata=False
Cell D15 | value='4129' | fill=00000000 | rows=[14] | cols=[3] | col_header=False | row_header=False | metadata=False
Cell E15 | value='4706' | fill=FF00B0F0 | rows=[14] | cols=[4] | col_header=False | row_header=False | metadata=True
Cell F15 | value='653' | fill=00000000 | rows=[14] | cols=[5] | col_header=False | row_header=False | metadata=False
Cell G15 | value='4053' | fill=00000000 | rows=[14] | cols=[6] | col_header=False | row_header=False | metadata=False
Cell A16 | value='Health or medical limitations' | fill=FF00B050 | rows=[15] | cols=[0] | col_header=False | row_header=True | metadata=False
Cell B16 | value='1159' | fill=FF00B0F0 | rows=[15] | cols=[1] | col_header=False | row_header=False | metadata=True
Cell C16 | value='–' | fill=00000000 | rows=[15] | cols=[2] | col_header=False | row_header=False | metadata=False
Cell D16 | value='1159' | fill=00000000 | rows=[15] | cols=[3] | col_header=False | row_header=False | metadata=False
Cell E16 | value='1143' | fill=FF00B0F0 | rows=[15] | cols=[4] | col_header=False | row_header=False | metadata=True
Cell F16 | value='–' | fill=00000000 | rows=[15] | cols=[5] | col_header=False | row_header=False | metadata=False
Cell G16 | value='1143' | fill=00000000 | rows=[15] | cols=[6] | col_header=False | row_header=False | metadata=False
Cell A17 | value='In school or training' | fill=FF00B050 | rows=[16] | cols=[0] | col_header=False | row_header=True | metadata=False
Cell B17 | value='6029' | fill=FF00B0F0 | rows=[16] | cols=[1] | col_header=False | row_header=False | metadata=True
Cell C17 | value='71' | fill=00000000 | rows=[16] | cols=[2] | col_header=False | row_header=False | metadata=False
Cell D17 | value='5959' | fill=00000000 | rows=[16] | cols=[3] | col_header=False | row_header=False | metadata=False
Cell E17 | value='5975' | fill=FF00B0F0 | rows=[16] | cols=[4] | col_header=False | row_header=False | metadata=True
Cell F17 | value='70' | fill=00000000 | rows=[16] | cols=[5] | col_header=False | row_header=False | metadata=False
Cell G17 | value='5905' | fill=00000000 | rows=[16] | cols=[6] | col_header=False | row_header=False | metadata=False
Cell A18 | value='Retired or Social Security limit on earnings' | fill=FF00B050 | rows=[17] | cols=[0] | col_header=False | row_header=True | metadata=False
Cell B18 | value='2886' | fill=FF00B0F0 | rows=[17] | cols=[1] | col_header=False | row_header=False | metadata=True
Cell C18 | value='–' | fill=00000000 | rows=[17] | cols=[2] | col_header=False | row_header=False | metadata=False
Cell D18 | value='2886' | fill=00000000 | rows=[17] | cols=[3] | col_header=False | row_header=False | metadata=False
Cell E18 | value='2761' | fill=FF00B0F0 | rows=[17] | cols=[4] | col_header=False | row_header=False | metadata=True
Cell F18 | value='–' | fill=00000000 | rows=[17] | cols=[5] | col_header=False | row_header=False | metadata=False
Cell G18 | value='2761' | fill=00000000 | rows=[17] | cols=[6] | col_header=False | row_header=False | metadata=False
Cell A19 | value='Vacation or personal day' | fill=FF00B050 | rows=[18] | cols=[0] | col_header=False | row_header=True | metadata=False
Cell B19 | value='4231' | fill=FF00B0F0 | rows=[18] | cols=[1] | col_header=False | row_header=False | metadata=True
Cell C19 | value='4231' | fill=00000000 | rows=[18] | cols=[2] | col_header=False | row_header=False | metadata=False
Cell D19 | value='–' | fill=00000000 | rows=[18] | cols=[3] | col_header=False | row_header=False | metadata=False
Cell E19 | value='4193' | fill=FF00B0F0 | rows=[18] | cols=[4] | col_header=False | row_header=False | metadata=True
Cell F19 | value='4193' | fill=00000000 | rows=[18] | cols=[5] | col_header=False | row_header=False | metadata=False
Cell G19 | value='–' | fill=00000000 | rows=[18] | cols=[6] | col_header=False | row_header=False | metadata=False
Cell A20 | value='Holiday, legal or religious' | fill=FF00B050 | rows=[19] | cols=[0] | col_header=False | row_header=True | metadata=False
Cell B20 | value='978' | fill=FF00B0F0 | rows=[19] | cols=[1] | col_header=False | row_header=False | metadata=True
Cell C20 | value='978' | fill=00000000 | rows=[19] | cols=[2] | col_header=False | row_header=False | metadata=False
Cell D20 | value='–' | fill=00000000 | rows=[19] | cols=[3] | col_header=False | row_header=False | metadata=False
Cell E20 | value='974' | fill=FF00B0F0 | rows=[19] | cols=[4] | col_header=False | row_header=False | metadata=True
Cell F20 | value='974' | fill=00000000 | rows=[19] | cols=[5] | col_header=False | row_header=False | metadata=False
Cell G20 | value='–' | fill=00000000 | rows=[19] | cols=[6] | col_header=False | row_header=False | metadata=False
Cell A21 | value='Weather-related curtailment' | fill=FF00B050 | rows=[20] | cols=[0] | col_header=False | row_header=True | metadata=False
Cell B21 | value='258' | fill=FF00B0F0 | rows=[20] | cols=[1] | col_header=False | row_header=False | metadata=True
Cell C21 | value='258' | fill=00000000 | rows=[20] | cols=[2] | col_header=False | row_header=False | metadata=False
Cell D21 | value='–' | fill=00000000 | rows=[20] | cols=[3] | col_header=False | row_header=False | metadata=False
Cell E21 | value='232' | fill=FF00B0F0 | rows=[20] | cols=[4] | col_header=False | row_header=False | metadata=True
Cell F21 | value='232' | fill=00000000 | rows=[20] | cols=[5] | col_header=False | row_header=False | metadata=False
Cell G21 | value='–' | fill=00000000 | rows=[20] | cols=[6] | col_header=False | row_header=False | metadata=False
Cell A22 | value='All other reasons' | fill=FF00B050 | rows=[21] | cols=[0] | col_header=False | row_header=True | metadata=False
Cell B22 | value='9236' | fill=FF00B0F0 | rows=[21] | cols=[1] | col_header=False | row_header=False | metadata=True
Cell C22 | value='2653' | fill=00000000 | rows=[21] | cols=[2] | col_header=False | row_header=False | metadata=False
Cell D22 | value='6583' | fill=00000000 | rows=[21] | cols=[3] | col_header=False | row_header=False | metadata=False
Cell E22 | value='9084' | fill=FF00B0F0 | rows=[21] | cols=[4] | col_header=False | row_header=False | metadata=True
Cell F22 | value='2619' | fill=00000000 | rows=[21] | cols=[5] | col_header=False | row_header=False | metadata=False
Cell G22 | value='6465' | fill=00000000 | rows=[21] | cols=[6] | col_header=False | row_header=False | metadata=False
Cell A24 | value='Average hours, economic reasons' | fill=FF00B050 | rows=[23] | cols=[0] | col_header=False | row_header=True | metadata=False
Cell B24 | value='23.1' | fill=FF00B0F0 | rows=[23] | cols=[1] | col_header=False | row_header=False | metadata=True
Cell C24 | value='23.6' | fill=00000000 | rows=[23] | cols=[2] | col_header=False | row_header=False | metadata=False
Cell D24 | value='22.8' | fill=00000000 | rows=[23] | cols=[3] | col_header=False | row_header=False | metadata=False
Cell E24 | value='23.1' | fill=FF00B0F0 | rows=[23] | cols=[4] | col_header=False | row_header=False | metadata=True
Cell F24 | value='23.6' | fill=00000000 | rows=[23] | cols=[5] | col_header=False | row_header=False | metadata=False
Cell G24 | value='22.8' | fill=00000000 | rows=[23] | cols=[6] | col_header=False | row_header=False | metadata=False
Cell A25 | value='Average hours, noneconomic reasons' | fill=FF00B050 | rows=[24] | cols=[0] | col_header=False | row_header=True | metadata=False
Cell B25 | value='21.3' | fill=FF00B0F0 | rows=[24] | cols=[1] | col_header=False | row_header=False | metadata=True
Cell C25 | value='24.7' | fill=00000000 | rows=[24] | cols=[2] | col_header=False | row_header=False | metadata=False
Cell D25 | value='19.9' | fill=00000000 | rows=[24] | cols=[3] | col_header=False | row_header=False | metadata=False
Cell E25 | value='21.3' | fill=FF00B0F0 | rows=[24] | cols=[4] | col_header=False | row_header=False | metadata=True
Cell F25 | value='24.7' | fill=00000000 | rows=[24] | cols=[5] | col_header=False | row_header=False | metadata=False
Cell G25 | value='20' | fill=00000000 | rows=[24] | cols=[6] | col_header=False | row_header=False | metadata=False

=== employment-table22.xlsx ===
Cell A1 | value='Reason for working less than 35 hours' | fill=FFFFFF00 | rows=[0, 1, 2] | cols=[0] | col_header=True | row_header=True | metadata=False
Cell B1 | value='2023' | fill=FFFFFF00 | rows=[0] | cols=[1, 2, 3, 4, 5, 6] | col_header=True | row_header=False | metadata=False
Cell B2 | value='All industries' | fill=FFFFFF00 | rows=[1] | cols=[1, 2, 3] | col_header=True | row_header=False | metadata=False
Cell E2 | value='Nonagricultural industries' | fill=FFFFFF00 | rows=[1] | cols=[4, 5, 6] | col_header=True | row_header=False | metadata=False
Cell B3 | value='Total' | fill=FF00B0F0 | rows=[2] | cols=[1] | col_header=False | row_header=False | metadata=True
Cell C3 | value='Usually
work
full time' | fill=FFFFFF00 | rows=[2] | cols=[2] | col_header=True | row_header=False | metadata=False
Cell D3 | value='Usually
work
part time' | fill=FFFFFF00 | rows=[2] | cols=[3] | col_header=True | row_header=False | metadata=False
Cell E3 | value='Total' | fill=FF00B0F0 | rows=[2] | cols=[4] | col_header=False | row_header=False | metadata=True
Cell F3 | value='Usually
work
full time' | fill=FFFFFF00 | rows=[2] | cols=[5] | col_header=True | row_header=False | metadata=False
Cell G3 | value='Usually
work
part time' | fill=FFFFFF00 | rows=[2] | cols=[6] | col_header=True | row_header=False | metadata=False
Cell A5 | value='Total, at work 1 to 34 hours' | fill=FF00B0F0 | rows=[4] | cols=[0] | col_header=False | row_header=False | metadata=True
Cell B5 | value='34869' | fill=FF00B0F0 | rows=[4] | cols=[1] | col_header=False | row_header=False | metadata=True
Cell C5 | value='10377' | fill=FF00B0F0 | rows=[4] | cols=[2] | col_header=False | row_header=False | metadata=True
Cell D5 | value='24492' | fill=FF00B0F0 | rows=[4] | cols=[3] | col_header=False | row_header=False | metadata=True
Cell E5 | value='34282' | fill=FF00B0F0 | rows=[4] | cols=[4] | col_header=False | row_header=False | metadata=True
Cell F5 | value='10220' | fill=FF00B0F0 | rows=[4] | cols=[5] | col_header=False | row_header=False | metadata=True
Cell G5 | value='24062' | fill=FF00B0F0 | rows=[4] | cols=[6] | col_header=False | row_header=False | metadata=True
Cell A7 | value='Economic reasons' | fill=FF00B050 | rows=[6] | cols=[0] | col_header=False | row_header=True | metadata=False
Cell B7 | value='4069' | fill=FF00B0F0 | rows=[6] | cols=[1] | col_header=False | row_header=False | metadata=True
Cell C7 | value='1431' | fill=00000000 | rows=[6] | cols=[2] | col_header=False | row_header=False | metadata=False
Cell D7 | value='2638' | fill=00000000 | rows=[6] | cols=[3] | col_header=False | row_header=False | metadata=False
Cell E7 | value='3996' | fill=FF00B0F0 | rows=[6] | cols=[4] | col_header=False | row_header=False | metadata=True
Cell F7 | value='1388' | fill=00000000 | rows=[6] | cols=[5] | col_header=False | row_header=False | metadata=False
Cell G7 | value='2609' | fill=00000000 | rows=[6] | cols=[6] | col_header=False | row_header=False | metadata=False
Cell A8 | value='Slack work or business conditions' | fill=FF00B050 | rows=[7] | cols=[0] | col_header=False | row_header=True | metadata=False
Cell B8 | value='2812' | fill=FF00B0F0 | rows=[7] | cols=[1] | col_header=False | row_header=False | metadata=True
Cell C8 | value='1195' | fill=00000000 | rows=[7] | cols=[2] | col_header=False | row_header=False | metadata=False
Cell D8 | value='1617' | fill=00000000 | rows=[7] | cols=[3] | col_header=False | row_header=False | metadata=False
Cell E8 | value='2765' | fill=FF00B0F0 | rows=[7] | cols=[4] | col_header=False | row_header=False | metadata=True
Cell F8 | value='1165' | fill=00000000 | rows=[7] | cols=[5] | col_header=False | row_header=False | metadata=False
Cell G8 | value='1600' | fill=00000000 | rows=[7] | cols=[6] | col_header=False | row_header=False | metadata=False
Cell A9 | value='Could only find part-time work' | fill=FF00B050 | rows=[8] | cols=[0] | col_header=False | row_header=True | metadata=False
Cell B9 | value='939' | fill=FF00B0F0 | rows=[8] | cols=[1] | col_header=False | row_header=False | metadata=True
Cell C9 | value='–' | fill=00000000 | rows=[8] | cols=[2] | col_header=False | row_header=False | metadata=False
Cell D9 | value='939' | fill=00000000 | rows=[8] | cols=[3] | col_header=False | row_header=False | metadata=False
Cell E9 | value='931' | fill=FF00B0F0 | rows=[8] | cols=[4] | col_header=False | row_header=False | metadata=True
Cell F9 | value='–' | fill=00000000 | rows=[8] | cols=[5] | col_header=False | row_header=False | metadata=False
Cell G9 | value='931' | fill=00000000 | rows=[8] | cols=[6] | col_header=False | row_header=False | metadata=False
Cell A10 | value='Seasonal work' | fill=FF00B050 | rows=[9] | cols=[0] | col_header=False | row_header=True | metadata=False
Cell B10 | value='207' | fill=FF00B0F0 | rows=[9] | cols=[1] | col_header=False | row_header=False | metadata=True
Cell C10 | value='126' | fill=00000000 | rows=[9] | cols=[2] | col_header=False | row_header=False | metadata=False
Cell D10 | value='81' | fill=00000000 | rows=[9] | cols=[3] | col_header=False | row_header=False | metadata=False
Cell E10 | value='191' | fill=FF00B0F0 | rows=[9] | cols=[4] | col_header=False | row_header=False | metadata=True
Cell F10 | value='113' | fill=00000000 | rows=[9] | cols=[5] | col_header=False | row_header=False | metadata=False
Cell G10 | value='77' | fill=00000000 | rows=[9] | cols=[6] | col_header=False | row_header=False | metadata=False
Cell A11 | value='Job started or ended during week' | fill=FF00B050 | rows=[10] | cols=[0] | col_header=False | row_header=True | metadata=False
Cell B11 | value='110' | fill=FF00B0F0 | rows=[10] | cols=[1] | col_header=False | row_header=False | metadata=True
Cell C11 | value='110' | fill=00000000 | rows=[10] | cols=[2] | col_header=False | row_header=False | metadata=False
Cell D11 | value='–' | fill=00000000 | rows=[10] | cols=[3] | col_header=False | row_header=False | metadata=False
Cell E11 | value='109' | fill=FF00B0F0 | rows=[10] | cols=[4] | col_header=False | row_header=False | metadata=True
Cell F11 | value='109' | fill=00000000 | rows=[10] | cols=[5] | col_header=False | row_header=False | metadata=False
Cell G11 | value='–' | fill=00000000 | rows=[10] | cols=[6] | col_header=False | row_header=False | metadata=False
Cell A13 | value='Noneconomic reasons' | fill=FF00B050 | rows=[12] | cols=[0] | col_header=False | row_header=True | metadata=False
Cell B13 | value='30800' | fill=FF00B0F0 | rows=[12] | cols=[1] | col_header=False | row_header=False | metadata=True
Cell C13 | value='8945' | fill=00000000 | rows=[12] | cols=[2] | col_header=False | row_header=False | metadata=False
Cell D13 | value='21855' | fill=00000000 | rows=[12] | cols=[3] | col_header=False | row_header=False | metadata=False
Cell E13 | value='30286' | fill=FF00B0F0 | rows=[12] | cols=[4] | col_header=False | row_header=False | metadata=True
Cell F13 | value='8832' | fill=00000000 | rows=[12] | cols=[5] | col_header=False | row_header=False | metadata=False
Cell G13 | value='21453' | fill=00000000 | rows=[12] | cols=[6] | col_header=False | row_header=False | metadata=False
Cell A14 | value='Child-care problems' | fill=FF00B050 | rows=[13] | cols=[0] | col_header=False | row_header=True | metadata=False
Cell B14 | value='1230' | fill=FF00B0F0 | rows=[13] | cols=[1] | col_header=False | row_header=False | metadata=True
Cell C14 | value='92' | fill=00000000 | rows=[13] | cols=[2] | col_header=False | row_header=False | metadata=False
Cell D14 | value='1139' | fill=00000000 | rows=[13] | cols=[3] | col_header=False | row_header=False | metadata=False
Cell E14 | value='1217' | fill=FF00B0F0 | rows=[13] | cols=[4] | col_header=False | row_header=False | metadata=True
Cell F14 | value='90' | fill=00000000 | rows=[13] | cols=[5] | col_header=False | row_header=False | metadata=False
Cell G14 | value='1127' | fill=00000000 | rows=[13] | cols=[6] | col_header=False | row_header=False | metadata=False
Cell A15 | value='Other family or personal obligations' | fill=FF00B050 | rows=[14] | cols=[0] | col_header=False | row_header=True | metadata=False
Cell B15 | value='4792' | fill=FF00B0F0 | rows=[14] | cols=[1] | col_header=False | row_header=False | metadata=True
Cell C15 | value='663' | fill=00000000 | rows=[14] | cols=[2] | col_header=False | row_header=False | metadata=False
Cell D15 | value='4129' | fill=00000000 | rows=[14] | cols=[3] | col_header=False | row_header=False | metadata=False
Cell E15 | value='4706' | fill=FF00B0F0 | rows=[14] | cols=[4] | col_header=False | row_header=False | metadata=True
Cell F15 | value='653' | fill=00000000 | rows=[14] | cols=[5] | col_header=False | row_header=False | metadata=False
Cell G15 | value='4053' | fill=00000000 | rows=[14] | cols=[6] | col_header=False | row_header=False | metadata=False
Cell A16 | value='Health or medical limitations' | fill=FF00B050 | rows=[15] | cols=[0] | col_header=False | row_header=True | metadata=False
Cell B16 | value='1159' | fill=FF00B0F0 | rows=[15] | cols=[1] | col_header=False | row_header=False | metadata=True
Cell C16 | value='–' | fill=00000000 | rows=[15] | cols=[2] | col_header=False | row_header=False | metadata=False
Cell D16 | value='1159' | fill=00000000 | rows=[15] | cols=[3] | col_header=False | row_header=False | metadata=False
Cell E16 | value='1143' | fill=FF00B0F0 | rows=[15] | cols=[4] | col_header=False | row_header=False | metadata=True
Cell F16 | value='–' | fill=00000000 | rows=[15] | cols=[5] | col_header=False | row_header=False | metadata=False
Cell G16 | value='1143' | fill=00000000 | rows=[15] | cols=[6] | col_header=False | row_header=False | metadata=False
Cell A17 | value='In school or training' | fill=FF00B050 | rows=[16] | cols=[0] | col_header=False | row_header=True | metadata=False
Cell B17 | value='6029' | fill=FF00B0F0 | rows=[16] | cols=[1] | col_header=False | row_header=False | metadata=True
Cell C17 | value='71' | fill=00000000 | rows=[16] | cols=[2] | col_header=False | row_header=False | metadata=False
Cell D17 | value='5959' | fill=00000000 | rows=[16] | cols=[3] | col_header=False | row_header=False | metadata=False
Cell E17 | value='5975' | fill=FF00B0F0 | rows=[16] | cols=[4] | col_header=False | row_header=False | metadata=True
Cell F17 | value='70' | fill=00000000 | rows=[16] | cols=[5] | col_header=False | row_header=False | metadata=False
Cell G17 | value='5905' | fill=00000000 | rows=[16] | cols=[6] | col_header=False | row_header=False | metadata=False
Cell A18 | value='Retired or Social Security limit on earnings' | fill=FF00B050 | rows=[17] | cols=[0] | col_header=False | row_header=True | metadata=False
Cell B18 | value='2886' | fill=FF00B0F0 | rows=[17] | cols=[1] | col_header=False | row_header=False | metadata=True
Cell C18 | value='–' | fill=00000000 | rows=[17] | cols=[2] | col_header=False | row_header=False | metadata=False
Cell D18 | value='2886' | fill=00000000 | rows=[17] | cols=[3] | col_header=False | row_header=False | metadata=False
Cell E18 | value='2761' | fill=FF00B0F0 | rows=[17] | cols=[4] | col_header=False | row_header=False | metadata=True
Cell F18 | value='–' | fill=00000000 | rows=[17] | cols=[5] | col_header=False | row_header=False | metadata=False
Cell G18 | value='2761' | fill=00000000 | rows=[17] | cols=[6] | col_header=False | row_header=False | metadata=False
Cell A19 | value='Vacation or personal day' | fill=FF00B050 | rows=[18] | cols=[0] | col_header=False | row_header=True | metadata=False
Cell B19 | value='4231' | fill=FF00B0F0 | rows=[18] | cols=[1] | col_header=False | row_header=False | metadata=True
Cell C19 | value='4231' | fill=00000000 | rows=[18] | cols=[2] | col_header=False | row_header=False | metadata=False
Cell D19 | value='–' | fill=00000000 | rows=[18] | cols=[3] | col_header=False | row_header=False | metadata=False
Cell E19 | value='4193' | fill=FF00B0F0 | rows=[18] | cols=[4] | col_header=False | row_header=False | metadata=True
Cell F19 | value='4193' | fill=00000000 | rows=[18] | cols=[5] | col_header=False | row_header=False | metadata=False
Cell G19 | value='–' | fill=00000000 | rows=[18] | cols=[6] | col_header=False | row_header=False | metadata=False
Cell A20 | value='Holiday, legal or religious' | fill=FF00B050 | rows=[19] | cols=[0] | col_header=False | row_header=True | metadata=False
Cell B20 | value='978' | fill=FF00B0F0 | rows=[19] | cols=[1] | col_header=False | row_header=False | metadata=True
Cell C20 | value='978' | fill=00000000 | rows=[19] | cols=[2] | col_header=False | row_header=False | metadata=False
Cell D20 | value='–' | fill=00000000 | rows=[19] | cols=[3] | col_header=False | row_header=False | metadata=False
Cell E20 | value='974' | fill=FF00B0F0 | rows=[19] | cols=[4] | col_header=False | row_header=False | metadata=True
Cell F20 | value='974' | fill=00000000 | rows=[19] | cols=[5] | col_header=False | row_header=False | metadata=False
Cell G20 | value='–' | fill=00000000 | rows=[19] | cols=[6] | col_header=False | row_header=False | metadata=False
Cell A21 | value='Weather-related curtailment' | fill=FF00B050 | rows=[20] | cols=[0] | col_header=False | row_header=True | metadata=False
Cell B21 | value='258' | fill=FF00B0F0 | rows=[20] | cols=[1] | col_header=False | row_header=False | metadata=True
Cell C21 | value='258' | fill=00000000 | rows=[20] | cols=[2] | col_header=False | row_header=False | metadata=False
Cell D21 | value='–' | fill=00000000 | rows=[20] | cols=[3] | col_header=False | row_header=False | metadata=False
Cell E21 | value='232' | fill=FF00B0F0 | rows=[20] | cols=[4] | col_header=False | row_header=False | metadata=True
Cell F21 | value='232' | fill=00000000 | rows=[20] | cols=[5] | col_header=False | row_header=False | metadata=False
Cell G21 | value='–' | fill=00000000 | rows=[20] | cols=[6] | col_header=False | row_header=False | metadata=False
Cell A22 | value='All other reasons' | fill=FF00B050 | rows=[21] | cols=[0] | col_header=False | row_header=True | metadata=False
Cell B22 | value='9236' | fill=FF00B0F0 | rows=[21] | cols=[1] | col_header=False | row_header=False | metadata=True
Cell C22 | value='2653' | fill=00000000 | rows=[21] | cols=[2] | col_header=False | row_header=False | metadata=False
Cell D22 | value='6583' | fill=00000000 | rows=[21] | cols=[3] | col_header=False | row_header=False | metadata=False
Cell E22 | value='9084' | fill=FF00B0F0 | rows=[21] | cols=[4] | col_header=False | row_header=False | metadata=True
Cell F22 | value='2619' | fill=00000000 | rows=[21] | cols=[5] | col_header=False | row_header=False | metadata=False
Cell G22 | value='6465' | fill=00000000 | rows=[21] | cols=[6] | col_header=False | row_header=False | metadata=False
Cell A24 | value='Average hours, economic reasons' | fill=FF00B050 | rows=[23] | cols=[0] | col_header=False | row_header=True | metadata=False
Cell B24 | value='23.1' | fill=FF00B0F0 | rows=[23] | cols=[1] | col_header=False | row_header=False | metadata=True
Cell C24 | value='23.6' | fill=00000000 | rows=[23] | cols=[2] | col_header=False | row_header=False | metadata=False
Cell D24 | value='22.8' | fill=00000000 | rows=[23] | cols=[3] | col_header=False | row_header=False | metadata=False
Cell E24 | value='23.1' | fill=FF00B0F0 | rows=[23] | cols=[4] | col_header=False | row_header=False | metadata=True
Cell F24 | value='23.6' | fill=00000000 | rows=[23] | cols=[5] | col_header=False | row_header=False | metadata=False
Cell G24 | value='22.8' | fill=00000000 | rows=[23] | cols=[6] | col_header=False | row_header=False | metadata=False
Cell A25 | value='Average hours, noneconomic reasons' | fill=FF00B050 | rows=[24] | cols=[0] | col_header=False | row_header=True | metadata=False
Cell B25 | value='21.3' | fill=FF00B0F0 | rows=[24] | cols=[1] | col_header=False | row_header=False | metadata=True
Cell C25 | value='24.7' | fill=00000000 | rows=[24] | cols=[2] | col_header=False | row_header=False | metadata=False
Cell D25 | value='19.9' | fill=00000000 | rows=[24] | cols=[3] | col_header=False | row_header=False | metadata=False
Cell E25 | value='21.3' | fill=FF00B0F0 | rows=[24] | cols=[4] | col_header=False | row_header=False | metadata=True
Cell F25 | value='24.7' | fill=00000000 | rows=[24] | cols=[5] | col_header=False | row_header=False | metadata=False
Cell G25 | value='20' | fill=00000000 | rows=[24] | cols=[6] | col_header=False | row_header=False | metadata=False

