=== food-table05.xlsx ===
Cell A1 | value='Year and qtr 1/' | fill=FFFFFF00 | rows=[0, 1] | cols=[0, 1] | col_header=True | row_header=True | metadata=False
Cell C1 | value='Production 2/' | fill=FFFFFF00 | rows=[0] | cols=[2, 3, 4, 5] | col_header=True | row_header=False | metadata=False
Cell G1 | value='Beginning stocks' | fill=FFFFFF00 | rows=[0, 1] | cols=[6] | col_header=True | row_header=False | metadata=False
Cell H1 | value='Imports' | fill=FFFFFF00 | rows=[0, 1] | cols=[7] | col_header=True | row_header=False | metadata=False
Cell I1 | value='Total
supply 5/' | fill=FF00B0F0 | rows=[0, 1] | cols=[8] | col_header=False | row_header=False | metadata=True
Cell J1 | value='Exports' | fill=FFFFFF00 | rows=[0, 1] | cols=[9] | col_header=True | row_header=False | metadata=False
Cell K1 | value='Ending stocks' | fill=FFFFFF00 | rows=[0, 1] | cols=[10] | col_header=True | row_header=False | metadata=False
Cell L1 | value='Total dis-
appearance
5/ 6/' | fill=FF00B0F0 | rows=[0, 1] | cols=[11] | col_header=False | row_header=False | metadata=True
Cell M1 | value='U.S. population 7/ (1,000 persons)' | fill=FFFFFF00 | rows=[0, 1] | cols=[12] | col_header=True | row_header=False | metadata=False
Cell N1 | value='Per capita disappearance (pounds)' | fill=FFFFFF00 | rows=[0] | cols=[13, 14, 15] | col_header=True | row_header=False | metadata=False
Cell C2 | value='Commercial' | fill=FFFFFF00 | rows=[1] | cols=[2] | col_header=True | row_header=False | metadata=False
Cell D2 | value='Other 3/' | fill=FFFFFF00 | rows=[1] | cols=[3] | col_header=True | row_header=False | metadata=False
Cell E2 | value='Total 4/' | fill=FF00B0F0 | rows=[1] | cols=[4, 5] | col_header=False | row_header=False | metadata=True
Cell N2 | value='Carcass weight' | fill=FFFFFF00 | rows=[1] | cols=[13] | col_header=True | row_header=False | metadata=False
Cell O2 | value='Retail weight' | fill=FFFFFF00 | rows=[1] | cols=[14] | col_header=True | row_header=False | metadata=False
Cell P2 | value='Boneless retail weight' | fill=FFFFFF00 | rows=[1] | cols=[15] | col_header=True | row_header=False | metadata=False
Cell A3 | value='2020' | fill=FF00B050 | rows=[2, 3, 4, 5, 6] | cols=[0] | col_header=False | row_header=True | metadata=False
Cell B3 | value='Q1 Jan-Mar' | fill=FF00B050 | rows=[2] | cols=[1] | col_header=False | row_header=True | metadata=False
Cell C3 | value='27130.5691' | fill=00000000 | rows=[2] | cols=[2] | col_header=False | row_header=False | metadata=False
Cell D3 | value='33.3068' | fill=00000000 | rows=[2] | cols=[3] | col_header=False | row_header=False | metadata=False
Cell E3 | value='27163.8759' | fill=FF00B0F0 | rows=[2] | cols=[4, 5] | col_header=False | row_header=False | metadata=True
Cell G3 | value='2504.305' | fill=00000000 | rows=[2] | cols=[6] | col_header=False | row_header=False | metadata=False
Cell H3 | value='1124.179' | fill=00000000 | rows=[2] | cols=[7] | col_header=False | row_header=False | metadata=False
Cell I3 | value='30792.3599' | fill=FF00B0F0 | rows=[2] | cols=[8] | col_header=False | row_header=False | metadata=True
Cell J3 | value='4809.749' | fill=00000000 | rows=[2] | cols=[9] | col_header=False | row_header=False | metadata=False
Cell K3 | value='2661.711' | fill=00000000 | rows=[2] | cols=[10] | col_header=False | row_header=False | metadata=False
Cell L3 | value='23320.8999' | fill=FF00B0F0 | rows=[2] | cols=[11] | col_header=False | row_header=False | metadata=True
Cell M3 | value='329865.7' | fill=00000000 | rows=[2] | cols=[12] | col_header=False | row_header=False | metadata=False
Cell N3 | value='70.6983' | fill=00000000 | rows=[2] | cols=[13] | col_header=False | row_header=False | metadata=False
Cell O3 | value='56.5455' | fill=00000000 | rows=[2] | cols=[14] | col_header=False | row_header=False | metadata=False
Cell P3 | value='46.8199' | fill=00000000 | rows=[2] | cols=[15] | col_header=False | row_header=False | metadata=False
Cell B4 | value='Q2 Apr-Jun' | fill=FF00B050 | rows=[3] | cols=[1] | col_header=False | row_header=True | metadata=False
Cell C4 | value='24752.7435' | fill=00000000 | rows=[3] | cols=[2] | col_header=False | row_header=False | metadata=False
Cell D4 | value='13.9083' | fill=00000000 | rows=[3] | cols=[3] | col_header=False | row_header=False | metadata=False
Cell E4 | value='24766.6518' | fill=FF00B0F0 | rows=[3] | cols=[4, 5] | col_header=False | row_header=False | metadata=True
Cell G4 | value='2661.711' | fill=00000000 | rows=[3] | cols=[6] | col_header=False | row_header=False | metadata=False
Cell H4 | value='1171.647' | fill=00000000 | rows=[3] | cols=[7] | col_header=False | row_header=False | metadata=False
Cell I4 | value='28600.0098' | fill=FF00B0F0 | rows=[3] | cols=[8] | col_header=False | row_header=False | metadata=True
Cell J4 | value='4256.008' | fill=00000000 | rows=[3] | cols=[9] | col_header=False | row_header=False | metadata=False
Cell K4 | value='2450.716' | fill=00000000 | rows=[3] | cols=[10] | col_header=False | row_header=False | metadata=False
Cell L4 | value='21893.2858' | fill=FF00B0F0 | rows=[3] | cols=[11] | col_header=False | row_header=False | metadata=True
Cell M4 | value='331714.6' | fill=00000000 | rows=[3] | cols=[12] | col_header=False | row_header=False | metadata=False
Cell N4 | value='66.0003' | fill=00000000 | rows=[3] | cols=[13] | col_header=False | row_header=False | metadata=False
Cell O4 | value='52.94' | fill=00000000 | rows=[3] | cols=[14] | col_header=False | row_header=False | metadata=False
Cell P4 | value='43.5913' | fill=00000000 | rows=[3] | cols=[15] | col_header=False | row_header=False | metadata=False
Cell B5 | value='Q3 Jul-Sep' | fill=FF00B050 | rows=[4] | cols=[1] | col_header=False | row_header=True | metadata=False
Cell C5 | value='27049.9032' | fill=00000000 | rows=[4] | cols=[2] | col_header=False | row_header=False | metadata=False
Cell D5 | value='13.8888' | fill=00000000 | rows=[4] | cols=[3] | col_header=False | row_header=False | metadata=False
Cell E5 | value='27063.792' | fill=FF00B0F0 | rows=[4] | cols=[4, 5] | col_header=False | row_header=False | metadata=True
Cell G5 | value='2450.716' | fill=00000000 | rows=[4] | cols=[6] | col_header=False | row_header=False | metadata=False
Cell H5 | value='1361.944' | fill=00000000 | rows=[4] | cols=[7] | col_header=False | row_header=False | metadata=False
Cell I5 | value='30876.452' | fill=FF00B0F0 | rows=[4] | cols=[8] | col_header=False | row_header=False | metadata=True
Cell J5 | value='4367.142' | fill=00000000 | rows=[4] | cols=[9] | col_header=False | row_header=False | metadata=False
Cell K5 | value='2538.537' | fill=00000000 | rows=[4] | cols=[10] | col_header=False | row_header=False | metadata=False
Cell L5 | value='23970.773' | fill=FF00B0F0 | rows=[4] | cols=[11] | col_header=False | row_header=False | metadata=True
Cell M5 | value='331886.4' | fill=00000000 | rows=[4] | cols=[12] | col_header=False | row_header=False | metadata=False
Cell N5 | value='72.2257' | fill=00000000 | rows=[4] | cols=[13] | col_header=False | row_header=False | metadata=False
Cell O5 | value='57.7229' | fill=00000000 | rows=[4] | cols=[14] | col_header=False | row_header=False | metadata=False
Cell P5 | value='47.8746' | fill=00000000 | rows=[4] | cols=[15] | col_header=False | row_header=False | metadata=False
Cell B6 | value='Q4 Oct-Dec' | fill=FF00B050 | rows=[5] | cols=[1] | col_header=False | row_header=True | metadata=False
Cell C6 | value='27144.7554' | fill=00000000 | rows=[5] | cols=[2] | col_header=False | row_header=False | metadata=False
Cell D6 | value='32.9961' | fill=00000000 | rows=[5] | cols=[3] | col_header=False | row_header=False | metadata=False
Cell E6 | value='27177.7515' | fill=FF00B0F0 | rows=[5] | cols=[4, 5] | col_header=False | row_header=False | metadata=True
Cell G6 | value='2538.537' | fill=00000000 | rows=[5] | cols=[6] | col_header=False | row_header=False | metadata=False
Cell H6 | value='1054.751' | fill=00000000 | rows=[5] | cols=[7] | col_header=False | row_header=False | metadata=False
Cell I6 | value='30771.0395' | fill=FF00B0F0 | rows=[5] | cols=[8] | col_header=False | row_header=False | metadata=True
Cell J6 | value='4815.251' | fill=00000000 | rows=[5] | cols=[9] | col_header=False | row_header=False | metadata=False
Cell K6 | value='2274.479' | fill=00000000 | rows=[5] | cols=[10] | col_header=False | row_header=False | metadata=False
Cell L6 | value='23681.3095' | fill=FF00B0F0 | rows=[5] | cols=[11] | col_header=False | row_header=False | metadata=True
Cell M6 | value='332208.9' | fill=00000000 | rows=[5] | cols=[12] | col_header=False | row_header=False | metadata=False
Cell N6 | value='71.2844' | fill=00000000 | rows=[5] | cols=[13] | col_header=False | row_header=False | metadata=False
Cell O6 | value='57.1815' | fill=00000000 | rows=[5] | cols=[14] | col_header=False | row_header=False | metadata=False
Cell P6 | value='47.4916' | fill=00000000 | rows=[5] | cols=[15] | col_header=False | row_header=False | metadata=False
Cell B7 | value='Yr Jan-Dec' | fill=FF00B050 | rows=[6] | cols=[1] | col_header=False | row_header=True | metadata=False
Cell C7 | value='106077.9712' | fill=00000000 | rows=[6] | cols=[2] | col_header=False | row_header=False | metadata=False
Cell D7 | value='94.1' | fill=00000000 | rows=[6] | cols=[3] | col_header=False | row_header=False | metadata=False
Cell E7 | value='106172.0712' | fill=FF00B0F0 | rows=[6] | cols=[4, 5] | col_header=False | row_header=False | metadata=True
Cell G7 | value='2504.305' | fill=00000000 | rows=[6] | cols=[6] | col_header=False | row_header=False | metadata=False
Cell H7 | value='4712.521' | fill=00000000 | rows=[6] | cols=[7] | col_header=False | row_header=False | metadata=False
Cell I7 | value='113388.8972' | fill=FF00B0F0 | rows=[6] | cols=[8] | col_header=False | row_header=False | metadata=True
Cell J7 | value='18248.15' | fill=00000000 | rows=[6] | cols=[9] | col_header=False | row_header=False | metadata=False
Cell K7 | value='2274.479' | fill=00000000 | rows=[6] | cols=[10] | col_header=False | row_header=False | metadata=False
Cell L7 | value='92866.2682' | fill=FF00B0F0 | rows=[6] | cols=[11] | col_header=False | row_header=False | metadata=True
Cell M7 | value='331419.1' | fill=00000000 | rows=[6] | cols=[12] | col_header=False | row_header=False | metadata=False
Cell N7 | value='280.208' | fill=00000000 | rows=[6] | cols=[13] | col_header=False | row_header=False | metadata=False
Cell O7 | value='224.3898' | fill=00000000 | rows=[6] | cols=[14] | col_header=False | row_header=False | metadata=False
Cell P7 | value='185.7776' | fill=00000000 | rows=[6] | cols=[15] | col_header=False | row_header=False | metadata=False
Cell A8 | value='2021' | fill=FF00B050 | rows=[7, 8, 9, 10, 11] | cols=[0] | col_header=False | row_header=True | metadata=False
Cell B8 | value='Q1 Jan-Mar' | fill=FF00B050 | rows=[7] | cols=[1] | col_header=False | row_header=True | metadata=False
Cell C8 | value='26534.0293' | fill=00000000 | rows=[7] | cols=[2] | col_header=False | row_header=False | metadata=False
Cell D8 | value='32.4619' | fill=00000000 | rows=[7] | cols=[3] | col_header=False | row_header=False | metadata=False
Cell E8 | value='26566.4912' | fill=FF00B0F0 | rows=[7] | cols=[4, 5] | col_header=False | row_header=False | metadata=True
Cell G8 | value='2274.479' | fill=00000000 | rows=[7] | cols=[6] | col_header=False | row_header=False | metadata=False
Cell H8 | value='1048.359' | fill=00000000 | rows=[7] | cols=[7] | col_header=False | row_header=False | metadata=False
Cell I8 | value='29889.3292' | fill=FF00B0F0 | rows=[7] | cols=[8] | col_header=False | row_header=False | metadata=True
Cell J8 | value='4704.474' | fill=00000000 | rows=[7] | cols=[9] | col_header=False | row_header=False | metadata=False
Cell K8 | value='2237.184' | fill=00000000 | rows=[7] | cols=[10] | col_header=False | row_header=False | metadata=False
Cell L8 | value='22947.6712' | fill=FF00B0F0 | rows=[7] | cols=[11] | col_header=False | row_header=False | metadata=True
Cell M8 | value='332004.7' | fill=00000000 | rows=[7] | cols=[12] | col_header=False | row_header=False | metadata=False
Cell N8 | value='69.1185' | fill=00000000 | rows=[7] | cols=[13] | col_header=False | row_header=False | metadata=False
Cell O8 | value='55.2078' | fill=00000000 | rows=[7] | cols=[14] | col_header=False | row_header=False | metadata=False
Cell P8 | value='45.8045' | fill=00000000 | rows=[7] | cols=[15] | col_header=False | row_header=False | metadata=False
Cell B9 | value='Q2 Apr-Jun' | fill=FF00B050 | rows=[8] | cols=[1] | col_header=False | row_header=True | metadata=False
Cell C9 | value='26329.9217' | fill=00000000 | rows=[8] | cols=[2] | col_header=False | row_header=False | metadata=False
Cell D9 | value='13.5603' | fill=00000000 | rows=[8] | cols=[3] | col_header=False | row_header=False | metadata=False
Cell E9 | value='26343.482' | fill=FF00B0F0 | rows=[8] | cols=[4, 5] | col_header=False | row_header=False | metadata=True
Cell G9 | value='2237.184' | fill=00000000 | rows=[8] | cols=[6] | col_header=False | row_header=False | metadata=False
Cell H9 | value='1266.343' | fill=00000000 | rows=[8] | cols=[7] | col_header=False | row_header=False | metadata=False
Cell I9 | value='29847.009' | fill=FF00B0F0 | rows=[8] | cols=[8] | col_header=False | row_header=False | metadata=True
Cell J9 | value='4696.217' | fill=00000000 | rows=[8] | cols=[9] | col_header=False | row_header=False | metadata=False
Cell K9 | value='2168.331' | fill=00000000 | rows=[8] | cols=[10] | col_header=False | row_header=False | metadata=False
Cell L9 | value='22982.461' | fill=FF00B0F0 | rows=[8] | cols=[11] | col_header=False | row_header=False | metadata=True
Cell M9 | value='332166.3' | fill=00000000 | rows=[8] | cols=[12] | col_header=False | row_header=False | metadata=False
Cell N9 | value='69.1897' | fill=00000000 | rows=[8] | cols=[13] | col_header=False | row_header=False | metadata=False
Cell O9 | value='55.3709' | fill=00000000 | rows=[8] | cols=[14] | col_header=False | row_header=False | metadata=False
Cell P9 | value='45.7152' | fill=00000000 | rows=[8] | cols=[15] | col_header=False | row_header=False | metadata=False
Cell B10 | value='Q3 Jul-Sep' | fill=FF00B050 | rows=[9] | cols=[1] | col_header=False | row_header=True | metadata=False
Cell C10 | value='26554.6062' | fill=00000000 | rows=[9] | cols=[2] | col_header=False | row_header=False | metadata=False
Cell D10 | value='13.5873' | fill=00000000 | rows=[9] | cols=[3] | col_header=False | row_header=False | metadata=False
Cell E10 | value='26568.1935' | fill=FF00B0F0 | rows=[9] | cols=[4, 5] | col_header=False | row_header=False | metadata=True
Cell G10 | value='2168.331' | fill=00000000 | rows=[9] | cols=[6] | col_header=False | row_header=False | metadata=False
Cell H10 | value='1375.318' | fill=00000000 | rows=[9] | cols=[7] | col_header=False | row_header=False | metadata=False
Cell I10 | value='30111.8425' | fill=FF00B0F0 | rows=[9] | cols=[8] | col_header=False | row_header=False | metadata=True
Cell J10 | value='4447.386' | fill=00000000 | rows=[9] | cols=[9] | col_header=False | row_header=False | metadata=False
Cell K10 | value='2267.475' | fill=00000000 | rows=[9] | cols=[10] | col_header=False | row_header=False | metadata=False
Cell L10 | value='23396.9815' | fill=FF00B0F0 | rows=[9] | cols=[11] | col_header=False | row_header=False | metadata=True
Cell M10 | value='332497' | fill=00000000 | rows=[9] | cols=[12] | col_header=False | row_header=False | metadata=False
Cell N10 | value='70.3675' | fill=00000000 | rows=[9] | cols=[13] | col_header=False | row_header=False | metadata=False
Cell O10 | value='56.4108' | fill=00000000 | rows=[9] | cols=[14] | col_header=False | row_header=False | metadata=False
Cell P10 | value='46.5085' | fill=00000000 | rows=[9] | cols=[15] | col_header=False | row_header=False | metadata=False
Cell B11 | value='Q4 Oct-Dec' | fill=FF00B050 | rows=[10] | cols=[1] | col_header=False | row_header=True | metadata=False
Cell C11 | value='26909.9404' | fill=00000000 | rows=[10] | cols=[2] | col_header=False | row_header=False | metadata=False
Cell D11 | value='32.2905' | fill=00000000 | rows=[10] | cols=[3] | col_header=False | row_header=False | metadata=False
Cell E11 | value='26942.2309' | fill=FF00B0F0 | rows=[10] | cols=[4, 5] | col_header=False | row_header=False | metadata=True
Cell G11 | value='2267.475' | fill=00000000 | rows=[10] | cols=[6] | col_header=False | row_header=False | metadata=False
Cell H11 | value='1378.695' | fill=00000000 | rows=[10] | cols=[7] | col_header=False | row_header=False | metadata=False
Cell I11 | value='30588.4009' | fill=FF00B0F0 | rows=[10] | cols=[8] | col_header=False | row_header=False | metadata=True
Cell J11 | value='4541.253' | fill=00000000 | rows=[10] | cols=[9] | col_header=False | row_header=False | metadata=False
Cell K11 | value='2021.026' | fill=00000000 | rows=[10] | cols=[10] | col_header=False | row_header=False | metadata=False
Cell L11 | value='24026.1219' | fill=FF00B0F0 | rows=[10] | cols=[11] | col_header=False | row_header=False | metadata=True
Cell M11 | value='332802.8' | fill=00000000 | rows=[10] | cols=[12] | col_header=False | row_header=False | metadata=False
Cell N11 | value='72.1935' | fill=00000000 | rows=[10] | cols=[13] | col_header=False | row_header=False | metadata=False
Cell O11 | value='57.8464' | fill=00000000 | rows=[10] | cols=[14] | col_header=False | row_header=False | metadata=False
Cell P11 | value='48.0296' | fill=00000000 | rows=[10] | cols=[15] | col_header=False | row_header=False | metadata=False
Cell B12 | value='Yr Jan-Dec' | fill=FF00B050 | rows=[11] | cols=[1] | col_header=False | row_header=True | metadata=False
Cell C12 | value='106328.4975' | fill=00000000 | rows=[11] | cols=[2] | col_header=False | row_header=False | metadata=False
Cell D12 | value='91.9' | fill=00000000 | rows=[11] | cols=[3] | col_header=False | row_header=False | metadata=False
Cell E12 | value='106420.3975' | fill=FF00B0F0 | rows=[11] | cols=[4, 5] | col_header=False | row_header=False | metadata=True
Cell G12 | value='2274.479' | fill=00000000 | rows=[11] | cols=[6] | col_header=False | row_header=False | metadata=False
Cell H12 | value='5068.715' | fill=00000000 | rows=[11] | cols=[7] | col_header=False | row_header=False | metadata=False
Cell I12 | value='113763.5915' | fill=FF00B0F0 | rows=[11] | cols=[8] | col_header=False | row_header=False | metadata=True
Cell J12 | value='18389.33' | fill=00000000 | rows=[11] | cols=[9] | col_header=False | row_header=False | metadata=False
Cell K12 | value='2021.026' | fill=00000000 | rows=[11] | cols=[10] | col_header=False | row_header=False | metadata=False
Cell L12 | value='93353.2355' | fill=FF00B0F0 | rows=[11] | cols=[11] | col_header=False | row_header=False | metadata=True
Cell M12 | value='332367.5' | fill=00000000 | rows=[11] | cols=[12] | col_header=False | row_header=False | metadata=False
Cell N12 | value='280.8736' | fill=00000000 | rows=[11] | cols=[13] | col_header=False | row_header=False | metadata=False
Cell O12 | value='224.8397' | fill=00000000 | rows=[11] | cols=[14] | col_header=False | row_header=False | metadata=False
Cell P12 | value='186.0612' | fill=00000000 | rows=[11] | cols=[15] | col_header=False | row_header=False | metadata=False
Cell A13 | value='2022' | fill=FF00B050 | rows=[12, 13, 14, 15, 16] | cols=[0] | col_header=False | row_header=True | metadata=False
Cell B13 | value='Q1 Jan-Mar' | fill=FF00B050 | rows=[12] | cols=[1] | col_header=False | row_header=True | metadata=False
Cell C13 | value='26531.487' | fill=00000000 | rows=[12] | cols=[2] | col_header=False | row_header=False | metadata=False
Cell D13 | value='32.5985' | fill=00000000 | rows=[12] | cols=[3] | col_header=False | row_header=False | metadata=False
Cell E13 | value='26564.0855' | fill=FF00B0F0 | rows=[12] | cols=[4, 5] | col_header=False | row_header=False | metadata=True
Cell G13 | value='2021.026' | fill=00000000 | rows=[12] | cols=[6] | col_header=False | row_header=False | metadata=False
Cell H13 | value='1481.92' | fill=00000000 | rows=[12] | cols=[7] | col_header=False | row_header=False | metadata=False
Cell I13 | value='30067.0315' | fill=FF00B0F0 | rows=[12] | cols=[8] | col_header=False | row_header=False | metadata=True
Cell J13 | value='4329.961' | fill=00000000 | rows=[12] | cols=[9] | col_header=False | row_header=False | metadata=False
Cell K13 | value='2333.438' | fill=00000000 | rows=[12] | cols=[10] | col_header=False | row_header=False | metadata=False
Cell L13 | value='23403.6325' | fill=FF00B0F0 | rows=[12] | cols=[11] | col_header=False | row_header=False | metadata=True
Cell M13 | value='332990.6' | fill=00000000 | rows=[12] | cols=[12] | col_header=False | row_header=False | metadata=False
Cell N13 | value='70.283' | fill=00000000 | rows=[12] | cols=[13] | col_header=False | row_header=False | metadata=False
Cell O13 | value='56.0929' | fill=00000000 | rows=[12] | cols=[14] | col_header=False | row_header=False | metadata=False
Cell P13 | value='46.5631' | fill=00000000 | rows=[12] | cols=[15] | col_header=False | row_header=False | metadata=False
Cell B14 | value='Q2 Apr-Jun' | fill=FF00B050 | rows=[13] | cols=[1] | col_header=False | row_header=True | metadata=False
Cell C14 | value='26334.6558' | fill=00000000 | rows=[13] | cols=[2] | col_header=False | row_header=False | metadata=False
Cell D14 | value='13.8704' | fill=00000000 | rows=[13] | cols=[3] | col_header=False | row_header=False | metadata=False
Cell E14 | value='26348.5262' | fill=FF00B0F0 | rows=[13] | cols=[4, 5] | col_header=False | row_header=False | metadata=True
Cell G14 | value='2333.438' | fill=00000000 | rows=[13] | cols=[6] | col_header=False | row_header=False | metadata=False
Cell H14 | value='1380.95' | fill=00000000 | rows=[13] | cols=[7] | col_header=False | row_header=False | metadata=False
Cell I14 | value='30062.9142' | fill=FF00B0F0 | rows=[13] | cols=[8] | col_header=False | row_header=False | metadata=True
Cell J14 | value='4476.319' | fill=00000000 | rows=[13] | cols=[9] | col_header=False | row_header=False | metadata=False
Cell K14 | value='2464.023' | fill=00000000 | rows=[13] | cols=[10] | col_header=False | row_header=False | metadata=False
Cell L14 | value='23122.5722' | fill=FF00B0F0 | rows=[13] | cols=[11] | col_header=False | row_header=False | metadata=True
Cell M14 | value='333320.6' | fill=00000000 | rows=[13] | cols=[12] | col_header=False | row_header=False | metadata=False
Cell N14 | value='69.3705' | fill=00000000 | rows=[13] | cols=[13] | col_header=False | row_header=False | metadata=False
Cell O14 | value='55.4385' | fill=00000000 | rows=[13] | cols=[14] | col_header=False | row_header=False | metadata=False
Cell P14 | value='45.8393' | fill=00000000 | rows=[13] | cols=[15] | col_header=False | row_header=False | metadata=False
Cell B15 | value='Q3 Jul-Sep' | fill=FF00B050 | rows=[14] | cols=[1] | col_header=False | row_header=True | metadata=False
Cell C15 | value='26907.8685' | fill=00000000 | rows=[14] | cols=[2] | col_header=False | row_header=False | metadata=False
Cell D15 | value='13.8039' | fill=00000000 | rows=[14] | cols=[3] | col_header=False | row_header=False | metadata=False
Cell E15 | value='26921.6724' | fill=FF00B0F0 | rows=[14] | cols=[4, 5] | col_header=False | row_header=False | metadata=True
Cell G15 | value='2464.023' | fill=00000000 | rows=[14] | cols=[6] | col_header=False | row_header=False | metadata=False
Cell H15 | value='1285.383' | fill=00000000 | rows=[14] | cols=[7] | col_header=False | row_header=False | metadata=False
Cell I15 | value='30671.0784' | fill=FF00B0F0 | rows=[14] | cols=[8] | col_header=False | row_header=False | metadata=True
Cell J15 | value='4247.021' | fill=00000000 | rows=[14] | cols=[9] | col_header=False | row_header=False | metadata=False
Cell K15 | value='2555.955' | fill=00000000 | rows=[14] | cols=[10] | col_header=False | row_header=False | metadata=False
Cell L15 | value='23868.1024' | fill=FF00B0F0 | rows=[14] | cols=[11] | col_header=False | row_header=False | metadata=True
Cell M15 | value='333762.4' | fill=00000000 | rows=[14] | cols=[12] | col_header=False | row_header=False | metadata=False
Cell N15 | value='71.5124' | fill=00000000 | rows=[14] | cols=[13] | col_header=False | row_header=False | metadata=False
Cell O15 | value='57.3408' | fill=00000000 | rows=[14] | cols=[14] | col_header=False | row_header=False | metadata=False
Cell P15 | value='47.2017' | fill=00000000 | rows=[14] | cols=[15] | col_header=False | row_header=False | metadata=False
Cell B16 | value='Q4 Oct-Dec' | fill=FF00B050 | rows=[15] | cols=[1] | col_header=False | row_header=True | metadata=False
Cell C16 | value='27201.405' | fill=00000000 | rows=[15] | cols=[2] | col_header=False | row_header=False | metadata=False
Cell D16 | value='32.3732' | fill=00000000 | rows=[15] | cols=[3] | col_header=False | row_header=False | metadata=False
Cell E16 | value='27233.7782' | fill=FF00B0F0 | rows=[15] | cols=[4, 5] | col_header=False | row_header=False | metadata=True
Cell G16 | value='2555.955' | fill=00000000 | rows=[15] | cols=[6] | col_header=False | row_header=False | metadata=False
Cell H16 | value='1212.214' | fill=00000000 | rows=[15] | cols=[7] | col_header=False | row_header=False | metadata=False
Cell I16 | value='31001.9472' | fill=FF00B0F0 | rows=[15] | cols=[8] | col_header=False | row_header=False | metadata=True
Cell J16 | value='4555.451' | fill=00000000 | rows=[15] | cols=[9] | col_header=False | row_header=False | metadata=False
Cell K16 | value='2342.956' | fill=00000000 | rows=[15] | cols=[10] | col_header=False | row_header=False | metadata=False
Cell L16 | value='24103.5402' | fill=FF00B0F0 | rows=[15] | cols=[11] | col_header=False | row_header=False | metadata=True
Cell M16 | value='334200.7' | fill=00000000 | rows=[15] | cols=[12] | col_header=False | row_header=False | metadata=False
Cell N16 | value='72.1229' | fill=00000000 | rows=[15] | cols=[13] | col_header=False | row_header=False | metadata=False
Cell O16 | value='57.9246' | fill=00000000 | rows=[15] | cols=[14] | col_header=False | row_header=False | metadata=False
Cell P16 | value='47.793' | fill=00000000 | rows=[15] | cols=[15] | col_header=False | row_header=False | metadata=False
Cell B17 | value='Yr Jan-Dec' | fill=FF00B050 | rows=[16] | cols=[1] | col_header=False | row_header=True | metadata=False
Cell C17 | value='106975.4162' | fill=00000000 | rows=[16] | cols=[2] | col_header=False | row_header=False | metadata=False
Cell D17 | value='92.5' | fill=00000000 | rows=[16] | cols=[3] | col_header=False | row_header=False | metadata=False
Cell E17 | value='107067.9162' | fill=FF00B0F0 | rows=[16] | cols=[4, 5] | col_header=False | row_header=False | metadata=True
Cell G17 | value='2021.026' | fill=00000000 | rows=[16] | cols=[6] | col_header=False | row_header=False | metadata=False
Cell H17 | value='5360.467' | fill=00000000 | rows=[16] | cols=[7] | col_header=False | row_header=False | metadata=False
Cell I17 | value='114449.4092' | fill=FF00B0F0 | rows=[16] | cols=[8] | col_header=False | row_header=False | metadata=True
Cell J17 | value='17608.752' | fill=00000000 | rows=[16] | cols=[9] | col_header=False | row_header=False | metadata=False
Cell K17 | value='2342.956' | fill=00000000 | rows=[16] | cols=[10] | col_header=False | row_header=False | metadata=False
Cell L17 | value='94497.7012' | fill=FF00B0F0 | rows=[16] | cols=[11] | col_header=False | row_header=False | metadata=True
Cell M17 | value='333568.5' | fill=00000000 | rows=[16] | cols=[12] | col_header=False | row_header=False | metadata=False
Cell N17 | value='283.2932' | fill=00000000 | rows=[16] | cols=[13] | col_header=False | row_header=False | metadata=False
Cell O17 | value='226.8012' | fill=00000000 | rows=[16] | cols=[14] | col_header=False | row_header=False | metadata=False
Cell P17 | value='187.4002' | fill=00000000 | rows=[16] | cols=[15] | col_header=False | row_header=False | metadata=False
Cell A18 | value='2023' | fill=FF00B050 | rows=[17, 18, 19, 20, 21] | cols=[0] | col_header=False | row_header=True | metadata=False
Cell B18 | value='Q1 Jan-Mar' | fill=FF00B050 | rows=[17] | cols=[1] | col_header=False | row_header=True | metadata=False
Cell C18 | value='26857.2992' | fill=00000000 | rows=[17] | cols=[2] | col_header=False | row_header=False | metadata=False
Cell D18 | value='32.1705' | fill=00000000 | rows=[17] | cols=[3] | col_header=False | row_header=False | metadata=False
Cell E18 | value='26889.4697' | fill=FF00B0F0 | rows=[17] | cols=[4, 5] | col_header=False | row_header=False | metadata=True
Cell G18 | value='2342.956' | fill=00000000 | rows=[17] | cols=[6] | col_header=False | row_header=False | metadata=False
Cell H18 | value='1372.071' | fill=00000000 | rows=[17] | cols=[7] | col_header=False | row_header=False | metadata=False
Cell I18 | value='30604.4967' | fill=FF00B0F0 | rows=[17] | cols=[8] | col_header=False | row_header=False | metadata=True
Cell J18 | value='4413.213' | fill=00000000 | rows=[17] | cols=[9] | col_header=False | row_header=False | metadata=False
Cell K18 | value='2410.968' | fill=00000000 | rows=[17] | cols=[10] | col_header=False | row_header=False | metadata=False
Cell L18 | value='23780.3157' | fill=FF00B0F0 | rows=[17] | cols=[11] | col_header=False | row_header=False | metadata=True
Cell M18 | value='334547.3' | fill=00000000 | rows=[17] | cols=[12] | col_header=False | row_header=False | metadata=False
Cell N18 | value='71.0822' | fill=00000000 | rows=[17] | cols=[13] | col_header=False | row_header=False | metadata=False
Cell O18 | value='56.8308' | fill=00000000 | rows=[17] | cols=[14] | col_header=False | row_header=False | metadata=False
Cell P18 | value='47.0026' | fill=00000000 | rows=[17] | cols=[15] | col_header=False | row_header=False | metadata=False
Cell B19 | value='Q2 Apr-Jun' | fill=FF00B050 | rows=[18] | cols=[1] | col_header=False | row_header=True | metadata=False
Cell C19 | value='26332.9845' | fill=00000000 | rows=[18] | cols=[2] | col_header=False | row_header=False | metadata=False
Cell D19 | value='13.6118' | fill=00000000 | rows=[18] | cols=[3] | col_header=False | row_header=False | metadata=False
Cell E19 | value='26346.5963' | fill=FF00B0F0 | rows=[18] | cols=[4, 5] | col_header=False | row_header=False | metadata=True
Cell G19 | value='2410.968' | fill=00000000 | rows=[18] | cols=[6] | col_header=False | row_header=False | metadata=False
Cell H19 | value='1265.997' | fill=00000000 | rows=[18] | cols=[7] | col_header=False | row_header=False | metadata=False
Cell I19 | value='30023.5613' | fill=FF00B0F0 | rows=[18] | cols=[8] | col_header=False | row_header=False | metadata=True
Cell J19 | value='4519.477' | fill=00000000 | rows=[18] | cols=[9] | col_header=False | row_header=False | metadata=False
Cell K19 | value='2382.269' | fill=00000000 | rows=[18] | cols=[10] | col_header=False | row_header=False | metadata=False
Cell L19 | value='23121.8153' | fill=FF00B0F0 | rows=[18] | cols=[11] | col_header=False | row_header=False | metadata=True
Cell M19 | value='334934.8' | fill=00000000 | rows=[18] | cols=[12] | col_header=False | row_header=False | metadata=False
Cell N19 | value='69.034' | fill=00000000 | rows=[18] | cols=[13] | col_header=False | row_header=False | metadata=False
Cell O19 | value='55.326' | fill=00000000 | rows=[18] | cols=[14] | col_header=False | row_header=False | metadata=False
Cell P19 | value='45.5793' | fill=00000000 | rows=[18] | cols=[15] | col_header=False | row_header=False | metadata=False
Cell B20 | value='Q3 Jul-Sep' | fill=FF00B050 | rows=[19] | cols=[1] | col_header=False | row_header=True | metadata=False
Cell C20 | value='26222.9709' | fill=00000000 | rows=[19] | cols=[2] | col_header=False | row_header=False | metadata=False
Cell D20 | value='13.5829' | fill=00000000 | rows=[19] | cols=[3] | col_header=False | row_header=False | metadata=False
Cell E20 | value='26236.5538' | fill=FF00B0F0 | rows=[19] | cols=[4, 5] | col_header=False | row_header=False | metadata=True
Cell G20 | value='2382.269' | fill=00000000 | rows=[19] | cols=[6] | col_header=False | row_header=False | metadata=False
Cell H20 | value='1360.459' | fill=00000000 | rows=[19] | cols=[7] | col_header=False | row_header=False | metadata=False
Cell I20 | value='29979.2818' | fill=FF00B0F0 | rows=[19] | cols=[8] | col_header=False | row_header=False | metadata=True
Cell J20 | value='4178.376' | fill=00000000 | rows=[19] | cols=[9] | col_header=False | row_header=False | metadata=False
Cell K20 | value='2327.06' | fill=00000000 | rows=[19] | cols=[10] | col_header=False | row_header=False | metadata=False
Cell L20 | value='23473.8458' | fill=FF00B0F0 | rows=[19] | cols=[11] | col_header=False | row_header=False | metadata=True
Cell M20 | value='335429.9' | fill=00000000 | rows=[19] | cols=[12] | col_header=False | row_header=False | metadata=False
Cell N20 | value='69.9813' | fill=00000000 | rows=[19] | cols=[13] | col_header=False | row_header=False | metadata=False
Cell O20 | value='56.1587' | fill=00000000 | rows=[19] | cols=[14] | col_header=False | row_header=False | metadata=False
Cell P20 | value='46.1999' | fill=00000000 | rows=[19] | cols=[15] | col_header=False | row_header=False | metadata=False
Cell B21 | value='Q4 Oct-Dec' | fill=FF00B050 | rows=[20] | cols=[1] | col_header=False | row_header=True | metadata=False
Cell C21 | value='26969.3974' | fill=00000000 | rows=[20] | cols=[2] | col_header=False | row_header=False | metadata=False
Cell D21 | value='31.9659' | fill=00000000 | rows=[20] | cols=[3] | col_header=False | row_header=False | metadata=False
Cell E21 | value='27001.3633' | fill=FF00B0F0 | rows=[20] | cols=[4, 5] | col_header=False | row_header=False | metadata=True
Cell G21 | value='2327.06' | fill=00000000 | rows=[20] | cols=[6] | col_header=False | row_header=False | metadata=False
Cell H21 | value='1330.927' | fill=00000000 | rows=[20] | cols=[7] | col_header=False | row_header=False | metadata=False
Cell I21 | value='30659.3503' | fill=FF00B0F0 | rows=[20] | cols=[8] | col_header=False | row_header=False | metadata=True
Cell J21 | value='4526.327' | fill=00000000 | rows=[20] | cols=[9] | col_header=False | row_header=False | metadata=False
Cell K21 | value='2215.16' | fill=00000000 | rows=[20] | cols=[10] | col_header=False | row_header=False | metadata=False
Cell L21 | value='23917.8633' | fill=FF00B0F0 | rows=[20] | cols=[11] | col_header=False | row_header=False | metadata=True
Cell M21 | value='335923.7' | fill=00000000 | rows=[20] | cols=[12] | col_header=False | row_header=False | metadata=False
Cell N21 | value='71.2005' | fill=00000000 | rows=[20] | cols=[13] | col_header=False | row_header=False | metadata=False
Cell O21 | value='57.1221' | fill=00000000 | rows=[20] | cols=[14] | col_header=False | row_header=False | metadata=False
Cell P21 | value='47.1897' | fill=00000000 | rows=[20] | cols=[15] | col_header=False | row_header=False | metadata=False
Cell B22 | value='Yr Jan-Dec' | fill=FF00B050 | rows=[21] | cols=[1] | col_header=False | row_header=True | metadata=False
Cell C22 | value='106382.6521' | fill=00000000 | rows=[21] | cols=[2] | col_header=False | row_header=False | metadata=False
Cell D22 | value='91.7' | fill=00000000 | rows=[21] | cols=[3] | col_header=False | row_header=False | metadata=False
Cell E22 | value='106474.3521' | fill=FF00B0F0 | rows=[21] | cols=[4, 5] | col_header=False | row_header=False | metadata=True
Cell G22 | value='2342.956' | fill=00000000 | rows=[21] | cols=[6] | col_header=False | row_header=False | metadata=False
Cell H22 | value='5329.454' | fill=00000000 | rows=[21] | cols=[7] | col_header=False | row_header=False | metadata=False
Cell I22 | value='114146.7621' | fill=FF00B0F0 | rows=[21] | cols=[8] | col_header=False | row_header=False | metadata=True
Cell J22 | value='17637.393' | fill=00000000 | rows=[21] | cols=[9] | col_header=False | row_header=False | metadata=False
Cell K22 | value='2215.16' | fill=00000000 | rows=[21] | cols=[10] | col_header=False | row_header=False | metadata=False
Cell L22 | value='94294.2091' | fill=FF00B0F0 | rows=[21] | cols=[11] | col_header=False | row_header=False | metadata=True
Cell M22 | value='335208.4' | fill=00000000 | rows=[21] | cols=[12] | col_header=False | row_header=False | metadata=False
Cell N22 | value='281.3002' | fill=00000000 | rows=[21] | cols=[13] | col_header=False | row_header=False | metadata=False
Cell O22 | value='225.4399' | fill=00000000 | rows=[21] | cols=[14] | col_header=False | row_header=False | metadata=False
Cell P22 | value='185.9734' | fill=00000000 | rows=[21] | cols=[15] | col_header=False | row_header=False | metadata=False

=== food-table05.xlsx ===
Cell A1 | value='Year and qtr 1/' | fill=FFFFFF00 | rows=[0, 1] | cols=[0, 1] | col_header=True | row_header=True | metadata=False
Cell C1 | value='Production 2/' | fill=FFFFFF00 | rows=[0] | cols=[2, 3, 4, 5] | col_header=True | row_header=False | metadata=False
Cell G1 | value='Beginning stocks' | fill=FFFFFF00 | rows=[0, 1] | cols=[6] | col_header=True | row_header=False | metadata=False
Cell H1 | value='Imports' | fill=FFFFFF00 | rows=[0, 1] | cols=[7] | col_header=True | row_header=False | metadata=False
Cell I1 | value='Total
supply 5/' | fill=FF00B0F0 | rows=[0, 1] | cols=[8] | col_header=False | row_header=False | metadata=True
Cell J1 | value='Exports' | fill=FFFFFF00 | rows=[0, 1] | cols=[9] | col_header=True | row_header=False | metadata=False
Cell K1 | value='Ending stocks' | fill=FFFFFF00 | rows=[0, 1] | cols=[10] | col_header=True | row_header=False | metadata=False
Cell L1 | value='Total dis-
appearance
5/ 6/' | fill=FF00B0F0 | rows=[0, 1] | cols=[11] | col_header=False | row_header=False | metadata=True
Cell M1 | value='U.S. population 7/ (1,000 persons)' | fill=FFFFFF00 | rows=[0, 1] | cols=[12] | col_header=True | row_header=False | metadata=False
Cell N1 | value='Per capita disappearance (pounds)' | fill=FFFFFF00 | rows=[0] | cols=[13, 14, 15] | col_header=True | row_header=False | metadata=False
Cell C2 | value='Commercial' | fill=FFFFFF00 | rows=[1] | cols=[2] | col_header=True | row_header=False | metadata=False
Cell D2 | value='Other 3/' | fill=FFFFFF00 | rows=[1] | cols=[3] | col_header=True | row_header=False | metadata=False
Cell E2 | value='Total 4/' | fill=FF00B0F0 | rows=[1] | cols=[4, 5] | col_header=False | row_header=False | metadata=True
Cell N2 | value='Carcass weight' | fill=FFFFFF00 | rows=[1] | cols=[13] | col_header=True | row_header=False | metadata=False
Cell O2 | value='Retail weight' | fill=FFFFFF00 | rows=[1] | cols=[14] | col_header=True | row_header=False | metadata=False
Cell P2 | value='Boneless retail weight' | fill=FFFFFF00 | rows=[1] | cols=[15] | col_header=True | row_header=False | metadata=False
Cell A3 | value='2020' | fill=FF00B050 | rows=[2, 3, 4, 5, 6] | cols=[0] | col_header=False | row_header=True | metadata=False
Cell B3 | value='Q1 Jan-Mar' | fill=FF00B050 | rows=[2] | cols=[1] | col_header=False | row_header=True | metadata=False
Cell C3 | value='27130.5691' | fill=00000000 | rows=[2] | cols=[2] | col_header=False | row_header=False | metadata=False
Cell D3 | value='33.3068' | fill=00000000 | rows=[2] | cols=[3] | col_header=False | row_header=False | metadata=False
Cell E3 | value='27163.8759' | fill=FF00B0F0 | rows=[2] | cols=[4, 5] | col_header=False | row_header=False | metadata=True
Cell G3 | value='2504.305' | fill=00000000 | rows=[2] | cols=[6] | col_header=False | row_header=False | metadata=False
Cell H3 | value='1124.179' | fill=00000000 | rows=[2] | cols=[7] | col_header=False | row_header=False | metadata=False
Cell I3 | value='30792.3599' | fill=FF00B0F0 | rows=[2] | cols=[8] | col_header=False | row_header=False | metadata=True
Cell J3 | value='4809.749' | fill=00000000 | rows=[2] | cols=[9] | col_header=False | row_header=False | metadata=False
Cell K3 | value='2661.711' | fill=00000000 | rows=[2] | cols=[10] | col_header=False | row_header=False | metadata=False
Cell L3 | value='23320.8999' | fill=FF00B0F0 | rows=[2] | cols=[11] | col_header=False | row_header=False | metadata=True
Cell M3 | value='329865.7' | fill=00000000 | rows=[2] | cols=[12] | col_header=False | row_header=False | metadata=False
Cell N3 | value='70.6983' | fill=00000000 | rows=[2] | cols=[13] | col_header=False | row_header=False | metadata=False
Cell O3 | value='56.5455' | fill=00000000 | rows=[2] | cols=[14] | col_header=False | row_header=False | metadata=False
Cell P3 | value='46.8199' | fill=00000000 | rows=[2] | cols=[15] | col_header=False | row_header=False | metadata=False
Cell B4 | value='Q2 Apr-Jun' | fill=FF00B050 | rows=[3] | cols=[1] | col_header=False | row_header=True | metadata=False
Cell C4 | value='24752.7435' | fill=00000000 | rows=[3] | cols=[2] | col_header=False | row_header=False | metadata=False
Cell D4 | value='13.9083' | fill=00000000 | rows=[3] | cols=[3] | col_header=False | row_header=False | metadata=False
Cell E4 | value='24766.6518' | fill=FF00B0F0 | rows=[3] | cols=[4, 5] | col_header=False | row_header=False | metadata=True
Cell G4 | value='2661.711' | fill=00000000 | rows=[3] | cols=[6] | col_header=False | row_header=False | metadata=False
Cell H4 | value='1171.647' | fill=00000000 | rows=[3] | cols=[7] | col_header=False | row_header=False | metadata=False
Cell I4 | value='28600.0098' | fill=FF00B0F0 | rows=[3] | cols=[8] | col_header=False | row_header=False | metadata=True
Cell J4 | value='4256.008' | fill=00000000 | rows=[3] | cols=[9] | col_header=False | row_header=False | metadata=False
Cell K4 | value='2450.716' | fill=00000000 | rows=[3] | cols=[10] | col_header=False | row_header=False | metadata=False
Cell L4 | value='21893.2858' | fill=FF00B0F0 | rows=[3] | cols=[11] | col_header=False | row_header=False | metadata=True
Cell M4 | value='331714.6' | fill=00000000 | rows=[3] | cols=[12] | col_header=False | row_header=False | metadata=False
Cell N4 | value='66.0003' | fill=00000000 | rows=[3] | cols=[13] | col_header=False | row_header=False | metadata=False
Cell O4 | value='52.94' | fill=00000000 | rows=[3] | cols=[14] | col_header=False | row_header=False | metadata=False
Cell P4 | value='43.5913' | fill=00000000 | rows=[3] | cols=[15] | col_header=False | row_header=False | metadata=False
Cell B5 | value='Q3 Jul-Sep' | fill=FF00B050 | rows=[4] | cols=[1] | col_header=False | row_header=True | metadata=False
Cell C5 | value='27049.9032' | fill=00000000 | rows=[4] | cols=[2] | col_header=False | row_header=False | metadata=False
Cell D5 | value='13.8888' | fill=00000000 | rows=[4] | cols=[3] | col_header=False | row_header=False | metadata=False
Cell E5 | value='27063.792' | fill=FF00B0F0 | rows=[4] | cols=[4, 5] | col_header=False | row_header=False | metadata=True
Cell G5 | value='2450.716' | fill=00000000 | rows=[4] | cols=[6] | col_header=False | row_header=False | metadata=False
Cell H5 | value='1361.944' | fill=00000000 | rows=[4] | cols=[7] | col_header=False | row_header=False | metadata=False
Cell I5 | value='30876.452' | fill=FF00B0F0 | rows=[4] | cols=[8] | col_header=False | row_header=False | metadata=True
Cell J5 | value='4367.142' | fill=00000000 | rows=[4] | cols=[9] | col_header=False | row_header=False | metadata=False
Cell K5 | value='2538.537' | fill=00000000 | rows=[4] | cols=[10] | col_header=False | row_header=False | metadata=False
Cell L5 | value='23970.773' | fill=FF00B0F0 | rows=[4] | cols=[11] | col_header=False | row_header=False | metadata=True
Cell M5 | value='331886.4' | fill=00000000 | rows=[4] | cols=[12] | col_header=False | row_header=False | metadata=False
Cell N5 | value='72.2257' | fill=00000000 | rows=[4] | cols=[13] | col_header=False | row_header=False | metadata=False
Cell O5 | value='57.7229' | fill=00000000 | rows=[4] | cols=[14] | col_header=False | row_header=False | metadata=False
Cell P5 | value='47.8746' | fill=00000000 | rows=[4] | cols=[15] | col_header=False | row_header=False | metadata=False
Cell B6 | value='Q4 Oct-Dec' | fill=FF00B050 | rows=[5] | cols=[1] | col_header=False | row_header=True | metadata=False
Cell C6 | value='27144.7554' | fill=00000000 | rows=[5] | cols=[2] | col_header=False | row_header=False | metadata=False
Cell D6 | value='32.9961' | fill=00000000 | rows=[5] | cols=[3] | col_header=False | row_header=False | metadata=False
Cell E6 | value='27177.7515' | fill=FF00B0F0 | rows=[5] | cols=[4, 5] | col_header=False | row_header=False | metadata=True
Cell G6 | value='2538.537' | fill=00000000 | rows=[5] | cols=[6] | col_header=False | row_header=False | metadata=False
Cell H6 | value='1054.751' | fill=00000000 | rows=[5] | cols=[7] | col_header=False | row_header=False | metadata=False
Cell I6 | value='30771.0395' | fill=FF00B0F0 | rows=[5] | cols=[8] | col_header=False | row_header=False | metadata=True
Cell J6 | value='4815.251' | fill=00000000 | rows=[5] | cols=[9] | col_header=False | row_header=False | metadata=False
Cell K6 | value='2274.479' | fill=00000000 | rows=[5] | cols=[10] | col_header=False | row_header=False | metadata=False
Cell L6 | value='23681.3095' | fill=FF00B0F0 | rows=[5] | cols=[11] | col_header=False | row_header=False | metadata=True
Cell M6 | value='332208.9' | fill=00000000 | rows=[5] | cols=[12] | col_header=False | row_header=False | metadata=False
Cell N6 | value='71.2844' | fill=00000000 | rows=[5] | cols=[13] | col_header=False | row_header=False | metadata=False
Cell O6 | value='57.1815' | fill=00000000 | rows=[5] | cols=[14] | col_header=False | row_header=False | metadata=False
Cell P6 | value='47.4916' | fill=00000000 | rows=[5] | cols=[15] | col_header=False | row_header=False | metadata=False
Cell B7 | value='Yr Jan-Dec' | fill=FF00B050 | rows=[6] | cols=[1] | col_header=False | row_header=True | metadata=False
Cell C7 | value='106077.9712' | fill=00000000 | rows=[6] | cols=[2] | col_header=False | row_header=False | metadata=False
Cell D7 | value='94.1' | fill=00000000 | rows=[6] | cols=[3] | col_header=False | row_header=False | metadata=False
Cell E7 | value='106172.0712' | fill=FF00B0F0 | rows=[6] | cols=[4, 5] | col_header=False | row_header=False | metadata=True
Cell G7 | value='2504.305' | fill=00000000 | rows=[6] | cols=[6] | col_header=False | row_header=False | metadata=False
Cell H7 | value='4712.521' | fill=00000000 | rows=[6] | cols=[7] | col_header=False | row_header=False | metadata=False
Cell I7 | value='113388.8972' | fill=FF00B0F0 | rows=[6] | cols=[8] | col_header=False | row_header=False | metadata=True
Cell J7 | value='18248.15' | fill=00000000 | rows=[6] | cols=[9] | col_header=False | row_header=False | metadata=False
Cell K7 | value='2274.479' | fill=00000000 | rows=[6] | cols=[10] | col_header=False | row_header=False | metadata=False
Cell L7 | value='92866.2682' | fill=FF00B0F0 | rows=[6] | cols=[11] | col_header=False | row_header=False | metadata=True
Cell M7 | value='331419.1' | fill=00000000 | rows=[6] | cols=[12] | col_header=False | row_header=False | metadata=False
Cell N7 | value='280.208' | fill=00000000 | rows=[6] | cols=[13] | col_header=False | row_header=False | metadata=False
Cell O7 | value='224.3898' | fill=00000000 | rows=[6] | cols=[14] | col_header=False | row_header=False | metadata=False
Cell P7 | value='185.7776' | fill=00000000 | rows=[6] | cols=[15] | col_header=False | row_header=False | metadata=False
Cell A8 | value='2021' | fill=FF00B050 | rows=[7, 8, 9, 10, 11] | cols=[0] | col_header=False | row_header=True | metadata=False
Cell B8 | value='Q1 Jan-Mar' | fill=FF00B050 | rows=[7] | cols=[1] | col_header=False | row_header=True | metadata=False
Cell C8 | value='26534.0293' | fill=00000000 | rows=[7] | cols=[2] | col_header=False | row_header=False | metadata=False
Cell D8 | value='32.4619' | fill=00000000 | rows=[7] | cols=[3] | col_header=False | row_header=False | metadata=False
Cell E8 | value='26566.4912' | fill=FF00B0F0 | rows=[7] | cols=[4, 5] | col_header=False | row_header=False | metadata=True
Cell G8 | value='2274.479' | fill=00000000 | rows=[7] | cols=[6] | col_header=False | row_header=False | metadata=False
Cell H8 | value='1048.359' | fill=00000000 | rows=[7] | cols=[7] | col_header=False | row_header=False | metadata=False
Cell I8 | value='29889.3292' | fill=FF00B0F0 | rows=[7] | cols=[8] | col_header=False | row_header=False | metadata=True
Cell J8 | value='4704.474' | fill=00000000 | rows=[7] | cols=[9] | col_header=False | row_header=False | metadata=False
Cell K8 | value='2237.184' | fill=00000000 | rows=[7] | cols=[10] | col_header=False | row_header=False | metadata=False
Cell L8 | value='22947.6712' | fill=FF00B0F0 | rows=[7] | cols=[11] | col_header=False | row_header=False | metadata=True
Cell M8 | value='332004.7' | fill=00000000 | rows=[7] | cols=[12] | col_header=False | row_header=False | metadata=False
Cell N8 | value='69.1185' | fill=00000000 | rows=[7] | cols=[13] | col_header=False | row_header=False | metadata=False
Cell O8 | value='55.2078' | fill=00000000 | rows=[7] | cols=[14] | col_header=False | row_header=False | metadata=False
Cell P8 | value='45.8045' | fill=00000000 | rows=[7] | cols=[15] | col_header=False | row_header=False | metadata=False
Cell B9 | value='Q2 Apr-Jun' | fill=FF00B050 | rows=[8] | cols=[1] | col_header=False | row_header=True | metadata=False
Cell C9 | value='26329.9217' | fill=00000000 | rows=[8] | cols=[2] | col_header=False | row_header=False | metadata=False
Cell D9 | value='13.5603' | fill=00000000 | rows=[8] | cols=[3] | col_header=False | row_header=False | metadata=False
Cell E9 | value='26343.482' | fill=FF00B0F0 | rows=[8] | cols=[4, 5] | col_header=False | row_header=False | metadata=True
Cell G9 | value='2237.184' | fill=00000000 | rows=[8] | cols=[6] | col_header=False | row_header=False | metadata=False
Cell H9 | value='1266.343' | fill=00000000 | rows=[8] | cols=[7] | col_header=False | row_header=False | metadata=False
Cell I9 | value='29847.009' | fill=FF00B0F0 | rows=[8] | cols=[8] | col_header=False | row_header=False | metadata=True
Cell J9 | value='4696.217' | fill=00000000 | rows=[8] | cols=[9] | col_header=False | row_header=False | metadata=False
Cell K9 | value='2168.331' | fill=00000000 | rows=[8] | cols=[10] | col_header=False | row_header=False | metadata=False
Cell L9 | value='22982.461' | fill=FF00B0F0 | rows=[8] | cols=[11] | col_header=False | row_header=False | metadata=True
Cell M9 | value='332166.3' | fill=00000000 | rows=[8] | cols=[12] | col_header=False | row_header=False | metadata=False
Cell N9 | value='69.1897' | fill=00000000 | rows=[8] | cols=[13] | col_header=False | row_header=False | metadata=False
Cell O9 | value='55.3709' | fill=00000000 | rows=[8] | cols=[14] | col_header=False | row_header=False | metadata=False
Cell P9 | value='45.7152' | fill=00000000 | rows=[8] | cols=[15] | col_header=False | row_header=False | metadata=False
Cell B10 | value='Q3 Jul-Sep' | fill=FF00B050 | rows=[9] | cols=[1] | col_header=False | row_header=True | metadata=False
Cell C10 | value='26554.6062' | fill=00000000 | rows=[9] | cols=[2] | col_header=False | row_header=False | metadata=False
Cell D10 | value='13.5873' | fill=00000000 | rows=[9] | cols=[3] | col_header=False | row_header=False | metadata=False
Cell E10 | value='26568.1935' | fill=FF00B0F0 | rows=[9] | cols=[4, 5] | col_header=False | row_header=False | metadata=True
Cell G10 | value='2168.331' | fill=00000000 | rows=[9] | cols=[6] | col_header=False | row_header=False | metadata=False
Cell H10 | value='1375.318' | fill=00000000 | rows=[9] | cols=[7] | col_header=False | row_header=False | metadata=False
Cell I10 | value='30111.8425' | fill=FF00B0F0 | rows=[9] | cols=[8] | col_header=False | row_header=False | metadata=True
Cell J10 | value='4447.386' | fill=00000000 | rows=[9] | cols=[9] | col_header=False | row_header=False | metadata=False
Cell K10 | value='2267.475' | fill=00000000 | rows=[9] | cols=[10] | col_header=False | row_header=False | metadata=False
Cell L10 | value='23396.9815' | fill=FF00B0F0 | rows=[9] | cols=[11] | col_header=False | row_header=False | metadata=True
Cell M10 | value='332497' | fill=00000000 | rows=[9] | cols=[12] | col_header=False | row_header=False | metadata=False
Cell N10 | value='70.3675' | fill=00000000 | rows=[9] | cols=[13] | col_header=False | row_header=False | metadata=False
Cell O10 | value='56.4108' | fill=00000000 | rows=[9] | cols=[14] | col_header=False | row_header=False | metadata=False
Cell P10 | value='46.5085' | fill=00000000 | rows=[9] | cols=[15] | col_header=False | row_header=False | metadata=False
Cell B11 | value='Q4 Oct-Dec' | fill=FF00B050 | rows=[10] | cols=[1] | col_header=False | row_header=True | metadata=False
Cell C11 | value='26909.9404' | fill=00000000 | rows=[10] | cols=[2] | col_header=False | row_header=False | metadata=False
Cell D11 | value='32.2905' | fill=00000000 | rows=[10] | cols=[3] | col_header=False | row_header=False | metadata=False
Cell E11 | value='26942.2309' | fill=FF00B0F0 | rows=[10] | cols=[4, 5] | col_header=False | row_header=False | metadata=True
Cell G11 | value='2267.475' | fill=00000000 | rows=[10] | cols=[6] | col_header=False | row_header=False | metadata=False
Cell H11 | value='1378.695' | fill=00000000 | rows=[10] | cols=[7] | col_header=False | row_header=False | metadata=False
Cell I11 | value='30588.4009' | fill=FF00B0F0 | rows=[10] | cols=[8] | col_header=False | row_header=False | metadata=True
Cell J11 | value='4541.253' | fill=00000000 | rows=[10] | cols=[9] | col_header=False | row_header=False | metadata=False
Cell K11 | value='2021.026' | fill=00000000 | rows=[10] | cols=[10] | col_header=False | row_header=False | metadata=False
Cell L11 | value='24026.1219' | fill=FF00B0F0 | rows=[10] | cols=[11] | col_header=False | row_header=False | metadata=True
Cell M11 | value='332802.8' | fill=00000000 | rows=[10] | cols=[12] | col_header=False | row_header=False | metadata=False
Cell N11 | value='72.1935' | fill=00000000 | rows=[10] | cols=[13] | col_header=False | row_header=False | metadata=False
Cell O11 | value='57.8464' | fill=00000000 | rows=[10] | cols=[14] | col_header=False | row_header=False | metadata=False
Cell P11 | value='48.0296' | fill=00000000 | rows=[10] | cols=[15] | col_header=False | row_header=False | metadata=False
Cell B12 | value='Yr Jan-Dec' | fill=FF00B050 | rows=[11] | cols=[1] | col_header=False | row_header=True | metadata=False
Cell C12 | value='106328.4975' | fill=00000000 | rows=[11] | cols=[2] | col_header=False | row_header=False | metadata=False
Cell D12 | value='91.9' | fill=00000000 | rows=[11] | cols=[3] | col_header=False | row_header=False | metadata=False
Cell E12 | value='106420.3975' | fill=FF00B0F0 | rows=[11] | cols=[4, 5] | col_header=False | row_header=False | metadata=True
Cell G12 | value='2274.479' | fill=00000000 | rows=[11] | cols=[6] | col_header=False | row_header=False | metadata=False
Cell H12 | value='5068.715' | fill=00000000 | rows=[11] | cols=[7] | col_header=False | row_header=False | metadata=False
Cell I12 | value='113763.5915' | fill=FF00B0F0 | rows=[11] | cols=[8] | col_header=False | row_header=False | metadata=True
Cell J12 | value='18389.33' | fill=00000000 | rows=[11] | cols=[9] | col_header=False | row_header=False | metadata=False
Cell K12 | value='2021.026' | fill=00000000 | rows=[11] | cols=[10] | col_header=False | row_header=False | metadata=False
Cell L12 | value='93353.2355' | fill=FF00B0F0 | rows=[11] | cols=[11] | col_header=False | row_header=False | metadata=True
Cell M12 | value='332367.5' | fill=00000000 | rows=[11] | cols=[12] | col_header=False | row_header=False | metadata=False
Cell N12 | value='280.8736' | fill=00000000 | rows=[11] | cols=[13] | col_header=False | row_header=False | metadata=False
Cell O12 | value='224.8397' | fill=00000000 | rows=[11] | cols=[14] | col_header=False | row_header=False | metadata=False
Cell P12 | value='186.0612' | fill=00000000 | rows=[11] | cols=[15] | col_header=False | row_header=False | metadata=False
Cell A13 | value='2022' | fill=FF00B050 | rows=[12, 13, 14, 15, 16] | cols=[0] | col_header=False | row_header=True | metadata=False
Cell B13 | value='Q1 Jan-Mar' | fill=FF00B050 | rows=[12] | cols=[1] | col_header=False | row_header=True | metadata=False
Cell C13 | value='26531.487' | fill=00000000 | rows=[12] | cols=[2] | col_header=False | row_header=False | metadata=False
Cell D13 | value='32.5985' | fill=00000000 | rows=[12] | cols=[3] | col_header=False | row_header=False | metadata=False
Cell E13 | value='26564.0855' | fill=FF00B0F0 | rows=[12] | cols=[4, 5] | col_header=False | row_header=False | metadata=True
Cell G13 | value='2021.026' | fill=00000000 | rows=[12] | cols=[6] | col_header=False | row_header=False | metadata=False
Cell H13 | value='1481.92' | fill=00000000 | rows=[12] | cols=[7] | col_header=False | row_header=False | metadata=False
Cell I13 | value='30067.0315' | fill=FF00B0F0 | rows=[12] | cols=[8] | col_header=False | row_header=False | metadata=True
Cell J13 | value='4329.961' | fill=00000000 | rows=[12] | cols=[9] | col_header=False | row_header=False | metadata=False
Cell K13 | value='2333.438' | fill=00000000 | rows=[12] | cols=[10] | col_header=False | row_header=False | metadata=False
Cell L13 | value='23403.6325' | fill=FF00B0F0 | rows=[12] | cols=[11] | col_header=False | row_header=False | metadata=True
Cell M13 | value='332990.6' | fill=00000000 | rows=[12] | cols=[12] | col_header=False | row_header=False | metadata=False
Cell N13 | value='70.283' | fill=00000000 | rows=[12] | cols=[13] | col_header=False | row_header=False | metadata=False
Cell O13 | value='56.0929' | fill=00000000 | rows=[12] | cols=[14] | col_header=False | row_header=False | metadata=False
Cell P13 | value='46.5631' | fill=00000000 | rows=[12] | cols=[15] | col_header=False | row_header=False | metadata=False
Cell B14 | value='Q2 Apr-Jun' | fill=FF00B050 | rows=[13] | cols=[1] | col_header=False | row_header=True | metadata=False
Cell C14 | value='26334.6558' | fill=00000000 | rows=[13] | cols=[2] | col_header=False | row_header=False | metadata=False
Cell D14 | value='13.8704' | fill=00000000 | rows=[13] | cols=[3] | col_header=False | row_header=False | metadata=False
Cell E14 | value='26348.5262' | fill=FF00B0F0 | rows=[13] | cols=[4, 5] | col_header=False | row_header=False | metadata=True
Cell G14 | value='2333.438' | fill=00000000 | rows=[13] | cols=[6] | col_header=False | row_header=False | metadata=False
Cell H14 | value='1380.95' | fill=00000000 | rows=[13] | cols=[7] | col_header=False | row_header=False | metadata=False
Cell I14 | value='30062.9142' | fill=FF00B0F0 | rows=[13] | cols=[8] | col_header=False | row_header=False | metadata=True
Cell J14 | value='4476.319' | fill=00000000 | rows=[13] | cols=[9] | col_header=False | row_header=False | metadata=False
Cell K14 | value='2464.023' | fill=00000000 | rows=[13] | cols=[10] | col_header=False | row_header=False | metadata=False
Cell L14 | value='23122.5722' | fill=FF00B0F0 | rows=[13] | cols=[11] | col_header=False | row_header=False | metadata=True
Cell M14 | value='333320.6' | fill=00000000 | rows=[13] | cols=[12] | col_header=False | row_header=False | metadata=False
Cell N14 | value='69.3705' | fill=00000000 | rows=[13] | cols=[13] | col_header=False | row_header=False | metadata=False
Cell O14 | value='55.4385' | fill=00000000 | rows=[13] | cols=[14] | col_header=False | row_header=False | metadata=False
Cell P14 | value='45.8393' | fill=00000000 | rows=[13] | cols=[15] | col_header=False | row_header=False | metadata=False
Cell B15 | value='Q3 Jul-Sep' | fill=FF00B050 | rows=[14] | cols=[1] | col_header=False | row_header=True | metadata=False
Cell C15 | value='26907.8685' | fill=00000000 | rows=[14] | cols=[2] | col_header=False | row_header=False | metadata=False
Cell D15 | value='13.8039' | fill=00000000 | rows=[14] | cols=[3] | col_header=False | row_header=False | metadata=False
Cell E15 | value='26921.6724' | fill=FF00B0F0 | rows=[14] | cols=[4, 5] | col_header=False | row_header=False | metadata=True
Cell G15 | value='2464.023' | fill=00000000 | rows=[14] | cols=[6] | col_header=False | row_header=False | metadata=False
Cell H15 | value='1285.383' | fill=00000000 | rows=[14] | cols=[7] | col_header=False | row_header=False | metadata=False
Cell I15 | value='30671.0784' | fill=FF00B0F0 | rows=[14] | cols=[8] | col_header=False | row_header=False | metadata=True
Cell J15 | value='4247.021' | fill=00000000 | rows=[14] | cols=[9] | col_header=False | row_header=False | metadata=False
Cell K15 | value='2555.955' | fill=00000000 | rows=[14] | cols=[10] | col_header=False | row_header=False | metadata=False
Cell L15 | value='23868.1024' | fill=FF00B0F0 | rows=[14] | cols=[11] | col_header=False | row_header=False | metadata=True
Cell M15 | value='333762.4' | fill=00000000 | rows=[14] | cols=[12] | col_header=False | row_header=False | metadata=False
Cell N15 | value='71.5124' | fill=00000000 | rows=[14] | cols=[13] | col_header=False | row_header=False | metadata=False
Cell O15 | value='57.3408' | fill=00000000 | rows=[14] | cols=[14] | col_header=False | row_header=False | metadata=False
Cell P15 | value='47.2017' | fill=00000000 | rows=[14] | cols=[15] | col_header=False | row_header=False | metadata=False
Cell B16 | value='Q4 Oct-Dec' | fill=FF00B050 | rows=[15] | cols=[1] | col_header=False | row_header=True | metadata=False
Cell C16 | value='27201.405' | fill=00000000 | rows=[15] | cols=[2] | col_header=False | row_header=False | metadata=False
Cell D16 | value='32.3732' | fill=00000000 | rows=[15] | cols=[3] | col_header=False | row_header=False | metadata=False
Cell E16 | value='27233.7782' | fill=FF00B0F0 | rows=[15] | cols=[4, 5] | col_header=False | row_header=False | metadata=True
Cell G16 | value='2555.955' | fill=00000000 | rows=[15] | cols=[6] | col_header=False | row_header=False | metadata=False
Cell H16 | value='1212.214' | fill=00000000 | rows=[15] | cols=[7] | col_header=False | row_header=False | metadata=False
Cell I16 | value='31001.9472' | fill=FF00B0F0 | rows=[15] | cols=[8] | col_header=False | row_header=False | metadata=True
Cell J16 | value='4555.451' | fill=00000000 | rows=[15] | cols=[9] | col_header=False | row_header=False | metadata=False
Cell K16 | value='2342.956' | fill=00000000 | rows=[15] | cols=[10] | col_header=False | row_header=False | metadata=False
Cell L16 | value='24103.5402' | fill=FF00B0F0 | rows=[15] | cols=[11] | col_header=False | row_header=False | metadata=True
Cell M16 | value='334200.7' | fill=00000000 | rows=[15] | cols=[12] | col_header=False | row_header=False | metadata=False
Cell N16 | value='72.1229' | fill=00000000 | rows=[15] | cols=[13] | col_header=False | row_header=False | metadata=False
Cell O16 | value='57.9246' | fill=00000000 | rows=[15] | cols=[14] | col_header=False | row_header=False | metadata=False
Cell P16 | value='47.793' | fill=00000000 | rows=[15] | cols=[15] | col_header=False | row_header=False | metadata=False
Cell B17 | value='Yr Jan-Dec' | fill=FF00B050 | rows=[16] | cols=[1] | col_header=False | row_header=True | metadata=False
Cell C17 | value='106975.4162' | fill=00000000 | rows=[16] | cols=[2] | col_header=False | row_header=False | metadata=False
Cell D17 | value='92.5' | fill=00000000 | rows=[16] | cols=[3] | col_header=False | row_header=False | metadata=False
Cell E17 | value='107067.9162' | fill=FF00B0F0 | rows=[16] | cols=[4, 5] | col_header=False | row_header=False | metadata=True
Cell G17 | value='2021.026' | fill=00000000 | rows=[16] | cols=[6] | col_header=False | row_header=False | metadata=False
Cell H17 | value='5360.467' | fill=00000000 | rows=[16] | cols=[7] | col_header=False | row_header=False | metadata=False
Cell I17 | value='114449.4092' | fill=FF00B0F0 | rows=[16] | cols=[8] | col_header=False | row_header=False | metadata=True
Cell J17 | value='17608.752' | fill=00000000 | rows=[16] | cols=[9] | col_header=False | row_header=False | metadata=False
Cell K17 | value='2342.956' | fill=00000000 | rows=[16] | cols=[10] | col_header=False | row_header=False | metadata=False
Cell L17 | value='94497.7012' | fill=FF00B0F0 | rows=[16] | cols=[11] | col_header=False | row_header=False | metadata=True
Cell M17 | value='333568.5' | fill=00000000 | rows=[16] | cols=[12] | col_header=False | row_header=False | metadata=False
Cell N17 | value='283.2932' | fill=00000000 | rows=[16] | cols=[13] | col_header=False | row_header=False | metadata=False
Cell O17 | value='226.8012' | fill=00000000 | rows=[16] | cols=[14] | col_header=False | row_header=False | metadata=False
Cell P17 | value='187.4002' | fill=00000000 | rows=[16] | cols=[15] | col_header=False | row_header=False | metadata=False
Cell A18 | value='2023' | fill=FF00B050 | rows=[17, 18, 19, 20, 21] | cols=[0] | col_header=False | row_header=True | metadata=False
Cell B18 | value='Q1 Jan-Mar' | fill=FF00B050 | rows=[17] | cols=[1] | col_header=False | row_header=True | metadata=False
Cell C18 | value='26857.2992' | fill=00000000 | rows=[17] | cols=[2] | col_header=False | row_header=False | metadata=False
Cell D18 | value='32.1705' | fill=00000000 | rows=[17] | cols=[3] | col_header=False | row_header=False | metadata=False
Cell E18 | value='26889.4697' | fill=FF00B0F0 | rows=[17] | cols=[4, 5] | col_header=False | row_header=False | metadata=True
Cell G18 | value='2342.956' | fill=00000000 | rows=[17] | cols=[6] | col_header=False | row_header=False | metadata=False
Cell H18 | value='1372.071' | fill=00000000 | rows=[17] | cols=[7] | col_header=False | row_header=False | metadata=False
Cell I18 | value='30604.4967' | fill=FF00B0F0 | rows=[17] | cols=[8] | col_header=False | row_header=False | metadata=True
Cell J18 | value='4413.213' | fill=00000000 | rows=[17] | cols=[9] | col_header=False | row_header=False | metadata=False
Cell K18 | value='2410.968' | fill=00000000 | rows=[17] | cols=[10] | col_header=False | row_header=False | metadata=False
Cell L18 | value='23780.3157' | fill=FF00B0F0 | rows=[17] | cols=[11] | col_header=False | row_header=False | metadata=True
Cell M18 | value='334547.3' | fill=00000000 | rows=[17] | cols=[12] | col_header=False | row_header=False | metadata=False
Cell N18 | value='71.0822' | fill=00000000 | rows=[17] | cols=[13] | col_header=False | row_header=False | metadata=False
Cell O18 | value='56.8308' | fill=00000000 | rows=[17] | cols=[14] | col_header=False | row_header=False | metadata=False
Cell P18 | value='47.0026' | fill=00000000 | rows=[17] | cols=[15] | col_header=False | row_header=False | metadata=False
Cell B19 | value='Q2 Apr-Jun' | fill=FF00B050 | rows=[18] | cols=[1] | col_header=False | row_header=True | metadata=False
Cell C19 | value='26332.9845' | fill=00000000 | rows=[18] | cols=[2] | col_header=False | row_header=False | metadata=False
Cell D19 | value='13.6118' | fill=00000000 | rows=[18] | cols=[3] | col_header=False | row_header=False | metadata=False
Cell E19 | value='26346.5963' | fill=FF00B0F0 | rows=[18] | cols=[4, 5] | col_header=False | row_header=False | metadata=True
Cell G19 | value='2410.968' | fill=00000000 | rows=[18] | cols=[6] | col_header=False | row_header=False | metadata=False
Cell H19 | value='1265.997' | fill=00000000 | rows=[18] | cols=[7] | col_header=False | row_header=False | metadata=False
Cell I19 | value='30023.5613' | fill=FF00B0F0 | rows=[18] | cols=[8] | col_header=False | row_header=False | metadata=True
Cell J19 | value='4519.477' | fill=00000000 | rows=[18] | cols=[9] | col_header=False | row_header=False | metadata=False
Cell K19 | value='2382.269' | fill=00000000 | rows=[18] | cols=[10] | col_header=False | row_header=False | metadata=False
Cell L19 | value='23121.8153' | fill=FF00B0F0 | rows=[18] | cols=[11] | col_header=False | row_header=False | metadata=True
Cell M19 | value='334934.8' | fill=00000000 | rows=[18] | cols=[12] | col_header=False | row_header=False | metadata=False
Cell N19 | value='69.034' | fill=00000000 | rows=[18] | cols=[13] | col_header=False | row_header=False | metadata=False
Cell O19 | value='55.326' | fill=00000000 | rows=[18] | cols=[14] | col_header=False | row_header=False | metadata=False
Cell P19 | value='45.5793' | fill=00000000 | rows=[18] | cols=[15] | col_header=False | row_header=False | metadata=False
Cell B20 | value='Q3 Jul-Sep' | fill=FF00B050 | rows=[19] | cols=[1] | col_header=False | row_header=True | metadata=False
Cell C20 | value='26222.9709' | fill=00000000 | rows=[19] | cols=[2] | col_header=False | row_header=False | metadata=False
Cell D20 | value='13.5829' | fill=00000000 | rows=[19] | cols=[3] | col_header=False | row_header=False | metadata=False
Cell E20 | value='26236.5538' | fill=FF00B0F0 | rows=[19] | cols=[4, 5] | col_header=False | row_header=False | metadata=True
Cell G20 | value='2382.269' | fill=00000000 | rows=[19] | cols=[6] | col_header=False | row_header=False | metadata=False
Cell H20 | value='1360.459' | fill=00000000 | rows=[19] | cols=[7] | col_header=False | row_header=False | metadata=False
Cell I20 | value='29979.2818' | fill=FF00B0F0 | rows=[19] | cols=[8] | col_header=False | row_header=False | metadata=True
Cell J20 | value='4178.376' | fill=00000000 | rows=[19] | cols=[9] | col_header=False | row_header=False | metadata=False
Cell K20 | value='2327.06' | fill=00000000 | rows=[19] | cols=[10] | col_header=False | row_header=False | metadata=False
Cell L20 | value='23473.8458' | fill=FF00B0F0 | rows=[19] | cols=[11] | col_header=False | row_header=False | metadata=True
Cell M20 | value='335429.9' | fill=00000000 | rows=[19] | cols=[12] | col_header=False | row_header=False | metadata=False
Cell N20 | value='69.9813' | fill=00000000 | rows=[19] | cols=[13] | col_header=False | row_header=False | metadata=False
Cell O20 | value='56.1587' | fill=00000000 | rows=[19] | cols=[14] | col_header=False | row_header=False | metadata=False
Cell P20 | value='46.1999' | fill=00000000 | rows=[19] | cols=[15] | col_header=False | row_header=False | metadata=False
Cell B21 | value='Q4 Oct-Dec' | fill=FF00B050 | rows=[20] | cols=[1] | col_header=False | row_header=True | metadata=False
Cell C21 | value='26969.3974' | fill=00000000 | rows=[20] | cols=[2] | col_header=False | row_header=False | metadata=False
Cell D21 | value='31.9659' | fill=00000000 | rows=[20] | cols=[3] | col_header=False | row_header=False | metadata=False
Cell E21 | value='27001.3633' | fill=FF00B0F0 | rows=[20] | cols=[4, 5] | col_header=False | row_header=False | metadata=True
Cell G21 | value='2327.06' | fill=00000000 | rows=[20] | cols=[6] | col_header=False | row_header=False | metadata=False
Cell H21 | value='1330.927' | fill=00000000 | rows=[20] | cols=[7] | col_header=False | row_header=False | metadata=False
Cell I21 | value='30659.3503' | fill=FF00B0F0 | rows=[20] | cols=[8] | col_header=False | row_header=False | metadata=True
Cell J21 | value='4526.327' | fill=00000000 | rows=[20] | cols=[9] | col_header=False | row_header=False | metadata=False
Cell K21 | value='2215.16' | fill=00000000 | rows=[20] | cols=[10] | col_header=False | row_header=False | metadata=False
Cell L21 | value='23917.8633' | fill=FF00B0F0 | rows=[20] | cols=[11] | col_header=False | row_header=False | metadata=True
Cell M21 | value='335923.7' | fill=00000000 | rows=[20] | cols=[12] | col_header=False | row_header=False | metadata=False
Cell N21 | value='71.2005' | fill=00000000 | rows=[20] | cols=[13] | col_header=False | row_header=False | metadata=False
Cell O21 | value='57.1221' | fill=00000000 | rows=[20] | cols=[14] | col_header=False | row_header=False | metadata=False
Cell P21 | value='47.1897' | fill=00000000 | rows=[20] | cols=[15] | col_header=False | row_header=False | metadata=False
Cell B22 | value='Yr Jan-Dec' | fill=FF00B050 | rows=[21] | cols=[1] | col_header=False | row_header=True | metadata=False
Cell C22 | value='106382.6521' | fill=00000000 | rows=[21] | cols=[2] | col_header=False | row_header=False | metadata=False
Cell D22 | value='91.7' | fill=00000000 | rows=[21] | cols=[3] | col_header=False | row_header=False | metadata=False
Cell E22 | value='106474.3521' | fill=FF00B0F0 | rows=[21] | cols=[4, 5] | col_header=False | row_header=False | metadata=True
Cell G22 | value='2342.956' | fill=00000000 | rows=[21] | cols=[6] | col_header=False | row_header=False | metadata=False
Cell H22 | value='5329.454' | fill=00000000 | rows=[21] | cols=[7] | col_header=False | row_header=False | metadata=False
Cell I22 | value='114146.7621' | fill=FF00B0F0 | rows=[21] | cols=[8] | col_header=False | row_header=False | metadata=True
Cell J22 | value='17637.393' | fill=00000000 | rows=[21] | cols=[9] | col_header=False | row_header=False | metadata=False
Cell K22 | value='2215.16' | fill=00000000 | rows=[21] | cols=[10] | col_header=False | row_header=False | metadata=False
Cell L22 | value='94294.2091' | fill=FF00B0F0 | rows=[21] | cols=[11] | col_header=False | row_header=False | metadata=True
Cell M22 | value='335208.4' | fill=00000000 | rows=[21] | cols=[12] | col_header=False | row_header=False | metadata=False
Cell N22 | value='281.3002' | fill=00000000 | rows=[21] | cols=[13] | col_header=False | row_header=False | metadata=False
Cell O22 | value='225.4399' | fill=00000000 | rows=[21] | cols=[14] | col_header=False | row_header=False | metadata=False
Cell P22 | value='185.9734' | fill=00000000 | rows=[21] | cols=[15] | col_header=False | row_header=False | metadata=False

