=== religion-table08.xlsx ===
Cell A1 | value='Table A1: Estimated odds ratios from logistic regression of economic activity' | fill=FF00B0F0 | rows=[0] | cols=[0] | col_header=True | row_header=True | metadata=True
Cell G1 | value='Contents' | fill=00000000 | rows=[0] | cols=[6] | col_header=False | row_header=False | metadata=False
Cell B3 | value='(1) All' | fill=FFFFFF00 | rows=[2] | cols=[1] | col_header=True | row_header=False | metadata=False
Cell C3 | value='(2) Male' | fill=FFFFFF00 | rows=[2] | cols=[2] | col_header=True | row_header=False | metadata=False
Cell D3 | value='(3) Female' | fill=FFFFFF00 | rows=[2] | cols=[3] | col_header=True | row_header=False | metadata=False
Cell E3 | value='(4) All' | fill=FFFFFF00 | rows=[2] | cols=[4] | col_header=True | row_header=False | metadata=False
Cell F3 | value='(5) Male' | fill=FFFFFF00 | rows=[2] | cols=[5] | col_header=True | row_header=False | metadata=False
Cell G3 | value='(6) Female' | fill=FFFFFF00 | rows=[2] | cols=[6] | col_header=True | row_header=False | metadata=False
Cell A5 | value='Religious affiliation (omitted category Christian)' | fill=FFFFFF00 | rows=[4] | cols=[0, 1, 2, 3, 4, 5, 6] | col_header=True | row_header=False | metadata=False
Cell A6 | value='No answer' | fill=FF00B050 | rows=[5] | cols=[0] | col_header=False | row_header=True | metadata=False
Cell B6 | value='0.753***' | fill=00000000 | rows=[5] | cols=[1] | col_header=False | row_header=False | metadata=False
Cell C6 | value='0.737***' | fill=00000000 | rows=[5] | cols=[2] | col_header=False | row_header=False | metadata=False
Cell D6 | value='0.744***' | fill=00000000 | rows=[5] | cols=[3] | col_header=False | row_header=False | metadata=False
Cell E6 | value='0.822***' | fill=00000000 | rows=[5] | cols=[4] | col_header=False | row_header=False | metadata=False
Cell F6 | value='0.842***' | fill=00000000 | rows=[5] | cols=[5] | col_header=False | row_header=False | metadata=False
Cell G6 | value='0.875***' | fill=00000000 | rows=[5] | cols=[6] | col_header=False | row_header=False | metadata=False
Cell B7 | value='(0.006)' | fill=00000000 | rows=[6] | cols=[1] | col_header=False | row_header=False | metadata=False
Cell C7 | value='(0.009)' | fill=00000000 | rows=[6] | cols=[2] | col_header=False | row_header=False | metadata=False
Cell D7 | value='(0.008)' | fill=00000000 | rows=[6] | cols=[3] | col_header=False | row_header=False | metadata=False
Cell E7 | value='(0.007)' | fill=00000000 | rows=[6] | cols=[4] | col_header=False | row_header=False | metadata=False
Cell F7 | value='(0.011)' | fill=00000000 | rows=[6] | cols=[5] | col_header=False | row_header=False | metadata=False
Cell G7 | value='(0.010)' | fill=00000000 | rows=[6] | cols=[6] | col_header=False | row_header=False | metadata=False
Cell A8 | value='No Religion' | fill=FF00B050 | rows=[7] | cols=[0] | col_header=False | row_header=True | metadata=False
Cell B8 | value='1.125***' | fill=00000000 | rows=[7] | cols=[1] | col_header=False | row_header=False | metadata=False
Cell C8 | value='1.072***' | fill=00000000 | rows=[7] | cols=[2] | col_header=False | row_header=False | metadata=False
Cell D8 | value='1.088***' | fill=00000000 | rows=[7] | cols=[3] | col_header=False | row_header=False | metadata=False
Cell E8 | value='0.973***' | fill=00000000 | rows=[7] | cols=[4] | col_header=False | row_header=False | metadata=False
Cell F8 | value='0.954***' | fill=00000000 | rows=[7] | cols=[5] | col_header=False | row_header=False | metadata=False
Cell G8 | value='0.979***' | fill=00000000 | rows=[7] | cols=[6] | col_header=False | row_header=False | metadata=False
Cell B9 | value='(0.001)' | fill=00000000 | rows=[8] | cols=[1] | col_header=False | row_header=False | metadata=False
Cell C9 | value='(0.001)' | fill=00000000 | rows=[8] | cols=[2] | col_header=False | row_header=False | metadata=False
Cell D9 | value='(0.001)' | fill=00000000 | rows=[8] | cols=[3] | col_header=False | row_header=False | metadata=False
Cell E9 | value='(0.001)' | fill=00000000 | rows=[8] | cols=[4] | col_header=False | row_header=False | metadata=False
Cell F9 | value='(0.001)' | fill=00000000 | rows=[8] | cols=[5] | col_header=False | row_header=False | metadata=False
Cell G9 | value='(0.001)' | fill=00000000 | rows=[8] | cols=[6] | col_header=False | row_header=False | metadata=False
Cell A10 | value='Buddhist' | fill=FF00B050 | rows=[9] | cols=[0] | col_header=False | row_header=True | metadata=False
Cell B10 | value='0.676***' | fill=00000000 | rows=[9] | cols=[1] | col_header=False | row_header=False | metadata=False
Cell C10 | value='0.666***' | fill=00000000 | rows=[9] | cols=[2] | col_header=False | row_header=False | metadata=False
Cell D10 | value='0.706***' | fill=00000000 | rows=[9] | cols=[3] | col_header=False | row_header=False | metadata=False
Cell E10 | value='0.698***' | fill=00000000 | rows=[9] | cols=[4] | col_header=False | row_header=False | metadata=False
Cell F10 | value='0.511***' | fill=00000000 | rows=[9] | cols=[5] | col_header=False | row_header=False | metadata=False
Cell G10 | value='0.854***' | fill=00000000 | rows=[9] | cols=[6] | col_header=False | row_header=False | metadata=False
Cell B11 | value='(0.004)' | fill=00000000 | rows=[10] | cols=[1] | col_header=False | row_header=False | metadata=False
Cell C11 | value='(0.006)' | fill=00000000 | rows=[10] | cols=[2] | col_header=False | row_header=False | metadata=False
Cell D11 | value='(0.005)' | fill=00000000 | rows=[10] | cols=[3] | col_header=False | row_header=False | metadata=False
Cell E11 | value='(0.004)' | fill=00000000 | rows=[10] | cols=[4] | col_header=False | row_header=False | metadata=False
Cell F11 | value='(0.005)' | fill=00000000 | rows=[10] | cols=[5] | col_header=False | row_header=False | metadata=False
Cell G11 | value='(0.006)' | fill=00000000 | rows=[10] | cols=[6] | col_header=False | row_header=False | metadata=False
Cell A12 | value='Hindu' | fill=FF00B050 | rows=[11] | cols=[0] | col_header=False | row_header=True | metadata=False
Cell B12 | value='1.076***' | fill=00000000 | rows=[11] | cols=[1] | col_header=False | row_header=False | metadata=False
Cell C12 | value='1.337***' | fill=00000000 | rows=[11] | cols=[2] | col_header=False | row_header=False | metadata=False
Cell D12 | value='0.886***' | fill=00000000 | rows=[11] | cols=[3] | col_header=False | row_header=False | metadata=False
Cell E12 | value='1.030***' | fill=00000000 | rows=[11] | cols=[4] | col_header=False | row_header=False | metadata=False
Cell F12 | value='1.052***' | fill=00000000 | rows=[11] | cols=[5] | col_header=False | row_header=False | metadata=False
Cell G12 | value='1.038***' | fill=00000000 | rows=[11] | cols=[6] | col_header=False | row_header=False | metadata=False
Cell B13 | value='(0.003)' | fill=00000000 | rows=[12] | cols=[1] | col_header=False | row_header=False | metadata=False
Cell C13 | value='(0.007)' | fill=00000000 | rows=[12] | cols=[2] | col_header=False | row_header=False | metadata=False
Cell D13 | value='(0.004)' | fill=00000000 | rows=[12] | cols=[3] | col_header=False | row_header=False | metadata=False
Cell E13 | value='(0.004)' | fill=00000000 | rows=[12] | cols=[4] | col_header=False | row_header=False | metadata=False
Cell F13 | value='(0.008)' | fill=00000000 | rows=[12] | cols=[5] | col_header=False | row_header=False | metadata=False
Cell G13 | value='(0.006)' | fill=00000000 | rows=[12] | cols=[6] | col_header=False | row_header=False | metadata=False
Cell A14 | value='Jewish' | fill=FF00B050 | rows=[13] | cols=[0] | col_header=False | row_header=True | metadata=False
Cell B14 | value='0.880***' | fill=00000000 | rows=[13] | cols=[1] | col_header=False | row_header=False | metadata=False
Cell C14 | value='0.830***' | fill=00000000 | rows=[13] | cols=[2] | col_header=False | row_header=False | metadata=False
Cell D14 | value='0.878***' | fill=00000000 | rows=[13] | cols=[3] | col_header=False | row_header=False | metadata=False
Cell E14 | value='0.748***' | fill=00000000 | rows=[13] | cols=[4] | col_header=False | row_header=False | metadata=False
Cell F14 | value='0.766***' | fill=00000000 | rows=[13] | cols=[5] | col_header=False | row_header=False | metadata=False
Cell G14 | value='0.735***' | fill=00000000 | rows=[13] | cols=[6] | col_header=False | row_header=False | metadata=False
Cell B15 | value='(0.005)' | fill=00000000 | rows=[14] | cols=[1] | col_header=False | row_header=False | metadata=False
Cell C15 | value='(0.007)' | fill=00000000 | rows=[14] | cols=[2] | col_header=False | row_header=False | metadata=False
Cell D15 | value='(0.006)' | fill=00000000 | rows=[14] | cols=[3] | col_header=False | row_header=False | metadata=False
Cell E15 | value='(0.005)' | fill=00000000 | rows=[14] | cols=[4] | col_header=False | row_header=False | metadata=False
Cell F15 | value='(0.007)' | fill=00000000 | rows=[14] | cols=[5] | col_header=False | row_header=False | metadata=False
Cell G15 | value='(0.006)' | fill=00000000 | rows=[14] | cols=[6] | col_header=False | row_header=False | metadata=False
Cell A16 | value='Muslim' | fill=FF00B050 | rows=[15] | cols=[0] | col_header=False | row_header=True | metadata=False
Cell B16 | value='0.420***' | fill=00000000 | rows=[15] | cols=[1] | col_header=False | row_header=False | metadata=False
Cell C16 | value='0.667***' | fill=00000000 | rows=[15] | cols=[2] | col_header=False | row_header=False | metadata=False
Cell D16 | value='0.265***' | fill=00000000 | rows=[15] | cols=[3] | col_header=False | row_header=False | metadata=False
Cell E16 | value='0.501***' | fill=00000000 | rows=[15] | cols=[4] | col_header=False | row_header=False | metadata=False
Cell F16 | value='0.721***' | fill=00000000 | rows=[15] | cols=[5] | col_header=False | row_header=False | metadata=False
Cell G16 | value='0.375***' | fill=00000000 | rows=[15] | cols=[6] | col_header=False | row_header=False | metadata=False
Cell B17 | value='(0.001)' | fill=00000000 | rows=[16] | cols=[1] | col_header=False | row_header=False | metadata=False
Cell C17 | value='(0.002)' | fill=00000000 | rows=[16] | cols=[2] | col_header=False | row_header=False | metadata=False
Cell D17 | value='(0.001)' | fill=00000000 | rows=[16] | cols=[3] | col_header=False | row_header=False | metadata=False
Cell E17 | value='(0.001)' | fill=00000000 | rows=[16] | cols=[4] | col_header=False | row_header=False | metadata=False
Cell F17 | value='(0.003)' | fill=00000000 | rows=[16] | cols=[5] | col_header=False | row_header=False | metadata=False
Cell G17 | value='(0.001)' | fill=00000000 | rows=[16] | cols=[6] | col_header=False | row_header=False | metadata=False
Cell A18 | value='Sikh' | fill=FF00B050 | rows=[17] | cols=[0] | col_header=False | row_header=True | metadata=False
Cell B18 | value='0.949***' | fill=00000000 | rows=[17] | cols=[1] | col_header=False | row_header=False | metadata=False
Cell C18 | value='0.968***' | fill=00000000 | rows=[17] | cols=[2] | col_header=False | row_header=False | metadata=False
Cell D18 | value='0.897***' | fill=00000000 | rows=[17] | cols=[3] | col_header=False | row_header=False | metadata=False
Cell E18 | value='1.042***' | fill=00000000 | rows=[17] | cols=[4] | col_header=False | row_header=False | metadata=False
Cell F18 | value='0.829***' | fill=00000000 | rows=[17] | cols=[5] | col_header=False | row_header=False | metadata=False
Cell G18 | value='1.182***' | fill=00000000 | rows=[17] | cols=[6] | col_header=False | row_header=False | metadata=False
Cell B19 | value='(0.005)' | fill=00000000 | rows=[18] | cols=[1] | col_header=False | row_header=False | metadata=False
Cell C19 | value='(0.007)' | fill=00000000 | rows=[18] | cols=[2] | col_header=False | row_header=False | metadata=False
Cell D19 | value='(0.006)' | fill=00000000 | rows=[18] | cols=[3] | col_header=False | row_header=False | metadata=False
Cell E19 | value='(0.006)' | fill=00000000 | rows=[18] | cols=[4] | col_header=False | row_header=False | metadata=False
Cell F19 | value='(0.008)' | fill=00000000 | rows=[18] | cols=[5] | col_header=False | row_header=False | metadata=False
Cell G19 | value='(0.009)' | fill=00000000 | rows=[18] | cols=[6] | col_header=False | row_header=False | metadata=False
Cell A20 | value='Other' | fill=FF00B050 | rows=[19] | cols=[0] | col_header=False | row_header=True | metadata=False
Cell B20 | value='0.876***' | fill=00000000 | rows=[19] | cols=[1] | col_header=False | row_header=False | metadata=False
Cell C20 | value='0.741***' | fill=00000000 | rows=[19] | cols=[2] | col_header=False | row_header=False | metadata=False
Cell D20 | value='0.953***' | fill=00000000 | rows=[19] | cols=[3] | col_header=False | row_header=False | metadata=False
Cell E20 | value='0.700***' | fill=00000000 | rows=[19] | cols=[4] | col_header=False | row_header=False | metadata=False
Cell F20 | value='0.577***' | fill=00000000 | rows=[19] | cols=[5] | col_header=False | row_header=False | metadata=False
Cell G20 | value='0.810***' | fill=00000000 | rows=[19] | cols=[6] | col_header=False | row_header=False | metadata=False
Cell B21 | value='(0.003)' | fill=00000000 | rows=[20] | cols=[1] | col_header=False | row_header=False | metadata=False
Cell C21 | value='(0.003)' | fill=00000000 | rows=[20] | cols=[2] | col_header=False | row_header=False | metadata=False
Cell D21 | value='(0.004)' | fill=00000000 | rows=[20] | cols=[3] | col_header=False | row_header=False | metadata=False
Cell E21 | value='(0.002)' | fill=00000000 | rows=[20] | cols=[4] | col_header=False | row_header=False | metadata=False
Cell F21 | value='(0.003)' | fill=00000000 | rows=[20] | cols=[5] | col_header=False | row_header=False | metadata=False
Cell G21 | value='(0.004)' | fill=00000000 | rows=[20] | cols=[6] | col_header=False | row_header=False | metadata=False
Cell A22 | value='Age' | fill=FF00B050 | rows=[21] | cols=[0] | col_header=False | row_header=True | metadata=False
Cell E22 | value='1.374***' | fill=00000000 | rows=[21] | cols=[4] | col_header=False | row_header=False | metadata=False
Cell F22 | value='1.505***' | fill=00000000 | rows=[21] | cols=[5] | col_header=False | row_header=False | metadata=False
Cell G22 | value='1.294***' | fill=00000000 | rows=[21] | cols=[6] | col_header=False | row_header=False | metadata=False
Cell E23 | value='(0.000)' | fill=00000000 | rows=[22] | cols=[4] | col_header=False | row_header=False | metadata=False
Cell F23 | value='(0.001)' | fill=00000000 | rows=[22] | cols=[5] | col_header=False | row_header=False | metadata=False
Cell G23 | value='(0.000)' | fill=00000000 | rows=[22] | cols=[6] | col_header=False | row_header=False | metadata=False
Cell A24 | value='Age squared' | fill=FF00B050 | rows=[23] | cols=[0] | col_header=False | row_header=True | metadata=False
Cell E24 | value='0.996***' | fill=00000000 | rows=[23] | cols=[4] | col_header=False | row_header=False | metadata=False
Cell F24 | value='0.995***' | fill=00000000 | rows=[23] | cols=[5] | col_header=False | row_header=False | metadata=False
Cell G24 | value='0.997***' | fill=00000000 | rows=[23] | cols=[6] | col_header=False | row_header=False | metadata=False
Cell E25 | value='(0.000)' | fill=00000000 | rows=[24] | cols=[4] | col_header=False | row_header=False | metadata=False
Cell F25 | value='(0.000)' | fill=00000000 | rows=[24] | cols=[5] | col_header=False | row_header=False | metadata=False
Cell G25 | value='(0.000)' | fill=00000000 | rows=[24] | cols=[6] | col_header=False | row_header=False | metadata=False
Cell A26 | value='Female' | fill=FF00B050 | rows=[25] | cols=[0] | col_header=False | row_header=True | metadata=False
Cell E26 | value='0.477***' | fill=00000000 | rows=[25] | cols=[4] | col_header=False | row_header=False | metadata=False
Cell E27 | value='(0.000)' | fill=00000000 | rows=[26] | cols=[4] | col_header=False | row_header=False | metadata=False
Cell A28 | value='Marital status (omitted category - Single)' | fill=FFFFFF00 | rows=[27] | cols=[0, 1, 2, 3, 4, 5, 6] | col_header=True | row_header=False | metadata=False
Cell A29 | value='Married, living with spouse' | fill=FF00B050 | rows=[28, 29] | cols=[0] | col_header=False | row_header=True | metadata=False
Cell E29 | value='1.219***' | fill=00000000 | rows=[28] | cols=[4] | col_header=False | row_header=False | metadata=False
Cell F29 | value='2.562***' | fill=00000000 | rows=[28] | cols=[5] | col_header=False | row_header=False | metadata=False
Cell G29 | value='0.821***' | fill=00000000 | rows=[28] | cols=[6] | col_header=False | row_header=False | metadata=False
Cell E30 | value='(0.002)' | fill=00000000 | rows=[29] | cols=[4] | col_header=False | row_header=False | metadata=False
Cell F30 | value='(0.006)' | fill=00000000 | rows=[29] | cols=[5] | col_header=False | row_header=False | metadata=False
Cell G30 | value='(0.001)' | fill=00000000 | rows=[29] | cols=[6] | col_header=False | row_header=False | metadata=False
Cell A31 | value='Married, separated' | fill=FF00B050 | rows=[30, 31] | cols=[0] | col_header=False | row_header=True | metadata=False
Cell E31 | value='1.005' | fill=00000000 | rows=[30] | cols=[4] | col_header=False | row_header=False | metadata=False
Cell F31 | value='1.304***' | fill=00000000 | rows=[30] | cols=[5] | col_header=False | row_header=False | metadata=False
Cell G31 | value='0.917***' | fill=00000000 | rows=[30] | cols=[6] | col_header=False | row_header=False | metadata=False
Cell E32 | value='(0.003)' | fill=00000000 | rows=[31] | cols=[4] | col_header=False | row_header=False | metadata=False
Cell F32 | value='(0.007)' | fill=00000000 | rows=[31] | cols=[5] | col_header=False | row_header=False | metadata=False
Cell G32 | value='(0.003)' | fill=00000000 | rows=[31] | cols=[6] | col_header=False | row_header=False | metadata=False
Cell A33 | value='Divorced' | fill=FF00B050 | rows=[32] | cols=[0] | col_header=False | row_header=True | metadata=False
Cell E33 | value='1.281***' | fill=00000000 | rows=[32] | cols=[4] | col_header=False | row_header=False | metadata=False
Cell F33 | value='1.649***' | fill=00000000 | rows=[32] | cols=[5] | col_header=False | row_header=False | metadata=False
Cell G33 | value='1.111***' | fill=00000000 | rows=[32] | cols=[6] | col_header=False | row_header=False | metadata=False
Cell E34 | value='(0.003)' | fill=00000000 | rows=[33] | cols=[4] | col_header=False | row_header=False | metadata=False
Cell F34 | value='(0.006)' | fill=00000000 | rows=[33] | cols=[5] | col_header=False | row_header=False | metadata=False
Cell G34 | value='(0.003)' | fill=00000000 | rows=[33] | cols=[6] | col_header=False | row_header=False | metadata=False
Cell A35 | value='Widowed' | fill=FF00B050 | rows=[34] | cols=[0] | col_header=False | row_header=True | metadata=False
Cell E35 | value='0.944***' | fill=00000000 | rows=[34] | cols=[4] | col_header=False | row_header=False | metadata=False
Cell F35 | value='1.134***' | fill=00000000 | rows=[34] | cols=[5] | col_header=False | row_header=False | metadata=False
Cell G35 | value='0.779***' | fill=00000000 | rows=[34] | cols=[6] | col_header=False | row_header=False | metadata=False
Cell E36 | value='(0.004)' | fill=00000000 | rows=[35] | cols=[4] | col_header=False | row_header=False | metadata=False
Cell F36 | value='(0.008)' | fill=00000000 | rows=[35] | cols=[5] | col_header=False | row_header=False | metadata=False
Cell G36 | value='(0.003)' | fill=00000000 | rows=[35] | cols=[6] | col_header=False | row_header=False | metadata=False
Cell A37 | value='Civil partnership' | fill=FF00B050 | rows=[36, 37] | cols=[0] | col_header=False | row_header=True | metadata=False
Cell E37 | value='1.019*' | fill=00000000 | rows=[36] | cols=[4] | col_header=False | row_header=False | metadata=False
Cell F37 | value='0.873***' | fill=00000000 | rows=[36] | cols=[5] | col_header=False | row_header=False | metadata=False
Cell G37 | value='1.215***' | fill=00000000 | rows=[36] | cols=[6] | col_header=False | row_header=False | metadata=False
Cell E38 | value='(0.011)' | fill=00000000 | rows=[37] | cols=[4] | col_header=False | row_header=False | metadata=False
Cell F38 | value='(0.013)' | fill=00000000 | rows=[37] | cols=[5] | col_header=False | row_header=False | metadata=False
Cell G38 | value='(0.018)' | fill=00000000 | rows=[37] | cols=[6] | col_header=False | row_header=False | metadata=False
Cell A39 | value='Highest qualification held (omitted category – No qualifications)' | fill=FFFFFF00 | rows=[38] | cols=[0, 1, 2, 3, 4, 5, 6] | col_header=True | row_header=False | metadata=False
Cell A40 | value='Degree or equivalent' | fill=FF00B050 | rows=[39] | cols=[0] | col_header=False | row_header=True | metadata=False
Cell E40 | value='5.793***' | fill=00000000 | rows=[39] | cols=[4] | col_header=False | row_header=False | metadata=False
Cell F40 | value='4.711***' | fill=00000000 | rows=[39] | cols=[5] | col_header=False | row_header=False | metadata=False
Cell G40 | value='6.912***' | fill=00000000 | rows=[39] | cols=[6] | col_header=False | row_header=False | metadata=False
Cell E41 | value='(0.010)' | fill=00000000 | rows=[40] | cols=[4] | col_header=False | row_header=False | metadata=False
Cell F41 | value='(0.012)' | fill=00000000 | rows=[40] | cols=[5] | col_header=False | row_header=False | metadata=False
Cell G41 | value='(0.016)' | fill=00000000 | rows=[40] | cols=[6] | col_header=False | row_header=False | metadata=False
Cell A42 | value='Higher education' | fill=FF00B050 | rows=[41] | cols=[0] | col_header=False | row_header=True | metadata=False
Cell E42 | value='4.317***' | fill=00000000 | rows=[41] | cols=[4] | col_header=False | row_header=False | metadata=False
Cell F42 | value='3.765***' | fill=00000000 | rows=[41] | cols=[5] | col_header=False | row_header=False | metadata=False
Cell G42 | value='4.843***' | fill=00000000 | rows=[41] | cols=[6] | col_header=False | row_header=False | metadata=False
Cell E43 | value='(0.009)' | fill=00000000 | rows=[42] | cols=[4] | col_header=False | row_header=False | metadata=False
Cell F43 | value='(0.013)' | fill=00000000 | rows=[42] | cols=[5] | col_header=False | row_header=False | metadata=False
Cell G43 | value='(0.014)' | fill=00000000 | rows=[42] | cols=[6] | col_header=False | row_header=False | metadata=False
Cell A44 | value='A level or equivalent' | fill=FF00B050 | rows=[43] | cols=[0] | col_header=False | row_header=True | metadata=False
Cell E44 | value='3.475***' | fill=00000000 | rows=[43] | cols=[4] | col_header=False | row_header=False | metadata=False
Cell F44 | value='3.087***' | fill=00000000 | rows=[43] | cols=[5] | col_header=False | row_header=False | metadata=False
Cell G44 | value='3.952***' | fill=00000000 | rows=[43] | cols=[6] | col_header=False | row_header=False | metadata=False
Cell E45 | value='(0.006)' | fill=00000000 | rows=[44] | cols=[4] | col_header=False | row_header=False | metadata=False
Cell F45 | value='(0.007)' | fill=00000000 | rows=[44] | cols=[5] | col_header=False | row_header=False | metadata=False
Cell G45 | value='(0.009)' | fill=00000000 | rows=[44] | cols=[6] | col_header=False | row_header=False | metadata=False
Cell A46 | value='GCSE A*-C or equivalent' | fill=FF00B050 | rows=[45] | cols=[0] | col_header=False | row_header=True | metadata=False
Cell E46 | value='2.831***' | fill=00000000 | rows=[45] | cols=[4] | col_header=False | row_header=False | metadata=False
Cell F46 | value='2.754***' | fill=00000000 | rows=[45] | cols=[5] | col_header=False | row_header=False | metadata=False
Cell G46 | value='3.031***' | fill=00000000 | rows=[45] | cols=[6] | col_header=False | row_header=False | metadata=False
Cell E47 | value='(0.005)' | fill=00000000 | rows=[46] | cols=[4] | col_header=False | row_header=False | metadata=False
Cell F47 | value='(0.007)' | fill=00000000 | rows=[46] | cols=[5] | col_header=False | row_header=False | metadata=False
Cell G47 | value='(0.007)' | fill=00000000 | rows=[46] | cols=[6] | col_header=False | row_header=False | metadata=False
Cell A48 | value='Other qualification' | fill=FF00B050 | rows=[47] | cols=[0] | col_header=False | row_header=True | metadata=False
Cell E48 | value='2.361***' | fill=00000000 | rows=[47] | cols=[4] | col_header=False | row_header=False | metadata=False
Cell F48 | value='2.523***' | fill=00000000 | rows=[47] | cols=[5] | col_header=False | row_header=False | metadata=False
Cell G48 | value='2.337***' | fill=00000000 | rows=[47] | cols=[6] | col_header=False | row_header=False | metadata=False
Cell E49 | value='(0.005)' | fill=00000000 | rows=[48] | cols=[4] | col_header=False | row_header=False | metadata=False
Cell F49 | value='(0.007)' | fill=00000000 | rows=[48] | cols=[5] | col_header=False | row_header=False | metadata=False
Cell G49 | value='(0.006)' | fill=00000000 | rows=[48] | cols=[6] | col_header=False | row_header=False | metadata=False
Cell A50 | value='No answer' | fill=FF00B050 | rows=[49] | cols=[0] | col_header=False | row_header=True | metadata=False
Cell E50 | value='1.422***' | fill=00000000 | rows=[49] | cols=[4] | col_header=False | row_header=False | metadata=False
Cell F50 | value='1.416***' | fill=00000000 | rows=[49] | cols=[5] | col_header=False | row_header=False | metadata=False
Cell G50 | value='1.380***' | fill=00000000 | rows=[49] | cols=[6] | col_header=False | row_header=False | metadata=False
Cell E51 | value='(0.010)' | fill=00000000 | rows=[50] | cols=[4] | col_header=False | row_header=False | metadata=False
Cell F51 | value='(0.015)' | fill=00000000 | rows=[50] | cols=[5] | col_header=False | row_header=False | metadata=False
Cell G51 | value='(0.015)' | fill=00000000 | rows=[50] | cols=[6] | col_header=False | row_header=False | metadata=False
Cell A52 | value='Don’t know' | fill=FF00B050 | rows=[51] | cols=[0] | col_header=False | row_header=True | metadata=False
Cell E52 | value='3.318***' | fill=00000000 | rows=[51] | cols=[4] | col_header=False | row_header=False | metadata=False
Cell F52 | value='3.208***' | fill=00000000 | rows=[51] | cols=[5] | col_header=False | row_header=False | metadata=False
Cell G52 | value='3.423***' | fill=00000000 | rows=[51] | cols=[6] | col_header=False | row_header=False | metadata=False
Cell E53 | value='(0.012)' | fill=00000000 | rows=[52] | cols=[4] | col_header=False | row_header=False | metadata=False
Cell F53 | value='(0.017)' | fill=00000000 | rows=[52] | cols=[5] | col_header=False | row_header=False | metadata=False
Cell G53 | value='(0.017)' | fill=00000000 | rows=[52] | cols=[6] | col_header=False | row_header=False | metadata=False
Cell A54 | value='Government Office Region (omitted category – North East)' | fill=FFFFFF00 | rows=[53] | cols=[0, 1, 2, 3, 4, 5, 6] | col_header=True | row_header=False | metadata=False
Cell A55 | value='North West' | fill=FF00B050 | rows=[54] | cols=[0] | col_header=False | row_header=True | metadata=False
Cell E55 | value='1.169***' | fill=00000000 | rows=[54] | cols=[4] | col_header=False | row_header=False | metadata=False
Cell F55 | value='1.253***' | fill=00000000 | rows=[54] | cols=[5] | col_header=False | row_header=False | metadata=False
Cell G55 | value='1.115***' | fill=00000000 | rows=[54] | cols=[6] | col_header=False | row_header=False | metadata=False
Cell E56 | value='(0.003)' | fill=00000000 | rows=[55] | cols=[4] | col_header=False | row_header=False | metadata=False
Cell F56 | value='(0.005)' | fill=00000000 | rows=[55] | cols=[5] | col_header=False | row_header=False | metadata=False
Cell G56 | value='(0.004)' | fill=00000000 | rows=[55] | cols=[6] | col_header=False | row_header=False | metadata=False
Cell A57 | value='Merseyside' | fill=FF00B050 | rows=[56] | cols=[0] | col_header=False | row_header=True | metadata=False
Cell E57 | value='0.935***' | fill=00000000 | rows=[56] | cols=[4] | col_header=False | row_header=False | metadata=False
Cell F57 | value='0.903***' | fill=00000000 | rows=[56] | cols=[5] | col_header=False | row_header=False | metadata=False
Cell G57 | value='0.959***' | fill=00000000 | rows=[56] | cols=[6] | col_header=False | row_header=False | metadata=False
Cell E58 | value='(0.003)' | fill=00000000 | rows=[57] | cols=[4] | col_header=False | row_header=False | metadata=False
Cell F58 | value='(0.005)' | fill=00000000 | rows=[57] | cols=[5] | col_header=False | row_header=False | metadata=False
Cell G58 | value='(0.004)' | fill=00000000 | rows=[57] | cols=[6] | col_header=False | row_header=False | metadata=False
Cell A59 | value='Yorkshire and Humberside' | fill=FF00B050 | rows=[58] | cols=[0] | col_header=False | row_header=True | metadata=False
Cell E59 | value='1.151***' | fill=00000000 | rows=[58] | cols=[4] | col_header=False | row_header=False | metadata=False
Cell F59 | value='1.188***' | fill=00000000 | rows=[58] | cols=[5] | col_header=False | row_header=False | metadata=False
Cell G59 | value='1.125***' | fill=00000000 | rows=[58] | cols=[6] | col_header=False | row_header=False | metadata=False
Cell E60 | value='(0.003)' | fill=00000000 | rows=[59] | cols=[4] | col_header=False | row_header=False | metadata=False
Cell F60 | value='(0.005)' | fill=00000000 | rows=[59] | cols=[5] | col_header=False | row_header=False | metadata=False
Cell G60 | value='(0.004)' | fill=00000000 | rows=[59] | cols=[6] | col_header=False | row_header=False | metadata=False
Cell A61 | value='East Midlands' | fill=FF00B050 | rows=[60] | cols=[0] | col_header=False | row_header=True | metadata=False
Cell E61 | value='1.206***' | fill=00000000 | rows=[60] | cols=[4] | col_header=False | row_header=False | metadata=False
Cell F61 | value='1.306***' | fill=00000000 | rows=[60] | cols=[5] | col_header=False | row_header=False | metadata=False
Cell G61 | value='1.146***' | fill=00000000 | rows=[60] | cols=[6] | col_header=False | row_header=False | metadata=False
Cell E62 | value='(0.003)' | fill=00000000 | rows=[61] | cols=[4] | col_header=False | row_header=False | metadata=False
Cell F62 | value='(0.005)' | fill=00000000 | rows=[61] | cols=[5] | col_header=False | row_header=False | metadata=False
Cell G62 | value='(0.004)' | fill=00000000 | rows=[61] | cols=[6] | col_header=False | row_header=False | metadata=False
Cell A63 | value='West Midlands' | fill=FF00B050 | rows=[62] | cols=[0] | col_header=False | row_header=True | metadata=False
Cell E63 | value='1.202***' | fill=00000000 | rows=[62] | cols=[4] | col_header=False | row_header=False | metadata=False
Cell F63 | value='1.294***' | fill=00000000 | rows=[62] | cols=[5] | col_header=False | row_header=False | metadata=False
Cell G63 | value='1.140***' | fill=00000000 | rows=[62] | cols=[6] | col_header=False | row_header=False | metadata=False
Cell E64 | value='(0.003)' | fill=00000000 | rows=[63] | cols=[4] | col_header=False | row_header=False | metadata=False
Cell F64 | value='(0.005)' | fill=00000000 | rows=[63] | cols=[5] | col_header=False | row_header=False | metadata=False
Cell G64 | value='(0.004)' | fill=00000000 | rows=[63] | cols=[6] | col_header=False | row_header=False | metadata=False
Cell A65 | value='Eastern' | fill=FF00B050 | rows=[64] | cols=[0] | col_header=False | row_header=True | metadata=False
Cell E65 | value='1.361***' | fill=00000000 | rows=[64] | cols=[4] | col_header=False | row_header=False | metadata=False
Cell F65 | value='1.540***' | fill=00000000 | rows=[64] | cols=[5] | col_header=False | row_header=False | metadata=False
Cell G65 | value='1.264***' | fill=00000000 | rows=[64] | cols=[6] | col_header=False | row_header=False | metadata=False
Cell E66 | value='(0.003)' | fill=00000000 | rows=[65] | cols=[4] | col_header=False | row_header=False | metadata=False
Cell F66 | value='(0.006)' | fill=00000000 | rows=[65] | cols=[5] | col_header=False | row_header=False | metadata=False
Cell G66 | value='(0.004)' | fill=00000000 | rows=[65] | cols=[6] | col_header=False | row_header=False | metadata=False
Cell A67 | value='London' | fill=FF00B050 | rows=[66] | cols=[0] | col_header=False | row_header=True | metadata=False
Cell E67 | value='1.157***' | fill=00000000 | rows=[66] | cols=[4] | col_header=False | row_header=False | metadata=False
Cell F67 | value='1.342***' | fill=00000000 | rows=[66] | cols=[5] | col_header=False | row_header=False | metadata=False
Cell G67 | value='1.052***' | fill=00000000 | rows=[66] | cols=[6] | col_header=False | row_header=False | metadata=False
Cell E68 | value='(0.003)' | fill=00000000 | rows=[67] | cols=[4] | col_header=False | row_header=False | metadata=False
Cell F68 | value='(0.005)' | fill=00000000 | rows=[67] | cols=[5] | col_header=False | row_header=False | metadata=False
Cell G68 | value='(0.003)' | fill=00000000 | rows=[67] | cols=[6] | col_header=False | row_header=False | metadata=False
Cell A69 | value='South East' | fill=FF00B050 | rows=[68] | cols=[0] | col_header=False | row_header=True | metadata=False
Cell E69 | value='1.273***' | fill=00000000 | rows=[68] | cols=[4] | col_header=False | row_header=False | metadata=False
Cell F69 | value='1.428***' | fill=00000000 | rows=[68] | cols=[5] | col_header=False | row_header=False | metadata=False
Cell G69 | value='1.189***' | fill=00000000 | rows=[68] | cols=[6] | col_header=False | row_header=False | metadata=False
Cell E70 | value='(0.003)' | fill=00000000 | rows=[69] | cols=[4] | col_header=False | row_header=False | metadata=False
Cell F70 | value='(0.005)' | fill=00000000 | rows=[69] | cols=[5] | col_header=False | row_header=False | metadata=False
Cell G70 | value='(0.004)' | fill=00000000 | rows=[69] | cols=[6] | col_header=False | row_header=False | metadata=False
Cell A71 | value='South West' | fill=FF00B050 | rows=[70] | cols=[0] | col_header=False | row_header=True | metadata=False
Cell E71 | value='1.349***' | fill=00000000 | rows=[70] | cols=[4] | col_header=False | row_header=False | metadata=False
Cell F71 | value='1.400***' | fill=00000000 | rows=[70] | cols=[5] | col_header=False | row_header=False | metadata=False
Cell G71 | value='1.324***' | fill=00000000 | rows=[70] | cols=[6] | col_header=False | row_header=False | metadata=False
Cell E72 | value='(0.003)' | fill=00000000 | rows=[71] | cols=[4] | col_header=False | row_header=False | metadata=False
Cell F72 | value='(0.005)' | fill=00000000 | rows=[71] | cols=[5] | col_header=False | row_header=False | metadata=False
Cell G72 | value='(0.004)' | fill=00000000 | rows=[71] | cols=[6] | col_header=False | row_header=False | metadata=False
Cell A73 | value='Wales' | fill=FF00B050 | rows=[72] | cols=[0] | col_header=False | row_header=True | metadata=False
Cell E73 | value='1.052***' | fill=00000000 | rows=[72] | cols=[4] | col_header=False | row_header=False | metadata=False
Cell F73 | value='1.100***' | fill=00000000 | rows=[72] | cols=[5] | col_header=False | row_header=False | metadata=False
Cell G73 | value='1.028***' | fill=00000000 | rows=[72] | cols=[6] | col_header=False | row_header=False | metadata=False
Cell E74 | value='(0.003)' | fill=00000000 | rows=[73] | cols=[4] | col_header=False | row_header=False | metadata=False
Cell F74 | value='(0.005)' | fill=00000000 | rows=[73] | cols=[5] | col_header=False | row_header=False | metadata=False
Cell G74 | value='(0.004)' | fill=00000000 | rows=[73] | cols=[6] | col_header=False | row_header=False | metadata=False
Cell A75 | value='Ethnicity (omitted category – White)' | fill=FFFFFF00 | rows=[74] | cols=[0, 1, 2, 3, 4, 5, 6] | col_header=True | row_header=False | metadata=False
Cell A76 | value='No answer' | fill=FF00B050 | rows=[75] | cols=[0] | col_header=False | row_header=True | metadata=False
Cell E76 | value='1.244***' | fill=00000000 | rows=[75] | cols=[4] | col_header=False | row_header=False | metadata=False
Cell F76 | value='2.349***' | fill=00000000 | rows=[75] | cols=[5] | col_header=False | row_header=False | metadata=False
Cell G76 | value='0.898***' | fill=00000000 | rows=[75] | cols=[6] | col_header=False | row_header=False | metadata=False
Cell E77 | value='(0.021)' | fill=00000000 | rows=[76] | cols=[4] | col_header=False | row_header=False | metadata=False
Cell F77 | value='(0.067)' | fill=00000000 | rows=[76] | cols=[5] | col_header=False | row_header=False | metadata=False
Cell G77 | value='(0.019)' | fill=00000000 | rows=[76] | cols=[6] | col_header=False | row_header=False | metadata=False
Cell A78 | value='Mixed/multiple ethnic groups' | fill=FF00B050 | rows=[77] | cols=[0] | col_header=False | row_header=True | metadata=False
Cell E78 | value='0.715***' | fill=00000000 | rows=[77] | cols=[4] | col_header=False | row_header=False | metadata=False
Cell F78 | value='0.686***' | fill=00000000 | rows=[77] | cols=[5] | col_header=False | row_header=False | metadata=False
Cell G78 | value='0.729***' | fill=00000000 | rows=[77] | cols=[6] | col_header=False | row_header=False | metadata=False
Cell E79 | value='(0.003)' | fill=00000000 | rows=[78] | cols=[4] | col_header=False | row_header=False | metadata=False
Cell F79 | value='(0.004)' | fill=00000000 | rows=[78] | cols=[5] | col_header=False | row_header=False | metadata=False
Cell G79 | value='(0.003)' | fill=00000000 | rows=[78] | cols=[6] | col_header=False | row_header=False | metadata=False
Cell A80 | value='Asian / Asian British' | fill=FF00B050 | rows=[79] | cols=[0] | col_header=False | row_header=True | metadata=False
Cell E80 | value='0.691***' | fill=00000000 | rows=[79] | cols=[4] | col_header=False | row_header=False | metadata=False
Cell F80 | value='0.732***' | fill=00000000 | rows=[79] | cols=[5] | col_header=False | row_header=False | metadata=False
Cell G80 | value='0.667***' | fill=00000000 | rows=[79] | cols=[6] | col_header=False | row_header=False | metadata=False
Cell E81 | value='(0.002)' | fill=00000000 | rows=[80] | cols=[4] | col_header=False | row_header=False | metadata=False
Cell F81 | value='(0.003)' | fill=00000000 | rows=[80] | cols=[5] | col_header=False | row_header=False | metadata=False
Cell G81 | value='(0.002)' | fill=00000000 | rows=[80] | cols=[6] | col_header=False | row_header=False | metadata=False
Cell A82 | value='Black / Black British' | fill=FF00B050 | rows=[81] | cols=[0] | col_header=False | row_header=True | metadata=False
Cell E82 | value='0.754***' | fill=00000000 | rows=[81] | cols=[4] | col_header=False | row_header=False | metadata=False
Cell F82 | value='0.697***' | fill=00000000 | rows=[81] | cols=[5] | col_header=False | row_header=False | metadata=False
Cell G82 | value='0.787***' | fill=00000000 | rows=[81] | cols=[6] | col_header=False | row_header=False | metadata=False
Cell E83 | value='(0.002)' | fill=00000000 | rows=[82] | cols=[4] | col_header=False | row_header=False | metadata=False
Cell F83 | value='(0.003)' | fill=00000000 | rows=[82] | cols=[5] | col_header=False | row_header=False | metadata=False
Cell G83 | value='(0.002)' | fill=00000000 | rows=[82] | cols=[6] | col_header=False | row_header=False | metadata=False
Cell A84 | value='Chinese' | fill=FF00B050 | rows=[83] | cols=[0] | col_header=False | row_header=True | metadata=False
Cell E84 | value='0.348***' | fill=00000000 | rows=[83] | cols=[4] | col_header=False | row_header=False | metadata=False
Cell F84 | value='0.268***' | fill=00000000 | rows=[83] | cols=[5] | col_header=False | row_header=False | metadata=False
Cell G84 | value='0.409***' | fill=00000000 | rows=[83] | cols=[6] | col_header=False | row_header=False | metadata=False
Cell E85 | value='(0.002)' | fill=00000000 | rows=[84] | cols=[4] | col_header=False | row_header=False | metadata=False
Cell F85 | value='(0.002)' | fill=00000000 | rows=[84] | cols=[5] | col_header=False | row_header=False | metadata=False
Cell G85 | value='(0.002)' | fill=00000000 | rows=[84] | cols=[6] | col_header=False | row_header=False | metadata=False
Cell A86 | value='Arab' | fill=FF00B050 | rows=[85] | cols=[0] | col_header=False | row_header=True | metadata=False
Cell E86 | value='0.355***' | fill=00000000 | rows=[85] | cols=[4] | col_header=False | row_header=False | metadata=False
Cell F86 | value='0.327***' | fill=00000000 | rows=[85] | cols=[5] | col_header=False | row_header=False | metadata=False
Cell G86 | value='0.331***' | fill=00000000 | rows=[85] | cols=[6] | col_header=False | row_header=False | metadata=False
Cell E87 | value='(0.002)' | fill=00000000 | rows=[86] | cols=[4] | col_header=False | row_header=False | metadata=False
Cell F87 | value='(0.003)' | fill=00000000 | rows=[86] | cols=[5] | col_header=False | row_header=False | metadata=False
Cell G87 | value='(0.003)' | fill=00000000 | rows=[86] | cols=[6] | col_header=False | row_header=False | metadata=False
Cell A88 | value='Other' | fill=FF00B050 | rows=[87] | cols=[0] | col_header=False | row_header=True | metadata=False
Cell E88 | value='0.586***' | fill=00000000 | rows=[87] | cols=[4] | col_header=False | row_header=False | metadata=False
Cell F88 | value='0.551***' | fill=00000000 | rows=[87] | cols=[5] | col_header=False | row_header=False | metadata=False
Cell G88 | value='0.589***' | fill=00000000 | rows=[87] | cols=[6] | col_header=False | row_header=False | metadata=False
Cell E89 | value='(0.002)' | fill=00000000 | rows=[88] | cols=[4] | col_header=False | row_header=False | metadata=False
Cell F89 | value='(0.003)' | fill=00000000 | rows=[88] | cols=[5] | col_header=False | row_header=False | metadata=False
Cell G89 | value='(0.003)' | fill=00000000 | rows=[88] | cols=[6] | col_header=False | row_header=False | metadata=False
Cell A90 | value='Constant' | fill=FF00B050 | rows=[89] | cols=[0] | col_header=False | row_header=True | metadata=False
Cell B90 | value='3.736***' | fill=00000000 | rows=[89] | cols=[1] | col_header=False | row_header=False | metadata=False
Cell C90 | value='5.053***' | fill=00000000 | rows=[89] | cols=[2] | col_header=False | row_header=False | metadata=False
Cell D90 | value='2.997***' | fill=00000000 | rows=[89] | cols=[3] | col_header=False | row_header=False | metadata=False
Cell E90 | value='0.006***' | fill=00000000 | rows=[89] | cols=[4] | col_header=False | row_header=False | metadata=False
Cell F90 | value='0.001***' | fill=00000000 | rows=[89] | cols=[5] | col_header=False | row_header=False | metadata=False
Cell G90 | value='0.009***' | fill=00000000 | rows=[89] | cols=[6] | col_header=False | row_header=False | metadata=False
Cell B91 | value='(0.002)' | fill=00000000 | rows=[90] | cols=[1] | col_header=False | row_header=False | metadata=False
Cell C91 | value='(0.005)' | fill=00000000 | rows=[90] | cols=[2] | col_header=False | row_header=False | metadata=False
Cell D91 | value='(0.002)' | fill=00000000 | rows=[90] | cols=[3] | col_header=False | row_header=False | metadata=False
Cell E91 | value='(0.000)' | fill=00000000 | rows=[90] | cols=[4] | col_header=False | row_header=False | metadata=False
Cell F91 | value='(0.000)' | fill=00000000 | rows=[90] | cols=[5] | col_header=False | row_header=False | metadata=False
Cell G91 | value='(0.000)' | fill=00000000 | rows=[90] | cols=[6] | col_header=False | row_header=False | metadata=False
Cell A92 | value='Number of Observations (thousands)' | fill=FF00B050 | rows=[91] | cols=[0] | col_header=False | row_header=True | metadata=False
Cell B92 | value='36640' | fill=00000000 | rows=[91] | cols=[1] | col_header=False | row_header=False | metadata=False
Cell C92 | value='18255' | fill=00000000 | rows=[91] | cols=[2] | col_header=False | row_header=False | metadata=False
Cell D92 | value='18385' | fill=00000000 | rows=[91] | cols=[3] | col_header=False | row_header=False | metadata=False
Cell E92 | value='36640' | fill=00000000 | rows=[91] | cols=[4] | col_header=False | row_header=False | metadata=False
Cell F92 | value='18255' | fill=00000000 | rows=[91] | cols=[5] | col_header=False | row_header=False | metadata=False
Cell G92 | value='18385' | fill=00000000 | rows=[91] | cols=[6] | col_header=False | row_header=False | metadata=False
Cell A93 | value='Other Controls in the Model' | fill=FF00B050 | rows=[92] | cols=[0] | col_header=False | row_header=True | metadata=False
Cell B93 | value='No' | fill=00000000 | rows=[92] | cols=[1] | col_header=False | row_header=False | metadata=False
Cell C93 | value='No' | fill=00000000 | rows=[92] | cols=[2] | col_header=False | row_header=False | metadata=False
Cell D93 | value='No' | fill=00000000 | rows=[92] | cols=[3] | col_header=False | row_header=False | metadata=False
Cell E93 | value='Yes' | fill=00000000 | rows=[92] | cols=[4] | col_header=False | row_header=False | metadata=False
Cell F93 | value='Yes' | fill=00000000 | rows=[92] | cols=[5] | col_header=False | row_header=False | metadata=False
Cell G93 | value='Yes' | fill=00000000 | rows=[92] | cols=[6] | col_header=False | row_header=False | metadata=False
Cell A95 | value='Note – standard errors are in parenthesis. *** p<0.01, ** p<0.05, * p<0.1' | fill=FF00B0F0 | rows=[94] | cols=[0] | col_header=False | row_header=False | metadata=True

=== religion-table08.xlsx ===
Cell A1 | value='Table A1: Estimated odds ratios from logistic regression of economic activity' | fill=FF00B0F0 | rows=[0] | cols=[0] | col_header=True | row_header=True | metadata=True
Cell G1 | value='Contents' | fill=00000000 | rows=[0] | cols=[6] | col_header=False | row_header=False | metadata=False
Cell B3 | value='(1) All' | fill=FFFFFF00 | rows=[2] | cols=[1] | col_header=True | row_header=False | metadata=False
Cell C3 | value='(2) Male' | fill=FFFFFF00 | rows=[2] | cols=[2] | col_header=True | row_header=False | metadata=False
Cell D3 | value='(3) Female' | fill=FFFFFF00 | rows=[2] | cols=[3] | col_header=True | row_header=False | metadata=False
Cell E3 | value='(4) All' | fill=FFFFFF00 | rows=[2] | cols=[4] | col_header=True | row_header=False | metadata=False
Cell F3 | value='(5) Male' | fill=FFFFFF00 | rows=[2] | cols=[5] | col_header=True | row_header=False | metadata=False
Cell G3 | value='(6) Female' | fill=FFFFFF00 | rows=[2] | cols=[6] | col_header=True | row_header=False | metadata=False
Cell A5 | value='Religious affiliation (omitted category Christian)' | fill=FFFFFF00 | rows=[4] | cols=[0, 1, 2, 3, 4, 5, 6] | col_header=True | row_header=False | metadata=False
Cell A6 | value='No answer' | fill=FF00B050 | rows=[5] | cols=[0] | col_header=False | row_header=True | metadata=False
Cell B6 | value='0.753***' | fill=00000000 | rows=[5] | cols=[1] | col_header=False | row_header=False | metadata=False
Cell C6 | value='0.737***' | fill=00000000 | rows=[5] | cols=[2] | col_header=False | row_header=False | metadata=False
Cell D6 | value='0.744***' | fill=00000000 | rows=[5] | cols=[3] | col_header=False | row_header=False | metadata=False
Cell E6 | value='0.822***' | fill=00000000 | rows=[5] | cols=[4] | col_header=False | row_header=False | metadata=False
Cell F6 | value='0.842***' | fill=00000000 | rows=[5] | cols=[5] | col_header=False | row_header=False | metadata=False
Cell G6 | value='0.875***' | fill=00000000 | rows=[5] | cols=[6] | col_header=False | row_header=False | metadata=False
Cell B7 | value='(0.006)' | fill=00000000 | rows=[6] | cols=[1] | col_header=False | row_header=False | metadata=False
Cell C7 | value='(0.009)' | fill=00000000 | rows=[6] | cols=[2] | col_header=False | row_header=False | metadata=False
Cell D7 | value='(0.008)' | fill=00000000 | rows=[6] | cols=[3] | col_header=False | row_header=False | metadata=False
Cell E7 | value='(0.007)' | fill=00000000 | rows=[6] | cols=[4] | col_header=False | row_header=False | metadata=False
Cell F7 | value='(0.011)' | fill=00000000 | rows=[6] | cols=[5] | col_header=False | row_header=False | metadata=False
Cell G7 | value='(0.010)' | fill=00000000 | rows=[6] | cols=[6] | col_header=False | row_header=False | metadata=False
Cell A8 | value='No Religion' | fill=FF00B050 | rows=[7] | cols=[0] | col_header=False | row_header=True | metadata=False
Cell B8 | value='1.125***' | fill=00000000 | rows=[7] | cols=[1] | col_header=False | row_header=False | metadata=False
Cell C8 | value='1.072***' | fill=00000000 | rows=[7] | cols=[2] | col_header=False | row_header=False | metadata=False
Cell D8 | value='1.088***' | fill=00000000 | rows=[7] | cols=[3] | col_header=False | row_header=False | metadata=False
Cell E8 | value='0.973***' | fill=00000000 | rows=[7] | cols=[4] | col_header=False | row_header=False | metadata=False
Cell F8 | value='0.954***' | fill=00000000 | rows=[7] | cols=[5] | col_header=False | row_header=False | metadata=False
Cell G8 | value='0.979***' | fill=00000000 | rows=[7] | cols=[6] | col_header=False | row_header=False | metadata=False
Cell B9 | value='(0.001)' | fill=00000000 | rows=[8] | cols=[1] | col_header=False | row_header=False | metadata=False
Cell C9 | value='(0.001)' | fill=00000000 | rows=[8] | cols=[2] | col_header=False | row_header=False | metadata=False
Cell D9 | value='(0.001)' | fill=00000000 | rows=[8] | cols=[3] | col_header=False | row_header=False | metadata=False
Cell E9 | value='(0.001)' | fill=00000000 | rows=[8] | cols=[4] | col_header=False | row_header=False | metadata=False
Cell F9 | value='(0.001)' | fill=00000000 | rows=[8] | cols=[5] | col_header=False | row_header=False | metadata=False
Cell G9 | value='(0.001)' | fill=00000000 | rows=[8] | cols=[6] | col_header=False | row_header=False | metadata=False
Cell A10 | value='Buddhist' | fill=FF00B050 | rows=[9] | cols=[0] | col_header=False | row_header=True | metadata=False
Cell B10 | value='0.676***' | fill=00000000 | rows=[9] | cols=[1] | col_header=False | row_header=False | metadata=False
Cell C10 | value='0.666***' | fill=00000000 | rows=[9] | cols=[2] | col_header=False | row_header=False | metadata=False
Cell D10 | value='0.706***' | fill=00000000 | rows=[9] | cols=[3] | col_header=False | row_header=False | metadata=False
Cell E10 | value='0.698***' | fill=00000000 | rows=[9] | cols=[4] | col_header=False | row_header=False | metadata=False
Cell F10 | value='0.511***' | fill=00000000 | rows=[9] | cols=[5] | col_header=False | row_header=False | metadata=False
Cell G10 | value='0.854***' | fill=00000000 | rows=[9] | cols=[6] | col_header=False | row_header=False | metadata=False
Cell B11 | value='(0.004)' | fill=00000000 | rows=[10] | cols=[1] | col_header=False | row_header=False | metadata=False
Cell C11 | value='(0.006)' | fill=00000000 | rows=[10] | cols=[2] | col_header=False | row_header=False | metadata=False
Cell D11 | value='(0.005)' | fill=00000000 | rows=[10] | cols=[3] | col_header=False | row_header=False | metadata=False
Cell E11 | value='(0.004)' | fill=00000000 | rows=[10] | cols=[4] | col_header=False | row_header=False | metadata=False
Cell F11 | value='(0.005)' | fill=00000000 | rows=[10] | cols=[5] | col_header=False | row_header=False | metadata=False
Cell G11 | value='(0.006)' | fill=00000000 | rows=[10] | cols=[6] | col_header=False | row_header=False | metadata=False
Cell A12 | value='Hindu' | fill=FF00B050 | rows=[11] | cols=[0] | col_header=False | row_header=True | metadata=False
Cell B12 | value='1.076***' | fill=00000000 | rows=[11] | cols=[1] | col_header=False | row_header=False | metadata=False
Cell C12 | value='1.337***' | fill=00000000 | rows=[11] | cols=[2] | col_header=False | row_header=False | metadata=False
Cell D12 | value='0.886***' | fill=00000000 | rows=[11] | cols=[3] | col_header=False | row_header=False | metadata=False
Cell E12 | value='1.030***' | fill=00000000 | rows=[11] | cols=[4] | col_header=False | row_header=False | metadata=False
Cell F12 | value='1.052***' | fill=00000000 | rows=[11] | cols=[5] | col_header=False | row_header=False | metadata=False
Cell G12 | value='1.038***' | fill=00000000 | rows=[11] | cols=[6] | col_header=False | row_header=False | metadata=False
Cell B13 | value='(0.003)' | fill=00000000 | rows=[12] | cols=[1] | col_header=False | row_header=False | metadata=False
Cell C13 | value='(0.007)' | fill=00000000 | rows=[12] | cols=[2] | col_header=False | row_header=False | metadata=False
Cell D13 | value='(0.004)' | fill=00000000 | rows=[12] | cols=[3] | col_header=False | row_header=False | metadata=False
Cell E13 | value='(0.004)' | fill=00000000 | rows=[12] | cols=[4] | col_header=False | row_header=False | metadata=False
Cell F13 | value='(0.008)' | fill=00000000 | rows=[12] | cols=[5] | col_header=False | row_header=False | metadata=False
Cell G13 | value='(0.006)' | fill=00000000 | rows=[12] | cols=[6] | col_header=False | row_header=False | metadata=False
Cell A14 | value='Jewish' | fill=FF00B050 | rows=[13] | cols=[0] | col_header=False | row_header=True | metadata=False
Cell B14 | value='0.880***' | fill=00000000 | rows=[13] | cols=[1] | col_header=False | row_header=False | metadata=False
Cell C14 | value='0.830***' | fill=00000000 | rows=[13] | cols=[2] | col_header=False | row_header=False | metadata=False
Cell D14 | value='0.878***' | fill=00000000 | rows=[13] | cols=[3] | col_header=False | row_header=False | metadata=False
Cell E14 | value='0.748***' | fill=00000000 | rows=[13] | cols=[4] | col_header=False | row_header=False | metadata=False
Cell F14 | value='0.766***' | fill=00000000 | rows=[13] | cols=[5] | col_header=False | row_header=False | metadata=False
Cell G14 | value='0.735***' | fill=00000000 | rows=[13] | cols=[6] | col_header=False | row_header=False | metadata=False
Cell B15 | value='(0.005)' | fill=00000000 | rows=[14] | cols=[1] | col_header=False | row_header=False | metadata=False
Cell C15 | value='(0.007)' | fill=00000000 | rows=[14] | cols=[2] | col_header=False | row_header=False | metadata=False
Cell D15 | value='(0.006)' | fill=00000000 | rows=[14] | cols=[3] | col_header=False | row_header=False | metadata=False
Cell E15 | value='(0.005)' | fill=00000000 | rows=[14] | cols=[4] | col_header=False | row_header=False | metadata=False
Cell F15 | value='(0.007)' | fill=00000000 | rows=[14] | cols=[5] | col_header=False | row_header=False | metadata=False
Cell G15 | value='(0.006)' | fill=00000000 | rows=[14] | cols=[6] | col_header=False | row_header=False | metadata=False
Cell A16 | value='Muslim' | fill=FF00B050 | rows=[15] | cols=[0] | col_header=False | row_header=True | metadata=False
Cell B16 | value='0.420***' | fill=00000000 | rows=[15] | cols=[1] | col_header=False | row_header=False | metadata=False
Cell C16 | value='0.667***' | fill=00000000 | rows=[15] | cols=[2] | col_header=False | row_header=False | metadata=False
Cell D16 | value='0.265***' | fill=00000000 | rows=[15] | cols=[3] | col_header=False | row_header=False | metadata=False
Cell E16 | value='0.501***' | fill=00000000 | rows=[15] | cols=[4] | col_header=False | row_header=False | metadata=False
Cell F16 | value='0.721***' | fill=00000000 | rows=[15] | cols=[5] | col_header=False | row_header=False | metadata=False
Cell G16 | value='0.375***' | fill=00000000 | rows=[15] | cols=[6] | col_header=False | row_header=False | metadata=False
Cell B17 | value='(0.001)' | fill=00000000 | rows=[16] | cols=[1] | col_header=False | row_header=False | metadata=False
Cell C17 | value='(0.002)' | fill=00000000 | rows=[16] | cols=[2] | col_header=False | row_header=False | metadata=False
Cell D17 | value='(0.001)' | fill=00000000 | rows=[16] | cols=[3] | col_header=False | row_header=False | metadata=False
Cell E17 | value='(0.001)' | fill=00000000 | rows=[16] | cols=[4] | col_header=False | row_header=False | metadata=False
Cell F17 | value='(0.003)' | fill=00000000 | rows=[16] | cols=[5] | col_header=False | row_header=False | metadata=False
Cell G17 | value='(0.001)' | fill=00000000 | rows=[16] | cols=[6] | col_header=False | row_header=False | metadata=False
Cell A18 | value='Sikh' | fill=FF00B050 | rows=[17] | cols=[0] | col_header=False | row_header=True | metadata=False
Cell B18 | value='0.949***' | fill=00000000 | rows=[17] | cols=[1] | col_header=False | row_header=False | metadata=False
Cell C18 | value='0.968***' | fill=00000000 | rows=[17] | cols=[2] | col_header=False | row_header=False | metadata=False
Cell D18 | value='0.897***' | fill=00000000 | rows=[17] | cols=[3] | col_header=False | row_header=False | metadata=False
Cell E18 | value='1.042***' | fill=00000000 | rows=[17] | cols=[4] | col_header=False | row_header=False | metadata=False
Cell F18 | value='0.829***' | fill=00000000 | rows=[17] | cols=[5] | col_header=False | row_header=False | metadata=False
Cell G18 | value='1.182***' | fill=00000000 | rows=[17] | cols=[6] | col_header=False | row_header=False | metadata=False
Cell B19 | value='(0.005)' | fill=00000000 | rows=[18] | cols=[1] | col_header=False | row_header=False | metadata=False
Cell C19 | value='(0.007)' | fill=00000000 | rows=[18] | cols=[2] | col_header=False | row_header=False | metadata=False
Cell D19 | value='(0.006)' | fill=00000000 | rows=[18] | cols=[3] | col_header=False | row_header=False | metadata=False
Cell E19 | value='(0.006)' | fill=00000000 | rows=[18] | cols=[4] | col_header=False | row_header=False | metadata=False
Cell F19 | value='(0.008)' | fill=00000000 | rows=[18] | cols=[5] | col_header=False | row_header=False | metadata=False
Cell G19 | value='(0.009)' | fill=00000000 | rows=[18] | cols=[6] | col_header=False | row_header=False | metadata=False
Cell A20 | value='Other' | fill=FF00B050 | rows=[19] | cols=[0] | col_header=False | row_header=True | metadata=False
Cell B20 | value='0.876***' | fill=00000000 | rows=[19] | cols=[1] | col_header=False | row_header=False | metadata=False
Cell C20 | value='0.741***' | fill=00000000 | rows=[19] | cols=[2] | col_header=False | row_header=False | metadata=False
Cell D20 | value='0.953***' | fill=00000000 | rows=[19] | cols=[3] | col_header=False | row_header=False | metadata=False
Cell E20 | value='0.700***' | fill=00000000 | rows=[19] | cols=[4] | col_header=False | row_header=False | metadata=False
Cell F20 | value='0.577***' | fill=00000000 | rows=[19] | cols=[5] | col_header=False | row_header=False | metadata=False
Cell G20 | value='0.810***' | fill=00000000 | rows=[19] | cols=[6] | col_header=False | row_header=False | metadata=False
Cell B21 | value='(0.003)' | fill=00000000 | rows=[20] | cols=[1] | col_header=False | row_header=False | metadata=False
Cell C21 | value='(0.003)' | fill=00000000 | rows=[20] | cols=[2] | col_header=False | row_header=False | metadata=False
Cell D21 | value='(0.004)' | fill=00000000 | rows=[20] | cols=[3] | col_header=False | row_header=False | metadata=False
Cell E21 | value='(0.002)' | fill=00000000 | rows=[20] | cols=[4] | col_header=False | row_header=False | metadata=False
Cell F21 | value='(0.003)' | fill=00000000 | rows=[20] | cols=[5] | col_header=False | row_header=False | metadata=False
Cell G21 | value='(0.004)' | fill=00000000 | rows=[20] | cols=[6] | col_header=False | row_header=False | metadata=False
Cell A22 | value='Age' | fill=FF00B050 | rows=[21] | cols=[0] | col_header=False | row_header=True | metadata=False
Cell E22 | value='1.374***' | fill=00000000 | rows=[21] | cols=[4] | col_header=False | row_header=False | metadata=False
Cell F22 | value='1.505***' | fill=00000000 | rows=[21] | cols=[5] | col_header=False | row_header=False | metadata=False
Cell G22 | value='1.294***' | fill=00000000 | rows=[21] | cols=[6] | col_header=False | row_header=False | metadata=False
Cell E23 | value='(0.000)' | fill=00000000 | rows=[22] | cols=[4] | col_header=False | row_header=False | metadata=False
Cell F23 | value='(0.001)' | fill=00000000 | rows=[22] | cols=[5] | col_header=False | row_header=False | metadata=False
Cell G23 | value='(0.000)' | fill=00000000 | rows=[22] | cols=[6] | col_header=False | row_header=False | metadata=False
Cell A24 | value='Age squared' | fill=FF00B050 | rows=[23] | cols=[0] | col_header=False | row_header=True | metadata=False
Cell E24 | value='0.996***' | fill=00000000 | rows=[23] | cols=[4] | col_header=False | row_header=False | metadata=False
Cell F24 | value='0.995***' | fill=00000000 | rows=[23] | cols=[5] | col_header=False | row_header=False | metadata=False
Cell G24 | value='0.997***' | fill=00000000 | rows=[23] | cols=[6] | col_header=False | row_header=False | metadata=False
Cell E25 | value='(0.000)' | fill=00000000 | rows=[24] | cols=[4] | col_header=False | row_header=False | metadata=False
Cell F25 | value='(0.000)' | fill=00000000 | rows=[24] | cols=[5] | col_header=False | row_header=False | metadata=False
Cell G25 | value='(0.000)' | fill=00000000 | rows=[24] | cols=[6] | col_header=False | row_header=False | metadata=False
Cell A26 | value='Female' | fill=FF00B050 | rows=[25] | cols=[0] | col_header=False | row_header=True | metadata=False
Cell E26 | value='0.477***' | fill=00000000 | rows=[25] | cols=[4] | col_header=False | row_header=False | metadata=False
Cell E27 | value='(0.000)' | fill=00000000 | rows=[26] | cols=[4] | col_header=False | row_header=False | metadata=False
Cell A28 | value='Marital status (omitted category - Single)' | fill=FFFFFF00 | rows=[27] | cols=[0, 1, 2, 3, 4, 5, 6] | col_header=True | row_header=False | metadata=False
Cell A29 | value='Married, living with spouse' | fill=FF00B050 | rows=[28, 29] | cols=[0] | col_header=False | row_header=True | metadata=False
Cell E29 | value='1.219***' | fill=00000000 | rows=[28] | cols=[4] | col_header=False | row_header=False | metadata=False
Cell F29 | value='2.562***' | fill=00000000 | rows=[28] | cols=[5] | col_header=False | row_header=False | metadata=False
Cell G29 | value='0.821***' | fill=00000000 | rows=[28] | cols=[6] | col_header=False | row_header=False | metadata=False
Cell E30 | value='(0.002)' | fill=00000000 | rows=[29] | cols=[4] | col_header=False | row_header=False | metadata=False
Cell F30 | value='(0.006)' | fill=00000000 | rows=[29] | cols=[5] | col_header=False | row_header=False | metadata=False
Cell G30 | value='(0.001)' | fill=00000000 | rows=[29] | cols=[6] | col_header=False | row_header=False | metadata=False
Cell A31 | value='Married, separated' | fill=FF00B050 | rows=[30, 31] | cols=[0] | col_header=False | row_header=True | metadata=False
Cell E31 | value='1.005' | fill=00000000 | rows=[30] | cols=[4] | col_header=False | row_header=False | metadata=False
Cell F31 | value='1.304***' | fill=00000000 | rows=[30] | cols=[5] | col_header=False | row_header=False | metadata=False
Cell G31 | value='0.917***' | fill=00000000 | rows=[30] | cols=[6] | col_header=False | row_header=False | metadata=False
Cell E32 | value='(0.003)' | fill=00000000 | rows=[31] | cols=[4] | col_header=False | row_header=False | metadata=False
Cell F32 | value='(0.007)' | fill=00000000 | rows=[31] | cols=[5] | col_header=False | row_header=False | metadata=False
Cell G32 | value='(0.003)' | fill=00000000 | rows=[31] | cols=[6] | col_header=False | row_header=False | metadata=False
Cell A33 | value='Divorced' | fill=FF00B050 | rows=[32] | cols=[0] | col_header=False | row_header=True | metadata=False
Cell E33 | value='1.281***' | fill=00000000 | rows=[32] | cols=[4] | col_header=False | row_header=False | metadata=False
Cell F33 | value='1.649***' | fill=00000000 | rows=[32] | cols=[5] | col_header=False | row_header=False | metadata=False
Cell G33 | value='1.111***' | fill=00000000 | rows=[32] | cols=[6] | col_header=False | row_header=False | metadata=False
Cell E34 | value='(0.003)' | fill=00000000 | rows=[33] | cols=[4] | col_header=False | row_header=False | metadata=False
Cell F34 | value='(0.006)' | fill=00000000 | rows=[33] | cols=[5] | col_header=False | row_header=False | metadata=False
Cell G34 | value='(0.003)' | fill=00000000 | rows=[33] | cols=[6] | col_header=False | row_header=False | metadata=False
Cell A35 | value='Widowed' | fill=FF00B050 | rows=[34] | cols=[0] | col_header=False | row_header=True | metadata=False
Cell E35 | value='0.944***' | fill=00000000 | rows=[34] | cols=[4] | col_header=False | row_header=False | metadata=False
Cell F35 | value='1.134***' | fill=00000000 | rows=[34] | cols=[5] | col_header=False | row_header=False | metadata=False
Cell G35 | value='0.779***' | fill=00000000 | rows=[34] | cols=[6] | col_header=False | row_header=False | metadata=False
Cell E36 | value='(0.004)' | fill=00000000 | rows=[35] | cols=[4] | col_header=False | row_header=False | metadata=False
Cell F36 | value='(0.008)' | fill=00000000 | rows=[35] | cols=[5] | col_header=False | row_header=False | metadata=False
Cell G36 | value='(0.003)' | fill=00000000 | rows=[35] | cols=[6] | col_header=False | row_header=False | metadata=False
Cell A37 | value='Civil partnership' | fill=FF00B050 | rows=[36, 37] | cols=[0] | col_header=False | row_header=True | metadata=False
Cell E37 | value='1.019*' | fill=00000000 | rows=[36] | cols=[4] | col_header=False | row_header=False | metadata=False
Cell F37 | value='0.873***' | fill=00000000 | rows=[36] | cols=[5] | col_header=False | row_header=False | metadata=False
Cell G37 | value='1.215***' | fill=00000000 | rows=[36] | cols=[6] | col_header=False | row_header=False | metadata=False
Cell E38 | value='(0.011)' | fill=00000000 | rows=[37] | cols=[4] | col_header=False | row_header=False | metadata=False
Cell F38 | value='(0.013)' | fill=00000000 | rows=[37] | cols=[5] | col_header=False | row_header=False | metadata=False
Cell G38 | value='(0.018)' | fill=00000000 | rows=[37] | cols=[6] | col_header=False | row_header=False | metadata=False
Cell A39 | value='Highest qualification held (omitted category – No qualifications)' | fill=FFFFFF00 | rows=[38] | cols=[0, 1, 2, 3, 4, 5, 6] | col_header=True | row_header=False | metadata=False
Cell A40 | value='Degree or equivalent' | fill=FF00B050 | rows=[39] | cols=[0] | col_header=False | row_header=True | metadata=False
Cell E40 | value='5.793***' | fill=00000000 | rows=[39] | cols=[4] | col_header=False | row_header=False | metadata=False
Cell F40 | value='4.711***' | fill=00000000 | rows=[39] | cols=[5] | col_header=False | row_header=False | metadata=False
Cell G40 | value='6.912***' | fill=00000000 | rows=[39] | cols=[6] | col_header=False | row_header=False | metadata=False
Cell E41 | value='(0.010)' | fill=00000000 | rows=[40] | cols=[4] | col_header=False | row_header=False | metadata=False
Cell F41 | value='(0.012)' | fill=00000000 | rows=[40] | cols=[5] | col_header=False | row_header=False | metadata=False
Cell G41 | value='(0.016)' | fill=00000000 | rows=[40] | cols=[6] | col_header=False | row_header=False | metadata=False
Cell A42 | value='Higher education' | fill=FF00B050 | rows=[41] | cols=[0] | col_header=False | row_header=True | metadata=False
Cell E42 | value='4.317***' | fill=00000000 | rows=[41] | cols=[4] | col_header=False | row_header=False | metadata=False
Cell F42 | value='3.765***' | fill=00000000 | rows=[41] | cols=[5] | col_header=False | row_header=False | metadata=False
Cell G42 | value='4.843***' | fill=00000000 | rows=[41] | cols=[6] | col_header=False | row_header=False | metadata=False
Cell E43 | value='(0.009)' | fill=00000000 | rows=[42] | cols=[4] | col_header=False | row_header=False | metadata=False
Cell F43 | value='(0.013)' | fill=00000000 | rows=[42] | cols=[5] | col_header=False | row_header=False | metadata=False
Cell G43 | value='(0.014)' | fill=00000000 | rows=[42] | cols=[6] | col_header=False | row_header=False | metadata=False
Cell A44 | value='A level or equivalent' | fill=FF00B050 | rows=[43] | cols=[0] | col_header=False | row_header=True | metadata=False
Cell E44 | value='3.475***' | fill=00000000 | rows=[43] | cols=[4] | col_header=False | row_header=False | metadata=False
Cell F44 | value='3.087***' | fill=00000000 | rows=[43] | cols=[5] | col_header=False | row_header=False | metadata=False
Cell G44 | value='3.952***' | fill=00000000 | rows=[43] | cols=[6] | col_header=False | row_header=False | metadata=False
Cell E45 | value='(0.006)' | fill=00000000 | rows=[44] | cols=[4] | col_header=False | row_header=False | metadata=False
Cell F45 | value='(0.007)' | fill=00000000 | rows=[44] | cols=[5] | col_header=False | row_header=False | metadata=False
Cell G45 | value='(0.009)' | fill=00000000 | rows=[44] | cols=[6] | col_header=False | row_header=False | metadata=False
Cell A46 | value='GCSE A*-C or equivalent' | fill=FF00B050 | rows=[45] | cols=[0] | col_header=False | row_header=True | metadata=False
Cell E46 | value='2.831***' | fill=00000000 | rows=[45] | cols=[4] | col_header=False | row_header=False | metadata=False
Cell F46 | value='2.754***' | fill=00000000 | rows=[45] | cols=[5] | col_header=False | row_header=False | metadata=False
Cell G46 | value='3.031***' | fill=00000000 | rows=[45] | cols=[6] | col_header=False | row_header=False | metadata=False
Cell E47 | value='(0.005)' | fill=00000000 | rows=[46] | cols=[4] | col_header=False | row_header=False | metadata=False
Cell F47 | value='(0.007)' | fill=00000000 | rows=[46] | cols=[5] | col_header=False | row_header=False | metadata=False
Cell G47 | value='(0.007)' | fill=00000000 | rows=[46] | cols=[6] | col_header=False | row_header=False | metadata=False
Cell A48 | value='Other qualification' | fill=FF00B050 | rows=[47] | cols=[0] | col_header=False | row_header=True | metadata=False
Cell E48 | value='2.361***' | fill=00000000 | rows=[47] | cols=[4] | col_header=False | row_header=False | metadata=False
Cell F48 | value='2.523***' | fill=00000000 | rows=[47] | cols=[5] | col_header=False | row_header=False | metadata=False
Cell G48 | value='2.337***' | fill=00000000 | rows=[47] | cols=[6] | col_header=False | row_header=False | metadata=False
Cell E49 | value='(0.005)' | fill=00000000 | rows=[48] | cols=[4] | col_header=False | row_header=False | metadata=False
Cell F49 | value='(0.007)' | fill=00000000 | rows=[48] | cols=[5] | col_header=False | row_header=False | metadata=False
Cell G49 | value='(0.006)' | fill=00000000 | rows=[48] | cols=[6] | col_header=False | row_header=False | metadata=False
Cell A50 | value='No answer' | fill=FF00B050 | rows=[49] | cols=[0] | col_header=False | row_header=True | metadata=False
Cell E50 | value='1.422***' | fill=00000000 | rows=[49] | cols=[4] | col_header=False | row_header=False | metadata=False
Cell F50 | value='1.416***' | fill=00000000 | rows=[49] | cols=[5] | col_header=False | row_header=False | metadata=False
Cell G50 | value='1.380***' | fill=00000000 | rows=[49] | cols=[6] | col_header=False | row_header=False | metadata=False
Cell E51 | value='(0.010)' | fill=00000000 | rows=[50] | cols=[4] | col_header=False | row_header=False | metadata=False
Cell F51 | value='(0.015)' | fill=00000000 | rows=[50] | cols=[5] | col_header=False | row_header=False | metadata=False
Cell G51 | value='(0.015)' | fill=00000000 | rows=[50] | cols=[6] | col_header=False | row_header=False | metadata=False
Cell A52 | value='Don’t know' | fill=FF00B050 | rows=[51] | cols=[0] | col_header=False | row_header=True | metadata=False
Cell E52 | value='3.318***' | fill=00000000 | rows=[51] | cols=[4] | col_header=False | row_header=False | metadata=False
Cell F52 | value='3.208***' | fill=00000000 | rows=[51] | cols=[5] | col_header=False | row_header=False | metadata=False
Cell G52 | value='3.423***' | fill=00000000 | rows=[51] | cols=[6] | col_header=False | row_header=False | metadata=False
Cell E53 | value='(0.012)' | fill=00000000 | rows=[52] | cols=[4] | col_header=False | row_header=False | metadata=False
Cell F53 | value='(0.017)' | fill=00000000 | rows=[52] | cols=[5] | col_header=False | row_header=False | metadata=False
Cell G53 | value='(0.017)' | fill=00000000 | rows=[52] | cols=[6] | col_header=False | row_header=False | metadata=False
Cell A54 | value='Government Office Region (omitted category – North East)' | fill=FFFFFF00 | rows=[53] | cols=[0, 1, 2, 3, 4, 5, 6] | col_header=True | row_header=False | metadata=False
Cell A55 | value='North West' | fill=FF00B050 | rows=[54] | cols=[0] | col_header=False | row_header=True | metadata=False
Cell E55 | value='1.169***' | fill=00000000 | rows=[54] | cols=[4] | col_header=False | row_header=False | metadata=False
Cell F55 | value='1.253***' | fill=00000000 | rows=[54] | cols=[5] | col_header=False | row_header=False | metadata=False
Cell G55 | value='1.115***' | fill=00000000 | rows=[54] | cols=[6] | col_header=False | row_header=False | metadata=False
Cell E56 | value='(0.003)' | fill=00000000 | rows=[55] | cols=[4] | col_header=False | row_header=False | metadata=False
Cell F56 | value='(0.005)' | fill=00000000 | rows=[55] | cols=[5] | col_header=False | row_header=False | metadata=False
Cell G56 | value='(0.004)' | fill=00000000 | rows=[55] | cols=[6] | col_header=False | row_header=False | metadata=False
Cell A57 | value='Merseyside' | fill=FF00B050 | rows=[56] | cols=[0] | col_header=False | row_header=True | metadata=False
Cell E57 | value='0.935***' | fill=00000000 | rows=[56] | cols=[4] | col_header=False | row_header=False | metadata=False
Cell F57 | value='0.903***' | fill=00000000 | rows=[56] | cols=[5] | col_header=False | row_header=False | metadata=False
Cell G57 | value='0.959***' | fill=00000000 | rows=[56] | cols=[6] | col_header=False | row_header=False | metadata=False
Cell E58 | value='(0.003)' | fill=00000000 | rows=[57] | cols=[4] | col_header=False | row_header=False | metadata=False
Cell F58 | value='(0.005)' | fill=00000000 | rows=[57] | cols=[5] | col_header=False | row_header=False | metadata=False
Cell G58 | value='(0.004)' | fill=00000000 | rows=[57] | cols=[6] | col_header=False | row_header=False | metadata=False
Cell A59 | value='Yorkshire and Humberside' | fill=FF00B050 | rows=[58] | cols=[0] | col_header=False | row_header=True | metadata=False
Cell E59 | value='1.151***' | fill=00000000 | rows=[58] | cols=[4] | col_header=False | row_header=False | metadata=False
Cell F59 | value='1.188***' | fill=00000000 | rows=[58] | cols=[5] | col_header=False | row_header=False | metadata=False
Cell G59 | value='1.125***' | fill=00000000 | rows=[58] | cols=[6] | col_header=False | row_header=False | metadata=False
Cell E60 | value='(0.003)' | fill=00000000 | rows=[59] | cols=[4] | col_header=False | row_header=False | metadata=False
Cell F60 | value='(0.005)' | fill=00000000 | rows=[59] | cols=[5] | col_header=False | row_header=False | metadata=False
Cell G60 | value='(0.004)' | fill=00000000 | rows=[59] | cols=[6] | col_header=False | row_header=False | metadata=False
Cell A61 | value='East Midlands' | fill=FF00B050 | rows=[60] | cols=[0] | col_header=False | row_header=True | metadata=False
Cell E61 | value='1.206***' | fill=00000000 | rows=[60] | cols=[4] | col_header=False | row_header=False | metadata=False
Cell F61 | value='1.306***' | fill=00000000 | rows=[60] | cols=[5] | col_header=False | row_header=False | metadata=False
Cell G61 | value='1.146***' | fill=00000000 | rows=[60] | cols=[6] | col_header=False | row_header=False | metadata=False
Cell E62 | value='(0.003)' | fill=00000000 | rows=[61] | cols=[4] | col_header=False | row_header=False | metadata=False
Cell F62 | value='(0.005)' | fill=00000000 | rows=[61] | cols=[5] | col_header=False | row_header=False | metadata=False
Cell G62 | value='(0.004)' | fill=00000000 | rows=[61] | cols=[6] | col_header=False | row_header=False | metadata=False
Cell A63 | value='West Midlands' | fill=FF00B050 | rows=[62] | cols=[0] | col_header=False | row_header=True | metadata=False
Cell E63 | value='1.202***' | fill=00000000 | rows=[62] | cols=[4] | col_header=False | row_header=False | metadata=False
Cell F63 | value='1.294***' | fill=00000000 | rows=[62] | cols=[5] | col_header=False | row_header=False | metadata=False
Cell G63 | value='1.140***' | fill=00000000 | rows=[62] | cols=[6] | col_header=False | row_header=False | metadata=False
Cell E64 | value='(0.003)' | fill=00000000 | rows=[63] | cols=[4] | col_header=False | row_header=False | metadata=False
Cell F64 | value='(0.005)' | fill=00000000 | rows=[63] | cols=[5] | col_header=False | row_header=False | metadata=False
Cell G64 | value='(0.004)' | fill=00000000 | rows=[63] | cols=[6] | col_header=False | row_header=False | metadata=False
Cell A65 | value='Eastern' | fill=FF00B050 | rows=[64] | cols=[0] | col_header=False | row_header=True | metadata=False
Cell E65 | value='1.361***' | fill=00000000 | rows=[64] | cols=[4] | col_header=False | row_header=False | metadata=False
Cell F65 | value='1.540***' | fill=00000000 | rows=[64] | cols=[5] | col_header=False | row_header=False | metadata=False
Cell G65 | value='1.264***' | fill=00000000 | rows=[64] | cols=[6] | col_header=False | row_header=False | metadata=False
Cell E66 | value='(0.003)' | fill=00000000 | rows=[65] | cols=[4] | col_header=False | row_header=False | metadata=False
Cell F66 | value='(0.006)' | fill=00000000 | rows=[65] | cols=[5] | col_header=False | row_header=False | metadata=False
Cell G66 | value='(0.004)' | fill=00000000 | rows=[65] | cols=[6] | col_header=False | row_header=False | metadata=False
Cell A67 | value='London' | fill=FF00B050 | rows=[66] | cols=[0] | col_header=False | row_header=True | metadata=False
Cell E67 | value='1.157***' | fill=00000000 | rows=[66] | cols=[4] | col_header=False | row_header=False | metadata=False
Cell F67 | value='1.342***' | fill=00000000 | rows=[66] | cols=[5] | col_header=False | row_header=False | metadata=False
Cell G67 | value='1.052***' | fill=00000000 | rows=[66] | cols=[6] | col_header=False | row_header=False | metadata=False
Cell E68 | value='(0.003)' | fill=00000000 | rows=[67] | cols=[4] | col_header=False | row_header=False | metadata=False
Cell F68 | value='(0.005)' | fill=00000000 | rows=[67] | cols=[5] | col_header=False | row_header=False | metadata=False
Cell G68 | value='(0.003)' | fill=00000000 | rows=[67] | cols=[6] | col_header=False | row_header=False | metadata=False
Cell A69 | value='South East' | fill=FF00B050 | rows=[68] | cols=[0] | col_header=False | row_header=True | metadata=False
Cell E69 | value='1.273***' | fill=00000000 | rows=[68] | cols=[4] | col_header=False | row_header=False | metadata=False
Cell F69 | value='1.428***' | fill=00000000 | rows=[68] | cols=[5] | col_header=False | row_header=False | metadata=False
Cell G69 | value='1.189***' | fill=00000000 | rows=[68] | cols=[6] | col_header=False | row_header=False | metadata=False
Cell E70 | value='(0.003)' | fill=00000000 | rows=[69] | cols=[4] | col_header=False | row_header=False | metadata=False
Cell F70 | value='(0.005)' | fill=00000000 | rows=[69] | cols=[5] | col_header=False | row_header=False | metadata=False
Cell G70 | value='(0.004)' | fill=00000000 | rows=[69] | cols=[6] | col_header=False | row_header=False | metadata=False
Cell A71 | value='South West' | fill=FF00B050 | rows=[70] | cols=[0] | col_header=False | row_header=True | metadata=False
Cell E71 | value='1.349***' | fill=00000000 | rows=[70] | cols=[4] | col_header=False | row_header=False | metadata=False
Cell F71 | value='1.400***' | fill=00000000 | rows=[70] | cols=[5] | col_header=False | row_header=False | metadata=False
Cell G71 | value='1.324***' | fill=00000000 | rows=[70] | cols=[6] | col_header=False | row_header=False | metadata=False
Cell E72 | value='(0.003)' | fill=00000000 | rows=[71] | cols=[4] | col_header=False | row_header=False | metadata=False
Cell F72 | value='(0.005)' | fill=00000000 | rows=[71] | cols=[5] | col_header=False | row_header=False | metadata=False
Cell G72 | value='(0.004)' | fill=00000000 | rows=[71] | cols=[6] | col_header=False | row_header=False | metadata=False
Cell A73 | value='Wales' | fill=FF00B050 | rows=[72] | cols=[0] | col_header=False | row_header=True | metadata=False
Cell E73 | value='1.052***' | fill=00000000 | rows=[72] | cols=[4] | col_header=False | row_header=False | metadata=False
Cell F73 | value='1.100***' | fill=00000000 | rows=[72] | cols=[5] | col_header=False | row_header=False | metadata=False
Cell G73 | value='1.028***' | fill=00000000 | rows=[72] | cols=[6] | col_header=False | row_header=False | metadata=False
Cell E74 | value='(0.003)' | fill=00000000 | rows=[73] | cols=[4] | col_header=False | row_header=False | metadata=False
Cell F74 | value='(0.005)' | fill=00000000 | rows=[73] | cols=[5] | col_header=False | row_header=False | metadata=False
Cell G74 | value='(0.004)' | fill=00000000 | rows=[73] | cols=[6] | col_header=False | row_header=False | metadata=False
Cell A75 | value='Ethnicity (omitted category – White)' | fill=FFFFFF00 | rows=[74] | cols=[0, 1, 2, 3, 4, 5, 6] | col_header=True | row_header=False | metadata=False
Cell A76 | value='No answer' | fill=FF00B050 | rows=[75] | cols=[0] | col_header=False | row_header=True | metadata=False
Cell E76 | value='1.244***' | fill=00000000 | rows=[75] | cols=[4] | col_header=False | row_header=False | metadata=False
Cell F76 | value='2.349***' | fill=00000000 | rows=[75] | cols=[5] | col_header=False | row_header=False | metadata=False
Cell G76 | value='0.898***' | fill=00000000 | rows=[75] | cols=[6] | col_header=False | row_header=False | metadata=False
Cell E77 | value='(0.021)' | fill=00000000 | rows=[76] | cols=[4] | col_header=False | row_header=False | metadata=False
Cell F77 | value='(0.067)' | fill=00000000 | rows=[76] | cols=[5] | col_header=False | row_header=False | metadata=False
Cell G77 | value='(0.019)' | fill=00000000 | rows=[76] | cols=[6] | col_header=False | row_header=False | metadata=False
Cell A78 | value='Mixed/multiple ethnic groups' | fill=FF00B050 | rows=[77] | cols=[0] | col_header=False | row_header=True | metadata=False
Cell E78 | value='0.715***' | fill=00000000 | rows=[77] | cols=[4] | col_header=False | row_header=False | metadata=False
Cell F78 | value='0.686***' | fill=00000000 | rows=[77] | cols=[5] | col_header=False | row_header=False | metadata=False
Cell G78 | value='0.729***' | fill=00000000 | rows=[77] | cols=[6] | col_header=False | row_header=False | metadata=False
Cell E79 | value='(0.003)' | fill=00000000 | rows=[78] | cols=[4] | col_header=False | row_header=False | metadata=False
Cell F79 | value='(0.004)' | fill=00000000 | rows=[78] | cols=[5] | col_header=False | row_header=False | metadata=False
Cell G79 | value='(0.003)' | fill=00000000 | rows=[78] | cols=[6] | col_header=False | row_header=False | metadata=False
Cell A80 | value='Asian / Asian British' | fill=FF00B050 | rows=[79] | cols=[0] | col_header=False | row_header=True | metadata=False
Cell E80 | value='0.691***' | fill=00000000 | rows=[79] | cols=[4] | col_header=False | row_header=False | metadata=False
Cell F80 | value='0.732***' | fill=00000000 | rows=[79] | cols=[5] | col_header=False | row_header=False | metadata=False
Cell G80 | value='0.667***' | fill=00000000 | rows=[79] | cols=[6] | col_header=False | row_header=False | metadata=False
Cell E81 | value='(0.002)' | fill=00000000 | rows=[80] | cols=[4] | col_header=False | row_header=False | metadata=False
Cell F81 | value='(0.003)' | fill=00000000 | rows=[80] | cols=[5] | col_header=False | row_header=False | metadata=False
Cell G81 | value='(0.002)' | fill=00000000 | rows=[80] | cols=[6] | col_header=False | row_header=False | metadata=False
Cell A82 | value='Black / Black British' | fill=FF00B050 | rows=[81] | cols=[0] | col_header=False | row_header=True | metadata=False
Cell E82 | value='0.754***' | fill=00000000 | rows=[81] | cols=[4] | col_header=False | row_header=False | metadata=False
Cell F82 | value='0.697***' | fill=00000000 | rows=[81] | cols=[5] | col_header=False | row_header=False | metadata=False
Cell G82 | value='0.787***' | fill=00000000 | rows=[81] | cols=[6] | col_header=False | row_header=False | metadata=False
Cell E83 | value='(0.002)' | fill=00000000 | rows=[82] | cols=[4] | col_header=False | row_header=False | metadata=False
Cell F83 | value='(0.003)' | fill=00000000 | rows=[82] | cols=[5] | col_header=False | row_header=False | metadata=False
Cell G83 | value='(0.002)' | fill=00000000 | rows=[82] | cols=[6] | col_header=False | row_header=False | metadata=False
Cell A84 | value='Chinese' | fill=FF00B050 | rows=[83] | cols=[0] | col_header=False | row_header=True | metadata=False
Cell E84 | value='0.348***' | fill=00000000 | rows=[83] | cols=[4] | col_header=False | row_header=False | metadata=False
Cell F84 | value='0.268***' | fill=00000000 | rows=[83] | cols=[5] | col_header=False | row_header=False | metadata=False
Cell G84 | value='0.409***' | fill=00000000 | rows=[83] | cols=[6] | col_header=False | row_header=False | metadata=False
Cell E85 | value='(0.002)' | fill=00000000 | rows=[84] | cols=[4] | col_header=False | row_header=False | metadata=False
Cell F85 | value='(0.002)' | fill=00000000 | rows=[84] | cols=[5] | col_header=False | row_header=False | metadata=False
Cell G85 | value='(0.002)' | fill=00000000 | rows=[84] | cols=[6] | col_header=False | row_header=False | metadata=False
Cell A86 | value='Arab' | fill=FF00B050 | rows=[85] | cols=[0] | col_header=False | row_header=True | metadata=False
Cell E86 | value='0.355***' | fill=00000000 | rows=[85] | cols=[4] | col_header=False | row_header=False | metadata=False
Cell F86 | value='0.327***' | fill=00000000 | rows=[85] | cols=[5] | col_header=False | row_header=False | metadata=False
Cell G86 | value='0.331***' | fill=00000000 | rows=[85] | cols=[6] | col_header=False | row_header=False | metadata=False
Cell E87 | value='(0.002)' | fill=00000000 | rows=[86] | cols=[4] | col_header=False | row_header=False | metadata=False
Cell F87 | value='(0.003)' | fill=00000000 | rows=[86] | cols=[5] | col_header=False | row_header=False | metadata=False
Cell G87 | value='(0.003)' | fill=00000000 | rows=[86] | cols=[6] | col_header=False | row_header=False | metadata=False
Cell A88 | value='Other' | fill=FF00B050 | rows=[87] | cols=[0] | col_header=False | row_header=True | metadata=False
Cell E88 | value='0.586***' | fill=00000000 | rows=[87] | cols=[4] | col_header=False | row_header=False | metadata=False
Cell F88 | value='0.551***' | fill=00000000 | rows=[87] | cols=[5] | col_header=False | row_header=False | metadata=False
Cell G88 | value='0.589***' | fill=00000000 | rows=[87] | cols=[6] | col_header=False | row_header=False | metadata=False
Cell E89 | value='(0.002)' | fill=00000000 | rows=[88] | cols=[4] | col_header=False | row_header=False | metadata=False
Cell F89 | value='(0.003)' | fill=00000000 | rows=[88] | cols=[5] | col_header=False | row_header=False | metadata=False
Cell G89 | value='(0.003)' | fill=00000000 | rows=[88] | cols=[6] | col_header=False | row_header=False | metadata=False
Cell A90 | value='Constant' | fill=FF00B050 | rows=[89] | cols=[0] | col_header=False | row_header=True | metadata=False
Cell B90 | value='3.736***' | fill=00000000 | rows=[89] | cols=[1] | col_header=False | row_header=False | metadata=False
Cell C90 | value='5.053***' | fill=00000000 | rows=[89] | cols=[2] | col_header=False | row_header=False | metadata=False
Cell D90 | value='2.997***' | fill=00000000 | rows=[89] | cols=[3] | col_header=False | row_header=False | metadata=False
Cell E90 | value='0.006***' | fill=00000000 | rows=[89] | cols=[4] | col_header=False | row_header=False | metadata=False
Cell F90 | value='0.001***' | fill=00000000 | rows=[89] | cols=[5] | col_header=False | row_header=False | metadata=False
Cell G90 | value='0.009***' | fill=00000000 | rows=[89] | cols=[6] | col_header=False | row_header=False | metadata=False
Cell B91 | value='(0.002)' | fill=00000000 | rows=[90] | cols=[1] | col_header=False | row_header=False | metadata=False
Cell C91 | value='(0.005)' | fill=00000000 | rows=[90] | cols=[2] | col_header=False | row_header=False | metadata=False
Cell D91 | value='(0.002)' | fill=00000000 | rows=[90] | cols=[3] | col_header=False | row_header=False | metadata=False
Cell E91 | value='(0.000)' | fill=00000000 | rows=[90] | cols=[4] | col_header=False | row_header=False | metadata=False
Cell F91 | value='(0.000)' | fill=00000000 | rows=[90] | cols=[5] | col_header=False | row_header=False | metadata=False
Cell G91 | value='(0.000)' | fill=00000000 | rows=[90] | cols=[6] | col_header=False | row_header=False | metadata=False
Cell A92 | value='Number of Observations (thousands)' | fill=FF00B050 | rows=[91] | cols=[0] | col_header=False | row_header=True | metadata=False
Cell B92 | value='36640' | fill=00000000 | rows=[91] | cols=[1] | col_header=False | row_header=False | metadata=False
Cell C92 | value='18255' | fill=00000000 | rows=[91] | cols=[2] | col_header=False | row_header=False | metadata=False
Cell D92 | value='18385' | fill=00000000 | rows=[91] | cols=[3] | col_header=False | row_header=False | metadata=False
Cell E92 | value='36640' | fill=00000000 | rows=[91] | cols=[4] | col_header=False | row_header=False | metadata=False
Cell F92 | value='18255' | fill=00000000 | rows=[91] | cols=[5] | col_header=False | row_header=False | metadata=False
Cell G92 | value='18385' | fill=00000000 | rows=[91] | cols=[6] | col_header=False | row_header=False | metadata=False
Cell A93 | value='Other Controls in the Model' | fill=FF00B050 | rows=[92] | cols=[0] | col_header=False | row_header=True | metadata=False
Cell B93 | value='No' | fill=00000000 | rows=[92] | cols=[1] | col_header=False | row_header=False | metadata=False
Cell C93 | value='No' | fill=00000000 | rows=[92] | cols=[2] | col_header=False | row_header=False | metadata=False
Cell D93 | value='No' | fill=00000000 | rows=[92] | cols=[3] | col_header=False | row_header=False | metadata=False
Cell E93 | value='Yes' | fill=00000000 | rows=[92] | cols=[4] | col_header=False | row_header=False | metadata=False
Cell F93 | value='Yes' | fill=00000000 | rows=[92] | cols=[5] | col_header=False | row_header=False | metadata=False
Cell G93 | value='Yes' | fill=00000000 | rows=[92] | cols=[6] | col_header=False | row_header=False | metadata=False
Cell A95 | value='Note – standard errors are in parenthesis. *** p<0.01, ** p<0.05, * p<0.1' | fill=FF00B0F0 | rows=[94] | cols=[0] | col_header=False | row_header=False | metadata=True

