=== science-table17.xlsx ===
Cell A1 | value='Instrument Serial Number - 3630070145' | fill=FF00B0F0 | rows=[0] | cols=[0] | col_header=True | row_header=True | metadata=True
Cell A2 | value='Software Name - CellCycle' | fill=FF00B0F0 | rows=[1] | cols=[0] | col_header=False | row_header=False | metadata=True
Cell A3 | value='Version Number - 2.5' | fill=FF00B0F0 | rows=[2] | cols=[0] | col_header=False | row_header=False | metadata=True
Cell C5 | value='M1' | fill=FFFFFF00 | rows=[4] | cols=[2] | col_header=True | row_header=False | metadata=False
Cell D5 | value='M2' | fill=FFFFFF00 | rows=[4] | cols=[3] | col_header=True | row_header=False | metadata=False
Cell E5 | value='M3' | fill=FFFFFF00 | rows=[4] | cols=[4] | col_header=True | row_header=False | metadata=False
Cell B6 | value='Day 0 Control 1' | fill=FF00B050 | rows=[5] | cols=[1] | col_header=False | row_header=True | metadata=False
Cell C6 | value='22.22' | fill=FFFFC7CE | rows=[5] | cols=[2] | col_header=False | row_header=False | metadata=False
Cell D6 | value='9.52' | fill=FFFFC7CE | rows=[5] | cols=[3] | col_header=False | row_header=False | metadata=False
Cell E6 | value='61.9' | fill=FFFFC7CE | rows=[5] | cols=[4] | col_header=False | row_header=False | metadata=False
Cell F6 | value='outlier removed' | fill=FF00B0F0 | rows=[5] | cols=[5] | col_header=False | row_header=False | metadata=True
Cell B7 | value='Suppl. Data A01' | fill=FF00B050 | rows=[6] | cols=[1] | col_header=False | row_header=True | metadata=False
Cell C7 | value='44.61' | fill=7 | rows=[6] | cols=[2] | col_header=False | row_header=False | metadata=False
Cell D7 | value='15.63' | fill=7 | rows=[6] | cols=[3] | col_header=False | row_header=False | metadata=False
Cell E7 | value='39.76' | fill=7 | rows=[6] | cols=[4] | col_header=False | row_header=False | metadata=False
Cell B8 | value='Suppl. Data B01' | fill=FF00B050 | rows=[7] | cols=[1] | col_header=False | row_header=True | metadata=False
Cell C8 | value='44.23' | fill=7 | rows=[7] | cols=[2] | col_header=False | row_header=False | metadata=False
Cell D8 | value='18.15' | fill=7 | rows=[7] | cols=[3] | col_header=False | row_header=False | metadata=False
Cell E8 | value='37.62' | fill=7 | rows=[7] | cols=[4] | col_header=False | row_header=False | metadata=False
Cell B9 | value='Suppl. Data C01' | fill=FF00B050 | rows=[8] | cols=[1] | col_header=False | row_header=True | metadata=False
Cell C9 | value='42.63' | fill=7 | rows=[8] | cols=[2] | col_header=False | row_header=False | metadata=False
Cell D9 | value='20.45' | fill=7 | rows=[8] | cols=[3] | col_header=False | row_header=False | metadata=False
Cell E9 | value='36.92' | fill=7 | rows=[8] | cols=[4] | col_header=False | row_header=False | metadata=False
Cell B10 | value='Day 0 Control 2' | fill=FF00B050 | rows=[9] | cols=[1] | col_header=False | row_header=True | metadata=False
Cell C10 | value='43.75' | fill=00000000 | rows=[9] | cols=[2] | col_header=False | row_header=False | metadata=False
Cell D10 | value='18.75' | fill=00000000 | rows=[9] | cols=[3] | col_header=False | row_header=False | metadata=False
Cell E10 | value='34.38' | fill=00000000 | rows=[9] | cols=[4] | col_header=False | row_header=False | metadata=False
Cell B11 | value='Day 0 Control 3' | fill=FF00B050 | rows=[10] | cols=[1] | col_header=False | row_header=True | metadata=False
Cell C11 | value='49.02' | fill=00000000 | rows=[10] | cols=[2] | col_header=False | row_header=False | metadata=False
Cell D11 | value='21.57' | fill=00000000 | rows=[10] | cols=[3] | col_header=False | row_header=False | metadata=False
Cell E11 | value='29.41' | fill=00000000 | rows=[10] | cols=[4] | col_header=False | row_header=False | metadata=False
Cell A12 | value='avg' | fill=FF00B0F0 | rows=[11] | cols=[0] | col_header=False | row_header=False | metadata=True
Cell C12 | value='44.848' | fill=00000000 | rows=[11] | cols=[2] | col_header=False | row_header=False | metadata=False
Cell D12 | value='18.91' | fill=00000000 | rows=[11] | cols=[3] | col_header=False | row_header=False | metadata=False
Cell E12 | value='35.618' | fill=00000000 | rows=[11] | cols=[4] | col_header=False | row_header=False | metadata=False
Cell A13 | value='st.dev' | fill=FF00B0F0 | rows=[12] | cols=[0] | col_header=False | row_header=False | metadata=True
Cell C13 | value='2.18948761129174' | fill=00000000 | rows=[12] | cols=[2] | col_header=False | row_header=False | metadata=False
Cell D13 | value='2.04003921530935' | fill=00000000 | rows=[12] | cols=[3] | col_header=False | row_header=False | metadata=False
Cell E13 | value='3.5477113749571' | fill=00000000 | rows=[12] | cols=[4] | col_header=False | row_header=False | metadata=False
Cell B14 | value='Day 1 Control 1' | fill=FF00B050 | rows=[13] | cols=[1] | col_header=False | row_header=True | metadata=False
Cell C14 | value='45.92' | fill=00000000 | rows=[13] | cols=[2] | col_header=False | row_header=False | metadata=False
Cell D14 | value='29.18' | fill=00000000 | rows=[13] | cols=[3] | col_header=False | row_header=False | metadata=False
Cell E14 | value='19.31' | fill=00000000 | rows=[13] | cols=[4] | col_header=False | row_header=False | metadata=False
Cell B15 | value='Day 1 Control 2' | fill=FF00B050 | rows=[14] | cols=[1] | col_header=False | row_header=True | metadata=False
Cell C15 | value='45.42' | fill=00000000 | rows=[14] | cols=[2] | col_header=False | row_header=False | metadata=False
Cell D15 | value='20.08' | fill=00000000 | rows=[14] | cols=[3] | col_header=False | row_header=False | metadata=False
Cell E15 | value='33.53' | fill=00000000 | rows=[14] | cols=[4] | col_header=False | row_header=False | metadata=False
Cell B16 | value='Day 1 Control 3' | fill=FF00B050 | rows=[15] | cols=[1] | col_header=False | row_header=True | metadata=False
Cell C16 | value='50.35' | fill=00000000 | rows=[15] | cols=[2] | col_header=False | row_header=False | metadata=False
Cell D16 | value='23.44' | fill=00000000 | rows=[15] | cols=[3] | col_header=False | row_header=False | metadata=False
Cell E16 | value='25.17' | fill=00000000 | rows=[15] | cols=[4] | col_header=False | row_header=False | metadata=False
Cell A17 | value='avg' | fill=FF00B0F0 | rows=[16] | cols=[0] | col_header=False | row_header=False | metadata=True
Cell C17 | value='47.23' | fill=00000000 | rows=[16] | cols=[2] | col_header=False | row_header=False | metadata=False
Cell D17 | value='24.2333333333333' | fill=00000000 | rows=[16] | cols=[3] | col_header=False | row_header=False | metadata=False
Cell E17 | value='26.0033333333333' | fill=00000000 | rows=[16] | cols=[4] | col_header=False | row_header=False | metadata=False
Cell A18 | value='st.dev' | fill=FF00B0F0 | rows=[17] | cols=[0] | col_header=False | row_header=False | metadata=True
Cell C18 | value='2.21559623277046' | fill=00000000 | rows=[17] | cols=[2] | col_header=False | row_header=False | metadata=False
Cell D18 | value='3.75717387880246' | fill=00000000 | rows=[17] | cols=[3] | col_header=False | row_header=False | metadata=False
Cell E18 | value='5.83511972646853' | fill=00000000 | rows=[17] | cols=[4] | col_header=False | row_header=False | metadata=False
Cell B19 | value='Day 1 IR 1' | fill=FF00B050 | rows=[18] | cols=[1] | col_header=False | row_header=True | metadata=False
Cell C19 | value='53.78' | fill=00000000 | rows=[18] | cols=[2] | col_header=False | row_header=False | metadata=False
Cell D19 | value='21.12' | fill=00000000 | rows=[18] | cols=[3] | col_header=False | row_header=False | metadata=False
Cell E19 | value='24.3' | fill=00000000 | rows=[18] | cols=[4] | col_header=False | row_header=False | metadata=False
Cell B20 | value='Day 1 IR 2' | fill=FF00B050 | rows=[19] | cols=[1] | col_header=False | row_header=True | metadata=False
Cell C20 | value='54.76' | fill=00000000 | rows=[19] | cols=[2] | col_header=False | row_header=False | metadata=False
Cell D20 | value='21.19' | fill=00000000 | rows=[19] | cols=[3] | col_header=False | row_header=False | metadata=False
Cell E20 | value='23.57' | fill=00000000 | rows=[19] | cols=[4] | col_header=False | row_header=False | metadata=False
Cell B21 | value='Day 1 IR 3' | fill=FF00B050 | rows=[20] | cols=[1] | col_header=False | row_header=True | metadata=False
Cell C21 | value='51.99' | fill=00000000 | rows=[20] | cols=[2] | col_header=False | row_header=False | metadata=False
Cell D21 | value='20.53' | fill=00000000 | rows=[20] | cols=[3] | col_header=False | row_header=False | metadata=False
Cell E21 | value='26.16' | fill=00000000 | rows=[20] | cols=[4] | col_header=False | row_header=False | metadata=False
Cell A22 | value='avg' | fill=FF00B0F0 | rows=[21] | cols=[0] | col_header=False | row_header=False | metadata=True
Cell C22 | value='53.51' | fill=00000000 | rows=[21] | cols=[2] | col_header=False | row_header=False | metadata=False
Cell D22 | value='20.9466666666667' | fill=00000000 | rows=[21] | cols=[3] | col_header=False | row_header=False | metadata=False
Cell E22 | value='24.6766666666667' | fill=00000000 | rows=[21] | cols=[4] | col_header=False | row_header=False | metadata=False
Cell A23 | value='st.dev' | fill=FF00B0F0 | rows=[22] | cols=[0] | col_header=False | row_header=False | metadata=True
Cell C23 | value='1.14685076041596' | fill=00000000 | rows=[22] | cols=[2] | col_header=False | row_header=False | metadata=False
Cell D23 | value='0.296010510323911' | fill=00000000 | rows=[22] | cols=[3] | col_header=False | row_header=False | metadata=False
Cell E23 | value='1.09039238604988' | fill=00000000 | rows=[22] | cols=[4] | col_header=False | row_header=False | metadata=False
Cell B24 | value='Day 3 Control 1' | fill=FF00B050 | rows=[23] | cols=[1] | col_header=False | row_header=True | metadata=False
Cell C24 | value='46.09' | fill=00000000 | rows=[23] | cols=[2] | col_header=False | row_header=False | metadata=False
Cell D24 | value='28.81' | fill=00000000 | rows=[23] | cols=[3] | col_header=False | row_header=False | metadata=False
Cell E24 | value='24.69' | fill=00000000 | rows=[23] | cols=[4] | col_header=False | row_header=False | metadata=False
Cell B25 | value='Day 3 Control 2' | fill=FF00B050 | rows=[24] | cols=[1] | col_header=False | row_header=True | metadata=False
Cell C25 | value='44.62' | fill=00000000 | rows=[24] | cols=[2] | col_header=False | row_header=False | metadata=False
Cell D25 | value='34.15' | fill=00000000 | rows=[24] | cols=[3] | col_header=False | row_header=False | metadata=False
Cell E25 | value='20.92' | fill=00000000 | rows=[24] | cols=[4] | col_header=False | row_header=False | metadata=False
Cell B26 | value='Day 3 Control 3' | fill=FF00B050 | rows=[25] | cols=[1] | col_header=False | row_header=True | metadata=False
Cell C26 | value='44.22' | fill=00000000 | rows=[25] | cols=[2] | col_header=False | row_header=False | metadata=False
Cell D26 | value='36.68' | fill=00000000 | rows=[25] | cols=[3] | col_header=False | row_header=False | metadata=False
Cell E26 | value='18.59' | fill=00000000 | rows=[25] | cols=[4] | col_header=False | row_header=False | metadata=False
Cell A27 | value='avg' | fill=FF00B0F0 | rows=[26] | cols=[0] | col_header=False | row_header=False | metadata=True
Cell C27 | value='44.9766666666667' | fill=00000000 | rows=[26] | cols=[2] | col_header=False | row_header=False | metadata=False
Cell D27 | value='33.2133333333333' | fill=00000000 | rows=[26] | cols=[3] | col_header=False | row_header=False | metadata=False
Cell E27 | value='21.4' | fill=00000000 | rows=[26] | cols=[4] | col_header=False | row_header=False | metadata=False
Cell A28 | value='st.dev' | fill=FF00B0F0 | rows=[27] | cols=[0] | col_header=False | row_header=False | metadata=True
Cell C28 | value='0.804003869531874' | fill=00000000 | rows=[27] | cols=[2] | col_header=False | row_header=False | metadata=False
Cell D28 | value='3.28047083341536' | fill=00000000 | rows=[27] | cols=[3] | col_header=False | row_header=False | metadata=False
Cell E28 | value='2.51333775419594' | fill=00000000 | rows=[27] | cols=[4] | col_header=False | row_header=False | metadata=False
Cell B29 | value='Day 3 IR 1' | fill=FF00B050 | rows=[28] | cols=[1] | col_header=False | row_header=True | metadata=False
Cell C29 | value='52.57' | fill=00000000 | rows=[28] | cols=[2] | col_header=False | row_header=False | metadata=False
Cell D29 | value='19.43' | fill=00000000 | rows=[28] | cols=[3] | col_header=False | row_header=False | metadata=False
Cell E29 | value='27.43' | fill=00000000 | rows=[28] | cols=[4] | col_header=False | row_header=False | metadata=False
Cell B30 | value='Day 3 IR 2' | fill=FF00B050 | rows=[29] | cols=[1] | col_header=False | row_header=True | metadata=False
Cell C30 | value='48.46' | fill=00000000 | rows=[29] | cols=[2] | col_header=False | row_header=False | metadata=False
Cell D30 | value='32.31' | fill=00000000 | rows=[29] | cols=[3] | col_header=False | row_header=False | metadata=False
Cell E30 | value='19.23' | fill=00000000 | rows=[29] | cols=[4] | col_header=False | row_header=False | metadata=False
Cell B31 | value='Day 3 IR 3' | fill=FF00B050 | rows=[30] | cols=[1] | col_header=False | row_header=True | metadata=False
Cell C31 | value='53.93' | fill=00000000 | rows=[30] | cols=[2] | col_header=False | row_header=False | metadata=False
Cell D31 | value='28.09' | fill=00000000 | rows=[30] | cols=[3] | col_header=False | row_header=False | metadata=False
Cell E31 | value='17.98' | fill=00000000 | rows=[30] | cols=[4] | col_header=False | row_header=False | metadata=False
Cell A32 | value='avg' | fill=FF00B0F0 | rows=[31] | cols=[0] | col_header=False | row_header=False | metadata=True
Cell C32 | value='51.6533333333333' | fill=00000000 | rows=[31] | cols=[2] | col_header=False | row_header=False | metadata=False
Cell D32 | value='26.61' | fill=00000000 | rows=[31] | cols=[3] | col_header=False | row_header=False | metadata=False
Cell E32 | value='21.5466666666667' | fill=00000000 | rows=[31] | cols=[4] | col_header=False | row_header=False | metadata=False
Cell A33 | value='st.dev' | fill=FF00B0F0 | rows=[32] | cols=[0] | col_header=False | row_header=False | metadata=True
Cell C33 | value='2.32528612337397' | fill=00000000 | rows=[32] | cols=[2] | col_header=False | row_header=False | metadata=False
Cell D33 | value='5.36136798463477' | fill=00000000 | rows=[32] | cols=[3] | col_header=False | row_header=False | metadata=False
Cell E33 | value='4.19132702401306' | fill=00000000 | rows=[32] | cols=[4] | col_header=False | row_header=False | metadata=False

=== science-table17.xlsx ===
Cell A1 | value='Instrument Serial Number - 3630070145' | fill=FF00B0F0 | rows=[0] | cols=[0] | col_header=True | row_header=True | metadata=True
Cell A2 | value='Software Name - CellCycle' | fill=FF00B0F0 | rows=[1] | cols=[0] | col_header=False | row_header=False | metadata=True
Cell A3 | value='Version Number - 2.5' | fill=FF00B0F0 | rows=[2] | cols=[0] | col_header=False | row_header=False | metadata=True
Cell C5 | value='M1' | fill=FFFFFF00 | rows=[4] | cols=[2] | col_header=True | row_header=False | metadata=False
Cell D5 | value='M2' | fill=FFFFFF00 | rows=[4] | cols=[3] | col_header=True | row_header=False | metadata=False
Cell E5 | value='M3' | fill=FFFFFF00 | rows=[4] | cols=[4] | col_header=True | row_header=False | metadata=False
Cell B6 | value='Day 0 Control 1' | fill=FF00B050 | rows=[5] | cols=[1] | col_header=False | row_header=True | metadata=False
Cell C6 | value='22.22' | fill=FFFFC7CE | rows=[5] | cols=[2] | col_header=False | row_header=False | metadata=False
Cell D6 | value='9.52' | fill=FFFFC7CE | rows=[5] | cols=[3] | col_header=False | row_header=False | metadata=False
Cell E6 | value='61.9' | fill=FFFFC7CE | rows=[5] | cols=[4] | col_header=False | row_header=False | metadata=False
Cell F6 | value='outlier removed' | fill=FF00B0F0 | rows=[5] | cols=[5] | col_header=False | row_header=False | metadata=True
Cell B7 | value='Suppl. Data A01' | fill=FF00B050 | rows=[6] | cols=[1] | col_header=False | row_header=True | metadata=False
Cell C7 | value='44.61' | fill=7 | rows=[6] | cols=[2] | col_header=False | row_header=False | metadata=False
Cell D7 | value='15.63' | fill=7 | rows=[6] | cols=[3] | col_header=False | row_header=False | metadata=False
Cell E7 | value='39.76' | fill=7 | rows=[6] | cols=[4] | col_header=False | row_header=False | metadata=False
Cell B8 | value='Suppl. Data B01' | fill=FF00B050 | rows=[7] | cols=[1] | col_header=False | row_header=True | metadata=False
Cell C8 | value='44.23' | fill=7 | rows=[7] | cols=[2] | col_header=False | row_header=False | metadata=False
Cell D8 | value='18.15' | fill=7 | rows=[7] | cols=[3] | col_header=False | row_header=False | metadata=False
Cell E8 | value='37.62' | fill=7 | rows=[7] | cols=[4] | col_header=False | row_header=False | metadata=False
Cell B9 | value='Suppl. Data C01' | fill=FF00B050 | rows=[8] | cols=[1] | col_header=False | row_header=True | metadata=False
Cell C9 | value='42.63' | fill=7 | rows=[8] | cols=[2] | col_header=False | row_header=False | metadata=False
Cell D9 | value='20.45' | fill=7 | rows=[8] | cols=[3] | col_header=False | row_header=False | metadata=False
Cell E9 | value='36.92' | fill=7 | rows=[8] | cols=[4] | col_header=False | row_header=False | metadata=False
Cell B10 | value='Day 0 Control 2' | fill=FF00B050 | rows=[9] | cols=[1] | col_header=False | row_header=True | metadata=False
Cell C10 | value='43.75' | fill=00000000 | rows=[9] | cols=[2] | col_header=False | row_header=False | metadata=False
Cell D10 | value='18.75' | fill=00000000 | rows=[9] | cols=[3] | col_header=False | row_header=False | metadata=False
Cell E10 | value='34.38' | fill=00000000 | rows=[9] | cols=[4] | col_header=False | row_header=False | metadata=False
Cell B11 | value='Day 0 Control 3' | fill=FF00B050 | rows=[10] | cols=[1] | col_header=False | row_header=True | metadata=False
Cell C11 | value='49.02' | fill=00000000 | rows=[10] | cols=[2] | col_header=False | row_header=False | metadata=False
Cell D11 | value='21.57' | fill=00000000 | rows=[10] | cols=[3] | col_header=False | row_header=False | metadata=False
Cell E11 | value='29.41' | fill=00000000 | rows=[10] | cols=[4] | col_header=False | row_header=False | metadata=False
Cell A12 | value='avg' | fill=FF00B0F0 | rows=[11] | cols=[0] | col_header=False | row_header=False | metadata=True
Cell C12 | value='44.848' | fill=00000000 | rows=[11] | cols=[2] | col_header=False | row_header=False | metadata=False
Cell D12 | value='18.91' | fill=00000000 | rows=[11] | cols=[3] | col_header=False | row_header=False | metadata=False
Cell E12 | value='35.618' | fill=00000000 | rows=[11] | cols=[4] | col_header=False | row_header=False | metadata=False
Cell A13 | value='st.dev' | fill=FF00B0F0 | rows=[12] | cols=[0] | col_header=False | row_header=False | metadata=True
Cell C13 | value='2.18948761129174' | fill=00000000 | rows=[12] | cols=[2] | col_header=False | row_header=False | metadata=False
Cell D13 | value='2.04003921530935' | fill=00000000 | rows=[12] | cols=[3] | col_header=False | row_header=False | metadata=False
Cell E13 | value='3.5477113749571' | fill=00000000 | rows=[12] | cols=[4] | col_header=False | row_header=False | metadata=False
Cell B14 | value='Day 1 Control 1' | fill=FF00B050 | rows=[13] | cols=[1] | col_header=False | row_header=True | metadata=False
Cell C14 | value='45.92' | fill=00000000 | rows=[13] | cols=[2] | col_header=False | row_header=False | metadata=False
Cell D14 | value='29.18' | fill=00000000 | rows=[13] | cols=[3] | col_header=False | row_header=False | metadata=False
Cell E14 | value='19.31' | fill=00000000 | rows=[13] | cols=[4] | col_header=False | row_header=False | metadata=False
Cell B15 | value='Day 1 Control 2' | fill=FF00B050 | rows=[14] | cols=[1] | col_header=False | row_header=True | metadata=False
Cell C15 | value='45.42' | fill=00000000 | rows=[14] | cols=[2] | col_header=False | row_header=False | metadata=False
Cell D15 | value='20.08' | fill=00000000 | rows=[14] | cols=[3] | col_header=False | row_header=False | metadata=False
Cell E15 | value='33.53' | fill=00000000 | rows=[14] | cols=[4] | col_header=False | row_header=False | metadata=False
Cell B16 | value='Day 1 Control 3' | fill=FF00B050 | rows=[15] | cols=[1] | col_header=False | row_header=True | metadata=False
Cell C16 | value='50.35' | fill=00000000 | rows=[15] | cols=[2] | col_header=False | row_header=False | metadata=False
Cell D16 | value='23.44' | fill=00000000 | rows=[15] | cols=[3] | col_header=False | row_header=False | metadata=False
Cell E16 | value='25.17' | fill=00000000 | rows=[15] | cols=[4] | col_header=False | row_header=False | metadata=False
Cell A17 | value='avg' | fill=FF00B0F0 | rows=[16] | cols=[0] | col_header=False | row_header=False | metadata=True
Cell C17 | value='47.23' | fill=00000000 | rows=[16] | cols=[2] | col_header=False | row_header=False | metadata=False
Cell D17 | value='24.2333333333333' | fill=00000000 | rows=[16] | cols=[3] | col_header=False | row_header=False | metadata=False
Cell E17 | value='26.0033333333333' | fill=00000000 | rows=[16] | cols=[4] | col_header=False | row_header=False | metadata=False
Cell A18 | value='st.dev' | fill=FF00B0F0 | rows=[17] | cols=[0] | col_header=False | row_header=False | metadata=True
Cell C18 | value='2.21559623277046' | fill=00000000 | rows=[17] | cols=[2] | col_header=False | row_header=False | metadata=False
Cell D18 | value='3.75717387880246' | fill=00000000 | rows=[17] | cols=[3] | col_header=False | row_header=False | metadata=False
Cell E18 | value='5.83511972646853' | fill=00000000 | rows=[17] | cols=[4] | col_header=False | row_header=False | metadata=False
Cell B19 | value='Day 1 IR 1' | fill=FF00B050 | rows=[18] | cols=[1] | col_header=False | row_header=True | metadata=False
Cell C19 | value='53.78' | fill=00000000 | rows=[18] | cols=[2] | col_header=False | row_header=False | metadata=False
Cell D19 | value='21.12' | fill=00000000 | rows=[18] | cols=[3] | col_header=False | row_header=False | metadata=False
Cell E19 | value='24.3' | fill=00000000 | rows=[18] | cols=[4] | col_header=False | row_header=False | metadata=False
Cell B20 | value='Day 1 IR 2' | fill=FF00B050 | rows=[19] | cols=[1] | col_header=False | row_header=True | metadata=False
Cell C20 | value='54.76' | fill=00000000 | rows=[19] | cols=[2] | col_header=False | row_header=False | metadata=False
Cell D20 | value='21.19' | fill=00000000 | rows=[19] | cols=[3] | col_header=False | row_header=False | metadata=False
Cell E20 | value='23.57' | fill=00000000 | rows=[19] | cols=[4] | col_header=False | row_header=False | metadata=False
Cell B21 | value='Day 1 IR 3' | fill=FF00B050 | rows=[20] | cols=[1] | col_header=False | row_header=True | metadata=False
Cell C21 | value='51.99' | fill=00000000 | rows=[20] | cols=[2] | col_header=False | row_header=False | metadata=False
Cell D21 | value='20.53' | fill=00000000 | rows=[20] | cols=[3] | col_header=False | row_header=False | metadata=False
Cell E21 | value='26.16' | fill=00000000 | rows=[20] | cols=[4] | col_header=False | row_header=False | metadata=False
Cell A22 | value='avg' | fill=FF00B0F0 | rows=[21] | cols=[0] | col_header=False | row_header=False | metadata=True
Cell C22 | value='53.51' | fill=00000000 | rows=[21] | cols=[2] | col_header=False | row_header=False | metadata=False
Cell D22 | value='20.9466666666667' | fill=00000000 | rows=[21] | cols=[3] | col_header=False | row_header=False | metadata=False
Cell E22 | value='24.6766666666667' | fill=00000000 | rows=[21] | cols=[4] | col_header=False | row_header=False | metadata=False
Cell A23 | value='st.dev' | fill=FF00B0F0 | rows=[22] | cols=[0] | col_header=False | row_header=False | metadata=True
Cell C23 | value='1.14685076041596' | fill=00000000 | rows=[22] | cols=[2] | col_header=False | row_header=False | metadata=False
Cell D23 | value='0.296010510323911' | fill=00000000 | rows=[22] | cols=[3] | col_header=False | row_header=False | metadata=False
Cell E23 | value='1.09039238604988' | fill=00000000 | rows=[22] | cols=[4] | col_header=False | row_header=False | metadata=False
Cell B24 | value='Day 3 Control 1' | fill=FF00B050 | rows=[23] | cols=[1] | col_header=False | row_header=True | metadata=False
Cell C24 | value='46.09' | fill=00000000 | rows=[23] | cols=[2] | col_header=False | row_header=False | metadata=False
Cell D24 | value='28.81' | fill=00000000 | rows=[23] | cols=[3] | col_header=False | row_header=False | metadata=False
Cell E24 | value='24.69' | fill=00000000 | rows=[23] | cols=[4] | col_header=False | row_header=False | metadata=False
Cell B25 | value='Day 3 Control 2' | fill=FF00B050 | rows=[24] | cols=[1] | col_header=False | row_header=True | metadata=False
Cell C25 | value='44.62' | fill=00000000 | rows=[24] | cols=[2] | col_header=False | row_header=False | metadata=False
Cell D25 | value='34.15' | fill=00000000 | rows=[24] | cols=[3] | col_header=False | row_header=False | metadata=False
Cell E25 | value='20.92' | fill=00000000 | rows=[24] | cols=[4] | col_header=False | row_header=False | metadata=False
Cell B26 | value='Day 3 Control 3' | fill=FF00B050 | rows=[25] | cols=[1] | col_header=False | row_header=True | metadata=False
Cell C26 | value='44.22' | fill=00000000 | rows=[25] | cols=[2] | col_header=False | row_header=False | metadata=False
Cell D26 | value='36.68' | fill=00000000 | rows=[25] | cols=[3] | col_header=False | row_header=False | metadata=False
Cell E26 | value='18.59' | fill=00000000 | rows=[25] | cols=[4] | col_header=False | row_header=False | metadata=False
Cell A27 | value='avg' | fill=FF00B0F0 | rows=[26] | cols=[0] | col_header=False | row_header=False | metadata=True
Cell C27 | value='44.9766666666667' | fill=00000000 | rows=[26] | cols=[2] | col_header=False | row_header=False | metadata=False
Cell D27 | value='33.2133333333333' | fill=00000000 | rows=[26] | cols=[3] | col_header=False | row_header=False | metadata=False
Cell E27 | value='21.4' | fill=00000000 | rows=[26] | cols=[4] | col_header=False | row_header=False | metadata=False
Cell A28 | value='st.dev' | fill=FF00B0F0 | rows=[27] | cols=[0] | col_header=False | row_header=False | metadata=True
Cell C28 | value='0.804003869531874' | fill=00000000 | rows=[27] | cols=[2] | col_header=False | row_header=False | metadata=False
Cell D28 | value='3.28047083341536' | fill=00000000 | rows=[27] | cols=[3] | col_header=False | row_header=False | metadata=False
Cell E28 | value='2.51333775419594' | fill=00000000 | rows=[27] | cols=[4] | col_header=False | row_header=False | metadata=False
Cell B29 | value='Day 3 IR 1' | fill=FF00B050 | rows=[28] | cols=[1] | col_header=False | row_header=True | metadata=False
Cell C29 | value='52.57' | fill=00000000 | rows=[28] | cols=[2] | col_header=False | row_header=False | metadata=False
Cell D29 | value='19.43' | fill=00000000 | rows=[28] | cols=[3] | col_header=False | row_header=False | metadata=False
Cell E29 | value='27.43' | fill=00000000 | rows=[28] | cols=[4] | col_header=False | row_header=False | metadata=False
Cell B30 | value='Day 3 IR 2' | fill=FF00B050 | rows=[29] | cols=[1] | col_header=False | row_header=True | metadata=False
Cell C30 | value='48.46' | fill=00000000 | rows=[29] | cols=[2] | col_header=False | row_header=False | metadata=False
Cell D30 | value='32.31' | fill=00000000 | rows=[29] | cols=[3] | col_header=False | row_header=False | metadata=False
Cell E30 | value='19.23' | fill=00000000 | rows=[29] | cols=[4] | col_header=False | row_header=False | metadata=False
Cell B31 | value='Day 3 IR 3' | fill=FF00B050 | rows=[30] | cols=[1] | col_header=False | row_header=True | metadata=False
Cell C31 | value='53.93' | fill=00000000 | rows=[30] | cols=[2] | col_header=False | row_header=False | metadata=False
Cell D31 | value='28.09' | fill=00000000 | rows=[30] | cols=[3] | col_header=False | row_header=False | metadata=False
Cell E31 | value='17.98' | fill=00000000 | rows=[30] | cols=[4] | col_header=False | row_header=False | metadata=False
Cell A32 | value='avg' | fill=FF00B0F0 | rows=[31] | cols=[0] | col_header=False | row_header=False | metadata=True
Cell C32 | value='51.6533333333333' | fill=00000000 | rows=[31] | cols=[2] | col_header=False | row_header=False | metadata=False
Cell D32 | value='26.61' | fill=00000000 | rows=[31] | cols=[3] | col_header=False | row_header=False | metadata=False
Cell E32 | value='21.5466666666667' | fill=00000000 | rows=[31] | cols=[4] | col_header=False | row_header=False | metadata=False
Cell A33 | value='st.dev' | fill=FF00B0F0 | rows=[32] | cols=[0] | col_header=False | row_header=False | metadata=True
Cell C33 | value='2.32528612337397' | fill=00000000 | rows=[32] | cols=[2] | col_header=False | row_header=False | metadata=False
Cell D33 | value='5.36136798463477' | fill=00000000 | rows=[32] | cols=[3] | col_header=False | row_header=False | metadata=False
Cell E33 | value='4.19132702401306' | fill=00000000 | rows=[32] | cols=[4] | col_header=False | row_header=False | metadata=False

