=== society-table62.xlsx ===
Cell D1 | value='Total bankruptcies' | fill=FF00B0F0 | rows=[0, 1] | cols=[3, 4] | col_header=False | row_header=False | metadata=True
Cell F1 | value='Self employment status' | fill=FFFFFF00 | rows=[0] | cols=[5, 6, 7, 8] | col_header=True | row_header=False | metadata=False
Cell F2 | value='Self employed3' | fill=FFFFFF00 | rows=[1] | cols=[5, 6] | col_header=True | row_header=False | metadata=False
Cell H2 | value='Other individuals' | fill=FFFFFF00 | rows=[1] | cols=[7, 8] | col_header=True | row_header=False | metadata=False
Cell A3 | value='2010' | fill=FF00B050 | rows=[2] | cols=[0] | col_header=False | row_header=True | metadata=False
Cell D3 | value='59173' | fill=FF00B0F0 | rows=[2] | cols=[3] | col_header=False | row_header=False | metadata=True
Cell F3 | value='8144' | fill=00000000 | rows=[2] | cols=[5] | col_header=False | row_header=False | metadata=False
Cell H3 | value='51029' | fill=00000000 | rows=[2] | cols=[7] | col_header=False | row_header=False | metadata=False
Cell A4 | value='2011' | fill=FF00B050 | rows=[3] | cols=[0] | col_header=False | row_header=True | metadata=False
Cell D4 | value='41928' | fill=FF00B0F0 | rows=[3] | cols=[3] | col_header=False | row_header=False | metadata=True
Cell F4 | value='8894' | fill=00000000 | rows=[3] | cols=[5] | col_header=False | row_header=False | metadata=False
Cell H4 | value='33034' | fill=00000000 | rows=[3] | cols=[7] | col_header=False | row_header=False | metadata=False
Cell A5 | value='2012' | fill=FF00B050 | rows=[4] | cols=[0] | col_header=False | row_header=True | metadata=False
Cell D5 | value='31776' | fill=FF00B0F0 | rows=[4] | cols=[3] | col_header=False | row_header=False | metadata=True
Cell F5 | value='7523' | fill=00000000 | rows=[4] | cols=[5] | col_header=False | row_header=False | metadata=False
Cell H5 | value='24253' | fill=00000000 | rows=[4] | cols=[7] | col_header=False | row_header=False | metadata=False
Cell A6 | value='2013' | fill=FF00B050 | rows=[5] | cols=[0] | col_header=False | row_header=True | metadata=False
Cell D6 | value='24566' | fill=FF00B0F0 | rows=[5] | cols=[3] | col_header=False | row_header=False | metadata=True
Cell F6 | value='6000' | fill=00000000 | rows=[5] | cols=[5] | col_header=False | row_header=False | metadata=False
Cell H6 | value='18566' | fill=00000000 | rows=[5] | cols=[7] | col_header=False | row_header=False | metadata=False
Cell A7 | value='2014' | fill=FF00B050 | rows=[6] | cols=[0] | col_header=False | row_header=True | metadata=False
Cell D7 | value='20338' | fill=FF00B0F0 | rows=[6] | cols=[3] | col_header=False | row_header=False | metadata=True
Cell F7 | value='4955' | fill=00000000 | rows=[6] | cols=[5] | col_header=False | row_header=False | metadata=False
Cell H7 | value='15383' | fill=00000000 | rows=[6] | cols=[7] | col_header=False | row_header=False | metadata=False
Cell A8 | value='2015' | fill=FF00B050 | rows=[7] | cols=[0] | col_header=False | row_header=True | metadata=False
Cell D8 | value='15849' | fill=FF00B0F0 | rows=[7] | cols=[3] | col_header=False | row_header=False | metadata=True
Cell F8 | value='3904' | fill=00000000 | rows=[7] | cols=[5] | col_header=False | row_header=False | metadata=False
Cell H8 | value='11945' | fill=00000000 | rows=[7] | cols=[7] | col_header=False | row_header=False | metadata=False
Cell A9 | value='2016' | fill=FF00B050 | rows=[8] | cols=[0] | col_header=False | row_header=True | metadata=False
Cell D9 | value='15049' | fill=FF00B0F0 | rows=[8] | cols=[3] | col_header=False | row_header=False | metadata=True
Cell F9 | value='3680' | fill=00000000 | rows=[8] | cols=[5] | col_header=False | row_header=False | metadata=False
Cell H9 | value='11369' | fill=00000000 | rows=[8] | cols=[7] | col_header=False | row_header=False | metadata=False
Cell A10 | value='2017' | fill=FF00B050 | rows=[9] | cols=[0] | col_header=False | row_header=True | metadata=False
Cell D10 | value='15107' | fill=FF00B0F0 | rows=[9] | cols=[3] | col_header=False | row_header=False | metadata=True
Cell F10 | value='3490' | fill=00000000 | rows=[9] | cols=[5] | col_header=False | row_header=False | metadata=False
Cell H10 | value='11617' | fill=00000000 | rows=[9] | cols=[7] | col_header=False | row_header=False | metadata=False
Cell A11 | value='2018' | fill=FF00B050 | rows=[10] | cols=[0] | col_header=False | row_header=True | metadata=False
Cell D11 | value='16640' | fill=FF00B0F0 | rows=[10] | cols=[3] | col_header=False | row_header=False | metadata=True
Cell F11 | value='3762' | fill=00000000 | rows=[10] | cols=[5] | col_header=False | row_header=False | metadata=False
Cell H11 | value='12878' | fill=00000000 | rows=[10] | cols=[7] | col_header=False | row_header=False | metadata=False
Cell A12 | value='2019' | fill=FF00B050 | rows=[11] | cols=[0] | col_header=False | row_header=True | metadata=False
Cell D12 | value='16741' | fill=FF00B0F0 | rows=[11] | cols=[3] | col_header=False | row_header=False | metadata=True
Cell F12 | value='3477' | fill=00000000 | rows=[11] | cols=[5] | col_header=False | row_header=False | metadata=False
Cell H12 | value='13264' | fill=00000000 | rows=[11] | cols=[7] | col_header=False | row_header=False | metadata=False
Cell A14 | value='2010' | fill=FF00B050 | rows=[13] | cols=[0] | col_header=False | row_header=True | metadata=False
Cell B14 | value='Q1' | fill=FF00B050 | rows=[13] | cols=[1] | col_header=False | row_header=True | metadata=False
Cell D14 | value='17288' | fill=FF00B0F0 | rows=[13] | cols=[3] | col_header=False | row_header=False | metadata=True
Cell F14 | value='2091' | fill=00000000 | rows=[13] | cols=[5] | col_header=False | row_header=False | metadata=False
Cell H14 | value='15140' | fill=00000000 | rows=[13] | cols=[7] | col_header=False | row_header=False | metadata=False
Cell B15 | value='Q2' | fill=FF00B050 | rows=[14] | cols=[1] | col_header=False | row_header=True | metadata=False
Cell D15 | value='15019' | fill=FF00B0F0 | rows=[14] | cols=[3] | col_header=False | row_header=False | metadata=True
Cell F15 | value='1909' | fill=00000000 | rows=[14] | cols=[5] | col_header=False | row_header=False | metadata=False
Cell H15 | value='13077' | fill=00000000 | rows=[14] | cols=[7] | col_header=False | row_header=False | metadata=False
Cell B16 | value='Q3' | fill=FF00B050 | rows=[15] | cols=[1] | col_header=False | row_header=True | metadata=False
Cell D16 | value='14153' | fill=FF00B0F0 | rows=[15] | cols=[3] | col_header=False | row_header=False | metadata=True
Cell F16 | value='1752' | fill=00000000 | rows=[15] | cols=[5] | col_header=False | row_header=False | metadata=False
Cell H16 | value='12455' | fill=00000000 | rows=[15] | cols=[7] | col_header=False | row_header=False | metadata=False
Cell B17 | value='Q4' | fill=FF00B050 | rows=[16] | cols=[1] | col_header=False | row_header=True | metadata=False
Cell D17 | value='12713' | fill=FF00B0F0 | rows=[16] | cols=[3] | col_header=False | row_header=False | metadata=True
Cell F17 | value='2392' | fill=00000000 | rows=[16] | cols=[5] | col_header=False | row_header=False | metadata=False
Cell H17 | value='10357' | fill=00000000 | rows=[16] | cols=[7] | col_header=False | row_header=False | metadata=False
Cell A19 | value='2011' | fill=FF00B050 | rows=[18] | cols=[0] | col_header=False | row_header=True | metadata=False
Cell B19 | value='Q1' | fill=FF00B050 | rows=[18] | cols=[1] | col_header=False | row_header=True | metadata=False
Cell D19 | value='11900' | fill=FF00B0F0 | rows=[18] | cols=[3] | col_header=False | row_header=False | metadata=True
Cell F19 | value='2341' | fill=00000000 | rows=[18] | cols=[5] | col_header=False | row_header=False | metadata=False
Cell H19 | value='9559' | fill=00000000 | rows=[18] | cols=[7] | col_header=False | row_header=False | metadata=False
Cell B20 | value='Q2' | fill=FF00B050 | rows=[19] | cols=[1] | col_header=False | row_header=True | metadata=False
Cell D20 | value='11074' | fill=FF00B0F0 | rows=[19] | cols=[3] | col_header=False | row_header=False | metadata=True
Cell F20 | value='2311' | fill=00000000 | rows=[19] | cols=[5] | col_header=False | row_header=False | metadata=False
Cell H20 | value='8763' | fill=00000000 | rows=[19] | cols=[7] | col_header=False | row_header=False | metadata=False
Cell B21 | value='Q3' | fill=FF00B050 | rows=[20] | cols=[1] | col_header=False | row_header=True | metadata=False
Cell D21 | value='9789' | fill=FF00B0F0 | rows=[20] | cols=[3] | col_header=False | row_header=False | metadata=True
Cell F21 | value='2158' | fill=00000000 | rows=[20] | cols=[5] | col_header=False | row_header=False | metadata=False
Cell H21 | value='7631' | fill=00000000 | rows=[20] | cols=[7] | col_header=False | row_header=False | metadata=False
Cell B22 | value='Q4' | fill=FF00B050 | rows=[21] | cols=[1] | col_header=False | row_header=True | metadata=False
Cell D22 | value='9165' | fill=FF00B0F0 | rows=[21] | cols=[3] | col_header=False | row_header=False | metadata=True
Cell F22 | value='2084' | fill=00000000 | rows=[21] | cols=[5] | col_header=False | row_header=False | metadata=False
Cell H22 | value='7081' | fill=00000000 | rows=[21] | cols=[7] | col_header=False | row_header=False | metadata=False
Cell A24 | value='2012' | fill=FF00B050 | rows=[23] | cols=[0] | col_header=False | row_header=True | metadata=False
Cell B24 | value='Q1' | fill=FF00B050 | rows=[23] | cols=[1] | col_header=False | row_header=True | metadata=False
Cell D24 | value='8641' | fill=FF00B0F0 | rows=[23] | cols=[3] | col_header=False | row_header=False | metadata=True
Cell F24 | value='1969' | fill=00000000 | rows=[23] | cols=[5] | col_header=False | row_header=False | metadata=False
Cell H24 | value='6672' | fill=00000000 | rows=[23] | cols=[7] | col_header=False | row_header=False | metadata=False
Cell B25 | value='Q2' | fill=FF00B050 | rows=[24] | cols=[1] | col_header=False | row_header=True | metadata=False
Cell D25 | value='8044' | fill=FF00B0F0 | rows=[24] | cols=[3] | col_header=False | row_header=False | metadata=True
Cell F25 | value='1884' | fill=00000000 | rows=[24] | cols=[5] | col_header=False | row_header=False | metadata=False
Cell H25 | value='6160' | fill=00000000 | rows=[24] | cols=[7] | col_header=False | row_header=False | metadata=False
Cell B26 | value='Q3' | fill=FF00B050 | rows=[25] | cols=[1] | col_header=False | row_header=True | metadata=False
Cell D26 | value='7773' | fill=FF00B0F0 | rows=[25] | cols=[3] | col_header=False | row_header=False | metadata=True
Cell F26 | value='1862' | fill=00000000 | rows=[25] | cols=[5] | col_header=False | row_header=False | metadata=False
Cell H26 | value='5911' | fill=00000000 | rows=[25] | cols=[7] | col_header=False | row_header=False | metadata=False
Cell B27 | value='Q4' | fill=FF00B050 | rows=[26] | cols=[1] | col_header=False | row_header=True | metadata=False
Cell D27 | value='7318' | fill=FF00B0F0 | rows=[26] | cols=[3] | col_header=False | row_header=False | metadata=True
Cell F27 | value='1808' | fill=00000000 | rows=[26] | cols=[5] | col_header=False | row_header=False | metadata=False
Cell H27 | value='5510' | fill=00000000 | rows=[26] | cols=[7] | col_header=False | row_header=False | metadata=False
Cell A29 | value='2013' | fill=FF00B050 | rows=[28] | cols=[0] | col_header=False | row_header=True | metadata=False
Cell B29 | value='Q1' | fill=FF00B050 | rows=[28] | cols=[1] | col_header=False | row_header=True | metadata=False
Cell D29 | value='6408' | fill=FF00B0F0 | rows=[28] | cols=[3] | col_header=False | row_header=False | metadata=True
Cell F29 | value='1506' | fill=00000000 | rows=[28] | cols=[5] | col_header=False | row_header=False | metadata=False
Cell H29 | value='4902' | fill=00000000 | rows=[28] | cols=[7] | col_header=False | row_header=False | metadata=False
Cell B30 | value='Q2' | fill=FF00B050 | rows=[29] | cols=[1] | col_header=False | row_header=True | metadata=False
Cell D30 | value='6364' | fill=FF00B0F0 | rows=[29] | cols=[3] | col_header=False | row_header=False | metadata=True
Cell F30 | value='1608' | fill=00000000 | rows=[29] | cols=[5] | col_header=False | row_header=False | metadata=False
Cell H30 | value='4756' | fill=00000000 | rows=[29] | cols=[7] | col_header=False | row_header=False | metadata=False
Cell B31 | value='Q3' | fill=FF00B050 | rows=[30] | cols=[1] | col_header=False | row_header=True | metadata=False
Cell D31 | value='6073' | fill=FF00B0F0 | rows=[30] | cols=[3] | col_header=False | row_header=False | metadata=True
Cell F31 | value='1537' | fill=00000000 | rows=[30] | cols=[5] | col_header=False | row_header=False | metadata=False
Cell H31 | value='4536' | fill=00000000 | rows=[30] | cols=[7] | col_header=False | row_header=False | metadata=False
Cell B32 | value='Q4' | fill=FF00B050 | rows=[31] | cols=[1] | col_header=False | row_header=True | metadata=False
Cell D32 | value='5721' | fill=FF00B0F0 | rows=[31] | cols=[3] | col_header=False | row_header=False | metadata=True
Cell F32 | value='1349' | fill=00000000 | rows=[31] | cols=[5] | col_header=False | row_header=False | metadata=False
Cell H32 | value='4372' | fill=00000000 | rows=[31] | cols=[7] | col_header=False | row_header=False | metadata=False
Cell A34 | value='2014' | fill=FF00B050 | rows=[33] | cols=[0] | col_header=False | row_header=True | metadata=False
Cell B34 | value='Q1' | fill=FF00B050 | rows=[33] | cols=[1] | col_header=False | row_header=True | metadata=False
Cell D34 | value='5418' | fill=FF00B0F0 | rows=[33] | cols=[3] | col_header=False | row_header=False | metadata=True
Cell F34 | value='1359' | fill=00000000 | rows=[33] | cols=[5] | col_header=False | row_header=False | metadata=False
Cell H34 | value='4059' | fill=00000000 | rows=[33] | cols=[7] | col_header=False | row_header=False | metadata=False
Cell B35 | value='Q2' | fill=FF00B050 | rows=[34] | cols=[1] | col_header=False | row_header=True | metadata=False
Cell D35 | value='5447' | fill=FF00B0F0 | rows=[34] | cols=[3] | col_header=False | row_header=False | metadata=True
Cell F35 | value='1370' | fill=00000000 | rows=[34] | cols=[5] | col_header=False | row_header=False | metadata=False
Cell H35 | value='4077' | fill=00000000 | rows=[34] | cols=[7] | col_header=False | row_header=False | metadata=False
Cell B36 | value='Q3' | fill=FF00B050 | rows=[35] | cols=[1] | col_header=False | row_header=True | metadata=False
Cell D36 | value='4925' | fill=FF00B0F0 | rows=[35] | cols=[3] | col_header=False | row_header=False | metadata=True
Cell F36 | value='1183' | fill=00000000 | rows=[35] | cols=[5] | col_header=False | row_header=False | metadata=False
Cell H36 | value='3742' | fill=00000000 | rows=[35] | cols=[7] | col_header=False | row_header=False | metadata=False
Cell B37 | value='Q4' | fill=FF00B050 | rows=[36] | cols=[1] | col_header=False | row_header=True | metadata=False
Cell D37 | value='4548' | fill=FF00B0F0 | rows=[36] | cols=[3] | col_header=False | row_header=False | metadata=True
Cell F37 | value='1043' | fill=00000000 | rows=[36] | cols=[5] | col_header=False | row_header=False | metadata=False
Cell H37 | value='3505' | fill=00000000 | rows=[36] | cols=[7] | col_header=False | row_header=False | metadata=False
Cell A39 | value='2015' | fill=FF00B050 | rows=[38] | cols=[0] | col_header=False | row_header=True | metadata=False
Cell B39 | value='Q1' | fill=FF00B050 | rows=[38] | cols=[1] | col_header=False | row_header=True | metadata=False
Cell D39 | value='4198' | fill=FF00B0F0 | rows=[38] | cols=[3] | col_header=False | row_header=False | metadata=True
Cell F39 | value='1041' | fill=00000000 | rows=[38] | cols=[5] | col_header=False | row_header=False | metadata=False
Cell H39 | value='3157' | fill=00000000 | rows=[38] | cols=[7] | col_header=False | row_header=False | metadata=False
Cell B40 | value='Q2' | fill=FF00B050 | rows=[39] | cols=[1] | col_header=False | row_header=True | metadata=False
Cell D40 | value='3968' | fill=FF00B0F0 | rows=[39] | cols=[3] | col_header=False | row_header=False | metadata=True
Cell F40 | value='929' | fill=00000000 | rows=[39] | cols=[5] | col_header=False | row_header=False | metadata=False
Cell H40 | value='3039' | fill=00000000 | rows=[39] | cols=[7] | col_header=False | row_header=False | metadata=False
Cell B41 | value='Q3' | fill=FF00B050 | rows=[40] | cols=[1] | col_header=False | row_header=True | metadata=False
Cell D41 | value='3881' | fill=FF00B0F0 | rows=[40] | cols=[3] | col_header=False | row_header=False | metadata=True
Cell F41 | value='941' | fill=00000000 | rows=[40] | cols=[5] | col_header=False | row_header=False | metadata=False
Cell H41 | value='2940' | fill=00000000 | rows=[40] | cols=[7] | col_header=False | row_header=False | metadata=False
Cell B42 | value='Q4' | fill=FF00B050 | rows=[41] | cols=[1] | col_header=False | row_header=True | metadata=False
Cell D42 | value='3802' | fill=FF00B0F0 | rows=[41] | cols=[3] | col_header=False | row_header=False | metadata=True
Cell F42 | value='993' | fill=00000000 | rows=[41] | cols=[5] | col_header=False | row_header=False | metadata=False
Cell H42 | value='2809' | fill=00000000 | rows=[41] | cols=[7] | col_header=False | row_header=False | metadata=False
Cell A44 | value='2016' | fill=FF00B050 | rows=[43] | cols=[0] | col_header=False | row_header=True | metadata=False
Cell B44 | value='Q1' | fill=FF00B050 | rows=[43] | cols=[1] | col_header=False | row_header=True | metadata=False
Cell D44 | value='3610' | fill=FF00B0F0 | rows=[43] | cols=[3] | col_header=False | row_header=False | metadata=True
Cell F44 | value='850' | fill=00000000 | rows=[43] | cols=[5] | col_header=False | row_header=False | metadata=False
Cell H44 | value='2760' | fill=00000000 | rows=[43] | cols=[7] | col_header=False | row_header=False | metadata=False
Cell B45 | value='Q2' | fill=FF00B050 | rows=[44] | cols=[1] | col_header=False | row_header=True | metadata=False
Cell D45 | value='3663' | fill=FF00B0F0 | rows=[44] | cols=[3] | col_header=False | row_header=False | metadata=True
Cell F45 | value='909' | fill=00000000 | rows=[44] | cols=[5] | col_header=False | row_header=False | metadata=False
Cell H45 | value='2754' | fill=00000000 | rows=[44] | cols=[7] | col_header=False | row_header=False | metadata=False
Cell B46 | value='Q3' | fill=FF00B050 | rows=[45] | cols=[1] | col_header=False | row_header=True | metadata=False
Cell D46 | value='3903' | fill=FF00B0F0 | rows=[45] | cols=[3] | col_header=False | row_header=False | metadata=True
Cell F46 | value='954' | fill=00000000 | rows=[45] | cols=[5] | col_header=False | row_header=False | metadata=False
Cell H46 | value='2949' | fill=00000000 | rows=[45] | cols=[7] | col_header=False | row_header=False | metadata=False
Cell B47 | value='Q4' | fill=FF00B050 | rows=[46] | cols=[1] | col_header=False | row_header=True | metadata=False
Cell D47 | value='3873' | fill=FF00B0F0 | rows=[46] | cols=[3] | col_header=False | row_header=False | metadata=True
Cell F47 | value='967' | fill=00000000 | rows=[46] | cols=[5] | col_header=False | row_header=False | metadata=False
Cell H47 | value='2906' | fill=00000000 | rows=[46] | cols=[7] | col_header=False | row_header=False | metadata=False
Cell A49 | value='2017' | fill=FF00B050 | rows=[48] | cols=[0] | col_header=False | row_header=True | metadata=False
Cell B49 | value='Q1' | fill=FF00B050 | rows=[48] | cols=[1] | col_header=False | row_header=True | metadata=False
Cell D49 | value='3839' | fill=FF00B0F0 | rows=[48] | cols=[3] | col_header=False | row_header=False | metadata=True
Cell F49 | value='898' | fill=00000000 | rows=[48] | cols=[5] | col_header=False | row_header=False | metadata=False
Cell H49 | value='2941' | fill=00000000 | rows=[48] | cols=[7] | col_header=False | row_header=False | metadata=False
Cell B50 | value='Q2' | fill=FF00B050 | rows=[49] | cols=[1] | col_header=False | row_header=True | metadata=False
Cell D50 | value='3731' | fill=FF00B0F0 | rows=[49] | cols=[3] | col_header=False | row_header=False | metadata=True
Cell F50 | value='864' | fill=00000000 | rows=[49] | cols=[5] | col_header=False | row_header=False | metadata=False
Cell H50 | value='2867' | fill=00000000 | rows=[49] | cols=[7] | col_header=False | row_header=False | metadata=False
Cell B51 | value='Q3' | fill=FF00B050 | rows=[50] | cols=[1] | col_header=False | row_header=True | metadata=False
Cell D51 | value='3711' | fill=FF00B0F0 | rows=[50] | cols=[3] | col_header=False | row_header=False | metadata=True
Cell F51 | value='828' | fill=00000000 | rows=[50] | cols=[5] | col_header=False | row_header=False | metadata=False
Cell H51 | value='2883' | fill=00000000 | rows=[50] | cols=[7] | col_header=False | row_header=False | metadata=False
Cell B52 | value='Q4' | fill=FF00B050 | rows=[51] | cols=[1] | col_header=False | row_header=True | metadata=False
Cell D52 | value='3826' | fill=FF00B0F0 | rows=[51] | cols=[3] | col_header=False | row_header=False | metadata=True
Cell F52 | value='900' | fill=00000000 | rows=[51] | cols=[5] | col_header=False | row_header=False | metadata=False
Cell H52 | value='2926' | fill=00000000 | rows=[51] | cols=[7] | col_header=False | row_header=False | metadata=False
Cell A54 | value='2018' | fill=FF00B050 | rows=[53] | cols=[0] | col_header=False | row_header=True | metadata=False
Cell B54 | value='Q1' | fill=FF00B050 | rows=[53] | cols=[1] | col_header=False | row_header=True | metadata=False
Cell D54 | value='4146' | fill=FF00B0F0 | rows=[53] | cols=[3] | col_header=False | row_header=False | metadata=True
Cell F54 | value='956' | fill=00000000 | rows=[53] | cols=[5] | col_header=False | row_header=False | metadata=False
Cell H54 | value='3190' | fill=00000000 | rows=[53] | cols=[7] | col_header=False | row_header=False | metadata=False
Cell B55 | value='Q2' | fill=FF00B050 | rows=[54] | cols=[1] | col_header=False | row_header=True | metadata=False
Cell D55 | value='4073' | fill=FF00B0F0 | rows=[54] | cols=[3] | col_header=False | row_header=False | metadata=True
Cell F55 | value='916' | fill=00000000 | rows=[54] | cols=[5] | col_header=False | row_header=False | metadata=False
Cell H55 | value='3157' | fill=00000000 | rows=[54] | cols=[7] | col_header=False | row_header=False | metadata=False
Cell B56 | value='Q3' | fill=FF00B050 | rows=[55] | cols=[1] | col_header=False | row_header=True | metadata=False
Cell D56 | value='4183' | fill=FF00B0F0 | rows=[55] | cols=[3] | col_header=False | row_header=False | metadata=True
Cell F56 | value='972' | fill=00000000 | rows=[55] | cols=[5] | col_header=False | row_header=False | metadata=False
Cell H56 | value='3211' | fill=00000000 | rows=[55] | cols=[7] | col_header=False | row_header=False | metadata=False
Cell B57 | value='Q4' | fill=FF00B050 | rows=[56] | cols=[1] | col_header=False | row_header=True | metadata=False
Cell D57 | value='4238' | fill=FF00B0F0 | rows=[56] | cols=[3] | col_header=False | row_header=False | metadata=True
Cell F57 | value='918' | fill=00000000 | rows=[56] | cols=[5] | col_header=False | row_header=False | metadata=False
Cell H57 | value='3320' | fill=00000000 | rows=[56] | cols=[7] | col_header=False | row_header=False | metadata=False
Cell A59 | value='2019' | fill=FF00B050 | rows=[58] | cols=[0] | col_header=False | row_header=True | metadata=False
Cell B59 | value='Q1' | fill=FF00B050 | rows=[58] | cols=[1] | col_header=False | row_header=True | metadata=False
Cell D59 | value='4169' | fill=FF00B0F0 | rows=[58] | cols=[3] | col_header=False | row_header=False | metadata=True
Cell F59 | value='882' | fill=00000000 | rows=[58] | cols=[5] | col_header=False | row_header=False | metadata=False
Cell H59 | value='3287' | fill=00000000 | rows=[58] | cols=[7] | col_header=False | row_header=False | metadata=False
Cell B60 | value='Q2' | fill=FF00B050 | rows=[59] | cols=[1] | col_header=False | row_header=True | metadata=False
Cell D60 | value='4244' | fill=FF00B0F0 | rows=[59] | cols=[3] | col_header=False | row_header=False | metadata=True
Cell F60 | value='921' | fill=00000000 | rows=[59] | cols=[5] | col_header=False | row_header=False | metadata=False
Cell H60 | value='3323' | fill=00000000 | rows=[59] | cols=[7] | col_header=False | row_header=False | metadata=False
Cell I60 | value='r' | fill=00000000 | rows=[59] | cols=[8] | col_header=False | row_header=False | metadata=False
Cell B61 | value='Q3' | fill=FF00B050 | rows=[60] | cols=[1] | col_header=False | row_header=True | metadata=False
Cell D61 | value='4169' | fill=FF00B0F0 | rows=[60] | cols=[3] | col_header=False | row_header=False | metadata=True
Cell F61 | value='881' | fill=00000000 | rows=[60] | cols=[5] | col_header=False | row_header=False | metadata=False
Cell H61 | value='3288' | fill=00000000 | rows=[60] | cols=[7] | col_header=False | row_header=False | metadata=False
Cell B62 | value='Q4' | fill=FF00B050 | rows=[61] | cols=[1] | col_header=False | row_header=True | metadata=False
Cell D62 | value='4159' | fill=FF00B0F0 | rows=[61] | cols=[3] | col_header=False | row_header=False | metadata=True
Cell F62 | value='793' | fill=00000000 | rows=[61] | cols=[5] | col_header=False | row_header=False | metadata=False
Cell H62 | value='3366' | fill=00000000 | rows=[61] | cols=[7] | col_header=False | row_header=False | metadata=False
Cell A64 | value='2020' | fill=FF00B050 | rows=[63] | cols=[0] | col_header=False | row_header=True | metadata=False
Cell B64 | value='Q1' | fill=FF00B050 | rows=[63] | cols=[1] | col_header=False | row_header=True | metadata=False
Cell D64 | value='4268' | fill=FF00B0F0 | rows=[63] | cols=[3] | col_header=False | row_header=False | metadata=True
Cell F64 | value='807' | fill=00000000 | rows=[63] | cols=[5] | col_header=False | row_header=False | metadata=False
Cell H64 | value='3461' | fill=00000000 | rows=[63] | cols=[7] | col_header=False | row_header=False | metadata=False
Cell A66 | value='Percentage change, latest quarter (2020 Q1) compared with:' | fill=FFFFFF00 | rows=[65] | cols=[0] | col_header=True | row_header=False | metadata=False
Cell A68 | value='2019' | fill=FF00B050 | rows=[67] | cols=[0] | col_header=False | row_header=True | metadata=False
Cell B68 | value='Q4' | fill=FF00B050 | rows=[67] | cols=[1] | col_header=False | row_header=True | metadata=False
Cell D68 | value='0.0262082231305603' | fill=00000000 | rows=[67] | cols=[3] | col_header=False | row_header=False | metadata=False
Cell F68 | value='0.0176544766708702' | fill=00000000 | rows=[67] | cols=[5] | col_header=False | row_header=False | metadata=False
Cell H68 | value='0.0282234105763517' | fill=00000000 | rows=[67] | cols=[7] | col_header=False | row_header=False | metadata=False
Cell A70 | value='2019' | fill=FF00B050 | rows=[69] | cols=[0] | col_header=False | row_header=True | metadata=False
Cell B70 | value='Q1' | fill=FF00B050 | rows=[69] | cols=[1] | col_header=False | row_header=True | metadata=False
Cell D70 | value='0.0237467018469657' | fill=00000000 | rows=[69] | cols=[3] | col_header=False | row_header=False | metadata=False
Cell F70 | value='-0.0850340136054422' | fill=00000000 | rows=[69] | cols=[5] | col_header=False | row_header=False | metadata=False
Cell H70 | value='0.0529358077274109' | fill=00000000 | rows=[69] | cols=[7] | col_header=False | row_header=False | metadata=False

=== society-table62.xlsx ===
Cell D1 | value='Total bankruptcies' | fill=FF00B0F0 | rows=[0, 1] | cols=[3, 4] | col_header=False | row_header=False | metadata=True
Cell F1 | value='Self employment status' | fill=FFFFFF00 | rows=[0] | cols=[5, 6, 7, 8] | col_header=True | row_header=False | metadata=False
Cell F2 | value='Self employed3' | fill=FFFFFF00 | rows=[1] | cols=[5, 6] | col_header=True | row_header=False | metadata=False
Cell H2 | value='Other individuals' | fill=FFFFFF00 | rows=[1] | cols=[7, 8] | col_header=True | row_header=False | metadata=False
Cell A3 | value='2010' | fill=FF00B050 | rows=[2] | cols=[0] | col_header=False | row_header=True | metadata=False
Cell D3 | value='59173' | fill=FF00B0F0 | rows=[2] | cols=[3] | col_header=False | row_header=False | metadata=True
Cell F3 | value='8144' | fill=00000000 | rows=[2] | cols=[5] | col_header=False | row_header=False | metadata=False
Cell H3 | value='51029' | fill=00000000 | rows=[2] | cols=[7] | col_header=False | row_header=False | metadata=False
Cell A4 | value='2011' | fill=FF00B050 | rows=[3] | cols=[0] | col_header=False | row_header=True | metadata=False
Cell D4 | value='41928' | fill=FF00B0F0 | rows=[3] | cols=[3] | col_header=False | row_header=False | metadata=True
Cell F4 | value='8894' | fill=00000000 | rows=[3] | cols=[5] | col_header=False | row_header=False | metadata=False
Cell H4 | value='33034' | fill=00000000 | rows=[3] | cols=[7] | col_header=False | row_header=False | metadata=False
Cell A5 | value='2012' | fill=FF00B050 | rows=[4] | cols=[0] | col_header=False | row_header=True | metadata=False
Cell D5 | value='31776' | fill=FF00B0F0 | rows=[4] | cols=[3] | col_header=False | row_header=False | metadata=True
Cell F5 | value='7523' | fill=00000000 | rows=[4] | cols=[5] | col_header=False | row_header=False | metadata=False
Cell H5 | value='24253' | fill=00000000 | rows=[4] | cols=[7] | col_header=False | row_header=False | metadata=False
Cell A6 | value='2013' | fill=FF00B050 | rows=[5] | cols=[0] | col_header=False | row_header=True | metadata=False
Cell D6 | value='24566' | fill=FF00B0F0 | rows=[5] | cols=[3] | col_header=False | row_header=False | metadata=True
Cell F6 | value='6000' | fill=00000000 | rows=[5] | cols=[5] | col_header=False | row_header=False | metadata=False
Cell H6 | value='18566' | fill=00000000 | rows=[5] | cols=[7] | col_header=False | row_header=False | metadata=False
Cell A7 | value='2014' | fill=FF00B050 | rows=[6] | cols=[0] | col_header=False | row_header=True | metadata=False
Cell D7 | value='20338' | fill=FF00B0F0 | rows=[6] | cols=[3] | col_header=False | row_header=False | metadata=True
Cell F7 | value='4955' | fill=00000000 | rows=[6] | cols=[5] | col_header=False | row_header=False | metadata=False
Cell H7 | value='15383' | fill=00000000 | rows=[6] | cols=[7] | col_header=False | row_header=False | metadata=False
Cell A8 | value='2015' | fill=FF00B050 | rows=[7] | cols=[0] | col_header=False | row_header=True | metadata=False
Cell D8 | value='15849' | fill=FF00B0F0 | rows=[7] | cols=[3] | col_header=False | row_header=False | metadata=True
Cell F8 | value='3904' | fill=00000000 | rows=[7] | cols=[5] | col_header=False | row_header=False | metadata=False
Cell H8 | value='11945' | fill=00000000 | rows=[7] | cols=[7] | col_header=False | row_header=False | metadata=False
Cell A9 | value='2016' | fill=FF00B050 | rows=[8] | cols=[0] | col_header=False | row_header=True | metadata=False
Cell D9 | value='15049' | fill=FF00B0F0 | rows=[8] | cols=[3] | col_header=False | row_header=False | metadata=True
Cell F9 | value='3680' | fill=00000000 | rows=[8] | cols=[5] | col_header=False | row_header=False | metadata=False
Cell H9 | value='11369' | fill=00000000 | rows=[8] | cols=[7] | col_header=False | row_header=False | metadata=False
Cell A10 | value='2017' | fill=FF00B050 | rows=[9] | cols=[0] | col_header=False | row_header=True | metadata=False
Cell D10 | value='15107' | fill=FF00B0F0 | rows=[9] | cols=[3] | col_header=False | row_header=False | metadata=True
Cell F10 | value='3490' | fill=00000000 | rows=[9] | cols=[5] | col_header=False | row_header=False | metadata=False
Cell H10 | value='11617' | fill=00000000 | rows=[9] | cols=[7] | col_header=False | row_header=False | metadata=False
Cell A11 | value='2018' | fill=FF00B050 | rows=[10] | cols=[0] | col_header=False | row_header=True | metadata=False
Cell D11 | value='16640' | fill=FF00B0F0 | rows=[10] | cols=[3] | col_header=False | row_header=False | metadata=True
Cell F11 | value='3762' | fill=00000000 | rows=[10] | cols=[5] | col_header=False | row_header=False | metadata=False
Cell H11 | value='12878' | fill=00000000 | rows=[10] | cols=[7] | col_header=False | row_header=False | metadata=False
Cell A12 | value='2019' | fill=FF00B050 | rows=[11] | cols=[0] | col_header=False | row_header=True | metadata=False
Cell D12 | value='16741' | fill=FF00B0F0 | rows=[11] | cols=[3] | col_header=False | row_header=False | metadata=True
Cell F12 | value='3477' | fill=00000000 | rows=[11] | cols=[5] | col_header=False | row_header=False | metadata=False
Cell H12 | value='13264' | fill=00000000 | rows=[11] | cols=[7] | col_header=False | row_header=False | metadata=False
Cell A14 | value='2010' | fill=FF00B050 | rows=[13] | cols=[0] | col_header=False | row_header=True | metadata=False
Cell B14 | value='Q1' | fill=FF00B050 | rows=[13] | cols=[1] | col_header=False | row_header=True | metadata=False
Cell D14 | value='17288' | fill=FF00B0F0 | rows=[13] | cols=[3] | col_header=False | row_header=False | metadata=True
Cell F14 | value='2091' | fill=00000000 | rows=[13] | cols=[5] | col_header=False | row_header=False | metadata=False
Cell H14 | value='15140' | fill=00000000 | rows=[13] | cols=[7] | col_header=False | row_header=False | metadata=False
Cell B15 | value='Q2' | fill=FF00B050 | rows=[14] | cols=[1] | col_header=False | row_header=True | metadata=False
Cell D15 | value='15019' | fill=FF00B0F0 | rows=[14] | cols=[3] | col_header=False | row_header=False | metadata=True
Cell F15 | value='1909' | fill=00000000 | rows=[14] | cols=[5] | col_header=False | row_header=False | metadata=False
Cell H15 | value='13077' | fill=00000000 | rows=[14] | cols=[7] | col_header=False | row_header=False | metadata=False
Cell B16 | value='Q3' | fill=FF00B050 | rows=[15] | cols=[1] | col_header=False | row_header=True | metadata=False
Cell D16 | value='14153' | fill=FF00B0F0 | rows=[15] | cols=[3] | col_header=False | row_header=False | metadata=True
Cell F16 | value='1752' | fill=00000000 | rows=[15] | cols=[5] | col_header=False | row_header=False | metadata=False
Cell H16 | value='12455' | fill=00000000 | rows=[15] | cols=[7] | col_header=False | row_header=False | metadata=False
Cell B17 | value='Q4' | fill=FF00B050 | rows=[16] | cols=[1] | col_header=False | row_header=True | metadata=False
Cell D17 | value='12713' | fill=FF00B0F0 | rows=[16] | cols=[3] | col_header=False | row_header=False | metadata=True
Cell F17 | value='2392' | fill=00000000 | rows=[16] | cols=[5] | col_header=False | row_header=False | metadata=False
Cell H17 | value='10357' | fill=00000000 | rows=[16] | cols=[7] | col_header=False | row_header=False | metadata=False
Cell A19 | value='2011' | fill=FF00B050 | rows=[18] | cols=[0] | col_header=False | row_header=True | metadata=False
Cell B19 | value='Q1' | fill=FF00B050 | rows=[18] | cols=[1] | col_header=False | row_header=True | metadata=False
Cell D19 | value='11900' | fill=FF00B0F0 | rows=[18] | cols=[3] | col_header=False | row_header=False | metadata=True
Cell F19 | value='2341' | fill=00000000 | rows=[18] | cols=[5] | col_header=False | row_header=False | metadata=False
Cell H19 | value='9559' | fill=00000000 | rows=[18] | cols=[7] | col_header=False | row_header=False | metadata=False
Cell B20 | value='Q2' | fill=FF00B050 | rows=[19] | cols=[1] | col_header=False | row_header=True | metadata=False
Cell D20 | value='11074' | fill=FF00B0F0 | rows=[19] | cols=[3] | col_header=False | row_header=False | metadata=True
Cell F20 | value='2311' | fill=00000000 | rows=[19] | cols=[5] | col_header=False | row_header=False | metadata=False
Cell H20 | value='8763' | fill=00000000 | rows=[19] | cols=[7] | col_header=False | row_header=False | metadata=False
Cell B21 | value='Q3' | fill=FF00B050 | rows=[20] | cols=[1] | col_header=False | row_header=True | metadata=False
Cell D21 | value='9789' | fill=FF00B0F0 | rows=[20] | cols=[3] | col_header=False | row_header=False | metadata=True
Cell F21 | value='2158' | fill=00000000 | rows=[20] | cols=[5] | col_header=False | row_header=False | metadata=False
Cell H21 | value='7631' | fill=00000000 | rows=[20] | cols=[7] | col_header=False | row_header=False | metadata=False
Cell B22 | value='Q4' | fill=FF00B050 | rows=[21] | cols=[1] | col_header=False | row_header=True | metadata=False
Cell D22 | value='9165' | fill=FF00B0F0 | rows=[21] | cols=[3] | col_header=False | row_header=False | metadata=True
Cell F22 | value='2084' | fill=00000000 | rows=[21] | cols=[5] | col_header=False | row_header=False | metadata=False
Cell H22 | value='7081' | fill=00000000 | rows=[21] | cols=[7] | col_header=False | row_header=False | metadata=False
Cell A24 | value='2012' | fill=FF00B050 | rows=[23] | cols=[0] | col_header=False | row_header=True | metadata=False
Cell B24 | value='Q1' | fill=FF00B050 | rows=[23] | cols=[1] | col_header=False | row_header=True | metadata=False
Cell D24 | value='8641' | fill=FF00B0F0 | rows=[23] | cols=[3] | col_header=False | row_header=False | metadata=True
Cell F24 | value='1969' | fill=00000000 | rows=[23] | cols=[5] | col_header=False | row_header=False | metadata=False
Cell H24 | value='6672' | fill=00000000 | rows=[23] | cols=[7] | col_header=False | row_header=False | metadata=False
Cell B25 | value='Q2' | fill=FF00B050 | rows=[24] | cols=[1] | col_header=False | row_header=True | metadata=False
Cell D25 | value='8044' | fill=FF00B0F0 | rows=[24] | cols=[3] | col_header=False | row_header=False | metadata=True
Cell F25 | value='1884' | fill=00000000 | rows=[24] | cols=[5] | col_header=False | row_header=False | metadata=False
Cell H25 | value='6160' | fill=00000000 | rows=[24] | cols=[7] | col_header=False | row_header=False | metadata=False
Cell B26 | value='Q3' | fill=FF00B050 | rows=[25] | cols=[1] | col_header=False | row_header=True | metadata=False
Cell D26 | value='7773' | fill=FF00B0F0 | rows=[25] | cols=[3] | col_header=False | row_header=False | metadata=True
Cell F26 | value='1862' | fill=00000000 | rows=[25] | cols=[5] | col_header=False | row_header=False | metadata=False
Cell H26 | value='5911' | fill=00000000 | rows=[25] | cols=[7] | col_header=False | row_header=False | metadata=False
Cell B27 | value='Q4' | fill=FF00B050 | rows=[26] | cols=[1] | col_header=False | row_header=True | metadata=False
Cell D27 | value='7318' | fill=FF00B0F0 | rows=[26] | cols=[3] | col_header=False | row_header=False | metadata=True
Cell F27 | value='1808' | fill=00000000 | rows=[26] | cols=[5] | col_header=False | row_header=False | metadata=False
Cell H27 | value='5510' | fill=00000000 | rows=[26] | cols=[7] | col_header=False | row_header=False | metadata=False
Cell A29 | value='2013' | fill=FF00B050 | rows=[28] | cols=[0] | col_header=False | row_header=True | metadata=False
Cell B29 | value='Q1' | fill=FF00B050 | rows=[28] | cols=[1] | col_header=False | row_header=True | metadata=False
Cell D29 | value='6408' | fill=FF00B0F0 | rows=[28] | cols=[3] | col_header=False | row_header=False | metadata=True
Cell F29 | value='1506' | fill=00000000 | rows=[28] | cols=[5] | col_header=False | row_header=False | metadata=False
Cell H29 | value='4902' | fill=00000000 | rows=[28] | cols=[7] | col_header=False | row_header=False | metadata=False
Cell B30 | value='Q2' | fill=FF00B050 | rows=[29] | cols=[1] | col_header=False | row_header=True | metadata=False
Cell D30 | value='6364' | fill=FF00B0F0 | rows=[29] | cols=[3] | col_header=False | row_header=False | metadata=True
Cell F30 | value='1608' | fill=00000000 | rows=[29] | cols=[5] | col_header=False | row_header=False | metadata=False
Cell H30 | value='4756' | fill=00000000 | rows=[29] | cols=[7] | col_header=False | row_header=False | metadata=False
Cell B31 | value='Q3' | fill=FF00B050 | rows=[30] | cols=[1] | col_header=False | row_header=True | metadata=False
Cell D31 | value='6073' | fill=FF00B0F0 | rows=[30] | cols=[3] | col_header=False | row_header=False | metadata=True
Cell F31 | value='1537' | fill=00000000 | rows=[30] | cols=[5] | col_header=False | row_header=False | metadata=False
Cell H31 | value='4536' | fill=00000000 | rows=[30] | cols=[7] | col_header=False | row_header=False | metadata=False
Cell B32 | value='Q4' | fill=FF00B050 | rows=[31] | cols=[1] | col_header=False | row_header=True | metadata=False
Cell D32 | value='5721' | fill=FF00B0F0 | rows=[31] | cols=[3] | col_header=False | row_header=False | metadata=True
Cell F32 | value='1349' | fill=00000000 | rows=[31] | cols=[5] | col_header=False | row_header=False | metadata=False
Cell H32 | value='4372' | fill=00000000 | rows=[31] | cols=[7] | col_header=False | row_header=False | metadata=False
Cell A34 | value='2014' | fill=FF00B050 | rows=[33] | cols=[0] | col_header=False | row_header=True | metadata=False
Cell B34 | value='Q1' | fill=FF00B050 | rows=[33] | cols=[1] | col_header=False | row_header=True | metadata=False
Cell D34 | value='5418' | fill=FF00B0F0 | rows=[33] | cols=[3] | col_header=False | row_header=False | metadata=True
Cell F34 | value='1359' | fill=00000000 | rows=[33] | cols=[5] | col_header=False | row_header=False | metadata=False
Cell H34 | value='4059' | fill=00000000 | rows=[33] | cols=[7] | col_header=False | row_header=False | metadata=False
Cell B35 | value='Q2' | fill=FF00B050 | rows=[34] | cols=[1] | col_header=False | row_header=True | metadata=False
Cell D35 | value='5447' | fill=FF00B0F0 | rows=[34] | cols=[3] | col_header=False | row_header=False | metadata=True
Cell F35 | value='1370' | fill=00000000 | rows=[34] | cols=[5] | col_header=False | row_header=False | metadata=False
Cell H35 | value='4077' | fill=00000000 | rows=[34] | cols=[7] | col_header=False | row_header=False | metadata=False
Cell B36 | value='Q3' | fill=FF00B050 | rows=[35] | cols=[1] | col_header=False | row_header=True | metadata=False
Cell D36 | value='4925' | fill=FF00B0F0 | rows=[35] | cols=[3] | col_header=False | row_header=False | metadata=True
Cell F36 | value='1183' | fill=00000000 | rows=[35] | cols=[5] | col_header=False | row_header=False | metadata=False
Cell H36 | value='3742' | fill=00000000 | rows=[35] | cols=[7] | col_header=False | row_header=False | metadata=False
Cell B37 | value='Q4' | fill=FF00B050 | rows=[36] | cols=[1] | col_header=False | row_header=True | metadata=False
Cell D37 | value='4548' | fill=FF00B0F0 | rows=[36] | cols=[3] | col_header=False | row_header=False | metadata=True
Cell F37 | value='1043' | fill=00000000 | rows=[36] | cols=[5] | col_header=False | row_header=False | metadata=False
Cell H37 | value='3505' | fill=00000000 | rows=[36] | cols=[7] | col_header=False | row_header=False | metadata=False
Cell A39 | value='2015' | fill=FF00B050 | rows=[38] | cols=[0] | col_header=False | row_header=True | metadata=False
Cell B39 | value='Q1' | fill=FF00B050 | rows=[38] | cols=[1] | col_header=False | row_header=True | metadata=False
Cell D39 | value='4198' | fill=FF00B0F0 | rows=[38] | cols=[3] | col_header=False | row_header=False | metadata=True
Cell F39 | value='1041' | fill=00000000 | rows=[38] | cols=[5] | col_header=False | row_header=False | metadata=False
Cell H39 | value='3157' | fill=00000000 | rows=[38] | cols=[7] | col_header=False | row_header=False | metadata=False
Cell B40 | value='Q2' | fill=FF00B050 | rows=[39] | cols=[1] | col_header=False | row_header=True | metadata=False
Cell D40 | value='3968' | fill=FF00B0F0 | rows=[39] | cols=[3] | col_header=False | row_header=False | metadata=True
Cell F40 | value='929' | fill=00000000 | rows=[39] | cols=[5] | col_header=False | row_header=False | metadata=False
Cell H40 | value='3039' | fill=00000000 | rows=[39] | cols=[7] | col_header=False | row_header=False | metadata=False
Cell B41 | value='Q3' | fill=FF00B050 | rows=[40] | cols=[1] | col_header=False | row_header=True | metadata=False
Cell D41 | value='3881' | fill=FF00B0F0 | rows=[40] | cols=[3] | col_header=False | row_header=False | metadata=True
Cell F41 | value='941' | fill=00000000 | rows=[40] | cols=[5] | col_header=False | row_header=False | metadata=False
Cell H41 | value='2940' | fill=00000000 | rows=[40] | cols=[7] | col_header=False | row_header=False | metadata=False
Cell B42 | value='Q4' | fill=FF00B050 | rows=[41] | cols=[1] | col_header=False | row_header=True | metadata=False
Cell D42 | value='3802' | fill=FF00B0F0 | rows=[41] | cols=[3] | col_header=False | row_header=False | metadata=True
Cell F42 | value='993' | fill=00000000 | rows=[41] | cols=[5] | col_header=False | row_header=False | metadata=False
Cell H42 | value='2809' | fill=00000000 | rows=[41] | cols=[7] | col_header=False | row_header=False | metadata=False
Cell A44 | value='2016' | fill=FF00B050 | rows=[43] | cols=[0] | col_header=False | row_header=True | metadata=False
Cell B44 | value='Q1' | fill=FF00B050 | rows=[43] | cols=[1] | col_header=False | row_header=True | metadata=False
Cell D44 | value='3610' | fill=FF00B0F0 | rows=[43] | cols=[3] | col_header=False | row_header=False | metadata=True
Cell F44 | value='850' | fill=00000000 | rows=[43] | cols=[5] | col_header=False | row_header=False | metadata=False
Cell H44 | value='2760' | fill=00000000 | rows=[43] | cols=[7] | col_header=False | row_header=False | metadata=False
Cell B45 | value='Q2' | fill=FF00B050 | rows=[44] | cols=[1] | col_header=False | row_header=True | metadata=False
Cell D45 | value='3663' | fill=FF00B0F0 | rows=[44] | cols=[3] | col_header=False | row_header=False | metadata=True
Cell F45 | value='909' | fill=00000000 | rows=[44] | cols=[5] | col_header=False | row_header=False | metadata=False
Cell H45 | value='2754' | fill=00000000 | rows=[44] | cols=[7] | col_header=False | row_header=False | metadata=False
Cell B46 | value='Q3' | fill=FF00B050 | rows=[45] | cols=[1] | col_header=False | row_header=True | metadata=False
Cell D46 | value='3903' | fill=FF00B0F0 | rows=[45] | cols=[3] | col_header=False | row_header=False | metadata=True
Cell F46 | value='954' | fill=00000000 | rows=[45] | cols=[5] | col_header=False | row_header=False | metadata=False
Cell H46 | value='2949' | fill=00000000 | rows=[45] | cols=[7] | col_header=False | row_header=False | metadata=False
Cell B47 | value='Q4' | fill=FF00B050 | rows=[46] | cols=[1] | col_header=False | row_header=True | metadata=False
Cell D47 | value='3873' | fill=FF00B0F0 | rows=[46] | cols=[3] | col_header=False | row_header=False | metadata=True
Cell F47 | value='967' | fill=00000000 | rows=[46] | cols=[5] | col_header=False | row_header=False | metadata=False
Cell H47 | value='2906' | fill=00000000 | rows=[46] | cols=[7] | col_header=False | row_header=False | metadata=False
Cell A49 | value='2017' | fill=FF00B050 | rows=[48] | cols=[0] | col_header=False | row_header=True | metadata=False
Cell B49 | value='Q1' | fill=FF00B050 | rows=[48] | cols=[1] | col_header=False | row_header=True | metadata=False
Cell D49 | value='3839' | fill=FF00B0F0 | rows=[48] | cols=[3] | col_header=False | row_header=False | metadata=True
Cell F49 | value='898' | fill=00000000 | rows=[48] | cols=[5] | col_header=False | row_header=False | metadata=False
Cell H49 | value='2941' | fill=00000000 | rows=[48] | cols=[7] | col_header=False | row_header=False | metadata=False
Cell B50 | value='Q2' | fill=FF00B050 | rows=[49] | cols=[1] | col_header=False | row_header=True | metadata=False
Cell D50 | value='3731' | fill=FF00B0F0 | rows=[49] | cols=[3] | col_header=False | row_header=False | metadata=True
Cell F50 | value='864' | fill=00000000 | rows=[49] | cols=[5] | col_header=False | row_header=False | metadata=False
Cell H50 | value='2867' | fill=00000000 | rows=[49] | cols=[7] | col_header=False | row_header=False | metadata=False
Cell B51 | value='Q3' | fill=FF00B050 | rows=[50] | cols=[1] | col_header=False | row_header=True | metadata=False
Cell D51 | value='3711' | fill=FF00B0F0 | rows=[50] | cols=[3] | col_header=False | row_header=False | metadata=True
Cell F51 | value='828' | fill=00000000 | rows=[50] | cols=[5] | col_header=False | row_header=False | metadata=False
Cell H51 | value='2883' | fill=00000000 | rows=[50] | cols=[7] | col_header=False | row_header=False | metadata=False
Cell B52 | value='Q4' | fill=FF00B050 | rows=[51] | cols=[1] | col_header=False | row_header=True | metadata=False
Cell D52 | value='3826' | fill=FF00B0F0 | rows=[51] | cols=[3] | col_header=False | row_header=False | metadata=True
Cell F52 | value='900' | fill=00000000 | rows=[51] | cols=[5] | col_header=False | row_header=False | metadata=False
Cell H52 | value='2926' | fill=00000000 | rows=[51] | cols=[7] | col_header=False | row_header=False | metadata=False
Cell A54 | value='2018' | fill=FF00B050 | rows=[53] | cols=[0] | col_header=False | row_header=True | metadata=False
Cell B54 | value='Q1' | fill=FF00B050 | rows=[53] | cols=[1] | col_header=False | row_header=True | metadata=False
Cell D54 | value='4146' | fill=FF00B0F0 | rows=[53] | cols=[3] | col_header=False | row_header=False | metadata=True
Cell F54 | value='956' | fill=00000000 | rows=[53] | cols=[5] | col_header=False | row_header=False | metadata=False
Cell H54 | value='3190' | fill=00000000 | rows=[53] | cols=[7] | col_header=False | row_header=False | metadata=False
Cell B55 | value='Q2' | fill=FF00B050 | rows=[54] | cols=[1] | col_header=False | row_header=True | metadata=False
Cell D55 | value='4073' | fill=FF00B0F0 | rows=[54] | cols=[3] | col_header=False | row_header=False | metadata=True
Cell F55 | value='916' | fill=00000000 | rows=[54] | cols=[5] | col_header=False | row_header=False | metadata=False
Cell H55 | value='3157' | fill=00000000 | rows=[54] | cols=[7] | col_header=False | row_header=False | metadata=False
Cell B56 | value='Q3' | fill=FF00B050 | rows=[55] | cols=[1] | col_header=False | row_header=True | metadata=False
Cell D56 | value='4183' | fill=FF00B0F0 | rows=[55] | cols=[3] | col_header=False | row_header=False | metadata=True
Cell F56 | value='972' | fill=00000000 | rows=[55] | cols=[5] | col_header=False | row_header=False | metadata=False
Cell H56 | value='3211' | fill=00000000 | rows=[55] | cols=[7] | col_header=False | row_header=False | metadata=False
Cell B57 | value='Q4' | fill=FF00B050 | rows=[56] | cols=[1] | col_header=False | row_header=True | metadata=False
Cell D57 | value='4238' | fill=FF00B0F0 | rows=[56] | cols=[3] | col_header=False | row_header=False | metadata=True
Cell F57 | value='918' | fill=00000000 | rows=[56] | cols=[5] | col_header=False | row_header=False | metadata=False
Cell H57 | value='3320' | fill=00000000 | rows=[56] | cols=[7] | col_header=False | row_header=False | metadata=False
Cell A59 | value='2019' | fill=FF00B050 | rows=[58] | cols=[0] | col_header=False | row_header=True | metadata=False
Cell B59 | value='Q1' | fill=FF00B050 | rows=[58] | cols=[1] | col_header=False | row_header=True | metadata=False
Cell D59 | value='4169' | fill=FF00B0F0 | rows=[58] | cols=[3] | col_header=False | row_header=False | metadata=True
Cell F59 | value='882' | fill=00000000 | rows=[58] | cols=[5] | col_header=False | row_header=False | metadata=False
Cell H59 | value='3287' | fill=00000000 | rows=[58] | cols=[7] | col_header=False | row_header=False | metadata=False
Cell B60 | value='Q2' | fill=FF00B050 | rows=[59] | cols=[1] | col_header=False | row_header=True | metadata=False
Cell D60 | value='4244' | fill=FF00B0F0 | rows=[59] | cols=[3] | col_header=False | row_header=False | metadata=True
Cell F60 | value='921' | fill=00000000 | rows=[59] | cols=[5] | col_header=False | row_header=False | metadata=False
Cell H60 | value='3323' | fill=00000000 | rows=[59] | cols=[7] | col_header=False | row_header=False | metadata=False
Cell I60 | value='r' | fill=00000000 | rows=[59] | cols=[8] | col_header=False | row_header=False | metadata=False
Cell B61 | value='Q3' | fill=FF00B050 | rows=[60] | cols=[1] | col_header=False | row_header=True | metadata=False
Cell D61 | value='4169' | fill=FF00B0F0 | rows=[60] | cols=[3] | col_header=False | row_header=False | metadata=True
Cell F61 | value='881' | fill=00000000 | rows=[60] | cols=[5] | col_header=False | row_header=False | metadata=False
Cell H61 | value='3288' | fill=00000000 | rows=[60] | cols=[7] | col_header=False | row_header=False | metadata=False
Cell B62 | value='Q4' | fill=FF00B050 | rows=[61] | cols=[1] | col_header=False | row_header=True | metadata=False
Cell D62 | value='4159' | fill=FF00B0F0 | rows=[61] | cols=[3] | col_header=False | row_header=False | metadata=True
Cell F62 | value='793' | fill=00000000 | rows=[61] | cols=[5] | col_header=False | row_header=False | metadata=False
Cell H62 | value='3366' | fill=00000000 | rows=[61] | cols=[7] | col_header=False | row_header=False | metadata=False
Cell A64 | value='2020' | fill=FF00B050 | rows=[63] | cols=[0] | col_header=False | row_header=True | metadata=False
Cell B64 | value='Q1' | fill=FF00B050 | rows=[63] | cols=[1] | col_header=False | row_header=True | metadata=False
Cell D64 | value='4268' | fill=FF00B0F0 | rows=[63] | cols=[3] | col_header=False | row_header=False | metadata=True
Cell F64 | value='807' | fill=00000000 | rows=[63] | cols=[5] | col_header=False | row_header=False | metadata=False
Cell H64 | value='3461' | fill=00000000 | rows=[63] | cols=[7] | col_header=False | row_header=False | metadata=False
Cell A66 | value='Percentage change, latest quarter (2020 Q1) compared with:' | fill=FFFFFF00 | rows=[65] | cols=[0] | col_header=True | row_header=False | metadata=False
Cell A68 | value='2019' | fill=FF00B050 | rows=[67] | cols=[0] | col_header=False | row_header=True | metadata=False
Cell B68 | value='Q4' | fill=FF00B050 | rows=[67] | cols=[1] | col_header=False | row_header=True | metadata=False
Cell D68 | value='0.0262082231305603' | fill=00000000 | rows=[67] | cols=[3] | col_header=False | row_header=False | metadata=False
Cell F68 | value='0.0176544766708702' | fill=00000000 | rows=[67] | cols=[5] | col_header=False | row_header=False | metadata=False
Cell H68 | value='0.0282234105763517' | fill=00000000 | rows=[67] | cols=[7] | col_header=False | row_header=False | metadata=False
Cell A70 | value='2019' | fill=FF00B050 | rows=[69] | cols=[0] | col_header=False | row_header=True | metadata=False
Cell B70 | value='Q1' | fill=FF00B050 | rows=[69] | cols=[1] | col_header=False | row_header=True | metadata=False
Cell D70 | value='0.0237467018469657' | fill=00000000 | rows=[69] | cols=[3] | col_header=False | row_header=False | metadata=False
Cell F70 | value='-0.0850340136054422' | fill=00000000 | rows=[69] | cols=[5] | col_header=False | row_header=False | metadata=False
Cell H70 | value='0.0529358077274109' | fill=00000000 | rows=[69] | cols=[7] | col_header=False | row_header=False | metadata=False

