=== welfare-table02.xlsx ===
Cell A1 | value='Bargaining status and Census region and division' | fill=FFFFFF00 | rows=[0, 1, 2] | cols=[0] | col_header=True | row_header=True | metadata=False
Cell B1 | value='Indexes (Dec.2005=100)' | fill=FFFFFF00 | rows=[0] | cols=[1, 2, 3] | col_header=True | row_header=False | metadata=False
Cell E1 | value='Percent changes for' | fill=FFFFFF00 | rows=[0] | cols=[4, 5, 6, 7, 8, 9] | col_header=True | row_header=False | metadata=False
Cell B2 | value='Sep.
2023' | fill=FFFFFF00 | rows=[1, 2] | cols=[1] | col_header=True | row_header=False | metadata=False
Cell C2 | value='Jun.
2024' | fill=FFFFFF00 | rows=[1, 2] | cols=[2] | col_header=True | row_header=False | metadata=False
Cell D2 | value='Sep.
2024' | fill=FFFFFF00 | rows=[1, 2] | cols=[3] | col_header=True | row_header=False | metadata=False
Cell E2 | value='3-months ended-' | fill=FFFFFF00 | rows=[1] | cols=[4, 5, 6] | col_header=True | row_header=False | metadata=False
Cell H2 | value='12-months ended-' | fill=FFFFFF00 | rows=[1] | cols=[7, 8, 9] | col_header=True | row_header=False | metadata=False
Cell E3 | value='Sep.
2023' | fill=FFFFFF00 | rows=[2] | cols=[4] | col_header=True | row_header=False | metadata=False
Cell F3 | value='Jun.
2024' | fill=FFFFFF00 | rows=[2] | cols=[5] | col_header=True | row_header=False | metadata=False
Cell G3 | value='Sep.
2024' | fill=FFFFFF00 | rows=[2] | cols=[6] | col_header=True | row_header=False | metadata=False
Cell H3 | value='Sep.
2023' | fill=FFFFFF00 | rows=[2] | cols=[7] | col_header=True | row_header=False | metadata=False
Cell I3 | value='Jun.
2024' | fill=FFFFFF00 | rows=[2] | cols=[8] | col_header=True | row_header=False | metadata=False
Cell J3 | value='Sep.
2024' | fill=FFFFFF00 | rows=[2] | cols=[9] | col_header=True | row_header=False | metadata=False
Cell A5 | value='Bargaining status' | fill=FFFFFF00 | rows=[4] | cols=[0] | col_header=True | row_header=False | metadata=False
Cell A6 | value='Union' | fill=FF00B050 | rows=[5] | cols=[0] | col_header=False | row_header=True | metadata=False
Cell B6 | value='159.3' | fill=00000000 | rows=[5] | cols=[1] | col_header=False | row_header=False | metadata=False
Cell C6 | value='168.1' | fill=00000000 | rows=[5] | cols=[2] | col_header=False | row_header=False | metadata=False
Cell D6 | value='169.5' | fill=00000000 | rows=[5] | cols=[3] | col_header=False | row_header=False | metadata=False
Cell E6 | value='1' | fill=00000000 | rows=[5] | cols=[4] | col_header=False | row_header=False | metadata=False
Cell F6 | value='1.3' | fill=00000000 | rows=[5] | cols=[5] | col_header=False | row_header=False | metadata=False
Cell G6 | value='0.8' | fill=00000000 | rows=[5] | cols=[6] | col_header=False | row_header=False | metadata=False
Cell H6 | value='4.5' | fill=00000000 | rows=[5] | cols=[7] | col_header=False | row_header=False | metadata=False
Cell I6 | value='6.5' | fill=00000000 | rows=[5] | cols=[8] | col_header=False | row_header=False | metadata=False
Cell J6 | value='6.4' | fill=00000000 | rows=[5] | cols=[9] | col_header=False | row_header=False | metadata=False
Cell A7 | value='Goods-producing industries(1)' | fill=FF00B050 | rows=[6] | cols=[0] | col_header=False | row_header=True | metadata=False
Cell B7 | value='150.9' | fill=00000000 | rows=[6] | cols=[1] | col_header=False | row_header=False | metadata=False
Cell C7 | value='157.1' | fill=00000000 | rows=[6] | cols=[2] | col_header=False | row_header=False | metadata=False
Cell D7 | value='158.6' | fill=00000000 | rows=[6] | cols=[3] | col_header=False | row_header=False | metadata=False
Cell E7 | value='0.7' | fill=00000000 | rows=[6] | cols=[4] | col_header=False | row_header=False | metadata=False
Cell F7 | value='1.2' | fill=00000000 | rows=[6] | cols=[5] | col_header=False | row_header=False | metadata=False
Cell G7 | value='1' | fill=00000000 | rows=[6] | cols=[6] | col_header=False | row_header=False | metadata=False
Cell H7 | value='3.4' | fill=00000000 | rows=[6] | cols=[7] | col_header=False | row_header=False | metadata=False
Cell I7 | value='4.8' | fill=00000000 | rows=[6] | cols=[8] | col_header=False | row_header=False | metadata=False
Cell J7 | value='5.1' | fill=00000000 | rows=[6] | cols=[9] | col_header=False | row_header=False | metadata=False
Cell A8 | value='Manufacturing' | fill=FF00B050 | rows=[7] | cols=[0] | col_header=False | row_header=True | metadata=False
Cell B8 | value='149' | fill=00000000 | rows=[7] | cols=[1] | col_header=False | row_header=False | metadata=False
Cell C8 | value='156.2' | fill=00000000 | rows=[7] | cols=[2] | col_header=False | row_header=False | metadata=False
Cell D8 | value='157.4' | fill=00000000 | rows=[7] | cols=[3] | col_header=False | row_header=False | metadata=False
Cell E8 | value='0.4' | fill=00000000 | rows=[7] | cols=[4] | col_header=False | row_header=False | metadata=False
Cell F8 | value='0.8' | fill=00000000 | rows=[7] | cols=[5] | col_header=False | row_header=False | metadata=False
Cell G8 | value='0.8' | fill=00000000 | rows=[7] | cols=[6] | col_header=False | row_header=False | metadata=False
Cell H8 | value='3.2' | fill=00000000 | rows=[7] | cols=[7] | col_header=False | row_header=False | metadata=False
Cell I8 | value='5.3' | fill=00000000 | rows=[7] | cols=[8] | col_header=False | row_header=False | metadata=False
Cell J8 | value='5.6' | fill=00000000 | rows=[7] | cols=[9] | col_header=False | row_header=False | metadata=False
Cell A9 | value='Service-providing industries(2)' | fill=FF00B050 | rows=[8] | cols=[0] | col_header=False | row_header=True | metadata=False
Cell B9 | value='164.5' | fill=00000000 | rows=[8] | cols=[1] | col_header=False | row_header=False | metadata=False
Cell C9 | value='174.8' | fill=00000000 | rows=[8] | cols=[2] | col_header=False | row_header=False | metadata=False
Cell D9 | value='176.1' | fill=00000000 | rows=[8] | cols=[3] | col_header=False | row_header=False | metadata=False
Cell E9 | value='1.1' | fill=00000000 | rows=[8] | cols=[4] | col_header=False | row_header=False | metadata=False
Cell F9 | value='1.3' | fill=00000000 | rows=[8] | cols=[5] | col_header=False | row_header=False | metadata=False
Cell G9 | value='0.7' | fill=00000000 | rows=[8] | cols=[6] | col_header=False | row_header=False | metadata=False
Cell H9 | value='5' | fill=00000000 | rows=[8] | cols=[7] | col_header=False | row_header=False | metadata=False
Cell I9 | value='7.4' | fill=00000000 | rows=[8] | cols=[8] | col_header=False | row_header=False | metadata=False
Cell J9 | value='7.1' | fill=00000000 | rows=[8] | cols=[9] | col_header=False | row_header=False | metadata=False
Cell A10 | value='Nonunion' | fill=FF00B050 | rows=[9] | cols=[0] | col_header=False | row_header=True | metadata=False
Cell B10 | value='163.3' | fill=00000000 | rows=[9] | cols=[1] | col_header=False | row_header=False | metadata=False
Cell C10 | value='167.9' | fill=00000000 | rows=[9] | cols=[2] | col_header=False | row_header=False | metadata=False
Cell D10 | value='169.1' | fill=00000000 | rows=[9] | cols=[3] | col_header=False | row_header=False | metadata=False
Cell E10 | value='1' | fill=00000000 | rows=[9] | cols=[4] | col_header=False | row_header=False | metadata=False
Cell F10 | value='0.9' | fill=00000000 | rows=[9] | cols=[5] | col_header=False | row_header=False | metadata=False
Cell G10 | value='0.7' | fill=00000000 | rows=[9] | cols=[6] | col_header=False | row_header=False | metadata=False
Cell H10 | value='4.5' | fill=00000000 | rows=[9] | cols=[7] | col_header=False | row_header=False | metadata=False
Cell I10 | value='3.8' | fill=00000000 | rows=[9] | cols=[8] | col_header=False | row_header=False | metadata=False
Cell J10 | value='3.6' | fill=00000000 | rows=[9] | cols=[9] | col_header=False | row_header=False | metadata=False
Cell A11 | value='Goods-producing industries(1)' | fill=FF00B050 | rows=[10] | cols=[0] | col_header=False | row_header=True | metadata=False
Cell B11 | value='160.3' | fill=00000000 | rows=[10] | cols=[1] | col_header=False | row_header=False | metadata=False
Cell C11 | value='164.6' | fill=00000000 | rows=[10] | cols=[2] | col_header=False | row_header=False | metadata=False
Cell D11 | value='165.8' | fill=00000000 | rows=[10] | cols=[3] | col_header=False | row_header=False | metadata=False
Cell E11 | value='0.6' | fill=00000000 | rows=[10] | cols=[4] | col_header=False | row_header=False | metadata=False
Cell F11 | value='0.4' | fill=00000000 | rows=[10] | cols=[5] | col_header=False | row_header=False | metadata=False
Cell G11 | value='0.7' | fill=00000000 | rows=[10] | cols=[6] | col_header=False | row_header=False | metadata=False
Cell H11 | value='4.2' | fill=00000000 | rows=[10] | cols=[7] | col_header=False | row_header=False | metadata=False
Cell I11 | value='3.3' | fill=00000000 | rows=[10] | cols=[8] | col_header=False | row_header=False | metadata=False
Cell J11 | value='3.4' | fill=00000000 | rows=[10] | cols=[9] | col_header=False | row_header=False | metadata=False
Cell A12 | value='Manufacturing' | fill=FF00B050 | rows=[11] | cols=[0] | col_header=False | row_header=True | metadata=False
Cell B12 | value='160.3' | fill=00000000 | rows=[11] | cols=[1] | col_header=False | row_header=False | metadata=False
Cell C12 | value='165.3' | fill=00000000 | rows=[11] | cols=[2] | col_header=False | row_header=False | metadata=False
Cell D12 | value='166.4' | fill=00000000 | rows=[11] | cols=[3] | col_header=False | row_header=False | metadata=False
Cell E12 | value='0.6' | fill=00000000 | rows=[11] | cols=[4] | col_header=False | row_header=False | metadata=False
Cell F12 | value='0.9' | fill=00000000 | rows=[11] | cols=[5] | col_header=False | row_header=False | metadata=False
Cell G12 | value='0.7' | fill=00000000 | rows=[11] | cols=[6] | col_header=False | row_header=False | metadata=False
Cell H12 | value='4' | fill=00000000 | rows=[11] | cols=[7] | col_header=False | row_header=False | metadata=False
Cell I12 | value='3.7' | fill=00000000 | rows=[11] | cols=[8] | col_header=False | row_header=False | metadata=False
Cell J12 | value='3.8' | fill=00000000 | rows=[11] | cols=[9] | col_header=False | row_header=False | metadata=False
Cell A13 | value='Service-providing industries(2)' | fill=FF00B050 | rows=[12] | cols=[0] | col_header=False | row_header=True | metadata=False
Cell B13 | value='164' | fill=00000000 | rows=[12] | cols=[1] | col_header=False | row_header=False | metadata=False
Cell C13 | value='168.6' | fill=00000000 | rows=[12] | cols=[2] | col_header=False | row_header=False | metadata=False
Cell D13 | value='169.8' | fill=00000000 | rows=[12] | cols=[3] | col_header=False | row_header=False | metadata=False
Cell E13 | value='1.1' | fill=00000000 | rows=[12] | cols=[4] | col_header=False | row_header=False | metadata=False
Cell F13 | value='1' | fill=00000000 | rows=[12] | cols=[5] | col_header=False | row_header=False | metadata=False
Cell G13 | value='0.7' | fill=00000000 | rows=[12] | cols=[6] | col_header=False | row_header=False | metadata=False
Cell H13 | value='4.5' | fill=00000000 | rows=[12] | cols=[7] | col_header=False | row_header=False | metadata=False
Cell I13 | value='3.9' | fill=00000000 | rows=[12] | cols=[8] | col_header=False | row_header=False | metadata=False
Cell J13 | value='3.5' | fill=00000000 | rows=[12] | cols=[9] | col_header=False | row_header=False | metadata=False
Cell A14 | value='Census region and division(3)' | fill=FFFFFF00 | rows=[13] | cols=[0] | col_header=True | row_header=False | metadata=False
Cell A15 | value='Northeast' | fill=FF00B050 | rows=[14] | cols=[0] | col_header=False | row_header=True | metadata=False
Cell B15 | value='163.3' | fill=00000000 | rows=[14] | cols=[1] | col_header=False | row_header=False | metadata=False
Cell C15 | value='167.6' | fill=00000000 | rows=[14] | cols=[2] | col_header=False | row_header=False | metadata=False
Cell D15 | value='168.8' | fill=00000000 | rows=[14] | cols=[3] | col_header=False | row_header=False | metadata=False
Cell E15 | value='1.1' | fill=00000000 | rows=[14] | cols=[4] | col_header=False | row_header=False | metadata=False
Cell F15 | value='0.9' | fill=00000000 | rows=[14] | cols=[5] | col_header=False | row_header=False | metadata=False
Cell G15 | value='0.7' | fill=00000000 | rows=[14] | cols=[6] | col_header=False | row_header=False | metadata=False
Cell H15 | value='4.4' | fill=00000000 | rows=[14] | cols=[7] | col_header=False | row_header=False | metadata=False
Cell I15 | value='3.7' | fill=00000000 | rows=[14] | cols=[8] | col_header=False | row_header=False | metadata=False
Cell J15 | value='3.4' | fill=00000000 | rows=[14] | cols=[9] | col_header=False | row_header=False | metadata=False
Cell A16 | value='New England' | fill=FF00B050 | rows=[15] | cols=[0] | col_header=False | row_header=True | metadata=False
Cell B16 | value='170.1' | fill=00000000 | rows=[15] | cols=[1] | col_header=False | row_header=False | metadata=False
Cell C16 | value='173.9' | fill=00000000 | rows=[15] | cols=[2] | col_header=False | row_header=False | metadata=False
Cell D16 | value='174.4' | fill=00000000 | rows=[15] | cols=[3] | col_header=False | row_header=False | metadata=False
Cell E16 | value='1.2' | fill=00000000 | rows=[15] | cols=[4] | col_header=False | row_header=False | metadata=False
Cell F16 | value='0.9' | fill=00000000 | rows=[15] | cols=[5] | col_header=False | row_header=False | metadata=False
Cell G16 | value='0.3' | fill=00000000 | rows=[15] | cols=[6] | col_header=False | row_header=False | metadata=False
Cell H16 | value='4' | fill=00000000 | rows=[15] | cols=[7] | col_header=False | row_header=False | metadata=False
Cell I16 | value='3.5' | fill=00000000 | rows=[15] | cols=[8] | col_header=False | row_header=False | metadata=False
Cell J16 | value='2.5' | fill=00000000 | rows=[15] | cols=[9] | col_header=False | row_header=False | metadata=False
Cell A17 | value='Middle Atlantic' | fill=FF00B050 | rows=[16] | cols=[0] | col_header=False | row_header=True | metadata=False
Cell B17 | value='160.7' | fill=00000000 | rows=[16] | cols=[1] | col_header=False | row_header=False | metadata=False
Cell C17 | value='165.2' | fill=00000000 | rows=[16] | cols=[2] | col_header=False | row_header=False | metadata=False
Cell D17 | value='966.6' | fill=00000000 | rows=[16] | cols=[3] | col_header=False | row_header=False | metadata=False
Cell E17 | value='0.9' | fill=00000000 | rows=[16] | cols=[4] | col_header=False | row_header=False | metadata=False
Cell F17 | value='0.9' | fill=00000000 | rows=[16] | cols=[5] | col_header=False | row_header=False | metadata=False
Cell G17 | value='0.8' | fill=00000000 | rows=[16] | cols=[6] | col_header=False | row_header=False | metadata=False
Cell H17 | value='4.5' | fill=00000000 | rows=[16] | cols=[7] | col_header=False | row_header=False | metadata=False
Cell I17 | value='3.8' | fill=00000000 | rows=[16] | cols=[8] | col_header=False | row_header=False | metadata=False
Cell J17 | value='3.7' | fill=00000000 | rows=[16] | cols=[9] | col_header=False | row_header=False | metadata=False
Cell A18 | value='South' | fill=FF00B050 | rows=[17] | cols=[0] | col_header=False | row_header=True | metadata=False
Cell B18 | value='162.1' | fill=00000000 | rows=[17] | cols=[1] | col_header=False | row_header=False | metadata=False
Cell C18 | value='166.5' | fill=00000000 | rows=[17] | cols=[2] | col_header=False | row_header=False | metadata=False
Cell D18 | value='167.6' | fill=00000000 | rows=[17] | cols=[3] | col_header=False | row_header=False | metadata=False
Cell E18 | value='1.2' | fill=00000000 | rows=[17] | cols=[4] | col_header=False | row_header=False | metadata=False
Cell F18 | value='0.8' | fill=00000000 | rows=[17] | cols=[5] | col_header=False | row_header=False | metadata=False
Cell G18 | value='0.7' | fill=00000000 | rows=[17] | cols=[6] | col_header=False | row_header=False | metadata=False
Cell H18 | value='4.8' | fill=00000000 | rows=[17] | cols=[7] | col_header=False | row_header=False | metadata=False
Cell I18 | value='3.9' | fill=00000000 | rows=[17] | cols=[8] | col_header=False | row_header=False | metadata=False
Cell J18 | value='3.4' | fill=00000000 | rows=[17] | cols=[9] | col_header=False | row_header=False | metadata=False
Cell A19 | value='South Atlantic' | fill=FF00B050 | rows=[18] | cols=[0] | col_header=False | row_header=True | metadata=False
Cell B19 | value='166' | fill=00000000 | rows=[18] | cols=[1] | col_header=False | row_header=False | metadata=False
Cell C19 | value='170.6' | fill=00000000 | rows=[18] | cols=[2] | col_header=False | row_header=False | metadata=False
Cell D19 | value='171.7' | fill=00000000 | rows=[18] | cols=[3] | col_header=False | row_header=False | metadata=False
Cell E19 | value='1.4' | fill=00000000 | rows=[18] | cols=[4] | col_header=False | row_header=False | metadata=False
Cell F19 | value='0.8' | fill=00000000 | rows=[18] | cols=[5] | col_header=False | row_header=False | metadata=False
Cell G19 | value='0.6' | fill=00000000 | rows=[18] | cols=[6] | col_header=False | row_header=False | metadata=False
Cell H19 | value='5.3' | fill=00000000 | rows=[18] | cols=[7] | col_header=False | row_header=False | metadata=False
Cell I19 | value='4.2' | fill=00000000 | rows=[18] | cols=[8] | col_header=False | row_header=False | metadata=False
Cell J19 | value='3.4' | fill=00000000 | rows=[18] | cols=[9] | col_header=False | row_header=False | metadata=False
Cell A20 | value='East South Central' | fill=FF00B050 | rows=[19] | cols=[0] | col_header=False | row_header=True | metadata=False
Cell B20 | value='160.1' | fill=00000000 | rows=[19] | cols=[1] | col_header=False | row_header=False | metadata=False
Cell C20 | value='164.3' | fill=00000000 | rows=[19] | cols=[2] | col_header=False | row_header=False | metadata=False
Cell D20 | value='165.3' | fill=00000000 | rows=[19] | cols=[3] | col_header=False | row_header=False | metadata=False
Cell E20 | value='0.9' | fill=00000000 | rows=[19] | cols=[4] | col_header=False | row_header=False | metadata=False
Cell F20 | value='1.3' | fill=00000000 | rows=[19] | cols=[5] | col_header=False | row_header=False | metadata=False
Cell G20 | value='0.6' | fill=00000000 | rows=[19] | cols=[6] | col_header=False | row_header=False | metadata=False
Cell H20 | value='4.9' | fill=00000000 | rows=[19] | cols=[7] | col_header=False | row_header=False | metadata=False
Cell I20 | value='3.6' | fill=00000000 | rows=[19] | cols=[8] | col_header=False | row_header=False | metadata=False
Cell J20 | value='3.2' | fill=00000000 | rows=[19] | cols=[9] | col_header=False | row_header=False | metadata=False
Cell A21 | value='West South Central' | fill=FF00B050 | rows=[20] | cols=[0] | col_header=False | row_header=True | metadata=False
Cell B21 | value='156.5' | fill=00000000 | rows=[20] | cols=[1] | col_header=False | row_header=False | metadata=False
Cell C21 | value='160.7' | fill=00000000 | rows=[20] | cols=[2] | col_header=False | row_header=False | metadata=False
Cell D21 | value='161.7' | fill=00000000 | rows=[20] | cols=[3] | col_header=False | row_header=False | metadata=False
Cell E21 | value='1' | fill=00000000 | rows=[20] | cols=[4] | col_header=False | row_header=False | metadata=False
Cell F21 | value='0.6' | fill=00000000 | rows=[20] | cols=[5] | col_header=False | row_header=False | metadata=False
Cell G21 | value='0.6' | fill=00000000 | rows=[20] | cols=[6] | col_header=False | row_header=False | metadata=False
Cell H21 | value='3.8' | fill=00000000 | rows=[20] | cols=[7] | col_header=False | row_header=False | metadata=False
Cell I21 | value='3.7' | fill=00000000 | rows=[20] | cols=[8] | col_header=False | row_header=False | metadata=False
Cell J21 | value='3.3' | fill=00000000 | rows=[20] | cols=[9] | col_header=False | row_header=False | metadata=False
Cell A22 | value='Midwest' | fill=FF00B050 | rows=[21] | cols=[0] | col_header=False | row_header=True | metadata=False
Cell B22 | value='158.9' | fill=00000000 | rows=[21] | cols=[1] | col_header=False | row_header=False | metadata=False
Cell C22 | value='163.5' | fill=00000000 | rows=[21] | cols=[2] | col_header=False | row_header=False | metadata=False
Cell D22 | value='164.8' | fill=00000000 | rows=[21] | cols=[3] | col_header=False | row_header=False | metadata=False
Cell E22 | value='0.8' | fill=00000000 | rows=[21] | cols=[4] | col_header=False | row_header=False | metadata=False
Cell F22 | value='0.7' | fill=00000000 | rows=[21] | cols=[5] | col_header=False | row_header=False | metadata=False
Cell G22 | value='0.8' | fill=00000000 | rows=[21] | cols=[6] | col_header=False | row_header=False | metadata=False
Cell H22 | value='3.9' | fill=00000000 | rows=[21] | cols=[7] | col_header=False | row_header=False | metadata=False
Cell I22 | value='3.7' | fill=00000000 | rows=[21] | cols=[8] | col_header=False | row_header=False | metadata=False
Cell J22 | value='3.7' | fill=00000000 | rows=[21] | cols=[9] | col_header=False | row_header=False | metadata=False
Cell A23 | value='East North Central' | fill=FF00B050 | rows=[22] | cols=[0] | col_header=False | row_header=True | metadata=False
Cell B23 | value='157.6' | fill=00000000 | rows=[22] | cols=[1] | col_header=False | row_header=False | metadata=False
Cell C23 | value='162.1' | fill=00000000 | rows=[22] | cols=[2] | col_header=False | row_header=False | metadata=False
Cell D23 | value='163.3' | fill=00000000 | rows=[22] | cols=[3] | col_header=False | row_header=False | metadata=False
Cell E23 | value='1' | fill=00000000 | rows=[22] | cols=[4] | col_header=False | row_header=False | metadata=False
Cell F23 | value='0.8' | fill=00000000 | rows=[22] | cols=[5] | col_header=False | row_header=False | metadata=False
Cell G23 | value='0.7' | fill=00000000 | rows=[22] | cols=[6] | col_header=False | row_header=False | metadata=False
Cell H23 | value='4.3' | fill=00000000 | rows=[22] | cols=[7] | col_header=False | row_header=False | metadata=False
Cell I23 | value='3.8' | fill=00000000 | rows=[22] | cols=[8] | col_header=False | row_header=False | metadata=False
Cell J23 | value='3.6' | fill=00000000 | rows=[22] | cols=[9] | col_header=False | row_header=False | metadata=False
Cell A24 | value='West North Central' | fill=FF00B050 | rows=[23] | cols=[0] | col_header=False | row_header=True | metadata=False
Cell B24 | value='162' | fill=00000000 | rows=[23] | cols=[1] | col_header=False | row_header=False | metadata=False
Cell C24 | value='167' | fill=00000000 | rows=[23] | cols=[2] | col_header=False | row_header=False | metadata=False
Cell D24 | value='168.3' | fill=00000000 | rows=[23] | cols=[3] | col_header=False | row_header=False | metadata=False
Cell E24 | value='0.2' | fill=00000000 | rows=[23] | cols=[4] | col_header=False | row_header=False | metadata=False
Cell F24 | value='0.8' | fill=00000000 | rows=[23] | cols=[5] | col_header=False | row_header=False | metadata=False
Cell G24 | value='0.8' | fill=00000000 | rows=[23] | cols=[6] | col_header=False | row_header=False | metadata=False
Cell H24 | value='2.7' | fill=00000000 | rows=[23] | cols=[7] | col_header=False | row_header=False | metadata=False
Cell I24 | value='3.3' | fill=00000000 | rows=[23] | cols=[8] | col_header=False | row_header=False | metadata=False
Cell J24 | value='3.9' | fill=00000000 | rows=[23] | cols=[9] | col_header=False | row_header=False | metadata=False
Cell A25 | value='West' | fill=FF00B050 | rows=[24] | cols=[0] | col_header=False | row_header=True | metadata=False
Cell B25 | value='167.9' | fill=00000000 | rows=[24] | cols=[1] | col_header=False | row_header=False | metadata=False
Cell C25 | value='174.5' | fill=00000000 | rows=[24] | cols=[2] | col_header=False | row_header=False | metadata=False
Cell D25 | value='175.7' | fill=00000000 | rows=[24] | cols=[3] | col_header=False | row_header=False | metadata=False
Cell E25 | value='0.9' | fill=00000000 | rows=[24] | cols=[4] | col_header=False | row_header=False | metadata=False
Cell F25 | value='1.3' | fill=00000000 | rows=[24] | cols=[5] | col_header=False | row_header=False | metadata=False
Cell G25 | value='0.7' | fill=00000000 | rows=[24] | cols=[6] | col_header=False | row_header=False | metadata=False
Cell H25 | value='4.7' | fill=00000000 | rows=[24] | cols=[7] | col_header=False | row_header=False | metadata=False
Cell I25 | value='4.9' | fill=00000000 | rows=[24] | cols=[8] | col_header=False | row_header=False | metadata=False
Cell J25 | value='4.6' | fill=00000000 | rows=[24] | cols=[9] | col_header=False | row_header=False | metadata=False
Cell A26 | value='Mountain' | fill=FF00B050 | rows=[25] | cols=[0] | col_header=False | row_header=True | metadata=False
Cell B26 | value='166.3' | fill=00000000 | rows=[25] | cols=[1] | col_header=False | row_header=False | metadata=False
Cell C26 | value='172.4' | fill=00000000 | rows=[25] | cols=[2] | col_header=False | row_header=False | metadata=False
Cell D26 | value='173.9' | fill=00000000 | rows=[25] | cols=[3] | col_header=False | row_header=False | metadata=False
Cell E26 | value='1.2' | fill=00000000 | rows=[25] | cols=[4] | col_header=False | row_header=False | metadata=False
Cell F26 | value='1.2' | fill=00000000 | rows=[25] | cols=[5] | col_header=False | row_header=False | metadata=False
Cell G26 | value='0.9' | fill=00000000 | rows=[25] | cols=[6] | col_header=False | row_header=False | metadata=False
Cell H26 | value='5.1' | fill=00000000 | rows=[25] | cols=[7] | col_header=False | row_header=False | metadata=False
Cell I26 | value='4.9' | fill=00000000 | rows=[25] | cols=[8] | col_header=False | row_header=False | metadata=False
Cell J26 | value='4.6' | fill=00000000 | rows=[25] | cols=[9] | col_header=False | row_header=False | metadata=False
Cell A27 | value='Pacific' | fill=FF00B050 | rows=[26] | cols=[0] | col_header=False | row_header=True | metadata=False
Cell B27 | value='168.8' | fill=00000000 | rows=[26] | cols=[1] | col_header=False | row_header=False | metadata=False
Cell C27 | value='175.6' | fill=00000000 | rows=[26] | cols=[2] | col_header=False | row_header=False | metadata=False
Cell D27 | value='176.7' | fill=00000000 | rows=[26] | cols=[3] | col_header=False | row_header=False | metadata=False
Cell E27 | value='0.8' | fill=00000000 | rows=[26] | cols=[4] | col_header=False | row_header=False | metadata=False
Cell F27 | value='1.4' | fill=00000000 | rows=[26] | cols=[5] | col_header=False | row_header=False | metadata=False
Cell G27 | value='0.6' | fill=00000000 | rows=[26] | cols=[6] | col_header=False | row_header=False | metadata=False
Cell H27 | value='4.5' | fill=00000000 | rows=[26] | cols=[7] | col_header=False | row_header=False | metadata=False
Cell I27 | value='4.8' | fill=00000000 | rows=[26] | cols=[8] | col_header=False | row_header=False | metadata=False
Cell J27 | value='4.7' | fill=00000000 | rows=[26] | cols=[9] | col_header=False | row_header=False | metadata=False

=== welfare-table02.xlsx ===
Cell A1 | value='Bargaining status and Census region and division' | fill=FFFFFF00 | rows=[0, 1, 2] | cols=[0] | col_header=True | row_header=True | metadata=False
Cell B1 | value='Indexes (Dec.2005=100)' | fill=FFFFFF00 | rows=[0] | cols=[1, 2, 3] | col_header=True | row_header=False | metadata=False
Cell E1 | value='Percent changes for' | fill=FFFFFF00 | rows=[0] | cols=[4, 5, 6, 7, 8, 9] | col_header=True | row_header=False | metadata=False
Cell B2 | value='Sep.
2023' | fill=FFFFFF00 | rows=[1, 2] | cols=[1] | col_header=True | row_header=False | metadata=False
Cell C2 | value='Jun.
2024' | fill=FFFFFF00 | rows=[1, 2] | cols=[2] | col_header=True | row_header=False | metadata=False
Cell D2 | value='Sep.
2024' | fill=FFFFFF00 | rows=[1, 2] | cols=[3] | col_header=True | row_header=False | metadata=False
Cell E2 | value='3-months ended-' | fill=FFFFFF00 | rows=[1] | cols=[4, 5, 6] | col_header=True | row_header=False | metadata=False
Cell H2 | value='12-months ended-' | fill=FFFFFF00 | rows=[1] | cols=[7, 8, 9] | col_header=True | row_header=False | metadata=False
Cell E3 | value='Sep.
2023' | fill=FFFFFF00 | rows=[2] | cols=[4] | col_header=True | row_header=False | metadata=False
Cell F3 | value='Jun.
2024' | fill=FFFFFF00 | rows=[2] | cols=[5] | col_header=True | row_header=False | metadata=False
Cell G3 | value='Sep.
2024' | fill=FFFFFF00 | rows=[2] | cols=[6] | col_header=True | row_header=False | metadata=False
Cell H3 | value='Sep.
2023' | fill=FFFFFF00 | rows=[2] | cols=[7] | col_header=True | row_header=False | metadata=False
Cell I3 | value='Jun.
2024' | fill=FFFFFF00 | rows=[2] | cols=[8] | col_header=True | row_header=False | metadata=False
Cell J3 | value='Sep.
2024' | fill=FFFFFF00 | rows=[2] | cols=[9] | col_header=True | row_header=False | metadata=False
Cell A5 | value='Bargaining status' | fill=FFFFFF00 | rows=[4] | cols=[0] | col_header=True | row_header=False | metadata=False
Cell A6 | value='Union' | fill=FF00B050 | rows=[5] | cols=[0] | col_header=False | row_header=True | metadata=False
Cell B6 | value='159.3' | fill=00000000 | rows=[5] | cols=[1] | col_header=False | row_header=False | metadata=False
Cell C6 | value='168.1' | fill=00000000 | rows=[5] | cols=[2] | col_header=False | row_header=False | metadata=False
Cell D6 | value='169.5' | fill=00000000 | rows=[5] | cols=[3] | col_header=False | row_header=False | metadata=False
Cell E6 | value='1' | fill=00000000 | rows=[5] | cols=[4] | col_header=False | row_header=False | metadata=False
Cell F6 | value='1.3' | fill=00000000 | rows=[5] | cols=[5] | col_header=False | row_header=False | metadata=False
Cell G6 | value='0.8' | fill=00000000 | rows=[5] | cols=[6] | col_header=False | row_header=False | metadata=False
Cell H6 | value='4.5' | fill=00000000 | rows=[5] | cols=[7] | col_header=False | row_header=False | metadata=False
Cell I6 | value='6.5' | fill=00000000 | rows=[5] | cols=[8] | col_header=False | row_header=False | metadata=False
Cell J6 | value='6.4' | fill=00000000 | rows=[5] | cols=[9] | col_header=False | row_header=False | metadata=False
Cell A7 | value='Goods-producing industries(1)' | fill=FF00B050 | rows=[6] | cols=[0] | col_header=False | row_header=True | metadata=False
Cell B7 | value='150.9' | fill=00000000 | rows=[6] | cols=[1] | col_header=False | row_header=False | metadata=False
Cell C7 | value='157.1' | fill=00000000 | rows=[6] | cols=[2] | col_header=False | row_header=False | metadata=False
Cell D7 | value='158.6' | fill=00000000 | rows=[6] | cols=[3] | col_header=False | row_header=False | metadata=False
Cell E7 | value='0.7' | fill=00000000 | rows=[6] | cols=[4] | col_header=False | row_header=False | metadata=False
Cell F7 | value='1.2' | fill=00000000 | rows=[6] | cols=[5] | col_header=False | row_header=False | metadata=False
Cell G7 | value='1' | fill=00000000 | rows=[6] | cols=[6] | col_header=False | row_header=False | metadata=False
Cell H7 | value='3.4' | fill=00000000 | rows=[6] | cols=[7] | col_header=False | row_header=False | metadata=False
Cell I7 | value='4.8' | fill=00000000 | rows=[6] | cols=[8] | col_header=False | row_header=False | metadata=False
Cell J7 | value='5.1' | fill=00000000 | rows=[6] | cols=[9] | col_header=False | row_header=False | metadata=False
Cell A8 | value='Manufacturing' | fill=FF00B050 | rows=[7] | cols=[0] | col_header=False | row_header=True | metadata=False
Cell B8 | value='149' | fill=00000000 | rows=[7] | cols=[1] | col_header=False | row_header=False | metadata=False
Cell C8 | value='156.2' | fill=00000000 | rows=[7] | cols=[2] | col_header=False | row_header=False | metadata=False
Cell D8 | value='157.4' | fill=00000000 | rows=[7] | cols=[3] | col_header=False | row_header=False | metadata=False
Cell E8 | value='0.4' | fill=00000000 | rows=[7] | cols=[4] | col_header=False | row_header=False | metadata=False
Cell F8 | value='0.8' | fill=00000000 | rows=[7] | cols=[5] | col_header=False | row_header=False | metadata=False
Cell G8 | value='0.8' | fill=00000000 | rows=[7] | cols=[6] | col_header=False | row_header=False | metadata=False
Cell H8 | value='3.2' | fill=00000000 | rows=[7] | cols=[7] | col_header=False | row_header=False | metadata=False
Cell I8 | value='5.3' | fill=00000000 | rows=[7] | cols=[8] | col_header=False | row_header=False | metadata=False
Cell J8 | value='5.6' | fill=00000000 | rows=[7] | cols=[9] | col_header=False | row_header=False | metadata=False
Cell A9 | value='Service-providing industries(2)' | fill=FF00B050 | rows=[8] | cols=[0] | col_header=False | row_header=True | metadata=False
Cell B9 | value='164.5' | fill=00000000 | rows=[8] | cols=[1] | col_header=False | row_header=False | metadata=False
Cell C9 | value='174.8' | fill=00000000 | rows=[8] | cols=[2] | col_header=False | row_header=False | metadata=False
Cell D9 | value='176.1' | fill=00000000 | rows=[8] | cols=[3] | col_header=False | row_header=False | metadata=False
Cell E9 | value='1.1' | fill=00000000 | rows=[8] | cols=[4] | col_header=False | row_header=False | metadata=False
Cell F9 | value='1.3' | fill=00000000 | rows=[8] | cols=[5] | col_header=False | row_header=False | metadata=False
Cell G9 | value='0.7' | fill=00000000 | rows=[8] | cols=[6] | col_header=False | row_header=False | metadata=False
Cell H9 | value='5' | fill=00000000 | rows=[8] | cols=[7] | col_header=False | row_header=False | metadata=False
Cell I9 | value='7.4' | fill=00000000 | rows=[8] | cols=[8] | col_header=False | row_header=False | metadata=False
Cell J9 | value='7.1' | fill=00000000 | rows=[8] | cols=[9] | col_header=False | row_header=False | metadata=False
Cell A10 | value='Nonunion' | fill=FF00B050 | rows=[9] | cols=[0] | col_header=False | row_header=True | metadata=False
Cell B10 | value='163.3' | fill=00000000 | rows=[9] | cols=[1] | col_header=False | row_header=False | metadata=False
Cell C10 | value='167.9' | fill=00000000 | rows=[9] | cols=[2] | col_header=False | row_header=False | metadata=False
Cell D10 | value='169.1' | fill=00000000 | rows=[9] | cols=[3] | col_header=False | row_header=False | metadata=False
Cell E10 | value='1' | fill=00000000 | rows=[9] | cols=[4] | col_header=False | row_header=False | metadata=False
Cell F10 | value='0.9' | fill=00000000 | rows=[9] | cols=[5] | col_header=False | row_header=False | metadata=False
Cell G10 | value='0.7' | fill=00000000 | rows=[9] | cols=[6] | col_header=False | row_header=False | metadata=False
Cell H10 | value='4.5' | fill=00000000 | rows=[9] | cols=[7] | col_header=False | row_header=False | metadata=False
Cell I10 | value='3.8' | fill=00000000 | rows=[9] | cols=[8] | col_header=False | row_header=False | metadata=False
Cell J10 | value='3.6' | fill=00000000 | rows=[9] | cols=[9] | col_header=False | row_header=False | metadata=False
Cell A11 | value='Goods-producing industries(1)' | fill=FF00B050 | rows=[10] | cols=[0] | col_header=False | row_header=True | metadata=False
Cell B11 | value='160.3' | fill=00000000 | rows=[10] | cols=[1] | col_header=False | row_header=False | metadata=False
Cell C11 | value='164.6' | fill=00000000 | rows=[10] | cols=[2] | col_header=False | row_header=False | metadata=False
Cell D11 | value='165.8' | fill=00000000 | rows=[10] | cols=[3] | col_header=False | row_header=False | metadata=False
Cell E11 | value='0.6' | fill=00000000 | rows=[10] | cols=[4] | col_header=False | row_header=False | metadata=False
Cell F11 | value='0.4' | fill=00000000 | rows=[10] | cols=[5] | col_header=False | row_header=False | metadata=False
Cell G11 | value='0.7' | fill=00000000 | rows=[10] | cols=[6] | col_header=False | row_header=False | metadata=False
Cell H11 | value='4.2' | fill=00000000 | rows=[10] | cols=[7] | col_header=False | row_header=False | metadata=False
Cell I11 | value='3.3' | fill=00000000 | rows=[10] | cols=[8] | col_header=False | row_header=False | metadata=False
Cell J11 | value='3.4' | fill=00000000 | rows=[10] | cols=[9] | col_header=False | row_header=False | metadata=False
Cell A12 | value='Manufacturing' | fill=FF00B050 | rows=[11] | cols=[0] | col_header=False | row_header=True | metadata=False
Cell B12 | value='160.3' | fill=00000000 | rows=[11] | cols=[1] | col_header=False | row_header=False | metadata=False
Cell C12 | value='165.3' | fill=00000000 | rows=[11] | cols=[2] | col_header=False | row_header=False | metadata=False
Cell D12 | value='166.4' | fill=00000000 | rows=[11] | cols=[3] | col_header=False | row_header=False | metadata=False
Cell E12 | value='0.6' | fill=00000000 | rows=[11] | cols=[4] | col_header=False | row_header=False | metadata=False
Cell F12 | value='0.9' | fill=00000000 | rows=[11] | cols=[5] | col_header=False | row_header=False | metadata=False
Cell G12 | value='0.7' | fill=00000000 | rows=[11] | cols=[6] | col_header=False | row_header=False | metadata=False
Cell H12 | value='4' | fill=00000000 | rows=[11] | cols=[7] | col_header=False | row_header=False | metadata=False
Cell I12 | value='3.7' | fill=00000000 | rows=[11] | cols=[8] | col_header=False | row_header=False | metadata=False
Cell J12 | value='3.8' | fill=00000000 | rows=[11] | cols=[9] | col_header=False | row_header=False | metadata=False
Cell A13 | value='Service-providing industries(2)' | fill=FF00B050 | rows=[12] | cols=[0] | col_header=False | row_header=True | metadata=False
Cell B13 | value='164' | fill=00000000 | rows=[12] | cols=[1] | col_header=False | row_header=False | metadata=False
Cell C13 | value='168.6' | fill=00000000 | rows=[12] | cols=[2] | col_header=False | row_header=False | metadata=False
Cell D13 | value='169.8' | fill=00000000 | rows=[12] | cols=[3] | col_header=False | row_header=False | metadata=False
Cell E13 | value='1.1' | fill=00000000 | rows=[12] | cols=[4] | col_header=False | row_header=False | metadata=False
Cell F13 | value='1' | fill=00000000 | rows=[12] | cols=[5] | col_header=False | row_header=False | metadata=False
Cell G13 | value='0.7' | fill=00000000 | rows=[12] | cols=[6] | col_header=False | row_header=False | metadata=False
Cell H13 | value='4.5' | fill=00000000 | rows=[12] | cols=[7] | col_header=False | row_header=False | metadata=False
Cell I13 | value='3.9' | fill=00000000 | rows=[12] | cols=[8] | col_header=False | row_header=False | metadata=False
Cell J13 | value='3.5' | fill=00000000 | rows=[12] | cols=[9] | col_header=False | row_header=False | metadata=False
Cell A14 | value='Census region and division(3)' | fill=FFFFFF00 | rows=[13] | cols=[0] | col_header=True | row_header=False | metadata=False
Cell A15 | value='Northeast' | fill=FF00B050 | rows=[14] | cols=[0] | col_header=False | row_header=True | metadata=False
Cell B15 | value='163.3' | fill=00000000 | rows=[14] | cols=[1] | col_header=False | row_header=False | metadata=False
Cell C15 | value='167.6' | fill=00000000 | rows=[14] | cols=[2] | col_header=False | row_header=False | metadata=False
Cell D15 | value='168.8' | fill=00000000 | rows=[14] | cols=[3] | col_header=False | row_header=False | metadata=False
Cell E15 | value='1.1' | fill=00000000 | rows=[14] | cols=[4] | col_header=False | row_header=False | metadata=False
Cell F15 | value='0.9' | fill=00000000 | rows=[14] | cols=[5] | col_header=False | row_header=False | metadata=False
Cell G15 | value='0.7' | fill=00000000 | rows=[14] | cols=[6] | col_header=False | row_header=False | metadata=False
Cell H15 | value='4.4' | fill=00000000 | rows=[14] | cols=[7] | col_header=False | row_header=False | metadata=False
Cell I15 | value='3.7' | fill=00000000 | rows=[14] | cols=[8] | col_header=False | row_header=False | metadata=False
Cell J15 | value='3.4' | fill=00000000 | rows=[14] | cols=[9] | col_header=False | row_header=False | metadata=False
Cell A16 | value='New England' | fill=FF00B050 | rows=[15] | cols=[0] | col_header=False | row_header=True | metadata=False
Cell B16 | value='170.1' | fill=00000000 | rows=[15] | cols=[1] | col_header=False | row_header=False | metadata=False
Cell C16 | value='173.9' | fill=00000000 | rows=[15] | cols=[2] | col_header=False | row_header=False | metadata=False
Cell D16 | value='174.4' | fill=00000000 | rows=[15] | cols=[3] | col_header=False | row_header=False | metadata=False
Cell E16 | value='1.2' | fill=00000000 | rows=[15] | cols=[4] | col_header=False | row_header=False | metadata=False
Cell F16 | value='0.9' | fill=00000000 | rows=[15] | cols=[5] | col_header=False | row_header=False | metadata=False
Cell G16 | value='0.3' | fill=00000000 | rows=[15] | cols=[6] | col_header=False | row_header=False | metadata=False
Cell H16 | value='4' | fill=00000000 | rows=[15] | cols=[7] | col_header=False | row_header=False | metadata=False
Cell I16 | value='3.5' | fill=00000000 | rows=[15] | cols=[8] | col_header=False | row_header=False | metadata=False
Cell J16 | value='2.5' | fill=00000000 | rows=[15] | cols=[9] | col_header=False | row_header=False | metadata=False
Cell A17 | value='Middle Atlantic' | fill=FF00B050 | rows=[16] | cols=[0] | col_header=False | row_header=True | metadata=False
Cell B17 | value='160.7' | fill=00000000 | rows=[16] | cols=[1] | col_header=False | row_header=False | metadata=False
Cell C17 | value='165.2' | fill=00000000 | rows=[16] | cols=[2] | col_header=False | row_header=False | metadata=False
Cell D17 | value='966.6' | fill=00000000 | rows=[16] | cols=[3] | col_header=False | row_header=False | metadata=False
Cell E17 | value='0.9' | fill=00000000 | rows=[16] | cols=[4] | col_header=False | row_header=False | metadata=False
Cell F17 | value='0.9' | fill=00000000 | rows=[16] | cols=[5] | col_header=False | row_header=False | metadata=False
Cell G17 | value='0.8' | fill=00000000 | rows=[16] | cols=[6] | col_header=False | row_header=False | metadata=False
Cell H17 | value='4.5' | fill=00000000 | rows=[16] | cols=[7] | col_header=False | row_header=False | metadata=False
Cell I17 | value='3.8' | fill=00000000 | rows=[16] | cols=[8] | col_header=False | row_header=False | metadata=False
Cell J17 | value='3.7' | fill=00000000 | rows=[16] | cols=[9] | col_header=False | row_header=False | metadata=False
Cell A18 | value='South' | fill=FF00B050 | rows=[17] | cols=[0] | col_header=False | row_header=True | metadata=False
Cell B18 | value='162.1' | fill=00000000 | rows=[17] | cols=[1] | col_header=False | row_header=False | metadata=False
Cell C18 | value='166.5' | fill=00000000 | rows=[17] | cols=[2] | col_header=False | row_header=False | metadata=False
Cell D18 | value='167.6' | fill=00000000 | rows=[17] | cols=[3] | col_header=False | row_header=False | metadata=False
Cell E18 | value='1.2' | fill=00000000 | rows=[17] | cols=[4] | col_header=False | row_header=False | metadata=False
Cell F18 | value='0.8' | fill=00000000 | rows=[17] | cols=[5] | col_header=False | row_header=False | metadata=False
Cell G18 | value='0.7' | fill=00000000 | rows=[17] | cols=[6] | col_header=False | row_header=False | metadata=False
Cell H18 | value='4.8' | fill=00000000 | rows=[17] | cols=[7] | col_header=False | row_header=False | metadata=False
Cell I18 | value='3.9' | fill=00000000 | rows=[17] | cols=[8] | col_header=False | row_header=False | metadata=False
Cell J18 | value='3.4' | fill=00000000 | rows=[17] | cols=[9] | col_header=False | row_header=False | metadata=False
Cell A19 | value='South Atlantic' | fill=FF00B050 | rows=[18] | cols=[0] | col_header=False | row_header=True | metadata=False
Cell B19 | value='166' | fill=00000000 | rows=[18] | cols=[1] | col_header=False | row_header=False | metadata=False
Cell C19 | value='170.6' | fill=00000000 | rows=[18] | cols=[2] | col_header=False | row_header=False | metadata=False
Cell D19 | value='171.7' | fill=00000000 | rows=[18] | cols=[3] | col_header=False | row_header=False | metadata=False
Cell E19 | value='1.4' | fill=00000000 | rows=[18] | cols=[4] | col_header=False | row_header=False | metadata=False
Cell F19 | value='0.8' | fill=00000000 | rows=[18] | cols=[5] | col_header=False | row_header=False | metadata=False
Cell G19 | value='0.6' | fill=00000000 | rows=[18] | cols=[6] | col_header=False | row_header=False | metadata=False
Cell H19 | value='5.3' | fill=00000000 | rows=[18] | cols=[7] | col_header=False | row_header=False | metadata=False
Cell I19 | value='4.2' | fill=00000000 | rows=[18] | cols=[8] | col_header=False | row_header=False | metadata=False
Cell J19 | value='3.4' | fill=00000000 | rows=[18] | cols=[9] | col_header=False | row_header=False | metadata=False
Cell A20 | value='East South Central' | fill=FF00B050 | rows=[19] | cols=[0] | col_header=False | row_header=True | metadata=False
Cell B20 | value='160.1' | fill=00000000 | rows=[19] | cols=[1] | col_header=False | row_header=False | metadata=False
Cell C20 | value='164.3' | fill=00000000 | rows=[19] | cols=[2] | col_header=False | row_header=False | metadata=False
Cell D20 | value='165.3' | fill=00000000 | rows=[19] | cols=[3] | col_header=False | row_header=False | metadata=False
Cell E20 | value='0.9' | fill=00000000 | rows=[19] | cols=[4] | col_header=False | row_header=False | metadata=False
Cell F20 | value='1.3' | fill=00000000 | rows=[19] | cols=[5] | col_header=False | row_header=False | metadata=False
Cell G20 | value='0.6' | fill=00000000 | rows=[19] | cols=[6] | col_header=False | row_header=False | metadata=False
Cell H20 | value='4.9' | fill=00000000 | rows=[19] | cols=[7] | col_header=False | row_header=False | metadata=False
Cell I20 | value='3.6' | fill=00000000 | rows=[19] | cols=[8] | col_header=False | row_header=False | metadata=False
Cell J20 | value='3.2' | fill=00000000 | rows=[19] | cols=[9] | col_header=False | row_header=False | metadata=False
Cell A21 | value='West South Central' | fill=FF00B050 | rows=[20] | cols=[0] | col_header=False | row_header=True | metadata=False
Cell B21 | value='156.5' | fill=00000000 | rows=[20] | cols=[1] | col_header=False | row_header=False | metadata=False
Cell C21 | value='160.7' | fill=00000000 | rows=[20] | cols=[2] | col_header=False | row_header=False | metadata=False
Cell D21 | value='161.7' | fill=00000000 | rows=[20] | cols=[3] | col_header=False | row_header=False | metadata=False
Cell E21 | value='1' | fill=00000000 | rows=[20] | cols=[4] | col_header=False | row_header=False | metadata=False
Cell F21 | value='0.6' | fill=00000000 | rows=[20] | cols=[5] | col_header=False | row_header=False | metadata=False
Cell G21 | value='0.6' | fill=00000000 | rows=[20] | cols=[6] | col_header=False | row_header=False | metadata=False
Cell H21 | value='3.8' | fill=00000000 | rows=[20] | cols=[7] | col_header=False | row_header=False | metadata=False
Cell I21 | value='3.7' | fill=00000000 | rows=[20] | cols=[8] | col_header=False | row_header=False | metadata=False
Cell J21 | value='3.3' | fill=00000000 | rows=[20] | cols=[9] | col_header=False | row_header=False | metadata=False
Cell A22 | value='Midwest' | fill=FF00B050 | rows=[21] | cols=[0] | col_header=False | row_header=True | metadata=False
Cell B22 | value='158.9' | fill=00000000 | rows=[21] | cols=[1] | col_header=False | row_header=False | metadata=False
Cell C22 | value='163.5' | fill=00000000 | rows=[21] | cols=[2] | col_header=False | row_header=False | metadata=False
Cell D22 | value='164.8' | fill=00000000 | rows=[21] | cols=[3] | col_header=False | row_header=False | metadata=False
Cell E22 | value='0.8' | fill=00000000 | rows=[21] | cols=[4] | col_header=False | row_header=False | metadata=False
Cell F22 | value='0.7' | fill=00000000 | rows=[21] | cols=[5] | col_header=False | row_header=False | metadata=False
Cell G22 | value='0.8' | fill=00000000 | rows=[21] | cols=[6] | col_header=False | row_header=False | metadata=False
Cell H22 | value='3.9' | fill=00000000 | rows=[21] | cols=[7] | col_header=False | row_header=False | metadata=False
Cell I22 | value='3.7' | fill=00000000 | rows=[21] | cols=[8] | col_header=False | row_header=False | metadata=False
Cell J22 | value='3.7' | fill=00000000 | rows=[21] | cols=[9] | col_header=False | row_header=False | metadata=False
Cell A23 | value='East North Central' | fill=FF00B050 | rows=[22] | cols=[0] | col_header=False | row_header=True | metadata=False
Cell B23 | value='157.6' | fill=00000000 | rows=[22] | cols=[1] | col_header=False | row_header=False | metadata=False
Cell C23 | value='162.1' | fill=00000000 | rows=[22] | cols=[2] | col_header=False | row_header=False | metadata=False
Cell D23 | value='163.3' | fill=00000000 | rows=[22] | cols=[3] | col_header=False | row_header=False | metadata=False
Cell E23 | value='1' | fill=00000000 | rows=[22] | cols=[4] | col_header=False | row_header=False | metadata=False
Cell F23 | value='0.8' | fill=00000000 | rows=[22] | cols=[5] | col_header=False | row_header=False | metadata=False
Cell G23 | value='0.7' | fill=00000000 | rows=[22] | cols=[6] | col_header=False | row_header=False | metadata=False
Cell H23 | value='4.3' | fill=00000000 | rows=[22] | cols=[7] | col_header=False | row_header=False | metadata=False
Cell I23 | value='3.8' | fill=00000000 | rows=[22] | cols=[8] | col_header=False | row_header=False | metadata=False
Cell J23 | value='3.6' | fill=00000000 | rows=[22] | cols=[9] | col_header=False | row_header=False | metadata=False
Cell A24 | value='West North Central' | fill=FF00B050 | rows=[23] | cols=[0] | col_header=False | row_header=True | metadata=False
Cell B24 | value='162' | fill=00000000 | rows=[23] | cols=[1] | col_header=False | row_header=False | metadata=False
Cell C24 | value='167' | fill=00000000 | rows=[23] | cols=[2] | col_header=False | row_header=False | metadata=False
Cell D24 | value='168.3' | fill=00000000 | rows=[23] | cols=[3] | col_header=False | row_header=False | metadata=False
Cell E24 | value='0.2' | fill=00000000 | rows=[23] | cols=[4] | col_header=False | row_header=False | metadata=False
Cell F24 | value='0.8' | fill=00000000 | rows=[23] | cols=[5] | col_header=False | row_header=False | metadata=False
Cell G24 | value='0.8' | fill=00000000 | rows=[23] | cols=[6] | col_header=False | row_header=False | metadata=False
Cell H24 | value='2.7' | fill=00000000 | rows=[23] | cols=[7] | col_header=False | row_header=False | metadata=False
Cell I24 | value='3.3' | fill=00000000 | rows=[23] | cols=[8] | col_header=False | row_header=False | metadata=False
Cell J24 | value='3.9' | fill=00000000 | rows=[23] | cols=[9] | col_header=False | row_header=False | metadata=False
Cell A25 | value='West' | fill=FF00B050 | rows=[24] | cols=[0] | col_header=False | row_header=True | metadata=False
Cell B25 | value='167.9' | fill=00000000 | rows=[24] | cols=[1] | col_header=False | row_header=False | metadata=False
Cell C25 | value='174.5' | fill=00000000 | rows=[24] | cols=[2] | col_header=False | row_header=False | metadata=False
Cell D25 | value='175.7' | fill=00000000 | rows=[24] | cols=[3] | col_header=False | row_header=False | metadata=False
Cell E25 | value='0.9' | fill=00000000 | rows=[24] | cols=[4] | col_header=False | row_header=False | metadata=False
Cell F25 | value='1.3' | fill=00000000 | rows=[24] | cols=[5] | col_header=False | row_header=False | metadata=False
Cell G25 | value='0.7' | fill=00000000 | rows=[24] | cols=[6] | col_header=False | row_header=False | metadata=False
Cell H25 | value='4.7' | fill=00000000 | rows=[24] | cols=[7] | col_header=False | row_header=False | metadata=False
Cell I25 | value='4.9' | fill=00000000 | rows=[24] | cols=[8] | col_header=False | row_header=False | metadata=False
Cell J25 | value='4.6' | fill=00000000 | rows=[24] | cols=[9] | col_header=False | row_header=False | metadata=False
Cell A26 | value='Mountain' | fill=FF00B050 | rows=[25] | cols=[0] | col_header=False | row_header=True | metadata=False
Cell B26 | value='166.3' | fill=00000000 | rows=[25] | cols=[1] | col_header=False | row_header=False | metadata=False
Cell C26 | value='172.4' | fill=00000000 | rows=[25] | cols=[2] | col_header=False | row_header=False | metadata=False
Cell D26 | value='173.9' | fill=00000000 | rows=[25] | cols=[3] | col_header=False | row_header=False | metadata=False
Cell E26 | value='1.2' | fill=00000000 | rows=[25] | cols=[4] | col_header=False | row_header=False | metadata=False
Cell F26 | value='1.2' | fill=00000000 | rows=[25] | cols=[5] | col_header=False | row_header=False | metadata=False
Cell G26 | value='0.9' | fill=00000000 | rows=[25] | cols=[6] | col_header=False | row_header=False | metadata=False
Cell H26 | value='5.1' | fill=00000000 | rows=[25] | cols=[7] | col_header=False | row_header=False | metadata=False
Cell I26 | value='4.9' | fill=00000000 | rows=[25] | cols=[8] | col_header=False | row_header=False | metadata=False
Cell J26 | value='4.6' | fill=00000000 | rows=[25] | cols=[9] | col_header=False | row_header=False | metadata=False
Cell A27 | value='Pacific' | fill=FF00B050 | rows=[26] | cols=[0] | col_header=False | row_header=True | metadata=False
Cell B27 | value='168.8' | fill=00000000 | rows=[26] | cols=[1] | col_header=False | row_header=False | metadata=False
Cell C27 | value='175.6' | fill=00000000 | rows=[26] | cols=[2] | col_header=False | row_header=False | metadata=False
Cell D27 | value='176.7' | fill=00000000 | rows=[26] | cols=[3] | col_header=False | row_header=False | metadata=False
Cell E27 | value='0.8' | fill=00000000 | rows=[26] | cols=[4] | col_header=False | row_header=False | metadata=False
Cell F27 | value='1.4' | fill=00000000 | rows=[26] | cols=[5] | col_header=False | row_header=False | metadata=False
Cell G27 | value='0.6' | fill=00000000 | rows=[26] | cols=[6] | col_header=False | row_header=False | metadata=False
Cell H27 | value='4.5' | fill=00000000 | rows=[26] | cols=[7] | col_header=False | row_header=False | metadata=False
Cell I27 | value='4.8' | fill=00000000 | rows=[26] | cols=[8] | col_header=False | row_header=False | metadata=False
Cell J27 | value='4.7' | fill=00000000 | rows=[26] | cols=[9] | col_header=False | row_header=False | metadata=False

