=== economy-table105.xlsx ===
Cell A1 | value='Table 4. Real Gross Output by Commodity' | fill=FF00B0F0 | rows=[0] | cols=[0, 1, 2, 3, 4, 5, 6, 7, 8, 9, 10, 11, 12, 13, 14, 15, 16, 17, 18, 19, 20, 21] | col_header=True | row_header=True | metadata=True
Cell B2 | value='Billions of chained (2012) dollars' | fill=FFFFFF00 | rows=[1] | cols=[1, 2, 3, 4, 5, 6, 7, 8, 9, 10, 11, 12, 13, 14, 15, 16, 17, 18, 19, 20, 21] | col_header=True | row_header=False | metadata=False
Cell B3 | value='1997' | fill=FFFFFF00 | rows=[2] | cols=[1] | col_header=True | row_header=False | metadata=False
Cell C3 | value='1998' | fill=FFFFFF00 | rows=[2] | cols=[2] | col_header=True | row_header=False | metadata=False
Cell D3 | value='1999' | fill=FFFFFF00 | rows=[2] | cols=[3] | col_header=True | row_header=False | metadata=False
Cell E3 | value='2000' | fill=FFFFFF00 | rows=[2] | cols=[4] | col_header=True | row_header=False | metadata=False
Cell F3 | value='2001' | fill=FFFFFF00 | rows=[2] | cols=[5] | col_header=True | row_header=False | metadata=False
Cell G3 | value='2002' | fill=FFFFFF00 | rows=[2] | cols=[6] | col_header=True | row_header=False | metadata=False
Cell H3 | value='2003' | fill=FFFFFF00 | rows=[2] | cols=[7] | col_header=True | row_header=False | metadata=False
Cell I3 | value='2004' | fill=FFFFFF00 | rows=[2] | cols=[8] | col_header=True | row_header=False | metadata=False
Cell J3 | value='2005' | fill=FFFFFF00 | rows=[2] | cols=[9] | col_header=True | row_header=False | metadata=False
Cell K3 | value='2006' | fill=FFFFFF00 | rows=[2] | cols=[10] | col_header=True | row_header=False | metadata=False
Cell L3 | value='2007' | fill=FFFFFF00 | rows=[2] | cols=[11] | col_header=True | row_header=False | metadata=False
Cell M3 | value='2008' | fill=FFFFFF00 | rows=[2] | cols=[12] | col_header=True | row_header=False | metadata=False
Cell N3 | value='2009' | fill=FFFFFF00 | rows=[2] | cols=[13] | col_header=True | row_header=False | metadata=False
Cell O3 | value='2010' | fill=FFFFFF00 | rows=[2] | cols=[14] | col_header=True | row_header=False | metadata=False
Cell P3 | value='2011' | fill=FFFFFF00 | rows=[2] | cols=[15] | col_header=True | row_header=False | metadata=False
Cell Q3 | value='2012' | fill=FFFFFF00 | rows=[2] | cols=[16] | col_header=True | row_header=False | metadata=False
Cell R3 | value='2013' | fill=FFFFFF00 | rows=[2] | cols=[17] | col_header=True | row_header=False | metadata=False
Cell S3 | value='2014' | fill=FFFFFF00 | rows=[2] | cols=[18] | col_header=True | row_header=False | metadata=False
Cell T3 | value='2015' | fill=FFFFFF00 | rows=[2] | cols=[19] | col_header=True | row_header=False | metadata=False
Cell U3 | value='2016' | fill=FFFFFF00 | rows=[2] | cols=[20] | col_header=True | row_header=False | metadata=False
Cell V3 | value='2017' | fill=FFFFFF00 | rows=[2] | cols=[21] | col_header=True | row_header=False | metadata=False
Cell A4 | value='Total Economy' | fill=00000000 | rows=[3] | cols=[0] | col_header=False | row_header=False | metadata=False
Cell B4 | value='21628.9' | fill=00000000 | rows=[3] | cols=[1] | col_header=False | row_header=False | metadata=False
Cell C4 | value='22792.6' | fill=00000000 | rows=[3] | cols=[2] | col_header=False | row_header=False | metadata=False
Cell D4 | value='23954.8' | fill=00000000 | rows=[3] | cols=[3] | col_header=False | row_header=False | metadata=False
Cell E4 | value='25025.4' | fill=00000000 | rows=[3] | cols=[4] | col_header=False | row_header=False | metadata=False
Cell F4 | value='25018.4' | fill=00000000 | rows=[3] | cols=[5] | col_header=False | row_header=False | metadata=False
Cell G4 | value='25181.8' | fill=00000000 | rows=[3] | cols=[6] | col_header=False | row_header=False | metadata=False
Cell H4 | value='25753.9' | fill=00000000 | rows=[3] | cols=[7] | col_header=False | row_header=False | metadata=False
Cell I4 | value='26690.2' | fill=00000000 | rows=[3] | cols=[8] | col_header=False | row_header=False | metadata=False
Cell J4 | value='27743' | fill=00000000 | rows=[3] | cols=[9] | col_header=False | row_header=False | metadata=False
Cell K4 | value='28362.3' | fill=00000000 | rows=[3] | cols=[10] | col_header=False | row_header=False | metadata=False
Cell L4 | value='28917.5' | fill=00000000 | rows=[3] | cols=[11] | col_header=False | row_header=False | metadata=False
Cell M4 | value='28533.6' | fill=00000000 | rows=[3] | cols=[12] | col_header=False | row_header=False | metadata=False
Cell N4 | value='26952' | fill=00000000 | rows=[3] | cols=[13] | col_header=False | row_header=False | metadata=False
Cell O4 | value='27832' | fill=00000000 | rows=[3] | cols=[14] | col_header=False | row_header=False | metadata=False
Cell P4 | value='28439.1' | fill=00000000 | rows=[3] | cols=[15] | col_header=False | row_header=False | metadata=False
Cell Q4 | value='29186.8' | fill=00000000 | rows=[3] | cols=[16] | col_header=False | row_header=False | metadata=False
Cell R4 | value='29797.7' | fill=00000000 | rows=[3] | cols=[17] | col_header=False | row_header=False | metadata=False
Cell S4 | value='30666.6' | fill=00000000 | rows=[3] | cols=[18] | col_header=False | row_header=False | metadata=False
Cell T4 | value='31368.6' | fill=00000000 | rows=[3] | cols=[19] | col_header=False | row_header=False | metadata=False
Cell U4 | value='31972.4' | fill=00000000 | rows=[3] | cols=[20] | col_header=False | row_header=False | metadata=False
Cell V4 | value='32792.6' | fill=00000000 | rows=[3] | cols=[21] | col_header=False | row_header=False | metadata=False
Cell A6 | value='Digital Economy' | fill=00000000 | rows=[5] | cols=[0] | col_header=False | row_header=False | metadata=False
Cell B6 | value='630.136784009804' | fill=00000000 | rows=[5] | cols=[1] | col_header=False | row_header=False | metadata=False
Cell C6 | value='740.827877864282' | fill=00000000 | rows=[5] | cols=[2] | col_header=False | row_header=False | metadata=False
Cell D6 | value='884.57724323768' | fill=00000000 | rows=[5] | cols=[3] | col_header=False | row_header=False | metadata=False
Cell E6 | value='1025.14598099265' | fill=00000000 | rows=[5] | cols=[4] | col_header=False | row_header=False | metadata=False
Cell F6 | value='1038.29138733099' | fill=00000000 | rows=[5] | cols=[5] | col_header=False | row_header=False | metadata=False
Cell G6 | value='1000.82372229837' | fill=00000000 | rows=[5] | cols=[6] | col_header=False | row_header=False | metadata=False
Cell H6 | value='1025.74635904852' | fill=00000000 | rows=[5] | cols=[7] | col_header=False | row_header=False | metadata=False
Cell I6 | value='1088.07281840803' | fill=00000000 | rows=[5] | cols=[8] | col_header=False | row_header=False | metadata=False
Cell J6 | value='1177.07297333488' | fill=00000000 | rows=[5] | cols=[9] | col_header=False | row_header=False | metadata=False
Cell K6 | value='1259.26072145883' | fill=00000000 | rows=[5] | cols=[10] | col_header=False | row_header=False | metadata=False
Cell L6 | value='1349.60042166125' | fill=00000000 | rows=[5] | cols=[11] | col_header=False | row_header=False | metadata=False
Cell M6 | value='1418.42735915173' | fill=00000000 | rows=[5] | cols=[12] | col_header=False | row_header=False | metadata=False
Cell N6 | value='1392.10332733678' | fill=00000000 | rows=[5] | cols=[13] | col_header=False | row_header=False | metadata=False
Cell O6 | value='1493.23628040204' | fill=00000000 | rows=[5] | cols=[14] | col_header=False | row_header=False | metadata=False
Cell P6 | value='1582.98308490191' | fill=00000000 | rows=[5] | cols=[15] | col_header=False | row_header=False | metadata=False
Cell Q6 | value='1658.39559919889' | fill=00000000 | rows=[5] | cols=[16] | col_header=False | row_header=False | metadata=False
Cell R6 | value='1716.69254528298' | fill=00000000 | rows=[5] | cols=[17] | col_header=False | row_header=False | metadata=False
Cell S6 | value='1808.62868888721' | fill=00000000 | rows=[5] | cols=[18] | col_header=False | row_header=False | metadata=False
Cell T6 | value='1898.42874448889' | fill=00000000 | rows=[5] | cols=[19] | col_header=False | row_header=False | metadata=False
Cell U6 | value='2024.16757903205' | fill=00000000 | rows=[5] | cols=[20] | col_header=False | row_header=False | metadata=False
Cell V6 | value='2154.23083959037' | fill=00000000 | rows=[5] | cols=[21] | col_header=False | row_header=False | metadata=False
Cell A7 | value='Digital-Enabling Infrastructure' | fill=00000000 | rows=[6] | cols=[0] | col_header=False | row_header=False | metadata=False
Cell B7 | value='582.489502846497' | fill=00000000 | rows=[6] | cols=[1] | col_header=False | row_header=False | metadata=False
Cell C7 | value='688.131212324715' | fill=00000000 | rows=[6] | cols=[2] | col_header=False | row_header=False | metadata=False
Cell D7 | value='824.208449252759' | fill=00000000 | rows=[6] | cols=[3] | col_header=False | row_header=False | metadata=False
Cell E7 | value='959.502574682851' | fill=00000000 | rows=[6] | cols=[4] | col_header=False | row_header=False | metadata=False
Cell F7 | value='974.005609624652' | fill=00000000 | rows=[6] | cols=[5] | col_header=False | row_header=False | metadata=False
Cell G7 | value='933.603133839833' | fill=00000000 | rows=[6] | cols=[6] | col_header=False | row_header=False | metadata=False
Cell H7 | value='951.158858983801' | fill=00000000 | rows=[6] | cols=[7] | col_header=False | row_header=False | metadata=False
Cell I7 | value='1004.97634121216' | fill=00000000 | rows=[6] | cols=[8] | col_header=False | row_header=False | metadata=False
Cell J7 | value='1080.54182066466' | fill=00000000 | rows=[6] | cols=[9] | col_header=False | row_header=False | metadata=False
Cell K7 | value='1149.60540594488' | fill=00000000 | rows=[6] | cols=[10] | col_header=False | row_header=False | metadata=False
Cell L7 | value='1223.64770365202' | fill=00000000 | rows=[6] | cols=[11] | col_header=False | row_header=False | metadata=False
Cell M7 | value='1285.35611351785' | fill=00000000 | rows=[6] | cols=[12] | col_header=False | row_header=False | metadata=False
Cell N7 | value='1253.03082411123' | fill=00000000 | rows=[6] | cols=[13] | col_header=False | row_header=False | metadata=False
Cell O7 | value='1335.57410581389' | fill=00000000 | rows=[6] | cols=[14] | col_header=False | row_header=False | metadata=False
Cell P7 | value='1403.18627476139' | fill=00000000 | rows=[6] | cols=[15] | col_header=False | row_header=False | metadata=False
Cell Q7 | value='1451.97152160642' | fill=00000000 | rows=[6] | cols=[16] | col_header=False | row_header=False | metadata=False
Cell R7 | value='1493.59726816868' | fill=00000000 | rows=[6] | cols=[17] | col_header=False | row_header=False | metadata=False
Cell S7 | value='1563.6454152116' | fill=00000000 | rows=[6] | cols=[18] | col_header=False | row_header=False | metadata=False
Cell T7 | value='1629.07721804524' | fill=00000000 | rows=[6] | cols=[19] | col_header=False | row_header=False | metadata=False
Cell U7 | value='1729.82510792995' | fill=00000000 | rows=[6] | cols=[20] | col_header=False | row_header=False | metadata=False
Cell V7 | value='1830.91876818615' | fill=00000000 | rows=[6] | cols=[21] | col_header=False | row_header=False | metadata=False
Cell A8 | value='Hardware' | fill=00000000 | rows=[7] | cols=[0] | col_header=False | row_header=False | metadata=False
Cell B8 | value='50.5185082874795' | fill=00000000 | rows=[7] | cols=[1] | col_header=False | row_header=False | metadata=False
Cell C8 | value='65.4486718525486' | fill=00000000 | rows=[7] | cols=[2] | col_header=False | row_header=False | metadata=False
Cell D8 | value='83.5548601883262' | fill=00000000 | rows=[7] | cols=[3] | col_header=False | row_header=False | metadata=False
Cell E8 | value='109.32226158346' | fill=00000000 | rows=[7] | cols=[4] | col_header=False | row_header=False | metadata=False
Cell F8 | value='106.196972350786' | fill=00000000 | rows=[7] | cols=[5] | col_header=False | row_header=False | metadata=False
Cell G8 | value='102.033589873861' | fill=00000000 | rows=[7] | cols=[6] | col_header=False | row_header=False | metadata=False
Cell H8 | value='109.819160049586' | fill=00000000 | rows=[7] | cols=[7] | col_header=False | row_header=False | metadata=False
Cell I8 | value='115.569928978071' | fill=00000000 | rows=[7] | cols=[8] | col_header=False | row_header=False | metadata=False
Cell J8 | value='128.905728882625' | fill=00000000 | rows=[7] | cols=[9] | col_header=False | row_header=False | metadata=False
Cell K8 | value='144.785409255776' | fill=00000000 | rows=[7] | cols=[10] | col_header=False | row_header=False | metadata=False
Cell L8 | value='161.416560495037' | fill=00000000 | rows=[7] | cols=[11] | col_header=False | row_header=False | metadata=False
Cell M8 | value='163.319448222477' | fill=00000000 | rows=[7] | cols=[12] | col_header=False | row_header=False | metadata=False
Cell N8 | value='136.903431288738' | fill=00000000 | rows=[7] | cols=[13] | col_header=False | row_header=False | metadata=False
Cell O8 | value='139.745911063676' | fill=00000000 | rows=[7] | cols=[14] | col_header=False | row_header=False | metadata=False
Cell P8 | value='140.44829524599' | fill=00000000 | rows=[7] | cols=[15] | col_header=False | row_header=False | metadata=False
Cell Q8 | value='128.961280163913' | fill=00000000 | rows=[7] | cols=[16] | col_header=False | row_header=False | metadata=False
Cell R8 | value='127.422038352747' | fill=00000000 | rows=[7] | cols=[17] | col_header=False | row_header=False | metadata=False
Cell S8 | value='127.067447529726' | fill=00000000 | rows=[7] | cols=[18] | col_header=False | row_header=False | metadata=False
Cell T8 | value='132.191019518747' | fill=00000000 | rows=[7] | cols=[19] | col_header=False | row_header=False | metadata=False
Cell U8 | value='127.508583203242' | fill=00000000 | rows=[7] | cols=[20] | col_header=False | row_header=False | metadata=False
Cell V8 | value='135.105936727163' | fill=00000000 | rows=[7] | cols=[21] | col_header=False | row_header=False | metadata=False
Cell A9 | value='Software' | fill=00000000 | rows=[8] | cols=[0] | col_header=False | row_header=False | metadata=False
Cell B9 | value='86.6935059851709' | fill=00000000 | rows=[8] | cols=[1] | col_header=False | row_header=False | metadata=False
Cell C9 | value='98.7998606950153' | fill=00000000 | rows=[8] | cols=[2] | col_header=False | row_header=False | metadata=False
Cell D9 | value='119.812791975431' | fill=00000000 | rows=[8] | cols=[3] | col_header=False | row_header=False | metadata=False
Cell E9 | value='125.620411084653' | fill=00000000 | rows=[8] | cols=[4] | col_header=False | row_header=False | metadata=False
Cell F9 | value='134.627152416864' | fill=00000000 | rows=[8] | cols=[5] | col_header=False | row_header=False | metadata=False
Cell G9 | value='134.359225302011' | fill=00000000 | rows=[8] | cols=[6] | col_header=False | row_header=False | metadata=False
Cell H9 | value='134.911409898133' | fill=00000000 | rows=[8] | cols=[7] | col_header=False | row_header=False | metadata=False
Cell I9 | value='157.722159145813' | fill=00000000 | rows=[8] | cols=[8] | col_header=False | row_header=False | metadata=False
Cell J9 | value='168.009925086357' | fill=00000000 | rows=[8] | cols=[9] | col_header=False | row_header=False | metadata=False
Cell K9 | value='175.173100482837' | fill=00000000 | rows=[8] | cols=[10] | col_header=False | row_header=False | metadata=False
Cell L9 | value='184.667908327115' | fill=00000000 | rows=[8] | cols=[11] | col_header=False | row_header=False | metadata=False
Cell M9 | value='190.232033905046' | fill=00000000 | rows=[8] | cols=[12] | col_header=False | row_header=False | metadata=False
Cell N9 | value='187.901292175088' | fill=00000000 | rows=[8] | cols=[13] | col_header=False | row_header=False | metadata=False
Cell O9 | value='195.140787389488' | fill=00000000 | rows=[8] | cols=[14] | col_header=False | row_header=False | metadata=False
Cell P9 | value='204.788330177226' | fill=00000000 | rows=[8] | cols=[15] | col_header=False | row_header=False | metadata=False
Cell Q9 | value='208.810773194655' | fill=00000000 | rows=[8] | cols=[16] | col_header=False | row_header=False | metadata=False
Cell R9 | value='221.179348030406' | fill=00000000 | rows=[8] | cols=[17] | col_header=False | row_header=False | metadata=False
Cell S9 | value='233.244537389344' | fill=00000000 | rows=[8] | cols=[18] | col_header=False | row_header=False | metadata=False
Cell T9 | value='241.899604776721' | fill=00000000 | rows=[8] | cols=[19] | col_header=False | row_header=False | metadata=False
Cell U9 | value='258.988266572556' | fill=00000000 | rows=[8] | cols=[20] | col_header=False | row_header=False | metadata=False
Cell V9 | value='276.562365040345' | fill=00000000 | rows=[8] | cols=[21] | col_header=False | row_header=False | metadata=False
Cell A10 | value='Telecommunications' | fill=00000000 | rows=[9] | cols=[0] | col_header=False | row_header=False | metadata=False
Cell B10 | value='290.403137686853' | fill=00000000 | rows=[9] | cols=[1] | col_header=False | row_header=False | metadata=False
Cell C10 | value='325.835344257828' | fill=00000000 | rows=[9] | cols=[2] | col_header=False | row_header=False | metadata=False
Cell D10 | value='380.456411768998' | fill=00000000 | rows=[9] | cols=[3] | col_header=False | row_header=False | metadata=False
Cell E10 | value='444.552200446826' | fill=00000000 | rows=[9] | cols=[4] | col_header=False | row_header=False | metadata=False
Cell F10 | value='458.718634020663' | fill=00000000 | rows=[9] | cols=[5] | col_header=False | row_header=False | metadata=False
Cell G10 | value='425.740872808612' | fill=00000000 | rows=[9] | cols=[6] | col_header=False | row_header=False | metadata=False
Cell H10 | value='428.7963549097' | fill=00000000 | rows=[9] | cols=[7] | col_header=False | row_header=False | metadata=False
Cell I10 | value='443.811698162049' | fill=00000000 | rows=[9] | cols=[8] | col_header=False | row_header=False | metadata=False
Cell J10 | value='476.968511902931' | fill=00000000 | rows=[9] | cols=[9] | col_header=False | row_header=False | metadata=False
Cell K10 | value='502.537733238594' | fill=00000000 | rows=[9] | cols=[10] | col_header=False | row_header=False | metadata=False
Cell L10 | value='518.544017339901' | fill=00000000 | rows=[9] | cols=[11] | col_header=False | row_header=False | metadata=False
Cell M10 | value='545.130464691091' | fill=00000000 | rows=[9] | cols=[12] | col_header=False | row_header=False | metadata=False
Cell N10 | value='540.456242796628' | fill=00000000 | rows=[9] | cols=[13] | col_header=False | row_header=False | metadata=False
Cell O10 | value='566.813985778632' | fill=00000000 | rows=[9] | cols=[14] | col_header=False | row_header=False | metadata=False
Cell P10 | value='585.571016925399' | fill=00000000 | rows=[9] | cols=[15] | col_header=False | row_header=False | metadata=False
Cell Q10 | value='600.96515970188' | fill=00000000 | rows=[9] | cols=[16] | col_header=False | row_header=False | metadata=False
Cell R10 | value='615.739738511543' | fill=00000000 | rows=[9] | cols=[17] | col_header=False | row_header=False | metadata=False
Cell S10 | value='647.585741636749' | fill=00000000 | rows=[9] | cols=[18] | col_header=False | row_header=False | metadata=False
Cell T10 | value='685.618569170563' | fill=00000000 | rows=[9] | cols=[19] | col_header=False | row_header=False | metadata=False
Cell U10 | value='733.446365134829' | fill=00000000 | rows=[9] | cols=[20] | col_header=False | row_header=False | metadata=False
Cell V10 | value='757.487926532093' | fill=00000000 | rows=[9] | cols=[21] | col_header=False | row_header=False | metadata=False
Cell A11 | value='Support Services' | fill=00000000 | rows=[10] | cols=[0] | col_header=False | row_header=False | metadata=False
Cell B11 | value='187.920597875367' | fill=00000000 | rows=[10] | cols=[1] | col_header=False | row_header=False | metadata=False
Cell C11 | value='222.317923104696' | fill=00000000 | rows=[10] | cols=[2] | col_header=False | row_header=False | metadata=False
Cell D11 | value='258.95088366291' | fill=00000000 | rows=[10] | cols=[3] | col_header=False | row_header=False | metadata=False
Cell E11 | value='277.577992576646' | fill=00000000 | rows=[10] | cols=[4] | col_header=False | row_header=False | metadata=False
Cell F11 | value='276.230124419806' | fill=00000000 | rows=[10] | cols=[5] | col_header=False | row_header=False | metadata=False
Cell G11 | value='276.074340295256' | fill=00000000 | rows=[10] | cols=[6] | col_header=False | row_header=False | metadata=False
Cell H11 | value='278.090939797302' | fill=00000000 | rows=[10] | cols=[7] | col_header=False | row_header=False | metadata=False
Cell I11 | value='290.534624097459' | fill=00000000 | rows=[10] | cols=[8] | col_header=False | row_header=False | metadata=False
Cell J11 | value='306.277560620529' | fill=00000000 | rows=[10] | cols=[9] | col_header=False | row_header=False | metadata=False
Cell K11 | value='322.996209702923' | fill=00000000 | rows=[10] | cols=[10] | col_header=False | row_header=False | metadata=False
Cell L11 | value='353.459476603406' | fill=00000000 | rows=[10] | cols=[11] | col_header=False | row_header=False | metadata=False
Cell M11 | value='382.29929116035' | fill=00000000 | rows=[10] | cols=[12] | col_header=False | row_header=False | metadata=False
Cell N11 | value='386.432329070364' | fill=00000000 | rows=[10] | cols=[13] | col_header=False | row_header=False | metadata=False
Cell O11 | value='433.225199483456' | fill=00000000 | rows=[10] | cols=[14] | col_header=False | row_header=False | metadata=False
Cell P11 | value='472.151567133377' | fill=00000000 | rows=[10] | cols=[15] | col_header=False | row_header=False | metadata=False
Cell Q11 | value='513.234308545971' | fill=00000000 | rows=[10] | cols=[16] | col_header=False | row_header=False | metadata=False
Cell R11 | value='529.202700041346' | fill=00000000 | rows=[10] | cols=[17] | col_header=False | row_header=False | metadata=False
Cell S11 | value='555.614365363175' | fill=00000000 | rows=[10] | cols=[18] | col_header=False | row_header=False | metadata=False
Cell T11 | value='569.562073190329' | fill=00000000 | rows=[10] | cols=[19] | col_header=False | row_header=False | metadata=False
Cell U11 | value='609.925014646572' | fill=00000000 | rows=[10] | cols=[20] | col_header=False | row_header=False | metadata=False
Cell V11 | value='660.372309320824' | fill=00000000 | rows=[10] | cols=[21] | col_header=False | row_header=False | metadata=False
Cell A12 | value='E-Commerce & Digital Media' | fill=00000000 | rows=[11] | cols=[0] | col_header=False | row_header=False | metadata=False
Cell B12 | value='48.3889344112581' | fill=00000000 | rows=[11] | cols=[1] | col_header=False | row_header=False | metadata=False
Cell C12 | value='51.2118152359335' | fill=00000000 | rows=[11] | cols=[2] | col_header=False | row_header=False | metadata=False
Cell D12 | value='57.1313691297597' | fill=00000000 | rows=[11] | cols=[3] | col_header=False | row_header=False | metadata=False
Cell E12 | value='59.9063947696392' | fill=00000000 | rows=[11] | cols=[4] | col_header=False | row_header=False | metadata=False
Cell F12 | value='57.6893495119674' | fill=00000000 | rows=[11] | cols=[5] | col_header=False | row_header=False | metadata=False
Cell G12 | value='62.4260974844856' | fill=00000000 | rows=[11] | cols=[6] | col_header=False | row_header=False | metadata=False
Cell H12 | value='71.1087571732151' | fill=00000000 | rows=[11] | cols=[7] | col_header=False | row_header=False | metadata=False
Cell I12 | value='80.1764289367263' | fill=00000000 | rows=[11] | cols=[8] | col_header=False | row_header=False | metadata=False
Cell J12 | value='94.3570995076276' | fill=00000000 | rows=[11] | cols=[9] | col_header=False | row_header=False | metadata=False
Cell K12 | value='108.061422540193' | fill=00000000 | rows=[11] | cols=[10] | col_header=False | row_header=False | metadata=False
Cell L12 | value='125.098411179347' | fill=00000000 | rows=[11] | cols=[11] | col_header=False | row_header=False | metadata=False
Cell M12 | value='132.226772833969' | fill=00000000 | rows=[11] | cols=[12] | col_header=False | row_header=False | metadata=False
Cell N12 | value='138.644740519774' | fill=00000000 | rows=[11] | cols=[13] | col_header=False | row_header=False | metadata=False
Cell O12 | value='157.414423653345' | fill=00000000 | rows=[11] | cols=[14] | col_header=False | row_header=False | metadata=False
Cell P12 | value='179.684686428716' | fill=00000000 | rows=[11] | cols=[15] | col_header=False | row_header=False | metadata=False
Cell Q12 | value='206.424077592472' | fill=00000000 | rows=[11] | cols=[16] | col_header=False | row_header=False | metadata=False
Cell R12 | value='223.128927717223' | fill=00000000 | rows=[11] | cols=[17] | col_header=False | row_header=False | metadata=False
Cell S12 | value='245.074259973479' | fill=00000000 | rows=[11] | cols=[18] | col_header=False | row_header=False | metadata=False
Cell T12 | value='269.404725206561' | fill=00000000 | rows=[11] | cols=[19] | col_header=False | row_header=False | metadata=False
Cell U12 | value='294.24914538232' | fill=00000000 | rows=[11] | cols=[20] | col_header=False | row_header=False | metadata=False
Cell V12 | value='322.907261376527' | fill=00000000 | rows=[11] | cols=[21] | col_header=False | row_header=False | metadata=False
Cell A14 | value='Addendum:' | fill=00000000 | rows=[13] | cols=[0] | col_header=False | row_header=False | metadata=False
Cell A15 | value='ICT Sector' | fill=00000000 | rows=[14] | cols=[0] | col_header=False | row_header=False | metadata=False
Cell B15 | value='640.9' | fill=00000000 | rows=[14] | cols=[1] | col_header=False | row_header=False | metadata=False
Cell C15 | value='755.6' | fill=00000000 | rows=[14] | cols=[2] | col_header=False | row_header=False | metadata=False
Cell D15 | value='899.9' | fill=00000000 | rows=[14] | cols=[3] | col_header=False | row_header=False | metadata=False
Cell E15 | value='1054.9' | fill=00000000 | rows=[14] | cols=[4] | col_header=False | row_header=False | metadata=False
Cell F15 | value='1059.9' | fill=00000000 | rows=[14] | cols=[5] | col_header=False | row_header=False | metadata=False
Cell G15 | value='1030' | fill=00000000 | rows=[14] | cols=[6] | col_header=False | row_header=False | metadata=False
Cell H15 | value='1053.6' | fill=00000000 | rows=[14] | cols=[7] | col_header=False | row_header=False | metadata=False
Cell I15 | value='1112.8' | fill=00000000 | rows=[14] | cols=[8] | col_header=False | row_header=False | metadata=False
Cell J15 | value='1198.1' | fill=00000000 | rows=[14] | cols=[9] | col_header=False | row_header=False | metadata=False
Cell K15 | value='1290.2' | fill=00000000 | rows=[14] | cols=[10] | col_header=False | row_header=False | metadata=False
Cell L15 | value='1376.8' | fill=00000000 | rows=[14] | cols=[11] | col_header=False | row_header=False | metadata=False
Cell M15 | value='1455.5' | fill=00000000 | rows=[14] | cols=[12] | col_header=False | row_header=False | metadata=False
Cell N15 | value='1418.3' | fill=00000000 | rows=[14] | cols=[13] | col_header=False | row_header=False | metadata=False
Cell O15 | value='1520' | fill=00000000 | rows=[14] | cols=[14] | col_header=False | row_header=False | metadata=False
Cell P15 | value='1612.3' | fill=00000000 | rows=[14] | cols=[15] | col_header=False | row_header=False | metadata=False
Cell Q15 | value='1684.9' | fill=00000000 | rows=[14] | cols=[16] | col_header=False | row_header=False | metadata=False
Cell R15 | value='1744.2' | fill=00000000 | rows=[14] | cols=[17] | col_header=False | row_header=False | metadata=False
Cell S15 | value='1840.6' | fill=00000000 | rows=[14] | cols=[18] | col_header=False | row_header=False | metadata=False
Cell T15 | value='1926.2' | fill=00000000 | rows=[14] | cols=[19] | col_header=False | row_header=False | metadata=False
Cell U15 | value='2058.9' | fill=00000000 | rows=[14] | cols=[20] | col_header=False | row_header=False | metadata=False
Cell V15 | value='2190.3' | fill=00000000 | rows=[14] | cols=[21] | col_header=False | row_header=False | metadata=False
Cell A17 | value='Digital Goods' | fill=00000000 | rows=[16] | cols=[0] | col_header=False | row_header=False | metadata=False
Cell B17 | value='72.895631115332' | fill=00000000 | rows=[16] | cols=[1] | col_header=False | row_header=False | metadata=False
Cell C17 | value='90.8250020898691' | fill=00000000 | rows=[16] | cols=[2] | col_header=False | row_header=False | metadata=False
Cell D17 | value='114.82345362254' | fill=00000000 | rows=[16] | cols=[3] | col_header=False | row_header=False | metadata=False
Cell E17 | value='149.187718305863' | fill=00000000 | rows=[16] | cols=[4] | col_header=False | row_header=False | metadata=False
Cell F17 | value='141.929999474978' | fill=00000000 | rows=[16] | cols=[5] | col_header=False | row_header=False | metadata=False
Cell G17 | value='120.981976359489' | fill=00000000 | rows=[16] | cols=[6] | col_header=False | row_header=False | metadata=False
Cell H17 | value='132.805205693787' | fill=00000000 | rows=[16] | cols=[7] | col_header=False | row_header=False | metadata=False
Cell I17 | value='143.213616596705' | fill=00000000 | rows=[16] | cols=[8] | col_header=False | row_header=False | metadata=False
Cell J17 | value='159.912210205821' | fill=00000000 | rows=[16] | cols=[9] | col_header=False | row_header=False | metadata=False
Cell K17 | value='181.425468725331' | fill=00000000 | rows=[16] | cols=[10] | col_header=False | row_header=False | metadata=False
Cell L17 | value='195.882491822329' | fill=00000000 | rows=[16] | cols=[11] | col_header=False | row_header=False | metadata=False
Cell M17 | value='202.978337636961' | fill=00000000 | rows=[16] | cols=[12] | col_header=False | row_header=False | metadata=False
Cell N17 | value='172.695365850643' | fill=00000000 | rows=[16] | cols=[13] | col_header=False | row_header=False | metadata=False
Cell O17 | value='183.877725415327' | fill=00000000 | rows=[16] | cols=[14] | col_header=False | row_header=False | metadata=False
Cell P17 | value='185.313697961819' | fill=00000000 | rows=[16] | cols=[15] | col_header=False | row_header=False | metadata=False
Cell Q17 | value='177.105053803291' | fill=00000000 | rows=[16] | cols=[16] | col_header=False | row_header=False | metadata=False
Cell R17 | value='179.118524496921' | fill=00000000 | rows=[16] | cols=[17] | col_header=False | row_header=False | metadata=False
Cell S17 | value='178.295016206797' | fill=00000000 | rows=[16] | cols=[18] | col_header=False | row_header=False | metadata=False
Cell T17 | value='190.256551130105' | fill=00000000 | rows=[16] | cols=[19] | col_header=False | row_header=False | metadata=False
Cell U17 | value='189.564114632704' | fill=00000000 | rows=[16] | cols=[20] | col_header=False | row_header=False | metadata=False
Cell V17 | value='201.627161791404' | fill=00000000 | rows=[16] | cols=[21] | col_header=False | row_header=False | metadata=False
Cell A18 | value='Digital Services' | fill=00000000 | rows=[17] | cols=[0] | col_header=False | row_header=False | metadata=False
Cell B18 | value='589.683723935929' | fill=00000000 | rows=[17] | cols=[1] | col_header=False | row_header=False | metadata=False
Cell C18 | value='671.840056544626' | fill=00000000 | rows=[17] | cols=[2] | col_header=False | row_header=False | metadata=False
Cell D18 | value='780.448896789488' | fill=00000000 | rows=[17] | cols=[3] | col_header=False | row_header=False | metadata=False
Cell E18 | value='857.814077378249' | fill=00000000 | rows=[17] | cols=[4] | col_header=False | row_header=False | metadata=False
Cell F18 | value='891.485406412274' | fill=00000000 | rows=[17] | cols=[5] | col_header=False | row_header=False | metadata=False
Cell G18 | value='894.632593965115' | fill=00000000 | rows=[17] | cols=[6] | col_header=False | row_header=False | metadata=False
Cell H18 | value='898.720167880444' | fill=00000000 | rows=[17] | cols=[7] | col_header=False | row_header=False | metadata=False
Cell I18 | value='948.912634236529' | fill=00000000 | rows=[17] | cols=[8] | col_header=False | row_header=False | metadata=False
Cell J18 | value='1017.78231544581' | fill=00000000 | rows=[17] | cols=[9] | col_header=False | row_header=False | metadata=False
Cell K18 | value='1071.72816496852' | fill=00000000 | rows=[17] | cols=[10] | col_header=False | row_header=False | metadata=False
Cell L18 | value='1146.46808400165' | fill=00000000 | rows=[17] | cols=[11] | col_header=False | row_header=False | metadata=False
Cell M18 | value='1208.68462768648' | fill=00000000 | rows=[17] | cols=[12] | col_header=False | row_header=False | metadata=False
Cell N18 | value='1218.29196205607' | fill=00000000 | rows=[17] | cols=[13] | col_header=False | row_header=False | metadata=False
Cell O18 | value='1308.33299870061' | fill=00000000 | rows=[17] | cols=[14] | col_header=False | row_header=False | metadata=False
Cell P18 | value='1397.27085560613' | fill=00000000 | rows=[17] | cols=[15] | col_header=False | row_header=False | metadata=False
Cell Q18 | value='1481.2905453956' | fill=00000000 | rows=[17] | cols=[16] | col_header=False | row_header=False | metadata=False
Cell R18 | value='1537.5118792886' | fill=00000000 | rows=[17] | cols=[17] | col_header=False | row_header=False | metadata=False
Cell S18 | value='1629.80325311376' | fill=00000000 | rows=[17] | cols=[18] | col_header=False | row_header=False | metadata=False
Cell T18 | value='1707.83913630484' | fill=00000000 | rows=[17] | cols=[19] | col_header=False | row_header=False | metadata=False
Cell U18 | value='1832.84607162596' | fill=00000000 | rows=[17] | cols=[20] | col_header=False | row_header=False | metadata=False
Cell V18 | value='1950.71888976292' | fill=00000000 | rows=[17] | cols=[21] | col_header=False | row_header=False | metadata=False
Cell A19 | value='Percent change from preceding period' | fill=00000000 | rows=[18] | cols=[0, 1, 2, 3, 4, 5, 6, 7, 8, 9, 10, 11, 12, 13, 14, 15, 16, 17, 18, 19, 20, 21] | col_header=False | row_header=False | metadata=False
Cell A20 | value='Total Economy' | fill=00000000 | rows=[19] | cols=[0] | col_header=False | row_header=False | metadata=False
Cell B20 | value='--' | fill=00000000 | rows=[19] | cols=[1] | col_header=False | row_header=False | metadata=False
Cell C20 | value='5.38030135605601' | fill=00000000 | rows=[19] | cols=[2] | col_header=False | row_header=False | metadata=False
Cell D20 | value='5.09902336723322' | fill=00000000 | rows=[19] | cols=[3] | col_header=False | row_header=False | metadata=False
Cell E20 | value='4.4692504216274' | fill=00000000 | rows=[19] | cols=[4] | col_header=False | row_header=False | metadata=False
Cell F20 | value='-0.0279715808738312' | fill=00000000 | rows=[19] | cols=[5] | col_header=False | row_header=False | metadata=False
Cell G20 | value='0.653119304192096' | fill=00000000 | rows=[19] | cols=[6] | col_header=False | row_header=False | metadata=False
Cell H20 | value='2.27187889666347' | fill=00000000 | rows=[19] | cols=[7] | col_header=False | row_header=False | metadata=False
Cell I20 | value='3.63556587545963' | fill=00000000 | rows=[19] | cols=[8] | col_header=False | row_header=False | metadata=False
Cell J20 | value='3.94451896201602' | fill=00000000 | rows=[19] | cols=[9] | col_header=False | row_header=False | metadata=False
Cell K20 | value='2.2322748080597' | fill=00000000 | rows=[19] | cols=[10] | col_header=False | row_header=False | metadata=False
Cell L20 | value='1.95752812712651' | fill=00000000 | rows=[19] | cols=[11] | col_header=False | row_header=False | metadata=False
Cell M20 | value='-1.32756981066828' | fill=00000000 | rows=[19] | cols=[12] | col_header=False | row_header=False | metadata=False
Cell N20 | value='-5.54293885103877' | fill=00000000 | rows=[19] | cols=[13] | col_header=False | row_header=False | metadata=False
Cell O20 | value='3.26506381715643' | fill=00000000 | rows=[19] | cols=[14] | col_header=False | row_header=False | metadata=False
Cell P20 | value='2.18130209830409' | fill=00000000 | rows=[19] | cols=[15] | col_header=False | row_header=False | metadata=False
Cell Q20 | value='2.6291268007778' | fill=00000000 | rows=[19] | cols=[16] | col_header=False | row_header=False | metadata=False
Cell R20 | value='2.09306946976031' | fill=00000000 | rows=[19] | cols=[17] | col_header=False | row_header=False | metadata=False
Cell S20 | value='2.9159968722418' | fill=00000000 | rows=[19] | cols=[18] | col_header=False | row_header=False | metadata=False
Cell T20 | value='2.28913541116393' | fill=00000000 | rows=[19] | cols=[19] | col_header=False | row_header=False | metadata=False
Cell U20 | value='1.92485479109683' | fill=00000000 | rows=[19] | cols=[20] | col_header=False | row_header=False | metadata=False
Cell V20 | value='2.56533760368316' | fill=00000000 | rows=[19] | cols=[21] | col_header=False | row_header=False | metadata=False
Cell A22 | value='Digital Economy' | fill=00000000 | rows=[21] | cols=[0] | col_header=False | row_header=False | metadata=False
Cell B22 | value='--' | fill=00000000 | rows=[21] | cols=[1] | col_header=False | row_header=False | metadata=False
Cell C22 | value='17.5662009683211' | fill=00000000 | rows=[21] | cols=[2] | col_header=False | row_header=False | metadata=False
Cell D22 | value='19.4038817475134' | fill=00000000 | rows=[21] | cols=[3] | col_header=False | row_header=False | metadata=False
Cell E22 | value='15.8910642150897' | fill=00000000 | rows=[21] | cols=[4] | col_header=False | row_header=False | metadata=False
Cell F22 | value='1.28229604193653' | fill=00000000 | rows=[21] | cols=[5] | col_header=False | row_header=False | metadata=False
Cell G22 | value='-3.60858863800593' | fill=00000000 | rows=[21] | cols=[6] | col_header=False | row_header=False | metadata=False
Cell H22 | value='2.49021243150749' | fill=00000000 | rows=[21] | cols=[7] | col_header=False | row_header=False | metadata=False
Cell I22 | value='6.07620576078125' | fill=00000000 | rows=[21] | cols=[8] | col_header=False | row_header=False | metadata=False
Cell J22 | value='8.17961384763448' | fill=00000000 | rows=[21] | cols=[9] | col_header=False | row_header=False | metadata=False
Cell K22 | value='6.98238341936404' | fill=00000000 | rows=[21] | cols=[10] | col_header=False | row_header=False | metadata=False
Cell L22 | value='7.1740266858926' | fill=00000000 | rows=[21] | cols=[11] | col_header=False | row_header=False | metadata=False
Cell M22 | value='5.09980112526638' | fill=00000000 | rows=[21] | cols=[12] | col_header=False | row_header=False | metadata=False
Cell N22 | value='-1.85586041083505' | fill=00000000 | rows=[21] | cols=[13] | col_header=False | row_header=False | metadata=False
Cell O22 | value='7.26475909361819' | fill=00000000 | rows=[21] | cols=[14] | col_header=False | row_header=False | metadata=False
Cell P22 | value='6.01022126757502' | fill=00000000 | rows=[21] | cols=[15] | col_header=False | row_header=False | metadata=False
Cell Q22 | value='4.7639494708595' | fill=00000000 | rows=[21] | cols=[16] | col_header=False | row_header=False | metadata=False
Cell R22 | value='3.51526174528269' | fill=00000000 | rows=[21] | cols=[17] | col_header=False | row_header=False | metadata=False
Cell S22 | value='5.35542277834469' | fill=00000000 | rows=[21] | cols=[18] | col_header=False | row_header=False | metadata=False
Cell T22 | value='4.96509074269584' | fill=00000000 | rows=[21] | cols=[19] | col_header=False | row_header=False | metadata=False
Cell U22 | value='6.6233107198876' | fill=00000000 | rows=[21] | cols=[20] | col_header=False | row_header=False | metadata=False
Cell V22 | value='6.42551841584755' | fill=00000000 | rows=[21] | cols=[21] | col_header=False | row_header=False | metadata=False
Cell A23 | value='Digital-Enabling Infrastructure' | fill=00000000 | rows=[22] | cols=[0] | col_header=False | row_header=False | metadata=False
Cell B23 | value='--' | fill=00000000 | rows=[22] | cols=[1] | col_header=False | row_header=False | metadata=False
Cell C23 | value='18.1362426210207' | fill=00000000 | rows=[22] | cols=[2] | col_header=False | row_header=False | metadata=False
Cell D23 | value='19.7748967770745' | fill=00000000 | rows=[22] | cols=[3] | col_header=False | row_header=False | metadata=False
Cell E23 | value='16.4150374280623' | fill=00000000 | rows=[22] | cols=[4] | col_header=False | row_header=False | metadata=False
Cell F23 | value='1.51151600052712' | fill=00000000 | rows=[22] | cols=[5] | col_header=False | row_header=False | metadata=False
Cell G23 | value='-4.14807423957124' | fill=00000000 | rows=[22] | cols=[6] | col_header=False | row_header=False | metadata=False
Cell H23 | value='1.88042697240773' | fill=00000000 | rows=[22] | cols=[7] | col_header=False | row_header=False | metadata=False
Cell I23 | value='5.65809609194583' | fill=00000000 | rows=[22] | cols=[8] | col_header=False | row_header=False | metadata=False
Cell J23 | value='7.51913018781678' | fill=00000000 | rows=[22] | cols=[9] | col_header=False | row_header=False | metadata=False
Cell K23 | value='6.39156985499534' | fill=00000000 | rows=[22] | cols=[10] | col_header=False | row_header=False | metadata=False
Cell L23 | value='6.44067062700382' | fill=00000000 | rows=[22] | cols=[11] | col_header=False | row_header=False | metadata=False
Cell M23 | value='5.0429882458537' | fill=00000000 | rows=[22] | cols=[12] | col_header=False | row_header=False | metadata=False
Cell N23 | value='-2.51488976997588' | fill=00000000 | rows=[22] | cols=[13] | col_header=False | row_header=False | metadata=False
Cell O23 | value='6.58749011710926' | fill=00000000 | rows=[22] | cols=[14] | col_header=False | row_header=False | metadata=False
Cell P23 | value='5.06240489787706' | fill=00000000 | rows=[22] | cols=[15] | col_header=False | row_header=False | metadata=False
Cell Q23 | value='3.4767477221316' | fill=00000000 | rows=[22] | cols=[16] | col_header=False | row_header=False | metadata=False
Cell R23 | value='2.86684318134605' | fill=00000000 | rows=[22] | cols=[17] | col_header=False | row_header=False | metadata=False
Cell S23 | value='4.68989523051333' | fill=00000000 | rows=[22] | cols=[18] | col_header=False | row_header=False | metadata=False
Cell T23 | value='4.18456781806797' | fill=00000000 | rows=[22] | cols=[19] | col_header=False | row_header=False | metadata=False
Cell U23 | value='6.18435325033881' | fill=00000000 | rows=[22] | cols=[20] | col_header=False | row_header=False | metadata=False
Cell V23 | value='5.84415498380508' | fill=00000000 | rows=[22] | cols=[21] | col_header=False | row_header=False | metadata=False
Cell A24 | value='Hardware' | fill=00000000 | rows=[23] | cols=[0] | col_header=False | row_header=False | metadata=False
Cell B24 | value='--' | fill=00000000 | rows=[23] | cols=[1] | col_header=False | row_header=False | metadata=False
Cell C24 | value='29.5538488193433' | fill=00000000 | rows=[23] | cols=[2] | col_header=False | row_header=False | metadata=False
Cell D24 | value='27.6647146890461' | fill=00000000 | rows=[23] | cols=[3] | col_header=False | row_header=False | metadata=False
Cell E24 | value='30.8389019346763' | fill=00000000 | rows=[23] | cols=[4] | col_header=False | row_header=False | metadata=False
Cell F24 | value='-2.85878574720856' | fill=00000000 | rows=[23] | cols=[5] | col_header=False | row_header=False | metadata=False
Cell G24 | value='-3.92043425039714' | fill=00000000 | rows=[23] | cols=[6] | col_header=False | row_header=False | metadata=False
Cell H24 | value='7.63039915125001' | fill=00000000 | rows=[23] | cols=[7] | col_header=False | row_header=False | metadata=False
Cell I24 | value='5.23658068946109' | fill=00000000 | rows=[23] | cols=[8] | col_header=False | row_header=False | metadata=False
Cell J24 | value='11.5391607682691' | fill=00000000 | rows=[23] | cols=[9] | col_header=False | row_header=False | metadata=False
Cell K24 | value='12.3188321502842' | fill=00000000 | rows=[23] | cols=[10] | col_header=False | row_header=False | metadata=False
Cell L24 | value='11.4867591456544' | fill=00000000 | rows=[23] | cols=[11] | col_header=False | row_header=False | metadata=False
Cell M24 | value='1.17886772063793' | fill=00000000 | rows=[23] | cols=[12] | col_header=False | row_header=False | metadata=False
Cell N24 | value='-16.1744465960689' | fill=00000000 | rows=[23] | cols=[13] | col_header=False | row_header=False | metadata=False
Cell O24 | value='2.07626627629445' | fill=00000000 | rows=[23] | cols=[14] | col_header=False | row_header=False | metadata=False
Cell P24 | value='0.502615194224876' | fill=00000000 | rows=[23] | cols=[15] | col_header=False | row_header=False | metadata=False
Cell Q24 | value='-8.17882129644786' | fill=00000000 | rows=[23] | cols=[16] | col_header=False | row_header=False | metadata=False
Cell R24 | value='-1.19356896055126' | fill=00000000 | rows=[23] | cols=[17] | col_header=False | row_header=False | metadata=False
Cell S24 | value='-0.27828060797408' | fill=00000000 | rows=[23] | cols=[18] | col_header=False | row_header=False | metadata=False
Cell T24 | value='4.03216723765729' | fill=00000000 | rows=[23] | cols=[19] | col_header=False | row_header=False | metadata=False
Cell U24 | value='-3.54217429637189' | fill=00000000 | rows=[23] | cols=[20] | col_header=False | row_header=False | metadata=False
Cell V24 | value='5.9583075374708' | fill=00000000 | rows=[23] | cols=[21] | col_header=False | row_header=False | metadata=False
Cell A25 | value='Software' | fill=00000000 | rows=[24] | cols=[0] | col_header=False | row_header=False | metadata=False
Cell B25 | value='--' | fill=00000000 | rows=[24] | cols=[1] | col_header=False | row_header=False | metadata=False
Cell C25 | value='13.9645462163166' | fill=00000000 | rows=[24] | cols=[2] | col_header=False | row_header=False | metadata=False
Cell D25 | value='21.26817905673' | fill=00000000 | rows=[24] | cols=[3] | col_header=False | row_header=False | metadata=False
Cell E25 | value='4.84724461676256' | fill=00000000 | rows=[24] | cols=[4] | col_header=False | row_header=False | metadata=False
Cell F25 | value='7.16980724266341' | fill=00000000 | rows=[24] | cols=[5] | col_header=False | row_header=False | metadata=False
Cell G25 | value='-0.199014173621814' | fill=00000000 | rows=[24] | cols=[6] | col_header=False | row_header=False | metadata=False
Cell H25 | value='0.410976317317102' | fill=00000000 | rows=[24] | cols=[7] | col_header=False | row_header=False | metadata=False
Cell I25 | value='16.9079466776781' | fill=00000000 | rows=[24] | cols=[8] | col_header=False | row_header=False | metadata=False
Cell J25 | value='6.52271437080252' | fill=00000000 | rows=[24] | cols=[9] | col_header=False | row_header=False | metadata=False
Cell K25 | value='4.2635429977117' | fill=00000000 | rows=[24] | cols=[10] | col_header=False | row_header=False | metadata=False
Cell L25 | value='5.42024307277034' | fill=00000000 | rows=[24] | cols=[11] | col_header=False | row_header=False | metadata=False
Cell M25 | value='3.01304413329622' | fill=00000000 | rows=[24] | cols=[12] | col_header=False | row_header=False | metadata=False
Cell N25 | value='-1.22520990924241' | fill=00000000 | rows=[24] | cols=[13] | col_header=False | row_header=False | metadata=False
Cell O25 | value='3.8528182167338' | fill=00000000 | rows=[24] | cols=[14] | col_header=False | row_header=False | metadata=False
Cell P25 | value='4.94388841861242' | fill=00000000 | rows=[24] | cols=[15] | col_header=False | row_header=False | metadata=False
Cell Q25 | value='1.96419542751676' | fill=00000000 | rows=[24] | cols=[16] | col_header=False | row_header=False | metadata=False
Cell R25 | value='5.92334133269117' | fill=00000000 | rows=[24] | cols=[17] | col_header=False | row_header=False | metadata=False
Cell S25 | value='5.45493486004822' | fill=00000000 | rows=[24] | cols=[18] | col_header=False | row_header=False | metadata=False
Cell T25 | value='3.71072672665835' | fill=00000000 | rows=[24] | cols=[19] | col_header=False | row_header=False | metadata=False
Cell U25 | value='7.06436118885279' | fill=00000000 | rows=[24] | cols=[20] | col_header=False | row_header=False | metadata=False
Cell V25 | value='6.78567361385294' | fill=00000000 | rows=[24] | cols=[21] | col_header=False | row_header=False | metadata=False
Cell A26 | value='Telecommunications' | fill=00000000 | rows=[25] | cols=[0] | col_header=False | row_header=False | metadata=False
Cell B26 | value='--' | fill=00000000 | rows=[25] | cols=[1] | col_header=False | row_header=False | metadata=False
Cell C26 | value='12.2010412329574' | fill=00000000 | rows=[25] | cols=[2] | col_header=False | row_header=False | metadata=False
Cell D26 | value='16.763395522847' | fill=00000000 | rows=[25] | cols=[3] | col_header=False | row_header=False | metadata=False
Cell E26 | value='16.8470780607438' | fill=00000000 | rows=[25] | cols=[4] | col_header=False | row_header=False | metadata=False
Cell F26 | value='3.18667494156999' | fill=00000000 | rows=[25] | cols=[5] | col_header=False | row_header=False | metadata=False
Cell G26 | value='-7.18910433679167' | fill=00000000 | rows=[25] | cols=[6] | col_header=False | row_header=False | metadata=False
Cell H26 | value='0.717685873317953' | fill=00000000 | rows=[25] | cols=[7] | col_header=False | row_header=False | metadata=False
Cell I26 | value='3.50174227938833' | fill=00000000 | rows=[25] | cols=[8] | col_header=False | row_header=False | metadata=False
Cell J26 | value='7.4709192836047' | fill=00000000 | rows=[25] | cols=[9] | col_header=False | row_header=False | metadata=False
Cell K26 | value='5.36077763994338' | fill=00000000 | rows=[25] | cols=[10] | col_header=False | row_header=False | metadata=False
Cell L26 | value='3.1850909976759' | fill=00000000 | rows=[25] | cols=[11] | col_header=False | row_header=False | metadata=False
Cell M26 | value='5.12713414139399' | fill=00000000 | rows=[25] | cols=[12] | col_header=False | row_header=False | metadata=False
Cell N26 | value='-0.857450132990023' | fill=00000000 | rows=[25] | cols=[13] | col_header=False | row_header=False | metadata=False
Cell O26 | value='4.87694301496342' | fill=00000000 | rows=[25] | cols=[14] | col_header=False | row_header=False | metadata=False
Cell P26 | value='3.30920401002464' | fill=00000000 | rows=[25] | cols=[15] | col_header=False | row_header=False | metadata=False
Cell Q26 | value='2.62891132442136' | fill=00000000 | rows=[25] | cols=[16] | col_header=False | row_header=False | metadata=False
Cell R26 | value='2.45847509978652' | fill=00000000 | rows=[25] | cols=[17] | col_header=False | row_header=False | metadata=False
Cell S26 | value='5.17199088078819' | fill=00000000 | rows=[25] | cols=[18] | col_header=False | row_header=False | metadata=False
Cell T26 | value='5.8730180559083' | fill=00000000 | rows=[25] | cols=[19] | col_header=False | row_header=False | metadata=False
Cell U26 | value='6.97586064830864' | fill=00000000 | rows=[25] | cols=[20] | col_header=False | row_header=False | metadata=False
Cell V26 | value='3.27788950086956' | fill=00000000 | rows=[25] | cols=[21] | col_header=False | row_header=False | metadata=False
Cell A27 | value='Support Services' | fill=00000000 | rows=[26] | cols=[0] | col_header=False | row_header=False | metadata=False
Cell B27 | value='--' | fill=00000000 | rows=[26] | cols=[1] | col_header=False | row_header=False | metadata=False
Cell C27 | value='18.3041803922644' | fill=00000000 | rows=[26] | cols=[2] | col_header=False | row_header=False | metadata=False
Cell D27 | value='16.4777360487316' | fill=00000000 | rows=[26] | cols=[3] | col_header=False | row_header=False | metadata=False
Cell E27 | value='7.19329806882756' | fill=00000000 | rows=[26] | cols=[4] | col_header=False | row_header=False | metadata=False
Cell F27 | value='-0.485581779855193' | fill=00000000 | rows=[26] | cols=[5] | col_header=False | row_header=False | metadata=False
Cell G27 | value='-0.0563965008802736' | fill=00000000 | rows=[26] | cols=[6] | col_header=False | row_header=False | metadata=False
Cell H27 | value='0.730455246180894' | fill=00000000 | rows=[26] | cols=[7] | col_header=False | row_header=False | metadata=False
Cell I27 | value='4.47468166680551' | fill=00000000 | rows=[26] | cols=[8] | col_header=False | row_header=False | metadata=False
Cell J27 | value='5.41860942459962' | fill=00000000 | rows=[26] | cols=[9] | col_header=False | row_header=False | metadata=False
Cell K27 | value='5.45865947492903' | fill=00000000 | rows=[26] | cols=[10] | col_header=False | row_header=False | metadata=False
Cell L27 | value='9.43146265663666' | fill=00000000 | rows=[26] | cols=[11] | col_header=False | row_header=False | metadata=False
Cell M27 | value='8.15929872190222' | fill=00000000 | rows=[26] | cols=[12] | col_header=False | row_header=False | metadata=False
Cell N27 | value='1.08110007148312' | fill=00000000 | rows=[26] | cols=[13] | col_header=False | row_header=False | metadata=False
Cell O27 | value='12.1089429876794' | fill=00000000 | rows=[26] | cols=[14] | col_header=False | row_header=False | metadata=False
Cell P27 | value='8.98525009540854' | fill=00000000 | rows=[26] | cols=[15] | col_header=False | row_header=False | metadata=False
Cell Q27 | value='8.70117654422369' | fill=00000000 | rows=[26] | cols=[16] | col_header=False | row_header=False | metadata=False
Cell R27 | value='3.11132580762472' | fill=00000000 | rows=[26] | cols=[17] | col_header=False | row_header=False | metadata=False
Cell S27 | value='4.99084099906624' | fill=00000000 | rows=[26] | cols=[18] | col_header=False | row_header=False | metadata=False
Cell T27 | value='2.51032167212544' | fill=00000000 | rows=[26] | cols=[19] | col_header=False | row_header=False | metadata=False
Cell U27 | value='7.08666242998857' | fill=00000000 | rows=[26] | cols=[20] | col_header=False | row_header=False | metadata=False
Cell V27 | value='8.27106504288635' | fill=00000000 | rows=[26] | cols=[21] | col_header=False | row_header=False | metadata=False
Cell A28 | value='E-Commerce & Digital Media' | fill=00000000 | rows=[27] | cols=[0] | col_header=False | row_header=False | metadata=False
Cell B28 | value='--' | fill=00000000 | rows=[27] | cols=[1] | col_header=False | row_header=False | metadata=False
Cell C28 | value='5.83373215182568' | fill=00000000 | rows=[27] | cols=[2] | col_header=False | row_header=False | metadata=False
Cell D28 | value='11.5589612798428' | fill=00000000 | rows=[27] | cols=[3] | col_header=False | row_header=False | metadata=False
Cell E28 | value='4.85727137674001' | fill=00000000 | rows=[27] | cols=[4] | col_header=False | row_header=False | metadata=False
Cell F28 | value='-3.70084907662547' | fill=00000000 | rows=[27] | cols=[5] | col_header=False | row_header=False | metadata=False
Cell G28 | value='8.21078416135648' | fill=00000000 | rows=[27] | cols=[6] | col_header=False | row_header=False | metadata=False
Cell H28 | value='13.9087017106705' | fill=00000000 | rows=[27] | cols=[7] | col_header=False | row_header=False | metadata=False
Cell I28 | value='12.7518355319066' | fill=00000000 | rows=[27] | cols=[8] | col_header=False | row_header=False | metadata=False
Cell J28 | value='17.6868323508053' | fill=00000000 | rows=[27] | cols=[9] | col_header=False | row_header=False | metadata=False
Cell K28 | value='14.5238917941279' | fill=00000000 | rows=[27] | cols=[10] | col_header=False | row_header=False | metadata=False
Cell L28 | value='15.7660229142524' | fill=00000000 | rows=[27] | cols=[11] | col_header=False | row_header=False | metadata=False
Cell M28 | value='5.69820318853007' | fill=00000000 | rows=[27] | cols=[12] | col_header=False | row_header=False | metadata=False
Cell N28 | value='4.85375809168673' | fill=00000000 | rows=[27] | cols=[13] | col_header=False | row_header=False | metadata=False
Cell O28 | value='13.5379698235968' | fill=00000000 | rows=[27] | cols=[14] | col_header=False | row_header=False | metadata=False
Cell P28 | value='14.1475363302248' | fill=00000000 | rows=[27] | cols=[15] | col_header=False | row_header=False | metadata=False
Cell Q28 | value='14.8812854869321' | fill=00000000 | rows=[27] | cols=[16] | col_header=False | row_header=False | metadata=False
Cell R28 | value='8.09249110839201' | fill=00000000 | rows=[27] | cols=[17] | col_header=False | row_header=False | metadata=False
Cell S28 | value='9.8352698956488' | fill=00000000 | rows=[27] | cols=[18] | col_header=False | row_header=False | metadata=False
Cell T28 | value='9.92779300270657' | fill=00000000 | rows=[27] | cols=[19] | col_header=False | row_header=False | metadata=False
Cell U28 | value='9.22196897500964' | fill=00000000 | rows=[27] | cols=[20] | col_header=False | row_header=False | metadata=False
Cell V28 | value='9.73940500556811' | fill=00000000 | rows=[27] | cols=[21] | col_header=False | row_header=False | metadata=False
Cell A30 | value='Addendum:' | fill=00000000 | rows=[29] | cols=[0] | col_header=False | row_header=False | metadata=False
Cell A31 | value='Digital Goods' | fill=00000000 | rows=[30] | cols=[0] | col_header=False | row_header=False | metadata=False
Cell B31 | value='--' | fill=00000000 | rows=[30] | cols=[1] | col_header=False | row_header=False | metadata=False
Cell C31 | value='24.5959472470581' | fill=00000000 | rows=[30] | cols=[2] | col_header=False | row_header=False | metadata=False
Cell D31 | value='26.4227371103444' | fill=00000000 | rows=[30] | cols=[3] | col_header=False | row_header=False | metadata=False
Cell E31 | value='29.927914201474' | fill=00000000 | rows=[30] | cols=[4] | col_header=False | row_header=False | metadata=False
Cell F31 | value='-4.86482326648721' | fill=00000000 | rows=[30] | cols=[5] | col_header=False | row_header=False | metadata=False
Cell G31 | value='-14.759404772056' | fill=00000000 | rows=[30] | cols=[6] | col_header=False | row_header=False | metadata=False
Cell H31 | value='9.77271961499964' | fill=00000000 | rows=[30] | cols=[7] | col_header=False | row_header=False | metadata=False
Cell I31 | value='7.83735159216346' | fill=00000000 | rows=[30] | cols=[8] | col_header=False | row_header=False | metadata=False
Cell J31 | value='11.6599203385387' | fill=00000000 | rows=[30] | cols=[9] | col_header=False | row_header=False | metadata=False
Cell K31 | value='13.4531681425831' | fill=00000000 | rows=[30] | cols=[10] | col_header=False | row_header=False | metadata=False
Cell L31 | value='7.96857420216188' | fill=00000000 | rows=[30] | cols=[11] | col_header=False | row_header=False | metadata=False
Cell M31 | value='3.6225013009678' | fill=00000000 | rows=[30] | cols=[12] | col_header=False | row_header=False | metadata=False
Cell N31 | value='-14.9193121487087' | fill=00000000 | rows=[30] | cols=[13] | col_header=False | row_header=False | metadata=False
Cell O31 | value='6.47519376655143' | fill=00000000 | rows=[30] | cols=[14] | col_header=False | row_header=False | metadata=False
Cell P31 | value='0.78093882401935' | fill=00000000 | rows=[30] | cols=[15] | col_header=False | row_header=False | metadata=False
Cell Q31 | value='-4.4295938448216' | fill=00000000 | rows=[30] | cols=[16] | col_header=False | row_header=False | metadata=False
Cell R31 | value='1.13687929869373' | fill=00000000 | rows=[30] | cols=[17] | col_header=False | row_header=False | metadata=False
Cell S31 | value='-0.459756070700623' | fill=00000000 | rows=[30] | cols=[18] | col_header=False | row_header=False | metadata=False
Cell T31 | value='6.70884423905282' | fill=00000000 | rows=[30] | cols=[19] | col_header=False | row_header=False | metadata=False
Cell U31 | value='-0.36394883292481' | fill=00000000 | rows=[30] | cols=[20] | col_header=False | row_header=False | metadata=False
Cell V31 | value='6.3635710704387' | fill=00000000 | rows=[30] | cols=[21] | col_header=False | row_header=False | metadata=False
Cell A32 | value='Digital Services' | fill=00000000 | rows=[31] | cols=[0] | col_header=False | row_header=False | metadata=False
Cell B32 | value='--' | fill=00000000 | rows=[31] | cols=[1] | col_header=False | row_header=False | metadata=False
Cell C32 | value='13.9322706857725' | fill=00000000 | rows=[31] | cols=[2] | col_header=False | row_header=False | metadata=False
Cell D32 | value='16.1658774565264' | fill=00000000 | rows=[31] | cols=[3] | col_header=False | row_header=False | metadata=False
Cell E32 | value='9.91290793119397' | fill=00000000 | rows=[31] | cols=[4] | col_header=False | row_header=False | metadata=False
Cell F32 | value='3.92524789718247' | fill=00000000 | rows=[31] | cols=[5] | col_header=False | row_header=False | metadata=False
Cell G32 | value='0.353027377700621' | fill=00000000 | rows=[31] | cols=[6] | col_header=False | row_header=False | metadata=False
Cell H32 | value='0.456899731007154' | fill=00000000 | rows=[31] | cols=[7] | col_header=False | row_header=False | metadata=False
Cell I32 | value='5.58488260861663' | fill=00000000 | rows=[31] | cols=[8] | col_header=False | row_header=False | metadata=False
Cell J32 | value='7.25774731250066' | fill=00000000 | rows=[31] | cols=[9] | col_header=False | row_header=False | metadata=False
Cell K32 | value='5.30033276310962' | fill=00000000 | rows=[31] | cols=[10] | col_header=False | row_header=False | metadata=False
Cell L32 | value='6.97377576480185' | fill=00000000 | rows=[31] | cols=[11] | col_header=False | row_header=False | metadata=False
Cell M32 | value='5.42680119516876' | fill=00000000 | rows=[31] | cols=[12] | col_header=False | row_header=False | metadata=False
Cell N32 | value='0.794858654567254' | fill=00000000 | rows=[31] | cols=[13] | col_header=False | row_header=False | metadata=False
Cell O32 | value='7.39076013376798' | fill=00000000 | rows=[31] | cols=[14] | col_header=False | row_header=False | metadata=False
Cell P32 | value='6.79779971871457' | fill=00000000 | rows=[31] | cols=[15] | col_header=False | row_header=False | metadata=False
Cell Q32 | value='6.01312833888765' | fill=00000000 | rows=[31] | cols=[16] | col_header=False | row_header=False | metadata=False
Cell R32 | value='3.79542919974456' | fill=00000000 | rows=[31] | cols=[17] | col_header=False | row_header=False | metadata=False
Cell S32 | value='6.00264460186561' | fill=00000000 | rows=[31] | cols=[18] | col_header=False | row_header=False | metadata=False
Cell T32 | value='4.7880554319665' | fill=00000000 | rows=[31] | cols=[19] | col_header=False | row_header=False | metadata=False
Cell U32 | value='7.31959659804911' | fill=00000000 | rows=[31] | cols=[20] | col_header=False | row_header=False | metadata=False
Cell V32 | value='6.43113570537825' | fill=00000000 | rows=[31] | cols=[21] | col_header=False | row_header=False | metadata=False
Cell A33 | value='Contribution to percent change' | fill=00000000 | rows=[32] | cols=[0, 1, 2, 3, 4, 5, 6, 7, 8, 9, 10, 11, 12, 13, 14, 15, 16, 17, 18, 19, 20, 21] | col_header=False | row_header=False | metadata=False
Cell A34 | value='Total Economy' | fill=00000000 | rows=[33] | cols=[0] | col_header=False | row_header=False | metadata=False
Cell B34 | value='--' | fill=00000000 | rows=[33] | cols=[1] | col_header=False | row_header=False | metadata=False
Cell C34 | value='5.38030135605601' | fill=00000000 | rows=[33] | cols=[2] | col_header=False | row_header=False | metadata=False
Cell D34 | value='5.09902336723322' | fill=00000000 | rows=[33] | cols=[3] | col_header=False | row_header=False | metadata=False
Cell E34 | value='4.4692504216274' | fill=00000000 | rows=[33] | cols=[4] | col_header=False | row_header=False | metadata=False
Cell F34 | value='-0.0279715808738312' | fill=00000000 | rows=[33] | cols=[5] | col_header=False | row_header=False | metadata=False
Cell G34 | value='0.653119304192096' | fill=00000000 | rows=[33] | cols=[6] | col_header=False | row_header=False | metadata=False
Cell H34 | value='2.27187889666347' | fill=00000000 | rows=[33] | cols=[7] | col_header=False | row_header=False | metadata=False
Cell I34 | value='3.63556587545963' | fill=00000000 | rows=[33] | cols=[8] | col_header=False | row_header=False | metadata=False
Cell J34 | value='3.94451896201602' | fill=00000000 | rows=[33] | cols=[9] | col_header=False | row_header=False | metadata=False
Cell K34 | value='2' | fill=00000000 | rows=[33] | cols=[10] | col_header=False | row_header=False | metadata=False
Cell L34 | value='1.8' | fill=00000000 | rows=[33] | cols=[11] | col_header=False | row_header=False | metadata=False
Cell M34 | value='-1.7' | fill=00000000 | rows=[33] | cols=[12] | col_header=False | row_header=False | metadata=False
Cell N34 | value='-6' | fill=00000000 | rows=[33] | cols=[13] | col_header=False | row_header=False | metadata=False
Cell O34 | value='3' | fill=00000000 | rows=[33] | cols=[14] | col_header=False | row_header=False | metadata=False
Cell P34 | value='1.8' | fill=00000000 | rows=[33] | cols=[15] | col_header=False | row_header=False | metadata=False
Cell Q34 | value='2.5' | fill=00000000 | rows=[33] | cols=[16] | col_header=False | row_header=False | metadata=False
Cell R34 | value='1.7' | fill=00000000 | rows=[33] | cols=[17] | col_header=False | row_header=False | metadata=False
Cell S34 | value='3.1' | fill=00000000 | rows=[33] | cols=[18] | col_header=False | row_header=False | metadata=False
Cell T34 | value='2.3' | fill=00000000 | rows=[33] | cols=[19] | col_header=False | row_header=False | metadata=False
Cell U34 | value='1.8' | fill=00000000 | rows=[33] | cols=[20] | col_header=False | row_header=False | metadata=False
Cell V34 | value='1.8' | fill=00000000 | rows=[33] | cols=[21] | col_header=False | row_header=False | metadata=False
Cell A36 | value='Digital Economy' | fill=00000000 | rows=[35] | cols=[0] | col_header=False | row_header=False | metadata=False
Cell B36 | value='--' | fill=00000000 | rows=[35] | cols=[1] | col_header=False | row_header=False | metadata=False
Cell C36 | value='1.09325473595819' | fill=00000000 | rows=[35] | cols=[2] | col_header=False | row_header=False | metadata=False
Cell D36 | value='1.25602601803613' | fill=00000000 | rows=[35] | cols=[3] | col_header=False | row_header=False | metadata=False
Cell E36 | value='1.08728817307513' | fill=00000000 | rows=[35] | cols=[4] | col_header=False | row_header=False | metadata=False
Cell F36 | value='0.0900095915232881' | fill=00000000 | rows=[35] | cols=[5] | col_header=False | row_header=False | metadata=False
Cell G36 | value='-0.247128765306499' | fill=00000000 | rows=[35] | cols=[6] | col_header=False | row_header=False | metadata=False
Cell H36 | value='0.155647826421526' | fill=00000000 | rows=[35] | cols=[7] | col_header=False | row_header=False | metadata=False
Cell I36 | value='0.357630169993918' | fill=00000000 | rows=[35] | cols=[8] | col_header=False | row_header=False | metadata=False
Cell J36 | value='0.460192749462546' | fill=00000000 | rows=[35] | cols=[9] | col_header=False | row_header=False | metadata=False
Cell K36 | value='0.38313986329233' | fill=00000000 | rows=[35] | cols=[10] | col_header=False | row_header=False | metadata=False
Cell L36 | value='0.388927802095428' | fill=00000000 | rows=[35] | cols=[11] | col_header=False | row_header=False | metadata=False
Cell M36 | value='0.273167619481119' | fill=00000000 | rows=[35] | cols=[12] | col_header=False | row_header=False | metadata=False
Cell N36 | value='-0.102719233688164' | fill=00000000 | rows=[35] | cols=[13] | col_header=False | row_header=False | metadata=False
Cell O36 | value='0.409830241191393' | fill=00000000 | rows=[35] | cols=[14] | col_header=False | row_header=False | metadata=False
Cell P36 | value='0.336691177025487' | fill=00000000 | rows=[35] | cols=[15] | col_header=False | row_header=False | metadata=False
Cell Q36 | value='0.268053322177015' | fill=00000000 | rows=[35] | cols=[16] | col_header=False | row_header=False | metadata=False
Cell R36 | value='0.197847184052428' | fill=00000000 | rows=[35] | cols=[17] | col_header=False | row_header=False | metadata=False
Cell S36 | value='0.29913255379763' | fill=00000000 | rows=[35] | cols=[18] | col_header=False | row_header=False | metadata=False
Cell T36 | value='0.279712555633242' | fill=00000000 | rows=[35] | cols=[19] | col_header=False | row_header=False | metadata=False
Cell U36 | value='0.379220640492733' | fill=00000000 | rows=[35] | cols=[20] | col_header=False | row_header=False | metadata=False
Cell V36 | value='0.375384134685751' | fill=00000000 | rows=[35] | cols=[21] | col_header=False | row_header=False | metadata=False
Cell A37 | value='Digital-Enabling Infrastructure' | fill=00000000 | rows=[36] | cols=[0] | col_header=False | row_header=False | metadata=False
Cell B37 | value='--' | fill=00000000 | rows=[36] | cols=[1] | col_header=False | row_header=False | metadata=False
Cell C37 | value='1.07622423261121' | fill=00000000 | rows=[36] | cols=[2] | col_header=False | row_header=False | metadata=False
Cell D37 | value='1.22203645650969' | fill=00000000 | rows=[36] | cols=[3] | col_header=False | row_header=False | metadata=False
Cell E37 | value='1.07215837813211' | fill=00000000 | rows=[36] | cols=[4] | col_header=False | row_header=False | metadata=False
Cell F37 | value='0.101551663325922' | fill=00000000 | rows=[36] | cols=[5] | col_header=False | row_header=False | metadata=False
Cell G37 | value='-0.27163936532893' | fill=00000000 | rows=[36] | cols=[6] | col_header=False | row_header=False | metadata=False
Cell H37 | value='0.111555170804497' | fill=00000000 | rows=[36] | cols=[7] | col_header=False | row_header=False | metadata=False
Cell I37 | value='0.313420677348478' | fill=00000000 | rows=[36] | cols=[8] | col_header=False | row_header=False | metadata=False
Cell J37 | value='0.395528021068903' | fill=00000000 | rows=[36] | cols=[9] | col_header=False | row_header=False | metadata=False
Cell K37 | value='0.325162079082947' | fill=00000000 | rows=[36] | cols=[10] | col_header=False | row_header=False | metadata=False
Cell L37 | value='0.321804970278994' | fill=00000000 | rows=[36] | cols=[11] | col_header=False | row_header=False | metadata=False
Cell M37 | value='0.246808684606721' | fill=00000000 | rows=[36] | cols=[12] | col_header=False | row_header=False | metadata=False
Cell N37 | value='-0.126750772421468' | fill=00000000 | rows=[36] | cols=[13] | col_header=False | row_header=False | metadata=False
Cell O37 | value='0.335414695588575' | fill=00000000 | rows=[36] | cols=[14] | col_header=False | row_header=False | metadata=False
Cell P37 | value='0.254029804004512' | fill=00000000 | rows=[36] | cols=[15] | col_header=False | row_header=False | metadata=False
Cell Q37 | value='0.173559078920505' | fill=00000000 | rows=[36] | cols=[16] | col_header=False | row_header=False | metadata=False
Cell R37 | value='0.141328539659687' | fill=00000000 | rows=[36] | cols=[17] | col_header=False | row_header=False | metadata=False
Cell S37 | value='0.228073533888084' | fill=00000000 | rows=[36] | cols=[18] | col_header=False | row_header=False | metadata=False
Cell T37 | value='0.20368297689991' | fill=00000000 | rows=[36] | cols=[19] | col_header=False | row_header=False | metadata=False
Cell U37 | value='0.302918865007179' | fill=00000000 | rows=[36] | cols=[20] | col_header=False | row_header=False | metadata=False
Cell V37 | value='0.290456091167281' | fill=00000000 | rows=[36] | cols=[21] | col_header=False | row_header=False | metadata=False
Cell A38 | value='Hardware' | fill=00000000 | rows=[37] | cols=[0] | col_header=False | row_header=False | metadata=False
Cell B38 | value='--' | fill=00000000 | rows=[37] | cols=[1] | col_header=False | row_header=False | metadata=False
Cell C38 | value='0.449919974183058' | fill=00000000 | rows=[37] | cols=[2] | col_header=False | row_header=False | metadata=False
Cell D38 | value='0.405004070328498' | fill=00000000 | rows=[37] | cols=[3] | col_header=False | row_header=False | metadata=False
Cell E38 | value='0.439213937944886' | fill=00000000 | rows=[37] | cols=[4] | col_header=False | row_header=False | metadata=False
Cell F38 | value='-0.0410747280186713' | fill=00000000 | rows=[37] | cols=[5] | col_header=False | row_header=False | metadata=False
Cell G38 | value='-0.0466360777533067' | fill=00000000 | rows=[37] | cols=[6] | col_header=False | row_header=False | metadata=False
Cell H38 | value='0.0783465007103597' | fill=00000000 | rows=[37] | cols=[7] | col_header=False | row_header=False | metadata=False
Cell I38 | value='0.0507382459354377' | fill=00000000 | rows=[37] | cols=[8] | col_header=False | row_header=False | metadata=False
Cell J38 | value='0.10196948363136' | fill=00000000 | rows=[37] | cols=[9] | col_header=False | row_header=False | metadata=False
Cell K38 | value='0.10369476392738' | fill=00000000 | rows=[37] | cols=[10] | col_header=False | row_header=False | metadata=False
Cell L38 | value='0.0926411637448475' | fill=00000000 | rows=[37] | cols=[11] | col_header=False | row_header=False | metadata=False
Cell M38 | value='0.00899503240049048' | fill=00000000 | rows=[37] | cols=[12] | col_header=False | row_header=False | metadata=False
Cell N38 | value='-0.115191148080424' | fill=00000000 | rows=[37] | cols=[13] | col_header=False | row_header=False | metadata=False
Cell O38 | value='0.0124166460589793' | fill=00000000 | rows=[37] | cols=[14] | col_header=False | row_header=False | metadata=False
Cell P38 | value='0.00275363199533121' | fill=00000000 | rows=[37] | cols=[15] | col_header=False | row_header=False | metadata=False
Cell Q38 | value='-0.041313570605455' | fill=00000000 | rows=[37] | cols=[16] | col_header=False | row_header=False | metadata=False
Cell R38 | value='-0.00519927921957372' | fill=00000000 | rows=[37] | cols=[17] | col_header=False | row_header=False | metadata=False
Cell S38 | value='-0.00114209850942185' | fill=00000000 | rows=[37] | cols=[18] | col_header=False | row_header=False | metadata=False
Cell T38 | value='0.0158199083283271' | fill=00000000 | rows=[37] | cols=[19] | col_header=False | row_header=False | metadata=False
Cell U38 | value='-0.0139423892687106' | fill=00000000 | rows=[37] | cols=[20] | col_header=False | row_header=False | metadata=False
Cell V38 | value='0.0215469408360495' | fill=00000000 | rows=[37] | cols=[21] | col_header=False | row_header=False | metadata=False
Cell A39 | value='Software' | fill=00000000 | rows=[38] | cols=[0] | col_header=False | row_header=False | metadata=False
Cell B39 | value='--' | fill=00000000 | rows=[38] | cols=[1] | col_header=False | row_header=False | metadata=False
Cell C39 | value='0.0807976041097156' | fill=00000000 | rows=[38] | cols=[2] | col_header=False | row_header=False | metadata=False
Cell D39 | value='0.132564171972488' | fill=00000000 | rows=[38] | cols=[3] | col_header=False | row_header=False | metadata=False
Cell E39 | value='0.0346780482500522' | fill=00000000 | rows=[38] | cols=[4] | col_header=False | row_header=False | metadata=False
Cell F39 | value='0.0511811416677781' | fill=00000000 | rows=[38] | cols=[5] | col_header=False | row_header=False | metadata=False
Cell G39 | value='-0.00150136251955625' | fill=00000000 | rows=[38] | cols=[6] | col_header=False | row_header=False | metadata=False
Cell H39 | value='0.0029635035835702' | fill=00000000 | rows=[38] | cols=[7] | col_header=False | row_header=False | metadata=False
Cell I39 | value='0.112820166199795' | fill=00000000 | rows=[38] | cols=[8] | col_header=False | row_header=False | metadata=False
Cell J39 | value='0.0463939663103549' | fill=00000000 | rows=[38] | cols=[9] | col_header=False | row_header=False | metadata=False
Cell K39 | value='0.0299465345591419' | fill=00000000 | rows=[38] | cols=[10] | col_header=False | row_header=False | metadata=False
Cell L39 | value='0.0377124724337181' | fill=00000000 | rows=[38] | cols=[11] | col_header=False | row_header=False | metadata=False
Cell M39 | value='0.0210661005876192' | fill=00000000 | rows=[38] | cols=[12] | col_header=False | row_header=False | metadata=False
Cell N39 | value='-0.00889938198001631' | fill=00000000 | rows=[38] | cols=[13] | col_header=False | row_header=False | metadata=False
Cell O39 | value='0.0288487971238137' | fill=00000000 | rows=[38] | cols=[14] | col_header=False | row_header=False | metadata=False
Cell P39 | value='0.0358319244160076' | fill=00000000 | rows=[38] | cols=[15] | col_header=False | row_header=False | metadata=False
Cell Q39 | value='0.0142713575802731' | fill=00000000 | rows=[38] | cols=[16] | col_header=False | row_header=False | metadata=False
Cell R39 | value='0.042153817780719' | fill=00000000 | rows=[38] | cols=[17] | col_header=False | row_header=False | metadata=False
Cell S39 | value='0.0397359929133983' | fill=00000000 | rows=[38] | cols=[18] | col_header=False | row_header=False | metadata=False
Cell T39 | value='0.0275434215227805' | fill=00000000 | rows=[38] | cols=[19] | col_header=False | row_header=False | metadata=False
Cell U39 | value='0.0533592911651723' | fill=00000000 | rows=[38] | cols=[20] | col_header=False | row_header=False | metadata=False
Cell V39 | value='0.0531754691493975' | fill=00000000 | rows=[38] | cols=[21] | col_header=False | row_header=False | metadata=False
Cell A40 | value='Telecommunications' | fill=00000000 | rows=[39] | cols=[0] | col_header=False | row_header=False | metadata=False
Cell B40 | value='--' | fill=00000000 | rows=[39] | cols=[1] | col_header=False | row_header=False | metadata=False
Cell C40 | value='0.325457855051111' | fill=00000000 | rows=[39] | cols=[2] | col_header=False | row_header=False | metadata=False
Cell D40 | value='0.461835076834249' | fill=00000000 | rows=[39] | cols=[3] | col_header=False | row_header=False | metadata=False
Cell E40 | value='0.490677668827478' | fill=00000000 | rows=[39] | cols=[4] | col_header=False | row_header=False | metadata=False
Cell F40 | value='0.0988513208637504' | fill=00000000 | rows=[39] | cols=[5] | col_header=False | row_header=False | metadata=False
Cell G40 | value='-0.222655182739575' | fill=00000000 | rows=[39] | cols=[6] | col_header=False | row_header=False | metadata=False
Cell H40 | value='0.0196705931634056' | fill=00000000 | rows=[39] | cols=[7] | col_header=False | row_header=False | metadata=False
Cell I40 | value='0.0890313607921833' | fill=00000000 | rows=[39] | cols=[8] | col_header=False | row_header=False | metadata=False
Cell J40 | value='0.176380243923373' | fill=00000000 | rows=[39] | cols=[9] | col_header=False | row_header=False | metadata=False
Cell K40 | value='0.12166195843211' | fill=00000000 | rows=[39] | cols=[10] | col_header=False | row_header=False | metadata=False
Cell L40 | value='0.0703396870446037' | fill=00000000 | rows=[39] | cols=[11] | col_header=False | row_header=False | metadata=False
Cell M40 | value='0.107520337066202' | fill=00000000 | rows=[39] | cols=[12] | col_header=False | row_header=False | metadata=False
Cell N40 | value='-0.018427825555347' | fill=00000000 | rows=[39] | cols=[13] | col_header=False | row_header=False | metadata=False
Cell O40 | value='0.107450128214028' | fill=00000000 | rows=[39] | cols=[14] | col_header=False | row_header=False | metadata=False
Cell P40 | value='0.0706038397682539' | fill=00000000 | rows=[39] | cols=[15] | col_header=False | row_header=False | metadata=False
Cell Q40 | value='0.0547871872815262' | fill=00000000 | rows=[39] | cols=[16] | col_header=False | row_header=False | metadata=False
Cell R40 | value='0.0501247788025082' | fill=00000000 | rows=[39] | cols=[17] | col_header=False | row_header=False | metadata=False
Cell S40 | value='0.103175790753192' | fill=00000000 | rows=[39] | cols=[18] | col_header=False | row_header=False | metadata=False
Cell T40 | value='0.116289380545129' | fill=00000000 | rows=[39] | cols=[19] | col_header=False | row_header=False | metadata=False
Cell U40 | value='0.13899048930898' | fill=00000000 | rows=[39] | cols=[20] | col_header=False | row_header=False | metadata=False
Cell V40 | value='0.0660386172817651' | fill=00000000 | rows=[39] | cols=[21] | col_header=False | row_header=False | metadata=False
Cell A41 | value='Support Services' | fill=00000000 | rows=[40] | cols=[0] | col_header=False | row_header=False | metadata=False
Cell B41 | value='--' | fill=00000000 | rows=[40] | cols=[1] | col_header=False | row_header=False | metadata=False
Cell C41 | value='0.220048799267329' | fill=00000000 | rows=[40] | cols=[2] | col_header=False | row_header=False | metadata=False
Cell D41 | value='0.222633137374456' | fill=00000000 | rows=[40] | cols=[3] | col_header=False | row_header=False | metadata=False
Cell E41 | value='0.107588723109695' | fill=00000000 | rows=[40] | cols=[4] | col_header=False | row_header=False | metadata=False
Cell F41 | value='-0.00740607118693519' | fill=00000000 | rows=[40] | cols=[5] | col_header=False | row_header=False | metadata=False
Cell G41 | value='-0.000846742316491855' | fill=00000000 | rows=[40] | cols=[6] | col_header=False | row_header=False | metadata=False
Cell H41 | value='0.0105745733471611' | fill=00000000 | rows=[40] | cols=[7] | col_header=False | row_header=False | metadata=False
Cell I41 | value='0.0608309044210623' | fill=00000000 | rows=[40] | cols=[8] | col_header=False | row_header=False | metadata=False
Cell J41 | value='0.0707843272038153' | fill=00000000 | rows=[40] | cols=[9] | col_header=False | row_header=False | metadata=False
Cell K41 | value='0.0698588221643152' | fill=00000000 | rows=[40] | cols=[10] | col_header=False | row_header=False | metadata=False
Cell L41 | value='0.121111647055825' | fill=00000000 | rows=[40] | cols=[11] | col_header=False | row_header=False | metadata=False
Cell M41 | value='0.10922721455241' | fill=00000000 | rows=[40] | cols=[12] | col_header=False | row_header=False | metadata=False
Cell N41 | value='0.0157675831943194' | fill=00000000 | rows=[40] | cols=[13] | col_header=False | row_header=False | metadata=False
Cell O41 | value='0.186699124191754' | fill=00000000 | rows=[40] | cols=[14] | col_header=False | row_header=False | metadata=False
Cell P41 | value='0.14484040782492' | fill=00000000 | rows=[40] | cols=[15] | col_header=False | row_header=False | metadata=False
Cell Q41 | value='0.14581410466416' | fill=00000000 | rows=[40] | cols=[16] | col_header=False | row_header=False | metadata=False
Cell R41 | value='0.0542492222960334' | fill=00000000 | rows=[40] | cols=[17] | col_header=False | row_header=False | metadata=False
Cell S41 | value='0.0863038487309158' | fill=00000000 | rows=[40] | cols=[18] | col_header=False | row_header=False | metadata=False
Cell T41 | value='0.0440302665036736' | fill=00000000 | rows=[40] | cols=[19] | col_header=False | row_header=False | metadata=False
Cell U41 | value='0.124511473801738' | fill=00000000 | rows=[40] | cols=[20] | col_header=False | row_header=False | metadata=False
Cell V41 | value='0.149695063900069' | fill=00000000 | rows=[40] | cols=[21] | col_header=False | row_header=False | metadata=False
Cell A42 | value='E-Commerce & Digital Media' | fill=00000000 | rows=[41] | cols=[0] | col_header=False | row_header=False | metadata=False
Cell B42 | value='--' | fill=00000000 | rows=[41] | cols=[1] | col_header=False | row_header=False | metadata=False
Cell C42 | value='0.0170305033469734' | fill=00000000 | rows=[41] | cols=[2] | col_header=False | row_header=False | metadata=False
Cell D42 | value='0.0339895615264426' | fill=00000000 | rows=[41] | cols=[3] | col_header=False | row_header=False | metadata=False
Cell E42 | value='0.0151297949430161' | fill=00000000 | rows=[41] | cols=[4] | col_header=False | row_header=False | metadata=False
Cell F42 | value='-0.0115420718026338' | fill=00000000 | rows=[41] | cols=[5] | col_header=False | row_header=False | metadata=False
Cell G42 | value='0.0245106000224304' | fill=00000000 | rows=[41] | cols=[6] | col_header=False | row_header=False | metadata=False
Cell H42 | value='0.0440926556170289' | fill=00000000 | rows=[41] | cols=[7] | col_header=False | row_header=False | metadata=False
Cell I42 | value='0.04420949264544' | fill=00000000 | rows=[41] | cols=[8] | col_header=False | row_header=False | metadata=False
Cell J42 | value='0.0646647283936426' | fill=00000000 | rows=[41] | cols=[9] | col_header=False | row_header=False | metadata=False
Cell K42 | value='0.0579777842093829' | fill=00000000 | rows=[41] | cols=[10] | col_header=False | row_header=False | metadata=False
Cell L42 | value='0.0671228318164335' | fill=00000000 | rows=[41] | cols=[11] | col_header=False | row_header=False | metadata=False
Cell M42 | value='0.0263589348743979' | fill=00000000 | rows=[41] | cols=[12] | col_header=False | row_header=False | metadata=False
Cell N42 | value='0.0240315387333041' | fill=00000000 | rows=[41] | cols=[13] | col_header=False | row_header=False | metadata=False
Cell O42 | value='0.0744155456028184' | fill=00000000 | rows=[41] | cols=[14] | col_header=False | row_header=False | metadata=False
Cell P42 | value='0.0826613730209747' | fill=00000000 | rows=[41] | cols=[15] | col_header=False | row_header=False | metadata=False
Cell Q42 | value='0.0944942432565107' | fill=00000000 | rows=[41] | cols=[16] | col_header=False | row_header=False | metadata=False
Cell R42 | value='0.0565186443927412' | fill=00000000 | rows=[41] | cols=[17] | col_header=False | row_header=False | metadata=False
Cell S42 | value='0.0710590199095461' | fill=00000000 | rows=[41] | cols=[18] | col_header=False | row_header=False | metadata=False
Cell T42 | value='0.0760295787333318' | fill=00000000 | rows=[41] | cols=[19] | col_header=False | row_header=False | metadata=False
Cell U42 | value='0.0763017754855536' | fill=00000000 | rows=[41] | cols=[20] | col_header=False | row_header=False | metadata=False
Cell V42 | value='0.0849280435184694' | fill=00000000 | rows=[41] | cols=[21] | col_header=False | row_header=False | metadata=False
Cell A44 | value='Addendum:' | fill=00000000 | rows=[43] | cols=[0] | col_header=False | row_header=False | metadata=False
Cell A45 | value='Digital Goods' | fill=FF00B050 | rows=[44] | cols=[0] | col_header=False | row_header=True | metadata=False
Cell B45 | value='--' | fill=00000000 | rows=[44] | cols=[1] | col_header=False | row_header=False | metadata=False
Cell C45 | value='0.512096579376653' | fill=00000000 | rows=[44] | cols=[2] | col_header=False | row_header=False | metadata=False
Cell D45 | value='0.534934897587229' | fill=00000000 | rows=[44] | cols=[3] | col_header=False | row_header=False | metadata=False
Cell E45 | value='0.609877330035419' | fill=00000000 | rows=[44] | cols=[4] | col_header=False | row_header=False | metadata=False
Cell F45 | value='-0.104037389686128' | fill=00000000 | rows=[44] | cols=[5] | col_header=False | row_header=False | metadata=False
Cell G45 | value='-0.264461281090096' | fill=00000000 | rows=[44] | cols=[6] | col_header=False | row_header=False | metadata=False
Cell H45 | value='0.132795727719402' | fill=00000000 | rows=[44] | cols=[7] | col_header=False | row_header=False | metadata=False
Cell I45 | value='0.0997962595134193' | fill=00000000 | rows=[44] | cols=[8] | col_header=False | row_header=False | metadata=False
Cell J45 | value='0.137318726678373' | fill=00000000 | rows=[44] | cols=[9] | col_header=False | row_header=False | metadata=False
Cell K45 | value='0.151721917276852' | fill=00000000 | rows=[44] | cols=[10] | col_header=False | row_header=False | metadata=False
Cell L45 | value='0.0874970742866344' | fill=00000000 | rows=[44] | cols=[11] | col_header=False | row_header=False | metadata=False
Cell M45 | value='0.0361932589323041' | fill=00000000 | rows=[44] | cols=[12] | col_header=False | row_header=False | metadata=False
Cell N45 | value='-0.139279136829387' | fill=00000000 | rows=[44] | cols=[13] | col_header=False | row_header=False | metadata=False
Cell O45 | value='0.0503714141243452' | fill=00000000 | rows=[44] | cols=[14] | col_header=False | row_header=False | metadata=False
Cell P45 | value='0.00573018170384254' | fill=00000000 | rows=[44] | cols=[15] | col_header=False | row_header=False | metadata=False
Cell Q45 | value='-0.029801991735459' | fill=00000000 | rows=[44] | cols=[16] | col_header=False | row_header=False | metadata=False
Cell R45 | value='0.00674436601914647' | fill=00000000 | rows=[44] | cols=[17] | col_header=False | row_header=False | metadata=False
Cell S45 | value='-0.00257184743006429' | fill=00000000 | rows=[44] | cols=[18] | col_header=False | row_header=False | metadata=False
Cell T45 | value='0.0347779540272202' | fill=00000000 | rows=[44] | cols=[19] | col_header=False | row_header=False | metadata=False
Cell U45 | value='-0.00188754163312583' | fill=00000000 | rows=[44] | cols=[20] | col_header=False | row_header=False | metadata=False
Cell V45 | value='0.0309411842323743' | fill=00000000 | rows=[44] | cols=[21] | col_header=False | row_header=False | metadata=False
Cell A46 | value='Digital Services' | fill=00000000 | rows=[45] | cols=[0] | col_header=False | row_header=False | metadata=False
Cell B46 | value='--' | fill=00000000 | rows=[45] | cols=[1] | col_header=False | row_header=False | metadata=False
Cell C46 | value='0.581158156581533' | fill=00000000 | rows=[45] | cols=[2] | col_header=False | row_header=False | metadata=False
Cell D46 | value='0.721091120448904' | fill=00000000 | rows=[45] | cols=[3] | col_header=False | row_header=False | metadata=False
Cell E46 | value='0.477410843039708' | fill=00000000 | rows=[45] | cols=[4] | col_header=False | row_header=False | metadata=False
Cell F46 | value='0.194046981209416' | fill=00000000 | rows=[45] | cols=[5] | col_header=False | row_header=False | metadata=False
Cell G46 | value='0.0173325157835969' | fill=00000000 | rows=[45] | cols=[6] | col_header=False | row_header=False | metadata=False
Cell H46 | value='0.022852098702124' | fill=00000000 | rows=[45] | cols=[7] | col_header=False | row_header=False | metadata=False
Cell I46 | value='0.257833910480499' | fill=00000000 | rows=[45] | cols=[8] | col_header=False | row_header=False | metadata=False
Cell J46 | value='0.322874022784173' | fill=00000000 | rows=[45] | cols=[9] | col_header=False | row_header=False | metadata=False
Cell K46 | value='0.231417946015478' | fill=00000000 | rows=[45] | cols=[10] | col_header=False | row_header=False | metadata=False
Cell L46 | value='0.301430727808793' | fill=00000000 | rows=[45] | cols=[11] | col_header=False | row_header=False | metadata=False
Cell M46 | value='0.236974360548815' | fill=00000000 | rows=[45] | cols=[12] | col_header=False | row_header=False | metadata=False
Cell N46 | value='0.0365599031412232' | fill=00000000 | rows=[45] | cols=[13] | col_header=False | row_header=False | metadata=False
Cell O46 | value='0.359458827067048' | fill=00000000 | rows=[45] | cols=[14] | col_header=False | row_header=False | metadata=False
Cell P46 | value='0.330960995321645' | fill=00000000 | rows=[45] | cols=[15] | col_header=False | row_header=False | metadata=False
Cell Q46 | value='0.297855313912474' | fill=00000000 | rows=[45] | cols=[16] | col_header=False | row_header=False | metadata=False
Cell R46 | value='0.191102818033282' | fill=00000000 | rows=[45] | cols=[17] | col_header=False | row_header=False | metadata=False
Cell S46 | value='0.301704401227695' | fill=00000000 | rows=[45] | cols=[18] | col_header=False | row_header=False | metadata=False
Cell T46 | value='0.244934601606022' | fill=00000000 | rows=[45] | cols=[19] | col_header=False | row_header=False | metadata=False
Cell U46 | value='0.381108182125859' | fill=00000000 | rows=[45] | cols=[20] | col_header=False | row_header=False | metadata=False
Cell V46 | value='0.344442950453376' | fill=00000000 | rows=[45] | cols=[21] | col_header=False | row_header=False | metadata=False
Cell A47 | value='Note: These estimates are based on data valued in producers’ prices and exclude transportation costs and wholesale and retail trade markups, with the exception of retail trade markups associated with e-commerce transactions.' | fill=FF00B0F0 | rows=[46] | cols=[0, 1, 2, 3, 4, 5, 6, 7, 8, 9, 10, 11, 12, 13, 14, 15, 16, 17, 18, 19, 20, 21] | col_header=False | row_header=False | metadata=True
Cell A48 | value='U.S. Bureau of Economic Analysis' | fill=FF00B0F0 | rows=[47] | cols=[0, 1, 2, 3, 4, 5, 6, 7, 8, 9, 10, 11, 12, 13, 14, 15, 16, 17, 18, 19, 20, 21] | col_header=False | row_header=False | metadata=True

