=== economy-table52.xlsx ===
Cell A2 | value='Row labels' | fill=FFFFFF00 | rows=[1] | cols=[0] | col_header=True | row_header=False | metadata=False
Cell B2 | value='Cost' | fill=FFFFFF00 | rows=[1] | cols=[1] | col_header=True | row_header=False | metadata=False
Cell C2 | value='% of Total' | fill=FFFFFF00 | rows=[1] | cols=[2] | col_header=True | row_header=False | metadata=False
Cell A3 | value='A & A GLOBAL INDUSTRIES  EQ' | fill=FF00B050 | rows=[2] | cols=[0] | col_header=False | row_header=True | metadata=False
Cell A4 | value='Cranes/Merchandisers - New' | fill=FF00B050 | rows=[3] | cols=[0] | col_header=False | row_header=True | metadata=False
Cell A5 | value='4 COL STICKER MACHINE W/STAND' | fill=FF00B050 | rows=[4] | cols=[0] | col_header=False | row_header=True | metadata=False
Cell B5 | value='348.2' | fill=00000000 | rows=[4] | cols=[1] | col_header=False | row_header=False | metadata=False
Cell C5 | value='0.005854496756235533' | fill=00000000 | rows=[4] | cols=[2] | col_header=False | row_header=False | metadata=False
Cell A6 | value='Cranes/Merchandisers - New Total' | fill=FF00B050 | rows=[5] | cols=[0] | col_header=False | row_header=True | metadata=False
Cell B6 | value='348.2' | fill=00000000 | rows=[5] | cols=[1] | col_header=False | row_header=False | metadata=False
Cell C6 | value='0.005854496756235533' | fill=00000000 | rows=[5] | cols=[2] | col_header=False | row_header=False | metadata=False
Cell A7 | value='Redemption- New' | fill=FF00B050 | rows=[6] | cols=[0] | col_header=False | row_header=True | metadata=False
Cell A8 | value='2001 MACHINE 25"' | fill=FF00B050 | rows=[7] | cols=[0] | col_header=False | row_header=True | metadata=False
Cell B8 | value='96.65' | fill=00000000 | rows=[7] | cols=[1] | col_header=False | row_header=False | metadata=False
Cell C8 | value='0.0016250347831423444' | fill=00000000 | rows=[7] | cols=[2] | col_header=False | row_header=False | metadata=False
Cell A9 | value='PN95 MACHINE W/PLASTIC GLOBE' | fill=FF00B050 | rows=[8] | cols=[0] | col_header=False | row_header=True | metadata=False
Cell B9 | value='53' | fill=00000000 | rows=[8] | cols=[1] | col_header=False | row_header=False | metadata=False
Cell C9 | value='0.0008911209881691076' | fill=00000000 | rows=[8] | cols=[2] | col_header=False | row_header=False | metadata=False
Cell A10 | value='Redemption- New Total' | fill=FF00B050 | rows=[9] | cols=[0] | col_header=False | row_header=True | metadata=False
Cell B10 | value='149.65' | fill=00000000 | rows=[9] | cols=[1] | col_header=False | row_header=False | metadata=False
Cell C10 | value='0.002516155771311452' | fill=00000000 | rows=[9] | cols=[2] | col_header=False | row_header=False | metadata=False
Cell A11 | value='A & A GLOBAL INDUSTRIES  EQ Total' | fill=FF00B050 | rows=[10] | cols=[0] | col_header=False | row_header=True | metadata=False
Cell B11 | value='497.85' | fill=00000000 | rows=[10] | cols=[1] | col_header=False | row_header=False | metadata=False
Cell C11 | value='0.008370652527546986' | fill=00000000 | rows=[10] | cols=[2] | col_header=False | row_header=False | metadata=False
Cell A12 | value='AMERICAN CHANGER CORP       EQ' | fill=FF00B050 | rows=[11] | cols=[0] | col_header=False | row_header=True | metadata=False
Cell A13 | value='Bill Changers/Token Dispensers' | fill=FF00B050 | rows=[12] | cols=[0] | col_header=False | row_header=True | metadata=False
Cell A14 | value='AC 1000 HEADER' | fill=FF00B050 | rows=[13] | cols=[0] | col_header=False | row_header=True | metadata=False
Cell B14 | value='34' | fill=00000000 | rows=[13] | cols=[1] | col_header=False | row_header=False | metadata=False
Cell C14 | value='0.0005716625207122577' | fill=00000000 | rows=[13] | cols=[2] | col_header=False | row_header=False | metadata=False
Cell A15 | value='AC 1072 BASE' | fill=FF00B050 | rows=[14] | cols=[0] | col_header=False | row_header=True | metadata=False
Cell B15 | value='0.01' | fill=00000000 | rows=[14] | cols=[1] | col_header=False | row_header=False | metadata=False
Cell C15 | value='1.6813603550360522e-07' | fill=00000000 | rows=[14] | cols=[2] | col_header=False | row_header=False | metadata=False
Cell A16 | value='AC 2000 BASE & HEADER COMBO' | fill=FF00B050 | rows=[15] | cols=[0] | col_header=False | row_header=True | metadata=False
Cell B16 | value='99' | fill=00000000 | rows=[15] | cols=[1] | col_header=False | row_header=False | metadata=False
Cell C16 | value='0.0016645467514856916' | fill=00000000 | rows=[15] | cols=[2] | col_header=False | row_header=False | metadata=False
Cell A17 | value='AC 2071 DOUBLE DEBIT BASE' | fill=FF00B050 | rows=[16] | cols=[0] | col_header=False | row_header=True | metadata=False
Cell B17 | value='0.01' | fill=00000000 | rows=[16] | cols=[1] | col_header=False | row_header=False | metadata=False
Cell C17 | value='1.6813603550360522e-07' | fill=00000000 | rows=[16] | cols=[2] | col_header=False | row_header=False | metadata=False
Cell A18 | value='AC 6002' | fill=FF00B050 | rows=[17] | cols=[0] | col_header=False | row_header=True | metadata=False
Cell B18 | value='740.53' | fill=00000000 | rows=[17] | cols=[1] | col_header=False | row_header=False | metadata=False
Cell C18 | value='0.012450977837148476' | fill=00000000 | rows=[17] | cols=[2] | col_header=False | row_header=False | metadata=False
Cell A19 | value='AC1000' | fill=FF00B050 | rows=[18] | cols=[0] | col_header=False | row_header=True | metadata=False
Cell B19 | value='0.01' | fill=00000000 | rows=[18] | cols=[1] | col_header=False | row_header=False | metadata=False
Cell C19 | value='1.6813603550360522e-07' | fill=00000000 | rows=[18] | cols=[2] | col_header=False | row_header=False | metadata=False
Cell A20 | value='AC1000 Base' | fill=FF00B050 | rows=[19] | cols=[0] | col_header=False | row_header=True | metadata=False
Cell B20 | value='110' | fill=00000000 | rows=[19] | cols=[1] | col_header=False | row_header=False | metadata=False
Cell C20 | value='0.0018494963905396574' | fill=00000000 | rows=[19] | cols=[2] | col_header=False | row_header=False | metadata=False
Cell A21 | value='AC1000 No Validator' | fill=FF00B050 | rows=[20] | cols=[0] | col_header=False | row_header=True | metadata=False
Cell B21 | value='1060' | fill=00000000 | rows=[20] | cols=[1] | col_header=False | row_header=False | metadata=False
Cell C21 | value='0.01782241976338215' | fill=00000000 | rows=[20] | cols=[2] | col_header=False | row_header=False | metadata=False
Cell A22 | value='AC1001 With Coinco Validator' | fill=FF00B050 | rows=[21] | cols=[0] | col_header=False | row_header=True | metadata=False
Cell B22 | value='0.01' | fill=00000000 | rows=[21] | cols=[1] | col_header=False | row_header=False | metadata=False
Cell C22 | value='1.6813603550360522e-07' | fill=00000000 | rows=[21] | cols=[2] | col_header=False | row_header=False | metadata=False
Cell A23 | value='AC1001 With PYRAMID Validator' | fill=FF00B050 | rows=[22] | cols=[0] | col_header=False | row_header=True | metadata=False
Cell B23 | value='1269' | fill=00000000 | rows=[22] | cols=[1] | col_header=False | row_header=False | metadata=False
Cell C23 | value='0.021336462905407503' | fill=00000000 | rows=[22] | cols=[2] | col_header=False | row_header=False | metadata=False
Cell A24 | value='AC1002 High Security' | fill=FF00B050 | rows=[23] | cols=[0] | col_header=False | row_header=True | metadata=False
Cell B24 | value='1475' | fill=00000000 | rows=[23] | cols=[1] | col_header=False | row_header=False | metadata=False
Cell C24 | value='0.024800065236781767' | fill=00000000 | rows=[23] | cols=[2] | col_header=False | row_header=False | metadata=False
Cell A25 | value='AC1005 Rear Load' | fill=FF00B050 | rows=[24] | cols=[0] | col_header=False | row_header=True | metadata=False
Cell B25 | value='1409' | fill=00000000 | rows=[24] | cols=[1] | col_header=False | row_header=False | metadata=False
Cell C25 | value='0.023690367402457974' | fill=00000000 | rows=[24] | cols=[2] | col_header=False | row_header=False | metadata=False
Cell A26 | value='AC1070 AC1000-AC1001 Base' | fill=FF00B050 | rows=[25] | cols=[0] | col_header=False | row_header=True | metadata=False
Cell B26 | value='110.01' | fill=00000000 | rows=[25] | cols=[1] | col_header=False | row_header=False | metadata=False
Cell C26 | value='0.001849664526575161' | fill=00000000 | rows=[25] | cols=[2] | col_header=False | row_header=False | metadata=False
Cell A27 | value='AC1075 AC1000-AC1001 Header' | fill=FF00B050 | rows=[26] | cols=[0] | col_header=False | row_header=True | metadata=False
Cell B27 | value='60.01' | fill=00000000 | rows=[26] | cols=[1] | col_header=False | row_header=False | metadata=False
Cell C27 | value='0.0010089843490571349' | fill=00000000 | rows=[26] | cols=[2] | col_header=False | row_header=False | metadata=False
Cell A28 | value='AC1076 AC1002 Regular Base' | fill=FF00B050 | rows=[27] | cols=[0] | col_header=False | row_header=True | metadata=False
Cell B28 | value='0.01' | fill=00000000 | rows=[27] | cols=[1] | col_header=False | row_header=False | metadata=False
Cell C28 | value='1.6813603550360522e-07' | fill=00000000 | rows=[27] | cols=[2] | col_header=False | row_header=False | metadata=False
Cell A29 | value='AC1090 Large Alarm' | fill=FF00B050 | rows=[28] | cols=[0] | col_header=False | row_header=True | metadata=False
Cell B29 | value='0.01' | fill=00000000 | rows=[28] | cols=[1] | col_header=False | row_header=False | metadata=False
Cell C29 | value='1.6813603550360522e-07' | fill=00000000 | rows=[28] | cols=[2] | col_header=False | row_header=False | metadata=False
Cell A30 | value='AC2000 No Validator' | fill=FF00B050 | rows=[29] | cols=[0] | col_header=False | row_header=True | metadata=False
Cell B30 | value='1475' | fill=00000000 | rows=[29] | cols=[1] | col_header=False | row_header=False | metadata=False
Cell C30 | value='0.024800065236781767' | fill=00000000 | rows=[29] | cols=[2] | col_header=False | row_header=False | metadata=False
Cell A31 | value='AC2001 Coinco Validator' | fill=FF00B050 | rows=[30] | cols=[0] | col_header=False | row_header=True | metadata=False
Cell B31 | value='0.01' | fill=00000000 | rows=[30] | cols=[1] | col_header=False | row_header=False | metadata=False
Cell C31 | value='1.6813603550360522e-07' | fill=00000000 | rows=[30] | cols=[2] | col_header=False | row_header=False | metadata=False
Cell A32 | value='AC2001 WITH VALIDATOR' | fill=FF00B050 | rows=[31] | cols=[0] | col_header=False | row_header=True | metadata=False
Cell B32 | value='1679' | fill=00000000 | rows=[31] | cols=[1] | col_header=False | row_header=False | metadata=False
Cell C32 | value='0.028230040361055316' | fill=00000000 | rows=[31] | cols=[2] | col_header=False | row_header=False | metadata=False
Cell A33 | value='AC2002 High Security 2 Validat' | fill=FF00B050 | rows=[32] | cols=[0] | col_header=False | row_header=True | metadata=False
Cell B33 | value='2329' | fill=00000000 | rows=[32] | cols=[1] | col_header=False | row_header=False | metadata=False
Cell C33 | value='0.039158882668789655' | fill=00000000 | rows=[32] | cols=[2] | col_header=False | row_header=False | metadata=False
Cell A34 | value='AC2002.1 High Security 1 Valid' | fill=FF00B050 | rows=[33] | cols=[0] | col_header=False | row_header=True | metadata=False
Cell B34 | value='2039' | fill=00000000 | rows=[33] | cols=[1] | col_header=False | row_header=False | metadata=False
Cell C34 | value='0.0342829376391851' | fill=00000000 | rows=[33] | cols=[2] | col_header=False | row_header=False | metadata=False
Cell A35 | value='AC2003 Change or Token Front' | fill=FF00B050 | rows=[34] | cols=[0] | col_header=False | row_header=True | metadata=False
Cell B35 | value='1785' | fill=00000000 | rows=[34] | cols=[1] | col_header=False | row_header=False | metadata=False
Cell C35 | value='0.03001228233739353' | fill=00000000 | rows=[34] | cols=[2] | col_header=False | row_header=False | metadata=False
Cell A36 | value='AC2004' | fill=FF00B050 | rows=[35] | cols=[0] | col_header=False | row_header=True | metadata=False
Cell B36 | value='1195' | fill=00000000 | rows=[35] | cols=[1] | col_header=False | row_header=False | metadata=False
Cell C36 | value='0.020092256242680823' | fill=00000000 | rows=[35] | cols=[2] | col_header=False | row_header=False | metadata=False
Cell A37 | value='AC2005 Rear Load Dual Hoppers' | fill=FF00B050 | rows=[36] | cols=[0] | col_header=False | row_header=True | metadata=False
Cell B37 | value='1845' | fill=00000000 | rows=[36] | cols=[1] | col_header=False | row_header=False | metadata=False
Cell C37 | value='0.031021098550415162' | fill=00000000 | rows=[36] | cols=[2] | col_header=False | row_header=False | metadata=False
Cell A38 | value='AC2006 Credit Card to Token Fr' | fill=FF00B050 | rows=[37] | cols=[0] | col_header=False | row_header=True | metadata=False
Cell B38 | value='3679' | fill=00000000 | rows=[37] | cols=[1] | col_header=False | row_header=False | metadata=False
Cell C38 | value='0.06185724746177636' | fill=00000000 | rows=[37] | cols=[2] | col_header=False | row_header=False | metadata=False
Cell A39 | value='AC2070 AC2001 Base' | fill=FF00B050 | rows=[38] | cols=[0] | col_header=False | row_header=True | metadata=False
Cell B39 | value='145' | fill=00000000 | rows=[38] | cols=[1] | col_header=False | row_header=False | metadata=False
Cell C39 | value='0.0024379725148022755' | fill=00000000 | rows=[38] | cols=[2] | col_header=False | row_header=False | metadata=False
Cell A40 | value='AC2075 AC2001 HEADER' | fill=FF00B050 | rows=[39] | cols=[0] | col_header=False | row_header=True | metadata=False
Cell B40 | value='69' | fill=00000000 | rows=[39] | cols=[1] | col_header=False | row_header=False | metadata=False
Cell C40 | value='0.001160138644974876' | fill=00000000 | rows=[39] | cols=[2] | col_header=False | row_header=False | metadata=False
Cell A41 | value='AC2076 AC2002 H/S Base' | fill=FF00B050 | rows=[40] | cols=[0] | col_header=False | row_header=True | metadata=False
Cell B41 | value='320' | fill=00000000 | rows=[40] | cols=[1] | col_header=False | row_header=False | metadata=False
Cell C41 | value='0.005380353136115366' | fill=00000000 | rows=[40] | cols=[2] | col_header=False | row_header=False | metadata=False
Cell A42 | value='AC2076 AC2002-AC7000 Base' | fill=FF00B050 | rows=[41] | cols=[0] | col_header=False | row_header=True | metadata=False
Cell B42 | value='320' | fill=00000000 | rows=[41] | cols=[1] | col_header=False | row_header=False | metadata=False
Cell C42 | value='0.005380353136115366' | fill=00000000 | rows=[41] | cols=[2] | col_header=False | row_header=False | metadata=False
Cell A43 | value='AC2076.1 AC2002 Regular Base' | fill=FF00B050 | rows=[42] | cols=[0] | col_header=False | row_header=True | metadata=False
Cell B43 | value='378' | fill=00000000 | rows=[42] | cols=[1] | col_header=False | row_header=False | metadata=False
Cell C43 | value='0.006355542142036277' | fill=00000000 | rows=[42] | cols=[2] | col_header=False | row_header=False | metadata=False
Cell A44 | value='AC2077 Vending Header AC2002' | fill=FF00B050 | rows=[43] | cols=[0] | col_header=False | row_header=True | metadata=False
Cell B44 | value='81' | fill=00000000 | rows=[43] | cols=[1] | col_header=False | row_header=False | metadata=False
Cell C44 | value='0.0013619018875792022' | fill=00000000 | rows=[43] | cols=[2] | col_header=False | row_header=False | metadata=False
Cell A45 | value='AC2221 Rear Load (2 AC1005's)' | fill=FF00B050 | rows=[44] | cols=[0] | col_header=False | row_header=True | metadata=False
Cell B45 | value='2515' | fill=00000000 | rows=[44] | cols=[1] | col_header=False | row_header=False | metadata=False
Cell C45 | value='0.042286212929156713' | fill=00000000 | rows=[44] | cols=[2] | col_header=False | row_header=False | metadata=False
Cell A46 | value='AC2225 Rear Load (2 in 1)' | fill=FF00B050 | rows=[45] | cols=[0] | col_header=False | row_header=True | metadata=False
Cell B46 | value='2575' | fill=00000000 | rows=[45] | cols=[1] | col_header=False | row_header=False | metadata=False
Cell C46 | value='0.043295029142178344' | fill=00000000 | rows=[45] | cols=[2] | col_header=False | row_header=False | metadata=False
Cell A47 | value='AC250 Token Dispenser' | fill=FF00B050 | rows=[46] | cols=[0] | col_header=False | row_header=True | metadata=False
Cell B47 | value='1205' | fill=00000000 | rows=[46] | cols=[1] | col_header=False | row_header=False | metadata=False
Cell C47 | value='0.02026039227818443' | fill=00000000 | rows=[46] | cols=[2] | col_header=False | row_header=False | metadata=False
Cell A48 | value='AC300 Mini Changer' | fill=FF00B050 | rows=[47] | cols=[0] | col_header=False | row_header=True | metadata=False
Cell B48 | value='339' | fill=00000000 | rows=[47] | cols=[1] | col_header=False | row_header=False | metadata=False
Cell C48 | value='0.0056998116035722165' | fill=00000000 | rows=[47] | cols=[2] | col_header=False | row_header=False | metadata=False
Cell A49 | value='AC3070 AC300 Base' | fill=FF00B050 | rows=[48] | cols=[0] | col_header=False | row_header=True | metadata=False
Cell B49 | value='0.01' | fill=00000000 | rows=[48] | cols=[1] | col_header=False | row_header=False | metadata=False
Cell C49 | value='1.6813603550360522e-07' | fill=00000000 | rows=[48] | cols=[2] | col_header=False | row_header=False | metadata=False
Cell A50 | value='AC3075 AC300 Header' | fill=FF00B050 | rows=[49] | cols=[0] | col_header=False | row_header=True | metadata=False
Cell B50 | value='0.01' | fill=00000000 | rows=[49] | cols=[1] | col_header=False | row_header=False | metadata=False
Cell C50 | value='1.6813603550360522e-07' | fill=00000000 | rows=[49] | cols=[2] | col_header=False | row_header=False | metadata=False
Cell A51 | value='AC400 $1.00 Acceptor' | fill=FF00B050 | rows=[50] | cols=[0] | col_header=False | row_header=True | metadata=False
Cell B51 | value='799' | fill=00000000 | rows=[50] | cols=[1] | col_header=False | row_header=False | metadata=False
Cell C51 | value='0.013434069236738056' | fill=00000000 | rows=[50] | cols=[2] | col_header=False | row_header=False | metadata=False
Cell A52 | value='AC500 $1 & $5 Acceptor' | fill=FF00B050 | rows=[51] | cols=[0] | col_header=False | row_header=True | metadata=False
Cell B52 | value='979.01' | fill=00000000 | rows=[51] | cols=[1] | col_header=False | row_header=False | metadata=False
Cell C52 | value='0.016460686011838453' | fill=00000000 | rows=[51] | cols=[2] | col_header=False | row_header=False | metadata=False
Cell A53 | value='AC500 No Validator' | fill=FF00B050 | rows=[52] | cols=[0] | col_header=False | row_header=True | metadata=False
Cell B53 | value='0.01' | fill=00000000 | rows=[52] | cols=[1] | col_header=False | row_header=False | metadata=False
Cell C53 | value='1.6813603550360522e-07' | fill=00000000 | rows=[52] | cols=[2] | col_header=False | row_header=False | metadata=False
Cell A54 | value='AC501 1-Bin Phone Card Machine' | fill=FF00B050 | rows=[53] | cols=[0] | col_header=False | row_header=True | metadata=False
Cell B54 | value='1649' | fill=00000000 | rows=[53] | cols=[1] | col_header=False | row_header=False | metadata=False
Cell C54 | value='0.0277256322545445' | fill=00000000 | rows=[53] | cols=[2] | col_header=False | row_header=False | metadata=False
Cell A55 | value='AC502 2-Bin Phone Card Machine' | fill=FF00B050 | rows=[54] | cols=[0] | col_header=False | row_header=True | metadata=False
Cell B55 | value='1989' | fill=00000000 | rows=[54] | cols=[1] | col_header=False | row_header=False | metadata=False
Cell C55 | value='0.033442257461667076' | fill=00000000 | rows=[54] | cols=[2] | col_header=False | row_header=False | metadata=False
Cell A56 | value='AC5070 AC400-AC500 Base' | fill=FF00B050 | rows=[55] | cols=[0] | col_header=False | row_header=True | metadata=False
Cell B56 | value='110' | fill=00000000 | rows=[55] | cols=[1] | col_header=False | row_header=False | metadata=False
Cell C56 | value='0.0018494963905396574' | fill=00000000 | rows=[55] | cols=[2] | col_header=False | row_header=False | metadata=False
Cell A57 | value='AC5075 AC400-AC500 Header' | fill=FF00B050 | rows=[56] | cols=[0] | col_header=False | row_header=True | metadata=False
Cell B57 | value='55' | fill=00000000 | rows=[56] | cols=[1] | col_header=False | row_header=False | metadata=False
Cell C57 | value='0.0009247481952698287' | fill=00000000 | rows=[56] | cols=[2] | col_header=False | row_header=False | metadata=False
Cell A58 | value='AC6000 Change Front' | fill=FF00B050 | rows=[57] | cols=[0] | col_header=False | row_header=True | metadata=False
Cell B58 | value='3505.01' | fill=00000000 | rows=[57] | cols=[1] | col_header=False | row_header=False | metadata=False
Cell C58 | value='0.058931848580049136' | fill=00000000 | rows=[57] | cols=[2] | col_header=False | row_header=False | metadata=False
Cell A59 | value='AC6000 Token Front' | fill=FF00B050 | rows=[58] | cols=[0] | col_header=False | row_header=True | metadata=False
Cell B59 | value='3505.01' | fill=00000000 | rows=[58] | cols=[1] | col_header=False | row_header=False | metadata=False
Cell C59 | value='0.058931848580049136' | fill=00000000 | rows=[58] | cols=[2] | col_header=False | row_header=False | metadata=False
Cell A60 | value='AC6007 Credit Card to Token' | fill=FF00B050 | rows=[59] | cols=[0] | col_header=False | row_header=True | metadata=False
Cell B60 | value='5509' | fill=00000000 | rows=[59] | cols=[1] | col_header=False | row_header=False | metadata=False
Cell C60 | value='0.0926261419589361' | fill=00000000 | rows=[59] | cols=[2] | col_header=False | row_header=False | metadata=False
Cell A61 | value='AC6075 AC6000 Change Marquee' | fill=FF00B050 | rows=[60] | cols=[0] | col_header=False | row_header=True | metadata=False
Cell B61 | value='147' | fill=00000000 | rows=[60] | cols=[1] | col_header=False | row_header=False | metadata=False
Cell C61 | value='0.0024715997219029967' | fill=00000000 | rows=[60] | cols=[2] | col_header=False | row_header=False | metadata=False
Cell A62 | value='AC6075.1 AC6000 Token Marquee' | fill=FF00B050 | rows=[61] | cols=[0] | col_header=False | row_header=True | metadata=False
Cell B62 | value='147' | fill=00000000 | rows=[61] | cols=[1] | col_header=False | row_header=False | metadata=False
Cell C62 | value='0.0024715997219029967' | fill=00000000 | rows=[61] | cols=[2] | col_header=False | row_header=False | metadata=False
Cell A63 | value='AC7000 Bill Dispenser' | fill=FF00B050 | rows=[62] | cols=[0] | col_header=False | row_header=True | metadata=False
Cell B63 | value='3295' | fill=00000000 | rows=[62] | cols=[1] | col_header=False | row_header=False | metadata=False
Cell C63 | value='0.05540082369843792' | fill=00000000 | rows=[62] | cols=[2] | col_header=False | row_header=False | metadata=False
Cell A64 | value='AC7505 Rear Load Bill to B & C' | fill=FF00B050 | rows=[63] | cols=[0] | col_header=False | row_header=True | metadata=False
Cell B64 | value='0.02' | fill=00000000 | rows=[63] | cols=[1] | col_header=False | row_header=False | metadata=False
Cell C64 | value='3.3627207100721045e-07' | fill=00000000 | rows=[63] | cols=[2] | col_header=False | row_header=False | metadata=False
Cell A65 | value='HOPPER EXTENSION (AMER CHANG)' | fill=FF00B050 | rows=[64] | cols=[0] | col_header=False | row_header=True | metadata=False
Cell B65 | value='0.01' | fill=00000000 | rows=[64] | cols=[1] | col_header=False | row_header=False | metadata=False
Cell C65 | value='1.6813603550360522e-07' | fill=00000000 | rows=[64] | cols=[2] | col_header=False | row_header=False | metadata=False
Cell A66 | value='Bill Changers/Token Dispensers Total' | fill=FF00B050 | rows=[65] | cols=[0] | col_header=False | row_header=True | metadata=False
Cell B66 | value='52028.71' | fill=00000000 | rows=[65] | cols=[1] | col_header=False | row_header=False | metadata=False
Cell C66 | value='0.8747901031766779' | fill=00000000 | rows=[65] | cols=[2] | col_header=False | row_header=False | metadata=False
Cell A67 | value='AMERICAN CHANGER CORP       EQ Total' | fill=FF00B050 | rows=[66] | cols=[0] | col_header=False | row_header=True | metadata=False
Cell B67 | value='52028.71' | fill=00000000 | rows=[66] | cols=[1] | col_header=False | row_header=False | metadata=False
Cell C67 | value='0.8747901031766779' | fill=00000000 | rows=[66] | cols=[2] | col_header=False | row_header=False | metadata=False
Cell A68 | value='BETSON CARLSTADT WAREHOUSE 210' | fill=FF00B050 | rows=[67] | cols=[0] | col_header=False | row_header=True | metadata=False
Cell A69 | value='Bill Changers/Token Dispensers' | fill=FF00B050 | rows=[68] | cols=[0] | col_header=False | row_header=True | metadata=False
Cell A70 | value='AC 1076  1002 REGULAR BASE' | fill=FF00B050 | rows=[69] | cols=[0] | col_header=False | row_header=True | metadata=False
Cell B70 | value='89' | fill=00000000 | rows=[69] | cols=[1] | col_header=False | row_header=False | metadata=False
Cell C70 | value='0.0014964107159820864' | fill=00000000 | rows=[69] | cols=[2] | col_header=False | row_header=False | metadata=False
Cell A71 | value='AC 2065.1 ROLL DOWN COIN MECH' | fill=FF00B050 | rows=[70] | cols=[0] | col_header=False | row_header=True | metadata=False
Cell B71 | value='99' | fill=00000000 | rows=[70] | cols=[1] | col_header=False | row_header=False | metadata=False
Cell C71 | value='0.0016645467514856916' | fill=00000000 | rows=[70] | cols=[2] | col_header=False | row_header=False | metadata=False
Cell A72 | value='AC1002 High Security' | fill=FF00B050 | rows=[71] | cols=[0] | col_header=False | row_header=True | metadata=False
Cell B72 | value='0' | fill=00000000 | rows=[71] | cols=[1] | col_header=False | row_header=False | metadata=False
Cell C72 | value='0' | fill=00000000 | rows=[71] | cols=[2] | col_header=False | row_header=False | metadata=False
Cell A73 | value='AC1076 AC1002 REG BASE' | fill=FF00B050 | rows=[72] | cols=[0] | col_header=False | row_header=True | metadata=False
Cell B73 | value='0' | fill=00000000 | rows=[72] | cols=[1] | col_header=False | row_header=False | metadata=False
Cell C73 | value='0' | fill=00000000 | rows=[72] | cols=[2] | col_header=False | row_header=False | metadata=False
Cell A74 | value='AC1077 AC1002 Header' | fill=FF00B050 | rows=[73] | cols=[0] | col_header=False | row_header=True | metadata=False
Cell B74 | value='69' | fill=00000000 | rows=[73] | cols=[1] | col_header=False | row_header=False | metadata=False
Cell C74 | value='0.001160138644974876' | fill=00000000 | rows=[73] | cols=[2] | col_header=False | row_header=False | metadata=False
Cell A75 | value='AC2002 High Security 2 Validat' | fill=FF00B050 | rows=[74] | cols=[0] | col_header=False | row_header=True | metadata=False
Cell B75 | value='0' | fill=00000000 | rows=[74] | cols=[1] | col_header=False | row_header=False | metadata=False
Cell C75 | value='0' | fill=00000000 | rows=[74] | cols=[2] | col_header=False | row_header=False | metadata=False
Cell A76 | value='AC2003 Change or Token Front' | fill=FF00B050 | rows=[75] | cols=[0] | col_header=False | row_header=True | metadata=False
Cell B76 | value='0' | fill=00000000 | rows=[75] | cols=[1] | col_header=False | row_header=False | metadata=False
Cell C76 | value='0' | fill=00000000 | rows=[75] | cols=[2] | col_header=False | row_header=False | metadata=False
Cell A77 | value='AC2066.5 IDX Electronic C/A' | fill=FF00B050 | rows=[76] | cols=[0] | col_header=False | row_header=True | metadata=False
Cell B77 | value='269' | fill=00000000 | rows=[76] | cols=[1] | col_header=False | row_header=False | metadata=False
Cell C77 | value='0.00452285935504698' | fill=00000000 | rows=[76] | cols=[2] | col_header=False | row_header=False | metadata=False
Cell A78 | value='AC2070 AC2001 Base' | fill=FF00B050 | rows=[77] | cols=[0] | col_header=False | row_header=True | metadata=False
Cell B78 | value='0' | fill=00000000 | rows=[77] | cols=[1] | col_header=False | row_header=False | metadata=False
Cell C78 | value='0' | fill=00000000 | rows=[77] | cols=[2] | col_header=False | row_header=False | metadata=False
Cell A79 | value='AC2076 AC1002 H/S BASE' | fill=FF00B050 | rows=[78] | cols=[0] | col_header=False | row_header=True | metadata=False
Cell B79 | value='0' | fill=00000000 | rows=[78] | cols=[1] | col_header=False | row_header=False | metadata=False
Cell C79 | value='0' | fill=00000000 | rows=[78] | cols=[2] | col_header=False | row_header=False | metadata=False
Cell A80 | value='AC250 Token Dispenser' | fill=FF00B050 | rows=[79] | cols=[0] | col_header=False | row_header=True | metadata=False
Cell B80 | value='0' | fill=00000000 | rows=[79] | cols=[1] | col_header=False | row_header=False | metadata=False
Cell C80 | value='0' | fill=00000000 | rows=[79] | cols=[2] | col_header=False | row_header=False | metadata=False
Cell A81 | value='AC400 $1.00 Acceptor' | fill=FF00B050 | rows=[80] | cols=[0] | col_header=False | row_header=True | metadata=False
Cell B81 | value='0.01' | fill=00000000 | rows=[80] | cols=[1] | col_header=False | row_header=False | metadata=False
Cell C81 | value='1.6813603550360522e-07' | fill=00000000 | rows=[80] | cols=[2] | col_header=False | row_header=False | metadata=False
Cell A82 | value='AC6007 Credit Card to Token' | fill=FF00B050 | rows=[81] | cols=[0] | col_header=False | row_header=True | metadata=False
Cell B82 | value='0.01' | fill=00000000 | rows=[81] | cols=[1] | col_header=False | row_header=False | metadata=False
Cell C82 | value='1.6813603550360522e-07' | fill=00000000 | rows=[81] | cols=[2] | col_header=False | row_header=False | metadata=False
Cell A83 | value='AC6075.1 AC6000 Token Marquee' | fill=FF00B050 | rows=[82] | cols=[0] | col_header=False | row_header=True | metadata=False
Cell B83 | value='0' | fill=00000000 | rows=[82] | cols=[1] | col_header=False | row_header=False | metadata=False
Cell C83 | value='0' | fill=00000000 | rows=[82] | cols=[2] | col_header=False | row_header=False | metadata=False
Cell A84 | value='AC7000 Bill Dispenser' | fill=FF00B050 | rows=[83] | cols=[0] | col_header=False | row_header=True | metadata=False
Cell B84 | value='0' | fill=00000000 | rows=[83] | cols=[1] | col_header=False | row_header=False | metadata=False
Cell C84 | value='0' | fill=00000000 | rows=[83] | cols=[2] | col_header=False | row_header=False | metadata=False
Cell A85 | value='AC7005 Bill Dispenser Rear Loa' | fill=FF00B050 | rows=[84] | cols=[0] | col_header=False | row_header=True | metadata=False
Cell B85 | value='3495' | fill=00000000 | rows=[84] | cols=[1] | col_header=False | row_header=False | metadata=False
Cell C85 | value='0.05876354440851002' | fill=00000000 | rows=[84] | cols=[2] | col_header=False | row_header=False | metadata=False
Cell A86 | value='AC7502 Bill to Bill & Coin' | fill=FF00B050 | rows=[85] | cols=[0] | col_header=False | row_header=True | metadata=False
Cell B86 | value='0' | fill=00000000 | rows=[85] | cols=[1] | col_header=False | row_header=False | metadata=False
Cell C86 | value='0' | fill=00000000 | rows=[85] | cols=[2] | col_header=False | row_header=False | metadata=False
Cell A87 | value='AMERICAN CHANGER 400 BASE' | fill=FF00B050 | rows=[86] | cols=[0] | col_header=False | row_header=True | metadata=False
Cell B87 | value='60' | fill=00000000 | rows=[86] | cols=[1] | col_header=False | row_header=False | metadata=False
Cell C87 | value='0.0010088162130216312' | fill=00000000 | rows=[86] | cols=[2] | col_header=False | row_header=False | metadata=False
Cell A88 | value='Bill Changers/Token Dispensers Total' | fill=FF00B050 | rows=[87] | cols=[0] | col_header=False | row_header=True | metadata=False
Cell B88 | value='4081.02' | fill=00000000 | rows=[87] | cols=[1] | col_header=False | row_header=False | metadata=False
Cell C88 | value='0.0686166523610923' | fill=00000000 | rows=[87] | cols=[2] | col_header=False | row_header=False | metadata=False
Cell A89 | value='Cranes/Merchandisers - Used' | fill=FF00B050 | rows=[88] | cols=[0] | col_header=False | row_header=True | metadata=False
Cell A90 | value='4 COL STICKER MACHINE W/STAND' | fill=FF00B050 | rows=[89] | cols=[0] | col_header=False | row_header=True | metadata=False
Cell B90 | value='0' | fill=00000000 | rows=[89] | cols=[1] | col_header=False | row_header=False | metadata=False
Cell C90 | value='0' | fill=00000000 | rows=[89] | cols=[2] | col_header=False | row_header=False | metadata=False
Cell A91 | value='Cranes/Merchandisers - Used Total' | fill=FF00B050 | rows=[90] | cols=[0] | col_header=False | row_header=True | metadata=False
Cell B91 | value='0' | fill=00000000 | rows=[90] | cols=[1] | col_header=False | row_header=False | metadata=False
Cell C91 | value='0' | fill=00000000 | rows=[90] | cols=[2] | col_header=False | row_header=False | metadata=False
Cell A92 | value='Redemption- Used' | fill=FF00B050 | rows=[91] | cols=[0] | col_header=False | row_header=True | metadata=False
Cell A93 | value='2001 MACHINE 25"' | fill=FF00B050 | rows=[92] | cols=[0] | col_header=False | row_header=True | metadata=False
Cell B93 | value='0' | fill=00000000 | rows=[92] | cols=[1] | col_header=False | row_header=False | metadata=False
Cell C93 | value='0' | fill=00000000 | rows=[92] | cols=[2] | col_header=False | row_header=False | metadata=False
Cell A94 | value='PN95 MACHINE W/PLASTIC GLOBE' | fill=FF00B050 | rows=[93] | cols=[0] | col_header=False | row_header=True | metadata=False
Cell B94 | value='0' | fill=00000000 | rows=[93] | cols=[1] | col_header=False | row_header=False | metadata=False
Cell C94 | value='0' | fill=00000000 | rows=[93] | cols=[2] | col_header=False | row_header=False | metadata=False
Cell A95 | value='Redemption- Used Total' | fill=FF00B050 | rows=[94] | cols=[0] | col_header=False | row_header=True | metadata=False
Cell B95 | value='0' | fill=00000000 | rows=[94] | cols=[1] | col_header=False | row_header=False | metadata=False
Cell C95 | value='0' | fill=00000000 | rows=[94] | cols=[2] | col_header=False | row_header=False | metadata=False
Cell A96 | value='BETSON CARLSTADT WAREHOUSE 210 Total' | fill=FF00B050 | rows=[95] | cols=[0] | col_header=False | row_header=True | metadata=False
Cell B96 | value='4081.02' | fill=00000000 | rows=[95] | cols=[1] | col_header=False | row_header=False | metadata=False
Cell C96 | value='0.0686166523610923' | fill=00000000 | rows=[95] | cols=[2] | col_header=False | row_header=False | metadata=False
Cell A97 | value='BETSON ENTERPRISES          EQ' | fill=FF00B050 | rows=[96] | cols=[0] | col_header=False | row_header=True | metadata=False
Cell A98 | value='Bill Changers/Token Dispensers' | fill=FF00B050 | rows=[97] | cols=[0] | col_header=False | row_header=True | metadata=False
Cell A99 | value='AC7502 Bill to Bill & Coin' | fill=FF00B050 | rows=[98] | cols=[0] | col_header=False | row_header=True | metadata=False
Cell B99 | value='68' | fill=00000000 | rows=[98] | cols=[1] | col_header=False | row_header=False | metadata=False
Cell C99 | value='0.0011433250414245155' | fill=00000000 | rows=[98] | cols=[2] | col_header=False | row_header=False | metadata=False
Cell A100 | value='Bill Changers/Token Dispensers Total' | fill=FF00B050 | rows=[99] | cols=[0] | col_header=False | row_header=True | metadata=False
Cell B100 | value='68' | fill=00000000 | rows=[99] | cols=[1] | col_header=False | row_header=False | metadata=False
Cell C100 | value='0.0011433250414245155' | fill=00000000 | rows=[99] | cols=[2] | col_header=False | row_header=False | metadata=False
Cell A101 | value='Redemption- New' | fill=FF00B050 | rows=[100] | cols=[0] | col_header=False | row_header=True | metadata=False
Cell A102 | value='SOLAR SPIN' | fill=FF00B050 | rows=[101] | cols=[0] | col_header=False | row_header=True | metadata=False
Cell B102 | value='1400' | fill=00000000 | rows=[101] | cols=[1] | col_header=False | row_header=False | metadata=False
Cell C102 | value='0.02353904497050473' | fill=00000000 | rows=[101] | cols=[2] | col_header=False | row_header=False | metadata=False
Cell A103 | value='Redemption- New Total' | fill=FF00B050 | rows=[102] | cols=[0] | col_header=False | row_header=True | metadata=False
Cell B103 | value='1400' | fill=00000000 | rows=[102] | cols=[1] | col_header=False | row_header=False | metadata=False
Cell C103 | value='0.02353904497050473' | fill=00000000 | rows=[102] | cols=[2] | col_header=False | row_header=False | metadata=False
Cell A104 | value='Redemption- Used' | fill=FF00B050 | rows=[103] | cols=[0] | col_header=False | row_header=True | metadata=False
Cell A105 | value='SOLAR SPIN' | fill=FF00B050 | rows=[104] | cols=[0] | col_header=False | row_header=True | metadata=False
Cell B105 | value='1400' | fill=00000000 | rows=[104] | cols=[1] | col_header=False | row_header=False | metadata=False
Cell C105 | value='0.02353904497050473' | fill=00000000 | rows=[104] | cols=[2] | col_header=False | row_header=False | metadata=False
Cell A106 | value='Redemption- Used Total' | fill=FF00B050 | rows=[105] | cols=[0] | col_header=False | row_header=True | metadata=False
Cell B106 | value='1400' | fill=00000000 | rows=[105] | cols=[1] | col_header=False | row_header=False | metadata=False
Cell C106 | value='0.02353904497050473' | fill=00000000 | rows=[105] | cols=[2] | col_header=False | row_header=False | metadata=False
Cell A107 | value='BETSON ENTERPRISES          EQ Total' | fill=FF00B050 | rows=[106] | cols=[0] | col_header=False | row_header=True | metadata=False
Cell B107 | value='2868' | fill=00000000 | rows=[106] | cols=[1] | col_header=False | row_header=False | metadata=False
Cell C107 | value='0.04822141498243397' | fill=00000000 | rows=[106] | cols=[2] | col_header=False | row_header=False | metadata=False
Cell A108 | value='JOSEPH CIRILLO' | fill=FF00B050 | rows=[107] | cols=[0] | col_header=False | row_header=True | metadata=False
Cell A109 | value='Bill Changers/Token Dispensers' | fill=FF00B050 | rows=[108] | cols=[0] | col_header=False | row_header=True | metadata=False
Cell A110 | value='CENTURY 6 CHANGER COMPLETE' | fill=FF00B050 | rows=[109] | cols=[0] | col_header=False | row_header=True | metadata=False
Cell B110 | value='0.01' | fill=00000000 | rows=[109] | cols=[1] | col_header=False | row_header=False | metadata=False
Cell C110 | value='1.6813603550360522e-07' | fill=00000000 | rows=[109] | cols=[2] | col_header=False | row_header=False | metadata=False
Cell A111 | value='Bill Changers/Token Dispensers Total' | fill=FF00B050 | rows=[110] | cols=[0] | col_header=False | row_header=True | metadata=False
Cell B111 | value='0.01' | fill=00000000 | rows=[110] | cols=[1] | col_header=False | row_header=False | metadata=False
Cell C111 | value='1.6813603550360522e-07' | fill=00000000 | rows=[110] | cols=[2] | col_header=False | row_header=False | metadata=False
Cell A112 | value='JOSEPH CIRILLO Total' | fill=FF00B050 | rows=[111] | cols=[0] | col_header=False | row_header=True | metadata=False
Cell B112 | value='0.01' | fill=00000000 | rows=[111] | cols=[1] | col_header=False | row_header=False | metadata=False
Cell C112 | value='1.6813603550360522e-07' | fill=00000000 | rows=[111] | cols=[2] | col_header=False | row_header=False | metadata=False
Cell A113 | value='LAZER-TRON CORP             EQ' | fill=FF00B050 | rows=[112] | cols=[0] | col_header=False | row_header=True | metadata=False
Cell A114 | value='Amusement Games - New' | fill=FF00B050 | rows=[113] | cols=[0] | col_header=False | row_header=True | metadata=False
Cell A115 | value='CABINET - 25" CONVERSION' | fill=FF00B050 | rows=[114] | cols=[0] | col_header=False | row_header=True | metadata=False
Cell B115 | value='0.01' | fill=00000000 | rows=[114] | cols=[1] | col_header=False | row_header=False | metadata=False
Cell C115 | value='1.6813603550360522e-07' | fill=00000000 | rows=[114] | cols=[2] | col_header=False | row_header=False | metadata=False
Cell A116 | value='Amusement Games - New Total' | fill=FF00B050 | rows=[115] | cols=[0] | col_header=False | row_header=True | metadata=False
Cell B116 | value='0.01' | fill=00000000 | rows=[115] | cols=[1] | col_header=False | row_header=False | metadata=False
Cell C116 | value='1.6813603550360522e-07' | fill=00000000 | rows=[115] | cols=[2] | col_header=False | row_header=False | metadata=False
Cell A117 | value='Redemption- New' | fill=FF00B050 | rows=[116] | cols=[0] | col_header=False | row_header=True | metadata=False
Cell A118 | value='SOLAR SPIN' | fill=FF00B050 | rows=[117] | cols=[0] | col_header=False | row_header=True | metadata=False
Cell B118 | value='0.01' | fill=00000000 | rows=[117] | cols=[1] | col_header=False | row_header=False | metadata=False
Cell C118 | value='1.6813603550360522e-07' | fill=00000000 | rows=[117] | cols=[2] | col_header=False | row_header=False | metadata=False
Cell A119 | value='Redemption- New Total' | fill=FF00B050 | rows=[118] | cols=[0] | col_header=False | row_header=True | metadata=False
Cell B119 | value='0.01' | fill=00000000 | rows=[118] | cols=[1] | col_header=False | row_header=False | metadata=False
Cell C119 | value='1.6813603550360522e-07' | fill=00000000 | rows=[118] | cols=[2] | col_header=False | row_header=False | metadata=False
Cell A120 | value='Redemption- Used' | fill=FF00B050 | rows=[119] | cols=[0] | col_header=False | row_header=True | metadata=False
Cell A121 | value='SOLAR SPIN' | fill=FF00B050 | rows=[120] | cols=[0] | col_header=False | row_header=True | metadata=False
Cell B121 | value='0.01' | fill=00000000 | rows=[120] | cols=[1] | col_header=False | row_header=False | metadata=False
Cell C121 | value='1.6813603550360522e-07' | fill=00000000 | rows=[120] | cols=[2] | col_header=False | row_header=False | metadata=False
Cell A122 | value='Redemption- Used Total' | fill=FF00B050 | rows=[121] | cols=[0] | col_header=False | row_header=True | metadata=False
Cell B122 | value='0.01' | fill=00000000 | rows=[121] | cols=[1] | col_header=False | row_header=False | metadata=False
Cell C122 | value='1.6813603550360522e-07' | fill=00000000 | rows=[121] | cols=[2] | col_header=False | row_header=False | metadata=False
Cell A123 | value='Video Games- Used' | fill=FF00B050 | rows=[122] | cols=[0] | col_header=False | row_header=True | metadata=False
Cell A124 | value='BATMAN FOREVER U/R' | fill=FF00B050 | rows=[123] | cols=[0] | col_header=False | row_header=True | metadata=False
Cell B124 | value='0.01' | fill=00000000 | rows=[123] | cols=[1] | col_header=False | row_header=False | metadata=False
Cell C124 | value='1.6813603550360522e-07' | fill=00000000 | rows=[123] | cols=[2] | col_header=False | row_header=False | metadata=False
Cell A125 | value='CABINET - 25" CONVERSION' | fill=FF00B050 | rows=[124] | cols=[0] | col_header=False | row_header=True | metadata=False
Cell B125 | value='0.01' | fill=00000000 | rows=[124] | cols=[1] | col_header=False | row_header=False | metadata=False
Cell C125 | value='1.6813603550360522e-07' | fill=00000000 | rows=[124] | cols=[2] | col_header=False | row_header=False | metadata=False
Cell A126 | value='NBA JAM EXTREME' | fill=FF00B050 | rows=[125] | cols=[0] | col_header=False | row_header=True | metadata=False
Cell B126 | value='0.01' | fill=00000000 | rows=[125] | cols=[1] | col_header=False | row_header=False | metadata=False
Cell C126 | value='1.6813603550360522e-07' | fill=00000000 | rows=[125] | cols=[2] | col_header=False | row_header=False | metadata=False
Cell A127 | value='Video Games- Used Total' | fill=FF00B050 | rows=[126] | cols=[0] | col_header=False | row_header=True | metadata=False
Cell B127 | value='0.03' | fill=00000000 | rows=[126] | cols=[1] | col_header=False | row_header=False | metadata=False
Cell C127 | value='5.044081065108156e-07' | fill=00000000 | rows=[126] | cols=[2] | col_header=False | row_header=False | metadata=False
Cell A128 | value='LAZER-TRON CORP             EQ Total' | fill=FF00B050 | rows=[127] | cols=[0] | col_header=False | row_header=True | metadata=False
Cell B128 | value='0.060000000000000005' | fill=00000000 | rows=[127] | cols=[1] | col_header=False | row_header=False | metadata=False
Cell C128 | value='1.0088162130216313e-06' | fill=00000000 | rows=[127] | cols=[2] | col_header=False | row_header=False | metadata=False
Cell A129 | value='Total' | fill=FF00B050 | rows=[128] | cols=[0] | col_header=False | row_header=True | metadata=False
Cell B129 | value='59475.650000000016' | fill=00000000 | rows=[128] | cols=[1] | col_header=False | row_header=False | metadata=False
Cell C129 | value='1' | fill=00000000 | rows=[128] | cols=[2] | col_header=False | row_header=False | metadata=False

