=== environment-table17.xlsx ===
Cell A1 | value='Table 2 Scientific procedures by Schedule 2 listed species and source of animals' | fill=FF00B0F0 | rows=[0] | cols=[0] | col_header=True | row_header=True | metadata=True
Cell A2 | value='Great Britain 2011' | fill=FF00B0F0 | rows=[1] | cols=[0] | col_header=False | row_header=False | metadata=True
Cell I2 | value='Number of procedures' | fill=FF00B0F0 | rows=[1] | cols=[8] | col_header=False | row_header=False | metadata=True
Cell A3 | value='Species of animal' | fill=FFFFFF00 | rows=[2] | cols=[0] | col_header=True | row_header=False | metadata=False
Cell B3 | value='Source' | fill=FFFFFF00 | rows=[2] | cols=[1] | col_header=True | row_header=False | metadata=False
Cell I3 | value='Total' | fill=FFFFFF00 | rows=[2] | cols=[8] | col_header=True | row_header=False | metadata=False
Cell B4 | value='Animals acquired from within own designated establishment' | fill=FFFFFF00 | rows=[3] | cols=[1] | col_header=True | row_header=False | metadata=False
Cell C4 | value='Animals acquired from another designated breeding or supplying establishment in the UK' | fill=FFFFFF00 | rows=[3] | cols=[2] | col_header=True | row_header=False | metadata=False
Cell D4 | value='Animals acquired from non-designated sources in the UK' | fill=FFFFFF00 | rows=[3] | cols=[3] | col_header=True | row_header=False | metadata=False
Cell E4 | value='Animals acquired from sources within the EU (outside the UK)' | fill=FFFFFF00 | rows=[3] | cols=[4] | col_header=True | row_header=False | metadata=False
Cell F4 | value='Animals acquired from  Council of Europe countries who are signatories
to ETS123' | fill=FFFFFF00 | rows=[3] | cols=[5] | col_header=True | row_header=False | metadata=False
Cell G4 | value='Animals acquired from  other sources' | fill=FFFFFF00 | rows=[3] | cols=[6] | col_header=True | row_header=False | metadata=False
Cell H4 | value='Animals not listed in Schedule 2' | fill=FFFFFF00 | rows=[3] | cols=[7] | col_header=True | row_header=False | metadata=False
Cell A5 | value='Mouse' | fill=FF00B050 | rows=[4] | cols=[0] | col_header=False | row_header=True | metadata=False
Cell B5 | value='2108970' | fill=00000000 | rows=[4] | cols=[1] | col_header=False | row_header=False | metadata=False
Cell C5 | value='551337' | fill=00000000 | rows=[4] | cols=[2] | col_header=False | row_header=False | metadata=False
Cell D5 | value='261' | fill=00000000 | rows=[4] | cols=[3] | col_header=False | row_header=False | metadata=False
Cell E5 | value='7372' | fill=00000000 | rows=[4] | cols=[4] | col_header=False | row_header=False | metadata=False
Cell F5 | value='155' | fill=00000000 | rows=[4] | cols=[5] | col_header=False | row_header=False | metadata=False
Cell G5 | value='11668' | fill=00000000 | rows=[4] | cols=[6] | col_header=False | row_header=False | metadata=False
Cell H5 | value='0' | fill=00000000 | rows=[4] | cols=[7] | col_header=False | row_header=False | metadata=False
Cell I5 | value='2679763' | fill=00000000 | rows=[4] | cols=[8] | col_header=False | row_header=False | metadata=False
Cell A6 | value='Rat' | fill=FF00B050 | rows=[5] | cols=[0] | col_header=False | row_header=True | metadata=False
Cell B6 | value='46844' | fill=00000000 | rows=[5] | cols=[1] | col_header=False | row_header=False | metadata=False
Cell C6 | value='223427' | fill=00000000 | rows=[5] | cols=[2] | col_header=False | row_header=False | metadata=False
Cell D6 | value='94' | fill=00000000 | rows=[5] | cols=[3] | col_header=False | row_header=False | metadata=False
Cell E6 | value='650' | fill=00000000 | rows=[5] | cols=[4] | col_header=False | row_header=False | metadata=False
Cell F6 | value='1' | fill=00000000 | rows=[5] | cols=[5] | col_header=False | row_header=False | metadata=False
Cell G6 | value='519' | fill=00000000 | rows=[5] | cols=[6] | col_header=False | row_header=False | metadata=False
Cell H6 | value='-' | fill=00000000 | rows=[5] | cols=[7] | col_header=False | row_header=False | metadata=False
Cell I6 | value='271535' | fill=00000000 | rows=[5] | cols=[8] | col_header=False | row_header=False | metadata=False
Cell A7 | value='Guinea pig' | fill=FF00B050 | rows=[6] | cols=[0] | col_header=False | row_header=True | metadata=False
Cell B7 | value='222' | fill=00000000 | rows=[6] | cols=[1] | col_header=False | row_header=False | metadata=False
Cell C7 | value='7589' | fill=00000000 | rows=[6] | cols=[2] | col_header=False | row_header=False | metadata=False
Cell D7 | value='-' | fill=00000000 | rows=[6] | cols=[3] | col_header=False | row_header=False | metadata=False
Cell E7 | value='3726' | fill=00000000 | rows=[6] | cols=[4] | col_header=False | row_header=False | metadata=False
Cell F7 | value='-' | fill=00000000 | rows=[6] | cols=[5] | col_header=False | row_header=False | metadata=False
Cell G7 | value='-' | fill=00000000 | rows=[6] | cols=[6] | col_header=False | row_header=False | metadata=False
Cell H7 | value='-' | fill=00000000 | rows=[6] | cols=[7] | col_header=False | row_header=False | metadata=False
Cell I7 | value='11537' | fill=00000000 | rows=[6] | cols=[8] | col_header=False | row_header=False | metadata=False
Cell A8 | value='Hamster' | fill=FF00B050 | rows=[7] | cols=[0] | col_header=False | row_header=True | metadata=False
Cell B8 | value='263' | fill=00000000 | rows=[7] | cols=[1] | col_header=False | row_header=False | metadata=False
Cell C8 | value='1274' | fill=00000000 | rows=[7] | cols=[2] | col_header=False | row_header=False | metadata=False
Cell D8 | value='0' | fill=00000000 | rows=[7] | cols=[3] | col_header=False | row_header=False | metadata=False
Cell E8 | value='457' | fill=00000000 | rows=[7] | cols=[4] | col_header=False | row_header=False | metadata=False
Cell F8 | value='-' | fill=00000000 | rows=[7] | cols=[5] | col_header=False | row_header=False | metadata=False
Cell G8 | value='-' | fill=00000000 | rows=[7] | cols=[6] | col_header=False | row_header=False | metadata=False
Cell H8 | value='-' | fill=00000000 | rows=[7] | cols=[7] | col_header=False | row_header=False | metadata=False
Cell I8 | value='1994' | fill=00000000 | rows=[7] | cols=[8] | col_header=False | row_header=False | metadata=False
Cell A9 | value='Gerbil' | fill=FF00B050 | rows=[8] | cols=[0] | col_header=False | row_header=True | metadata=False
Cell B9 | value='425' | fill=00000000 | rows=[8] | cols=[1] | col_header=False | row_header=False | metadata=False
Cell C9 | value='5' | fill=00000000 | rows=[8] | cols=[2] | col_header=False | row_header=False | metadata=False
Cell D9 | value='-' | fill=00000000 | rows=[8] | cols=[3] | col_header=False | row_header=False | metadata=False
Cell E9 | value='0' | fill=00000000 | rows=[8] | cols=[4] | col_header=False | row_header=False | metadata=False
Cell F9 | value='-' | fill=00000000 | rows=[8] | cols=[5] | col_header=False | row_header=False | metadata=False
Cell G9 | value='78' | fill=00000000 | rows=[8] | cols=[6] | col_header=False | row_header=False | metadata=False
Cell H9 | value='-' | fill=00000000 | rows=[8] | cols=[7] | col_header=False | row_header=False | metadata=False
Cell I9 | value='508' | fill=00000000 | rows=[8] | cols=[8] | col_header=False | row_header=False | metadata=False
Cell A10 | value='Rabbit' | fill=FF00B050 | rows=[9] | cols=[0] | col_header=False | row_header=True | metadata=False
Cell B10 | value='4650' | fill=00000000 | rows=[9] | cols=[1] | col_header=False | row_header=False | metadata=False
Cell C10 | value='9918' | fill=00000000 | rows=[9] | cols=[2] | col_header=False | row_header=False | metadata=False
Cell D10 | value='3' | fill=00000000 | rows=[9] | cols=[3] | col_header=False | row_header=False | metadata=False
Cell E10 | value='821' | fill=00000000 | rows=[9] | cols=[4] | col_header=False | row_header=False | metadata=False
Cell F10 | value='-' | fill=00000000 | rows=[9] | cols=[5] | col_header=False | row_header=False | metadata=False
Cell G10 | value='69' | fill=00000000 | rows=[9] | cols=[6] | col_header=False | row_header=False | metadata=False
Cell H10 | value='-' | fill=00000000 | rows=[9] | cols=[7] | col_header=False | row_header=False | metadata=False
Cell I10 | value='15461' | fill=00000000 | rows=[9] | cols=[8] | col_header=False | row_header=False | metadata=False
Cell A11 | value='Cat' | fill=FF00B050 | rows=[10] | cols=[0] | col_header=False | row_header=True | metadata=False
Cell B11 | value='73' | fill=00000000 | rows=[10] | cols=[1] | col_header=False | row_header=False | metadata=False
Cell C11 | value='-' | fill=00000000 | rows=[10] | cols=[2] | col_header=False | row_header=False | metadata=False
Cell D11 | value='11' | fill=00000000 | rows=[10] | cols=[3] | col_header=False | row_header=False | metadata=False
Cell E11 | value='149' | fill=00000000 | rows=[10] | cols=[4] | col_header=False | row_header=False | metadata=False
Cell F11 | value='-' | fill=00000000 | rows=[10] | cols=[5] | col_header=False | row_header=False | metadata=False
Cell G11 | value='2' | fill=00000000 | rows=[10] | cols=[6] | col_header=False | row_header=False | metadata=False
Cell H11 | value='-' | fill=00000000 | rows=[10] | cols=[7] | col_header=False | row_header=False | metadata=False
Cell I11 | value='235' | fill=00000000 | rows=[10] | cols=[8] | col_header=False | row_header=False | metadata=False
Cell A12 | value='Dog' | fill=FF00B050 | rows=[11] | cols=[0] | col_header=False | row_header=True | metadata=False
Cell B12 | value='1309' | fill=00000000 | rows=[11] | cols=[1] | col_header=False | row_header=False | metadata=False
Cell C12 | value='2481' | fill=00000000 | rows=[11] | cols=[2] | col_header=False | row_header=False | metadata=False
Cell D12 | value='66' | fill=00000000 | rows=[11] | cols=[3] | col_header=False | row_header=False | metadata=False
Cell E12 | value='428' | fill=00000000 | rows=[11] | cols=[4] | col_header=False | row_header=False | metadata=False
Cell F12 | value='-' | fill=00000000 | rows=[11] | cols=[5] | col_header=False | row_header=False | metadata=False
Cell G12 | value='268' | fill=00000000 | rows=[11] | cols=[6] | col_header=False | row_header=False | metadata=False
Cell H12 | value='-' | fill=00000000 | rows=[11] | cols=[7] | col_header=False | row_header=False | metadata=False
Cell I12 | value='4552' | fill=00000000 | rows=[11] | cols=[8] | col_header=False | row_header=False | metadata=False
Cell A13 | value='Ferret' | fill=FF00B050 | rows=[12] | cols=[0] | col_header=False | row_header=True | metadata=False
Cell B13 | value='30' | fill=00000000 | rows=[12] | cols=[1] | col_header=False | row_header=False | metadata=False
Cell C13 | value='661' | fill=00000000 | rows=[12] | cols=[2] | col_header=False | row_header=False | metadata=False
Cell D13 | value='-' | fill=00000000 | rows=[12] | cols=[3] | col_header=False | row_header=False | metadata=False
Cell E13 | value='-' | fill=00000000 | rows=[12] | cols=[4] | col_header=False | row_header=False | metadata=False
Cell F13 | value='-' | fill=00000000 | rows=[12] | cols=[5] | col_header=False | row_header=False | metadata=False
Cell G13 | value='-' | fill=00000000 | rows=[12] | cols=[6] | col_header=False | row_header=False | metadata=False
Cell H13 | value='-' | fill=00000000 | rows=[12] | cols=[7] | col_header=False | row_header=False | metadata=False
Cell I13 | value='691' | fill=00000000 | rows=[12] | cols=[8] | col_header=False | row_header=False | metadata=False
Cell A14 | value='Pig (genetically modified)' | fill=FF00B050 | rows=[13] | cols=[0] | col_header=False | row_header=True | metadata=False
Cell B14 | value='34' | fill=00000000 | rows=[13] | cols=[1] | col_header=False | row_header=False | metadata=False
Cell C14 | value='-' | fill=00000000 | rows=[13] | cols=[2] | col_header=False | row_header=False | metadata=False
Cell D14 | value='-' | fill=00000000 | rows=[13] | cols=[3] | col_header=False | row_header=False | metadata=False
Cell E14 | value='-' | fill=00000000 | rows=[13] | cols=[4] | col_header=False | row_header=False | metadata=False
Cell F14 | value='-' | fill=00000000 | rows=[13] | cols=[5] | col_header=False | row_header=False | metadata=False
Cell G14 | value='-' | fill=00000000 | rows=[13] | cols=[6] | col_header=False | row_header=False | metadata=False
Cell H14 | value='0' | fill=00000000 | rows=[13] | cols=[7] | col_header=False | row_header=False | metadata=False
Cell I14 | value='34' | fill=00000000 | rows=[13] | cols=[8] | col_header=False | row_header=False | metadata=False
Cell A15 | value='Sheep (genetically modified)' | fill=FF00B050 | rows=[14] | cols=[0] | col_header=False | row_header=True | metadata=False
Cell B15 | value='-' | fill=00000000 | rows=[14] | cols=[1] | col_header=False | row_header=False | metadata=False
Cell C15 | value='2' | fill=00000000 | rows=[14] | cols=[2] | col_header=False | row_header=False | metadata=False
Cell D15 | value='4' | fill=00000000 | rows=[14] | cols=[3] | col_header=False | row_header=False | metadata=False
Cell E15 | value='-' | fill=00000000 | rows=[14] | cols=[4] | col_header=False | row_header=False | metadata=False
Cell F15 | value='-' | fill=00000000 | rows=[14] | cols=[5] | col_header=False | row_header=False | metadata=False
Cell G15 | value='-' | fill=00000000 | rows=[14] | cols=[6] | col_header=False | row_header=False | metadata=False
Cell H15 | value='0' | fill=00000000 | rows=[14] | cols=[7] | col_header=False | row_header=False | metadata=False
Cell I15 | value='6' | fill=00000000 | rows=[14] | cols=[8] | col_header=False | row_header=False | metadata=False
Cell A16 | value='Primate' | fill=FF00B050 | rows=[15] | cols=[0] | col_header=False | row_header=True | metadata=False
Cell B16 | value='647' | fill=00000000 | rows=[15] | cols=[1] | col_header=False | row_header=False | metadata=False
Cell C16 | value='611' | fill=00000000 | rows=[15] | cols=[2] | col_header=False | row_header=False | metadata=False
Cell D16 | value='-' | fill=00000000 | rows=[15] | cols=[3] | col_header=False | row_header=False | metadata=False
Cell E16 | value='48' | fill=00000000 | rows=[15] | cols=[4] | col_header=False | row_header=False | metadata=False
Cell F16 | value='-' | fill=00000000 | rows=[15] | cols=[5] | col_header=False | row_header=False | metadata=False
Cell G16 | value='1169' | fill=00000000 | rows=[15] | cols=[6] | col_header=False | row_header=False | metadata=False
Cell H16 | value='-' | fill=00000000 | rows=[15] | cols=[7] | col_header=False | row_header=False | metadata=False
Cell I16 | value='2475' | fill=00000000 | rows=[15] | cols=[8] | col_header=False | row_header=False | metadata=False
Cell A17 | value='Quail (Coturnix coturnix)' | fill=FF00B050 | rows=[16] | cols=[0] | col_header=False | row_header=True | metadata=False
Cell B17 | value='-' | fill=00000000 | rows=[16] | cols=[1] | col_header=False | row_header=False | metadata=False
Cell C17 | value='34' | fill=00000000 | rows=[16] | cols=[2] | col_header=False | row_header=False | metadata=False
Cell D17 | value='-' | fill=00000000 | rows=[16] | cols=[3] | col_header=False | row_header=False | metadata=False
Cell E17 | value='-' | fill=00000000 | rows=[16] | cols=[4] | col_header=False | row_header=False | metadata=False
Cell F17 | value='-' | fill=00000000 | rows=[16] | cols=[5] | col_header=False | row_header=False | metadata=False
Cell G17 | value='-' | fill=00000000 | rows=[16] | cols=[6] | col_header=False | row_header=False | metadata=False
Cell H17 | value='-' | fill=00000000 | rows=[16] | cols=[7] | col_header=False | row_header=False | metadata=False
Cell I17 | value='34' | fill=00000000 | rows=[16] | cols=[8] | col_header=False | row_header=False | metadata=False
Cell A18 | value='Animals not listed in Schedule 2' | fill=FF00B050 | rows=[17] | cols=[0] | col_header=False | row_header=True | metadata=False
Cell B18 | value='-' | fill=00000000 | rows=[17] | cols=[1] | col_header=False | row_header=False | metadata=False
Cell C18 | value='-' | fill=00000000 | rows=[17] | cols=[2] | col_header=False | row_header=False | metadata=False
Cell D18 | value='-' | fill=00000000 | rows=[17] | cols=[3] | col_header=False | row_header=False | metadata=False
Cell E18 | value='-' | fill=00000000 | rows=[17] | cols=[4] | col_header=False | row_header=False | metadata=False
Cell F18 | value='0' | fill=00000000 | rows=[17] | cols=[5] | col_header=False | row_header=False | metadata=False
Cell G18 | value='-' | fill=00000000 | rows=[17] | cols=[6] | col_header=False | row_header=False | metadata=False
Cell H18 | value='804032' | fill=00000000 | rows=[17] | cols=[7] | col_header=False | row_header=False | metadata=False
Cell I18 | value='804032' | fill=00000000 | rows=[17] | cols=[8] | col_header=False | row_header=False | metadata=False
Cell L18 | value='% of all procedures' | fill=00000000 | rows=[17] | cols=[11] | col_header=False | row_header=False | metadata=False
Cell A19 | value='Total' | fill=FF00B050 | rows=[18] | cols=[0] | col_header=False | row_header=True | metadata=False
Cell B19 | value='2163467' | fill=00000000 | rows=[18] | cols=[1] | col_header=False | row_header=False | metadata=False
Cell C19 | value='797339' | fill=00000000 | rows=[18] | cols=[2] | col_header=False | row_header=False | metadata=False
Cell D19 | value='439' | fill=00000000 | rows=[18] | cols=[3] | col_header=False | row_header=False | metadata=False
Cell E19 | value='13651' | fill=00000000 | rows=[18] | cols=[4] | col_header=False | row_header=False | metadata=False
Cell F19 | value='156' | fill=00000000 | rows=[18] | cols=[5] | col_header=False | row_header=False | metadata=False
Cell G19 | value='13773' | fill=00000000 | rows=[18] | cols=[6] | col_header=False | row_header=False | metadata=False
Cell H19 | value='804032' | fill=00000000 | rows=[18] | cols=[7] | col_header=False | row_header=False | metadata=False
Cell I19 | value='3792857' | fill=00000000 | rows=[18] | cols=[8] | col_header=False | row_header=False | metadata=False
Cell J19 | value='Sch2 total' | fill=00000000 | rows=[18] | cols=[9] | col_header=False | row_header=False | metadata=False
Cell K19 | value='2988791' | fill=00000000 | rows=[18] | cols=[10] | col_header=False | row_header=False | metadata=False
Cell L19 | value='0.7880051897553744' | fill=00000000 | rows=[18] | cols=[11] | col_header=False | row_header=False | metadata=False
Cell A20 | value='Increase on 2010' | fill=FF00B050 | rows=[19] | cols=[0] | col_header=False | row_header=True | metadata=False
Cell B20 | value='648' | fill=00000000 | rows=[19] | cols=[1] | col_header=False | row_header=False | metadata=False
Cell C20 | value='-33192' | fill=00000000 | rows=[19] | cols=[2] | col_header=False | row_header=False | metadata=False
Cell D20 | value='348' | fill=00000000 | rows=[19] | cols=[3] | col_header=False | row_header=False | metadata=False
Cell E20 | value='2591' | fill=00000000 | rows=[19] | cols=[4] | col_header=False | row_header=False | metadata=False
Cell F20 | value='-86' | fill=00000000 | rows=[19] | cols=[5] | col_header=False | row_header=False | metadata=False
Cell G20 | value='-1363' | fill=00000000 | rows=[19] | cols=[6] | col_header=False | row_header=False | metadata=False
Cell H20 | value='99185' | fill=00000000 | rows=[19] | cols=[7] | col_header=False | row_header=False | metadata=False
Cell I20 | value='68131' | fill=00000000 | rows=[19] | cols=[8] | col_header=False | row_header=False | metadata=False
Cell A21 | value='Percentage change from 2010' | fill=FF00B050 | rows=[20] | cols=[0] | col_header=False | row_header=True | metadata=False
Cell B21 | value='0.0002996089825362178' | fill=00000000 | rows=[20] | cols=[1] | col_header=False | row_header=False | metadata=False
Cell C21 | value='-0.0399647936079448' | fill=00000000 | rows=[20] | cols=[2] | col_header=False | row_header=False | metadata=False
Cell D21 | value='3.8241758241758244' | fill=00000000 | rows=[20] | cols=[3] | col_header=False | row_header=False | metadata=False
Cell E21 | value='0.23426763110307414' | fill=00000000 | rows=[20] | cols=[4] | col_header=False | row_header=False | metadata=False
Cell F21 | value='-0.35537190082644626' | fill=00000000 | rows=[20] | cols=[5] | col_header=False | row_header=False | metadata=False
Cell G21 | value='-0.09005021141649049' | fill=00000000 | rows=[20] | cols=[6] | col_header=False | row_header=False | metadata=False
Cell H21 | value='0.14071848216705185' | fill=00000000 | rows=[20] | cols=[7] | col_header=False | row_header=False | metadata=False
Cell I21 | value='0.018291546814450246' | fill=00000000 | rows=[20] | cols=[8] | col_header=False | row_header=False | metadata=False
Cell A22 | value='Percentage of total for 2011' | fill=FF00B050 | rows=[21] | cols=[0] | col_header=False | row_header=True | metadata=False
Cell B22 | value='0.5704056335369353' | fill=00000000 | rows=[21] | cols=[1] | col_header=False | row_header=False | metadata=False
Cell C22 | value='0.21022121319100615' | fill=00000000 | rows=[21] | cols=[2] | col_header=False | row_header=False | metadata=False
Cell D22 | value='0.00011574388383216135' | fill=00000000 | rows=[21] | cols=[3] | col_header=False | row_header=False | metadata=False
Cell E22 | value='0.0035991338455417642' | fill=00000000 | rows=[21] | cols=[4] | col_header=False | row_header=False | metadata=False
Cell F22 | value='4.1129945051975335e-05' | fill=00000000 | rows=[21] | cols=[5] | col_header=False | row_header=False | metadata=False
Cell G22 | value='0.0036312995718003607' | fill=00000000 | rows=[21] | cols=[6] | col_header=False | row_header=False | metadata=False
Cell H22 | value='0.21198584602583223' | fill=00000000 | rows=[21] | cols=[7] | col_header=False | row_header=False | metadata=False
Cell I22 | value='1' | fill=00000000 | rows=[21] | cols=[8] | col_header=False | row_header=False | metadata=False
Cell A23 | value='2010 Totals' | fill=FF00B050 | rows=[22] | cols=[0] | col_header=False | row_header=True | metadata=False
Cell B23 | value='2162819' | fill=00000000 | rows=[22] | cols=[1] | col_header=False | row_header=False | metadata=False
Cell C23 | value='830531' | fill=00000000 | rows=[22] | cols=[2] | col_header=False | row_header=False | metadata=False
Cell D23 | value='91' | fill=00000000 | rows=[22] | cols=[3] | col_header=False | row_header=False | metadata=False
Cell E23 | value='11060' | fill=00000000 | rows=[22] | cols=[4] | col_header=False | row_header=False | metadata=False
Cell F23 | value='242' | fill=00000000 | rows=[22] | cols=[5] | col_header=False | row_header=False | metadata=False
Cell G23 | value='15136' | fill=00000000 | rows=[22] | cols=[6] | col_header=False | row_header=False | metadata=False
Cell H23 | value='704847' | fill=00000000 | rows=[22] | cols=[7] | col_header=False | row_header=False | metadata=False
Cell I23 | value='3724726' | fill=00000000 | rows=[22] | cols=[8] | col_header=False | row_header=False | metadata=False
Cell A24 | value='Note. The total number of procedures using animals listed in schedule 2 was 2,988,825.' | fill=FF00B0F0 | rows=[23] | cols=[0] | col_header=False | row_header=False | metadata=True

