=== religion-table02.xlsx ===
Cell A1 | value='Table 2: Unemployment rate by religion, England and Wales, 2012 to 2018' | fill=FF00B0F0 | rows=[0] | cols=[0] | col_header=True | row_header=True | metadata=True
Cell I1 | value='Contents' | fill=FF00B0F0 | rows=[0] | cols=[8] | col_header=False | row_header=False | metadata=True
Cell I3 | value='Percentage' | fill=FF00B0F0 | rows=[2] | cols=[8] | col_header=False | row_header=False | metadata=True
Cell C4 | value='2012' | fill=FFFFFF00 | rows=[3] | cols=[2] | col_header=True | row_header=False | metadata=False
Cell D4 | value='2013' | fill=FFFFFF00 | rows=[3] | cols=[3] | col_header=True | row_header=False | metadata=False
Cell E4 | value='2014' | fill=FFFFFF00 | rows=[3] | cols=[4] | col_header=True | row_header=False | metadata=False
Cell F4 | value='2015' | fill=FFFFFF00 | rows=[3] | cols=[5] | col_header=True | row_header=False | metadata=False
Cell G4 | value='2016' | fill=FFFFFF00 | rows=[3] | cols=[6] | col_header=True | row_header=False | metadata=False
Cell H4 | value='2017' | fill=FFFFFF00 | rows=[3] | cols=[7] | col_header=True | row_header=False | metadata=False
Cell I4 | value='2018' | fill=FFFFFF00 | rows=[3] | cols=[8] | col_header=True | row_header=False | metadata=False
Cell A5 | value='No religion' | fill=FF00B050 | rows=[4, 5, 6] | cols=[0] | col_header=False | row_header=True | metadata=False
Cell B5 | value='Estimate' | fill=FF00B050 | rows=[4] | cols=[1] | col_header=False | row_header=True | metadata=False
Cell C5 | value='7.2' | fill=00000000 | rows=[4] | cols=[2] | col_header=False | row_header=False | metadata=False
Cell D5 | value='6.7' | fill=00000000 | rows=[4] | cols=[3] | col_header=False | row_header=False | metadata=False
Cell E5 | value='5.6' | fill=00000000 | rows=[4] | cols=[4] | col_header=False | row_header=False | metadata=False
Cell F5 | value='4.4' | fill=00000000 | rows=[4] | cols=[5] | col_header=False | row_header=False | metadata=False
Cell G5 | value='4' | fill=00000000 | rows=[4] | cols=[6] | col_header=False | row_header=False | metadata=False
Cell H5 | value='3.7' | fill=00000000 | rows=[4] | cols=[7] | col_header=False | row_header=False | metadata=False
Cell I5 | value='3.5' | fill=00000000 | rows=[4] | cols=[8] | col_header=False | row_header=False | metadata=False
Cell B6 | value='Lower 95% confidence limit' | fill=FF00B050 | rows=[5] | cols=[1] | col_header=False | row_header=True | metadata=False
Cell C6 | value='6.9' | fill=00000000 | rows=[5] | cols=[2] | col_header=False | row_header=False | metadata=False
Cell D6 | value='6.4' | fill=00000000 | rows=[5] | cols=[3] | col_header=False | row_header=False | metadata=False
Cell E6 | value='5.4' | fill=00000000 | rows=[5] | cols=[4] | col_header=False | row_header=False | metadata=False
Cell F6 | value='4.2' | fill=00000000 | rows=[5] | cols=[5] | col_header=False | row_header=False | metadata=False
Cell G6 | value='3.9' | fill=00000000 | rows=[5] | cols=[6] | col_header=False | row_header=False | metadata=False
Cell H6 | value='3.5' | fill=00000000 | rows=[5] | cols=[7] | col_header=False | row_header=False | metadata=False
Cell I6 | value='3.3' | fill=00000000 | rows=[5] | cols=[8] | col_header=False | row_header=False | metadata=False
Cell B7 | value='Upper 95% confidence limit' | fill=FF00B050 | rows=[6] | cols=[1] | col_header=False | row_header=True | metadata=False
Cell C7 | value='7.4' | fill=00000000 | rows=[6] | cols=[2] | col_header=False | row_header=False | metadata=False
Cell D7 | value='6.9' | fill=00000000 | rows=[6] | cols=[3] | col_header=False | row_header=False | metadata=False
Cell E7 | value='5.8' | fill=00000000 | rows=[6] | cols=[4] | col_header=False | row_header=False | metadata=False
Cell F7 | value='4.6' | fill=00000000 | rows=[6] | cols=[5] | col_header=False | row_header=False | metadata=False
Cell G7 | value='4.2' | fill=00000000 | rows=[6] | cols=[6] | col_header=False | row_header=False | metadata=False
Cell H7 | value='3.9' | fill=00000000 | rows=[6] | cols=[7] | col_header=False | row_header=False | metadata=False
Cell I7 | value='3.7' | fill=00000000 | rows=[6] | cols=[8] | col_header=False | row_header=False | metadata=False
Cell A8 | value='Christian' | fill=FF00B050 | rows=[7, 8, 9] | cols=[0] | col_header=False | row_header=True | metadata=False
Cell B8 | value='Estimate' | fill=FF00B050 | rows=[7] | cols=[1] | col_header=False | row_header=True | metadata=False
Cell C8 | value='5.2' | fill=00000000 | rows=[7] | cols=[2] | col_header=False | row_header=False | metadata=False
Cell D8 | value='5.1' | fill=00000000 | rows=[7] | cols=[3] | col_header=False | row_header=False | metadata=False
Cell E8 | value='4.2' | fill=00000000 | rows=[7] | cols=[4] | col_header=False | row_header=False | metadata=False
Cell F8 | value='3.6' | fill=00000000 | rows=[7] | cols=[5] | col_header=False | row_header=False | metadata=False
Cell G8 | value='3.4' | fill=00000000 | rows=[7] | cols=[6] | col_header=False | row_header=False | metadata=False
Cell H8 | value='3' | fill=00000000 | rows=[7] | cols=[7] | col_header=False | row_header=False | metadata=False
Cell I8 | value='2.9' | fill=00000000 | rows=[7] | cols=[8] | col_header=False | row_header=False | metadata=False
Cell B9 | value='Lower 95% confidence limit' | fill=FF00B050 | rows=[8] | cols=[1] | col_header=False | row_header=True | metadata=False
Cell C9 | value='5.1' | fill=00000000 | rows=[8] | cols=[2] | col_header=False | row_header=False | metadata=False
Cell D9 | value='4.9' | fill=00000000 | rows=[8] | cols=[3] | col_header=False | row_header=False | metadata=False
Cell E9 | value='4.1' | fill=00000000 | rows=[8] | cols=[4] | col_header=False | row_header=False | metadata=False
Cell F9 | value='3.4' | fill=00000000 | rows=[8] | cols=[5] | col_header=False | row_header=False | metadata=False
Cell G9 | value='3.2' | fill=00000000 | rows=[8] | cols=[6] | col_header=False | row_header=False | metadata=False
Cell H9 | value='2.9' | fill=00000000 | rows=[8] | cols=[7] | col_header=False | row_header=False | metadata=False
Cell I9 | value='2.8' | fill=00000000 | rows=[8] | cols=[8] | col_header=False | row_header=False | metadata=False
Cell B10 | value='Upper 95% confidence limit' | fill=FF00B050 | rows=[9] | cols=[1] | col_header=False | row_header=True | metadata=False
Cell C10 | value='5.4' | fill=00000000 | rows=[9] | cols=[2] | col_header=False | row_header=False | metadata=False
Cell D10 | value='5.3' | fill=00000000 | rows=[9] | cols=[3] | col_header=False | row_header=False | metadata=False
Cell E10 | value='4.4' | fill=00000000 | rows=[9] | cols=[4] | col_header=False | row_header=False | metadata=False
Cell F10 | value='3.7' | fill=00000000 | rows=[9] | cols=[5] | col_header=False | row_header=False | metadata=False
Cell G10 | value='3.5' | fill=00000000 | rows=[9] | cols=[6] | col_header=False | row_header=False | metadata=False
Cell H10 | value='3.1' | fill=00000000 | rows=[9] | cols=[7] | col_header=False | row_header=False | metadata=False
Cell I10 | value='3.1' | fill=00000000 | rows=[9] | cols=[8] | col_header=False | row_header=False | metadata=False
Cell A11 | value='Buddhist' | fill=FF00B050 | rows=[10, 11, 12] | cols=[0] | col_header=False | row_header=True | metadata=False
Cell B11 | value='Estimate' | fill=FF00B050 | rows=[10] | cols=[1] | col_header=False | row_header=True | metadata=False
Cell C11 | value='7.1' | fill=00000000 | rows=[10] | cols=[2] | col_header=False | row_header=False | metadata=False
Cell D11 | value='7.9' | fill=00000000 | rows=[10] | cols=[3] | col_header=False | row_header=False | metadata=False
Cell E11 | value='4.9' | fill=00000000 | rows=[10] | cols=[4] | col_header=False | row_header=False | metadata=False
Cell F11 | value='4.6' | fill=00000000 | rows=[10] | cols=[5] | col_header=False | row_header=False | metadata=False
Cell G11 | value='3.1' | fill=00000000 | rows=[10] | cols=[6] | col_header=False | row_header=False | metadata=False
Cell H11 | value='3.3' | fill=00000000 | rows=[10] | cols=[7] | col_header=False | row_header=False | metadata=False
Cell I11 | value='2.7' | fill=00000000 | rows=[10] | cols=[8] | col_header=False | row_header=False | metadata=False
Cell B12 | value='Lower 95% confidence limit' | fill=FF00B050 | rows=[11] | cols=[1] | col_header=False | row_header=True | metadata=False
Cell C12 | value='5.1' | fill=00000000 | rows=[11] | cols=[2] | col_header=False | row_header=False | metadata=False
Cell D12 | value='5.8' | fill=00000000 | rows=[11] | cols=[3] | col_header=False | row_header=False | metadata=False
Cell E12 | value='3.2' | fill=00000000 | rows=[11] | cols=[4] | col_header=False | row_header=False | metadata=False
Cell F12 | value='2.9' | fill=00000000 | rows=[11] | cols=[5] | col_header=False | row_header=False | metadata=False
Cell G12 | value='1.7' | fill=00000000 | rows=[11] | cols=[6] | col_header=False | row_header=False | metadata=False
Cell H12 | value='1.8' | fill=00000000 | rows=[11] | cols=[7] | col_header=False | row_header=False | metadata=False
Cell I12 | value='1.2' | fill=00000000 | rows=[11] | cols=[8] | col_header=False | row_header=False | metadata=False
Cell B13 | value='Upper 95% confidence limit' | fill=FF00B050 | rows=[12] | cols=[1] | col_header=False | row_header=True | metadata=False
Cell C13 | value='9.1' | fill=00000000 | rows=[12] | cols=[2] | col_header=False | row_header=False | metadata=False
Cell D13 | value='9.9' | fill=00000000 | rows=[12] | cols=[3] | col_header=False | row_header=False | metadata=False
Cell E13 | value='6.6' | fill=00000000 | rows=[12] | cols=[4] | col_header=False | row_header=False | metadata=False
Cell F13 | value='6.2' | fill=00000000 | rows=[12] | cols=[5] | col_header=False | row_header=False | metadata=False
Cell G13 | value='4.4' | fill=00000000 | rows=[12] | cols=[6] | col_header=False | row_header=False | metadata=False
Cell H13 | value='4.8' | fill=00000000 | rows=[12] | cols=[7] | col_header=False | row_header=False | metadata=False
Cell I13 | value='4.1' | fill=00000000 | rows=[12] | cols=[8] | col_header=False | row_header=False | metadata=False
Cell A14 | value='Hindu' | fill=FF00B050 | rows=[13, 14, 15] | cols=[0] | col_header=False | row_header=True | metadata=False
Cell B14 | value='Estimate' | fill=FF00B050 | rows=[13] | cols=[1] | col_header=False | row_header=True | metadata=False
Cell C14 | value='7.7' | fill=00000000 | rows=[13] | cols=[2] | col_header=False | row_header=False | metadata=False
Cell D14 | value='6.8' | fill=00000000 | rows=[13] | cols=[3] | col_header=False | row_header=False | metadata=False
Cell E14 | value='4.9' | fill=00000000 | rows=[13] | cols=[4] | col_header=False | row_header=False | metadata=False
Cell F14 | value='4.3' | fill=00000000 | rows=[13] | cols=[5] | col_header=False | row_header=False | metadata=False
Cell G14 | value='3.9' | fill=00000000 | rows=[13] | cols=[6] | col_header=False | row_header=False | metadata=False
Cell H14 | value='4.1' | fill=00000000 | rows=[13] | cols=[7] | col_header=False | row_header=False | metadata=False
Cell I14 | value='3.9' | fill=00000000 | rows=[13] | cols=[8] | col_header=False | row_header=False | metadata=False
Cell B15 | value='Lower 95% confidence limit' | fill=FF00B050 | rows=[14] | cols=[1] | col_header=False | row_header=True | metadata=False
Cell C15 | value='6.5' | fill=00000000 | rows=[14] | cols=[2] | col_header=False | row_header=False | metadata=False
Cell D15 | value='5.7' | fill=00000000 | rows=[14] | cols=[3] | col_header=False | row_header=False | metadata=False
Cell E15 | value='4' | fill=00000000 | rows=[14] | cols=[4] | col_header=False | row_header=False | metadata=False
Cell F15 | value='3.4' | fill=00000000 | rows=[14] | cols=[5] | col_header=False | row_header=False | metadata=False
Cell G15 | value='3' | fill=00000000 | rows=[14] | cols=[6] | col_header=False | row_header=False | metadata=False
Cell H15 | value='3.2' | fill=00000000 | rows=[14] | cols=[7] | col_header=False | row_header=False | metadata=False
Cell I15 | value='3' | fill=00000000 | rows=[14] | cols=[8] | col_header=False | row_header=False | metadata=False
Cell B16 | value='Upper 95% confidence limit' | fill=FF00B050 | rows=[15] | cols=[1] | col_header=False | row_header=True | metadata=False
Cell C16 | value='8.8' | fill=00000000 | rows=[15] | cols=[2] | col_header=False | row_header=False | metadata=False
Cell D16 | value='7.9' | fill=00000000 | rows=[15] | cols=[3] | col_header=False | row_header=False | metadata=False
Cell E16 | value='5.9' | fill=00000000 | rows=[15] | cols=[4] | col_header=False | row_header=False | metadata=False
Cell F16 | value='5.2' | fill=00000000 | rows=[15] | cols=[5] | col_header=False | row_header=False | metadata=False
Cell G16 | value='4.8' | fill=00000000 | rows=[15] | cols=[6] | col_header=False | row_header=False | metadata=False
Cell H16 | value='5' | fill=00000000 | rows=[15] | cols=[7] | col_header=False | row_header=False | metadata=False
Cell I16 | value='4.9' | fill=00000000 | rows=[15] | cols=[8] | col_header=False | row_header=False | metadata=False
Cell A17 | value='Jewish' | fill=FF00B050 | rows=[16, 17, 18] | cols=[0] | col_header=False | row_header=True | metadata=False
Cell B17 | value='Estimate' | fill=FF00B050 | rows=[16] | cols=[1] | col_header=False | row_header=True | metadata=False
Cell C17 | value='5.5' | fill=00000000 | rows=[16] | cols=[2] | col_header=False | row_header=False | metadata=False
Cell D17 | value='2.1' | fill=00000000 | rows=[16] | cols=[3] | col_header=False | row_header=False | metadata=False
Cell E17 | value='2.6' | fill=00000000 | rows=[16] | cols=[4] | col_header=False | row_header=False | metadata=False
Cell F17 | value='2.2' | fill=00000000 | rows=[16] | cols=[5] | col_header=False | row_header=False | metadata=False
Cell G17 | value='1.9' | fill=00000000 | rows=[16] | cols=[6] | col_header=False | row_header=False | metadata=False
Cell H17 | value='2.8' | fill=00000000 | rows=[16] | cols=[7] | col_header=False | row_header=False | metadata=False
Cell I17 | value='2.3' | fill=00000000 | rows=[16] | cols=[8] | col_header=False | row_header=False | metadata=False
Cell B18 | value='Lower 95% confidence limit' | fill=FF00B050 | rows=[17] | cols=[1] | col_header=False | row_header=True | metadata=False
Cell C18 | value='3.5' | fill=00000000 | rows=[17] | cols=[2] | col_header=False | row_header=False | metadata=False
Cell D18 | value='0.9' | fill=00000000 | rows=[17] | cols=[3] | col_header=False | row_header=False | metadata=False
Cell E18 | value='1.2' | fill=00000000 | rows=[17] | cols=[4] | col_header=False | row_header=False | metadata=False
Cell F18 | value='0.8' | fill=00000000 | rows=[17] | cols=[5] | col_header=False | row_header=False | metadata=False
Cell G18 | value='0.6' | fill=00000000 | rows=[17] | cols=[6] | col_header=False | row_header=False | metadata=False
Cell H18 | value='1.3' | fill=00000000 | rows=[17] | cols=[7] | col_header=False | row_header=False | metadata=False
Cell I18 | value='0.9' | fill=00000000 | rows=[17] | cols=[8] | col_header=False | row_header=False | metadata=False
Cell B19 | value='Upper 95% confidence limit' | fill=FF00B050 | rows=[18] | cols=[1] | col_header=False | row_header=True | metadata=False
Cell C19 | value='7.5' | fill=00000000 | rows=[18] | cols=[2] | col_header=False | row_header=False | metadata=False
Cell D19 | value='3.4' | fill=00000000 | rows=[18] | cols=[3] | col_header=False | row_header=False | metadata=False
Cell E19 | value='4' | fill=00000000 | rows=[18] | cols=[4] | col_header=False | row_header=False | metadata=False
Cell F19 | value='3.5' | fill=00000000 | rows=[18] | cols=[5] | col_header=False | row_header=False | metadata=False
Cell G19 | value='3.2' | fill=00000000 | rows=[18] | cols=[6] | col_header=False | row_header=False | metadata=False
Cell H19 | value='4.4' | fill=00000000 | rows=[18] | cols=[7] | col_header=False | row_header=False | metadata=False
Cell I19 | value='3.7' | fill=00000000 | rows=[18] | cols=[8] | col_header=False | row_header=False | metadata=False
Cell A20 | value='Muslim' | fill=FF00B050 | rows=[19, 20, 21] | cols=[0] | col_header=False | row_header=True | metadata=False
Cell B20 | value='Estimate' | fill=FF00B050 | rows=[19] | cols=[1] | col_header=False | row_header=True | metadata=False
Cell C20 | value='9.8' | fill=00000000 | rows=[19] | cols=[2] | col_header=False | row_header=False | metadata=False
Cell D20 | value='10.1' | fill=00000000 | rows=[19] | cols=[3] | col_header=False | row_header=False | metadata=False
Cell E20 | value='8.2' | fill=00000000 | rows=[19] | cols=[4] | col_header=False | row_header=False | metadata=False
Cell F20 | value='7.6' | fill=00000000 | rows=[19] | cols=[5] | col_header=False | row_header=False | metadata=False
Cell G20 | value='6.8' | fill=00000000 | rows=[19] | cols=[6] | col_header=False | row_header=False | metadata=False
Cell H20 | value='6.7' | fill=00000000 | rows=[19] | cols=[7] | col_header=False | row_header=False | metadata=False
Cell I20 | value='5.7' | fill=00000000 | rows=[19] | cols=[8] | col_header=False | row_header=False | metadata=False
Cell B21 | value='Lower 95% confidence limit' | fill=FF00B050 | rows=[20] | cols=[1] | col_header=False | row_header=True | metadata=False
Cell C21 | value='9' | fill=00000000 | rows=[20] | cols=[2] | col_header=False | row_header=False | metadata=False
Cell D21 | value='9.4' | fill=00000000 | rows=[20] | cols=[3] | col_header=False | row_header=False | metadata=False
Cell E21 | value='7.5' | fill=00000000 | rows=[20] | cols=[4] | col_header=False | row_header=False | metadata=False
Cell F21 | value='6.9' | fill=00000000 | rows=[20] | cols=[5] | col_header=False | row_header=False | metadata=False
Cell G21 | value='6.1' | fill=00000000 | rows=[20] | cols=[6] | col_header=False | row_header=False | metadata=False
Cell H21 | value='6.1' | fill=00000000 | rows=[20] | cols=[7] | col_header=False | row_header=False | metadata=False
Cell I21 | value='5.1' | fill=00000000 | rows=[20] | cols=[8] | col_header=False | row_header=False | metadata=False
Cell B22 | value='Upper 95% confidence limit' | fill=FF00B050 | rows=[21] | cols=[1] | col_header=False | row_header=True | metadata=False
Cell C22 | value='10.5' | fill=00000000 | rows=[21] | cols=[2] | col_header=False | row_header=False | metadata=False
Cell D22 | value='10.9' | fill=00000000 | rows=[21] | cols=[3] | col_header=False | row_header=False | metadata=False
Cell E22 | value='8.8' | fill=00000000 | rows=[21] | cols=[4] | col_header=False | row_header=False | metadata=False
Cell F22 | value='8.2' | fill=00000000 | rows=[21] | cols=[5] | col_header=False | row_header=False | metadata=False
Cell G22 | value='7.4' | fill=00000000 | rows=[21] | cols=[6] | col_header=False | row_header=False | metadata=False
Cell H22 | value='7.4' | fill=00000000 | rows=[21] | cols=[7] | col_header=False | row_header=False | metadata=False
Cell I22 | value='6.3' | fill=00000000 | rows=[21] | cols=[8] | col_header=False | row_header=False | metadata=False
Cell A23 | value='Sikh' | fill=FF00B050 | rows=[22, 23, 24] | cols=[0] | col_header=False | row_header=True | metadata=False
Cell B23 | value='Estimate' | fill=FF00B050 | rows=[22] | cols=[1] | col_header=False | row_header=True | metadata=False
Cell C23 | value='8.5' | fill=00000000 | rows=[22] | cols=[2] | col_header=False | row_header=False | metadata=False
Cell D23 | value='6.1' | fill=00000000 | rows=[22] | cols=[3] | col_header=False | row_header=False | metadata=False
Cell E23 | value='5' | fill=00000000 | rows=[22] | cols=[4] | col_header=False | row_header=False | metadata=False
Cell F23 | value='6' | fill=00000000 | rows=[22] | cols=[5] | col_header=False | row_header=False | metadata=False
Cell G23 | value='5.3' | fill=00000000 | rows=[22] | cols=[6] | col_header=False | row_header=False | metadata=False
Cell H23 | value='5.2' | fill=00000000 | rows=[22] | cols=[7] | col_header=False | row_header=False | metadata=False
Cell I23 | value='4.4' | fill=00000000 | rows=[22] | cols=[8] | col_header=False | row_header=False | metadata=False
Cell B24 | value='Lower 95% confidence limit' | fill=FF00B050 | rows=[23] | cols=[1] | col_header=False | row_header=True | metadata=False
Cell C24 | value='6.7' | fill=00000000 | rows=[23] | cols=[2] | col_header=False | row_header=False | metadata=False
Cell D24 | value='4.6' | fill=00000000 | rows=[23] | cols=[3] | col_header=False | row_header=False | metadata=False
Cell E24 | value='3.5' | fill=00000000 | rows=[23] | cols=[4] | col_header=False | row_header=False | metadata=False
Cell F24 | value='4.3' | fill=00000000 | rows=[23] | cols=[5] | col_header=False | row_header=False | metadata=False
Cell G24 | value='3.8' | fill=00000000 | rows=[23] | cols=[6] | col_header=False | row_header=False | metadata=False
Cell H24 | value='3.7' | fill=00000000 | rows=[23] | cols=[7] | col_header=False | row_header=False | metadata=False
Cell I24 | value='3' | fill=00000000 | rows=[23] | cols=[8] | col_header=False | row_header=False | metadata=False
Cell B25 | value='Upper 95% confidence limit' | fill=FF00B050 | rows=[24] | cols=[1] | col_header=False | row_header=True | metadata=False
Cell C25 | value='10.2' | fill=00000000 | rows=[24] | cols=[2] | col_header=False | row_header=False | metadata=False
Cell D25 | value='7.7' | fill=00000000 | rows=[24] | cols=[3] | col_header=False | row_header=False | metadata=False
Cell E25 | value='6.4' | fill=00000000 | rows=[24] | cols=[4] | col_header=False | row_header=False | metadata=False
Cell F25 | value='7.7' | fill=00000000 | rows=[24] | cols=[5] | col_header=False | row_header=False | metadata=False
Cell G25 | value='6.8' | fill=00000000 | rows=[24] | cols=[6] | col_header=False | row_header=False | metadata=False
Cell H25 | value='6.7' | fill=00000000 | rows=[24] | cols=[7] | col_header=False | row_header=False | metadata=False
Cell I25 | value='5.9' | fill=00000000 | rows=[24] | cols=[8] | col_header=False | row_header=False | metadata=False
Cell A26 | value='Any other religion' | fill=FF00B050 | rows=[25, 26, 27] | cols=[0] | col_header=False | row_header=True | metadata=False
Cell B26 | value='Estimate' | fill=FF00B050 | rows=[25] | cols=[1] | col_header=False | row_header=True | metadata=False
Cell C26 | value='6.2' | fill=00000000 | rows=[25] | cols=[2] | col_header=False | row_header=False | metadata=False
Cell D26 | value='5.6' | fill=00000000 | rows=[25] | cols=[3] | col_header=False | row_header=False | metadata=False
Cell E26 | value='5.8' | fill=00000000 | rows=[25] | cols=[4] | col_header=False | row_header=False | metadata=False
Cell F26 | value='5' | fill=00000000 | rows=[25] | cols=[5] | col_header=False | row_header=False | metadata=False
Cell G26 | value='4.4' | fill=00000000 | rows=[25] | cols=[6] | col_header=False | row_header=False | metadata=False
Cell H26 | value='3.4' | fill=00000000 | rows=[25] | cols=[7] | col_header=False | row_header=False | metadata=False
Cell I26 | value='3.3' | fill=00000000 | rows=[25] | cols=[8] | col_header=False | row_header=False | metadata=False
Cell B27 | value='Lower 95% confidence limit' | fill=FF00B050 | rows=[26] | cols=[1] | col_header=False | row_header=True | metadata=False
Cell C27 | value='5.1' | fill=00000000 | rows=[26] | cols=[2] | col_header=False | row_header=False | metadata=False
Cell D27 | value='4.5' | fill=00000000 | rows=[26] | cols=[3] | col_header=False | row_header=False | metadata=False
Cell E27 | value='4.7' | fill=00000000 | rows=[26] | cols=[4] | col_header=False | row_header=False | metadata=False
Cell F27 | value='4.1' | fill=00000000 | rows=[26] | cols=[5] | col_header=False | row_header=False | metadata=False
Cell G27 | value='3.5' | fill=00000000 | rows=[26] | cols=[6] | col_header=False | row_header=False | metadata=False
Cell H27 | value='2.6' | fill=00000000 | rows=[26] | cols=[7] | col_header=False | row_header=False | metadata=False
Cell I27 | value='2.5' | fill=00000000 | rows=[26] | cols=[8] | col_header=False | row_header=False | metadata=False
Cell B28 | value='Upper 95% confidence limit' | fill=FF00B050 | rows=[27] | cols=[1] | col_header=False | row_header=True | metadata=False
Cell C28 | value='7.4' | fill=00000000 | rows=[27] | cols=[2] | col_header=False | row_header=False | metadata=False
Cell D28 | value='6.6' | fill=00000000 | rows=[27] | cols=[3] | col_header=False | row_header=False | metadata=False
Cell E28 | value='6.8' | fill=00000000 | rows=[27] | cols=[4] | col_header=False | row_header=False | metadata=False
Cell F28 | value='5.9' | fill=00000000 | rows=[27] | cols=[5] | col_header=False | row_header=False | metadata=False
Cell G28 | value='5.3' | fill=00000000 | rows=[27] | cols=[6] | col_header=False | row_header=False | metadata=False
Cell H28 | value='4.2' | fill=00000000 | rows=[27] | cols=[7] | col_header=False | row_header=False | metadata=False
Cell I28 | value='4.1' | fill=00000000 | rows=[27] | cols=[8] | col_header=False | row_header=False | metadata=False
Cell I29 | value='Source: Annual Population Survey' | fill=FF00B0F0 | rows=[28] | cols=[8] | col_header=False | row_header=False | metadata=True
Cell A31 | value='Cells shaded in grey indicate that the data are based on reasonably low sample sizes (< 26). These estimates may not be as reliable, and should therefore be used with caution.' | fill=FF00B0F0 | rows=[30] | cols=[0, 1, 2, 3, 4, 5, 6, 7, 8, 9, 10, 11, 12, 13, 14, 15] | col_header=False | row_header=False | metadata=True
Cell A32 | value='This is the unemployment rate for people aged 16 to 64 in England and Wales.' | fill=FF00B0F0 | rows=[31] | cols=[0] | col_header=False | row_header=False | metadata=True

