=== science-table58.xlsx ===
Cell C1 | value='CD40' | fill=FFFFFF00 | rows=[0] | cols=[2, 3, 4, 5, 6, 7, 8, 9] | col_header=True | row_header=False | metadata=False
Cell L1 | value='b-actin' | fill=FFFFFF00 | rows=[0] | cols=[11, 12, 13, 14, 15, 16, 17, 18] | col_header=True | row_header=False | metadata=False
Cell C2 | value='Expt1' | fill=FFFFFF00 | rows=[1] | cols=[2, 3] | col_header=True | row_header=False | metadata=False
Cell F2 | value='Expt2' | fill=FFFFFF00 | rows=[1] | cols=[5, 6] | col_header=True | row_header=False | metadata=False
Cell I2 | value='Expt3' | fill=FFFFFF00 | rows=[1] | cols=[8, 9] | col_header=True | row_header=False | metadata=False
Cell L2 | value='Expt1' | fill=FFFFFF00 | rows=[1] | cols=[11, 12] | col_header=True | row_header=False | metadata=False
Cell O2 | value='Expt2' | fill=FFFFFF00 | rows=[1] | cols=[14, 15] | col_header=True | row_header=False | metadata=False
Cell R2 | value='Expt3' | fill=FFFFFF00 | rows=[1] | cols=[17, 18] | col_header=True | row_header=False | metadata=False
Cell C3 | value='repli1' | fill=FFFFFF00 | rows=[2] | cols=[2] | col_header=True | row_header=False | metadata=False
Cell D3 | value='repli2' | fill=FFFFFF00 | rows=[2] | cols=[3] | col_header=True | row_header=False | metadata=False
Cell F3 | value='repli1' | fill=FFFFFF00 | rows=[2] | cols=[5] | col_header=True | row_header=False | metadata=False
Cell G3 | value='repli2' | fill=FFFFFF00 | rows=[2] | cols=[6] | col_header=True | row_header=False | metadata=False
Cell I3 | value='repli1' | fill=FFFFFF00 | rows=[2] | cols=[8] | col_header=True | row_header=False | metadata=False
Cell J3 | value='repli2' | fill=FFFFFF00 | rows=[2] | cols=[9] | col_header=True | row_header=False | metadata=False
Cell L3 | value='repli1' | fill=FFFFFF00 | rows=[2] | cols=[11] | col_header=True | row_header=False | metadata=False
Cell M3 | value='repli2' | fill=FFFFFF00 | rows=[2] | cols=[12] | col_header=True | row_header=False | metadata=False
Cell O3 | value='repli1' | fill=FFFFFF00 | rows=[2] | cols=[14] | col_header=True | row_header=False | metadata=False
Cell P3 | value='repli2' | fill=FFFFFF00 | rows=[2] | cols=[15] | col_header=True | row_header=False | metadata=False
Cell R3 | value='repli1' | fill=FFFFFF00 | rows=[2] | cols=[17] | col_header=True | row_header=False | metadata=False
Cell S3 | value='repli2' | fill=FFFFFF00 | rows=[2] | cols=[18] | col_header=True | row_header=False | metadata=False
Cell C4 | value='ct' | fill=FFFFFF00 | rows=[3] | cols=[2] | col_header=True | row_header=False | metadata=False
Cell D4 | value='ct' | fill=FFFFFF00 | rows=[3] | cols=[3] | col_header=True | row_header=False | metadata=False
Cell F4 | value='ct' | fill=FFFFFF00 | rows=[3] | cols=[5] | col_header=True | row_header=False | metadata=False
Cell G4 | value='ct' | fill=FFFFFF00 | rows=[3] | cols=[6] | col_header=True | row_header=False | metadata=False
Cell I4 | value='ct' | fill=FFFFFF00 | rows=[3] | cols=[8] | col_header=True | row_header=False | metadata=False
Cell J4 | value='ct' | fill=FFFFFF00 | rows=[3] | cols=[9] | col_header=True | row_header=False | metadata=False
Cell L4 | value='ct' | fill=FFFFFF00 | rows=[3] | cols=[11] | col_header=True | row_header=False | metadata=False
Cell M4 | value='ct' | fill=FFFFFF00 | rows=[3] | cols=[12] | col_header=True | row_header=False | metadata=False
Cell O4 | value='ct' | fill=FFFFFF00 | rows=[3] | cols=[14] | col_header=True | row_header=False | metadata=False
Cell P4 | value='ct' | fill=FFFFFF00 | rows=[3] | cols=[15] | col_header=True | row_header=False | metadata=False
Cell R4 | value='ct' | fill=FFFFFF00 | rows=[3] | cols=[17] | col_header=True | row_header=False | metadata=False
Cell S4 | value='ct' | fill=FFFFFF00 | rows=[3] | cols=[18] | col_header=True | row_header=False | metadata=False
Cell A5 | value='Set1' | fill=FF00B050 | rows=[4] | cols=[0] | col_header=False | row_header=True | metadata=False
Cell B5 | value='DC -siRNA - TNF' | fill=FF00B050 | rows=[4] | cols=[1] | col_header=False | row_header=True | metadata=False
Cell C5 | value='23.2116527557373' | fill=00000000 | rows=[4] | cols=[2] | col_header=False | row_header=False | metadata=False
Cell D5 | value='23.2006320953369' | fill=00000000 | rows=[4] | cols=[3] | col_header=False | row_header=False | metadata=False
Cell F5 | value='21.9418659210205' | fill=00000000 | rows=[4] | cols=[5] | col_header=False | row_header=False | metadata=False
Cell G5 | value='21.9564247131348' | fill=00000000 | rows=[4] | cols=[6] | col_header=False | row_header=False | metadata=False
Cell I5 | value='23.5222949981689' | fill=00000000 | rows=[4] | cols=[8] | col_header=False | row_header=False | metadata=False
Cell J5 | value='23.6087341308594' | fill=00000000 | rows=[4] | cols=[9] | col_header=False | row_header=False | metadata=False
Cell L5 | value='15.7782545089722' | fill=00000000 | rows=[4] | cols=[11] | col_header=False | row_header=False | metadata=False
Cell M5 | value='15.7905979156494' | fill=00000000 | rows=[4] | cols=[12] | col_header=False | row_header=False | metadata=False
Cell O5 | value='15.174635887146' | fill=00000000 | rows=[4] | cols=[14] | col_header=False | row_header=False | metadata=False
Cell P5 | value='15.4287424087524' | fill=00000000 | rows=[4] | cols=[15] | col_header=False | row_header=False | metadata=False
Cell R5 | value='16.93701171875' | fill=00000000 | rows=[4] | cols=[17] | col_header=False | row_header=False | metadata=False
Cell S5 | value='16.9576072692871' | fill=00000000 | rows=[4] | cols=[18] | col_header=False | row_header=False | metadata=False
Cell A6 | value='Set2' | fill=FF00B050 | rows=[5] | cols=[0] | col_header=False | row_header=True | metadata=False
Cell B6 | value='DC-siRNA + TNF' | fill=FF00B050 | rows=[5] | cols=[1] | col_header=False | row_header=True | metadata=False
Cell C6 | value='19.4689064025879' | fill=00000000 | rows=[5] | cols=[2] | col_header=False | row_header=False | metadata=False
Cell D6 | value='19.336706161499' | fill=00000000 | rows=[5] | cols=[3] | col_header=False | row_header=False | metadata=False
Cell F6 | value='18.1624279022217' | fill=00000000 | rows=[5] | cols=[5] | col_header=False | row_header=False | metadata=False
Cell G6 | value='18.0426368713379' | fill=00000000 | rows=[5] | cols=[6] | col_header=False | row_header=False | metadata=False
Cell I6 | value='19.9418430328369' | fill=00000000 | rows=[5] | cols=[8] | col_header=False | row_header=False | metadata=False
Cell J6 | value='20.0598640441895' | fill=00000000 | rows=[5] | cols=[9] | col_header=False | row_header=False | metadata=False
Cell L6 | value='15.5764408111572' | fill=00000000 | rows=[5] | cols=[11] | col_header=False | row_header=False | metadata=False
Cell M6 | value='15.4583406448364' | fill=00000000 | rows=[5] | cols=[12] | col_header=False | row_header=False | metadata=False
Cell O6 | value='15.1209506988525' | fill=00000000 | rows=[5] | cols=[14] | col_header=False | row_header=False | metadata=False
Cell P6 | value='15.1439065933228' | fill=00000000 | rows=[5] | cols=[15] | col_header=False | row_header=False | metadata=False
Cell R6 | value='16.605619430542' | fill=00000000 | rows=[5] | cols=[17] | col_header=False | row_header=False | metadata=False
Cell S6 | value='16.7282428741455' | fill=00000000 | rows=[5] | cols=[18] | col_header=False | row_header=False | metadata=False
Cell A7 | value='Set3' | fill=FF00B050 | rows=[6] | cols=[0] | col_header=False | row_header=True | metadata=False
Cell B7 | value='DC + Ctrl siRNA - TNF' | fill=FF00B050 | rows=[6] | cols=[1] | col_header=False | row_header=True | metadata=False
Cell C7 | value='23.3507347106934' | fill=00000000 | rows=[6] | cols=[2] | col_header=False | row_header=False | metadata=False
Cell D7 | value='23.2638473510742' | fill=00000000 | rows=[6] | cols=[3] | col_header=False | row_header=False | metadata=False
Cell F7 | value='22.1321067810059' | fill=00000000 | rows=[6] | cols=[5] | col_header=False | row_header=False | metadata=False
Cell G7 | value='22.1707134246826' | fill=00000000 | rows=[6] | cols=[6] | col_header=False | row_header=False | metadata=False
Cell I7 | value='23.8220863342285' | fill=00000000 | rows=[6] | cols=[8] | col_header=False | row_header=False | metadata=False
Cell J7 | value='23.9564990997314' | fill=00000000 | rows=[6] | cols=[9] | col_header=False | row_header=False | metadata=False
Cell L7 | value='15.5827388763428' | fill=00000000 | rows=[6] | cols=[11] | col_header=False | row_header=False | metadata=False
Cell M7 | value='15.5600242614746' | fill=00000000 | rows=[6] | cols=[12] | col_header=False | row_header=False | metadata=False
Cell O7 | value='15.208345413208' | fill=00000000 | rows=[6] | cols=[14] | col_header=False | row_header=False | metadata=False
Cell P7 | value='15.4373188018799' | fill=00000000 | rows=[6] | cols=[15] | col_header=False | row_header=False | metadata=False
Cell R7 | value='16.7623519897461' | fill=00000000 | rows=[6] | cols=[17] | col_header=False | row_header=False | metadata=False
Cell S7 | value='16.6076164245605' | fill=00000000 | rows=[6] | cols=[18] | col_header=False | row_header=False | metadata=False
Cell A8 | value='Set4' | fill=FF00B050 | rows=[7] | cols=[0] | col_header=False | row_header=True | metadata=False
Cell B8 | value='DC+ Ctrl siRNA + TNF' | fill=FF00B050 | rows=[7] | cols=[1] | col_header=False | row_header=True | metadata=False
Cell C8 | value='19.4528656005859' | fill=00000000 | rows=[7] | cols=[2] | col_header=False | row_header=False | metadata=False
Cell D8 | value='19.221248626709' | fill=00000000 | rows=[7] | cols=[3] | col_header=False | row_header=False | metadata=False
Cell F8 | value='17.8386993408203' | fill=00000000 | rows=[7] | cols=[5] | col_header=False | row_header=False | metadata=False
Cell G8 | value='17.9167194366455' | fill=00000000 | rows=[7] | cols=[6] | col_header=False | row_header=False | metadata=False
Cell I8 | value='19.9488925933838' | fill=00000000 | rows=[7] | cols=[8] | col_header=False | row_header=False | metadata=False
Cell J8 | value='19.9706802368164' | fill=00000000 | rows=[7] | cols=[9] | col_header=False | row_header=False | metadata=False
Cell L8 | value='15.4889936447144' | fill=00000000 | rows=[7] | cols=[11] | col_header=False | row_header=False | metadata=False
Cell M8 | value='15.3670949935913' | fill=00000000 | rows=[7] | cols=[12] | col_header=False | row_header=False | metadata=False
Cell O8 | value='14.5535840988159' | fill=00000000 | rows=[7] | cols=[14] | col_header=False | row_header=False | metadata=False
Cell P8 | value='15.1874752044678' | fill=00000000 | rows=[7] | cols=[15] | col_header=False | row_header=False | metadata=False
Cell R8 | value='16.7361392974854' | fill=00000000 | rows=[7] | cols=[17] | col_header=False | row_header=False | metadata=False
Cell S8 | value='16.7194271087646' | fill=00000000 | rows=[7] | cols=[18] | col_header=False | row_header=False | metadata=False
Cell A9 | value='Set5' | fill=FF00B050 | rows=[8] | cols=[0] | col_header=False | row_header=True | metadata=False
Cell B9 | value='DC + Runx1 siRNA - TNF' | fill=FF00B050 | rows=[8] | cols=[1] | col_header=False | row_header=True | metadata=False
Cell C9 | value='23.1822853088379' | fill=00000000 | rows=[8] | cols=[2] | col_header=False | row_header=False | metadata=False
Cell D9 | value='23.2993602752686' | fill=00000000 | rows=[8] | cols=[3] | col_header=False | row_header=False | metadata=False
Cell F9 | value='22.190299987793' | fill=00000000 | rows=[8] | cols=[5] | col_header=False | row_header=False | metadata=False
Cell G9 | value='22.1273288726807' | fill=00000000 | rows=[8] | cols=[6] | col_header=False | row_header=False | metadata=False
Cell I9 | value='23.6696338653564' | fill=00000000 | rows=[8] | cols=[8] | col_header=False | row_header=False | metadata=False
Cell J9 | value='23.0798683166504' | fill=00000000 | rows=[8] | cols=[9] | col_header=False | row_header=False | metadata=False
Cell L9 | value='15.6148023605347' | fill=00000000 | rows=[8] | cols=[11] | col_header=False | row_header=False | metadata=False
Cell M9 | value='15.5878772735596' | fill=00000000 | rows=[8] | cols=[12] | col_header=False | row_header=False | metadata=False
Cell O9 | value='15.2489805221558' | fill=00000000 | rows=[8] | cols=[14] | col_header=False | row_header=False | metadata=False
Cell P9 | value='15.4318466186523' | fill=00000000 | rows=[8] | cols=[15] | col_header=False | row_header=False | metadata=False
Cell R9 | value='16.6680068969727' | fill=00000000 | rows=[8] | cols=[17] | col_header=False | row_header=False | metadata=False
Cell S9 | value='16.5775604248047' | fill=00000000 | rows=[8] | cols=[18] | col_header=False | row_header=False | metadata=False
Cell A10 | value='Set6' | fill=FF00B050 | rows=[9] | cols=[0] | col_header=False | row_header=True | metadata=False
Cell B10 | value='DC+ Runx1 siRNA + TNF' | fill=FF00B050 | rows=[9] | cols=[1] | col_header=False | row_header=True | metadata=False
Cell C10 | value='21.9313316345215' | fill=00000000 | rows=[9] | cols=[2] | col_header=False | row_header=False | metadata=False
Cell D10 | value='21.3368148803711' | fill=00000000 | rows=[9] | cols=[3] | col_header=False | row_header=False | metadata=False
Cell F10 | value='19.9513339996338' | fill=00000000 | rows=[9] | cols=[5] | col_header=False | row_header=False | metadata=False
Cell G10 | value='19.9070606231689' | fill=00000000 | rows=[9] | cols=[6] | col_header=False | row_header=False | metadata=False
Cell I10 | value='20.8010520935059' | fill=00000000 | rows=[9] | cols=[8] | col_header=False | row_header=False | metadata=False
Cell J10 | value='20.8895378112793' | fill=00000000 | rows=[9] | cols=[9] | col_header=False | row_header=False | metadata=False
Cell L10 | value='15.8130893707275' | fill=00000000 | rows=[9] | cols=[11] | col_header=False | row_header=False | metadata=False
Cell M10 | value='15.7775182723999' | fill=00000000 | rows=[9] | cols=[12] | col_header=False | row_header=False | metadata=False
Cell O10 | value='15.4165906906128' | fill=00000000 | rows=[9] | cols=[14] | col_header=False | row_header=False | metadata=False
Cell P10 | value='15.4591779708862' | fill=00000000 | rows=[9] | cols=[15] | col_header=False | row_header=False | metadata=False
Cell R10 | value='16.6997566223145' | fill=00000000 | rows=[9] | cols=[17] | col_header=False | row_header=False | metadata=False
Cell S10 | value='16.5734272003174' | fill=00000000 | rows=[9] | cols=[18] | col_header=False | row_header=False | metadata=False
Cell A11 | value='Set7' | fill=FF00B050 | rows=[10] | cols=[0] | col_header=False | row_header=True | metadata=False
Cell B11 | value='DC + Runx3 siRNA - TNF' | fill=FF00B050 | rows=[10] | cols=[1] | col_header=False | row_header=True | metadata=False
Cell C11 | value='23.1458015441895' | fill=00000000 | rows=[10] | cols=[2] | col_header=False | row_header=False | metadata=False
Cell D11 | value='23.1565036773682' | fill=00000000 | rows=[10] | cols=[3] | col_header=False | row_header=False | metadata=False
Cell F11 | value='21.8903903961182' | fill=00000000 | rows=[10] | cols=[5] | col_header=False | row_header=False | metadata=False
Cell G11 | value='21.9161949157715' | fill=00000000 | rows=[10] | cols=[6] | col_header=False | row_header=False | metadata=False
Cell I11 | value='23.1649932861328' | fill=00000000 | rows=[10] | cols=[8] | col_header=False | row_header=False | metadata=False
Cell J11 | value='23.5463848114014' | fill=00000000 | rows=[10] | cols=[9] | col_header=False | row_header=False | metadata=False
Cell L11 | value='15.5963382720947' | fill=00000000 | rows=[10] | cols=[11] | col_header=False | row_header=False | metadata=False
Cell M11 | value='15.6510152816772' | fill=00000000 | rows=[10] | cols=[12] | col_header=False | row_header=False | metadata=False
Cell O11 | value='15.1710605621338' | fill=00000000 | rows=[10] | cols=[14] | col_header=False | row_header=False | metadata=False
Cell P11 | value='15.3737802505493' | fill=00000000 | rows=[10] | cols=[15] | col_header=False | row_header=False | metadata=False
Cell R11 | value='16.6665344238281' | fill=00000000 | rows=[10] | cols=[17] | col_header=False | row_header=False | metadata=False
Cell S11 | value='16.6328887939453' | fill=00000000 | rows=[10] | cols=[18] | col_header=False | row_header=False | metadata=False
Cell A12 | value='Set8' | fill=FF00B050 | rows=[11] | cols=[0] | col_header=False | row_header=True | metadata=False
Cell B12 | value='DC+ Runx3 siRNA +TNF' | fill=FF00B050 | rows=[11] | cols=[1] | col_header=False | row_header=True | metadata=False
Cell C12 | value='21.9330348968506' | fill=00000000 | rows=[11] | cols=[2] | col_header=False | row_header=False | metadata=False
Cell D12 | value='21.8321475982666' | fill=00000000 | rows=[11] | cols=[3] | col_header=False | row_header=False | metadata=False
Cell F12 | value='19.655345916748' | fill=00000000 | rows=[11] | cols=[5] | col_header=False | row_header=False | metadata=False
Cell G12 | value='19.7386913299561' | fill=00000000 | rows=[11] | cols=[6] | col_header=False | row_header=False | metadata=False
Cell I12 | value='20.7132320404053' | fill=00000000 | rows=[11] | cols=[8] | col_header=False | row_header=False | metadata=False
Cell J12 | value='20.5954208374023' | fill=00000000 | rows=[11] | cols=[9] | col_header=False | row_header=False | metadata=False
Cell L12 | value='15.9329891204834' | fill=00000000 | rows=[11] | cols=[11] | col_header=False | row_header=False | metadata=False
Cell M12 | value='15.842264175415' | fill=00000000 | rows=[11] | cols=[12] | col_header=False | row_header=False | metadata=False
Cell O12 | value='15.1271667480469' | fill=00000000 | rows=[11] | cols=[14] | col_header=False | row_header=False | metadata=False
Cell P12 | value='15.4578056335449' | fill=00000000 | rows=[11] | cols=[15] | col_header=False | row_header=False | metadata=False
Cell R12 | value='16.5464286804199' | fill=00000000 | rows=[11] | cols=[17] | col_header=False | row_header=False | metadata=False
Cell S12 | value='16.6074352264404' | fill=00000000 | rows=[11] | cols=[18] | col_header=False | row_header=False | metadata=False
Cell A13 | value='Set9' | fill=FF00B050 | rows=[12] | cols=[0] | col_header=False | row_header=True | metadata=False
Cell B13 | value='DC + Runx1+3 siRNA - TNF' | fill=FF00B050 | rows=[12] | cols=[1] | col_header=False | row_header=True | metadata=False
Cell C13 | value='23.1368350982666' | fill=00000000 | rows=[12] | cols=[2] | col_header=False | row_header=False | metadata=False
Cell D13 | value='23.6158905029297' | fill=00000000 | rows=[12] | cols=[3] | col_header=False | row_header=False | metadata=False
Cell F13 | value='21.8857078552246' | fill=00000000 | rows=[12] | cols=[5] | col_header=False | row_header=False | metadata=False
Cell G13 | value='21.8597240447998' | fill=00000000 | rows=[12] | cols=[6] | col_header=False | row_header=False | metadata=False
Cell I13 | value='23.5776844024658' | fill=00000000 | rows=[12] | cols=[8] | col_header=False | row_header=False | metadata=False
Cell J13 | value='23.4575519561768' | fill=00000000 | rows=[12] | cols=[9] | col_header=False | row_header=False | metadata=False
Cell L13 | value='15.5170888900757' | fill=00000000 | rows=[12] | cols=[11] | col_header=False | row_header=False | metadata=False
Cell M13 | value='15.5422763824463' | fill=00000000 | rows=[12] | cols=[12] | col_header=False | row_header=False | metadata=False
Cell O13 | value='15.1859569549561' | fill=00000000 | rows=[12] | cols=[14] | col_header=False | row_header=False | metadata=False
Cell P13 | value='15.4498109817505' | fill=00000000 | rows=[12] | cols=[15] | col_header=False | row_header=False | metadata=False
Cell R13 | value='16.6374797821045' | fill=00000000 | rows=[12] | cols=[17] | col_header=False | row_header=False | metadata=False
Cell S13 | value='16.7112236022949' | fill=00000000 | rows=[12] | cols=[18] | col_header=False | row_header=False | metadata=False
Cell A14 | value='Set10' | fill=FF00B050 | rows=[13] | cols=[0] | col_header=False | row_header=True | metadata=False
Cell B14 | value='DC+ Runx1+ 3 siRNA +TNF' | fill=FF00B050 | rows=[13] | cols=[1] | col_header=False | row_header=True | metadata=False
Cell C14 | value='22.628604888916' | fill=00000000 | rows=[13] | cols=[2] | col_header=False | row_header=False | metadata=False
Cell D14 | value='22.7265548706055' | fill=00000000 | rows=[13] | cols=[3] | col_header=False | row_header=False | metadata=False
Cell F14 | value='21.5536289215088' | fill=00000000 | rows=[13] | cols=[5] | col_header=False | row_header=False | metadata=False
Cell G14 | value='21.7856769561768' | fill=00000000 | rows=[13] | cols=[6] | col_header=False | row_header=False | metadata=False
Cell I14 | value='21.6257667541504' | fill=00000000 | rows=[13] | cols=[8] | col_header=False | row_header=False | metadata=False
Cell J14 | value='21.0908699035645' | fill=00000000 | rows=[13] | cols=[9] | col_header=False | row_header=False | metadata=False
Cell L14 | value='15.5739412307739' | fill=00000000 | rows=[13] | cols=[11] | col_header=False | row_header=False | metadata=False
Cell M14 | value='15.5850458145142' | fill=00000000 | rows=[13] | cols=[12] | col_header=False | row_header=False | metadata=False
Cell O14 | value='15.468939781189' | fill=00000000 | rows=[13] | cols=[14] | col_header=False | row_header=False | metadata=False
Cell P14 | value='15.9383382797241' | fill=00000000 | rows=[13] | cols=[15] | col_header=False | row_header=False | metadata=False
Cell R14 | value='16.4988098144531' | fill=00000000 | rows=[13] | cols=[17] | col_header=False | row_header=False | metadata=False
Cell S14 | value='16.2222385406494' | fill=00000000 | rows=[13] | cols=[18] | col_header=False | row_header=False | metadata=False

