=== science-table43.xlsx ===
Cell A1 | value='Quantification of wild-type confetti clone sizes during estrus and diestrus used for Extended Data Figure 6b' | fill=FF00B0F0 | rows=[0] | cols=[0, 1, 2, 3, 4, 5, 6, 7, 8, 9] | col_header=True | row_header=True | metadata=True
Cell A3 | value='Estrus' | fill=FFFFFF00 | rows=[2] | cols=[0] | col_header=True | row_header=False | metadata=False
Cell D3 | value='Diestrus' | fill=FFFFFF00 | rows=[2] | cols=[3] | col_header=True | row_header=False | metadata=False
Cell A4 | value='Luminal' | fill=FFFFFF00 | rows=[3] | cols=[0] | col_header=True | row_header=False | metadata=False
Cell B4 | value='Basal' | fill=FFFFFF00 | rows=[3] | cols=[1] | col_header=True | row_header=False | metadata=False
Cell D4 | value='Luminal' | fill=FFFFFF00 | rows=[3] | cols=[3] | col_header=True | row_header=False | metadata=False
Cell E4 | value='Basal' | fill=FFFFFF00 | rows=[3] | cols=[4] | col_header=True | row_header=False | metadata=False
Cell A5 | value='1' | fill=00000000 | rows=[4] | cols=[0] | col_header=False | row_header=False | metadata=False
Cell B5 | value='2' | fill=00000000 | rows=[4] | cols=[1] | col_header=False | row_header=False | metadata=False
Cell D5 | value='67' | fill=00000000 | rows=[4] | cols=[3] | col_header=False | row_header=False | metadata=False
Cell E5 | value='105' | fill=00000000 | rows=[4] | cols=[4] | col_header=False | row_header=False | metadata=False
Cell A6 | value='1' | fill=00000000 | rows=[5] | cols=[0] | col_header=False | row_header=False | metadata=False
Cell B6 | value='2' | fill=00000000 | rows=[5] | cols=[1] | col_header=False | row_header=False | metadata=False
Cell D6 | value='128' | fill=00000000 | rows=[5] | cols=[3] | col_header=False | row_header=False | metadata=False
Cell E6 | value='12' | fill=00000000 | rows=[5] | cols=[4] | col_header=False | row_header=False | metadata=False
Cell A7 | value='1' | fill=00000000 | rows=[6] | cols=[0] | col_header=False | row_header=False | metadata=False
Cell B7 | value='3' | fill=00000000 | rows=[6] | cols=[1] | col_header=False | row_header=False | metadata=False
Cell D7 | value='85' | fill=00000000 | rows=[6] | cols=[3] | col_header=False | row_header=False | metadata=False
Cell E7 | value='25' | fill=00000000 | rows=[6] | cols=[4] | col_header=False | row_header=False | metadata=False
Cell A8 | value='1' | fill=00000000 | rows=[7] | cols=[0] | col_header=False | row_header=False | metadata=False
Cell B8 | value='1' | fill=00000000 | rows=[7] | cols=[1] | col_header=False | row_header=False | metadata=False
Cell D8 | value='35' | fill=00000000 | rows=[7] | cols=[3] | col_header=False | row_header=False | metadata=False
Cell E8 | value='10' | fill=00000000 | rows=[7] | cols=[4] | col_header=False | row_header=False | metadata=False
Cell A9 | value='1' | fill=00000000 | rows=[8] | cols=[0] | col_header=False | row_header=False | metadata=False
Cell B9 | value='6' | fill=00000000 | rows=[8] | cols=[1] | col_header=False | row_header=False | metadata=False
Cell D9 | value='76' | fill=00000000 | rows=[8] | cols=[3] | col_header=False | row_header=False | metadata=False
Cell E9 | value='76' | fill=00000000 | rows=[8] | cols=[4] | col_header=False | row_header=False | metadata=False
Cell A10 | value='1' | fill=00000000 | rows=[9] | cols=[0] | col_header=False | row_header=False | metadata=False
Cell B10 | value='2' | fill=00000000 | rows=[9] | cols=[1] | col_header=False | row_header=False | metadata=False
Cell D10 | value='216' | fill=00000000 | rows=[9] | cols=[3] | col_header=False | row_header=False | metadata=False
Cell E10 | value='2' | fill=00000000 | rows=[9] | cols=[4] | col_header=False | row_header=False | metadata=False
Cell A11 | value='1' | fill=00000000 | rows=[10] | cols=[0] | col_header=False | row_header=False | metadata=False
Cell B11 | value='2' | fill=00000000 | rows=[10] | cols=[1] | col_header=False | row_header=False | metadata=False
Cell D11 | value='23' | fill=00000000 | rows=[10] | cols=[3] | col_header=False | row_header=False | metadata=False
Cell E11 | value='70' | fill=00000000 | rows=[10] | cols=[4] | col_header=False | row_header=False | metadata=False
Cell A12 | value='2' | fill=00000000 | rows=[11] | cols=[0] | col_header=False | row_header=False | metadata=False
Cell B12 | value='7' | fill=00000000 | rows=[11] | cols=[1] | col_header=False | row_header=False | metadata=False
Cell D12 | value='203' | fill=00000000 | rows=[11] | cols=[3] | col_header=False | row_header=False | metadata=False
Cell E12 | value='19' | fill=00000000 | rows=[11] | cols=[4] | col_header=False | row_header=False | metadata=False
Cell A13 | value='2' | fill=00000000 | rows=[12] | cols=[0] | col_header=False | row_header=False | metadata=False
Cell B13 | value='2' | fill=00000000 | rows=[12] | cols=[1] | col_header=False | row_header=False | metadata=False
Cell D13 | value='1' | fill=00000000 | rows=[12] | cols=[3] | col_header=False | row_header=False | metadata=False
Cell E13 | value='66' | fill=00000000 | rows=[12] | cols=[4] | col_header=False | row_header=False | metadata=False
Cell A14 | value='2' | fill=00000000 | rows=[13] | cols=[0] | col_header=False | row_header=False | metadata=False
Cell B14 | value='2' | fill=00000000 | rows=[13] | cols=[1] | col_header=False | row_header=False | metadata=False
Cell D14 | value='1' | fill=00000000 | rows=[13] | cols=[3] | col_header=False | row_header=False | metadata=False
Cell A15 | value='3' | fill=00000000 | rows=[14] | cols=[0] | col_header=False | row_header=False | metadata=False
Cell B15 | value='1' | fill=00000000 | rows=[14] | cols=[1] | col_header=False | row_header=False | metadata=False
Cell D15 | value='4' | fill=00000000 | rows=[14] | cols=[3] | col_header=False | row_header=False | metadata=False
Cell A16 | value='3' | fill=00000000 | rows=[15] | cols=[0] | col_header=False | row_header=False | metadata=False
Cell B16 | value='2' | fill=00000000 | rows=[15] | cols=[1] | col_header=False | row_header=False | metadata=False
Cell D16 | value='75' | fill=00000000 | rows=[15] | cols=[3] | col_header=False | row_header=False | metadata=False
Cell A17 | value='3' | fill=00000000 | rows=[16] | cols=[0] | col_header=False | row_header=False | metadata=False
Cell B17 | value='3' | fill=00000000 | rows=[16] | cols=[1] | col_header=False | row_header=False | metadata=False
Cell D17 | value='216' | fill=00000000 | rows=[16] | cols=[3] | col_header=False | row_header=False | metadata=False
Cell A18 | value='4' | fill=00000000 | rows=[17] | cols=[0] | col_header=False | row_header=False | metadata=False
Cell B18 | value='1' | fill=00000000 | rows=[17] | cols=[1] | col_header=False | row_header=False | metadata=False
Cell D18 | value='15' | fill=00000000 | rows=[17] | cols=[3] | col_header=False | row_header=False | metadata=False
Cell A19 | value='4' | fill=00000000 | rows=[18] | cols=[0] | col_header=False | row_header=False | metadata=False
Cell B19 | value='1' | fill=00000000 | rows=[18] | cols=[1] | col_header=False | row_header=False | metadata=False
Cell D19 | value='11' | fill=00000000 | rows=[18] | cols=[3] | col_header=False | row_header=False | metadata=False
Cell A20 | value='5' | fill=00000000 | rows=[19] | cols=[0] | col_header=False | row_header=False | metadata=False
Cell B20 | value='1' | fill=00000000 | rows=[19] | cols=[1] | col_header=False | row_header=False | metadata=False
Cell D20 | value='9' | fill=00000000 | rows=[19] | cols=[3] | col_header=False | row_header=False | metadata=False
Cell A21 | value='6' | fill=00000000 | rows=[20] | cols=[0] | col_header=False | row_header=False | metadata=False
Cell B21 | value='1' | fill=00000000 | rows=[20] | cols=[1] | col_header=False | row_header=False | metadata=False
Cell D21 | value='56' | fill=00000000 | rows=[20] | cols=[3] | col_header=False | row_header=False | metadata=False
Cell A22 | value='7' | fill=00000000 | rows=[21] | cols=[0] | col_header=False | row_header=False | metadata=False
Cell B22 | value='1' | fill=00000000 | rows=[21] | cols=[1] | col_header=False | row_header=False | metadata=False
Cell D22 | value='10' | fill=00000000 | rows=[21] | cols=[3] | col_header=False | row_header=False | metadata=False
Cell A23 | value='9' | fill=00000000 | rows=[22] | cols=[0] | col_header=False | row_header=False | metadata=False
Cell B23 | value='1' | fill=00000000 | rows=[22] | cols=[1] | col_header=False | row_header=False | metadata=False
Cell D23 | value='10' | fill=00000000 | rows=[22] | cols=[3] | col_header=False | row_header=False | metadata=False
Cell A24 | value='10' | fill=00000000 | rows=[23] | cols=[0] | col_header=False | row_header=False | metadata=False
Cell B24 | value='1' | fill=00000000 | rows=[23] | cols=[1] | col_header=False | row_header=False | metadata=False
Cell D24 | value='15' | fill=00000000 | rows=[23] | cols=[3] | col_header=False | row_header=False | metadata=False
Cell A25 | value='15' | fill=00000000 | rows=[24] | cols=[0] | col_header=False | row_header=False | metadata=False
Cell B25 | value='1' | fill=00000000 | rows=[24] | cols=[1] | col_header=False | row_header=False | metadata=False
Cell D25 | value='20' | fill=00000000 | rows=[24] | cols=[3] | col_header=False | row_header=False | metadata=False
Cell A26 | value='21' | fill=00000000 | rows=[25] | cols=[0] | col_header=False | row_header=False | metadata=False
Cell B26 | value='1' | fill=00000000 | rows=[25] | cols=[1] | col_header=False | row_header=False | metadata=False
Cell D26 | value='25' | fill=00000000 | rows=[25] | cols=[3] | col_header=False | row_header=False | metadata=False
Cell A27 | value='31' | fill=00000000 | rows=[26] | cols=[0] | col_header=False | row_header=False | metadata=False
Cell B27 | value='1' | fill=00000000 | rows=[26] | cols=[1] | col_header=False | row_header=False | metadata=False
Cell D27 | value='26' | fill=00000000 | rows=[26] | cols=[3] | col_header=False | row_header=False | metadata=False
Cell A28 | value='1' | fill=00000000 | rows=[27] | cols=[0] | col_header=False | row_header=False | metadata=False
Cell B28 | value='1' | fill=00000000 | rows=[27] | cols=[1] | col_header=False | row_header=False | metadata=False
Cell D28 | value='29' | fill=00000000 | rows=[27] | cols=[3] | col_header=False | row_header=False | metadata=False
Cell A29 | value='2' | fill=00000000 | rows=[28] | cols=[0] | col_header=False | row_header=False | metadata=False
Cell B29 | value='1' | fill=00000000 | rows=[28] | cols=[1] | col_header=False | row_header=False | metadata=False
Cell D29 | value='31' | fill=00000000 | rows=[28] | cols=[3] | col_header=False | row_header=False | metadata=False
Cell A30 | value='2' | fill=00000000 | rows=[29] | cols=[0] | col_header=False | row_header=False | metadata=False
Cell B30 | value='1' | fill=00000000 | rows=[29] | cols=[1] | col_header=False | row_header=False | metadata=False
Cell D30 | value='36' | fill=00000000 | rows=[29] | cols=[3] | col_header=False | row_header=False | metadata=False
Cell A31 | value='3' | fill=00000000 | rows=[30] | cols=[0] | col_header=False | row_header=False | metadata=False
Cell B31 | value='1' | fill=00000000 | rows=[30] | cols=[1] | col_header=False | row_header=False | metadata=False
Cell D31 | value='42' | fill=00000000 | rows=[30] | cols=[3] | col_header=False | row_header=False | metadata=False
Cell A32 | value='5' | fill=00000000 | rows=[31] | cols=[0] | col_header=False | row_header=False | metadata=False
Cell B32 | value='1' | fill=00000000 | rows=[31] | cols=[1] | col_header=False | row_header=False | metadata=False
Cell D32 | value='55' | fill=00000000 | rows=[31] | cols=[3] | col_header=False | row_header=False | metadata=False
Cell A33 | value='12' | fill=00000000 | rows=[32] | cols=[0] | col_header=False | row_header=False | metadata=False
Cell B33 | value='2' | fill=00000000 | rows=[32] | cols=[1] | col_header=False | row_header=False | metadata=False
Cell D33 | value='60' | fill=00000000 | rows=[32] | cols=[3] | col_header=False | row_header=False | metadata=False
Cell A34 | value='12' | fill=00000000 | rows=[33] | cols=[0] | col_header=False | row_header=False | metadata=False
Cell B34 | value='2' | fill=00000000 | rows=[33] | cols=[1] | col_header=False | row_header=False | metadata=False
Cell D34 | value='65' | fill=00000000 | rows=[33] | cols=[3] | col_header=False | row_header=False | metadata=False
Cell A35 | value='15' | fill=00000000 | rows=[34] | cols=[0] | col_header=False | row_header=False | metadata=False
Cell B35 | value='2' | fill=00000000 | rows=[34] | cols=[1] | col_header=False | row_header=False | metadata=False
Cell D35 | value='70' | fill=00000000 | rows=[34] | cols=[3] | col_header=False | row_header=False | metadata=False
Cell A36 | value='20' | fill=00000000 | rows=[35] | cols=[0] | col_header=False | row_header=False | metadata=False
Cell B36 | value='2' | fill=00000000 | rows=[35] | cols=[1] | col_header=False | row_header=False | metadata=False
Cell D36 | value='77' | fill=00000000 | rows=[35] | cols=[3] | col_header=False | row_header=False | metadata=False
Cell A37 | value='23' | fill=00000000 | rows=[36] | cols=[0] | col_header=False | row_header=False | metadata=False
Cell B37 | value='2' | fill=00000000 | rows=[36] | cols=[1] | col_header=False | row_header=False | metadata=False
Cell D37 | value='115' | fill=00000000 | rows=[36] | cols=[3] | col_header=False | row_header=False | metadata=False
Cell A38 | value='31' | fill=00000000 | rows=[37] | cols=[0] | col_header=False | row_header=False | metadata=False
Cell B38 | value='2' | fill=00000000 | rows=[37] | cols=[1] | col_header=False | row_header=False | metadata=False
Cell D38 | value='135' | fill=00000000 | rows=[37] | cols=[3] | col_header=False | row_header=False | metadata=False
Cell A39 | value='48' | fill=00000000 | rows=[38] | cols=[0] | col_header=False | row_header=False | metadata=False
Cell B39 | value='2' | fill=00000000 | rows=[38] | cols=[1] | col_header=False | row_header=False | metadata=False
Cell D39 | value='145' | fill=00000000 | rows=[38] | cols=[3] | col_header=False | row_header=False | metadata=False
Cell A40 | value='50' | fill=00000000 | rows=[39] | cols=[0] | col_header=False | row_header=False | metadata=False
Cell B40 | value='2' | fill=00000000 | rows=[39] | cols=[1] | col_header=False | row_header=False | metadata=False
Cell D40 | value='187' | fill=00000000 | rows=[39] | cols=[3] | col_header=False | row_header=False | metadata=False
Cell A41 | value='1' | fill=00000000 | rows=[40] | cols=[0] | col_header=False | row_header=False | metadata=False
Cell B41 | value='2' | fill=00000000 | rows=[40] | cols=[1] | col_header=False | row_header=False | metadata=False
Cell D41 | value='255' | fill=00000000 | rows=[40] | cols=[3] | col_header=False | row_header=False | metadata=False
Cell A42 | value='1' | fill=00000000 | rows=[41] | cols=[0] | col_header=False | row_header=False | metadata=False
Cell B42 | value='2' | fill=00000000 | rows=[41] | cols=[1] | col_header=False | row_header=False | metadata=False
Cell D42 | value='330' | fill=00000000 | rows=[41] | cols=[3] | col_header=False | row_header=False | metadata=False
Cell A43 | value='1' | fill=00000000 | rows=[42] | cols=[0] | col_header=False | row_header=False | metadata=False
Cell B43 | value='2' | fill=00000000 | rows=[42] | cols=[1] | col_header=False | row_header=False | metadata=False
Cell D43 | value='350' | fill=00000000 | rows=[42] | cols=[3] | col_header=False | row_header=False | metadata=False
Cell A44 | value='1' | fill=00000000 | rows=[43] | cols=[0] | col_header=False | row_header=False | metadata=False
Cell B44 | value='2' | fill=00000000 | rows=[43] | cols=[1] | col_header=False | row_header=False | metadata=False
Cell D44 | value='365' | fill=00000000 | rows=[43] | cols=[3] | col_header=False | row_header=False | metadata=False
Cell A45 | value='1' | fill=00000000 | rows=[44] | cols=[0] | col_header=False | row_header=False | metadata=False
Cell B45 | value='2' | fill=00000000 | rows=[44] | cols=[1] | col_header=False | row_header=False | metadata=False
Cell D45 | value='423' | fill=00000000 | rows=[44] | cols=[3] | col_header=False | row_header=False | metadata=False
Cell A46 | value='1' | fill=00000000 | rows=[45] | cols=[0] | col_header=False | row_header=False | metadata=False
Cell B46 | value='2' | fill=00000000 | rows=[45] | cols=[1] | col_header=False | row_header=False | metadata=False
Cell D46 | value='483' | fill=00000000 | rows=[45] | cols=[3] | col_header=False | row_header=False | metadata=False
Cell A47 | value='2' | fill=00000000 | rows=[46] | cols=[0] | col_header=False | row_header=False | metadata=False
Cell B47 | value='2' | fill=00000000 | rows=[46] | cols=[1] | col_header=False | row_header=False | metadata=False
Cell D47 | value='98' | fill=00000000 | rows=[46] | cols=[3] | col_header=False | row_header=False | metadata=False
Cell A48 | value='2' | fill=00000000 | rows=[47] | cols=[0] | col_header=False | row_header=False | metadata=False
Cell B48 | value='2' | fill=00000000 | rows=[47] | cols=[1] | col_header=False | row_header=False | metadata=False
Cell A49 | value='2' | fill=00000000 | rows=[48] | cols=[0] | col_header=False | row_header=False | metadata=False
Cell B49 | value='2' | fill=00000000 | rows=[48] | cols=[1] | col_header=False | row_header=False | metadata=False
Cell A50 | value='2' | fill=00000000 | rows=[49] | cols=[0] | col_header=False | row_header=False | metadata=False
Cell B50 | value='2' | fill=00000000 | rows=[49] | cols=[1] | col_header=False | row_header=False | metadata=False
Cell A51 | value='2' | fill=00000000 | rows=[50] | cols=[0] | col_header=False | row_header=False | metadata=False
Cell B51 | value='2' | fill=00000000 | rows=[50] | cols=[1] | col_header=False | row_header=False | metadata=False
Cell A52 | value='2' | fill=00000000 | rows=[51] | cols=[0] | col_header=False | row_header=False | metadata=False
Cell B52 | value='2' | fill=00000000 | rows=[51] | cols=[1] | col_header=False | row_header=False | metadata=False
Cell A53 | value='3' | fill=00000000 | rows=[52] | cols=[0] | col_header=False | row_header=False | metadata=False
Cell B53 | value='2' | fill=00000000 | rows=[52] | cols=[1] | col_header=False | row_header=False | metadata=False
Cell A54 | value='4' | fill=00000000 | rows=[53] | cols=[0] | col_header=False | row_header=False | metadata=False
Cell B54 | value='2' | fill=00000000 | rows=[53] | cols=[1] | col_header=False | row_header=False | metadata=False
Cell A55 | value='4' | fill=00000000 | rows=[54] | cols=[0] | col_header=False | row_header=False | metadata=False
Cell B55 | value='2' | fill=00000000 | rows=[54] | cols=[1] | col_header=False | row_header=False | metadata=False
Cell A56 | value='4' | fill=00000000 | rows=[55] | cols=[0] | col_header=False | row_header=False | metadata=False
Cell B56 | value='2' | fill=00000000 | rows=[55] | cols=[1] | col_header=False | row_header=False | metadata=False
Cell A57 | value='4' | fill=00000000 | rows=[56] | cols=[0] | col_header=False | row_header=False | metadata=False
Cell B57 | value='2' | fill=00000000 | rows=[56] | cols=[1] | col_header=False | row_header=False | metadata=False
Cell A58 | value='5' | fill=00000000 | rows=[57] | cols=[0] | col_header=False | row_header=False | metadata=False
Cell B58 | value='2' | fill=00000000 | rows=[57] | cols=[1] | col_header=False | row_header=False | metadata=False
Cell A59 | value='5' | fill=00000000 | rows=[58] | cols=[0] | col_header=False | row_header=False | metadata=False
Cell B59 | value='2' | fill=00000000 | rows=[58] | cols=[1] | col_header=False | row_header=False | metadata=False
Cell A60 | value='5' | fill=00000000 | rows=[59] | cols=[0] | col_header=False | row_header=False | metadata=False
Cell B60 | value='2' | fill=00000000 | rows=[59] | cols=[1] | col_header=False | row_header=False | metadata=False
Cell A61 | value='6' | fill=00000000 | rows=[60] | cols=[0] | col_header=False | row_header=False | metadata=False
Cell B61 | value='2' | fill=00000000 | rows=[60] | cols=[1] | col_header=False | row_header=False | metadata=False
Cell A62 | value='6' | fill=00000000 | rows=[61] | cols=[0] | col_header=False | row_header=False | metadata=False
Cell B62 | value='2' | fill=00000000 | rows=[61] | cols=[1] | col_header=False | row_header=False | metadata=False
Cell A63 | value='6' | fill=00000000 | rows=[62] | cols=[0] | col_header=False | row_header=False | metadata=False
Cell B63 | value='3' | fill=00000000 | rows=[62] | cols=[1] | col_header=False | row_header=False | metadata=False
Cell A64 | value='7' | fill=00000000 | rows=[63] | cols=[0] | col_header=False | row_header=False | metadata=False
Cell B64 | value='3' | fill=00000000 | rows=[63] | cols=[1] | col_header=False | row_header=False | metadata=False
Cell A65 | value='7' | fill=00000000 | rows=[64] | cols=[0] | col_header=False | row_header=False | metadata=False
Cell B65 | value='3' | fill=00000000 | rows=[64] | cols=[1] | col_header=False | row_header=False | metadata=False
Cell A66 | value='9' | fill=00000000 | rows=[65] | cols=[0] | col_header=False | row_header=False | metadata=False
Cell B66 | value='3' | fill=00000000 | rows=[65] | cols=[1] | col_header=False | row_header=False | metadata=False
Cell A67 | value='10' | fill=00000000 | rows=[66] | cols=[0] | col_header=False | row_header=False | metadata=False
Cell B67 | value='3' | fill=00000000 | rows=[66] | cols=[1] | col_header=False | row_header=False | metadata=False
Cell A68 | value='11' | fill=00000000 | rows=[67] | cols=[0] | col_header=False | row_header=False | metadata=False
Cell B68 | value='3' | fill=00000000 | rows=[67] | cols=[1] | col_header=False | row_header=False | metadata=False
Cell A69 | value='11' | fill=00000000 | rows=[68] | cols=[0] | col_header=False | row_header=False | metadata=False
Cell B69 | value='3' | fill=00000000 | rows=[68] | cols=[1] | col_header=False | row_header=False | metadata=False
Cell A70 | value='14' | fill=00000000 | rows=[69] | cols=[0] | col_header=False | row_header=False | metadata=False
Cell B70 | value='3' | fill=00000000 | rows=[69] | cols=[1] | col_header=False | row_header=False | metadata=False
Cell A71 | value='15' | fill=00000000 | rows=[70] | cols=[0] | col_header=False | row_header=False | metadata=False
Cell B71 | value='3' | fill=00000000 | rows=[70] | cols=[1] | col_header=False | row_header=False | metadata=False
Cell A72 | value='17' | fill=00000000 | rows=[71] | cols=[0] | col_header=False | row_header=False | metadata=False
Cell B72 | value='3' | fill=00000000 | rows=[71] | cols=[1] | col_header=False | row_header=False | metadata=False
Cell A73 | value='24' | fill=00000000 | rows=[72] | cols=[0] | col_header=False | row_header=False | metadata=False
Cell B73 | value='3' | fill=00000000 | rows=[72] | cols=[1] | col_header=False | row_header=False | metadata=False
Cell A74 | value='25' | fill=00000000 | rows=[73] | cols=[0] | col_header=False | row_header=False | metadata=False
Cell B74 | value='3' | fill=00000000 | rows=[73] | cols=[1] | col_header=False | row_header=False | metadata=False
Cell A75 | value='25' | fill=00000000 | rows=[74] | cols=[0] | col_header=False | row_header=False | metadata=False
Cell B75 | value='3' | fill=00000000 | rows=[74] | cols=[1] | col_header=False | row_header=False | metadata=False
Cell A76 | value='35' | fill=00000000 | rows=[75] | cols=[0] | col_header=False | row_header=False | metadata=False
Cell B76 | value='4' | fill=00000000 | rows=[75] | cols=[1] | col_header=False | row_header=False | metadata=False
Cell A77 | value='42' | fill=00000000 | rows=[76] | cols=[0] | col_header=False | row_header=False | metadata=False
Cell B77 | value='4' | fill=00000000 | rows=[76] | cols=[1] | col_header=False | row_header=False | metadata=False
Cell A78 | value='63' | fill=00000000 | rows=[77] | cols=[0] | col_header=False | row_header=False | metadata=False
Cell B78 | value='4' | fill=00000000 | rows=[77] | cols=[1] | col_header=False | row_header=False | metadata=False
Cell A79 | value='63' | fill=00000000 | rows=[78] | cols=[0] | col_header=False | row_header=False | metadata=False
Cell B79 | value='4' | fill=00000000 | rows=[78] | cols=[1] | col_header=False | row_header=False | metadata=False
Cell A80 | value='70' | fill=00000000 | rows=[79] | cols=[0] | col_header=False | row_header=False | metadata=False
Cell B80 | value='4' | fill=00000000 | rows=[79] | cols=[1] | col_header=False | row_header=False | metadata=False
Cell A81 | value='1' | fill=00000000 | rows=[80] | cols=[0] | col_header=False | row_header=False | metadata=False
Cell B81 | value='5' | fill=00000000 | rows=[80] | cols=[1] | col_header=False | row_header=False | metadata=False
Cell A82 | value='1' | fill=00000000 | rows=[81] | cols=[0] | col_header=False | row_header=False | metadata=False
Cell B82 | value='5' | fill=00000000 | rows=[81] | cols=[1] | col_header=False | row_header=False | metadata=False
Cell A83 | value='2' | fill=00000000 | rows=[82] | cols=[0] | col_header=False | row_header=False | metadata=False
Cell B83 | value='5' | fill=00000000 | rows=[82] | cols=[1] | col_header=False | row_header=False | metadata=False
Cell A84 | value='2' | fill=00000000 | rows=[83] | cols=[0] | col_header=False | row_header=False | metadata=False
Cell B84 | value='5' | fill=00000000 | rows=[83] | cols=[1] | col_header=False | row_header=False | metadata=False
Cell A85 | value='2' | fill=00000000 | rows=[84] | cols=[0] | col_header=False | row_header=False | metadata=False
Cell B85 | value='5' | fill=00000000 | rows=[84] | cols=[1] | col_header=False | row_header=False | metadata=False
Cell A86 | value='2' | fill=00000000 | rows=[85] | cols=[0] | col_header=False | row_header=False | metadata=False
Cell B86 | value='5' | fill=00000000 | rows=[85] | cols=[1] | col_header=False | row_header=False | metadata=False
Cell A87 | value='2' | fill=00000000 | rows=[86] | cols=[0] | col_header=False | row_header=False | metadata=False
Cell B87 | value='5' | fill=00000000 | rows=[86] | cols=[1] | col_header=False | row_header=False | metadata=False
Cell A88 | value='2' | fill=00000000 | rows=[87] | cols=[0] | col_header=False | row_header=False | metadata=False
Cell B88 | value='6' | fill=00000000 | rows=[87] | cols=[1] | col_header=False | row_header=False | metadata=False
Cell A89 | value='2' | fill=00000000 | rows=[88] | cols=[0] | col_header=False | row_header=False | metadata=False
Cell B89 | value='6' | fill=00000000 | rows=[88] | cols=[1] | col_header=False | row_header=False | metadata=False
Cell A90 | value='2' | fill=00000000 | rows=[89] | cols=[0] | col_header=False | row_header=False | metadata=False
Cell B90 | value='6' | fill=00000000 | rows=[89] | cols=[1] | col_header=False | row_header=False | metadata=False
Cell A91 | value='2' | fill=00000000 | rows=[90] | cols=[0] | col_header=False | row_header=False | metadata=False
Cell B91 | value='6' | fill=00000000 | rows=[90] | cols=[1] | col_header=False | row_header=False | metadata=False
Cell A92 | value='2' | fill=00000000 | rows=[91] | cols=[0] | col_header=False | row_header=False | metadata=False
Cell B92 | value='7' | fill=00000000 | rows=[91] | cols=[1] | col_header=False | row_header=False | metadata=False
Cell A93 | value='3' | fill=00000000 | rows=[92] | cols=[0] | col_header=False | row_header=False | metadata=False
Cell B93 | value='7' | fill=00000000 | rows=[92] | cols=[1] | col_header=False | row_header=False | metadata=False
Cell A94 | value='3' | fill=00000000 | rows=[93] | cols=[0] | col_header=False | row_header=False | metadata=False
Cell B94 | value='7' | fill=00000000 | rows=[93] | cols=[1] | col_header=False | row_header=False | metadata=False
Cell A95 | value='3' | fill=00000000 | rows=[94] | cols=[0] | col_header=False | row_header=False | metadata=False
Cell B95 | value='8' | fill=00000000 | rows=[94] | cols=[1] | col_header=False | row_header=False | metadata=False
Cell A96 | value='3' | fill=00000000 | rows=[95] | cols=[0] | col_header=False | row_header=False | metadata=False
Cell B96 | value='9' | fill=00000000 | rows=[95] | cols=[1] | col_header=False | row_header=False | metadata=False
Cell A97 | value='3' | fill=00000000 | rows=[96] | cols=[0] | col_header=False | row_header=False | metadata=False
Cell B97 | value='9' | fill=00000000 | rows=[96] | cols=[1] | col_header=False | row_header=False | metadata=False
Cell A98 | value='3' | fill=00000000 | rows=[97] | cols=[0] | col_header=False | row_header=False | metadata=False
Cell B98 | value='10' | fill=00000000 | rows=[97] | cols=[1] | col_header=False | row_header=False | metadata=False
Cell A99 | value='3' | fill=00000000 | rows=[98] | cols=[0] | col_header=False | row_header=False | metadata=False
Cell B99 | value='11' | fill=00000000 | rows=[98] | cols=[1] | col_header=False | row_header=False | metadata=False
Cell A100 | value='4' | fill=00000000 | rows=[99] | cols=[0] | col_header=False | row_header=False | metadata=False
Cell B100 | value='21' | fill=00000000 | rows=[99] | cols=[1] | col_header=False | row_header=False | metadata=False
Cell A101 | value='4' | fill=00000000 | rows=[100] | cols=[0] | col_header=False | row_header=False | metadata=False
Cell B101 | value='25' | fill=00000000 | rows=[100] | cols=[1] | col_header=False | row_header=False | metadata=False
Cell A102 | value='4' | fill=00000000 | rows=[101] | cols=[0] | col_header=False | row_header=False | metadata=False
Cell B102 | value='33' | fill=00000000 | rows=[101] | cols=[1] | col_header=False | row_header=False | metadata=False
Cell A103 | value='4' | fill=00000000 | rows=[102] | cols=[0] | col_header=False | row_header=False | metadata=False
Cell B103 | value='2' | fill=00000000 | rows=[102] | cols=[1] | col_header=False | row_header=False | metadata=False
Cell A104 | value='4' | fill=00000000 | rows=[103] | cols=[0] | col_header=False | row_header=False | metadata=False
Cell B104 | value='6' | fill=00000000 | rows=[103] | cols=[1] | col_header=False | row_header=False | metadata=False
Cell A105 | value='4' | fill=00000000 | rows=[104] | cols=[0] | col_header=False | row_header=False | metadata=False
Cell B105 | value='6' | fill=00000000 | rows=[104] | cols=[1] | col_header=False | row_header=False | metadata=False
Cell A106 | value='4' | fill=00000000 | rows=[105] | cols=[0] | col_header=False | row_header=False | metadata=False
Cell A107 | value='4' | fill=00000000 | rows=[106] | cols=[0] | col_header=False | row_header=False | metadata=False
Cell A108 | value='4' | fill=00000000 | rows=[107] | cols=[0] | col_header=False | row_header=False | metadata=False
Cell A109 | value='4' | fill=00000000 | rows=[108] | cols=[0] | col_header=False | row_header=False | metadata=False
Cell A110 | value='5' | fill=00000000 | rows=[109] | cols=[0] | col_header=False | row_header=False | metadata=False
Cell A111 | value='5' | fill=00000000 | rows=[110] | cols=[0] | col_header=False | row_header=False | metadata=False
Cell A112 | value='5' | fill=00000000 | rows=[111] | cols=[0] | col_header=False | row_header=False | metadata=False
Cell A113 | value='5' | fill=00000000 | rows=[112] | cols=[0] | col_header=False | row_header=False | metadata=False
Cell A114 | value='5' | fill=00000000 | rows=[113] | cols=[0] | col_header=False | row_header=False | metadata=False
Cell A115 | value='6' | fill=00000000 | rows=[114] | cols=[0] | col_header=False | row_header=False | metadata=False
Cell A116 | value='6' | fill=00000000 | rows=[115] | cols=[0] | col_header=False | row_header=False | metadata=False
Cell A117 | value='6' | fill=00000000 | rows=[116] | cols=[0] | col_header=False | row_header=False | metadata=False
Cell A118 | value='6' | fill=00000000 | rows=[117] | cols=[0] | col_header=False | row_header=False | metadata=False
Cell A119 | value='6' | fill=00000000 | rows=[118] | cols=[0] | col_header=False | row_header=False | metadata=False
Cell A120 | value='6' | fill=00000000 | rows=[119] | cols=[0] | col_header=False | row_header=False | metadata=False
Cell A121 | value='6' | fill=00000000 | rows=[120] | cols=[0] | col_header=False | row_header=False | metadata=False
Cell A122 | value='6' | fill=00000000 | rows=[121] | cols=[0] | col_header=False | row_header=False | metadata=False
Cell A123 | value='7' | fill=00000000 | rows=[122] | cols=[0] | col_header=False | row_header=False | metadata=False
Cell A124 | value='7' | fill=00000000 | rows=[123] | cols=[0] | col_header=False | row_header=False | metadata=False
Cell A125 | value='7' | fill=00000000 | rows=[124] | cols=[0] | col_header=False | row_header=False | metadata=False
Cell A126 | value='7' | fill=00000000 | rows=[125] | cols=[0] | col_header=False | row_header=False | metadata=False
Cell A127 | value='8' | fill=00000000 | rows=[126] | cols=[0] | col_header=False | row_header=False | metadata=False
Cell A128 | value='8' | fill=00000000 | rows=[127] | cols=[0] | col_header=False | row_header=False | metadata=False
Cell A129 | value='8' | fill=00000000 | rows=[128] | cols=[0] | col_header=False | row_header=False | metadata=False
Cell A130 | value='8' | fill=00000000 | rows=[129] | cols=[0] | col_header=False | row_header=False | metadata=False
Cell A131 | value='8' | fill=00000000 | rows=[130] | cols=[0] | col_header=False | row_header=False | metadata=False
Cell A132 | value='8' | fill=00000000 | rows=[131] | cols=[0] | col_header=False | row_header=False | metadata=False
Cell A133 | value='9' | fill=00000000 | rows=[132] | cols=[0] | col_header=False | row_header=False | metadata=False
Cell A134 | value='9' | fill=00000000 | rows=[133] | cols=[0] | col_header=False | row_header=False | metadata=False
Cell A135 | value='9' | fill=00000000 | rows=[134] | cols=[0] | col_header=False | row_header=False | metadata=False
Cell A136 | value='10' | fill=00000000 | rows=[135] | cols=[0] | col_header=False | row_header=False | metadata=False
Cell A137 | value='11' | fill=00000000 | rows=[136] | cols=[0] | col_header=False | row_header=False | metadata=False
Cell A138 | value='11' | fill=00000000 | rows=[137] | cols=[0] | col_header=False | row_header=False | metadata=False
Cell A139 | value='12' | fill=00000000 | rows=[138] | cols=[0] | col_header=False | row_header=False | metadata=False
Cell A140 | value='12' | fill=00000000 | rows=[139] | cols=[0] | col_header=False | row_header=False | metadata=False
Cell A141 | value='12' | fill=00000000 | rows=[140] | cols=[0] | col_header=False | row_header=False | metadata=False
Cell A142 | value='12' | fill=00000000 | rows=[141] | cols=[0] | col_header=False | row_header=False | metadata=False
Cell A143 | value='12' | fill=00000000 | rows=[142] | cols=[0] | col_header=False | row_header=False | metadata=False
Cell A144 | value='12' | fill=00000000 | rows=[143] | cols=[0] | col_header=False | row_header=False | metadata=False
Cell A145 | value='13' | fill=00000000 | rows=[144] | cols=[0] | col_header=False | row_header=False | metadata=False
Cell A146 | value='13' | fill=00000000 | rows=[145] | cols=[0] | col_header=False | row_header=False | metadata=False
Cell A147 | value='14' | fill=00000000 | rows=[146] | cols=[0] | col_header=False | row_header=False | metadata=False
Cell A148 | value='15' | fill=00000000 | rows=[147] | cols=[0] | col_header=False | row_header=False | metadata=False
Cell A149 | value='15' | fill=00000000 | rows=[148] | cols=[0] | col_header=False | row_header=False | metadata=False
Cell A150 | value='15' | fill=00000000 | rows=[149] | cols=[0] | col_header=False | row_header=False | metadata=False
Cell A151 | value='15' | fill=00000000 | rows=[150] | cols=[0] | col_header=False | row_header=False | metadata=False
Cell A152 | value='16' | fill=00000000 | rows=[151] | cols=[0] | col_header=False | row_header=False | metadata=False
Cell A153 | value='17' | fill=00000000 | rows=[152] | cols=[0] | col_header=False | row_header=False | metadata=False
Cell A154 | value='18' | fill=00000000 | rows=[153] | cols=[0] | col_header=False | row_header=False | metadata=False
Cell A155 | value='21' | fill=00000000 | rows=[154] | cols=[0] | col_header=False | row_header=False | metadata=False
Cell A156 | value='21' | fill=00000000 | rows=[155] | cols=[0] | col_header=False | row_header=False | metadata=False
Cell A157 | value='23' | fill=00000000 | rows=[156] | cols=[0] | col_header=False | row_header=False | metadata=False
Cell A158 | value='26' | fill=00000000 | rows=[157] | cols=[0] | col_header=False | row_header=False | metadata=False
Cell A159 | value='26' | fill=00000000 | rows=[158] | cols=[0] | col_header=False | row_header=False | metadata=False
Cell A160 | value='38' | fill=00000000 | rows=[159] | cols=[0] | col_header=False | row_header=False | metadata=False
Cell A161 | value='40' | fill=00000000 | rows=[160] | cols=[0] | col_header=False | row_header=False | metadata=False
Cell A162 | value='4' | fill=00000000 | rows=[161] | cols=[0] | col_header=False | row_header=False | metadata=False
Cell A163 | value='5' | fill=00000000 | rows=[162] | cols=[0] | col_header=False | row_header=False | metadata=False
Cell A164 | value='5' | fill=00000000 | rows=[163] | cols=[0] | col_header=False | row_header=False | metadata=False
Cell A165 | value='5' | fill=00000000 | rows=[164] | cols=[0] | col_header=False | row_header=False | metadata=False
Cell A166 | value='16' | fill=00000000 | rows=[165] | cols=[0] | col_header=False | row_header=False | metadata=False
Cell A167 | value='20' | fill=00000000 | rows=[166] | cols=[0] | col_header=False | row_header=False | metadata=False
Cell A168 | value='26' | fill=00000000 | rows=[167] | cols=[0] | col_header=False | row_header=False | metadata=False
Cell A169 | value='53' | fill=00000000 | rows=[168] | cols=[0] | col_header=False | row_header=False | metadata=False
Cell A170 | value='1' | fill=00000000 | rows=[169] | cols=[0] | col_header=False | row_header=False | metadata=False
Cell A171 | value='1' | fill=00000000 | rows=[170] | cols=[0] | col_header=False | row_header=False | metadata=False
Cell A172 | value='1' | fill=00000000 | rows=[171] | cols=[0] | col_header=False | row_header=False | metadata=False
Cell A173 | value='1' | fill=00000000 | rows=[172] | cols=[0] | col_header=False | row_header=False | metadata=False
Cell A174 | value='2' | fill=00000000 | rows=[173] | cols=[0] | col_header=False | row_header=False | metadata=False
Cell A175 | value='3' | fill=00000000 | rows=[174] | cols=[0] | col_header=False | row_header=False | metadata=False
Cell A176 | value='3' | fill=00000000 | rows=[175] | cols=[0] | col_header=False | row_header=False | metadata=False
Cell A177 | value='3' | fill=00000000 | rows=[176] | cols=[0] | col_header=False | row_header=False | metadata=False
Cell A178 | value='3' | fill=00000000 | rows=[177] | cols=[0] | col_header=False | row_header=False | metadata=False
Cell A179 | value='3' | fill=00000000 | rows=[178] | cols=[0] | col_header=False | row_header=False | metadata=False
Cell A180 | value='3' | fill=00000000 | rows=[179] | cols=[0] | col_header=False | row_header=False | metadata=False
Cell A181 | value='4' | fill=00000000 | rows=[180] | cols=[0] | col_header=False | row_header=False | metadata=False
Cell A182 | value='4' | fill=00000000 | rows=[181] | cols=[0] | col_header=False | row_header=False | metadata=False
Cell A183 | value='4' | fill=00000000 | rows=[182] | cols=[0] | col_header=False | row_header=False | metadata=False
Cell A184 | value='4' | fill=00000000 | rows=[183] | cols=[0] | col_header=False | row_header=False | metadata=False
Cell A185 | value='4' | fill=00000000 | rows=[184] | cols=[0] | col_header=False | row_header=False | metadata=False
Cell A186 | value='4' | fill=00000000 | rows=[185] | cols=[0] | col_header=False | row_header=False | metadata=False
Cell A187 | value='5' | fill=00000000 | rows=[186] | cols=[0] | col_header=False | row_header=False | metadata=False
Cell A188 | value='5' | fill=00000000 | rows=[187] | cols=[0] | col_header=False | row_header=False | metadata=False
Cell A189 | value='5' | fill=00000000 | rows=[188] | cols=[0] | col_header=False | row_header=False | metadata=False
Cell A190 | value='5' | fill=00000000 | rows=[189] | cols=[0] | col_header=False | row_header=False | metadata=False
Cell A191 | value='5' | fill=00000000 | rows=[190] | cols=[0] | col_header=False | row_header=False | metadata=False
Cell A192 | value='5' | fill=00000000 | rows=[191] | cols=[0] | col_header=False | row_header=False | metadata=False
Cell A193 | value='5' | fill=00000000 | rows=[192] | cols=[0] | col_header=False | row_header=False | metadata=False
Cell A194 | value='5' | fill=00000000 | rows=[193] | cols=[0] | col_header=False | row_header=False | metadata=False
Cell A195 | value='6' | fill=00000000 | rows=[194] | cols=[0] | col_header=False | row_header=False | metadata=False
Cell A196 | value='6' | fill=00000000 | rows=[195] | cols=[0] | col_header=False | row_header=False | metadata=False
Cell A197 | value='6' | fill=00000000 | rows=[196] | cols=[0] | col_header=False | row_header=False | metadata=False
Cell A198 | value='6' | fill=00000000 | rows=[197] | cols=[0] | col_header=False | row_header=False | metadata=False
Cell A199 | value='6' | fill=00000000 | rows=[198] | cols=[0] | col_header=False | row_header=False | metadata=False
Cell A200 | value='6' | fill=00000000 | rows=[199] | cols=[0] | col_header=False | row_header=False | metadata=False
Cell A201 | value='7' | fill=00000000 | rows=[200] | cols=[0] | col_header=False | row_header=False | metadata=False
Cell A202 | value='7' | fill=00000000 | rows=[201] | cols=[0] | col_header=False | row_header=False | metadata=False
Cell A203 | value='7' | fill=00000000 | rows=[202] | cols=[0] | col_header=False | row_header=False | metadata=False
Cell A204 | value='7' | fill=00000000 | rows=[203] | cols=[0] | col_header=False | row_header=False | metadata=False
Cell A205 | value='8' | fill=00000000 | rows=[204] | cols=[0] | col_header=False | row_header=False | metadata=False
Cell A206 | value='9' | fill=00000000 | rows=[205] | cols=[0] | col_header=False | row_header=False | metadata=False
Cell A207 | value='9' | fill=00000000 | rows=[206] | cols=[0] | col_header=False | row_header=False | metadata=False
Cell A208 | value='9' | fill=00000000 | rows=[207] | cols=[0] | col_header=False | row_header=False | metadata=False
Cell A209 | value='10' | fill=00000000 | rows=[208] | cols=[0] | col_header=False | row_header=False | metadata=False
Cell A210 | value='10' | fill=00000000 | rows=[209] | cols=[0] | col_header=False | row_header=False | metadata=False
Cell A211 | value='10' | fill=00000000 | rows=[210] | cols=[0] | col_header=False | row_header=False | metadata=False
Cell A212 | value='10' | fill=00000000 | rows=[211] | cols=[0] | col_header=False | row_header=False | metadata=False
Cell A213 | value='11' | fill=00000000 | rows=[212] | cols=[0] | col_header=False | row_header=False | metadata=False
Cell A214 | value='13' | fill=00000000 | rows=[213] | cols=[0] | col_header=False | row_header=False | metadata=False
Cell A215 | value='13' | fill=00000000 | rows=[214] | cols=[0] | col_header=False | row_header=False | metadata=False
Cell A216 | value='14' | fill=00000000 | rows=[215] | cols=[0] | col_header=False | row_header=False | metadata=False
Cell A217 | value='14' | fill=00000000 | rows=[216] | cols=[0] | col_header=False | row_header=False | metadata=False
Cell A218 | value='15' | fill=00000000 | rows=[217] | cols=[0] | col_header=False | row_header=False | metadata=False
Cell A219 | value='16' | fill=00000000 | rows=[218] | cols=[0] | col_header=False | row_header=False | metadata=False
Cell A220 | value='16' | fill=00000000 | rows=[219] | cols=[0] | col_header=False | row_header=False | metadata=False
Cell A221 | value='17' | fill=00000000 | rows=[220] | cols=[0] | col_header=False | row_header=False | metadata=False
Cell A222 | value='18' | fill=00000000 | rows=[221] | cols=[0] | col_header=False | row_header=False | metadata=False
Cell A223 | value='29' | fill=00000000 | rows=[222] | cols=[0] | col_header=False | row_header=False | metadata=False
Cell A224 | value='1' | fill=00000000 | rows=[223] | cols=[0] | col_header=False | row_header=False | metadata=False
Cell A225 | value='1' | fill=00000000 | rows=[224] | cols=[0] | col_header=False | row_header=False | metadata=False
Cell A226 | value='2' | fill=00000000 | rows=[225] | cols=[0] | col_header=False | row_header=False | metadata=False
Cell A227 | value='2' | fill=00000000 | rows=[226] | cols=[0] | col_header=False | row_header=False | metadata=False
Cell A228 | value='2' | fill=00000000 | rows=[227] | cols=[0] | col_header=False | row_header=False | metadata=False
Cell A229 | value='2' | fill=00000000 | rows=[228] | cols=[0] | col_header=False | row_header=False | metadata=False
Cell A230 | value='2' | fill=00000000 | rows=[229] | cols=[0] | col_header=False | row_header=False | metadata=False
Cell A231 | value='2' | fill=00000000 | rows=[230] | cols=[0] | col_header=False | row_header=False | metadata=False
Cell A232 | value='2' | fill=00000000 | rows=[231] | cols=[0] | col_header=False | row_header=False | metadata=False
Cell A233 | value='2' | fill=00000000 | rows=[232] | cols=[0] | col_header=False | row_header=False | metadata=False
Cell A234 | value='2' | fill=00000000 | rows=[233] | cols=[0] | col_header=False | row_header=False | metadata=False
Cell A235 | value='2' | fill=00000000 | rows=[234] | cols=[0] | col_header=False | row_header=False | metadata=False
Cell A236 | value='3' | fill=00000000 | rows=[235] | cols=[0] | col_header=False | row_header=False | metadata=False
Cell A237 | value='3' | fill=00000000 | rows=[236] | cols=[0] | col_header=False | row_header=False | metadata=False
Cell A238 | value='3' | fill=00000000 | rows=[237] | cols=[0] | col_header=False | row_header=False | metadata=False
Cell A239 | value='3' | fill=00000000 | rows=[238] | cols=[0] | col_header=False | row_header=False | metadata=False
Cell A240 | value='3' | fill=00000000 | rows=[239] | cols=[0] | col_header=False | row_header=False | metadata=False
Cell A241 | value='3' | fill=00000000 | rows=[240] | cols=[0] | col_header=False | row_header=False | metadata=False
Cell A242 | value='3' | fill=00000000 | rows=[241] | cols=[0] | col_header=False | row_header=False | metadata=False
Cell A243 | value='4' | fill=00000000 | rows=[242] | cols=[0] | col_header=False | row_header=False | metadata=False
Cell A244 | value='4' | fill=00000000 | rows=[243] | cols=[0] | col_header=False | row_header=False | metadata=False
Cell A245 | value='4' | fill=00000000 | rows=[244] | cols=[0] | col_header=False | row_header=False | metadata=False
Cell A246 | value='4' | fill=00000000 | rows=[245] | cols=[0] | col_header=False | row_header=False | metadata=False
Cell A247 | value='4' | fill=00000000 | rows=[246] | cols=[0] | col_header=False | row_header=False | metadata=False
Cell A248 | value='4' | fill=00000000 | rows=[247] | cols=[0] | col_header=False | row_header=False | metadata=False
Cell A249 | value='4' | fill=00000000 | rows=[248] | cols=[0] | col_header=False | row_header=False | metadata=False
Cell A250 | value='4' | fill=00000000 | rows=[249] | cols=[0] | col_header=False | row_header=False | metadata=False
Cell A251 | value='4' | fill=00000000 | rows=[250] | cols=[0] | col_header=False | row_header=False | metadata=False
Cell A252 | value='4' | fill=00000000 | rows=[251] | cols=[0] | col_header=False | row_header=False | metadata=False
Cell A253 | value='5' | fill=00000000 | rows=[252] | cols=[0] | col_header=False | row_header=False | metadata=False
Cell A254 | value='5' | fill=00000000 | rows=[253] | cols=[0] | col_header=False | row_header=False | metadata=False
Cell A255 | value='5' | fill=00000000 | rows=[254] | cols=[0] | col_header=False | row_header=False | metadata=False
Cell A256 | value='5' | fill=00000000 | rows=[255] | cols=[0] | col_header=False | row_header=False | metadata=False
Cell A257 | value='5' | fill=00000000 | rows=[256] | cols=[0] | col_header=False | row_header=False | metadata=False
Cell A258 | value='6' | fill=00000000 | rows=[257] | cols=[0] | col_header=False | row_header=False | metadata=False
Cell A259 | value='6' | fill=00000000 | rows=[258] | cols=[0] | col_header=False | row_header=False | metadata=False
Cell A260 | value='6' | fill=00000000 | rows=[259] | cols=[0] | col_header=False | row_header=False | metadata=False
Cell A261 | value='6' | fill=00000000 | rows=[260] | cols=[0] | col_header=False | row_header=False | metadata=False
Cell A262 | value='6' | fill=00000000 | rows=[261] | cols=[0] | col_header=False | row_header=False | metadata=False
Cell A263 | value='6' | fill=00000000 | rows=[262] | cols=[0] | col_header=False | row_header=False | metadata=False
Cell A264 | value='6' | fill=00000000 | rows=[263] | cols=[0] | col_header=False | row_header=False | metadata=False
Cell A265 | value='6' | fill=00000000 | rows=[264] | cols=[0] | col_header=False | row_header=False | metadata=False
Cell A266 | value='7' | fill=00000000 | rows=[265] | cols=[0] | col_header=False | row_header=False | metadata=False
Cell A267 | value='7' | fill=00000000 | rows=[266] | cols=[0] | col_header=False | row_header=False | metadata=False
Cell A268 | value='7' | fill=00000000 | rows=[267] | cols=[0] | col_header=False | row_header=False | metadata=False
Cell A269 | value='7' | fill=00000000 | rows=[268] | cols=[0] | col_header=False | row_header=False | metadata=False
Cell A270 | value='8' | fill=00000000 | rows=[269] | cols=[0] | col_header=False | row_header=False | metadata=False
Cell A271 | value='8' | fill=00000000 | rows=[270] | cols=[0] | col_header=False | row_header=False | metadata=False
Cell A272 | value='8' | fill=00000000 | rows=[271] | cols=[0] | col_header=False | row_header=False | metadata=False
Cell A273 | value='8' | fill=00000000 | rows=[272] | cols=[0] | col_header=False | row_header=False | metadata=False
Cell A274 | value='8' | fill=00000000 | rows=[273] | cols=[0] | col_header=False | row_header=False | metadata=False
Cell A275 | value='8' | fill=00000000 | rows=[274] | cols=[0] | col_header=False | row_header=False | metadata=False
Cell A276 | value='9' | fill=00000000 | rows=[275] | cols=[0] | col_header=False | row_header=False | metadata=False
Cell A277 | value='9' | fill=00000000 | rows=[276] | cols=[0] | col_header=False | row_header=False | metadata=False
Cell A278 | value='9' | fill=00000000 | rows=[277] | cols=[0] | col_header=False | row_header=False | metadata=False
Cell A279 | value='10' | fill=00000000 | rows=[278] | cols=[0] | col_header=False | row_header=False | metadata=False
Cell A280 | value='11' | fill=00000000 | rows=[279] | cols=[0] | col_header=False | row_header=False | metadata=False
Cell A281 | value='11' | fill=00000000 | rows=[280] | cols=[0] | col_header=False | row_header=False | metadata=False
Cell A282 | value='12' | fill=00000000 | rows=[281] | cols=[0] | col_header=False | row_header=False | metadata=False
Cell A283 | value='12' | fill=00000000 | rows=[282] | cols=[0] | col_header=False | row_header=False | metadata=False
Cell A284 | value='12' | fill=00000000 | rows=[283] | cols=[0] | col_header=False | row_header=False | metadata=False
Cell A285 | value='12' | fill=00000000 | rows=[284] | cols=[0] | col_header=False | row_header=False | metadata=False
Cell A286 | value='12' | fill=00000000 | rows=[285] | cols=[0] | col_header=False | row_header=False | metadata=False
Cell A287 | value='12' | fill=00000000 | rows=[286] | cols=[0] | col_header=False | row_header=False | metadata=False
Cell A288 | value='13' | fill=00000000 | rows=[287] | cols=[0] | col_header=False | row_header=False | metadata=False
Cell A289 | value='13' | fill=00000000 | rows=[288] | cols=[0] | col_header=False | row_header=False | metadata=False
Cell A290 | value='14' | fill=00000000 | rows=[289] | cols=[0] | col_header=False | row_header=False | metadata=False
Cell A291 | value='15' | fill=00000000 | rows=[290] | cols=[0] | col_header=False | row_header=False | metadata=False
Cell A292 | value='15' | fill=00000000 | rows=[291] | cols=[0] | col_header=False | row_header=False | metadata=False
Cell A293 | value='15' | fill=00000000 | rows=[292] | cols=[0] | col_header=False | row_header=False | metadata=False
Cell A294 | value='15' | fill=00000000 | rows=[293] | cols=[0] | col_header=False | row_header=False | metadata=False
Cell A295 | value='16' | fill=00000000 | rows=[294] | cols=[0] | col_header=False | row_header=False | metadata=False
Cell A296 | value='17' | fill=00000000 | rows=[295] | cols=[0] | col_header=False | row_header=False | metadata=False
Cell A297 | value='18' | fill=00000000 | rows=[296] | cols=[0] | col_header=False | row_header=False | metadata=False
Cell A298 | value='21' | fill=00000000 | rows=[297] | cols=[0] | col_header=False | row_header=False | metadata=False
Cell A299 | value='21' | fill=00000000 | rows=[298] | cols=[0] | col_header=False | row_header=False | metadata=False
Cell A300 | value='23' | fill=00000000 | rows=[299] | cols=[0] | col_header=False | row_header=False | metadata=False
Cell A301 | value='26' | fill=00000000 | rows=[300] | cols=[0] | col_header=False | row_header=False | metadata=False
Cell A302 | value='26' | fill=00000000 | rows=[301] | cols=[0] | col_header=False | row_header=False | metadata=False
Cell A303 | value='38' | fill=00000000 | rows=[302] | cols=[0] | col_header=False | row_header=False | metadata=False
Cell A304 | value='40' | fill=00000000 | rows=[303] | cols=[0] | col_header=False | row_header=False | metadata=False

