=== society-table09.xlsx ===
Cell A1 | value='Region and state or area' | fill=FFFFFF00 | rows=[0] | cols=[0, 1, 2] | col_header=True | row_header=True | metadata=False
Cell D1 | value='Number' | fill=FFFFFF00 | rows=[0] | cols=[3] | col_header=True | row_header=False | metadata=False
Cell E1 | value='Average monthly payment a (dollars)' | fill=FFFFFF00 | rows=[0] | cols=[4] | col_header=True | row_header=False | metadata=False
Cell C2 | value='All areas' | fill=FF00B050 | rows=[1] | cols=[2] | col_header=False | row_header=True | metadata=False
Cell D2 | value='1078977' | fill=00000000 | rows=[1] | cols=[3] | col_header=False | row_header=False | metadata=False
Cell E2 | value='537.83' | fill=00000000 | rows=[1] | cols=[4] | col_header=False | row_header=False | metadata=False
Cell A3 | value='Boston' | fill=FF00B050 | rows=[2] | cols=[0, 1, 2] | col_header=False | row_header=True | metadata=False
Cell D3 | value='37439' | fill=00000000 | rows=[2] | cols=[3] | col_header=False | row_header=False | metadata=False
Cell E3 | value='545.79' | fill=00000000 | rows=[2] | cols=[4] | col_header=False | row_header=False | metadata=False
Cell B4 | value='Connecticut' | fill=FF00B050 | rows=[3] | cols=[1, 2] | col_header=False | row_header=True | metadata=False
Cell D4 | value='6898' | fill=00000000 | rows=[3] | cols=[3] | col_header=False | row_header=False | metadata=False
Cell E4 | value='518.6' | fill=00000000 | rows=[3] | cols=[4] | col_header=False | row_header=False | metadata=False
Cell B5 | value='Maine' | fill=FF00B050 | rows=[4] | cols=[1, 2] | col_header=False | row_header=True | metadata=False
Cell D5 | value='3504' | fill=00000000 | rows=[4] | cols=[3] | col_header=False | row_header=False | metadata=False
Cell E5 | value='509.12' | fill=00000000 | rows=[4] | cols=[4] | col_header=False | row_header=False | metadata=False
Cell B6 | value='Massachusetts' | fill=FF00B050 | rows=[5] | cols=[1, 2] | col_header=False | row_header=True | metadata=False
Cell D6 | value='19129' | fill=00000000 | rows=[5] | cols=[3] | col_header=False | row_header=False | metadata=False
Cell E6 | value='560.69' | fill=00000000 | rows=[5] | cols=[4] | col_header=False | row_header=False | metadata=False
Cell B7 | value='New Hampshire' | fill=FF00B050 | rows=[6] | cols=[1, 2] | col_header=False | row_header=True | metadata=False
Cell D7 | value='1953' | fill=00000000 | rows=[6] | cols=[3] | col_header=False | row_header=False | metadata=False
Cell E7 | value='487.22' | fill=00000000 | rows=[6] | cols=[4] | col_header=False | row_header=False | metadata=False
Cell B8 | value='Rhode Island' | fill=FF00B050 | rows=[7] | cols=[1, 2] | col_header=False | row_header=True | metadata=False
Cell D8 | value='4232' | fill=00000000 | rows=[7] | cols=[3] | col_header=False | row_header=False | metadata=False
Cell E8 | value='576.64' | fill=00000000 | rows=[7] | cols=[4] | col_header=False | row_header=False | metadata=False
Cell B9 | value='Vermont' | fill=FF00B050 | rows=[8] | cols=[1, 2] | col_header=False | row_header=True | metadata=False
Cell D9 | value='1723' | fill=00000000 | rows=[8] | cols=[3] | col_header=False | row_header=False | metadata=False
Cell E9 | value='554.4' | fill=00000000 | rows=[8] | cols=[4] | col_header=False | row_header=False | metadata=False
Cell A10 | value='New York' | fill=FF00B050 | rows=[9] | cols=[0, 1, 2] | col_header=False | row_header=True | metadata=False
Cell D10 | value='96126' | fill=00000000 | rows=[9] | cols=[3] | col_header=False | row_header=False | metadata=False
Cell E10 | value='550.67' | fill=00000000 | rows=[9] | cols=[4] | col_header=False | row_header=False | metadata=False
Cell B11 | value='New Jersey' | fill=FF00B050 | rows=[10] | cols=[1, 2] | col_header=False | row_header=True | metadata=False
Cell D11 | value='22704' | fill=00000000 | rows=[10] | cols=[3] | col_header=False | row_header=False | metadata=False
Cell E11 | value='530.95' | fill=00000000 | rows=[10] | cols=[4] | col_header=False | row_header=False | metadata=False
Cell B12 | value='New York' | fill=FF00B050 | rows=[11] | cols=[1, 2] | col_header=False | row_header=True | metadata=False
Cell D12 | value='73422' | fill=00000000 | rows=[11] | cols=[3] | col_header=False | row_header=False | metadata=False
Cell E12 | value='556.77' | fill=00000000 | rows=[11] | cols=[4] | col_header=False | row_header=False | metadata=False
Cell A13 | value='Philadelphia' | fill=FF00B050 | rows=[12] | cols=[0, 1, 2] | col_header=False | row_header=True | metadata=False
Cell D13 | value='115787' | fill=00000000 | rows=[12] | cols=[3] | col_header=False | row_header=False | metadata=False
Cell E13 | value='519.56' | fill=00000000 | rows=[12] | cols=[4] | col_header=False | row_header=False | metadata=False
Cell B14 | value='Delaware' | fill=FF00B050 | rows=[13] | cols=[1, 2] | col_header=False | row_header=True | metadata=False
Cell D14 | value='3334' | fill=00000000 | rows=[13] | cols=[3] | col_header=False | row_header=False | metadata=False
Cell E14 | value='507.37' | fill=00000000 | rows=[13] | cols=[4] | col_header=False | row_header=False | metadata=False
Cell B15 | value='District of Columbia' | fill=FF00B050 | rows=[14] | cols=[1, 2] | col_header=False | row_header=True | metadata=False
Cell D15 | value='4441' | fill=00000000 | rows=[14] | cols=[3] | col_header=False | row_header=False | metadata=False
Cell E15 | value='533.12' | fill=00000000 | rows=[14] | cols=[4] | col_header=False | row_header=False | metadata=False
Cell B16 | value='Maryland' | fill=FF00B050 | rows=[15] | cols=[1, 2] | col_header=False | row_header=True | metadata=False
Cell D16 | value='15275' | fill=00000000 | rows=[15] | cols=[3] | col_header=False | row_header=False | metadata=False
Cell E16 | value='510.66' | fill=00000000 | rows=[15] | cols=[4] | col_header=False | row_header=False | metadata=False
Cell B17 | value='Pennsylvania' | fill=FF00B050 | rows=[16] | cols=[1, 2] | col_header=False | row_header=True | metadata=False
Cell D17 | value='60991' | fill=00000000 | rows=[16] | cols=[3] | col_header=False | row_header=False | metadata=False
Cell E17 | value='525.45' | fill=00000000 | rows=[16] | cols=[4] | col_header=False | row_header=False | metadata=False
Cell B18 | value='Virginia' | fill=FF00B050 | rows=[17] | cols=[1, 2] | col_header=False | row_header=True | metadata=False
Cell D18 | value='22810' | fill=00000000 | rows=[17] | cols=[3] | col_header=False | row_header=False | metadata=False
Cell E18 | value='506.39' | fill=00000000 | rows=[17] | cols=[4] | col_header=False | row_header=False | metadata=False
Cell B19 | value='West Virginia' | fill=FF00B050 | rows=[18] | cols=[1, 2] | col_header=False | row_header=True | metadata=False
Cell D19 | value='8936' | fill=00000000 | rows=[18] | cols=[3] | col_header=False | row_header=False | metadata=False
Cell E19 | value='525.96' | fill=00000000 | rows=[18] | cols=[4] | col_header=False | row_header=False | metadata=False
Cell A20 | value='Atlanta' | fill=FF00B050 | rows=[19] | cols=[0, 1, 2] | col_header=False | row_header=True | metadata=False
Cell D20 | value='275413' | fill=00000000 | rows=[19] | cols=[3] | col_header=False | row_header=False | metadata=False
Cell E20 | value='524.38' | fill=00000000 | rows=[19] | cols=[4] | col_header=False | row_header=False | metadata=False
Cell B21 | value='Alabama' | fill=FF00B050 | rows=[20] | cols=[1, 2] | col_header=False | row_header=True | metadata=False
Cell D21 | value='28672' | fill=00000000 | rows=[20] | cols=[3] | col_header=False | row_header=False | metadata=False
Cell E21 | value='532.52' | fill=00000000 | rows=[20] | cols=[4] | col_header=False | row_header=False | metadata=False
Cell B22 | value='Florida' | fill=FF00B050 | rows=[21] | cols=[1, 2] | col_header=False | row_header=True | metadata=False
Cell D22 | value='80608' | fill=00000000 | rows=[21] | cols=[3] | col_header=False | row_header=False | metadata=False
Cell E22 | value='521.76' | fill=00000000 | rows=[21] | cols=[4] | col_header=False | row_header=False | metadata=False
Cell B23 | value='Georgia' | fill=FF00B050 | rows=[22] | cols=[1, 2] | col_header=False | row_header=True | metadata=False
Cell D23 | value='35046' | fill=00000000 | rows=[22] | cols=[3] | col_header=False | row_header=False | metadata=False
Cell E23 | value='523.82' | fill=00000000 | rows=[22] | cols=[4] | col_header=False | row_header=False | metadata=False
Cell B24 | value='Kentucky' | fill=FF00B050 | rows=[23] | cols=[1, 2] | col_header=False | row_header=True | metadata=False
Cell D24 | value='27797' | fill=00000000 | rows=[23] | cols=[3] | col_header=False | row_header=False | metadata=False
Cell E24 | value='535.6' | fill=00000000 | rows=[23] | cols=[4] | col_header=False | row_header=False | metadata=False
Cell B25 | value='Mississippi' | fill=FF00B050 | rows=[24] | cols=[1, 2] | col_header=False | row_header=True | metadata=False
Cell D25 | value='22853' | fill=00000000 | rows=[24] | cols=[3] | col_header=False | row_header=False | metadata=False
Cell E25 | value='532.95' | fill=00000000 | rows=[24] | cols=[4] | col_header=False | row_header=False | metadata=False
Cell B26 | value='North Carolina' | fill=FF00B050 | rows=[25] | cols=[1, 2] | col_header=False | row_header=True | metadata=False
Cell D26 | value='38295' | fill=00000000 | rows=[25] | cols=[3] | col_header=False | row_header=False | metadata=False
Cell E26 | value='512.91' | fill=00000000 | rows=[25] | cols=[4] | col_header=False | row_header=False | metadata=False
Cell B27 | value='South Carolina' | fill=FF00B050 | rows=[26] | cols=[1, 2] | col_header=False | row_header=True | metadata=False
Cell D27 | value='18731' | fill=00000000 | rows=[26] | cols=[3] | col_header=False | row_header=False | metadata=False
Cell E27 | value='518.39' | fill=00000000 | rows=[26] | cols=[4] | col_header=False | row_header=False | metadata=False
Cell B28 | value='Tennessee' | fill=FF00B050 | rows=[27] | cols=[1, 2] | col_header=False | row_header=True | metadata=False
Cell D28 | value='23411' | fill=00000000 | rows=[27] | cols=[3] | col_header=False | row_header=False | metadata=False
Cell E28 | value='526.19' | fill=00000000 | rows=[27] | cols=[4] | col_header=False | row_header=False | metadata=False
Cell A29 | value='Chicago' | fill=FF00B050 | rows=[28] | cols=[0, 1, 2] | col_header=False | row_header=True | metadata=False
Cell D29 | value='177249' | fill=00000000 | rows=[28] | cols=[3] | col_header=False | row_header=False | metadata=False
Cell E29 | value='530.95' | fill=00000000 | rows=[28] | cols=[4] | col_header=False | row_header=False | metadata=False
Cell B30 | value='Illinois' | fill=FF00B050 | rows=[29] | cols=[1, 2] | col_header=False | row_header=True | metadata=False
Cell D30 | value='45096' | fill=00000000 | rows=[29] | cols=[3] | col_header=False | row_header=False | metadata=False
Cell E30 | value='533.97' | fill=00000000 | rows=[29] | cols=[4] | col_header=False | row_header=False | metadata=False
Cell B31 | value='Indiana' | fill=FF00B050 | rows=[30] | cols=[1, 2] | col_header=False | row_header=True | metadata=False
Cell D31 | value='21545' | fill=00000000 | rows=[30] | cols=[3] | col_header=False | row_header=False | metadata=False
Cell E31 | value='524.05' | fill=00000000 | rows=[30] | cols=[4] | col_header=False | row_header=False | metadata=False
Cell B32 | value='Michigan' | fill=FF00B050 | rows=[31] | cols=[1, 2] | col_header=False | row_header=True | metadata=False
Cell D32 | value='38719' | fill=00000000 | rows=[31] | cols=[3] | col_header=False | row_header=False | metadata=False
Cell E32 | value='536.79' | fill=00000000 | rows=[31] | cols=[4] | col_header=False | row_header=False | metadata=False
Cell B33 | value='Minnesota' | fill=FF00B050 | rows=[32] | cols=[1, 2] | col_header=False | row_header=True | metadata=False
Cell D33 | value='11212' | fill=00000000 | rows=[32] | cols=[3] | col_header=False | row_header=False | metadata=False
Cell E33 | value='512.17' | fill=00000000 | rows=[32] | cols=[4] | col_header=False | row_header=False | metadata=False
Cell B34 | value='Ohio' | fill=FF00B050 | rows=[33] | cols=[1, 2] | col_header=False | row_header=True | metadata=False
Cell D34 | value='43565' | fill=00000000 | rows=[33] | cols=[3] | col_header=False | row_header=False | metadata=False
Cell E34 | value='534.81' | fill=00000000 | rows=[33] | cols=[4] | col_header=False | row_header=False | metadata=False
Cell B35 | value='Wisconsin' | fill=FF00B050 | rows=[34] | cols=[1, 2] | col_header=False | row_header=True | metadata=False
Cell D35 | value='17112' | fill=00000000 | rows=[34] | cols=[3] | col_header=False | row_header=False | metadata=False
Cell E35 | value='520.94' | fill=00000000 | rows=[34] | cols=[4] | col_header=False | row_header=False | metadata=False
Cell A36 | value='Dallas' | fill=FF00B050 | rows=[35] | cols=[0, 1, 2] | col_header=False | row_header=True | metadata=False
Cell D36 | value='166907' | fill=00000000 | rows=[35] | cols=[3] | col_header=False | row_header=False | metadata=False
Cell E36 | value='526.9' | fill=00000000 | rows=[35] | cols=[4] | col_header=False | row_header=False | metadata=False
Cell B37 | value='Arkansas' | fill=FF00B050 | rows=[36] | cols=[1, 2] | col_header=False | row_header=True | metadata=False
Cell D37 | value='19501' | fill=00000000 | rows=[36] | cols=[3] | col_header=False | row_header=False | metadata=False
Cell E37 | value='529.14' | fill=00000000 | rows=[36] | cols=[4] | col_header=False | row_header=False | metadata=False
Cell B38 | value='Louisiana' | fill=FF00B050 | rows=[37] | cols=[1, 2] | col_header=False | row_header=True | metadata=False
Cell D38 | value='29343' | fill=00000000 | rows=[37] | cols=[3] | col_header=False | row_header=False | metadata=False
Cell E38 | value='538.04' | fill=00000000 | rows=[37] | cols=[4] | col_header=False | row_header=False | metadata=False
Cell B39 | value='New Mexico' | fill=FF00B050 | rows=[38] | cols=[1, 2] | col_header=False | row_header=True | metadata=False
Cell D39 | value='7762' | fill=00000000 | rows=[38] | cols=[3] | col_header=False | row_header=False | metadata=False
Cell E39 | value='533.87' | fill=00000000 | rows=[38] | cols=[4] | col_header=False | row_header=False | metadata=False
Cell B40 | value='Oklahoma' | fill=FF00B050 | rows=[39] | cols=[1, 2] | col_header=False | row_header=True | metadata=False
Cell D40 | value='14592' | fill=00000000 | rows=[39] | cols=[3] | col_header=False | row_header=False | metadata=False
Cell E40 | value='524.64' | fill=00000000 | rows=[39] | cols=[4] | col_header=False | row_header=False | metadata=False
Cell B41 | value='Texas' | fill=FF00B050 | rows=[40] | cols=[1, 2] | col_header=False | row_header=True | metadata=False
Cell D41 | value='95709' | fill=00000000 | rows=[40] | cols=[3] | col_header=False | row_header=False | metadata=False
Cell E41 | value='522.81' | fill=00000000 | rows=[40] | cols=[4] | col_header=False | row_header=False | metadata=False
Cell A42 | value='Kansas City' | fill=FF00B050 | rows=[41] | cols=[0, 1, 2] | col_header=False | row_header=True | metadata=False
Cell D42 | value='38228' | fill=00000000 | rows=[41] | cols=[3] | col_header=False | row_header=False | metadata=False
Cell E42 | value='516.79' | fill=00000000 | rows=[41] | cols=[4] | col_header=False | row_header=False | metadata=False
Cell B43 | value='Iowa' | fill=FF00B050 | rows=[42] | cols=[1, 2] | col_header=False | row_header=True | metadata=False
Cell D43 | value='7124' | fill=00000000 | rows=[42] | cols=[3] | col_header=False | row_header=False | metadata=False
Cell E43 | value='498.85' | fill=00000000 | rows=[42] | cols=[4] | col_header=False | row_header=False | metadata=False
Cell B44 | value='Kansas' | fill=FF00B050 | rows=[43] | cols=[1, 2] | col_header=False | row_header=True | metadata=False
Cell D44 | value='7302' | fill=00000000 | rows=[43] | cols=[3] | col_header=False | row_header=False | metadata=False
Cell E44 | value='512.29' | fill=00000000 | rows=[43] | cols=[4] | col_header=False | row_header=False | metadata=False
Cell B45 | value='Missouri' | fill=FF00B050 | rows=[44] | cols=[1, 2] | col_header=False | row_header=True | metadata=False
Cell D45 | value='20269' | fill=00000000 | rows=[44] | cols=[3] | col_header=False | row_header=False | metadata=False
Cell E45 | value='527.26' | fill=00000000 | rows=[44] | cols=[4] | col_header=False | row_header=False | metadata=False
Cell B46 | value='Nebraska' | fill=FF00B050 | rows=[45] | cols=[1, 2] | col_header=False | row_header=True | metadata=False
Cell D46 | value='3533' | fill=00000000 | rows=[45] | cols=[3] | col_header=False | row_header=False | metadata=False
Cell E46 | value='502.2' | fill=00000000 | rows=[45] | cols=[4] | col_header=False | row_header=False | metadata=False
Cell A47 | value='Denver' | fill=FF00B050 | rows=[46] | cols=[0, 1, 2] | col_header=False | row_header=True | metadata=False
Cell D47 | value='17341' | fill=00000000 | rows=[46] | cols=[3] | col_header=False | row_header=False | metadata=False
Cell E47 | value='493.2' | fill=00000000 | rows=[46] | cols=[4] | col_header=False | row_header=False | metadata=False
Cell B48 | value='Colorado' | fill=FF00B050 | rows=[47] | cols=[1, 2] | col_header=False | row_header=True | metadata=False
Cell D48 | value='7161' | fill=00000000 | rows=[47] | cols=[3] | col_header=False | row_header=False | metadata=False
Cell E48 | value='497.05' | fill=00000000 | rows=[47] | cols=[4] | col_header=False | row_header=False | metadata=False
Cell B49 | value='Montana' | fill=FF00B050 | rows=[48] | cols=[1, 2] | col_header=False | row_header=True | metadata=False
Cell D49 | value='2091' | fill=00000000 | rows=[48] | cols=[3] | col_header=False | row_header=False | metadata=False
Cell E49 | value='514.85' | fill=00000000 | rows=[48] | cols=[4] | col_header=False | row_header=False | metadata=False
Cell B50 | value='North Dakota' | fill=FF00B050 | rows=[49] | cols=[1, 2] | col_header=False | row_header=True | metadata=False
Cell D50 | value='989' | fill=00000000 | rows=[49] | cols=[3] | col_header=False | row_header=False | metadata=False
Cell E50 | value='478.69' | fill=00000000 | rows=[49] | cols=[4] | col_header=False | row_header=False | metadata=False
Cell B51 | value='South Dakota' | fill=FF00B050 | rows=[50] | cols=[1, 2] | col_header=False | row_header=True | metadata=False
Cell D51 | value='2020' | fill=00000000 | rows=[50] | cols=[3] | col_header=False | row_header=False | metadata=False
Cell E51 | value='491.01' | fill=00000000 | rows=[50] | cols=[4] | col_header=False | row_header=False | metadata=False
Cell B52 | value='Utah' | fill=FF00B050 | rows=[51] | cols=[1, 2] | col_header=False | row_header=True | metadata=False
Cell D52 | value='4219' | fill=00000000 | rows=[51] | cols=[3] | col_header=False | row_header=False | metadata=False
Cell E52 | value='482.51' | fill=00000000 | rows=[51] | cols=[4] | col_header=False | row_header=False | metadata=False
Cell B53 | value='Wyoming' | fill=FF00B050 | rows=[52] | cols=[1, 2] | col_header=False | row_header=True | metadata=False
Cell D53 | value='861' | fill=00000000 | rows=[52] | cols=[3] | col_header=False | row_header=False | metadata=False
Cell E53 | value='482.76' | fill=00000000 | rows=[52] | cols=[4] | col_header=False | row_header=False | metadata=False
Cell A54 | value='San Francisco' | fill=FF00B050 | rows=[53] | cols=[0, 1, 2] | col_header=False | row_header=True | metadata=False
Cell D54 | value='125498' | fill=00000000 | rows=[53] | cols=[3] | col_header=False | row_header=False | metadata=False
Cell E54 | value='615.73' | fill=00000000 | rows=[53] | cols=[4] | col_header=False | row_header=False | metadata=False
Cell B55 | value='Arizona' | fill=FF00B050 | rows=[54] | cols=[1, 2] | col_header=False | row_header=True | metadata=False
Cell D55 | value='17804' | fill=00000000 | rows=[54] | cols=[3] | col_header=False | row_header=False | metadata=False
Cell E55 | value='528.67' | fill=00000000 | rows=[54] | cols=[4] | col_header=False | row_header=False | metadata=False
Cell B56 | value='California' | fill=FF00B050 | rows=[55] | cols=[1, 2] | col_header=False | row_header=True | metadata=False
Cell D56 | value='99711' | fill=00000000 | rows=[55] | cols=[3] | col_header=False | row_header=False | metadata=False
Cell E56 | value='639.98' | fill=00000000 | rows=[55] | cols=[4] | col_header=False | row_header=False | metadata=False
Cell B57 | value='Hawaii' | fill=FF00B050 | rows=[56] | cols=[1, 2] | col_header=False | row_header=True | metadata=False
Cell D57 | value='1557' | fill=00000000 | rows=[56] | cols=[3] | col_header=False | row_header=False | metadata=False
Cell E57 | value='496.88' | fill=00000000 | rows=[56] | cols=[4] | col_header=False | row_header=False | metadata=False
Cell B58 | value='Nevada' | fill=FF00B050 | rows=[57] | cols=[1, 2] | col_header=False | row_header=True | metadata=False
Cell D58 | value='6193' | fill=00000000 | rows=[57] | cols=[3] | col_header=False | row_header=False | metadata=False
Cell E58 | value='507' | fill=00000000 | rows=[57] | cols=[4] | col_header=False | row_header=False | metadata=False
Cell B59 | value='Northern Mariana Islands' | fill=FF00B050 | rows=[58] | cols=[1, 2] | col_header=False | row_header=True | metadata=False
Cell D59 | value='233' | fill=00000000 | rows=[58] | cols=[3] | col_header=False | row_header=False | metadata=False
Cell E59 | value='577.52' | fill=00000000 | rows=[58] | cols=[4] | col_header=False | row_header=False | metadata=False
Cell A60 | value='Seattle' | fill=FF00B050 | rows=[59] | cols=[0, 1, 2] | col_header=False | row_header=True | metadata=False
Cell D60 | value='28989' | fill=00000000 | rows=[59] | cols=[3] | col_header=False | row_header=False | metadata=False
Cell E60 | value='508.01' | fill=00000000 | rows=[59] | cols=[4] | col_header=False | row_header=False | metadata=False
Cell B61 | value='Alaska' | fill=FF00B050 | rows=[60] | cols=[1, 2] | col_header=False | row_header=True | metadata=False
Cell D61 | value='1155' | fill=00000000 | rows=[60] | cols=[3] | col_header=False | row_header=False | metadata=False
Cell E61 | value='475.75' | fill=00000000 | rows=[60] | cols=[4] | col_header=False | row_header=False | metadata=False
Cell B62 | value='Idaho' | fill=FF00B050 | rows=[61] | cols=[1, 2] | col_header=False | row_header=True | metadata=False
Cell D62 | value='4296' | fill=00000000 | rows=[61] | cols=[3] | col_header=False | row_header=False | metadata=False
Cell E62 | value='494.23' | fill=00000000 | rows=[61] | cols=[4] | col_header=False | row_header=False | metadata=False
Cell B63 | value='Oregon' | fill=FF00B050 | rows=[62] | cols=[1, 2] | col_header=False | row_header=True | metadata=False
Cell D63 | value='8321' | fill=00000000 | rows=[62] | cols=[3] | col_header=False | row_header=False | metadata=False
Cell E63 | value='514.22' | fill=00000000 | rows=[62] | cols=[4] | col_header=False | row_header=False | metadata=False
Cell B64 | value='Washington' | fill=FF00B050 | rows=[63] | cols=[1, 2] | col_header=False | row_header=True | metadata=False
Cell D64 | value='15217' | fill=00000000 | rows=[63] | cols=[3] | col_header=False | row_header=False | metadata=False
Cell E64 | value='510.95' | fill=00000000 | rows=[63] | cols=[4] | col_header=False | row_header=False | metadata=False

