=== sport-table08.xlsx ===
Cell C1 | value='Home' | fill=FFFFFF00 | rows=[0] | cols=[2, 3, 4, 5, 6, 7, 8, 9] | col_header=True | row_header=False | metadata=False
Cell L1 | value='Away' | fill=FFFFFF00 | rows=[0] | cols=[11, 12, 13, 14, 15, 16, 17, 18] | col_header=True | row_header=False | metadata=False
Cell U1 | value='Total' | fill=FFFFFF00 | rows=[0] | cols=[20, 21, 22, 23, 24, 25, 26, 27] | col_header=True | row_header=False | metadata=False
Cell C2 | value='G' | fill=FFFFFF00 | rows=[1] | cols=[2] | col_header=True | row_header=False | metadata=False
Cell D2 | value='W' | fill=FFFFFF00 | rows=[1] | cols=[3] | col_header=True | row_header=False | metadata=False
Cell E2 | value='T' | fill=FFFFFF00 | rows=[1] | cols=[4] | col_header=True | row_header=False | metadata=False
Cell F2 | value='L' | fill=FFFFFF00 | rows=[1] | cols=[5] | col_header=True | row_header=False | metadata=False
Cell G2 | value='GF' | fill=FFFFFF00 | rows=[1] | cols=[6] | col_header=True | row_header=False | metadata=False
Cell I2 | value='GA' | fill=FFFFFF00 | rows=[1] | cols=[8] | col_header=True | row_header=False | metadata=False
Cell L2 | value='G' | fill=FFFFFF00 | rows=[1] | cols=[11] | col_header=True | row_header=False | metadata=False
Cell M2 | value='W' | fill=FFFFFF00 | rows=[1] | cols=[12] | col_header=True | row_header=False | metadata=False
Cell N2 | value='T' | fill=FFFFFF00 | rows=[1] | cols=[13] | col_header=True | row_header=False | metadata=False
Cell O2 | value='L' | fill=FFFFFF00 | rows=[1] | cols=[14] | col_header=True | row_header=False | metadata=False
Cell P2 | value='GF' | fill=FFFFFF00 | rows=[1] | cols=[15] | col_header=True | row_header=False | metadata=False
Cell R2 | value='GA' | fill=FFFFFF00 | rows=[1] | cols=[17] | col_header=True | row_header=False | metadata=False
Cell U2 | value='G' | fill=FFFFFF00 | rows=[1] | cols=[20] | col_header=True | row_header=False | metadata=False
Cell V2 | value='W' | fill=FFFFFF00 | rows=[1] | cols=[21] | col_header=True | row_header=False | metadata=False
Cell W2 | value='T' | fill=FFFFFF00 | rows=[1] | cols=[22] | col_header=True | row_header=False | metadata=False
Cell X2 | value='L' | fill=FFFFFF00 | rows=[1] | cols=[23] | col_header=True | row_header=False | metadata=False
Cell Y2 | value='GF' | fill=FFFFFF00 | rows=[1] | cols=[24] | col_header=True | row_header=False | metadata=False
Cell AA2 | value='GA' | fill=FFFFFF00 | rows=[1] | cols=[26] | col_header=True | row_header=False | metadata=False
Cell AC2 | value='Points' | fill=FFFFFF00 | rows=[1] | cols=[28] | col_header=True | row_header=False | metadata=False
Cell A3 | value='1' | fill=FF00B050 | rows=[2] | cols=[0] | col_header=False | row_header=True | metadata=False
Cell B3 | value='Sp. Braga' | fill=FF00B050 | rows=[2] | cols=[1] | col_header=False | row_header=True | metadata=False
Cell C3 | value='1' | fill=00000000 | rows=[2] | cols=[2] | col_header=False | row_header=False | metadata=False
Cell D3 | value='1' | fill=00000000 | rows=[2] | cols=[3] | col_header=False | row_header=False | metadata=False
Cell E3 | value='0' | fill=00000000 | rows=[2] | cols=[4] | col_header=False | row_header=False | metadata=False
Cell F3 | value='0' | fill=00000000 | rows=[2] | cols=[5] | col_header=False | row_header=False | metadata=False
Cell G3 | value='3' | fill=00000000 | rows=[2] | cols=[6] | col_header=False | row_header=False | metadata=False
Cell H3 | value='-' | fill=00000000 | rows=[2] | cols=[7] | col_header=False | row_header=False | metadata=False
Cell I3 | value='0' | fill=00000000 | rows=[2] | cols=[8] | col_header=False | row_header=False | metadata=False
Cell J3 | value='3' | fill=00000000 | rows=[2] | cols=[9] | col_header=False | row_header=False | metadata=False
Cell L3 | value='0' | fill=00000000 | rows=[2] | cols=[11] | col_header=False | row_header=False | metadata=False
Cell M3 | value='0' | fill=00000000 | rows=[2] | cols=[12] | col_header=False | row_header=False | metadata=False
Cell N3 | value='0' | fill=00000000 | rows=[2] | cols=[13] | col_header=False | row_header=False | metadata=False
Cell O3 | value='0' | fill=00000000 | rows=[2] | cols=[14] | col_header=False | row_header=False | metadata=False
Cell P3 | value='0' | fill=00000000 | rows=[2] | cols=[15] | col_header=False | row_header=False | metadata=False
Cell Q3 | value='-' | fill=00000000 | rows=[2] | cols=[16] | col_header=False | row_header=False | metadata=False
Cell R3 | value='0' | fill=00000000 | rows=[2] | cols=[17] | col_header=False | row_header=False | metadata=False
Cell S3 | value='0' | fill=00000000 | rows=[2] | cols=[18] | col_header=False | row_header=False | metadata=False
Cell U3 | value='1' | fill=00000000 | rows=[2] | cols=[20] | col_header=False | row_header=False | metadata=False
Cell V3 | value='1' | fill=00000000 | rows=[2] | cols=[21] | col_header=False | row_header=False | metadata=False
Cell W3 | value='0' | fill=00000000 | rows=[2] | cols=[22] | col_header=False | row_header=False | metadata=False
Cell X3 | value='0' | fill=00000000 | rows=[2] | cols=[23] | col_header=False | row_header=False | metadata=False
Cell Y3 | value='3' | fill=00000000 | rows=[2] | cols=[24] | col_header=False | row_header=False | metadata=False
Cell Z3 | value='-' | fill=00000000 | rows=[2] | cols=[25] | col_header=False | row_header=False | metadata=False
Cell AA3 | value='0' | fill=00000000 | rows=[2] | cols=[26] | col_header=False | row_header=False | metadata=False
Cell AB3 | value='3' | fill=00000000 | rows=[2] | cols=[27] | col_header=False | row_header=False | metadata=False
Cell AC3 | value='3' | fill=00000000 | rows=[2] | cols=[28] | col_header=False | row_header=False | metadata=False
Cell A4 | value='2' | fill=FF00B050 | rows=[3] | cols=[0] | col_header=False | row_header=True | metadata=False
Cell B4 | value='V. Guimarães' | fill=FF00B050 | rows=[3] | cols=[1] | col_header=False | row_header=True | metadata=False
Cell C4 | value='0' | fill=00000000 | rows=[3] | cols=[2] | col_header=False | row_header=False | metadata=False
Cell D4 | value='0' | fill=00000000 | rows=[3] | cols=[3] | col_header=False | row_header=False | metadata=False
Cell E4 | value='0' | fill=00000000 | rows=[3] | cols=[4] | col_header=False | row_header=False | metadata=False
Cell F4 | value='0' | fill=00000000 | rows=[3] | cols=[5] | col_header=False | row_header=False | metadata=False
Cell G4 | value='0' | fill=00000000 | rows=[3] | cols=[6] | col_header=False | row_header=False | metadata=False
Cell H4 | value='-' | fill=00000000 | rows=[3] | cols=[7] | col_header=False | row_header=False | metadata=False
Cell I4 | value='0' | fill=00000000 | rows=[3] | cols=[8] | col_header=False | row_header=False | metadata=False
Cell J4 | value='0' | fill=00000000 | rows=[3] | cols=[9] | col_header=False | row_header=False | metadata=False
Cell L4 | value='1' | fill=00000000 | rows=[3] | cols=[11] | col_header=False | row_header=False | metadata=False
Cell M4 | value='1' | fill=00000000 | rows=[3] | cols=[12] | col_header=False | row_header=False | metadata=False
Cell N4 | value='0' | fill=00000000 | rows=[3] | cols=[13] | col_header=False | row_header=False | metadata=False
Cell O4 | value='0' | fill=00000000 | rows=[3] | cols=[14] | col_header=False | row_header=False | metadata=False
Cell P4 | value='3' | fill=00000000 | rows=[3] | cols=[15] | col_header=False | row_header=False | metadata=False
Cell Q4 | value='-' | fill=00000000 | rows=[3] | cols=[16] | col_header=False | row_header=False | metadata=False
Cell R4 | value='1' | fill=00000000 | rows=[3] | cols=[17] | col_header=False | row_header=False | metadata=False
Cell S4 | value='2' | fill=00000000 | rows=[3] | cols=[18] | col_header=False | row_header=False | metadata=False
Cell U4 | value='1' | fill=00000000 | rows=[3] | cols=[20] | col_header=False | row_header=False | metadata=False
Cell V4 | value='1' | fill=00000000 | rows=[3] | cols=[21] | col_header=False | row_header=False | metadata=False
Cell W4 | value='0' | fill=00000000 | rows=[3] | cols=[22] | col_header=False | row_header=False | metadata=False
Cell X4 | value='0' | fill=00000000 | rows=[3] | cols=[23] | col_header=False | row_header=False | metadata=False
Cell Y4 | value='3' | fill=00000000 | rows=[3] | cols=[24] | col_header=False | row_header=False | metadata=False
Cell Z4 | value='-' | fill=00000000 | rows=[3] | cols=[25] | col_header=False | row_header=False | metadata=False
Cell AA4 | value='1' | fill=00000000 | rows=[3] | cols=[26] | col_header=False | row_header=False | metadata=False
Cell AB4 | value='2' | fill=00000000 | rows=[3] | cols=[27] | col_header=False | row_header=False | metadata=False
Cell AC4 | value='3' | fill=00000000 | rows=[3] | cols=[28] | col_header=False | row_header=False | metadata=False
Cell A5 | value='3' | fill=FF00B050 | rows=[4] | cols=[0] | col_header=False | row_header=True | metadata=False
Cell B5 | value='Belenenses' | fill=FF00B050 | rows=[4] | cols=[1] | col_header=False | row_header=True | metadata=False
Cell C5 | value='0' | fill=00000000 | rows=[4] | cols=[2] | col_header=False | row_header=False | metadata=False
Cell D5 | value='0' | fill=00000000 | rows=[4] | cols=[3] | col_header=False | row_header=False | metadata=False
Cell E5 | value='0' | fill=00000000 | rows=[4] | cols=[4] | col_header=False | row_header=False | metadata=False
Cell F5 | value='0' | fill=00000000 | rows=[4] | cols=[5] | col_header=False | row_header=False | metadata=False
Cell G5 | value='0' | fill=00000000 | rows=[4] | cols=[6] | col_header=False | row_header=False | metadata=False
Cell H5 | value='-' | fill=00000000 | rows=[4] | cols=[7] | col_header=False | row_header=False | metadata=False
Cell I5 | value='0' | fill=00000000 | rows=[4] | cols=[8] | col_header=False | row_header=False | metadata=False
Cell J5 | value='0' | fill=00000000 | rows=[4] | cols=[9] | col_header=False | row_header=False | metadata=False
Cell L5 | value='1' | fill=00000000 | rows=[4] | cols=[11] | col_header=False | row_header=False | metadata=False
Cell M5 | value='1' | fill=00000000 | rows=[4] | cols=[12] | col_header=False | row_header=False | metadata=False
Cell N5 | value='0' | fill=00000000 | rows=[4] | cols=[13] | col_header=False | row_header=False | metadata=False
Cell O5 | value='0' | fill=00000000 | rows=[4] | cols=[14] | col_header=False | row_header=False | metadata=False
Cell P5 | value='3' | fill=00000000 | rows=[4] | cols=[15] | col_header=False | row_header=False | metadata=False
Cell Q5 | value='-' | fill=00000000 | rows=[4] | cols=[16] | col_header=False | row_header=False | metadata=False
Cell R5 | value='1' | fill=00000000 | rows=[4] | cols=[17] | col_header=False | row_header=False | metadata=False
Cell S5 | value='2' | fill=00000000 | rows=[4] | cols=[18] | col_header=False | row_header=False | metadata=False
Cell U5 | value='1' | fill=00000000 | rows=[4] | cols=[20] | col_header=False | row_header=False | metadata=False
Cell V5 | value='1' | fill=00000000 | rows=[4] | cols=[21] | col_header=False | row_header=False | metadata=False
Cell W5 | value='0' | fill=00000000 | rows=[4] | cols=[22] | col_header=False | row_header=False | metadata=False
Cell X5 | value='0' | fill=00000000 | rows=[4] | cols=[23] | col_header=False | row_header=False | metadata=False
Cell Y5 | value='3' | fill=00000000 | rows=[4] | cols=[24] | col_header=False | row_header=False | metadata=False
Cell Z5 | value='-' | fill=00000000 | rows=[4] | cols=[25] | col_header=False | row_header=False | metadata=False
Cell AA5 | value='1' | fill=00000000 | rows=[4] | cols=[26] | col_header=False | row_header=False | metadata=False
Cell AB5 | value='2' | fill=00000000 | rows=[4] | cols=[27] | col_header=False | row_header=False | metadata=False
Cell AC5 | value='3' | fill=00000000 | rows=[4] | cols=[28] | col_header=False | row_header=False | metadata=False
Cell A6 | value='4' | fill=FF00B050 | rows=[5] | cols=[0] | col_header=False | row_header=True | metadata=False
Cell B6 | value='Benfica' | fill=FF00B050 | rows=[5] | cols=[1] | col_header=False | row_header=True | metadata=False
Cell C6 | value='1' | fill=00000000 | rows=[5] | cols=[2] | col_header=False | row_header=False | metadata=False
Cell D6 | value='1' | fill=00000000 | rows=[5] | cols=[3] | col_header=False | row_header=False | metadata=False
Cell E6 | value='0' | fill=00000000 | rows=[5] | cols=[4] | col_header=False | row_header=False | metadata=False
Cell F6 | value='0' | fill=00000000 | rows=[5] | cols=[5] | col_header=False | row_header=False | metadata=False
Cell G6 | value='2' | fill=00000000 | rows=[5] | cols=[6] | col_header=False | row_header=False | metadata=False
Cell H6 | value='-' | fill=00000000 | rows=[5] | cols=[7] | col_header=False | row_header=False | metadata=False
Cell I6 | value='0' | fill=00000000 | rows=[5] | cols=[8] | col_header=False | row_header=False | metadata=False
Cell J6 | value='2' | fill=00000000 | rows=[5] | cols=[9] | col_header=False | row_header=False | metadata=False
Cell L6 | value='0' | fill=00000000 | rows=[5] | cols=[11] | col_header=False | row_header=False | metadata=False
Cell M6 | value='0' | fill=00000000 | rows=[5] | cols=[12] | col_header=False | row_header=False | metadata=False
Cell N6 | value='0' | fill=00000000 | rows=[5] | cols=[13] | col_header=False | row_header=False | metadata=False
Cell O6 | value='0' | fill=00000000 | rows=[5] | cols=[14] | col_header=False | row_header=False | metadata=False
Cell P6 | value='0' | fill=00000000 | rows=[5] | cols=[15] | col_header=False | row_header=False | metadata=False
Cell Q6 | value='-' | fill=00000000 | rows=[5] | cols=[16] | col_header=False | row_header=False | metadata=False
Cell R6 | value='0' | fill=00000000 | rows=[5] | cols=[17] | col_header=False | row_header=False | metadata=False
Cell S6 | value='0' | fill=00000000 | rows=[5] | cols=[18] | col_header=False | row_header=False | metadata=False
Cell U6 | value='1' | fill=00000000 | rows=[5] | cols=[20] | col_header=False | row_header=False | metadata=False
Cell V6 | value='1' | fill=00000000 | rows=[5] | cols=[21] | col_header=False | row_header=False | metadata=False
Cell W6 | value='0' | fill=00000000 | rows=[5] | cols=[22] | col_header=False | row_header=False | metadata=False
Cell X6 | value='0' | fill=00000000 | rows=[5] | cols=[23] | col_header=False | row_header=False | metadata=False
Cell Y6 | value='2' | fill=00000000 | rows=[5] | cols=[24] | col_header=False | row_header=False | metadata=False
Cell Z6 | value='-' | fill=00000000 | rows=[5] | cols=[25] | col_header=False | row_header=False | metadata=False
Cell AA6 | value='0' | fill=00000000 | rows=[5] | cols=[26] | col_header=False | row_header=False | metadata=False
Cell AB6 | value='2' | fill=00000000 | rows=[5] | cols=[27] | col_header=False | row_header=False | metadata=False
Cell AC6 | value='3' | fill=00000000 | rows=[5] | cols=[28] | col_header=False | row_header=False | metadata=False
Cell A7 | value='5' | fill=FF00B050 | rows=[6] | cols=[0] | col_header=False | row_header=True | metadata=False
Cell B7 | value='F.C. Porto' | fill=FF00B050 | rows=[6] | cols=[1] | col_header=False | row_header=True | metadata=False
Cell C7 | value='1' | fill=00000000 | rows=[6] | cols=[2] | col_header=False | row_header=False | metadata=False
Cell D7 | value='1' | fill=00000000 | rows=[6] | cols=[3] | col_header=False | row_header=False | metadata=False
Cell E7 | value='0' | fill=00000000 | rows=[6] | cols=[4] | col_header=False | row_header=False | metadata=False
Cell F7 | value='0' | fill=00000000 | rows=[6] | cols=[5] | col_header=False | row_header=False | metadata=False
Cell G7 | value='2' | fill=00000000 | rows=[6] | cols=[6] | col_header=False | row_header=False | metadata=False
Cell H7 | value='-' | fill=00000000 | rows=[6] | cols=[7] | col_header=False | row_header=False | metadata=False
Cell I7 | value='0' | fill=00000000 | rows=[6] | cols=[8] | col_header=False | row_header=False | metadata=False
Cell J7 | value='2' | fill=00000000 | rows=[6] | cols=[9] | col_header=False | row_header=False | metadata=False
Cell L7 | value='0' | fill=00000000 | rows=[6] | cols=[11] | col_header=False | row_header=False | metadata=False
Cell M7 | value='0' | fill=00000000 | rows=[6] | cols=[12] | col_header=False | row_header=False | metadata=False
Cell N7 | value='0' | fill=00000000 | rows=[6] | cols=[13] | col_header=False | row_header=False | metadata=False
Cell O7 | value='0' | fill=00000000 | rows=[6] | cols=[14] | col_header=False | row_header=False | metadata=False
Cell P7 | value='0' | fill=00000000 | rows=[6] | cols=[15] | col_header=False | row_header=False | metadata=False
Cell Q7 | value='-' | fill=00000000 | rows=[6] | cols=[16] | col_header=False | row_header=False | metadata=False
Cell R7 | value='0' | fill=00000000 | rows=[6] | cols=[17] | col_header=False | row_header=False | metadata=False
Cell S7 | value='0' | fill=00000000 | rows=[6] | cols=[18] | col_header=False | row_header=False | metadata=False
Cell U7 | value='1' | fill=00000000 | rows=[6] | cols=[20] | col_header=False | row_header=False | metadata=False
Cell V7 | value='1' | fill=00000000 | rows=[6] | cols=[21] | col_header=False | row_header=False | metadata=False
Cell W7 | value='0' | fill=00000000 | rows=[6] | cols=[22] | col_header=False | row_header=False | metadata=False
Cell X7 | value='0' | fill=00000000 | rows=[6] | cols=[23] | col_header=False | row_header=False | metadata=False
Cell Y7 | value='2' | fill=00000000 | rows=[6] | cols=[24] | col_header=False | row_header=False | metadata=False
Cell Z7 | value='-' | fill=00000000 | rows=[6] | cols=[25] | col_header=False | row_header=False | metadata=False
Cell AA7 | value='0' | fill=00000000 | rows=[6] | cols=[26] | col_header=False | row_header=False | metadata=False
Cell AB7 | value='2' | fill=00000000 | rows=[6] | cols=[27] | col_header=False | row_header=False | metadata=False
Cell AC7 | value='3' | fill=00000000 | rows=[6] | cols=[28] | col_header=False | row_header=False | metadata=False
Cell A8 | value='6' | fill=FF00B050 | rows=[7] | cols=[0] | col_header=False | row_header=True | metadata=False
Cell B8 | value='Rio Ave' | fill=FF00B050 | rows=[7] | cols=[1] | col_header=False | row_header=True | metadata=False
Cell C8 | value='1' | fill=00000000 | rows=[7] | cols=[2] | col_header=False | row_header=False | metadata=False
Cell D8 | value='1' | fill=00000000 | rows=[7] | cols=[3] | col_header=False | row_header=False | metadata=False
Cell E8 | value='0' | fill=00000000 | rows=[7] | cols=[4] | col_header=False | row_header=False | metadata=False
Cell F8 | value='0' | fill=00000000 | rows=[7] | cols=[5] | col_header=False | row_header=False | metadata=False
Cell G8 | value='2' | fill=00000000 | rows=[7] | cols=[6] | col_header=False | row_header=False | metadata=False
Cell H8 | value='-' | fill=00000000 | rows=[7] | cols=[7] | col_header=False | row_header=False | metadata=False
Cell I8 | value='0' | fill=00000000 | rows=[7] | cols=[8] | col_header=False | row_header=False | metadata=False
Cell J8 | value='2' | fill=00000000 | rows=[7] | cols=[9] | col_header=False | row_header=False | metadata=False
Cell L8 | value='0' | fill=00000000 | rows=[7] | cols=[11] | col_header=False | row_header=False | metadata=False
Cell M8 | value='0' | fill=00000000 | rows=[7] | cols=[12] | col_header=False | row_header=False | metadata=False
Cell N8 | value='0' | fill=00000000 | rows=[7] | cols=[13] | col_header=False | row_header=False | metadata=False
Cell O8 | value='0' | fill=00000000 | rows=[7] | cols=[14] | col_header=False | row_header=False | metadata=False
Cell P8 | value='0' | fill=00000000 | rows=[7] | cols=[15] | col_header=False | row_header=False | metadata=False
Cell Q8 | value='-' | fill=00000000 | rows=[7] | cols=[16] | col_header=False | row_header=False | metadata=False
Cell R8 | value='0' | fill=00000000 | rows=[7] | cols=[17] | col_header=False | row_header=False | metadata=False
Cell S8 | value='0' | fill=00000000 | rows=[7] | cols=[18] | col_header=False | row_header=False | metadata=False
Cell U8 | value='1' | fill=00000000 | rows=[7] | cols=[20] | col_header=False | row_header=False | metadata=False
Cell V8 | value='1' | fill=00000000 | rows=[7] | cols=[21] | col_header=False | row_header=False | metadata=False
Cell W8 | value='0' | fill=00000000 | rows=[7] | cols=[22] | col_header=False | row_header=False | metadata=False
Cell X8 | value='0' | fill=00000000 | rows=[7] | cols=[23] | col_header=False | row_header=False | metadata=False
Cell Y8 | value='2' | fill=00000000 | rows=[7] | cols=[24] | col_header=False | row_header=False | metadata=False
Cell Z8 | value='-' | fill=00000000 | rows=[7] | cols=[25] | col_header=False | row_header=False | metadata=False
Cell AA8 | value='0' | fill=00000000 | rows=[7] | cols=[26] | col_header=False | row_header=False | metadata=False
Cell AB8 | value='2' | fill=00000000 | rows=[7] | cols=[27] | col_header=False | row_header=False | metadata=False
Cell AC8 | value='3' | fill=00000000 | rows=[7] | cols=[28] | col_header=False | row_header=False | metadata=False
Cell A9 | value='7' | fill=FF00B050 | rows=[8] | cols=[0] | col_header=False | row_header=True | metadata=False
Cell B9 | value='Moreirense' | fill=FF00B050 | rows=[8] | cols=[1] | col_header=False | row_header=True | metadata=False
Cell C9 | value='0' | fill=00000000 | rows=[8] | cols=[2] | col_header=False | row_header=False | metadata=False
Cell D9 | value='0' | fill=00000000 | rows=[8] | cols=[3] | col_header=False | row_header=False | metadata=False
Cell E9 | value='0' | fill=00000000 | rows=[8] | cols=[4] | col_header=False | row_header=False | metadata=False
Cell F9 | value='0' | fill=00000000 | rows=[8] | cols=[5] | col_header=False | row_header=False | metadata=False
Cell G9 | value='0' | fill=00000000 | rows=[8] | cols=[6] | col_header=False | row_header=False | metadata=False
Cell H9 | value='-' | fill=00000000 | rows=[8] | cols=[7] | col_header=False | row_header=False | metadata=False
Cell I9 | value='0' | fill=00000000 | rows=[8] | cols=[8] | col_header=False | row_header=False | metadata=False
Cell J9 | value='0' | fill=00000000 | rows=[8] | cols=[9] | col_header=False | row_header=False | metadata=False
Cell L9 | value='1' | fill=00000000 | rows=[8] | cols=[11] | col_header=False | row_header=False | metadata=False
Cell M9 | value='1' | fill=00000000 | rows=[8] | cols=[12] | col_header=False | row_header=False | metadata=False
Cell N9 | value='0' | fill=00000000 | rows=[8] | cols=[13] | col_header=False | row_header=False | metadata=False
Cell O9 | value='0' | fill=00000000 | rows=[8] | cols=[14] | col_header=False | row_header=False | metadata=False
Cell P9 | value='1' | fill=00000000 | rows=[8] | cols=[15] | col_header=False | row_header=False | metadata=False
Cell Q9 | value='-' | fill=00000000 | rows=[8] | cols=[16] | col_header=False | row_header=False | metadata=False
Cell R9 | value='0' | fill=00000000 | rows=[8] | cols=[17] | col_header=False | row_header=False | metadata=False
Cell S9 | value='1' | fill=00000000 | rows=[8] | cols=[18] | col_header=False | row_header=False | metadata=False
Cell U9 | value='1' | fill=00000000 | rows=[8] | cols=[20] | col_header=False | row_header=False | metadata=False
Cell V9 | value='1' | fill=00000000 | rows=[8] | cols=[21] | col_header=False | row_header=False | metadata=False
Cell W9 | value='0' | fill=00000000 | rows=[8] | cols=[22] | col_header=False | row_header=False | metadata=False
Cell X9 | value='0' | fill=00000000 | rows=[8] | cols=[23] | col_header=False | row_header=False | metadata=False
Cell Y9 | value='1' | fill=00000000 | rows=[8] | cols=[24] | col_header=False | row_header=False | metadata=False
Cell Z9 | value='-' | fill=00000000 | rows=[8] | cols=[25] | col_header=False | row_header=False | metadata=False
Cell AA9 | value='0' | fill=00000000 | rows=[8] | cols=[26] | col_header=False | row_header=False | metadata=False
Cell AB9 | value='1' | fill=00000000 | rows=[8] | cols=[27] | col_header=False | row_header=False | metadata=False
Cell AC9 | value='3' | fill=00000000 | rows=[8] | cols=[28] | col_header=False | row_header=False | metadata=False
Cell A10 | value='8' | fill=FF00B050 | rows=[9] | cols=[0] | col_header=False | row_header=True | metadata=False
Cell B10 | value='Sporting' | fill=FF00B050 | rows=[9] | cols=[1] | col_header=False | row_header=True | metadata=False
Cell C10 | value='0' | fill=00000000 | rows=[9] | cols=[2] | col_header=False | row_header=False | metadata=False
Cell D10 | value='0' | fill=00000000 | rows=[9] | cols=[3] | col_header=False | row_header=False | metadata=False
Cell E10 | value='0' | fill=00000000 | rows=[9] | cols=[4] | col_header=False | row_header=False | metadata=False
Cell F10 | value='0' | fill=00000000 | rows=[9] | cols=[5] | col_header=False | row_header=False | metadata=False
Cell G10 | value='0' | fill=00000000 | rows=[9] | cols=[6] | col_header=False | row_header=False | metadata=False
Cell H10 | value='-' | fill=00000000 | rows=[9] | cols=[7] | col_header=False | row_header=False | metadata=False
Cell I10 | value='0' | fill=00000000 | rows=[9] | cols=[8] | col_header=False | row_header=False | metadata=False
Cell J10 | value='0' | fill=00000000 | rows=[9] | cols=[9] | col_header=False | row_header=False | metadata=False
Cell L10 | value='1' | fill=00000000 | rows=[9] | cols=[11] | col_header=False | row_header=False | metadata=False
Cell M10 | value='0' | fill=00000000 | rows=[9] | cols=[12] | col_header=False | row_header=False | metadata=False
Cell N10 | value='1' | fill=00000000 | rows=[9] | cols=[13] | col_header=False | row_header=False | metadata=False
Cell O10 | value='0' | fill=00000000 | rows=[9] | cols=[14] | col_header=False | row_header=False | metadata=False
Cell P10 | value='1' | fill=00000000 | rows=[9] | cols=[15] | col_header=False | row_header=False | metadata=False
Cell Q10 | value='-' | fill=00000000 | rows=[9] | cols=[16] | col_header=False | row_header=False | metadata=False
Cell R10 | value='1' | fill=00000000 | rows=[9] | cols=[17] | col_header=False | row_header=False | metadata=False
Cell S10 | value='0' | fill=00000000 | rows=[9] | cols=[18] | col_header=False | row_header=False | metadata=False
Cell U10 | value='1' | fill=00000000 | rows=[9] | cols=[20] | col_header=False | row_header=False | metadata=False
Cell V10 | value='0' | fill=00000000 | rows=[9] | cols=[21] | col_header=False | row_header=False | metadata=False
Cell W10 | value='1' | fill=00000000 | rows=[9] | cols=[22] | col_header=False | row_header=False | metadata=False
Cell X10 | value='0' | fill=00000000 | rows=[9] | cols=[23] | col_header=False | row_header=False | metadata=False
Cell Y10 | value='1' | fill=00000000 | rows=[9] | cols=[24] | col_header=False | row_header=False | metadata=False
Cell Z10 | value='-' | fill=00000000 | rows=[9] | cols=[25] | col_header=False | row_header=False | metadata=False
Cell AA10 | value='1' | fill=00000000 | rows=[9] | cols=[26] | col_header=False | row_header=False | metadata=False
Cell AB10 | value='0' | fill=00000000 | rows=[9] | cols=[27] | col_header=False | row_header=False | metadata=False
Cell AC10 | value='1' | fill=00000000 | rows=[9] | cols=[28] | col_header=False | row_header=False | metadata=False
Cell A11 | value='9' | fill=FF00B050 | rows=[10] | cols=[0] | col_header=False | row_header=True | metadata=False
Cell B11 | value='Académica' | fill=FF00B050 | rows=[10] | cols=[1] | col_header=False | row_header=True | metadata=False
Cell C11 | value='1' | fill=00000000 | rows=[10] | cols=[2] | col_header=False | row_header=False | metadata=False
Cell D11 | value='0' | fill=00000000 | rows=[10] | cols=[3] | col_header=False | row_header=False | metadata=False
Cell E11 | value='1' | fill=00000000 | rows=[10] | cols=[4] | col_header=False | row_header=False | metadata=False
Cell F11 | value='0' | fill=00000000 | rows=[10] | cols=[5] | col_header=False | row_header=False | metadata=False
Cell G11 | value='1' | fill=00000000 | rows=[10] | cols=[6] | col_header=False | row_header=False | metadata=False
Cell H11 | value='-' | fill=00000000 | rows=[10] | cols=[7] | col_header=False | row_header=False | metadata=False
Cell I11 | value='1' | fill=00000000 | rows=[10] | cols=[8] | col_header=False | row_header=False | metadata=False
Cell J11 | value='0' | fill=00000000 | rows=[10] | cols=[9] | col_header=False | row_header=False | metadata=False
Cell L11 | value='0' | fill=00000000 | rows=[10] | cols=[11] | col_header=False | row_header=False | metadata=False
Cell M11 | value='0' | fill=00000000 | rows=[10] | cols=[12] | col_header=False | row_header=False | metadata=False
Cell N11 | value='0' | fill=00000000 | rows=[10] | cols=[13] | col_header=False | row_header=False | metadata=False
Cell O11 | value='0' | fill=00000000 | rows=[10] | cols=[14] | col_header=False | row_header=False | metadata=False
Cell P11 | value='0' | fill=00000000 | rows=[10] | cols=[15] | col_header=False | row_header=False | metadata=False
Cell Q11 | value='-' | fill=00000000 | rows=[10] | cols=[16] | col_header=False | row_header=False | metadata=False
Cell R11 | value='0' | fill=00000000 | rows=[10] | cols=[17] | col_header=False | row_header=False | metadata=False
Cell S11 | value='0' | fill=00000000 | rows=[10] | cols=[18] | col_header=False | row_header=False | metadata=False
Cell U11 | value='1' | fill=00000000 | rows=[10] | cols=[20] | col_header=False | row_header=False | metadata=False
Cell V11 | value='0' | fill=00000000 | rows=[10] | cols=[21] | col_header=False | row_header=False | metadata=False
Cell W11 | value='1' | fill=00000000 | rows=[10] | cols=[22] | col_header=False | row_header=False | metadata=False
Cell X11 | value='0' | fill=00000000 | rows=[10] | cols=[23] | col_header=False | row_header=False | metadata=False
Cell Y11 | value='1' | fill=00000000 | rows=[10] | cols=[24] | col_header=False | row_header=False | metadata=False
Cell Z11 | value='-' | fill=00000000 | rows=[10] | cols=[25] | col_header=False | row_header=False | metadata=False
Cell AA11 | value='1' | fill=00000000 | rows=[10] | cols=[26] | col_header=False | row_header=False | metadata=False
Cell AB11 | value='0' | fill=00000000 | rows=[10] | cols=[27] | col_header=False | row_header=False | metadata=False
Cell AC11 | value='1' | fill=00000000 | rows=[10] | cols=[28] | col_header=False | row_header=False | metadata=False
Cell A12 | value='10' | fill=FF00B050 | rows=[11] | cols=[0] | col_header=False | row_header=True | metadata=False
Cell B12 | value='Estoril' | fill=FF00B050 | rows=[11] | cols=[1] | col_header=False | row_header=True | metadata=False
Cell C12 | value='0' | fill=00000000 | rows=[11] | cols=[2] | col_header=False | row_header=False | metadata=False
Cell D12 | value='0' | fill=00000000 | rows=[11] | cols=[3] | col_header=False | row_header=False | metadata=False
Cell E12 | value='0' | fill=00000000 | rows=[11] | cols=[4] | col_header=False | row_header=False | metadata=False
Cell F12 | value='0' | fill=00000000 | rows=[11] | cols=[5] | col_header=False | row_header=False | metadata=False
Cell G12 | value='0' | fill=00000000 | rows=[11] | cols=[6] | col_header=False | row_header=False | metadata=False
Cell H12 | value='-' | fill=00000000 | rows=[11] | cols=[7] | col_header=False | row_header=False | metadata=False
Cell I12 | value='0' | fill=00000000 | rows=[11] | cols=[8] | col_header=False | row_header=False | metadata=False
Cell J12 | value='0' | fill=00000000 | rows=[11] | cols=[9] | col_header=False | row_header=False | metadata=False
Cell L12 | value='0' | fill=00000000 | rows=[11] | cols=[11] | col_header=False | row_header=False | metadata=False
Cell M12 | value='0' | fill=00000000 | rows=[11] | cols=[12] | col_header=False | row_header=False | metadata=False
Cell N12 | value='0' | fill=00000000 | rows=[11] | cols=[13] | col_header=False | row_header=False | metadata=False
Cell O12 | value='0' | fill=00000000 | rows=[11] | cols=[14] | col_header=False | row_header=False | metadata=False
Cell P12 | value='0' | fill=00000000 | rows=[11] | cols=[15] | col_header=False | row_header=False | metadata=False
Cell Q12 | value='-' | fill=00000000 | rows=[11] | cols=[16] | col_header=False | row_header=False | metadata=False
Cell R12 | value='0' | fill=00000000 | rows=[11] | cols=[17] | col_header=False | row_header=False | metadata=False
Cell S12 | value='0' | fill=00000000 | rows=[11] | cols=[18] | col_header=False | row_header=False | metadata=False
Cell U12 | value='0' | fill=00000000 | rows=[11] | cols=[20] | col_header=False | row_header=False | metadata=False
Cell V12 | value='0' | fill=00000000 | rows=[11] | cols=[21] | col_header=False | row_header=False | metadata=False
Cell W12 | value='0' | fill=00000000 | rows=[11] | cols=[22] | col_header=False | row_header=False | metadata=False
Cell X12 | value='0' | fill=00000000 | rows=[11] | cols=[23] | col_header=False | row_header=False | metadata=False
Cell Y12 | value='0' | fill=00000000 | rows=[11] | cols=[24] | col_header=False | row_header=False | metadata=False
Cell Z12 | value='-' | fill=00000000 | rows=[11] | cols=[25] | col_header=False | row_header=False | metadata=False
Cell AA12 | value='0' | fill=00000000 | rows=[11] | cols=[26] | col_header=False | row_header=False | metadata=False
Cell AB12 | value='0' | fill=00000000 | rows=[11] | cols=[27] | col_header=False | row_header=False | metadata=False
Cell AC12 | value='0' | fill=00000000 | rows=[11] | cols=[28] | col_header=False | row_header=False | metadata=False
Cell A13 | value='11' | fill=FF00B050 | rows=[12] | cols=[0] | col_header=False | row_header=True | metadata=False
Cell B13 | value='Arouca' | fill=FF00B050 | rows=[12] | cols=[1] | col_header=False | row_header=True | metadata=False
Cell C13 | value='0' | fill=00000000 | rows=[12] | cols=[2] | col_header=False | row_header=False | metadata=False
Cell D13 | value='0' | fill=00000000 | rows=[12] | cols=[3] | col_header=False | row_header=False | metadata=False
Cell E13 | value='0' | fill=00000000 | rows=[12] | cols=[4] | col_header=False | row_header=False | metadata=False
Cell F13 | value='0' | fill=00000000 | rows=[12] | cols=[5] | col_header=False | row_header=False | metadata=False
Cell G13 | value='0' | fill=00000000 | rows=[12] | cols=[6] | col_header=False | row_header=False | metadata=False
Cell H13 | value='-' | fill=00000000 | rows=[12] | cols=[7] | col_header=False | row_header=False | metadata=False
Cell I13 | value='0' | fill=00000000 | rows=[12] | cols=[8] | col_header=False | row_header=False | metadata=False
Cell J13 | value='0' | fill=00000000 | rows=[12] | cols=[9] | col_header=False | row_header=False | metadata=False
Cell L13 | value='0' | fill=00000000 | rows=[12] | cols=[11] | col_header=False | row_header=False | metadata=False
Cell M13 | value='0' | fill=00000000 | rows=[12] | cols=[12] | col_header=False | row_header=False | metadata=False
Cell N13 | value='0' | fill=00000000 | rows=[12] | cols=[13] | col_header=False | row_header=False | metadata=False
Cell O13 | value='0' | fill=00000000 | rows=[12] | cols=[14] | col_header=False | row_header=False | metadata=False
Cell P13 | value='0' | fill=00000000 | rows=[12] | cols=[15] | col_header=False | row_header=False | metadata=False
Cell Q13 | value='-' | fill=00000000 | rows=[12] | cols=[16] | col_header=False | row_header=False | metadata=False
Cell R13 | value='0' | fill=00000000 | rows=[12] | cols=[17] | col_header=False | row_header=False | metadata=False
Cell S13 | value='0' | fill=00000000 | rows=[12] | cols=[18] | col_header=False | row_header=False | metadata=False
Cell U13 | value='0' | fill=00000000 | rows=[12] | cols=[20] | col_header=False | row_header=False | metadata=False
Cell V13 | value='0' | fill=00000000 | rows=[12] | cols=[21] | col_header=False | row_header=False | metadata=False
Cell W13 | value='0' | fill=00000000 | rows=[12] | cols=[22] | col_header=False | row_header=False | metadata=False
Cell X13 | value='0' | fill=00000000 | rows=[12] | cols=[23] | col_header=False | row_header=False | metadata=False
Cell Y13 | value='0' | fill=00000000 | rows=[12] | cols=[24] | col_header=False | row_header=False | metadata=False
Cell Z13 | value='-' | fill=00000000 | rows=[12] | cols=[25] | col_header=False | row_header=False | metadata=False
Cell AA13 | value='0' | fill=00000000 | rows=[12] | cols=[26] | col_header=False | row_header=False | metadata=False
Cell AB13 | value='0' | fill=00000000 | rows=[12] | cols=[27] | col_header=False | row_header=False | metadata=False
Cell AC13 | value='0' | fill=00000000 | rows=[12] | cols=[28] | col_header=False | row_header=False | metadata=False
Cell A14 | value='12' | fill=FF00B050 | rows=[13] | cols=[0] | col_header=False | row_header=True | metadata=False
Cell B14 | value='Nacional' | fill=FF00B050 | rows=[13] | cols=[1] | col_header=False | row_header=True | metadata=False
Cell C14 | value='1' | fill=00000000 | rows=[13] | cols=[2] | col_header=False | row_header=False | metadata=False
Cell D14 | value='0' | fill=00000000 | rows=[13] | cols=[3] | col_header=False | row_header=False | metadata=False
Cell E14 | value='0' | fill=00000000 | rows=[13] | cols=[4] | col_header=False | row_header=False | metadata=False
Cell F14 | value='1' | fill=00000000 | rows=[13] | cols=[5] | col_header=False | row_header=False | metadata=False
Cell G14 | value='0' | fill=00000000 | rows=[13] | cols=[6] | col_header=False | row_header=False | metadata=False
Cell H14 | value='-' | fill=00000000 | rows=[13] | cols=[7] | col_header=False | row_header=False | metadata=False
Cell I14 | value='1' | fill=00000000 | rows=[13] | cols=[8] | col_header=False | row_header=False | metadata=False
Cell J14 | value='-1' | fill=00000000 | rows=[13] | cols=[9] | col_header=False | row_header=False | metadata=False
Cell L14 | value='0' | fill=00000000 | rows=[13] | cols=[11] | col_header=False | row_header=False | metadata=False
Cell M14 | value='0' | fill=00000000 | rows=[13] | cols=[12] | col_header=False | row_header=False | metadata=False
Cell N14 | value='0' | fill=00000000 | rows=[13] | cols=[13] | col_header=False | row_header=False | metadata=False
Cell O14 | value='0' | fill=00000000 | rows=[13] | cols=[14] | col_header=False | row_header=False | metadata=False
Cell P14 | value='0' | fill=00000000 | rows=[13] | cols=[15] | col_header=False | row_header=False | metadata=False
Cell Q14 | value='-' | fill=00000000 | rows=[13] | cols=[16] | col_header=False | row_header=False | metadata=False
Cell R14 | value='0' | fill=00000000 | rows=[13] | cols=[17] | col_header=False | row_header=False | metadata=False
Cell S14 | value='0' | fill=00000000 | rows=[13] | cols=[18] | col_header=False | row_header=False | metadata=False
Cell U14 | value='1' | fill=00000000 | rows=[13] | cols=[20] | col_header=False | row_header=False | metadata=False
Cell V14 | value='0' | fill=00000000 | rows=[13] | cols=[21] | col_header=False | row_header=False | metadata=False
Cell W14 | value='0' | fill=00000000 | rows=[13] | cols=[22] | col_header=False | row_header=False | metadata=False
Cell X14 | value='1' | fill=00000000 | rows=[13] | cols=[23] | col_header=False | row_header=False | metadata=False
Cell Y14 | value='0' | fill=00000000 | rows=[13] | cols=[24] | col_header=False | row_header=False | metadata=False
Cell Z14 | value='-' | fill=00000000 | rows=[13] | cols=[25] | col_header=False | row_header=False | metadata=False
Cell AA14 | value='1' | fill=00000000 | rows=[13] | cols=[26] | col_header=False | row_header=False | metadata=False
Cell AB14 | value='-1' | fill=00000000 | rows=[13] | cols=[27] | col_header=False | row_header=False | metadata=False
Cell AC14 | value='0' | fill=00000000 | rows=[13] | cols=[28] | col_header=False | row_header=False | metadata=False
Cell A15 | value='13' | fill=FF00B050 | rows=[14] | cols=[0] | col_header=False | row_header=True | metadata=False
Cell B15 | value='Gil Vicente' | fill=FF00B050 | rows=[14] | cols=[1] | col_header=False | row_header=True | metadata=False
Cell C15 | value='1' | fill=00000000 | rows=[14] | cols=[2] | col_header=False | row_header=False | metadata=False
Cell D15 | value='0' | fill=00000000 | rows=[14] | cols=[3] | col_header=False | row_header=False | metadata=False
Cell E15 | value='0' | fill=00000000 | rows=[14] | cols=[4] | col_header=False | row_header=False | metadata=False
Cell F15 | value='1' | fill=00000000 | rows=[14] | cols=[5] | col_header=False | row_header=False | metadata=False
Cell G15 | value='1' | fill=00000000 | rows=[14] | cols=[6] | col_header=False | row_header=False | metadata=False
Cell H15 | value='-' | fill=00000000 | rows=[14] | cols=[7] | col_header=False | row_header=False | metadata=False
Cell I15 | value='3' | fill=00000000 | rows=[14] | cols=[8] | col_header=False | row_header=False | metadata=False
Cell J15 | value='-2' | fill=00000000 | rows=[14] | cols=[9] | col_header=False | row_header=False | metadata=False
Cell L15 | value='0' | fill=00000000 | rows=[14] | cols=[11] | col_header=False | row_header=False | metadata=False
Cell M15 | value='0' | fill=00000000 | rows=[14] | cols=[12] | col_header=False | row_header=False | metadata=False
Cell N15 | value='0' | fill=00000000 | rows=[14] | cols=[13] | col_header=False | row_header=False | metadata=False
Cell O15 | value='0' | fill=00000000 | rows=[14] | cols=[14] | col_header=False | row_header=False | metadata=False
Cell P15 | value='0' | fill=00000000 | rows=[14] | cols=[15] | col_header=False | row_header=False | metadata=False
Cell Q15 | value='-' | fill=00000000 | rows=[14] | cols=[16] | col_header=False | row_header=False | metadata=False
Cell R15 | value='0' | fill=00000000 | rows=[14] | cols=[17] | col_header=False | row_header=False | metadata=False
Cell S15 | value='0' | fill=00000000 | rows=[14] | cols=[18] | col_header=False | row_header=False | metadata=False
Cell U15 | value='1' | fill=00000000 | rows=[14] | cols=[20] | col_header=False | row_header=False | metadata=False
Cell V15 | value='0' | fill=00000000 | rows=[14] | cols=[21] | col_header=False | row_header=False | metadata=False
Cell W15 | value='0' | fill=00000000 | rows=[14] | cols=[22] | col_header=False | row_header=False | metadata=False
Cell X15 | value='1' | fill=00000000 | rows=[14] | cols=[23] | col_header=False | row_header=False | metadata=False
Cell Y15 | value='1' | fill=00000000 | rows=[14] | cols=[24] | col_header=False | row_header=False | metadata=False
Cell Z15 | value='-' | fill=00000000 | rows=[14] | cols=[25] | col_header=False | row_header=False | metadata=False
Cell AA15 | value='3' | fill=00000000 | rows=[14] | cols=[26] | col_header=False | row_header=False | metadata=False
Cell AB15 | value='-2' | fill=00000000 | rows=[14] | cols=[27] | col_header=False | row_header=False | metadata=False
Cell AC15 | value='0' | fill=00000000 | rows=[14] | cols=[28] | col_header=False | row_header=False | metadata=False
Cell A16 | value='14' | fill=FF00B050 | rows=[15] | cols=[0] | col_header=False | row_header=True | metadata=False
Cell B16 | value='Penafiel' | fill=FF00B050 | rows=[15] | cols=[1] | col_header=False | row_header=True | metadata=False
Cell C16 | value='1' | fill=00000000 | rows=[15] | cols=[2] | col_header=False | row_header=False | metadata=False
Cell D16 | value='0' | fill=00000000 | rows=[15] | cols=[3] | col_header=False | row_header=False | metadata=False
Cell E16 | value='0' | fill=00000000 | rows=[15] | cols=[4] | col_header=False | row_header=False | metadata=False
Cell F16 | value='1' | fill=00000000 | rows=[15] | cols=[5] | col_header=False | row_header=False | metadata=False
Cell G16 | value='1' | fill=00000000 | rows=[15] | cols=[6] | col_header=False | row_header=False | metadata=False
Cell H16 | value='-' | fill=00000000 | rows=[15] | cols=[7] | col_header=False | row_header=False | metadata=False
Cell I16 | value='3' | fill=00000000 | rows=[15] | cols=[8] | col_header=False | row_header=False | metadata=False
Cell J16 | value='-2' | fill=00000000 | rows=[15] | cols=[9] | col_header=False | row_header=False | metadata=False
Cell L16 | value='0' | fill=00000000 | rows=[15] | cols=[11] | col_header=False | row_header=False | metadata=False
Cell M16 | value='0' | fill=00000000 | rows=[15] | cols=[12] | col_header=False | row_header=False | metadata=False
Cell N16 | value='0' | fill=00000000 | rows=[15] | cols=[13] | col_header=False | row_header=False | metadata=False
Cell O16 | value='0' | fill=00000000 | rows=[15] | cols=[14] | col_header=False | row_header=False | metadata=False
Cell P16 | value='0' | fill=00000000 | rows=[15] | cols=[15] | col_header=False | row_header=False | metadata=False
Cell Q16 | value='-' | fill=00000000 | rows=[15] | cols=[16] | col_header=False | row_header=False | metadata=False
Cell R16 | value='0' | fill=00000000 | rows=[15] | cols=[17] | col_header=False | row_header=False | metadata=False
Cell S16 | value='0' | fill=00000000 | rows=[15] | cols=[18] | col_header=False | row_header=False | metadata=False
Cell U16 | value='1' | fill=00000000 | rows=[15] | cols=[20] | col_header=False | row_header=False | metadata=False
Cell V16 | value='0' | fill=00000000 | rows=[15] | cols=[21] | col_header=False | row_header=False | metadata=False
Cell W16 | value='0' | fill=00000000 | rows=[15] | cols=[22] | col_header=False | row_header=False | metadata=False
Cell X16 | value='1' | fill=00000000 | rows=[15] | cols=[23] | col_header=False | row_header=False | metadata=False
Cell Y16 | value='1' | fill=00000000 | rows=[15] | cols=[24] | col_header=False | row_header=False | metadata=False
Cell Z16 | value='-' | fill=00000000 | rows=[15] | cols=[25] | col_header=False | row_header=False | metadata=False
Cell AA16 | value='3' | fill=00000000 | rows=[15] | cols=[26] | col_header=False | row_header=False | metadata=False
Cell AB16 | value='-2' | fill=00000000 | rows=[15] | cols=[27] | col_header=False | row_header=False | metadata=False
Cell AC16 | value='0' | fill=00000000 | rows=[15] | cols=[28] | col_header=False | row_header=False | metadata=False
Cell A17 | value='15' | fill=FF00B050 | rows=[16] | cols=[0] | col_header=False | row_header=True | metadata=False
Cell B17 | value='Marítimo' | fill=FF00B050 | rows=[16] | cols=[1] | col_header=False | row_header=True | metadata=False
Cell C17 | value='0' | fill=00000000 | rows=[16] | cols=[2] | col_header=False | row_header=False | metadata=False
Cell D17 | value='0' | fill=00000000 | rows=[16] | cols=[3] | col_header=False | row_header=False | metadata=False
Cell E17 | value='0' | fill=00000000 | rows=[16] | cols=[4] | col_header=False | row_header=False | metadata=False
Cell F17 | value='0' | fill=00000000 | rows=[16] | cols=[5] | col_header=False | row_header=False | metadata=False
Cell G17 | value='0' | fill=00000000 | rows=[16] | cols=[6] | col_header=False | row_header=False | metadata=False
Cell H17 | value='-' | fill=00000000 | rows=[16] | cols=[7] | col_header=False | row_header=False | metadata=False
Cell I17 | value='0' | fill=00000000 | rows=[16] | cols=[8] | col_header=False | row_header=False | metadata=False
Cell J17 | value='0' | fill=00000000 | rows=[16] | cols=[9] | col_header=False | row_header=False | metadata=False
Cell L17 | value='1' | fill=00000000 | rows=[16] | cols=[11] | col_header=False | row_header=False | metadata=False
Cell M17 | value='0' | fill=00000000 | rows=[16] | cols=[12] | col_header=False | row_header=False | metadata=False
Cell N17 | value='0' | fill=00000000 | rows=[16] | cols=[13] | col_header=False | row_header=False | metadata=False
Cell O17 | value='1' | fill=00000000 | rows=[16] | cols=[14] | col_header=False | row_header=False | metadata=False
Cell P17 | value='0' | fill=00000000 | rows=[16] | cols=[15] | col_header=False | row_header=False | metadata=False
Cell Q17 | value='-' | fill=00000000 | rows=[16] | cols=[16] | col_header=False | row_header=False | metadata=False
Cell R17 | value='2' | fill=00000000 | rows=[16] | cols=[17] | col_header=False | row_header=False | metadata=False
Cell S17 | value='-2' | fill=00000000 | rows=[16] | cols=[18] | col_header=False | row_header=False | metadata=False
Cell U17 | value='1' | fill=00000000 | rows=[16] | cols=[20] | col_header=False | row_header=False | metadata=False
Cell V17 | value='0' | fill=00000000 | rows=[16] | cols=[21] | col_header=False | row_header=False | metadata=False
Cell W17 | value='0' | fill=00000000 | rows=[16] | cols=[22] | col_header=False | row_header=False | metadata=False
Cell X17 | value='1' | fill=00000000 | rows=[16] | cols=[23] | col_header=False | row_header=False | metadata=False
Cell Y17 | value='0' | fill=00000000 | rows=[16] | cols=[24] | col_header=False | row_header=False | metadata=False
Cell Z17 | value='-' | fill=00000000 | rows=[16] | cols=[25] | col_header=False | row_header=False | metadata=False
Cell AA17 | value='2' | fill=00000000 | rows=[16] | cols=[26] | col_header=False | row_header=False | metadata=False
Cell AB17 | value='-2' | fill=00000000 | rows=[16] | cols=[27] | col_header=False | row_header=False | metadata=False
Cell AC17 | value='0' | fill=00000000 | rows=[16] | cols=[28] | col_header=False | row_header=False | metadata=False
Cell A18 | value='16' | fill=FF00B050 | rows=[17] | cols=[0] | col_header=False | row_header=True | metadata=False
Cell B18 | value='V. Setúbal' | fill=FF00B050 | rows=[17] | cols=[1] | col_header=False | row_header=True | metadata=False
Cell C18 | value='0' | fill=00000000 | rows=[17] | cols=[2] | col_header=False | row_header=False | metadata=False
Cell D18 | value='0' | fill=00000000 | rows=[17] | cols=[3] | col_header=False | row_header=False | metadata=False
Cell E18 | value='0' | fill=00000000 | rows=[17] | cols=[4] | col_header=False | row_header=False | metadata=False
Cell F18 | value='0' | fill=00000000 | rows=[17] | cols=[5] | col_header=False | row_header=False | metadata=False
Cell G18 | value='0' | fill=00000000 | rows=[17] | cols=[6] | col_header=False | row_header=False | metadata=False
Cell H18 | value='-' | fill=00000000 | rows=[17] | cols=[7] | col_header=False | row_header=False | metadata=False
Cell I18 | value='0' | fill=00000000 | rows=[17] | cols=[8] | col_header=False | row_header=False | metadata=False
Cell J18 | value='0' | fill=00000000 | rows=[17] | cols=[9] | col_header=False | row_header=False | metadata=False
Cell L18 | value='1' | fill=00000000 | rows=[17] | cols=[11] | col_header=False | row_header=False | metadata=False
Cell M18 | value='0' | fill=00000000 | rows=[17] | cols=[12] | col_header=False | row_header=False | metadata=False
Cell N18 | value='0' | fill=00000000 | rows=[17] | cols=[13] | col_header=False | row_header=False | metadata=False
Cell O18 | value='1' | fill=00000000 | rows=[17] | cols=[14] | col_header=False | row_header=False | metadata=False
Cell P18 | value='0' | fill=00000000 | rows=[17] | cols=[15] | col_header=False | row_header=False | metadata=False
Cell Q18 | value='-' | fill=00000000 | rows=[17] | cols=[16] | col_header=False | row_header=False | metadata=False
Cell R18 | value='2' | fill=00000000 | rows=[17] | cols=[17] | col_header=False | row_header=False | metadata=False
Cell S18 | value='-2' | fill=00000000 | rows=[17] | cols=[18] | col_header=False | row_header=False | metadata=False
Cell U18 | value='1' | fill=00000000 | rows=[17] | cols=[20] | col_header=False | row_header=False | metadata=False
Cell V18 | value='0' | fill=00000000 | rows=[17] | cols=[21] | col_header=False | row_header=False | metadata=False
Cell W18 | value='0' | fill=00000000 | rows=[17] | cols=[22] | col_header=False | row_header=False | metadata=False
Cell X18 | value='1' | fill=00000000 | rows=[17] | cols=[23] | col_header=False | row_header=False | metadata=False
Cell Y18 | value='0' | fill=00000000 | rows=[17] | cols=[24] | col_header=False | row_header=False | metadata=False
Cell Z18 | value='-' | fill=00000000 | rows=[17] | cols=[25] | col_header=False | row_header=False | metadata=False
Cell AA18 | value='2' | fill=00000000 | rows=[17] | cols=[26] | col_header=False | row_header=False | metadata=False
Cell AB18 | value='-2' | fill=00000000 | rows=[17] | cols=[27] | col_header=False | row_header=False | metadata=False
Cell AC18 | value='0' | fill=00000000 | rows=[17] | cols=[28] | col_header=False | row_header=False | metadata=False
Cell A19 | value='17' | fill=FF00B050 | rows=[18] | cols=[0] | col_header=False | row_header=True | metadata=False
Cell B19 | value='P. Ferreira' | fill=FF00B050 | rows=[18] | cols=[1] | col_header=False | row_header=True | metadata=False
Cell C19 | value='0' | fill=00000000 | rows=[18] | cols=[2] | col_header=False | row_header=False | metadata=False
Cell D19 | value='0' | fill=00000000 | rows=[18] | cols=[3] | col_header=False | row_header=False | metadata=False
Cell E19 | value='0' | fill=00000000 | rows=[18] | cols=[4] | col_header=False | row_header=False | metadata=False
Cell F19 | value='0' | fill=00000000 | rows=[18] | cols=[5] | col_header=False | row_header=False | metadata=False
Cell G19 | value='0' | fill=00000000 | rows=[18] | cols=[6] | col_header=False | row_header=False | metadata=False
Cell H19 | value='-' | fill=00000000 | rows=[18] | cols=[7] | col_header=False | row_header=False | metadata=False
Cell I19 | value='0' | fill=00000000 | rows=[18] | cols=[8] | col_header=False | row_header=False | metadata=False
Cell J19 | value='0' | fill=00000000 | rows=[18] | cols=[9] | col_header=False | row_header=False | metadata=False
Cell L19 | value='1' | fill=00000000 | rows=[18] | cols=[11] | col_header=False | row_header=False | metadata=False
Cell M19 | value='0' | fill=00000000 | rows=[18] | cols=[12] | col_header=False | row_header=False | metadata=False
Cell N19 | value='0' | fill=00000000 | rows=[18] | cols=[13] | col_header=False | row_header=False | metadata=False
Cell O19 | value='1' | fill=00000000 | rows=[18] | cols=[14] | col_header=False | row_header=False | metadata=False
Cell P19 | value='0' | fill=00000000 | rows=[18] | cols=[15] | col_header=False | row_header=False | metadata=False
Cell Q19 | value='-' | fill=00000000 | rows=[18] | cols=[16] | col_header=False | row_header=False | metadata=False
Cell R19 | value='2' | fill=00000000 | rows=[18] | cols=[17] | col_header=False | row_header=False | metadata=False
Cell S19 | value='-2' | fill=00000000 | rows=[18] | cols=[18] | col_header=False | row_header=False | metadata=False
Cell U19 | value='1' | fill=00000000 | rows=[18] | cols=[20] | col_header=False | row_header=False | metadata=False
Cell V19 | value='0' | fill=00000000 | rows=[18] | cols=[21] | col_header=False | row_header=False | metadata=False
Cell W19 | value='0' | fill=00000000 | rows=[18] | cols=[22] | col_header=False | row_header=False | metadata=False
Cell X19 | value='1' | fill=00000000 | rows=[18] | cols=[23] | col_header=False | row_header=False | metadata=False
Cell Y19 | value='0' | fill=00000000 | rows=[18] | cols=[24] | col_header=False | row_header=False | metadata=False
Cell Z19 | value='-' | fill=00000000 | rows=[18] | cols=[25] | col_header=False | row_header=False | metadata=False
Cell AA19 | value='2' | fill=00000000 | rows=[18] | cols=[26] | col_header=False | row_header=False | metadata=False
Cell AB19 | value='-2' | fill=00000000 | rows=[18] | cols=[27] | col_header=False | row_header=False | metadata=False
Cell AC19 | value='0' | fill=00000000 | rows=[18] | cols=[28] | col_header=False | row_header=False | metadata=False
Cell A20 | value='18' | fill=FF00B050 | rows=[19] | cols=[0] | col_header=False | row_header=True | metadata=False
Cell B20 | value='Boavista' | fill=FF00B050 | rows=[19] | cols=[1] | col_header=False | row_header=True | metadata=False
Cell C20 | value='0' | fill=00000000 | rows=[19] | cols=[2] | col_header=False | row_header=False | metadata=False
Cell D20 | value='0' | fill=00000000 | rows=[19] | cols=[3] | col_header=False | row_header=False | metadata=False
Cell E20 | value='0' | fill=00000000 | rows=[19] | cols=[4] | col_header=False | row_header=False | metadata=False
Cell F20 | value='0' | fill=00000000 | rows=[19] | cols=[5] | col_header=False | row_header=False | metadata=False
Cell G20 | value='0' | fill=00000000 | rows=[19] | cols=[6] | col_header=False | row_header=False | metadata=False
Cell H20 | value='-' | fill=00000000 | rows=[19] | cols=[7] | col_header=False | row_header=False | metadata=False
Cell I20 | value='0' | fill=00000000 | rows=[19] | cols=[8] | col_header=False | row_header=False | metadata=False
Cell J20 | value='0' | fill=00000000 | rows=[19] | cols=[9] | col_header=False | row_header=False | metadata=False
Cell L20 | value='1' | fill=00000000 | rows=[19] | cols=[11] | col_header=False | row_header=False | metadata=False
Cell M20 | value='0' | fill=00000000 | rows=[19] | cols=[12] | col_header=False | row_header=False | metadata=False
Cell N20 | value='0' | fill=00000000 | rows=[19] | cols=[13] | col_header=False | row_header=False | metadata=False
Cell O20 | value='1' | fill=00000000 | rows=[19] | cols=[14] | col_header=False | row_header=False | metadata=False
Cell P20 | value='0' | fill=00000000 | rows=[19] | cols=[15] | col_header=False | row_header=False | metadata=False
Cell Q20 | value='-' | fill=00000000 | rows=[19] | cols=[16] | col_header=False | row_header=False | metadata=False
Cell R20 | value='3' | fill=00000000 | rows=[19] | cols=[17] | col_header=False | row_header=False | metadata=False
Cell S20 | value='-3' | fill=00000000 | rows=[19] | cols=[18] | col_header=False | row_header=False | metadata=False
Cell U20 | value='1' | fill=00000000 | rows=[19] | cols=[20] | col_header=False | row_header=False | metadata=False
Cell V20 | value='0' | fill=00000000 | rows=[19] | cols=[21] | col_header=False | row_header=False | metadata=False
Cell W20 | value='0' | fill=00000000 | rows=[19] | cols=[22] | col_header=False | row_header=False | metadata=False
Cell X20 | value='1' | fill=00000000 | rows=[19] | cols=[23] | col_header=False | row_header=False | metadata=False
Cell Y20 | value='0' | fill=00000000 | rows=[19] | cols=[24] | col_header=False | row_header=False | metadata=False
Cell Z20 | value='-' | fill=00000000 | rows=[19] | cols=[25] | col_header=False | row_header=False | metadata=False
Cell AA20 | value='3' | fill=00000000 | rows=[19] | cols=[26] | col_header=False | row_header=False | metadata=False
Cell AB20 | value='-3' | fill=00000000 | rows=[19] | cols=[27] | col_header=False | row_header=False | metadata=False
Cell AC20 | value='0' | fill=00000000 | rows=[19] | cols=[28] | col_header=False | row_header=False | metadata=False

