=== economy-table88.xlsx ===
Cell A1 | value='Direct Loan Portfolio by Deferment Type' | fill=FF00B0F0 | rows=[0] | cols=[0, 1, 2, 3, 4, 5, 6, 7, 8, 9, 10, 11, 12, 13, 14, 15, 16, 17] | col_header=True | row_header=True | metadata=True
Cell A2 | value='Includes outstanding principal and interest balances of Direct Loans in a Deferment status' | fill=FF00B0F0 | rows=[1] | cols=[0, 1, 2, 3, 4, 5, 6, 7, 8, 9, 10, 11, 12, 13, 14, 15, 16, 17] | col_header=False | row_header=False | metadata=True
Cell A3 | value='Data Source: National Student Loan Data System (NSLDS)' | fill=FF00B0F0 | rows=[2] | cols=[0, 1, 2, 3, 4, 5, 6, 7, 8, 9, 10, 11, 12, 13, 14, 15, 16, 17] | col_header=False | row_header=False | metadata=True
Cell C6 | value='In-School Deferment' | fill=00000000 | rows=[5] | cols=[2, 3] | col_header=False | row_header=False | metadata=False
Cell E6 | value='Six-Month Post-Enrollment' | fill=00000000 | rows=[5] | cols=[4, 5] | col_header=False | row_header=False | metadata=False
Cell G6 | value='Unemployment' | fill=00000000 | rows=[5] | cols=[6, 7] | col_header=False | row_header=False | metadata=False
Cell I6 | value='Economic Hardship' | fill=00000000 | rows=[5] | cols=[8, 9] | col_header=False | row_header=False | metadata=False
Cell K6 | value='Military' | fill=00000000 | rows=[5] | cols=[10, 11] | col_header=False | row_header=False | metadata=False
Cell M6 | value='Cancer Treatment' | fill=00000000 | rows=[5] | cols=[12, 13] | col_header=False | row_header=False | metadata=False
Cell O6 | value='Other' | fill=00000000 | rows=[5] | cols=[14, 15] | col_header=False | row_header=False | metadata=False
Cell Q6 | value='Not Reported' | fill=00000000 | rows=[5] | cols=[16, 17] | col_header=False | row_header=False | metadata=False
Cell A7 | value='Federal Fiscal Year' | fill=FFFFFF00 | rows=[6] | cols=[0, 1] | col_header=True | row_header=False | metadata=False
Cell C7 | value='Dollars Outstanding           (in billions)' | fill=FFFFFF00 | rows=[6] | cols=[2] | col_header=True | row_header=False | metadata=False
Cell D7 | value='Recipients     (in millions)' | fill=FFFFFF00 | rows=[6] | cols=[3] | col_header=True | row_header=False | metadata=False
Cell E7 | value='Dollars Outstanding            (in billions)' | fill=FFFFFF00 | rows=[6] | cols=[4] | col_header=True | row_header=False | metadata=False
Cell F7 | value='Recipients     (in millions)' | fill=FFFFFF00 | rows=[6] | cols=[5] | col_header=True | row_header=False | metadata=False
Cell G7 | value='Dollars Outstanding           (in billions)' | fill=FFFFFF00 | rows=[6] | cols=[6] | col_header=True | row_header=False | metadata=False
Cell H7 | value='Recipients     (in millions)' | fill=FFFFFF00 | rows=[6] | cols=[7] | col_header=True | row_header=False | metadata=False
Cell I7 | value='Dollars Outstanding            (in billions)' | fill=FFFFFF00 | rows=[6] | cols=[8] | col_header=True | row_header=False | metadata=False
Cell J7 | value='Recipients     (in millions)' | fill=FFFFFF00 | rows=[6] | cols=[9] | col_header=True | row_header=False | metadata=False
Cell K7 | value='Dollars Outstanding           (in billions)' | fill=FFFFFF00 | rows=[6] | cols=[10] | col_header=True | row_header=False | metadata=False
Cell L7 | value='Recipients     (in millions)' | fill=FFFFFF00 | rows=[6] | cols=[11] | col_header=True | row_header=False | metadata=False
Cell M7 | value='Dollars Outstanding           (in billions)' | fill=FFFFFF00 | rows=[6] | cols=[12] | col_header=True | row_header=False | metadata=False
Cell N7 | value='Recipients     (in millions)' | fill=FFFFFF00 | rows=[6] | cols=[13] | col_header=True | row_header=False | metadata=False
Cell O7 | value='Dollars Outstanding            (in billions)' | fill=FFFFFF00 | rows=[6] | cols=[14] | col_header=True | row_header=False | metadata=False
Cell P7 | value='Recipients     (in millions)' | fill=FFFFFF00 | rows=[6] | cols=[15] | col_header=True | row_header=False | metadata=False
Cell Q7 | value='Dollars Outstanding           (in billions)' | fill=FFFFFF00 | rows=[6] | cols=[16] | col_header=True | row_header=False | metadata=False
Cell R7 | value='Recipients     (in millions)' | fill=FFFFFF00 | rows=[6] | cols=[17] | col_header=True | row_header=False | metadata=False
Cell A8 | value='2015' | fill=00000000 | rows=[7, 8, 9, 10] | cols=[0] | col_header=False | row_header=False | metadata=False
Cell B8 | value='Q1' | fill=00000000 | rows=[7] | cols=[1] | col_header=False | row_header=False | metadata=False
Cell C8 | value='65.9' | fill=7 | rows=[7] | cols=[2] | col_header=False | row_header=False | metadata=False
Cell D8 | value='2.69' | fill=7 | rows=[7] | cols=[3] | col_header=False | row_header=False | metadata=False
Cell E8 | value='3.8' | fill=None | rows=[7] | cols=[4] | col_header=False | row_header=False | metadata=False
Cell F8 | value='0.12' | fill=None | rows=[7] | cols=[5] | col_header=False | row_header=False | metadata=False
Cell G8 | value='9.8' | fill=7 | rows=[7] | cols=[6] | col_header=False | row_header=False | metadata=False
Cell H8 | value='0.31' | fill=7 | rows=[7] | cols=[7] | col_header=False | row_header=False | metadata=False
Cell I8 | value='5.8' | fill=None | rows=[7] | cols=[8] | col_header=False | row_header=False | metadata=False
Cell J8 | value='0.23' | fill=None | rows=[7] | cols=[9] | col_header=False | row_header=False | metadata=False
Cell K8 | value='0.3' | fill=7 | rows=[7] | cols=[10] | col_header=False | row_header=False | metadata=False
Cell L8 | value='0.01' | fill=7 | rows=[7] | cols=[11] | col_header=False | row_header=False | metadata=False
Cell M8 | value='N/A' | fill=None | rows=[7] | cols=[12] | col_header=False | row_header=False | metadata=False
Cell N8 | value='N/A' | fill=None | rows=[7] | cols=[13] | col_header=False | row_header=False | metadata=False
Cell O8 | value='0.5' | fill=7 | rows=[7] | cols=[14] | col_header=False | row_header=False | metadata=False
Cell P8 | value='0' | fill=7 | rows=[7] | cols=[15] | col_header=False | row_header=False | metadata=False
Cell Q8 | value='0.3' | fill=None | rows=[7] | cols=[16] | col_header=False | row_header=False | metadata=False
Cell R8 | value='0.02' | fill=None | rows=[7] | cols=[17] | col_header=False | row_header=False | metadata=False
Cell B9 | value='Q2' | fill=00000000 | rows=[8] | cols=[1] | col_header=False | row_header=False | metadata=False
Cell C9 | value='78.2' | fill=7 | rows=[8] | cols=[2] | col_header=False | row_header=False | metadata=False
Cell D9 | value='2.9' | fill=7 | rows=[8] | cols=[3] | col_header=False | row_header=False | metadata=False
Cell E9 | value='4' | fill=None | rows=[8] | cols=[4] | col_header=False | row_header=False | metadata=False
Cell F9 | value='0.13' | fill=None | rows=[8] | cols=[5] | col_header=False | row_header=False | metadata=False
Cell G9 | value='9.3' | fill=7 | rows=[8] | cols=[6] | col_header=False | row_header=False | metadata=False
Cell H9 | value='0.28' | fill=7 | rows=[8] | cols=[7] | col_header=False | row_header=False | metadata=False
Cell I9 | value='5.6' | fill=None | rows=[8] | cols=[8] | col_header=False | row_header=False | metadata=False
Cell J9 | value='0.21' | fill=None | rows=[8] | cols=[9] | col_header=False | row_header=False | metadata=False
Cell K9 | value='0.3' | fill=7 | rows=[8] | cols=[10] | col_header=False | row_header=False | metadata=False
Cell L9 | value='0.01' | fill=7 | rows=[8] | cols=[11] | col_header=False | row_header=False | metadata=False
Cell M9 | value='N/A' | fill=None | rows=[8] | cols=[12] | col_header=False | row_header=False | metadata=False
Cell N9 | value='N/A' | fill=None | rows=[8] | cols=[13] | col_header=False | row_header=False | metadata=False
Cell O9 | value='0.6' | fill=7 | rows=[8] | cols=[14] | col_header=False | row_header=False | metadata=False
Cell P9 | value='0.01' | fill=7 | rows=[8] | cols=[15] | col_header=False | row_header=False | metadata=False
Cell Q9 | value='0.1' | fill=None | rows=[8] | cols=[16] | col_header=False | row_header=False | metadata=False
Cell R9 | value='0.01' | fill=None | rows=[8] | cols=[17] | col_header=False | row_header=False | metadata=False
Cell B10 | value='Q3' | fill=00000000 | rows=[9] | cols=[1] | col_header=False | row_header=False | metadata=False
Cell C10 | value='68.4' | fill=7 | rows=[9] | cols=[2] | col_header=False | row_header=False | metadata=False
Cell D10 | value='2.58' | fill=7 | rows=[9] | cols=[3] | col_header=False | row_header=False | metadata=False
Cell E10 | value='10.2' | fill=None | rows=[9] | cols=[4] | col_header=False | row_header=False | metadata=False
Cell F10 | value='0.22' | fill=None | rows=[9] | cols=[5] | col_header=False | row_header=False | metadata=False
Cell G10 | value='8.5' | fill=7 | rows=[9] | cols=[6] | col_header=False | row_header=False | metadata=False
Cell H10 | value='0.26' | fill=7 | rows=[9] | cols=[7] | col_header=False | row_header=False | metadata=False
Cell I10 | value='5.3' | fill=None | rows=[9] | cols=[8] | col_header=False | row_header=False | metadata=False
Cell J10 | value='0.19' | fill=None | rows=[9] | cols=[9] | col_header=False | row_header=False | metadata=False
Cell K10 | value='0.3' | fill=7 | rows=[9] | cols=[10] | col_header=False | row_header=False | metadata=False
Cell L10 | value='0.01' | fill=7 | rows=[9] | cols=[11] | col_header=False | row_header=False | metadata=False
Cell M10 | value='N/A' | fill=None | rows=[9] | cols=[12] | col_header=False | row_header=False | metadata=False
Cell N10 | value='N/A' | fill=None | rows=[9] | cols=[13] | col_header=False | row_header=False | metadata=False
Cell O10 | value='0.6' | fill=7 | rows=[9] | cols=[14] | col_header=False | row_header=False | metadata=False
Cell P10 | value='0.01' | fill=7 | rows=[9] | cols=[15] | col_header=False | row_header=False | metadata=False
Cell Q10 | value='0.1' | fill=None | rows=[9] | cols=[16] | col_header=False | row_header=False | metadata=False
Cell R10 | value='0' | fill=None | rows=[9] | cols=[17] | col_header=False | row_header=False | metadata=False
Cell B11 | value='Q4' | fill=00000000 | rows=[10] | cols=[1] | col_header=False | row_header=False | metadata=False
Cell C11 | value='73.2' | fill=7 | rows=[10] | cols=[2] | col_header=False | row_header=False | metadata=False
Cell D11 | value='2.76' | fill=7 | rows=[10] | cols=[3] | col_header=False | row_header=False | metadata=False
Cell E11 | value='12.5' | fill=None | rows=[10] | cols=[4] | col_header=False | row_header=False | metadata=False
Cell F11 | value='0.27' | fill=None | rows=[10] | cols=[5] | col_header=False | row_header=False | metadata=False
Cell G11 | value='7.9' | fill=7 | rows=[10] | cols=[6] | col_header=False | row_header=False | metadata=False
Cell H11 | value='0.23' | fill=7 | rows=[10] | cols=[7] | col_header=False | row_header=False | metadata=False
Cell I11 | value='4.9' | fill=None | rows=[10] | cols=[8] | col_header=False | row_header=False | metadata=False
Cell J11 | value='0.17' | fill=None | rows=[10] | cols=[9] | col_header=False | row_header=False | metadata=False
Cell K11 | value='0.3' | fill=7 | rows=[10] | cols=[10] | col_header=False | row_header=False | metadata=False
Cell L11 | value='0.01' | fill=7 | rows=[10] | cols=[11] | col_header=False | row_header=False | metadata=False
Cell M11 | value='N/A' | fill=None | rows=[10] | cols=[12] | col_header=False | row_header=False | metadata=False
Cell N11 | value='N/A' | fill=None | rows=[10] | cols=[13] | col_header=False | row_header=False | metadata=False
Cell O11 | value='0.5' | fill=7 | rows=[10] | cols=[14] | col_header=False | row_header=False | metadata=False
Cell P11 | value='0' | fill=7 | rows=[10] | cols=[15] | col_header=False | row_header=False | metadata=False
Cell Q11 | value='0' | fill=None | rows=[10] | cols=[16] | col_header=False | row_header=False | metadata=False
Cell R11 | value='0' | fill=None | rows=[10] | cols=[17] | col_header=False | row_header=False | metadata=False
Cell A12 | value='2016' | fill=00000000 | rows=[11, 12, 13, 14] | cols=[0] | col_header=False | row_header=False | metadata=False
Cell B12 | value='Q1' | fill=00000000 | rows=[11] | cols=[1] | col_header=False | row_header=False | metadata=False
Cell C12 | value='70.7' | fill=7 | rows=[11] | cols=[2] | col_header=False | row_header=False | metadata=False
Cell D12 | value='2.64' | fill=7 | rows=[11] | cols=[3] | col_header=False | row_header=False | metadata=False
Cell E12 | value='4.6' | fill=None | rows=[11] | cols=[4] | col_header=False | row_header=False | metadata=False
Cell F12 | value='0.12' | fill=None | rows=[11] | cols=[5] | col_header=False | row_header=False | metadata=False
Cell G12 | value='7.6' | fill=7 | rows=[11] | cols=[6] | col_header=False | row_header=False | metadata=False
Cell H12 | value='0.21' | fill=7 | rows=[11] | cols=[7] | col_header=False | row_header=False | metadata=False
Cell I12 | value='4.5' | fill=None | rows=[11] | cols=[8] | col_header=False | row_header=False | metadata=False
Cell J12 | value='0.16' | fill=None | rows=[11] | cols=[9] | col_header=False | row_header=False | metadata=False
Cell K12 | value='0.3' | fill=7 | rows=[11] | cols=[10] | col_header=False | row_header=False | metadata=False
Cell L12 | value='0.01' | fill=7 | rows=[11] | cols=[11] | col_header=False | row_header=False | metadata=False
Cell M12 | value='N/A' | fill=None | rows=[11] | cols=[12] | col_header=False | row_header=False | metadata=False
Cell N12 | value='N/A' | fill=None | rows=[11] | cols=[13] | col_header=False | row_header=False | metadata=False
Cell O12 | value='0.6' | fill=7 | rows=[11] | cols=[14] | col_header=False | row_header=False | metadata=False
Cell P12 | value='0.01' | fill=7 | rows=[11] | cols=[15] | col_header=False | row_header=False | metadata=False
Cell Q12 | value='0' | fill=None | rows=[11] | cols=[16] | col_header=False | row_header=False | metadata=False
Cell R12 | value='0' | fill=None | rows=[11] | cols=[17] | col_header=False | row_header=False | metadata=False
Cell B13 | value='Q2' | fill=00000000 | rows=[12] | cols=[1] | col_header=False | row_header=False | metadata=False
Cell C13 | value='88.3' | fill=7 | rows=[12] | cols=[2] | col_header=False | row_header=False | metadata=False
Cell D13 | value='3.12' | fill=7 | rows=[12] | cols=[3] | col_header=False | row_header=False | metadata=False
Cell E13 | value='4.5' | fill=None | rows=[12] | cols=[4] | col_header=False | row_header=False | metadata=False
Cell F13 | value='0.14' | fill=None | rows=[12] | cols=[5] | col_header=False | row_header=False | metadata=False
Cell G13 | value='7.3' | fill=7 | rows=[12] | cols=[6] | col_header=False | row_header=False | metadata=False
Cell H13 | value='0.21' | fill=7 | rows=[12] | cols=[7] | col_header=False | row_header=False | metadata=False
Cell I13 | value='4.2' | fill=None | rows=[12] | cols=[8] | col_header=False | row_header=False | metadata=False
Cell J13 | value='0.14' | fill=None | rows=[12] | cols=[9] | col_header=False | row_header=False | metadata=False
Cell K13 | value='0.3' | fill=7 | rows=[12] | cols=[10] | col_header=False | row_header=False | metadata=False
Cell L13 | value='0.01' | fill=7 | rows=[12] | cols=[11] | col_header=False | row_header=False | metadata=False
Cell M13 | value='N/A' | fill=None | rows=[12] | cols=[12] | col_header=False | row_header=False | metadata=False
Cell N13 | value='N/A' | fill=None | rows=[12] | cols=[13] | col_header=False | row_header=False | metadata=False
Cell O13 | value='0.6' | fill=7 | rows=[12] | cols=[14] | col_header=False | row_header=False | metadata=False
Cell P13 | value='0.01' | fill=7 | rows=[12] | cols=[15] | col_header=False | row_header=False | metadata=False
Cell Q13 | value='0.2' | fill=None | rows=[12] | cols=[16] | col_header=False | row_header=False | metadata=False
Cell R13 | value='0.01' | fill=None | rows=[12] | cols=[17] | col_header=False | row_header=False | metadata=False
Cell B14 | value='Q3' | fill=00000000 | rows=[13] | cols=[1] | col_header=False | row_header=False | metadata=False
Cell C14 | value='78.5' | fill=7 | rows=[13] | cols=[2] | col_header=False | row_header=False | metadata=False
Cell D14 | value='2.82' | fill=7 | rows=[13] | cols=[3] | col_header=False | row_header=False | metadata=False
Cell E14 | value='11.6' | fill=None | rows=[13] | cols=[4] | col_header=False | row_header=False | metadata=False
Cell F14 | value='0.24' | fill=None | rows=[13] | cols=[5] | col_header=False | row_header=False | metadata=False
Cell G14 | value='6.8' | fill=7 | rows=[13] | cols=[6] | col_header=False | row_header=False | metadata=False
Cell H14 | value='0.19' | fill=7 | rows=[13] | cols=[7] | col_header=False | row_header=False | metadata=False
Cell I14 | value='3.8' | fill=None | rows=[13] | cols=[8] | col_header=False | row_header=False | metadata=False
Cell J14 | value='0.13' | fill=None | rows=[13] | cols=[9] | col_header=False | row_header=False | metadata=False
Cell K14 | value='0.3' | fill=7 | rows=[13] | cols=[10] | col_header=False | row_header=False | metadata=False
Cell L14 | value='0.01' | fill=7 | rows=[13] | cols=[11] | col_header=False | row_header=False | metadata=False
Cell M14 | value='N/A' | fill=None | rows=[13] | cols=[12] | col_header=False | row_header=False | metadata=False
Cell N14 | value='N/A' | fill=None | rows=[13] | cols=[13] | col_header=False | row_header=False | metadata=False
Cell O14 | value='0.6' | fill=7 | rows=[13] | cols=[14] | col_header=False | row_header=False | metadata=False
Cell P14 | value='0' | fill=7 | rows=[13] | cols=[15] | col_header=False | row_header=False | metadata=False
Cell Q14 | value='0.2' | fill=None | rows=[13] | cols=[16] | col_header=False | row_header=False | metadata=False
Cell R14 | value='0.01' | fill=None | rows=[13] | cols=[17] | col_header=False | row_header=False | metadata=False
Cell B15 | value='Q4' | fill=00000000 | rows=[14] | cols=[1] | col_header=False | row_header=False | metadata=False
Cell C15 | value='83.2' | fill=7 | rows=[14] | cols=[2] | col_header=False | row_header=False | metadata=False
Cell D15 | value='2.98' | fill=7 | rows=[14] | cols=[3] | col_header=False | row_header=False | metadata=False
Cell E15 | value='13.7' | fill=None | rows=[14] | cols=[4] | col_header=False | row_header=False | metadata=False
Cell F15 | value='0.3' | fill=None | rows=[14] | cols=[5] | col_header=False | row_header=False | metadata=False
Cell G15 | value='6.1' | fill=7 | rows=[14] | cols=[6] | col_header=False | row_header=False | metadata=False
Cell H15 | value='0.16' | fill=7 | rows=[14] | cols=[7] | col_header=False | row_header=False | metadata=False
Cell I15 | value='3.4' | fill=None | rows=[14] | cols=[8] | col_header=False | row_header=False | metadata=False
Cell J15 | value='0.11' | fill=None | rows=[14] | cols=[9] | col_header=False | row_header=False | metadata=False
Cell K15 | value='0.3' | fill=7 | rows=[14] | cols=[10] | col_header=False | row_header=False | metadata=False
Cell L15 | value='0.01' | fill=7 | rows=[14] | cols=[11] | col_header=False | row_header=False | metadata=False
Cell M15 | value='N/A' | fill=None | rows=[14] | cols=[12] | col_header=False | row_header=False | metadata=False
Cell N15 | value='N/A' | fill=None | rows=[14] | cols=[13] | col_header=False | row_header=False | metadata=False
Cell O15 | value='0.4' | fill=7 | rows=[14] | cols=[14] | col_header=False | row_header=False | metadata=False
Cell P15 | value='0' | fill=7 | rows=[14] | cols=[15] | col_header=False | row_header=False | metadata=False
Cell Q15 | value='0' | fill=None | rows=[14] | cols=[16] | col_header=False | row_header=False | metadata=False
Cell R15 | value='0' | fill=None | rows=[14] | cols=[17] | col_header=False | row_header=False | metadata=False
Cell A16 | value='2017' | fill=00000000 | rows=[15, 16, 17, 18] | cols=[0] | col_header=False | row_header=False | metadata=False
Cell B16 | value='Q1' | fill=00000000 | rows=[15] | cols=[1] | col_header=False | row_header=False | metadata=False
Cell C16 | value='81.4' | fill=7 | rows=[15] | cols=[2] | col_header=False | row_header=False | metadata=False
Cell D16 | value='2.89' | fill=7 | rows=[15] | cols=[3] | col_header=False | row_header=False | metadata=False
Cell E16 | value='5.1' | fill=None | rows=[15] | cols=[4] | col_header=False | row_header=False | metadata=False
Cell F16 | value='0.14' | fill=None | rows=[15] | cols=[5] | col_header=False | row_header=False | metadata=False
Cell G16 | value='6.2' | fill=7 | rows=[15] | cols=[6] | col_header=False | row_header=False | metadata=False
Cell H16 | value='0.16' | fill=7 | rows=[15] | cols=[7] | col_header=False | row_header=False | metadata=False
Cell I16 | value='3.3' | fill=None | rows=[15] | cols=[8] | col_header=False | row_header=False | metadata=False
Cell J16 | value='0.1' | fill=None | rows=[15] | cols=[9] | col_header=False | row_header=False | metadata=False
Cell K16 | value='0.3' | fill=7 | rows=[15] | cols=[10] | col_header=False | row_header=False | metadata=False
Cell L16 | value='0.01' | fill=7 | rows=[15] | cols=[11] | col_header=False | row_header=False | metadata=False
Cell M16 | value='N/A' | fill=None | rows=[15] | cols=[12] | col_header=False | row_header=False | metadata=False
Cell N16 | value='N/A' | fill=None | rows=[15] | cols=[13] | col_header=False | row_header=False | metadata=False
Cell O16 | value='0.5' | fill=7 | rows=[15] | cols=[14] | col_header=False | row_header=False | metadata=False
Cell P16 | value='0' | fill=7 | rows=[15] | cols=[15] | col_header=False | row_header=False | metadata=False
Cell Q16 | value='0' | fill=None | rows=[15] | cols=[16] | col_header=False | row_header=False | metadata=False
Cell R16 | value='0' | fill=None | rows=[15] | cols=[17] | col_header=False | row_header=False | metadata=False
Cell B17 | value='Q2' | fill=00000000 | rows=[16] | cols=[1] | col_header=False | row_header=False | metadata=False
Cell C17 | value='97.2' | fill=7 | rows=[16] | cols=[2] | col_header=False | row_header=False | metadata=False
Cell D17 | value='3.2' | fill=7 | rows=[16] | cols=[3] | col_header=False | row_header=False | metadata=False
Cell E17 | value='5.1' | fill=None | rows=[16] | cols=[4] | col_header=False | row_header=False | metadata=False
Cell F17 | value='0.15' | fill=None | rows=[16] | cols=[5] | col_header=False | row_header=False | metadata=False
Cell G17 | value='6.6' | fill=7 | rows=[16] | cols=[6] | col_header=False | row_header=False | metadata=False
Cell H17 | value='0.17' | fill=7 | rows=[16] | cols=[7] | col_header=False | row_header=False | metadata=False
Cell I17 | value='3.3' | fill=None | rows=[16] | cols=[8] | col_header=False | row_header=False | metadata=False
Cell J17 | value='0.1' | fill=None | rows=[16] | cols=[9] | col_header=False | row_header=False | metadata=False
Cell K17 | value='0.3' | fill=7 | rows=[16] | cols=[10] | col_header=False | row_header=False | metadata=False
Cell L17 | value='0.01' | fill=7 | rows=[16] | cols=[11] | col_header=False | row_header=False | metadata=False
Cell M17 | value='N/A' | fill=None | rows=[16] | cols=[12] | col_header=False | row_header=False | metadata=False
Cell N17 | value='N/A' | fill=None | rows=[16] | cols=[13] | col_header=False | row_header=False | metadata=False
Cell O17 | value='0.6' | fill=7 | rows=[16] | cols=[14] | col_header=False | row_header=False | metadata=False
Cell P17 | value='0' | fill=7 | rows=[16] | cols=[15] | col_header=False | row_header=False | metadata=False
Cell Q17 | value='0' | fill=None | rows=[16] | cols=[16] | col_header=False | row_header=False | metadata=False
Cell R17 | value='0' | fill=None | rows=[16] | cols=[17] | col_header=False | row_header=False | metadata=False
Cell B18 | value='Q3' | fill=00000000 | rows=[17] | cols=[1] | col_header=False | row_header=False | metadata=False
Cell C18 | value='85.3' | fill=7 | rows=[17] | cols=[2] | col_header=False | row_header=False | metadata=False
Cell D18 | value='2.86' | fill=7 | rows=[17] | cols=[3] | col_header=False | row_header=False | metadata=False
Cell E18 | value='12.5' | fill=None | rows=[17] | cols=[4] | col_header=False | row_header=False | metadata=False
Cell F18 | value='0.26' | fill=None | rows=[17] | cols=[5] | col_header=False | row_header=False | metadata=False
Cell G18 | value='6.7' | fill=7 | rows=[17] | cols=[6] | col_header=False | row_header=False | metadata=False
Cell H18 | value='0.17' | fill=7 | rows=[17] | cols=[7] | col_header=False | row_header=False | metadata=False
Cell I18 | value='3.2' | fill=None | rows=[17] | cols=[8] | col_header=False | row_header=False | metadata=False
Cell J18 | value='0.1' | fill=None | rows=[17] | cols=[9] | col_header=False | row_header=False | metadata=False
Cell K18 | value='0.3' | fill=7 | rows=[17] | cols=[10] | col_header=False | row_header=False | metadata=False
Cell L18 | value='0.01' | fill=7 | rows=[17] | cols=[11] | col_header=False | row_header=False | metadata=False
Cell M18 | value='N/A' | fill=None | rows=[17] | cols=[12] | col_header=False | row_header=False | metadata=False
Cell N18 | value='N/A' | fill=None | rows=[17] | cols=[13] | col_header=False | row_header=False | metadata=False
Cell O18 | value='0.6' | fill=7 | rows=[17] | cols=[14] | col_header=False | row_header=False | metadata=False
Cell P18 | value='0' | fill=7 | rows=[17] | cols=[15] | col_header=False | row_header=False | metadata=False
Cell Q18 | value='0' | fill=None | rows=[17] | cols=[16] | col_header=False | row_header=False | metadata=False
Cell R18 | value='0' | fill=None | rows=[17] | cols=[17] | col_header=False | row_header=False | metadata=False
Cell B19 | value='Q4' | fill=00000000 | rows=[18] | cols=[1] | col_header=False | row_header=False | metadata=False
Cell C19 | value='89.4' | fill=7 | rows=[18] | cols=[2] | col_header=False | row_header=False | metadata=False
Cell D19 | value='3' | fill=7 | rows=[18] | cols=[3] | col_header=False | row_header=False | metadata=False
Cell E19 | value='15' | fill=None | rows=[18] | cols=[4] | col_header=False | row_header=False | metadata=False
Cell F19 | value='0.32' | fill=None | rows=[18] | cols=[5] | col_header=False | row_header=False | metadata=False
Cell G19 | value='6.2' | fill=7 | rows=[18] | cols=[6] | col_header=False | row_header=False | metadata=False
Cell H19 | value='0.15' | fill=7 | rows=[18] | cols=[7] | col_header=False | row_header=False | metadata=False
Cell I19 | value='3' | fill=None | rows=[18] | cols=[8] | col_header=False | row_header=False | metadata=False
Cell J19 | value='0.09' | fill=None | rows=[18] | cols=[9] | col_header=False | row_header=False | metadata=False
Cell K19 | value='0.3' | fill=7 | rows=[18] | cols=[10] | col_header=False | row_header=False | metadata=False
Cell L19 | value='0.01' | fill=7 | rows=[18] | cols=[11] | col_header=False | row_header=False | metadata=False
Cell M19 | value='N/A' | fill=None | rows=[18] | cols=[12] | col_header=False | row_header=False | metadata=False
Cell N19 | value='N/A' | fill=None | rows=[18] | cols=[13] | col_header=False | row_header=False | metadata=False
Cell O19 | value='0.4' | fill=7 | rows=[18] | cols=[14] | col_header=False | row_header=False | metadata=False
Cell P19 | value='0' | fill=7 | rows=[18] | cols=[15] | col_header=False | row_header=False | metadata=False
Cell Q19 | value='0' | fill=None | rows=[18] | cols=[16] | col_header=False | row_header=False | metadata=False
Cell R19 | value='0' | fill=None | rows=[18] | cols=[17] | col_header=False | row_header=False | metadata=False
Cell A20 | value='2018' | fill=00000000 | rows=[19, 20, 21, 22] | cols=[0] | col_header=False | row_header=False | metadata=False
Cell B20 | value='Q1' | fill=00000000 | rows=[19] | cols=[1] | col_header=False | row_header=False | metadata=False
Cell C20 | value='87' | fill=7 | rows=[19] | cols=[2] | col_header=False | row_header=False | metadata=False
Cell D20 | value='2.92' | fill=7 | rows=[19] | cols=[3] | col_header=False | row_header=False | metadata=False
Cell E20 | value='5.8' | fill=None | rows=[19] | cols=[4] | col_header=False | row_header=False | metadata=False
Cell F20 | value='0.15' | fill=None | rows=[19] | cols=[5] | col_header=False | row_header=False | metadata=False
Cell G20 | value='6.3' | fill=7 | rows=[19] | cols=[6] | col_header=False | row_header=False | metadata=False
Cell H20 | value='0.15' | fill=7 | rows=[19] | cols=[7] | col_header=False | row_header=False | metadata=False
Cell I20 | value='3' | fill=None | rows=[19] | cols=[8] | col_header=False | row_header=False | metadata=False
Cell J20 | value='0.09' | fill=None | rows=[19] | cols=[9] | col_header=False | row_header=False | metadata=False
Cell K20 | value='0.3' | fill=7 | rows=[19] | cols=[10] | col_header=False | row_header=False | metadata=False
Cell L20 | value='0.01' | fill=7 | rows=[19] | cols=[11] | col_header=False | row_header=False | metadata=False
Cell M20 | value='N/A' | fill=None | rows=[19] | cols=[12] | col_header=False | row_header=False | metadata=False
Cell N20 | value='N/A' | fill=None | rows=[19] | cols=[13] | col_header=False | row_header=False | metadata=False
Cell O20 | value='0.6' | fill=7 | rows=[19] | cols=[14] | col_header=False | row_header=False | metadata=False
Cell P20 | value='0' | fill=7 | rows=[19] | cols=[15] | col_header=False | row_header=False | metadata=False
Cell Q20 | value='0' | fill=None | rows=[19] | cols=[16] | col_header=False | row_header=False | metadata=False
Cell R20 | value='0' | fill=None | rows=[19] | cols=[17] | col_header=False | row_header=False | metadata=False
Cell B21 | value='Q2' | fill=00000000 | rows=[20] | cols=[1] | col_header=False | row_header=False | metadata=False
Cell C21 | value='104.7' | fill=7 | rows=[20] | cols=[2] | col_header=False | row_header=False | metadata=False
Cell D21 | value='3.25' | fill=7 | rows=[20] | cols=[3] | col_header=False | row_header=False | metadata=False
Cell E21 | value='5.4' | fill=None | rows=[20] | cols=[4] | col_header=False | row_header=False | metadata=False
Cell F21 | value='0.16' | fill=None | rows=[20] | cols=[5] | col_header=False | row_header=False | metadata=False
Cell G21 | value='6.8' | fill=7 | rows=[20] | cols=[6] | col_header=False | row_header=False | metadata=False
Cell H21 | value='0.17' | fill=7 | rows=[20] | cols=[7] | col_header=False | row_header=False | metadata=False
Cell I21 | value='3.2' | fill=None | rows=[20] | cols=[8] | col_header=False | row_header=False | metadata=False
Cell J21 | value='0.09' | fill=None | rows=[20] | cols=[9] | col_header=False | row_header=False | metadata=False
Cell K21 | value='0.2' | fill=7 | rows=[20] | cols=[10] | col_header=False | row_header=False | metadata=False
Cell L21 | value='0.01' | fill=7 | rows=[20] | cols=[11] | col_header=False | row_header=False | metadata=False
Cell M21 | value='N/A' | fill=None | rows=[20] | cols=[12] | col_header=False | row_header=False | metadata=False
Cell N21 | value='N/A' | fill=None | rows=[20] | cols=[13] | col_header=False | row_header=False | metadata=False
Cell O21 | value='0.6' | fill=7 | rows=[20] | cols=[14] | col_header=False | row_header=False | metadata=False
Cell P21 | value='0' | fill=7 | rows=[20] | cols=[15] | col_header=False | row_header=False | metadata=False
Cell Q21 | value='0' | fill=None | rows=[20] | cols=[16] | col_header=False | row_header=False | metadata=False
Cell R21 | value='0' | fill=None | rows=[20] | cols=[17] | col_header=False | row_header=False | metadata=False
Cell B22 | value='Q3' | fill=00000000 | rows=[21] | cols=[1] | col_header=False | row_header=False | metadata=False
Cell C22 | value='93' | fill=7 | rows=[21] | cols=[2] | col_header=False | row_header=False | metadata=False
Cell D22 | value='2.93' | fill=7 | rows=[21] | cols=[3] | col_header=False | row_header=False | metadata=False
Cell E22 | value='13.3' | fill=None | rows=[21] | cols=[4] | col_header=False | row_header=False | metadata=False
Cell F22 | value='0.27' | fill=None | rows=[21] | cols=[5] | col_header=False | row_header=False | metadata=False
Cell G22 | value='6.7' | fill=7 | rows=[21] | cols=[6] | col_header=False | row_header=False | metadata=False
Cell H22 | value='0.17' | fill=7 | rows=[21] | cols=[7] | col_header=False | row_header=False | metadata=False
Cell I22 | value='3.3' | fill=None | rows=[21] | cols=[8] | col_header=False | row_header=False | metadata=False
Cell J22 | value='0.09' | fill=None | rows=[21] | cols=[9] | col_header=False | row_header=False | metadata=False
Cell K22 | value='0.2' | fill=7 | rows=[21] | cols=[10] | col_header=False | row_header=False | metadata=False
Cell L22 | value='0.01' | fill=7 | rows=[21] | cols=[11] | col_header=False | row_header=False | metadata=False
Cell M22 | value='N/A' | fill=None | rows=[21] | cols=[12] | col_header=False | row_header=False | metadata=False
Cell N22 | value='N/A' | fill=None | rows=[21] | cols=[13] | col_header=False | row_header=False | metadata=False
Cell O22 | value='0.6' | fill=7 | rows=[21] | cols=[14] | col_header=False | row_header=False | metadata=False
Cell P22 | value='0' | fill=7 | rows=[21] | cols=[15] | col_header=False | row_header=False | metadata=False
Cell Q22 | value='0' | fill=None | rows=[21] | cols=[16] | col_header=False | row_header=False | metadata=False
Cell R22 | value='0' | fill=None | rows=[21] | cols=[17] | col_header=False | row_header=False | metadata=False
Cell B23 | value='Q4' | fill=00000000 | rows=[22] | cols=[1] | col_header=False | row_header=False | metadata=False
Cell C23 | value='98.4' | fill=7 | rows=[22] | cols=[2] | col_header=False | row_header=False | metadata=False
Cell D23 | value='3.12' | fill=7 | rows=[22] | cols=[3] | col_header=False | row_header=False | metadata=False
Cell E23 | value='15.5' | fill=None | rows=[22] | cols=[4] | col_header=False | row_header=False | metadata=False
Cell F23 | value='0.32' | fill=None | rows=[22] | cols=[5] | col_header=False | row_header=False | metadata=False
Cell G23 | value='6.3' | fill=7 | rows=[22] | cols=[6] | col_header=False | row_header=False | metadata=False
Cell H23 | value='0.15' | fill=7 | rows=[22] | cols=[7] | col_header=False | row_header=False | metadata=False
Cell I23 | value='3.4' | fill=None | rows=[22] | cols=[8] | col_header=False | row_header=False | metadata=False
Cell J23 | value='0.09' | fill=None | rows=[22] | cols=[9] | col_header=False | row_header=False | metadata=False
Cell K23 | value='0.2' | fill=7 | rows=[22] | cols=[10] | col_header=False | row_header=False | metadata=False
Cell L23 | value='0.01' | fill=7 | rows=[22] | cols=[11] | col_header=False | row_header=False | metadata=False
Cell M23 | value='N/A' | fill=None | rows=[22] | cols=[12] | col_header=False | row_header=False | metadata=False
Cell N23 | value='N/A' | fill=None | rows=[22] | cols=[13] | col_header=False | row_header=False | metadata=False
Cell O23 | value='0.4' | fill=7 | rows=[22] | cols=[14] | col_header=False | row_header=False | metadata=False
Cell P23 | value='0' | fill=7 | rows=[22] | cols=[15] | col_header=False | row_header=False | metadata=False
Cell Q23 | value='0' | fill=None | rows=[22] | cols=[16] | col_header=False | row_header=False | metadata=False
Cell R23 | value='0' | fill=None | rows=[22] | cols=[17] | col_header=False | row_header=False | metadata=False
Cell A24 | value='2019' | fill=00000000 | rows=[23, 24, 25, 26] | cols=[0] | col_header=False | row_header=False | metadata=False
Cell B24 | value='Q1' | fill=00000000 | rows=[23] | cols=[1] | col_header=False | row_header=False | metadata=False
Cell C24 | value='93.8' | fill=7 | rows=[23] | cols=[2] | col_header=False | row_header=False | metadata=False
Cell D24 | value='2.96' | fill=7 | rows=[23] | cols=[3] | col_header=False | row_header=False | metadata=False
Cell E24 | value='6.1' | fill=None | rows=[23] | cols=[4] | col_header=False | row_header=False | metadata=False
Cell F24 | value='0.15' | fill=None | rows=[23] | cols=[5] | col_header=False | row_header=False | metadata=False
Cell G24 | value='6.2' | fill=7 | rows=[23] | cols=[6] | col_header=False | row_header=False | metadata=False
Cell H24 | value='0.15' | fill=7 | rows=[23] | cols=[7] | col_header=False | row_header=False | metadata=False
Cell I24 | value='3.5' | fill=None | rows=[23] | cols=[8] | col_header=False | row_header=False | metadata=False
Cell J24 | value='0.1' | fill=None | rows=[23] | cols=[9] | col_header=False | row_header=False | metadata=False
Cell K24 | value='0.2' | fill=7 | rows=[23] | cols=[10] | col_header=False | row_header=False | metadata=False
Cell L24 | value='0.01' | fill=7 | rows=[23] | cols=[11] | col_header=False | row_header=False | metadata=False
Cell M24 | value='N/A' | fill=None | rows=[23] | cols=[12] | col_header=False | row_header=False | metadata=False
Cell N24 | value='N/A' | fill=None | rows=[23] | cols=[13] | col_header=False | row_header=False | metadata=False
Cell O24 | value='0.6' | fill=7 | rows=[23] | cols=[14] | col_header=False | row_header=False | metadata=False
Cell P24 | value='0' | fill=7 | rows=[23] | cols=[15] | col_header=False | row_header=False | metadata=False
Cell Q24 | value='0' | fill=None | rows=[23] | cols=[16] | col_header=False | row_header=False | metadata=False
Cell R24 | value='0' | fill=None | rows=[23] | cols=[17] | col_header=False | row_header=False | metadata=False
Cell B25 | value='Q2' | fill=00000000 | rows=[24] | cols=[1] | col_header=False | row_header=False | metadata=False
Cell C25 | value='111.5' | fill=7 | rows=[24] | cols=[2] | col_header=False | row_header=False | metadata=False
Cell D25 | value='3.27' | fill=7 | rows=[24] | cols=[3] | col_header=False | row_header=False | metadata=False
Cell E25 | value='5.6' | fill=None | rows=[24] | cols=[4] | col_header=False | row_header=False | metadata=False
Cell F25 | value='0.16' | fill=None | rows=[24] | cols=[5] | col_header=False | row_header=False | metadata=False
Cell G25 | value='6.5' | fill=7 | rows=[24] | cols=[6] | col_header=False | row_header=False | metadata=False
Cell H25 | value='0.16' | fill=7 | rows=[24] | cols=[7] | col_header=False | row_header=False | metadata=False
Cell I25 | value='3.5' | fill=None | rows=[24] | cols=[8] | col_header=False | row_header=False | metadata=False
Cell J25 | value='0.1' | fill=None | rows=[24] | cols=[9] | col_header=False | row_header=False | metadata=False
Cell K25 | value='0.2' | fill=7 | rows=[24] | cols=[10] | col_header=False | row_header=False | metadata=False
Cell L25 | value='0.01' | fill=7 | rows=[24] | cols=[11] | col_header=False | row_header=False | metadata=False
Cell M25 | value='N/A' | fill=None | rows=[24] | cols=[12] | col_header=False | row_header=False | metadata=False
Cell N25 | value='N/A' | fill=None | rows=[24] | cols=[13] | col_header=False | row_header=False | metadata=False
Cell O25 | value='0.6' | fill=7 | rows=[24] | cols=[14] | col_header=False | row_header=False | metadata=False
Cell P25 | value='0' | fill=7 | rows=[24] | cols=[15] | col_header=False | row_header=False | metadata=False
Cell Q25 | value='0' | fill=None | rows=[24] | cols=[16] | col_header=False | row_header=False | metadata=False
Cell R25 | value='0' | fill=None | rows=[24] | cols=[17] | col_header=False | row_header=False | metadata=False
Cell B26 | value='Q3' | fill=00000000 | rows=[25] | cols=[1] | col_header=False | row_header=False | metadata=False
Cell C26 | value='98.3' | fill=7 | rows=[25] | cols=[2] | col_header=False | row_header=False | metadata=False
Cell D26 | value='2.92' | fill=7 | rows=[25] | cols=[3] | col_header=False | row_header=False | metadata=False
Cell E26 | value='13.8' | fill=None | rows=[25] | cols=[4] | col_header=False | row_header=False | metadata=False
Cell F26 | value='0.26' | fill=None | rows=[25] | cols=[5] | col_header=False | row_header=False | metadata=False
Cell G26 | value='6.5' | fill=7 | rows=[25] | cols=[6] | col_header=False | row_header=False | metadata=False
Cell H26 | value='0.15' | fill=7 | rows=[25] | cols=[7] | col_header=False | row_header=False | metadata=False
Cell I26 | value='3.7' | fill=None | rows=[25] | cols=[8] | col_header=False | row_header=False | metadata=False
Cell J26 | value='0.1' | fill=None | rows=[25] | cols=[9] | col_header=False | row_header=False | metadata=False
Cell K26 | value='0.2' | fill=7 | rows=[25] | cols=[10] | col_header=False | row_header=False | metadata=False
Cell L26 | value='0.01' | fill=7 | rows=[25] | cols=[11] | col_header=False | row_header=False | metadata=False
Cell M26 | value='N/A' | fill=None | rows=[25] | cols=[12] | col_header=False | row_header=False | metadata=False
Cell N26 | value='N/A' | fill=None | rows=[25] | cols=[13] | col_header=False | row_header=False | metadata=False
Cell O26 | value='0.6' | fill=7 | rows=[25] | cols=[14] | col_header=False | row_header=False | metadata=False
Cell P26 | value='0' | fill=7 | rows=[25] | cols=[15] | col_header=False | row_header=False | metadata=False
Cell Q26 | value='0' | fill=None | rows=[25] | cols=[16] | col_header=False | row_header=False | metadata=False
Cell R26 | value='0' | fill=None | rows=[25] | cols=[17] | col_header=False | row_header=False | metadata=False
Cell B27 | value='Q4' | fill=00000000 | rows=[26] | cols=[1] | col_header=False | row_header=False | metadata=False
Cell C27 | value='101.1' | fill=7 | rows=[26] | cols=[2] | col_header=False | row_header=False | metadata=False
Cell D27 | value='3.03' | fill=7 | rows=[26] | cols=[3] | col_header=False | row_header=False | metadata=False
Cell E27 | value='17' | fill=None | rows=[26] | cols=[4] | col_header=False | row_header=False | metadata=False
Cell F27 | value='0.34' | fill=None | rows=[26] | cols=[5] | col_header=False | row_header=False | metadata=False
Cell G27 | value='6.1' | fill=7 | rows=[26] | cols=[6] | col_header=False | row_header=False | metadata=False
Cell H27 | value='0.14' | fill=7 | rows=[26] | cols=[7] | col_header=False | row_header=False | metadata=False
Cell I27 | value='3.6' | fill=None | rows=[26] | cols=[8] | col_header=False | row_header=False | metadata=False
Cell J27 | value='0.09' | fill=None | rows=[26] | cols=[9] | col_header=False | row_header=False | metadata=False
Cell K27 | value='0.2' | fill=7 | rows=[26] | cols=[10] | col_header=False | row_header=False | metadata=False
Cell L27 | value='0.01' | fill=7 | rows=[26] | cols=[11] | col_header=False | row_header=False | metadata=False
Cell M27 | value='N/A' | fill=None | rows=[26] | cols=[12] | col_header=False | row_header=False | metadata=False
Cell N27 | value='N/A' | fill=None | rows=[26] | cols=[13] | col_header=False | row_header=False | metadata=False
Cell O27 | value='0.4' | fill=7 | rows=[26] | cols=[14] | col_header=False | row_header=False | metadata=False
Cell P27 | value='0' | fill=7 | rows=[26] | cols=[15] | col_header=False | row_header=False | metadata=False
Cell Q27 | value='0' | fill=None | rows=[26] | cols=[16] | col_header=False | row_header=False | metadata=False
Cell R27 | value='0' | fill=None | rows=[26] | cols=[17] | col_header=False | row_header=False | metadata=False
Cell A28 | value='2020' | fill=00000000 | rows=[27, 28, 29, 30] | cols=[0] | col_header=False | row_header=False | metadata=False
Cell B28 | value='Q1' | fill=00000000 | rows=[27] | cols=[1] | col_header=False | row_header=False | metadata=False
Cell C28 | value='97.9' | fill=7 | rows=[27] | cols=[2] | col_header=False | row_header=False | metadata=False
Cell D28 | value='2.92' | fill=7 | rows=[27] | cols=[3] | col_header=False | row_header=False | metadata=False
Cell E28 | value='6.6' | fill=None | rows=[27] | cols=[4] | col_header=False | row_header=False | metadata=False
Cell F28 | value='0.16' | fill=None | rows=[27] | cols=[5] | col_header=False | row_header=False | metadata=False
Cell G28 | value='6.1' | fill=7 | rows=[27] | cols=[6] | col_header=False | row_header=False | metadata=False
Cell H28 | value='0.14' | fill=7 | rows=[27] | cols=[7] | col_header=False | row_header=False | metadata=False
Cell I28 | value='3.5' | fill=None | rows=[27] | cols=[8] | col_header=False | row_header=False | metadata=False
Cell J28 | value='0.09' | fill=None | rows=[27] | cols=[9] | col_header=False | row_header=False | metadata=False
Cell K28 | value='0.2' | fill=7 | rows=[27] | cols=[10] | col_header=False | row_header=False | metadata=False
Cell L28 | value='0.01' | fill=7 | rows=[27] | cols=[11] | col_header=False | row_header=False | metadata=False
Cell M28 | value='0.1' | fill=None | rows=[27] | cols=[12] | col_header=False | row_header=False | metadata=False
Cell N28 | value='0' | fill=None | rows=[27] | cols=[13] | col_header=False | row_header=False | metadata=False
Cell O28 | value='0.5' | fill=7 | rows=[27] | cols=[14] | col_header=False | row_header=False | metadata=False
Cell P28 | value='0' | fill=7 | rows=[27] | cols=[15] | col_header=False | row_header=False | metadata=False
Cell Q28 | value='0' | fill=None | rows=[27] | cols=[16] | col_header=False | row_header=False | metadata=False
Cell R28 | value='0' | fill=None | rows=[27] | cols=[17] | col_header=False | row_header=False | metadata=False
Cell B29 | value='Q2*' | fill=00000000 | rows=[28] | cols=[1] | col_header=False | row_header=False | metadata=False
Cell C29 | value='115.7' | fill=7 | rows=[28] | cols=[2] | col_header=False | row_header=False | metadata=False
Cell D29 | value='3.21' | fill=7 | rows=[28] | cols=[3] | col_header=False | row_header=False | metadata=False
Cell E29 | value='6.6' | fill=None | rows=[28] | cols=[4] | col_header=False | row_header=False | metadata=False
Cell F29 | value='0.17' | fill=None | rows=[28] | cols=[5] | col_header=False | row_header=False | metadata=False
Cell G29 | value='6.9' | fill=7 | rows=[28] | cols=[6] | col_header=False | row_header=False | metadata=False
Cell H29 | value='0.16' | fill=7 | rows=[28] | cols=[7] | col_header=False | row_header=False | metadata=False
Cell I29 | value='3.5' | fill=None | rows=[28] | cols=[8] | col_header=False | row_header=False | metadata=False
Cell J29 | value='0.09' | fill=None | rows=[28] | cols=[9] | col_header=False | row_header=False | metadata=False
Cell K29 | value='0.2' | fill=7 | rows=[28] | cols=[10] | col_header=False | row_header=False | metadata=False
Cell L29 | value='0.01' | fill=7 | rows=[28] | cols=[11] | col_header=False | row_header=False | metadata=False
Cell M29 | value='0.2' | fill=None | rows=[28] | cols=[12] | col_header=False | row_header=False | metadata=False
Cell N29 | value='0' | fill=None | rows=[28] | cols=[13] | col_header=False | row_header=False | metadata=False
Cell O29 | value='0.6' | fill=7 | rows=[28] | cols=[14] | col_header=False | row_header=False | metadata=False
Cell P29 | value='0' | fill=7 | rows=[28] | cols=[15] | col_header=False | row_header=False | metadata=False
Cell Q29 | value='0' | fill=None | rows=[28] | cols=[16] | col_header=False | row_header=False | metadata=False
Cell R29 | value='0' | fill=None | rows=[28] | cols=[17] | col_header=False | row_header=False | metadata=False
Cell B30 | value='Q3*' | fill=00000000 | rows=[29] | cols=[1] | col_header=False | row_header=False | metadata=False
Cell C30 | value='101' | fill=7 | rows=[29] | cols=[2] | col_header=False | row_header=False | metadata=False
Cell D30 | value='2.865' | fill=7 | rows=[29] | cols=[3] | col_header=False | row_header=False | metadata=False
Cell E30 | value='9.77' | fill=None | rows=[29] | cols=[4] | col_header=False | row_header=False | metadata=False
Cell F30 | value='0.194' | fill=None | rows=[29] | cols=[5] | col_header=False | row_header=False | metadata=False
Cell G30 | value='0.005' | fill=7 | rows=[29] | cols=[6] | col_header=False | row_header=False | metadata=False
Cell H30 | value='0' | fill=7 | rows=[29] | cols=[7] | col_header=False | row_header=False | metadata=False
Cell I30 | value='0.005' | fill=None | rows=[29] | cols=[8] | col_header=False | row_header=False | metadata=False
Cell J30 | value='0' | fill=None | rows=[29] | cols=[9] | col_header=False | row_header=False | metadata=False
Cell K30 | value='0' | fill=7 | rows=[29] | cols=[10] | col_header=False | row_header=False | metadata=False
Cell L30 | value='0' | fill=7 | rows=[29] | cols=[11] | col_header=False | row_header=False | metadata=False
Cell M30 | value='0' | fill=None | rows=[29] | cols=[12] | col_header=False | row_header=False | metadata=False
Cell N30 | value='0' | fill=None | rows=[29] | cols=[13] | col_header=False | row_header=False | metadata=False
Cell O30 | value='0.188' | fill=7 | rows=[29] | cols=[14] | col_header=False | row_header=False | metadata=False
Cell P30 | value='0' | fill=7 | rows=[29] | cols=[15] | col_header=False | row_header=False | metadata=False
Cell Q30 | value='0.04' | fill=None | rows=[29] | cols=[16] | col_header=False | row_header=False | metadata=False
Cell R30 | value='0' | fill=None | rows=[29] | cols=[17] | col_header=False | row_header=False | metadata=False
Cell B31 | value='Q4*' | fill=00000000 | rows=[30] | cols=[1] | col_header=False | row_header=False | metadata=False
Cell C31 | value='102.3' | fill=7 | rows=[30] | cols=[2] | col_header=False | row_header=False | metadata=False
Cell D31 | value='2.95' | fill=7 | rows=[30] | cols=[3] | col_header=False | row_header=False | metadata=False
Cell E31 | value='12' | fill=00000000 | rows=[30] | cols=[4] | col_header=False | row_header=False | metadata=False
Cell F31 | value='0.25' | fill=00000000 | rows=[30] | cols=[5] | col_header=False | row_header=False | metadata=False
Cell G31 | value='0' | fill=7 | rows=[30] | cols=[6] | col_header=False | row_header=False | metadata=False
Cell H31 | value='0' | fill=7 | rows=[30] | cols=[7] | col_header=False | row_header=False | metadata=False
Cell I31 | value='0' | fill=00000000 | rows=[30] | cols=[8] | col_header=False | row_header=False | metadata=False
Cell J31 | value='0' | fill=None | rows=[30] | cols=[9] | col_header=False | row_header=False | metadata=False
Cell K31 | value='0' | fill=7 | rows=[30] | cols=[10] | col_header=False | row_header=False | metadata=False
Cell L31 | value='0' | fill=7 | rows=[30] | cols=[11] | col_header=False | row_header=False | metadata=False
Cell M31 | value='0' | fill=00000000 | rows=[30] | cols=[12] | col_header=False | row_header=False | metadata=False
Cell N31 | value='0' | fill=None | rows=[30] | cols=[13] | col_header=False | row_header=False | metadata=False
Cell O31 | value='0.1' | fill=7 | rows=[30] | cols=[14] | col_header=False | row_header=False | metadata=False
Cell P31 | value='0' | fill=7 | rows=[30] | cols=[15] | col_header=False | row_header=False | metadata=False
Cell Q31 | value='0' | fill=None | rows=[30] | cols=[16] | col_header=False | row_header=False | metadata=False
Cell R31 | value='0' | fill=None | rows=[30] | cols=[17] | col_header=False | row_header=False | metadata=False
Cell A32 | value='2021' | fill=00000000 | rows=[31, 32, 33, 34] | cols=[0] | col_header=False | row_header=False | metadata=False
Cell B32 | value='Q1*' | fill=00000000 | rows=[31] | cols=[1] | col_header=False | row_header=False | metadata=False
Cell C32 | value='100.2' | fill=7 | rows=[31] | cols=[2] | col_header=False | row_header=False | metadata=False
Cell D32 | value='2.91' | fill=7 | rows=[31] | cols=[3] | col_header=False | row_header=False | metadata=False
Cell E32 | value='4.8' | fill=00000000 | rows=[31] | cols=[4] | col_header=False | row_header=False | metadata=False
Cell F32 | value='0.12' | fill=00000000 | rows=[31] | cols=[5] | col_header=False | row_header=False | metadata=False
Cell G32 | value='0' | fill=7 | rows=[31] | cols=[6] | col_header=False | row_header=False | metadata=False
Cell H32 | value='0' | fill=7 | rows=[31] | cols=[7] | col_header=False | row_header=False | metadata=False
Cell I32 | value='0' | fill=00000000 | rows=[31] | cols=[8] | col_header=False | row_header=False | metadata=False
Cell J32 | value='0' | fill=None | rows=[31] | cols=[9] | col_header=False | row_header=False | metadata=False
Cell K32 | value='0' | fill=7 | rows=[31] | cols=[10] | col_header=False | row_header=False | metadata=False
Cell L32 | value='0' | fill=7 | rows=[31] | cols=[11] | col_header=False | row_header=False | metadata=False
Cell M32 | value='0' | fill=00000000 | rows=[31] | cols=[12] | col_header=False | row_header=False | metadata=False
Cell N32 | value='0' | fill=None | rows=[31] | cols=[13] | col_header=False | row_header=False | metadata=False
Cell O32 | value='0.1' | fill=7 | rows=[31] | cols=[14] | col_header=False | row_header=False | metadata=False
Cell P32 | value='0' | fill=7 | rows=[31] | cols=[15] | col_header=False | row_header=False | metadata=False
Cell Q32 | value='0' | fill=None | rows=[31] | cols=[16] | col_header=False | row_header=False | metadata=False
Cell R32 | value='0' | fill=None | rows=[31] | cols=[17] | col_header=False | row_header=False | metadata=False
Cell B33 | value='Q2*' | fill=00000000 | rows=[32] | cols=[1] | col_header=False | row_header=False | metadata=False
Cell C33 | value='115.2' | fill=7 | rows=[32] | cols=[2] | col_header=False | row_header=False | metadata=False
Cell D33 | value='3.17' | fill=7 | rows=[32] | cols=[3] | col_header=False | row_header=False | metadata=False
Cell E33 | value='4.7' | fill=00000000 | rows=[32] | cols=[4] | col_header=False | row_header=False | metadata=False
Cell F33 | value='0.13' | fill=00000000 | rows=[32] | cols=[5] | col_header=False | row_header=False | metadata=False
Cell G33 | value='0' | fill=7 | rows=[32] | cols=[6] | col_header=False | row_header=False | metadata=False
Cell H33 | value='0' | fill=7 | rows=[32] | cols=[7] | col_header=False | row_header=False | metadata=False
Cell I33 | value='0' | fill=00000000 | rows=[32] | cols=[8] | col_header=False | row_header=False | metadata=False
Cell J33 | value='0' | fill=None | rows=[32] | cols=[9] | col_header=False | row_header=False | metadata=False
Cell K33 | value='0' | fill=7 | rows=[32] | cols=[10] | col_header=False | row_header=False | metadata=False
Cell L33 | value='0' | fill=7 | rows=[32] | cols=[11] | col_header=False | row_header=False | metadata=False
Cell M33 | value='0' | fill=00000000 | rows=[32] | cols=[12] | col_header=False | row_header=False | metadata=False
Cell N33 | value='0' | fill=None | rows=[32] | cols=[13] | col_header=False | row_header=False | metadata=False
Cell O33 | value='0.1' | fill=7 | rows=[32] | cols=[14] | col_header=False | row_header=False | metadata=False
Cell P33 | value='0' | fill=7 | rows=[32] | cols=[15] | col_header=False | row_header=False | metadata=False
Cell Q33 | value='0' | fill=None | rows=[32] | cols=[16] | col_header=False | row_header=False | metadata=False
Cell R33 | value='0' | fill=None | rows=[32] | cols=[17] | col_header=False | row_header=False | metadata=False
Cell B34 | value='Q3*' | fill=00000000 | rows=[33] | cols=[1] | col_header=False | row_header=False | metadata=False
Cell C34 | value='99.1' | fill=7 | rows=[33] | cols=[2] | col_header=False | row_header=False | metadata=False
Cell D34 | value='2.79' | fill=7 | rows=[33] | cols=[3] | col_header=False | row_header=False | metadata=False
Cell E34 | value='9.6' | fill=00000000 | rows=[33] | cols=[4] | col_header=False | row_header=False | metadata=False
Cell F34 | value='0.19' | fill=00000000 | rows=[33] | cols=[5] | col_header=False | row_header=False | metadata=False
Cell G34 | value='0.01' | fill=7 | rows=[33] | cols=[6] | col_header=False | row_header=False | metadata=False
Cell H34 | value='0' | fill=7 | rows=[33] | cols=[7] | col_header=False | row_header=False | metadata=False
Cell I34 | value='0' | fill=00000000 | rows=[33] | cols=[8] | col_header=False | row_header=False | metadata=False
Cell J34 | value='0' | fill=None | rows=[33] | cols=[9] | col_header=False | row_header=False | metadata=False
Cell K34 | value='0' | fill=7 | rows=[33] | cols=[10] | col_header=False | row_header=False | metadata=False
Cell L34 | value='0' | fill=7 | rows=[33] | cols=[11] | col_header=False | row_header=False | metadata=False
Cell M34 | value='0' | fill=00000000 | rows=[33] | cols=[12] | col_header=False | row_header=False | metadata=False
Cell N34 | value='0' | fill=00000000 | rows=[33] | cols=[13] | col_header=False | row_header=False | metadata=False
Cell O34 | value='0.1' | fill=7 | rows=[33] | cols=[14] | col_header=False | row_header=False | metadata=False
Cell P34 | value='0' | fill=7 | rows=[33] | cols=[15] | col_header=False | row_header=False | metadata=False
Cell Q34 | value='0' | fill=None | rows=[33] | cols=[16] | col_header=False | row_header=False | metadata=False
Cell R34 | value='0' | fill=00000000 | rows=[33] | cols=[17] | col_header=False | row_header=False | metadata=False
Cell B35 | value='Q4*' | fill=00000000 | rows=[34] | cols=[1] | col_header=False | row_header=False | metadata=False
Cell C35 | value='101.1' | fill=7 | rows=[34] | cols=[2] | col_header=False | row_header=False | metadata=False
Cell D35 | value='2.9' | fill=7 | rows=[34] | cols=[3] | col_header=False | row_header=False | metadata=False
Cell E35 | value='11.7' | fill=00000000 | rows=[34] | cols=[4] | col_header=False | row_header=False | metadata=False
Cell F35 | value='0.24' | fill=00000000 | rows=[34] | cols=[5] | col_header=False | row_header=False | metadata=False
Cell G35 | value='0.01' | fill=7 | rows=[34] | cols=[6] | col_header=False | row_header=False | metadata=False
Cell H35 | value='0' | fill=7 | rows=[34] | cols=[7] | col_header=False | row_header=False | metadata=False
Cell I35 | value='0' | fill=00000000 | rows=[34] | cols=[8] | col_header=False | row_header=False | metadata=False
Cell J35 | value='0' | fill=None | rows=[34] | cols=[9] | col_header=False | row_header=False | metadata=False
Cell K35 | value='0' | fill=7 | rows=[34] | cols=[10] | col_header=False | row_header=False | metadata=False
Cell L35 | value='0' | fill=7 | rows=[34] | cols=[11] | col_header=False | row_header=False | metadata=False
Cell M35 | value='0' | fill=00000000 | rows=[34] | cols=[12] | col_header=False | row_header=False | metadata=False
Cell N35 | value='0' | fill=00000000 | rows=[34] | cols=[13] | col_header=False | row_header=False | metadata=False
Cell O35 | value='0.1' | fill=7 | rows=[34] | cols=[14] | col_header=False | row_header=False | metadata=False
Cell P35 | value='0' | fill=7 | rows=[34] | cols=[15] | col_header=False | row_header=False | metadata=False
Cell Q35 | value='0.1' | fill=None | rows=[34] | cols=[16] | col_header=False | row_header=False | metadata=False
Cell R35 | value='0' | fill=00000000 | rows=[34] | cols=[17] | col_header=False | row_header=False | metadata=False
Cell A36 | value='2022' | fill=00000000 | rows=[35, 36, 37, 38] | cols=[0] | col_header=False | row_header=False | metadata=False
Cell B36 | value='Q1*' | fill=00000000 | rows=[35] | cols=[1] | col_header=False | row_header=False | metadata=False
Cell C36 | value='95.1' | fill=7 | rows=[35] | cols=[2] | col_header=False | row_header=False | metadata=False
Cell D36 | value='2.75' | fill=7 | rows=[35] | cols=[3] | col_header=False | row_header=False | metadata=False
Cell E36 | value='5.05' | fill=00000000 | rows=[35] | cols=[4] | col_header=False | row_header=False | metadata=False
Cell F36 | value='0.13' | fill=00000000 | rows=[35] | cols=[5] | col_header=False | row_header=False | metadata=False
Cell G36 | value='0' | fill=7 | rows=[35] | cols=[6] | col_header=False | row_header=False | metadata=False
Cell H36 | value='0' | fill=7 | rows=[35] | cols=[7] | col_header=False | row_header=False | metadata=False
Cell I36 | value='0' | fill=00000000 | rows=[35] | cols=[8] | col_header=False | row_header=False | metadata=False
Cell J36 | value='0' | fill=None | rows=[35] | cols=[9] | col_header=False | row_header=False | metadata=False
Cell K36 | value='0' | fill=7 | rows=[35] | cols=[10] | col_header=False | row_header=False | metadata=False
Cell L36 | value='0' | fill=7 | rows=[35] | cols=[11] | col_header=False | row_header=False | metadata=False
Cell M36 | value='0' | fill=00000000 | rows=[35] | cols=[12] | col_header=False | row_header=False | metadata=False
Cell N36 | value='0' | fill=00000000 | rows=[35] | cols=[13] | col_header=False | row_header=False | metadata=False
Cell O36 | value='0' | fill=7 | rows=[35] | cols=[14] | col_header=False | row_header=False | metadata=False
Cell P36 | value='0' | fill=7 | rows=[35] | cols=[15] | col_header=False | row_header=False | metadata=False
Cell Q36 | value='0.3' | fill=None | rows=[35] | cols=[16] | col_header=False | row_header=False | metadata=False
Cell R36 | value='0' | fill=00000000 | rows=[35] | cols=[17] | col_header=False | row_header=False | metadata=False
Cell B37 | value='Q2*' | fill=00000000 | rows=[36] | cols=[1] | col_header=False | row_header=False | metadata=False
Cell C37 | value='110.6' | fill=7 | rows=[36] | cols=[2] | col_header=False | row_header=False | metadata=False
Cell D37 | value='3' | fill=7 | rows=[36] | cols=[3] | col_header=False | row_header=False | metadata=False
Cell E37 | value='4.3' | fill=00000000 | rows=[36] | cols=[4] | col_header=False | row_header=False | metadata=False
Cell F37 | value='0.12' | fill=00000000 | rows=[36] | cols=[5] | col_header=False | row_header=False | metadata=False
Cell G37 | value='0' | fill=7 | rows=[36] | cols=[6] | col_header=False | row_header=False | metadata=False
Cell H37 | value='0' | fill=7 | rows=[36] | cols=[7] | col_header=False | row_header=False | metadata=False
Cell I37 | value='0' | fill=00000000 | rows=[36] | cols=[8] | col_header=False | row_header=False | metadata=False
Cell J37 | value='0' | fill=00000000 | rows=[36] | cols=[9] | col_header=False | row_header=False | metadata=False
Cell K37 | value='0' | fill=7 | rows=[36] | cols=[10] | col_header=False | row_header=False | metadata=False
Cell L37 | value='0' | fill=7 | rows=[36] | cols=[11] | col_header=False | row_header=False | metadata=False
Cell M37 | value='0' | fill=00000000 | rows=[36] | cols=[12] | col_header=False | row_header=False | metadata=False
Cell N37 | value='0' | fill=00000000 | rows=[36] | cols=[13] | col_header=False | row_header=False | metadata=False
Cell O37 | value='0.1' | fill=7 | rows=[36] | cols=[14] | col_header=False | row_header=False | metadata=False
Cell P37 | value='0' | fill=7 | rows=[36] | cols=[15] | col_header=False | row_header=False | metadata=False
Cell Q37 | value='0' | fill=None | rows=[36] | cols=[16] | col_header=False | row_header=False | metadata=False
Cell R37 | value='0' | fill=00000000 | rows=[36] | cols=[17] | col_header=False | row_header=False | metadata=False
Cell B38 | value='Q3*' | fill=00000000 | rows=[37] | cols=[1] | col_header=False | row_header=False | metadata=False
Cell C38 | value='96.4' | fill=7 | rows=[37] | cols=[2] | col_header=False | row_header=False | metadata=False
Cell D38 | value='2.67' | fill=7 | rows=[37] | cols=[3] | col_header=False | row_header=False | metadata=False
Cell E38 | value='9.1' | fill=00000000 | rows=[37] | cols=[4] | col_header=False | row_header=False | metadata=False
Cell F38 | value='0.19' | fill=00000000 | rows=[37] | cols=[5] | col_header=False | row_header=False | metadata=False
Cell G38 | value='0' | fill=7 | rows=[37] | cols=[6] | col_header=False | row_header=False | metadata=False
Cell H38 | value='0' | fill=7 | rows=[37] | cols=[7] | col_header=False | row_header=False | metadata=False
Cell I38 | value='0' | fill=00000000 | rows=[37] | cols=[8] | col_header=False | row_header=False | metadata=False
Cell J38 | value='0' | fill=00000000 | rows=[37] | cols=[9] | col_header=False | row_header=False | metadata=False
Cell K38 | value='0' | fill=7 | rows=[37] | cols=[10] | col_header=False | row_header=False | metadata=False
Cell L38 | value='0' | fill=7 | rows=[37] | cols=[11] | col_header=False | row_header=False | metadata=False
Cell M38 | value='0' | fill=00000000 | rows=[37] | cols=[12] | col_header=False | row_header=False | metadata=False
Cell N38 | value='0' | fill=00000000 | rows=[37] | cols=[13] | col_header=False | row_header=False | metadata=False
Cell O38 | value='0.1' | fill=7 | rows=[37] | cols=[14] | col_header=False | row_header=False | metadata=False
Cell P38 | value='0' | fill=7 | rows=[37] | cols=[15] | col_header=False | row_header=False | metadata=False
Cell Q38 | value='0' | fill=None | rows=[37] | cols=[16] | col_header=False | row_header=False | metadata=False
Cell R38 | value='0' | fill=00000000 | rows=[37] | cols=[17] | col_header=False | row_header=False | metadata=False
Cell B39 | value='Q4*' | fill=00000000 | rows=[38] | cols=[1] | col_header=False | row_header=False | metadata=False
Cell C39 | value='98.3' | fill=7 | rows=[38] | cols=[2] | col_header=False | row_header=False | metadata=False
Cell D39 | value='2.76' | fill=7 | rows=[38] | cols=[3] | col_header=False | row_header=False | metadata=False
Cell E39 | value='11.2' | fill=00000000 | rows=[38] | cols=[4] | col_header=False | row_header=False | metadata=False
Cell F39 | value='0.22' | fill=00000000 | rows=[38] | cols=[5] | col_header=False | row_header=False | metadata=False
Cell G39 | value='0' | fill=7 | rows=[38] | cols=[6] | col_header=False | row_header=False | metadata=False
Cell H39 | value='0' | fill=7 | rows=[38] | cols=[7] | col_header=False | row_header=False | metadata=False
Cell I39 | value='0' | fill=00000000 | rows=[38] | cols=[8] | col_header=False | row_header=False | metadata=False
Cell J39 | value='0' | fill=00000000 | rows=[38] | cols=[9] | col_header=False | row_header=False | metadata=False
Cell K39 | value='0' | fill=7 | rows=[38] | cols=[10] | col_header=False | row_header=False | metadata=False
Cell L39 | value='0' | fill=7 | rows=[38] | cols=[11] | col_header=False | row_header=False | metadata=False
Cell M39 | value='0' | fill=00000000 | rows=[38] | cols=[12] | col_header=False | row_header=False | metadata=False
Cell N39 | value='0' | fill=00000000 | rows=[38] | cols=[13] | col_header=False | row_header=False | metadata=False
Cell O39 | value='0' | fill=7 | rows=[38] | cols=[14] | col_header=False | row_header=False | metadata=False
Cell P39 | value='0' | fill=7 | rows=[38] | cols=[15] | col_header=False | row_header=False | metadata=False
Cell Q39 | value='0' | fill=None | rows=[38] | cols=[16] | col_header=False | row_header=False | metadata=False
Cell R39 | value='0' | fill=00000000 | rows=[38] | cols=[17] | col_header=False | row_header=False | metadata=False
Cell A40 | value='2023' | fill=00000000 | rows=[39, 40, 41, 42] | cols=[0] | col_header=False | row_header=False | metadata=False
Cell B40 | value='Q1*' | fill=00000000 | rows=[39] | cols=[1] | col_header=False | row_header=False | metadata=False
Cell C40 | value='93.1' | fill=7 | rows=[39] | cols=[2] | col_header=False | row_header=False | metadata=False
Cell D40 | value='2.68' | fill=7 | rows=[39] | cols=[3] | col_header=False | row_header=False | metadata=False
Cell E40 | value='4.8' | fill=00000000 | rows=[39] | cols=[4] | col_header=False | row_header=False | metadata=False
Cell F40 | value='0.12' | fill=00000000 | rows=[39] | cols=[5] | col_header=False | row_header=False | metadata=False
Cell G40 | value='0' | fill=7 | rows=[39] | cols=[6] | col_header=False | row_header=False | metadata=False
Cell H40 | value='0' | fill=7 | rows=[39] | cols=[7] | col_header=False | row_header=False | metadata=False
Cell I40 | value='0' | fill=00000000 | rows=[39] | cols=[8] | col_header=False | row_header=False | metadata=False
Cell J40 | value='0' | fill=00000000 | rows=[39] | cols=[9] | col_header=False | row_header=False | metadata=False
Cell K40 | value='0' | fill=7 | rows=[39] | cols=[10] | col_header=False | row_header=False | metadata=False
Cell L40 | value='0' | fill=7 | rows=[39] | cols=[11] | col_header=False | row_header=False | metadata=False
Cell M40 | value='0' | fill=00000000 | rows=[39] | cols=[12] | col_header=False | row_header=False | metadata=False
Cell N40 | value='0' | fill=00000000 | rows=[39] | cols=[13] | col_header=False | row_header=False | metadata=False
Cell O40 | value='0' | fill=7 | rows=[39] | cols=[14] | col_header=False | row_header=False | metadata=False
Cell P40 | value='0' | fill=7 | rows=[39] | cols=[15] | col_header=False | row_header=False | metadata=False
Cell Q40 | value='0' | fill=None | rows=[39] | cols=[16] | col_header=False | row_header=False | metadata=False
Cell R40 | value='0' | fill=00000000 | rows=[39] | cols=[17] | col_header=False | row_header=False | metadata=False
Cell B41 | value='Q2*' | fill=00000000 | rows=[40] | cols=[1] | col_header=False | row_header=False | metadata=False
Cell C41 | value='109.5' | fill=7 | rows=[40] | cols=[2] | col_header=False | row_header=False | metadata=False
Cell D41 | value='2.95' | fill=7 | rows=[40] | cols=[3] | col_header=False | row_header=False | metadata=False
Cell E41 | value='4.3' | fill=00000000 | rows=[40] | cols=[4] | col_header=False | row_header=False | metadata=False
Cell F41 | value='0.11' | fill=00000000 | rows=[40] | cols=[5] | col_header=False | row_header=False | metadata=False
Cell G41 | value='0' | fill=7 | rows=[40] | cols=[6] | col_header=False | row_header=False | metadata=False
Cell H41 | value='0' | fill=7 | rows=[40] | cols=[7] | col_header=False | row_header=False | metadata=False
Cell I41 | value='0' | fill=00000000 | rows=[40] | cols=[8] | col_header=False | row_header=False | metadata=False
Cell J41 | value='0' | fill=00000000 | rows=[40] | cols=[9] | col_header=False | row_header=False | metadata=False
Cell K41 | value='0' | fill=7 | rows=[40] | cols=[10] | col_header=False | row_header=False | metadata=False
Cell L41 | value='0' | fill=7 | rows=[40] | cols=[11] | col_header=False | row_header=False | metadata=False
Cell M41 | value='0' | fill=00000000 | rows=[40] | cols=[12] | col_header=False | row_header=False | metadata=False
Cell N41 | value='0' | fill=00000000 | rows=[40] | cols=[13] | col_header=False | row_header=False | metadata=False
Cell O41 | value='0' | fill=7 | rows=[40] | cols=[14] | col_header=False | row_header=False | metadata=False
Cell P41 | value='0' | fill=7 | rows=[40] | cols=[15] | col_header=False | row_header=False | metadata=False
Cell Q41 | value='0' | fill=None | rows=[40] | cols=[16] | col_header=False | row_header=False | metadata=False
Cell R41 | value='0' | fill=00000000 | rows=[40] | cols=[17] | col_header=False | row_header=False | metadata=False
Cell B42 | value='Q3*' | fill=00000000 | rows=[41] | cols=[1] | col_header=False | row_header=False | metadata=False
Cell C42 | value='95.4' | fill=7 | rows=[41] | cols=[2] | col_header=False | row_header=False | metadata=False
Cell D42 | value='2.63' | fill=7 | rows=[41] | cols=[3] | col_header=False | row_header=False | metadata=False
Cell E42 | value='6.9' | fill=00000000 | rows=[41] | cols=[4] | col_header=False | row_header=False | metadata=False
Cell F42 | value='0.14' | fill=00000000 | rows=[41] | cols=[5] | col_header=False | row_header=False | metadata=False
Cell G42 | value='0' | fill=7 | rows=[41] | cols=[6] | col_header=False | row_header=False | metadata=False
Cell H42 | value='0' | fill=7 | rows=[41] | cols=[7] | col_header=False | row_header=False | metadata=False
Cell I42 | value='0' | fill=00000000 | rows=[41] | cols=[8] | col_header=False | row_header=False | metadata=False
Cell J42 | value='0' | fill=00000000 | rows=[41] | cols=[9] | col_header=False | row_header=False | metadata=False
Cell K42 | value='0' | fill=7 | rows=[41] | cols=[10] | col_header=False | row_header=False | metadata=False
Cell L42 | value='0' | fill=7 | rows=[41] | cols=[11] | col_header=False | row_header=False | metadata=False
Cell M42 | value='0' | fill=00000000 | rows=[41] | cols=[12] | col_header=False | row_header=False | metadata=False
Cell N42 | value='0' | fill=00000000 | rows=[41] | cols=[13] | col_header=False | row_header=False | metadata=False
Cell O42 | value='0.1' | fill=7 | rows=[41] | cols=[14] | col_header=False | row_header=False | metadata=False
Cell P42 | value='0' | fill=7 | rows=[41] | cols=[15] | col_header=False | row_header=False | metadata=False
Cell Q42 | value='0' | fill=None | rows=[41] | cols=[16] | col_header=False | row_header=False | metadata=False
Cell R42 | value='0' | fill=00000000 | rows=[41] | cols=[17] | col_header=False | row_header=False | metadata=False
Cell B43 | value='Q4' | fill=00000000 | rows=[42] | cols=[1] | col_header=False | row_header=False | metadata=False
Cell C43 | value='94.8' | fill=7 | rows=[42] | cols=[2] | col_header=False | row_header=False | metadata=False
Cell D43 | value='2.67' | fill=7 | rows=[42] | cols=[3] | col_header=False | row_header=False | metadata=False
Cell E43 | value='14.6' | fill=00000000 | rows=[42] | cols=[4] | col_header=False | row_header=False | metadata=False
Cell F43 | value='0.28' | fill=00000000 | rows=[42] | cols=[5] | col_header=False | row_header=False | metadata=False
Cell G43 | value='1.1' | fill=7 | rows=[42] | cols=[6] | col_header=False | row_header=False | metadata=False
Cell H43 | value='0.02' | fill=7 | rows=[42] | cols=[7] | col_header=False | row_header=False | metadata=False
Cell I43 | value='0.2' | fill=00000000 | rows=[42] | cols=[8] | col_header=False | row_header=False | metadata=False
Cell J43 | value='0' | fill=00000000 | rows=[42] | cols=[9] | col_header=False | row_header=False | metadata=False
Cell K43 | value='0' | fill=7 | rows=[42] | cols=[10] | col_header=False | row_header=False | metadata=False
Cell L43 | value='0' | fill=7 | rows=[42] | cols=[11] | col_header=False | row_header=False | metadata=False
Cell M43 | value='0.2' | fill=00000000 | rows=[42] | cols=[12] | col_header=False | row_header=False | metadata=False
Cell N43 | value='0' | fill=00000000 | rows=[42] | cols=[13] | col_header=False | row_header=False | metadata=False
Cell O43 | value='0.1' | fill=7 | rows=[42] | cols=[14] | col_header=False | row_header=False | metadata=False
Cell P43 | value='0' | fill=7 | rows=[42] | cols=[15] | col_header=False | row_header=False | metadata=False
Cell Q43 | value='0.2' | fill=None | rows=[42] | cols=[16] | col_header=False | row_header=False | metadata=False
Cell R43 | value='0.01' | fill=00000000 | rows=[42] | cols=[17] | col_header=False | row_header=False | metadata=False
Cell A44 | value='2024' | fill=00000000 | rows=[43, 44, 45] | cols=[0] | col_header=False | row_header=False | metadata=False
Cell B44 | value='Q1' | fill=00000000 | rows=[43] | cols=[1] | col_header=False | row_header=False | metadata=False
Cell C44 | value='97.7' | fill=7 | rows=[43] | cols=[2] | col_header=False | row_header=False | metadata=False
Cell D44 | value='2.77' | fill=7 | rows=[43] | cols=[3] | col_header=False | row_header=False | metadata=False
Cell E44 | value='7.2' | fill=00000000 | rows=[43] | cols=[4] | col_header=False | row_header=False | metadata=False
Cell F44 | value='0.16' | fill=00000000 | rows=[43] | cols=[5] | col_header=False | row_header=False | metadata=False
Cell G44 | value='4.9' | fill=7 | rows=[43] | cols=[6] | col_header=False | row_header=False | metadata=False
Cell H44 | value='0.1' | fill=7 | rows=[43] | cols=[7] | col_header=False | row_header=False | metadata=False
Cell I44 | value='0.5' | fill=00000000 | rows=[43] | cols=[8] | col_header=False | row_header=False | metadata=False
Cell J44 | value='0.01' | fill=00000000 | rows=[43] | cols=[9] | col_header=False | row_header=False | metadata=False
Cell K44 | value='0.1' | fill=7 | rows=[43] | cols=[10] | col_header=False | row_header=False | metadata=False
Cell L44 | value='0' | fill=7 | rows=[43] | cols=[11] | col_header=False | row_header=False | metadata=False
Cell M44 | value='0.3' | fill=00000000 | rows=[43] | cols=[12] | col_header=False | row_header=False | metadata=False
Cell N44 | value='0' | fill=00000000 | rows=[43] | cols=[13] | col_header=False | row_header=False | metadata=False
Cell O44 | value='0' | fill=7 | rows=[43] | cols=[14] | col_header=False | row_header=False | metadata=False
Cell P44 | value='0' | fill=7 | rows=[43] | cols=[15] | col_header=False | row_header=False | metadata=False
Cell Q44 | value='0' | fill=None | rows=[43] | cols=[16] | col_header=False | row_header=False | metadata=False
Cell R44 | value='0' | fill=00000000 | rows=[43] | cols=[17] | col_header=False | row_header=False | metadata=False
Cell B45 | value='Q2' | fill=00000000 | rows=[44] | cols=[1] | col_header=False | row_header=False | metadata=False
Cell C45 | value='117.8' | fill=7 | rows=[44] | cols=[2] | col_header=False | row_header=False | metadata=False
Cell D45 | value='3.05' | fill=7 | rows=[44] | cols=[3] | col_header=False | row_header=False | metadata=False
Cell E45 | value='6.1' | fill=00000000 | rows=[44] | cols=[4] | col_header=False | row_header=False | metadata=False
Cell F45 | value='0.15' | fill=00000000 | rows=[44] | cols=[5] | col_header=False | row_header=False | metadata=False
Cell G45 | value='6.4' | fill=7 | rows=[44] | cols=[6] | col_header=False | row_header=False | metadata=False
Cell H45 | value='0.14' | fill=7 | rows=[44] | cols=[7] | col_header=False | row_header=False | metadata=False
Cell I45 | value='1.3' | fill=00000000 | rows=[44] | cols=[8] | col_header=False | row_header=False | metadata=False
Cell J45 | value='0.03' | fill=00000000 | rows=[44] | cols=[9] | col_header=False | row_header=False | metadata=False
Cell K45 | value='0.1' | fill=7 | rows=[44] | cols=[10] | col_header=False | row_header=False | metadata=False
Cell L45 | value='0' | fill=7 | rows=[44] | cols=[11] | col_header=False | row_header=False | metadata=False
Cell M45 | value='0.4' | fill=00000000 | rows=[44] | cols=[12] | col_header=False | row_header=False | metadata=False
Cell N45 | value='0.01' | fill=00000000 | rows=[44] | cols=[13] | col_header=False | row_header=False | metadata=False
Cell O45 | value='0' | fill=7 | rows=[44] | cols=[14] | col_header=False | row_header=False | metadata=False
Cell P45 | value='0' | fill=7 | rows=[44] | cols=[15] | col_header=False | row_header=False | metadata=False
Cell Q45 | value='0' | fill=None | rows=[44] | cols=[16] | col_header=False | row_header=False | metadata=False
Cell R45 | value='0' | fill=00000000 | rows=[44] | cols=[17] | col_header=False | row_header=False | metadata=False
Cell B46 | value='Q3' | fill=00000000 | rows=[45] | cols=[1] | col_header=False | row_header=False | metadata=False
Cell C46 | value='104' | fill=7 | rows=[45] | cols=[2] | col_header=False | row_header=False | metadata=False
Cell D46 | value='2.74' | fill=7 | rows=[45] | cols=[3] | col_header=False | row_header=False | metadata=False
Cell E46 | value='14.8' | fill=00000000 | rows=[45] | cols=[4] | col_header=False | row_header=False | metadata=False
Cell F46 | value='0.25' | fill=00000000 | rows=[45] | cols=[5] | col_header=False | row_header=False | metadata=False
Cell G46 | value='6.5' | fill=7 | rows=[45] | cols=[6] | col_header=False | row_header=False | metadata=False
Cell H46 | value='0.14' | fill=7 | rows=[45] | cols=[7] | col_header=False | row_header=False | metadata=False
Cell I46 | value='2' | fill=00000000 | rows=[45] | cols=[8] | col_header=False | row_header=False | metadata=False
Cell J46 | value='0.05' | fill=00000000 | rows=[45] | cols=[9] | col_header=False | row_header=False | metadata=False
Cell K46 | value='0.1' | fill=7 | rows=[45] | cols=[10] | col_header=False | row_header=False | metadata=False
Cell L46 | value='0' | fill=7 | rows=[45] | cols=[11] | col_header=False | row_header=False | metadata=False
Cell M46 | value='0.5' | fill=00000000 | rows=[45] | cols=[12] | col_header=False | row_header=False | metadata=False
Cell N46 | value='0.01' | fill=00000000 | rows=[45] | cols=[13] | col_header=False | row_header=False | metadata=False
Cell O46 | value='0' | fill=7 | rows=[45] | cols=[14] | col_header=False | row_header=False | metadata=False
Cell P46 | value='0' | fill=7 | rows=[45] | cols=[15] | col_header=False | row_header=False | metadata=False
Cell Q46 | value='0' | fill=None | rows=[45] | cols=[16] | col_header=False | row_header=False | metadata=False
Cell R46 | value='0' | fill=00000000 | rows=[45] | cols=[17] | col_header=False | row_header=False | metadata=False
Cell A47 | value='*Changes to borrower accounts as a result of the administration’s executive action in late March 2020, and provisions in the CARES ACT, which was signed on March 27, 2020, are underrepresented in FY2020 Q2 due to the timing of this report. From FY2020 Q3 through FY2023 Q3, loans in non-school-related deferments were placed in a mandatory administrative forbearance as a result of the CARES Act.' | fill=FF00B0F0 | rows=[46] | cols=[0, 1, 2, 3, 4, 5, 6, 7, 8, 9, 10, 11, 12, 13, 14, 15, 16, 17] | col_header=False | row_header=False | metadata=True
Cell A49 | value='Notes:' | fill=FF00B0F0 | rows=[48] | cols=[0] | col_header=False | row_header=False | metadata=True
Cell A50 | value='Total deferment amounts may differ across portfolio reports due to rounding and the timing of the data runs.' | fill=FF00B0F0 | rows=[49] | cols=[0, 1, 2, 3, 4, 5, 6, 7, 8, 9, 10, 11, 12, 13, 14, 15, 16, 17] | col_header=False | row_header=False | metadata=True

