=== society-table46.xlsx ===
Cell D1 | value='Risk-Benefit Results' | fill=FF00B0F0 | rows=[0] | cols=[3] | col_header=False | row_header=False | metadata=True
Cell A2 | value='HIDDEN' | fill=FF00B0F0 | rows=[1] | cols=[0] | col_header=False | row_header=False | metadata=True
Cell A3 | value='Selected' | fill=FFFFFF00 | rows=[2] | cols=[0] | col_header=True | row_header=False | metadata=False
Cell B3 | value='Int#' | fill=FFFFFF00 | rows=[2] | cols=[1] | col_header=True | row_header=False | metadata=False
Cell C3 | value='Int# in LiST' | fill=FFFFFF00 | rows=[2] | cols=[2] | col_header=True | row_header=False | metadata=False
Cell H3 | value='Lives Saved through Mitigation Measures' | fill=FFFFFF00 | rows=[2] | cols=[7] | col_header=True | row_header=False | metadata=False
Cell I3 | value='Lives Lost through Added COVID Infections' | fill=FFFFFF00 | rows=[2] | cols=[8] | col_header=True | row_header=False | metadata=False
Cell J3 | value='Benefit-Risk Ratio' | fill=FFFFFF00 | rows=[2] | cols=[9] | col_header=True | row_header=False | metadata=False
Cell A4 | value='x' | fill=00000000 | rows=[3] | cols=[0] | col_header=False | row_header=False | metadata=False
Cell B4 | value='0' | fill=9 | rows=[3] | cols=[1] | col_header=False | row_header=False | metadata=False
Cell C4 | value='0' | fill=9 | rows=[3] | cols=[2] | col_header=False | row_header=False | metadata=False
Cell D4 | value='Family Planning' | fill=9 | rows=[3] | cols=[3] | col_header=False | row_header=False | metadata=False
Cell E4 | value='Contraceptive Use' | fill=9 | rows=[3] | cols=[4] | col_header=False | row_header=False | metadata=False
Cell H4 | value='7' | fill=00000000 | rows=[3] | cols=[7] | col_header=False | row_header=False | metadata=False
Cell I4 | value='-6.35338058257318' | fill=00000000 | rows=[3] | cols=[8] | col_header=False | row_header=False | metadata=False
Cell J4 | value='1.1017756466849231' | fill=00000000 | rows=[3] | cols=[9] | col_header=False | row_header=False | metadata=False
Cell A5 | value='x' | fill=00000000 | rows=[4] | cols=[0] | col_header=False | row_header=False | metadata=False
Cell B5 | value='9' | fill=5 | rows=[4] | cols=[1] | col_header=False | row_header=False | metadata=False
Cell C5 | value='14' | fill=5 | rows=[4] | cols=[2] | col_header=False | row_header=False | metadata=False
Cell D5 | value='Antenatal Care' | fill=5 | rows=[4, 5, 6, 7, 8, 9, 10, 11, 12, 13, 14, 15, 16] | cols=[3] | col_header=False | row_header=False | metadata=False
Cell E5 | value='Antenatal care (at least 1 visit)' | fill=5 | rows=[4] | cols=[4] | col_header=False | row_header=False | metadata=False
Cell H5 | value='0' | fill=00000000 | rows=[4] | cols=[7] | col_header=False | row_header=False | metadata=False
Cell I5 | value='-2.2800157013136' | fill=00000000 | rows=[4] | cols=[8] | col_header=False | row_header=False | metadata=False
Cell J5 | value='0' | fill=00000000 | rows=[4] | cols=[9] | col_header=False | row_header=False | metadata=False
Cell A6 | value='x' | fill=00000000 | rows=[5] | cols=[0] | col_header=False | row_header=False | metadata=False
Cell B6 | value='10' | fill=5 | rows=[5] | cols=[1] | col_header=False | row_header=False | metadata=False
Cell C6 | value='15' | fill=5 | rows=[5] | cols=[2] | col_header=False | row_header=False | metadata=False
Cell E6 | value='Antenatal care (at least 4 visits)' | fill=5 | rows=[5] | cols=[4] | col_header=False | row_header=False | metadata=False
Cell H6 | value='0' | fill=00000000 | rows=[5] | cols=[7] | col_header=False | row_header=False | metadata=False
Cell I6 | value='-10.036240628467' | fill=00000000 | rows=[5] | cols=[8] | col_header=False | row_header=False | metadata=False
Cell J6 | value='0' | fill=00000000 | rows=[5] | cols=[9] | col_header=False | row_header=False | metadata=False
Cell A7 | value='x' | fill=00000000 | rows=[6] | cols=[0] | col_header=False | row_header=False | metadata=False
Cell B7 | value='11' | fill=5 | rows=[6] | cols=[1] | col_header=False | row_header=False | metadata=False
Cell C7 | value='16' | fill=5 | rows=[6] | cols=[2] | col_header=False | row_header=False | metadata=False
Cell E7 | value='TT - Tetanus toxoid vaccination' | fill=5 | rows=[6] | cols=[4] | col_header=False | row_header=False | metadata=False
Cell H7 | value='81' | fill=7 | rows=[6] | cols=[7] | col_header=False | row_header=False | metadata=False
Cell I7 | value='-3.70335482961572' | fill=00000000 | rows=[6] | cols=[8] | col_header=False | row_header=False | metadata=False
Cell J7 | value='21.872060260670455' | fill=00000000 | rows=[6] | cols=[9] | col_header=False | row_header=False | metadata=False
Cell A8 | value='x' | fill=00000000 | rows=[7] | cols=[0] | col_header=False | row_header=False | metadata=False
Cell B8 | value='12' | fill=5 | rows=[7] | cols=[1] | col_header=False | row_header=False | metadata=False
Cell C8 | value='17' | fill=5 | rows=[7] | cols=[2] | col_header=False | row_header=False | metadata=False
Cell E8 | value='IPTp - Intermittent preventive treatment of malaria during pregnancy' | fill=5 | rows=[7] | cols=[4] | col_header=False | row_header=False | metadata=False
Cell H8 | value='0' | fill=00000000 | rows=[7] | cols=[7] | col_header=False | row_header=False | metadata=False
Cell I8 | value='0' | fill=00000000 | rows=[7] | cols=[8] | col_header=False | row_header=False | metadata=False
Cell J8 | value='NA' | fill=00000000 | rows=[7] | cols=[9] | col_header=False | row_header=False | metadata=False
Cell A9 | value='x' | fill=00000000 | rows=[8] | cols=[0] | col_header=False | row_header=False | metadata=False
Cell B9 | value='13' | fill=5 | rows=[8] | cols=[1] | col_header=False | row_header=False | metadata=False
Cell C9 | value='18' | fill=5 | rows=[8] | cols=[2] | col_header=False | row_header=False | metadata=False
Cell E9 | value='Syphilis detection and treatment' | fill=5 | rows=[8] | cols=[4] | col_header=False | row_header=False | metadata=False
Cell H9 | value='0' | fill=00000000 | rows=[8] | cols=[7] | col_header=False | row_header=False | metadata=False
Cell I9 | value='-1.07190815946173' | fill=00000000 | rows=[8] | cols=[8] | col_header=False | row_header=False | metadata=False
Cell J9 | value='0' | fill=00000000 | rows=[8] | cols=[9] | col_header=False | row_header=False | metadata=False
Cell B10 | value='14' | fill=5 | rows=[9] | cols=[1] | col_header=False | row_header=False | metadata=False
Cell C10 | value='19' | fill=5 | rows=[9] | cols=[2] | col_header=False | row_header=False | metadata=False
Cell E10 | value='Calcium supplementation' | fill=5 | rows=[9] | cols=[4] | col_header=False | row_header=False | metadata=False
Cell H10 | value='0' | fill=00000000 | rows=[9] | cols=[7] | col_header=False | row_header=False | metadata=False
Cell I10 | value='0' | fill=00000000 | rows=[9] | cols=[8] | col_header=False | row_header=False | metadata=False
Cell J10 | value='NA' | fill=00000000 | rows=[9] | cols=[9] | col_header=False | row_header=False | metadata=False
Cell A11 | value='x' | fill=00000000 | rows=[10] | cols=[0] | col_header=False | row_header=False | metadata=False
Cell B11 | value='15' | fill=5 | rows=[10] | cols=[1] | col_header=False | row_header=False | metadata=False
Cell C11 | value='20' | fill=5 | rows=[10] | cols=[2] | col_header=False | row_header=False | metadata=False
Cell E11 | value='Iron supplementation in pregnancy' | fill=5 | rows=[10] | cols=[4] | col_header=False | row_header=False | metadata=False
Cell H11 | value='0' | fill=00000000 | rows=[10] | cols=[7] | col_header=False | row_header=False | metadata=False
Cell I11 | value='0' | fill=00000000 | rows=[10] | cols=[8] | col_header=False | row_header=False | metadata=False
Cell J11 | value='NA' | fill=00000000 | rows=[10] | cols=[9] | col_header=False | row_header=False | metadata=False
Cell A12 | value='x' | fill=00000000 | rows=[11] | cols=[0] | col_header=False | row_header=False | metadata=False
Cell B12 | value='16' | fill=5 | rows=[11] | cols=[1] | col_header=False | row_header=False | metadata=False
Cell C12 | value='21' | fill=5 | rows=[11] | cols=[2] | col_header=False | row_header=False | metadata=False
Cell E12 | value='Multiple micronutrient supplementation in pregnancy' | fill=5 | rows=[11] | cols=[4] | col_header=False | row_header=False | metadata=False
Cell H12 | value='0' | fill=00000000 | rows=[11] | cols=[7] | col_header=False | row_header=False | metadata=False
Cell I12 | value='0' | fill=00000000 | rows=[11] | cols=[8] | col_header=False | row_header=False | metadata=False
Cell J12 | value='NA' | fill=00000000 | rows=[11] | cols=[9] | col_header=False | row_header=False | metadata=False
Cell A13 | value='x' | fill=00000000 | rows=[12] | cols=[0] | col_header=False | row_header=False | metadata=False
Cell B13 | value='17' | fill=5 | rows=[12] | cols=[1] | col_header=False | row_header=False | metadata=False
Cell C13 | value='22' | fill=5 | rows=[12] | cols=[2] | col_header=False | row_header=False | metadata=False
Cell E13 | value='Balanced energy supplementation' | fill=5 | rows=[12] | cols=[4] | col_header=False | row_header=False | metadata=False
Cell H13 | value='0' | fill=00000000 | rows=[12] | cols=[7] | col_header=False | row_header=False | metadata=False
Cell I13 | value='0' | fill=00000000 | rows=[12] | cols=[8] | col_header=False | row_header=False | metadata=False
Cell J13 | value='NA' | fill=00000000 | rows=[12] | cols=[9] | col_header=False | row_header=False | metadata=False
Cell A14 | value='x' | fill=00000000 | rows=[13] | cols=[0] | col_header=False | row_header=False | metadata=False
Cell B14 | value='18' | fill=5 | rows=[13] | cols=[1] | col_header=False | row_header=False | metadata=False
Cell C14 | value='23' | fill=5 | rows=[13] | cols=[2] | col_header=False | row_header=False | metadata=False
Cell E14 | value='Hypertensive disorder case management' | fill=5 | rows=[13] | cols=[4] | col_header=False | row_header=False | metadata=False
Cell H14 | value='3' | fill=00000000 | rows=[13] | cols=[7] | col_header=False | row_header=False | metadata=False
Cell I14 | value='-0.0789726375461866' | fill=00000000 | rows=[13] | cols=[8] | col_header=False | row_header=False | metadata=False
Cell J14 | value='37.98784101956163' | fill=00000000 | rows=[13] | cols=[9] | col_header=False | row_header=False | metadata=False
Cell A15 | value='x' | fill=00000000 | rows=[14] | cols=[0] | col_header=False | row_header=False | metadata=False
Cell B15 | value='19' | fill=5 | rows=[14] | cols=[1] | col_header=False | row_header=False | metadata=False
Cell C15 | value='24' | fill=5 | rows=[14] | cols=[2] | col_header=False | row_header=False | metadata=False
Cell E15 | value='Diabetes case management' | fill=5 | rows=[14] | cols=[4] | col_header=False | row_header=False | metadata=False
Cell H15 | value='0' | fill=00000000 | rows=[14] | cols=[7] | col_header=False | row_header=False | metadata=False
Cell I15 | value='-0.0923530440387162' | fill=00000000 | rows=[14] | cols=[8] | col_header=False | row_header=False | metadata=False
Cell J15 | value='0' | fill=00000000 | rows=[14] | cols=[9] | col_header=False | row_header=False | metadata=False
Cell A16 | value='x' | fill=00000000 | rows=[15] | cols=[0] | col_header=False | row_header=False | metadata=False
Cell B16 | value='20' | fill=5 | rows=[15] | cols=[1] | col_header=False | row_header=False | metadata=False
Cell C16 | value='25' | fill=5 | rows=[15] | cols=[2] | col_header=False | row_header=False | metadata=False
Cell E16 | value='Malaria case management' | fill=5 | rows=[15] | cols=[4] | col_header=False | row_header=False | metadata=False
Cell H16 | value='1' | fill=00000000 | rows=[15] | cols=[7] | col_header=False | row_header=False | metadata=False
Cell I16 | value='-0.0971032509471497' | fill=00000000 | rows=[15] | cols=[8] | col_header=False | row_header=False | metadata=False
Cell J16 | value='10.298316382262723' | fill=00000000 | rows=[15] | cols=[9] | col_header=False | row_header=False | metadata=False
Cell A17 | value='x' | fill=00000000 | rows=[16] | cols=[0] | col_header=False | row_header=False | metadata=False
Cell B17 | value='21' | fill=5 | rows=[16] | cols=[1] | col_header=False | row_header=False | metadata=False
Cell C17 | value='26' | fill=5 | rows=[16] | cols=[2] | col_header=False | row_header=False | metadata=False
Cell E17 | value='MgSO4 management of pre-eclampsia' | fill=5 | rows=[16] | cols=[4] | col_header=False | row_header=False | metadata=False
Cell H17 | value='7' | fill=00000000 | rows=[16] | cols=[7] | col_header=False | row_header=False | metadata=False
Cell I17 | value='-0.00672425527247072' | fill=00000000 | rows=[16] | cols=[8] | col_header=False | row_header=False | metadata=False
Cell J17 | value='1041.0074746356204' | fill=00000000 | rows=[16] | cols=[9] | col_header=False | row_header=False | metadata=False
Cell A18 | value='x' | fill=00000000 | rows=[17] | cols=[0] | col_header=False | row_header=False | metadata=False
Cell B18 | value='22' | fill=2 | rows=[17] | cols=[1] | col_header=False | row_header=False | metadata=False
Cell C18 | value='27' | fill=2 | rows=[17] | cols=[2] | col_header=False | row_header=False | metadata=False
Cell D18 | value='Delivery Care' | fill=2 | rows=[17, 18, 19, 20, 21, 22, 23, 24, 25, 26, 27, 28, 29, 30, 31, 32, 33] | cols=[3] | col_header=False | row_header=False | metadata=False
Cell E18 | value='Health Facility Delivery' | fill=2 | rows=[17] | cols=[4] | col_header=False | row_header=False | metadata=False
Cell H18 | value='0' | fill=00000000 | rows=[17] | cols=[7] | col_header=False | row_header=False | metadata=False
Cell I18 | value='-2.62036064919542' | fill=00000000 | rows=[17] | cols=[8] | col_header=False | row_header=False | metadata=False
Cell J18 | value='0' | fill=00000000 | rows=[17] | cols=[9] | col_header=False | row_header=False | metadata=False
Cell A19 | value='x' | fill=00000000 | rows=[18] | cols=[0] | col_header=False | row_header=False | metadata=False
Cell B19 | value='23' | fill=2 | rows=[18] | cols=[1] | col_header=False | row_header=False | metadata=False
Cell C19 | value='28' | fill=2 | rows=[18] | cols=[2] | col_header=False | row_header=False | metadata=False
Cell E19 | value='Clean birth environment' | fill=2 | rows=[18] | cols=[4] | col_header=False | row_header=False | metadata=False
Cell H19 | value='39' | fill=7 | rows=[18] | cols=[7] | col_header=False | row_header=False | metadata=False
Cell I19 | value='-0.0998727275391478' | fill=00000000 | rows=[18] | cols=[8] | col_header=False | row_header=False | metadata=False
Cell J19 | value='390.4969951352625' | fill=00000000 | rows=[18] | cols=[9] | col_header=False | row_header=False | metadata=False
Cell A20 | value='x' | fill=00000000 | rows=[19] | cols=[0] | col_header=False | row_header=False | metadata=False
Cell B20 | value='24' | fill=2 | rows=[19] | cols=[1] | col_header=False | row_header=False | metadata=False
Cell C20 | value='32' | fill=2 | rows=[19] | cols=[2] | col_header=False | row_header=False | metadata=False
Cell E20 | value='Manual removal of placenta' | fill=2 | rows=[19] | cols=[4] | col_header=False | row_header=False | metadata=False
Cell H20 | value='2' | fill=00000000 | rows=[19] | cols=[7] | col_header=False | row_header=False | metadata=False
Cell I20 | value='-0.0186834983899851' | fill=00000000 | rows=[19] | cols=[8] | col_header=False | row_header=False | metadata=False
Cell J20 | value='107.04633352135264' | fill=00000000 | rows=[19] | cols=[9] | col_header=False | row_header=False | metadata=False
Cell A21 | value='x' | fill=00000000 | rows=[20] | cols=[0] | col_header=False | row_header=False | metadata=False
Cell B21 | value='25' | fill=2 | rows=[20] | cols=[1] | col_header=False | row_header=False | metadata=False
Cell C21 | value='33' | fill=2 | rows=[20] | cols=[2] | col_header=False | row_header=False | metadata=False
Cell E21 | value='MgSO4 management of eclampsia' | fill=2 | rows=[20] | cols=[4] | col_header=False | row_header=False | metadata=False
Cell H21 | value='0' | fill=00000000 | rows=[20] | cols=[7] | col_header=False | row_header=False | metadata=False
Cell I21 | value='-0.0113076218915283' | fill=00000000 | rows=[20] | cols=[8] | col_header=False | row_header=False | metadata=False
Cell J21 | value='0' | fill=00000000 | rows=[20] | cols=[9] | col_header=False | row_header=False | metadata=False
Cell A22 | value='x' | fill=00000000 | rows=[21] | cols=[0] | col_header=False | row_header=False | metadata=False
Cell B22 | value='26' | fill=2 | rows=[21] | cols=[1] | col_header=False | row_header=False | metadata=False
Cell C22 | value='34' | fill=2 | rows=[21] | cols=[2] | col_header=False | row_header=False | metadata=False
Cell E22 | value='Antibiotics for preterm or prolonged PROM' | fill=2 | rows=[21] | cols=[4] | col_header=False | row_header=False | metadata=False
Cell H22 | value='22' | fill=00000000 | rows=[21] | cols=[7] | col_header=False | row_header=False | metadata=False
Cell I22 | value='-0.186001936825282' | fill=00000000 | rows=[21] | cols=[8] | col_header=False | row_header=False | metadata=False
Cell J22 | value='118.27833825550621' | fill=00000000 | rows=[21] | cols=[9] | col_header=False | row_header=False | metadata=False
Cell A23 | value='x' | fill=00000000 | rows=[22] | cols=[0] | col_header=False | row_header=False | metadata=False
Cell B23 | value='27' | fill=2 | rows=[22] | cols=[1] | col_header=False | row_header=False | metadata=False
Cell C23 | value='35' | fill=2 | rows=[22] | cols=[2] | col_header=False | row_header=False | metadata=False
Cell E23 | value='Parenteral administration of antibiotics' | fill=2 | rows=[22] | cols=[4] | col_header=False | row_header=False | metadata=False
Cell H23 | value='24' | fill=00000000 | rows=[22] | cols=[7] | col_header=False | row_header=False | metadata=False
Cell I23 | value='-0.474920119444189' | fill=00000000 | rows=[22] | cols=[8] | col_header=False | row_header=False | metadata=False
Cell J23 | value='50.53481420851954' | fill=00000000 | rows=[22] | cols=[9] | col_header=False | row_header=False | metadata=False
Cell A24 | value='x' | fill=00000000 | rows=[23] | cols=[0] | col_header=False | row_header=False | metadata=False
Cell B24 | value='28' | fill=2 | rows=[23] | cols=[1] | col_header=False | row_header=False | metadata=False
Cell C24 | value='36' | fill=2 | rows=[23] | cols=[2] | col_header=False | row_header=False | metadata=False
Cell E24 | value='Assisted vaginal delivery' | fill=2 | rows=[23] | cols=[4] | col_header=False | row_header=False | metadata=False
Cell H24 | value='26' | fill=7 | rows=[23] | cols=[7] | col_header=False | row_header=False | metadata=False
Cell I24 | value='-0.0700631189624443' | fill=00000000 | rows=[23] | cols=[8] | col_header=False | row_header=False | metadata=False
Cell J24 | value='371.0939562073549' | fill=00000000 | rows=[23] | cols=[9] | col_header=False | row_header=False | metadata=False
Cell A25 | value='x' | fill=00000000 | rows=[24] | cols=[0] | col_header=False | row_header=False | metadata=False
Cell B25 | value='29' | fill=2 | rows=[24] | cols=[1] | col_header=False | row_header=False | metadata=False
Cell C25 | value='38' | fill=2 | rows=[24] | cols=[2] | col_header=False | row_header=False | metadata=False
Cell E25 | value='Active management of third stage of labor (AMTSL)' | fill=2 | rows=[24] | cols=[4] | col_header=False | row_header=False | metadata=False
Cell H25 | value='27' | fill=7 | rows=[24] | cols=[7] | col_header=False | row_header=False | metadata=False
Cell I25 | value='-1.22835940596864' | fill=00000000 | rows=[24] | cols=[8] | col_header=False | row_header=False | metadata=False
Cell J25 | value='21.980537511094948' | fill=00000000 | rows=[24] | cols=[9] | col_header=False | row_header=False | metadata=False
Cell A26 | value='x' | fill=00000000 | rows=[25] | cols=[0] | col_header=False | row_header=False | metadata=False
Cell B26 | value='30' | fill=2 | rows=[25] | cols=[1] | col_header=False | row_header=False | metadata=False
Cell C26 | value='39' | fill=2 | rows=[25] | cols=[2] | col_header=False | row_header=False | metadata=False
Cell E26 | value='Removal of retained products of conception' | fill=2 | rows=[25] | cols=[4] | col_header=False | row_header=False | metadata=False
Cell H26 | value='2' | fill=00000000 | rows=[25] | cols=[7] | col_header=False | row_header=False | metadata=False
Cell I26 | value='-0.00934174919499257' | fill=00000000 | rows=[25] | cols=[8] | col_header=False | row_header=False | metadata=False
Cell J26 | value='214.0926670427048' | fill=00000000 | rows=[25] | cols=[9] | col_header=False | row_header=False | metadata=False
Cell A27 | value='x' | fill=00000000 | rows=[26] | cols=[0] | col_header=False | row_header=False | metadata=False
Cell B27 | value='31' | fill=2 | rows=[26] | cols=[1] | col_header=False | row_header=False | metadata=False
Cell C27 | value='40' | fill=2 | rows=[26] | cols=[2] | col_header=False | row_header=False | metadata=False
Cell E27 | value='Induction of labor for pregnancies lasting 41+ weeks' | fill=2 | rows=[26] | cols=[4] | col_header=False | row_header=False | metadata=False
Cell H27 | value='0' | fill=00000000 | rows=[26] | cols=[7] | col_header=False | row_header=False | metadata=False
Cell I27 | value='-0.00133275794377618' | fill=00000000 | rows=[26] | cols=[8] | col_header=False | row_header=False | metadata=False
Cell J27 | value='0' | fill=00000000 | rows=[26] | cols=[9] | col_header=False | row_header=False | metadata=False
Cell A28 | value='x' | fill=00000000 | rows=[27] | cols=[0] | col_header=False | row_header=False | metadata=False
Cell B28 | value='32' | fill=2 | rows=[27] | cols=[1] | col_header=False | row_header=False | metadata=False
Cell C28 | value='41' | fill=2 | rows=[27] | cols=[2] | col_header=False | row_header=False | metadata=False
Cell E28 | value='Antenatal corticosteroids for preterm labor' | fill=2 | rows=[27] | cols=[4] | col_header=False | row_header=False | metadata=False
Cell H28 | value='0' | fill=00000000 | rows=[27] | cols=[7] | col_header=False | row_header=False | metadata=False
Cell I28 | value='0' | fill=00000000 | rows=[27] | cols=[8] | col_header=False | row_header=False | metadata=False
Cell J28 | value='NA' | fill=00000000 | rows=[27] | cols=[9] | col_header=False | row_header=False | metadata=False
Cell A29 | value='x' | fill=00000000 | rows=[28] | cols=[0] | col_header=False | row_header=False | metadata=False
Cell B29 | value='33' | fill=2 | rows=[28] | cols=[1] | col_header=False | row_header=False | metadata=False
Cell C29 | value='65' | fill=2 | rows=[28] | cols=[2] | col_header=False | row_header=False | metadata=False
Cell E29 | value='Maternal sepsis case management' | fill=2 | rows=[28] | cols=[4] | col_header=False | row_header=False | metadata=False
Cell H29 | value='0' | fill=00000000 | rows=[28] | cols=[7] | col_header=False | row_header=False | metadata=False
Cell I29 | value='0' | fill=00000000 | rows=[28] | cols=[8] | col_header=False | row_header=False | metadata=False
Cell J29 | value='NA' | fill=00000000 | rows=[28] | cols=[9] | col_header=False | row_header=False | metadata=False
Cell B30 | value='34' | fill=2 | rows=[29] | cols=[1] | col_header=False | row_header=False | metadata=False
Cell C30 | value='10' | fill=2 | rows=[29] | cols=[2] | col_header=False | row_header=False | metadata=False
Cell E30 | value='Safe abortion services' | fill=2 | rows=[29] | cols=[4] | col_header=False | row_header=False | metadata=False
Cell H30 | value='1' | fill=00000000 | rows=[29] | cols=[7] | col_header=False | row_header=False | metadata=False
Cell I30 | value='0' | fill=00000000 | rows=[29] | cols=[8] | col_header=False | row_header=False | metadata=False
Cell J30 | value='NA' | fill=00000000 | rows=[29] | cols=[9] | col_header=False | row_header=False | metadata=False
Cell B31 | value='35' | fill=2 | rows=[30] | cols=[1] | col_header=False | row_header=False | metadata=False
Cell C31 | value='11' | fill=2 | rows=[30] | cols=[2] | col_header=False | row_header=False | metadata=False
Cell E31 | value='Post abortion case management' | fill=2 | rows=[30] | cols=[4] | col_header=False | row_header=False | metadata=False
Cell H31 | value='0' | fill=00000000 | rows=[30] | cols=[7] | col_header=False | row_header=False | metadata=False
Cell I31 | value='0' | fill=00000000 | rows=[30] | cols=[8] | col_header=False | row_header=False | metadata=False
Cell J31 | value='NA' | fill=00000000 | rows=[30] | cols=[9] | col_header=False | row_header=False | metadata=False
Cell A32 | value='x' | fill=00000000 | rows=[31] | cols=[0] | col_header=False | row_header=False | metadata=False
Cell B32 | value='36' | fill=2 | rows=[31] | cols=[1] | col_header=False | row_header=False | metadata=False
Cell C32 | value='42' | fill=2 | rows=[31] | cols=[2] | col_header=False | row_header=False | metadata=False
Cell E32 | value='Cesarean delivery' | fill=2 | rows=[31] | cols=[4] | col_header=False | row_header=False | metadata=False
Cell H32 | value='49' | fill=7 | rows=[31] | cols=[7] | col_header=False | row_header=False | metadata=False
Cell I32 | value='-0.490128430753967' | fill=00000000 | rows=[31] | cols=[8] | col_header=False | row_header=False | metadata=False
Cell J32 | value='99.97379651007606' | fill=00000000 | rows=[31] | cols=[9] | col_header=False | row_header=False | metadata=False
Cell A33 | value='x' | fill=00000000 | rows=[32] | cols=[0] | col_header=False | row_header=False | metadata=False
Cell B33 | value='37' | fill=2 | rows=[32] | cols=[1] | col_header=False | row_header=False | metadata=False
Cell C33 | value='43' | fill=2 | rows=[32] | cols=[2] | col_header=False | row_header=False | metadata=False
Cell E33 | value='Blood transfusion' | fill=2 | rows=[32] | cols=[4] | col_header=False | row_header=False | metadata=False
Cell H33 | value='0' | fill=00000000 | rows=[32] | cols=[7] | col_header=False | row_header=False | metadata=False
Cell I33 | value='0' | fill=00000000 | rows=[32] | cols=[8] | col_header=False | row_header=False | metadata=False
Cell J33 | value='NA' | fill=00000000 | rows=[32] | cols=[9] | col_header=False | row_header=False | metadata=False
Cell B34 | value='38' | fill=2 | rows=[33] | cols=[1] | col_header=False | row_header=False | metadata=False
Cell C34 | value='12' | fill=2 | rows=[33] | cols=[2] | col_header=False | row_header=False | metadata=False
Cell E34 | value='Ectopic pregnancy case management' | fill=2 | rows=[33] | cols=[4] | col_header=False | row_header=False | metadata=False
Cell H34 | value='0' | fill=00000000 | rows=[33] | cols=[7] | col_header=False | row_header=False | metadata=False
Cell I34 | value='0' | fill=00000000 | rows=[33] | cols=[8] | col_header=False | row_header=False | metadata=False
Cell J34 | value='NA' | fill=00000000 | rows=[33] | cols=[9] | col_header=False | row_header=False | metadata=False
Cell A35 | value='x' | fill=00000000 | rows=[34] | cols=[0] | col_header=False | row_header=False | metadata=False
Cell B35 | value='39' | fill=9 | rows=[34] | cols=[1] | col_header=False | row_header=False | metadata=False
Cell C35 | value='29' | fill=9 | rows=[34] | cols=[2] | col_header=False | row_header=False | metadata=False
Cell D35 | value='Newborn Care' | fill=9 | rows=[34, 35, 36, 37, 38, 39, 40, 41, 42, 43, 44] | cols=[3] | col_header=False | row_header=False | metadata=False
Cell E35 | value='Immediate drying and additional stimulation' | fill=9 | rows=[34] | cols=[4] | col_header=False | row_header=False | metadata=False
Cell H35 | value='209' | fill=00000000 | rows=[34] | cols=[7] | col_header=False | row_header=False | metadata=False
Cell I35 | value='-4.41257430615443' | fill=00000000 | rows=[34] | cols=[8] | col_header=False | row_header=False | metadata=False
Cell J35 | value='47.36464147663137' | fill=00000000 | rows=[34] | cols=[9] | col_header=False | row_header=False | metadata=False
Cell A36 | value='x' | fill=00000000 | rows=[35] | cols=[0] | col_header=False | row_header=False | metadata=False
Cell B36 | value='40' | fill=9 | rows=[35] | cols=[1] | col_header=False | row_header=False | metadata=False
Cell C36 | value='30' | fill=9 | rows=[35] | cols=[2] | col_header=False | row_header=False | metadata=False
Cell E36 | value='Thermal protection' | fill=9 | rows=[35] | cols=[4] | col_header=False | row_header=False | metadata=False
Cell H36 | value='350' | fill=00000000 | rows=[35] | cols=[7] | col_header=False | row_header=False | metadata=False
Cell I36 | value='-0.311809319278579' | fill=00000000 | rows=[35] | cols=[8] | col_header=False | row_header=False | metadata=False
Cell J36 | value='1122.4808828991424' | fill=00000000 | rows=[35] | cols=[9] | col_header=False | row_header=False | metadata=False
Cell A37 | value='x' | fill=00000000 | rows=[36] | cols=[0] | col_header=False | row_header=False | metadata=False
Cell B37 | value='41' | fill=9 | rows=[36] | cols=[1] | col_header=False | row_header=False | metadata=False
Cell C37 | value='31' | fill=9 | rows=[36] | cols=[2] | col_header=False | row_header=False | metadata=False
Cell E37 | value='Clean cord care' | fill=9 | rows=[36] | cols=[4] | col_header=False | row_header=False | metadata=False
Cell H37 | value='290' | fill=00000000 | rows=[36] | cols=[7] | col_header=False | row_header=False | metadata=False
Cell I37 | value='-2.30001771282997' | fill=00000000 | rows=[36] | cols=[8] | col_header=False | row_header=False | metadata=False
Cell J37 | value='126.0859855045118' | fill=00000000 | rows=[36] | cols=[9] | col_header=False | row_header=False | metadata=False
Cell A38 | value='x' | fill=00000000 | rows=[37] | cols=[0] | col_header=False | row_header=False | metadata=False
Cell B38 | value='42' | fill=9 | rows=[37] | cols=[1] | col_header=False | row_header=False | metadata=False
Cell C38 | value='37' | fill=9 | rows=[37] | cols=[2] | col_header=False | row_header=False | metadata=False
Cell E38 | value='Neonatal resuscitation' | fill=9 | rows=[37] | cols=[4] | col_header=False | row_header=False | metadata=False
Cell H38 | value='237' | fill=00000000 | rows=[37] | cols=[7] | col_header=False | row_header=False | metadata=False
Cell I38 | value='0' | fill=00000000 | rows=[37] | cols=[8] | col_header=False | row_header=False | metadata=False
Cell J38 | value='NA' | fill=00000000 | rows=[37] | cols=[9] | col_header=False | row_header=False | metadata=False
Cell B39 | value='43/44' | fill=9 | rows=[38] | cols=[1] | col_header=False | row_header=False | metadata=False
Cell C39 | value='66/67' | fill=9 | rows=[38] | cols=[2] | col_header=False | row_header=False | metadata=False
Cell E39 | value='Case management of premature babies' | fill=9 | rows=[38] | cols=[4] | col_header=False | row_header=False | metadata=False
Cell H39 | value='0' | fill=00000000 | rows=[38] | cols=[7] | col_header=False | row_header=False | metadata=False
Cell I39 | value='0' | fill=00000000 | rows=[38] | cols=[8] | col_header=False | row_header=False | metadata=False
Cell J39 | value='NA' | fill=00000000 | rows=[38] | cols=[9] | col_header=False | row_header=False | metadata=False
Cell A40 | value='x' | fill=00000000 | rows=[39] | cols=[0] | col_header=False | row_header=False | metadata=False
Cell B40 | value='43' | fill=9 | rows=[39] | cols=[1] | col_header=False | row_header=False | metadata=False
Cell C40 | value='66' | fill=9 | rows=[39] | cols=[2] | col_header=False | row_header=False | metadata=False
Cell E40 | value='Kangaroo-Mother Care (KMC)' | fill=9 | rows=[39] | cols=[4] | col_header=False | row_header=False | metadata=False
Cell H40 | value='0' | fill=00000000 | rows=[39] | cols=[7] | col_header=False | row_header=False | metadata=False
Cell I40 | value='0' | fill=00000000 | rows=[39] | cols=[8] | col_header=False | row_header=False | metadata=False
Cell J40 | value='NA' | fill=00000000 | rows=[39] | cols=[9] | col_header=False | row_header=False | metadata=False
Cell B41 | value='44' | fill=9 | rows=[40] | cols=[1] | col_header=False | row_header=False | metadata=False
Cell C41 | value='67' | fill=9 | rows=[40] | cols=[2] | col_header=False | row_header=False | metadata=False
Cell E41 | value='Full supportive care of prematurity' | fill=9 | rows=[40] | cols=[4] | col_header=False | row_header=False | metadata=False
Cell H41 | value='0' | fill=00000000 | rows=[40] | cols=[7] | col_header=False | row_header=False | metadata=False
Cell I41 | value='0' | fill=00000000 | rows=[40] | cols=[8] | col_header=False | row_header=False | metadata=False
Cell J41 | value='NA' | fill=00000000 | rows=[40] | cols=[9] | col_header=False | row_header=False | metadata=False
Cell B42 | value='45/46/47' | fill=9 | rows=[41] | cols=[1] | col_header=False | row_header=False | metadata=False
Cell C42 | value='68/69' | fill=9 | rows=[41] | cols=[2] | col_header=False | row_header=False | metadata=False
Cell E42 | value='Case management of neonatal sepsis/pneumonia' | fill=9 | rows=[41] | cols=[4] | col_header=False | row_header=False | metadata=False
Cell H42 | value='1220' | fill=00000000 | rows=[41] | cols=[7] | col_header=False | row_header=False | metadata=False
Cell I42 | value='-0.380578470468268' | fill=00000000 | rows=[41] | cols=[8] | col_header=False | row_header=False | metadata=False
Cell J42 | value='3205.646390083229' | fill=00000000 | rows=[41] | cols=[9] | col_header=False | row_header=False | metadata=False
Cell A43 | value='x' | fill=00000000 | rows=[42] | cols=[0] | col_header=False | row_header=False | metadata=False
Cell B43 | value='45' | fill=9 | rows=[42] | cols=[1] | col_header=False | row_header=False | metadata=False
Cell C43 | value='68' | fill=9 | rows=[42] | cols=[2] | col_header=False | row_header=False | metadata=False
Cell E43 | value='Oral antibiotics for neonatal sepsis' | fill=9 | rows=[42] | cols=[4] | col_header=False | row_header=False | metadata=False
Cell H43 | value='0' | fill=00000000 | rows=[42] | cols=[7] | col_header=False | row_header=False | metadata=False
Cell I43 | value='0' | fill=00000000 | rows=[42] | cols=[8] | col_header=False | row_header=False | metadata=False
Cell J43 | value='NA' | fill=00000000 | rows=[42] | cols=[9] | col_header=False | row_header=False | metadata=False
Cell A44 | value='x' | fill=00000000 | rows=[43] | cols=[0] | col_header=False | row_header=False | metadata=False
Cell B44 | value='46' | fill=9 | rows=[43] | cols=[1] | col_header=False | row_header=False | metadata=False
Cell C44 | value='69' | fill=9 | rows=[43] | cols=[2] | col_header=False | row_header=False | metadata=False
Cell E44 | value='Injectable antibiotics for neonatal sepsis' | fill=9 | rows=[43] | cols=[4] | col_header=False | row_header=False | metadata=False
Cell H44 | value='0' | fill=00000000 | rows=[43] | cols=[7] | col_header=False | row_header=False | metadata=False
Cell I44 | value='-0.380578470468268' | fill=00000000 | rows=[43] | cols=[8] | col_header=False | row_header=False | metadata=False
Cell J44 | value='0' | fill=00000000 | rows=[43] | cols=[9] | col_header=False | row_header=False | metadata=False
Cell B45 | value='47' | fill=9 | rows=[44] | cols=[1] | col_header=False | row_header=False | metadata=False
Cell C45 | value='70' | fill=9 | rows=[44] | cols=[2] | col_header=False | row_header=False | metadata=False
Cell E45 | value='Full supportive care for neonatal sepsis/pneumonia' | fill=9 | rows=[44] | cols=[4] | col_header=False | row_header=False | metadata=False
Cell H45 | value='0' | fill=00000000 | rows=[44] | cols=[7] | col_header=False | row_header=False | metadata=False
Cell I45 | value='0' | fill=00000000 | rows=[44] | cols=[8] | col_header=False | row_header=False | metadata=False
Cell J45 | value='NA' | fill=00000000 | rows=[44] | cols=[9] | col_header=False | row_header=False | metadata=False
Cell B46 | value='48' | fill=None | rows=[45] | cols=[1] | col_header=False | row_header=False | metadata=False
Cell C46 | value='44' | fill=None | rows=[45] | cols=[2] | col_header=False | row_header=False | metadata=False
Cell D46 | value='Breastfeeding' | fill=None | rows=[45, 46, 47] | cols=[3] | col_header=False | row_header=False | metadata=False
Cell E46 | value='Breastfeeding' | fill=None | rows=[45] | cols=[4] | col_header=False | row_header=False | metadata=False
Cell H46 | value='419' | fill=00000000 | rows=[45] | cols=[7] | col_header=False | row_header=False | metadata=False
Cell I46 | value='-0.39997291461564' | fill=00000000 | rows=[45] | cols=[8] | col_header=False | row_header=False | metadata=False
Cell J46 | value='1047.5709346535236' | fill=00000000 | rows=[45] | cols=[9] | col_header=False | row_header=False | metadata=False
Cell A47 | value='x' | fill=00000000 | rows=[46] | cols=[0] | col_header=False | row_header=False | metadata=False
Cell B47 | value='49' | fill=None | rows=[46] | cols=[1] | col_header=False | row_header=False | metadata=False
Cell C47 | value='45' | fill=None | rows=[46] | cols=[2] | col_header=False | row_header=False | metadata=False
Cell E47 | value='Complementary feeding - Education only' | fill=None | rows=[46] | cols=[4] | col_header=False | row_header=False | metadata=False
Cell H47 | value='6' | fill=00000000 | rows=[46] | cols=[7] | col_header=False | row_header=False | metadata=False
Cell I47 | value='-1.4822663568214' | fill=00000000 | rows=[46] | cols=[8] | col_header=False | row_header=False | metadata=False
Cell J47 | value='4.047855483184893' | fill=00000000 | rows=[46] | cols=[9] | col_header=False | row_header=False | metadata=False
Cell A48 | value='x' | fill=00000000 | rows=[47] | cols=[0] | col_header=False | row_header=False | metadata=False
Cell B48 | value='50' | fill=None | rows=[47] | cols=[1] | col_header=False | row_header=False | metadata=False
Cell C48 | value='46' | fill=None | rows=[47] | cols=[2] | col_header=False | row_header=False | metadata=False
Cell E48 | value='Complementary feeding - Supplementary feeding + Education' | fill=None | rows=[47] | cols=[4] | col_header=False | row_header=False | metadata=False
Cell H48 | value='0' | fill=00000000 | rows=[47] | cols=[7] | col_header=False | row_header=False | metadata=False
Cell I48 | value='-3.26929775897055' | fill=00000000 | rows=[47] | cols=[8] | col_header=False | row_header=False | metadata=False
Cell J48 | value='0' | fill=00000000 | rows=[47] | cols=[9] | col_header=False | row_header=False | metadata=False
Cell B49 | value='51' | fill=7 | rows=[48] | cols=[1] | col_header=False | row_header=False | metadata=False
Cell C49 | value='55' | fill=7 | rows=[48] | cols=[2] | col_header=False | row_header=False | metadata=False
Cell D49 | value='Vaccines' | fill=7 | rows=[48, 49, 50, 51, 52, 53, 54, 55, 56, 57, 58] | cols=[3] | col_header=False | row_header=False | metadata=False
Cell E49 | value='BCG - Single dose' | fill=7 | rows=[48] | cols=[4] | col_header=False | row_header=False | metadata=False
Cell H49 | value='0' | fill=00000000 | rows=[48] | cols=[7] | col_header=False | row_header=False | metadata=False
Cell I49 | value='-6.36951086569994' | fill=00000000 | rows=[48] | cols=[8] | col_header=False | row_header=False | metadata=False
Cell J49 | value='0' | fill=00000000 | rows=[48] | cols=[9] | col_header=False | row_header=False | metadata=False
Cell A50 | value='x' | fill=00000000 | rows=[49] | cols=[0] | col_header=False | row_header=False | metadata=False
Cell B50 | value='52' | fill=7 | rows=[49] | cols=[1] | col_header=False | row_header=False | metadata=False
Cell C50 | value='56' | fill=7 | rows=[49] | cols=[2] | col_header=False | row_header=False | metadata=False
Cell E50 | value='Polio - Three doses' | fill=7 | rows=[49] | cols=[4] | col_header=False | row_header=False | metadata=False
Cell H50 | value='0' | fill=00000000 | rows=[49] | cols=[7] | col_header=False | row_header=False | metadata=False
Cell I50 | value='-16.5316953493735' | fill=00000000 | rows=[49] | cols=[8] | col_header=False | row_header=False | metadata=False
Cell J50 | value='0' | fill=00000000 | rows=[49] | cols=[9] | col_header=False | row_header=False | metadata=False
Cell E51 | value='Pentavalent' | fill=7 | rows=[50] | cols=[4] | col_header=False | row_header=False | metadata=False
Cell A52 | value='x' | fill=00000000 | rows=[51] | cols=[0] | col_header=False | row_header=False | metadata=False
Cell B52 | value='53' | fill=7 | rows=[51] | cols=[1] | col_header=False | row_header=False | metadata=False
Cell C52 | value='57' | fill=7 | rows=[51] | cols=[2] | col_header=False | row_header=False | metadata=False
Cell E52 | value='DPT - Three doses' | fill=7 | rows=[51] | cols=[4] | col_header=False | row_header=False | metadata=False
Cell H52 | value='60' | fill=00000000 | rows=[51] | cols=[7] | col_header=False | row_header=False | metadata=False
Cell I52 | value='-16.3380185837741' | fill=00000000 | rows=[51] | cols=[8] | col_header=False | row_header=False | metadata=False
Cell J52 | value='3.67241594764669' | fill=00000000 | rows=[51] | cols=[9] | col_header=False | row_header=False | metadata=False
Cell A53 | value='x' | fill=00000000 | rows=[52] | cols=[0] | col_header=False | row_header=False | metadata=False
Cell B53 | value='54' | fill=7 | rows=[52] | cols=[1] | col_header=False | row_header=False | metadata=False
Cell C53 | value='58' | fill=7 | rows=[52] | cols=[2] | col_header=False | row_header=False | metadata=False
Cell E53 | value='Hib - Three doses' | fill=7 | rows=[52] | cols=[4] | col_header=False | row_header=False | metadata=False
Cell H53 | value='63' | fill=00000000 | rows=[52] | cols=[7] | col_header=False | row_header=False | metadata=False
Cell I53 | value='-16.3380185837741' | fill=00000000 | rows=[52] | cols=[8] | col_header=False | row_header=False | metadata=False
Cell J53 | value='3.8560367450290247' | fill=00000000 | rows=[52] | cols=[9] | col_header=False | row_header=False | metadata=False
Cell A54 | value='x' | fill=00000000 | rows=[53] | cols=[0] | col_header=False | row_header=False | metadata=False
Cell B54 | value='55' | fill=7 | rows=[53] | cols=[1] | col_header=False | row_header=False | metadata=False
Cell C54 | value='59' | fill=7 | rows=[53] | cols=[2] | col_header=False | row_header=False | metadata=False
Cell E54 | value='HepB - Three doses' | fill=7 | rows=[53] | cols=[4] | col_header=False | row_header=False | metadata=False
Cell H54 | value='0' | fill=00000000 | rows=[53] | cols=[7] | col_header=False | row_header=False | metadata=False
Cell I54 | value='-16.3380185837741' | fill=00000000 | rows=[53] | cols=[8] | col_header=False | row_header=False | metadata=False
Cell J54 | value='0' | fill=00000000 | rows=[53] | cols=[9] | col_header=False | row_header=False | metadata=False
Cell A55 | value='x' | fill=00000000 | rows=[54] | cols=[0] | col_header=False | row_header=False | metadata=False
Cell B55 | value='56' | fill=7 | rows=[54] | cols=[1] | col_header=False | row_header=False | metadata=False
Cell C55 | value='60' | fill=7 | rows=[54] | cols=[2] | col_header=False | row_header=False | metadata=False
Cell E55 | value='Pneumococcal - Three doses' | fill=7 | rows=[54] | cols=[4] | col_header=False | row_header=False | metadata=False
Cell H55 | value='66' | fill=00000000 | rows=[54] | cols=[7] | col_header=False | row_header=False | metadata=False
Cell I55 | value='-7.2006254638903' | fill=00000000 | rows=[54] | cols=[8] | col_header=False | row_header=False | metadata=False
Cell J55 | value='9.16587042764227' | fill=00000000 | rows=[54] | cols=[9] | col_header=False | row_header=False | metadata=False
Cell A56 | value='x' | fill=00000000 | rows=[55] | cols=[0] | col_header=False | row_header=False | metadata=False
Cell B56 | value='57' | fill=7 | rows=[55] | cols=[1] | col_header=False | row_header=False | metadata=False
Cell C56 | value='61' | fill=7 | rows=[55] | cols=[2] | col_header=False | row_header=False | metadata=False
Cell E56 | value='Rotavirus - Two doses' | fill=7 | rows=[55] | cols=[4] | col_header=False | row_header=False | metadata=False
Cell H56 | value='9' | fill=00000000 | rows=[55] | cols=[7] | col_header=False | row_header=False | metadata=False
Cell I56 | value='-0.651088960472949' | fill=00000000 | rows=[55] | cols=[8] | col_header=False | row_header=False | metadata=False
Cell J56 | value='13.82299585215272' | fill=00000000 | rows=[55] | cols=[9] | col_header=False | row_header=False | metadata=False
Cell A57 | value='x' | fill=00000000 | rows=[56] | cols=[0] | col_header=False | row_header=False | metadata=False
Cell B57 | value='58' | fill=7 | rows=[56] | cols=[1] | col_header=False | row_header=False | metadata=False
Cell C57 | value='62' | fill=7 | rows=[56] | cols=[2] | col_header=False | row_header=False | metadata=False
Cell E57 | value='Meningococcal A - Single dose' | fill=7 | rows=[56] | cols=[4] | col_header=False | row_header=False | metadata=False
Cell H57 | value='0' | fill=00000000 | rows=[56] | cols=[7] | col_header=False | row_header=False | metadata=False
Cell I57 | value='0' | fill=00000000 | rows=[56] | cols=[8] | col_header=False | row_header=False | metadata=False
Cell J57 | value='NA' | fill=00000000 | rows=[56] | cols=[9] | col_header=False | row_header=False | metadata=False
Cell B58 | value='59' | fill=7 | rows=[57] | cols=[1] | col_header=False | row_header=False | metadata=False
Cell C58 | value='63' | fill=7 | rows=[57] | cols=[2] | col_header=False | row_header=False | metadata=False
Cell E58 | value='Malaria vaccine - Three doses' | fill=7 | rows=[57] | cols=[4] | col_header=False | row_header=False | metadata=False
Cell H58 | value='0' | fill=00000000 | rows=[57] | cols=[7] | col_header=False | row_header=False | metadata=False
Cell I58 | value='0' | fill=00000000 | rows=[57] | cols=[8] | col_header=False | row_header=False | metadata=False
Cell J58 | value='NA' | fill=00000000 | rows=[57] | cols=[9] | col_header=False | row_header=False | metadata=False
Cell A59 | value='x' | fill=00000000 | rows=[58] | cols=[0] | col_header=False | row_header=False | metadata=False
Cell B59 | value='60' | fill=7 | rows=[58] | cols=[1] | col_header=False | row_header=False | metadata=False
Cell C59 | value='64' | fill=7 | rows=[58] | cols=[2] | col_header=False | row_header=False | metadata=False
Cell E59 | value='Measles - Single dose' | fill=7 | rows=[58] | cols=[4] | col_header=False | row_header=False | metadata=False
Cell H59 | value='16' | fill=00000000 | rows=[58] | cols=[7] | col_header=False | row_header=False | metadata=False
Cell I59 | value='-5.32911889126619' | fill=00000000 | rows=[58] | cols=[8] | col_header=False | row_header=False | metadata=False
Cell J59 | value='3.0023724984297404' | fill=00000000 | rows=[58] | cols=[9] | col_header=False | row_header=False | metadata=False
Cell A60 | value='x' | fill=00000000 | rows=[59] | cols=[0] | col_header=False | row_header=False | metadata=False
Cell B60 | value='61' | fill=5 | rows=[59] | cols=[1] | col_header=False | row_header=False | metadata=False
Cell C60 | value='47' | fill=5 | rows=[59] | cols=[2] | col_header=False | row_header=False | metadata=False
Cell D60 | value='Child Health' | fill=5 | rows=[59, 60, 61, 62, 63, 64, 65, 66] | cols=[3] | col_header=False | row_header=False | metadata=False
Cell E60 | value='Vitamin A supplementation' | fill=5 | rows=[59] | cols=[4] | col_header=False | row_header=False | metadata=False
Cell H60 | value='0' | fill=00000000 | rows=[59] | cols=[7] | col_header=False | row_header=False | metadata=False
Cell I60 | value='0' | fill=00000000 | rows=[59] | cols=[8] | col_header=False | row_header=False | metadata=False
Cell J60 | value='NA' | fill=00000000 | rows=[59] | cols=[9] | col_header=False | row_header=False | metadata=False
Cell A61 | value='x' | fill=00000000 | rows=[60] | cols=[0] | col_header=False | row_header=False | metadata=False
Cell B61 | value='62' | fill=5 | rows=[60] | cols=[1] | col_header=False | row_header=False | metadata=False
Cell C61 | value='48' | fill=5 | rows=[60] | cols=[2] | col_header=False | row_header=False | metadata=False
Cell E61 | value='Zinc supplementation' | fill=5 | rows=[60] | cols=[4] | col_header=False | row_header=False | metadata=False
Cell H61 | value='0' | fill=00000000 | rows=[60] | cols=[7] | col_header=False | row_header=False | metadata=False
Cell I61 | value='0' | fill=00000000 | rows=[60] | cols=[8] | col_header=False | row_header=False | metadata=False
Cell J61 | value='NA' | fill=00000000 | rows=[60] | cols=[9] | col_header=False | row_header=False | metadata=False
Cell A62 | value='x' | fill=00000000 | rows=[61] | cols=[0] | col_header=False | row_header=False | metadata=False
Cell B62 | value='63' | fill=5 | rows=[61] | cols=[1] | col_header=False | row_header=False | metadata=False
Cell C62 | value='71' | fill=5 | rows=[61] | cols=[2] | col_header=False | row_header=False | metadata=False
Cell E62 | value='ORS - Oral Rehydration Solution' | fill=5 | rows=[61] | cols=[4] | col_header=False | row_header=False | metadata=False
Cell H62 | value='9' | fill=00000000 | rows=[61] | cols=[7] | col_header=False | row_header=False | metadata=False
Cell I62 | value='-66.1430901531015' | fill=00000000 | rows=[61] | cols=[8] | col_header=False | row_header=False | metadata=False
Cell J62 | value='0.136068635123755' | fill=00000000 | rows=[61] | cols=[9] | col_header=False | row_header=False | metadata=False
Cell A63 | value='x' | fill=00000000 | rows=[62] | cols=[0] | col_header=False | row_header=False | metadata=False
Cell B63 | value='64' | fill=5 | rows=[62] | cols=[1] | col_header=False | row_header=False | metadata=False
Cell C63 | value='72' | fill=5 | rows=[62] | cols=[2] | col_header=False | row_header=False | metadata=False
Cell E63 | value='Antibiotics for treatment of dysentery' | fill=5 | rows=[62] | cols=[4] | col_header=False | row_header=False | metadata=False
Cell H63 | value='0' | fill=00000000 | rows=[62] | cols=[7] | col_header=False | row_header=False | metadata=False
Cell I63 | value='0' | fill=00000000 | rows=[62] | cols=[8] | col_header=False | row_header=False | metadata=False
Cell J63 | value='NA' | fill=00000000 | rows=[62] | cols=[9] | col_header=False | row_header=False | metadata=False
Cell A64 | value='x' | fill=00000000 | rows=[63] | cols=[0] | col_header=False | row_header=False | metadata=False
Cell B64 | value='65' | fill=5 | rows=[63] | cols=[1] | col_header=False | row_header=False | metadata=False
Cell C64 | value='73' | fill=5 | rows=[63] | cols=[2] | col_header=False | row_header=False | metadata=False
Cell E64 | value='Zinc for treatment of diarrhea' | fill=5 | rows=[63] | cols=[4] | col_header=False | row_header=False | metadata=False
Cell H64 | value='0' | fill=00000000 | rows=[63] | cols=[7] | col_header=False | row_header=False | metadata=False
Cell I64 | value='-19.2715188101215' | fill=00000000 | rows=[63] | cols=[8] | col_header=False | row_header=False | metadata=False
Cell J64 | value='0' | fill=00000000 | rows=[63] | cols=[9] | col_header=False | row_header=False | metadata=False
Cell A65 | value='x' | fill=00000000 | rows=[64] | cols=[0] | col_header=False | row_header=False | metadata=False
Cell B65 | value='66' | fill=5 | rows=[64] | cols=[1] | col_header=False | row_header=False | metadata=False
Cell C65 | value='74' | fill=5 | rows=[64] | cols=[2] | col_header=False | row_header=False | metadata=False
Cell E65 | value='Oral antibiotics for pneumonia' | fill=5 | rows=[64] | cols=[4] | col_header=False | row_header=False | metadata=False
Cell H65 | value='25' | fill=00000000 | rows=[64] | cols=[7] | col_header=False | row_header=False | metadata=False
Cell I65 | value='-33.1531748245235' | fill=00000000 | rows=[64] | cols=[8] | col_header=False | row_header=False | metadata=False
Cell J65 | value='0.7540755940365454' | fill=00000000 | rows=[64] | cols=[9] | col_header=False | row_header=False | metadata=False
Cell A66 | value='x' | fill=00000000 | rows=[65] | cols=[0] | col_header=False | row_header=False | metadata=False
Cell B66 | value='67' | fill=5 | rows=[65] | cols=[1] | col_header=False | row_header=False | metadata=False
Cell C66 | value='75' | fill=5 | rows=[65] | cols=[2] | col_header=False | row_header=False | metadata=False
Cell E66 | value='Vitamin A for treatment of measles' | fill=5 | rows=[65] | cols=[4] | col_header=False | row_header=False | metadata=False
Cell H66 | value='0' | fill=00000000 | rows=[65] | cols=[7] | col_header=False | row_header=False | metadata=False
Cell I66 | value='0' | fill=00000000 | rows=[65] | cols=[8] | col_header=False | row_header=False | metadata=False
Cell J66 | value='NA' | fill=00000000 | rows=[65] | cols=[9] | col_header=False | row_header=False | metadata=False
Cell A67 | value='x' | fill=00000000 | rows=[66] | cols=[0] | col_header=False | row_header=False | metadata=False
Cell B67 | value='68' | fill=5 | rows=[66] | cols=[1] | col_header=False | row_header=False | metadata=False
Cell C67 | value='76' | fill=5 | rows=[66] | cols=[2] | col_header=False | row_header=False | metadata=False
Cell E67 | value='ACTs - Artemisinin compounds for treatment of malaria' | fill=5 | rows=[66] | cols=[4] | col_header=False | row_header=False | metadata=False
Cell H67 | value='0' | fill=00000000 | rows=[66] | cols=[7] | col_header=False | row_header=False | metadata=False
Cell I67 | value='-49.7931347328513' | fill=00000000 | rows=[66] | cols=[8] | col_header=False | row_header=False | metadata=False
Cell J67 | value='0' | fill=00000000 | rows=[66] | cols=[9] | col_header=False | row_header=False | metadata=False
Cell B68 | value='69' | fill=4 | rows=[67] | cols=[1] | col_header=False | row_header=False | metadata=False
Cell C68 | value='77' | fill=4 | rows=[67] | cols=[2] | col_header=False | row_header=False | metadata=False
Cell D68 | value='Malnutrition' | fill=4 | rows=[67, 68] | cols=[3] | col_header=False | row_header=False | metadata=False
Cell E68 | value='SAM - treatment for severe acute malnutrition' | fill=4 | rows=[67] | cols=[4] | col_header=False | row_header=False | metadata=False
Cell H68 | value='0' | fill=00000000 | rows=[67] | cols=[7] | col_header=False | row_header=False | metadata=False
Cell I68 | value='0' | fill=00000000 | rows=[67] | cols=[8] | col_header=False | row_header=False | metadata=False
Cell J68 | value='NA' | fill=00000000 | rows=[67] | cols=[9] | col_header=False | row_header=False | metadata=False
Cell B69 | value='70' | fill=4 | rows=[68] | cols=[1] | col_header=False | row_header=False | metadata=False
Cell C69 | value='78' | fill=4 | rows=[68] | cols=[2] | col_header=False | row_header=False | metadata=False
Cell E69 | value='MAM - treatment for moderate acute malnutrition' | fill=4 | rows=[68] | cols=[4] | col_header=False | row_header=False | metadata=False
Cell H69 | value='0' | fill=00000000 | rows=[68] | cols=[7] | col_header=False | row_header=False | metadata=False
Cell I69 | value='0' | fill=00000000 | rows=[68] | cols=[8] | col_header=False | row_header=False | metadata=False
Cell J69 | value='NA' | fill=00000000 | rows=[68] | cols=[9] | col_header=False | row_header=False | metadata=False
Cell B70 | value='71' | fill=8 | rows=[69] | cols=[1] | col_header=False | row_header=False | metadata=False
Cell C70 | value='54' | fill=8 | rows=[69] | cols=[2] | col_header=False | row_header=False | metadata=False
Cell E70 | value='ITN/IRS - Households protected from malaria' | fill=8 | rows=[69] | cols=[4] | col_header=False | row_header=False | metadata=False
Cell H70 | value='0' | fill=00000000 | rows=[69] | cols=[7] | col_header=False | row_header=False | metadata=False
Cell I70 | value='0' | fill=00000000 | rows=[69] | cols=[8] | col_header=False | row_header=False | metadata=False
Cell J70 | value='NA' | fill=00000000 | rows=[69] | cols=[9] | col_header=False | row_header=False | metadata=False

