=== sport-table01.xlsx ===
Cell B2 | value='German Bundes League' | fill=FF00B0F0 | rows=[1, 2] | cols=[1, 2, 3, 4, 5, 6, 7, 8, 9, 10, 11, 12, 13, 14, 15, 16, 17, 18, 19, 20, 21, 22, 23, 24, 25, 26, 27, 28, 29, 30] | col_header=False | row_header=False | metadata=True
Cell D4 | value='Ranking System' | fill=00000000 | rows=[3] | cols=[3, 4, 5, 6] | col_header=False | row_header=False | metadata=False
Cell H4 | value='Total' | fill=00000000 | rows=[3] | cols=[7, 8, 9, 10, 11, 12, 13, 14] | col_header=False | row_header=False | metadata=False
Cell P4 | value='Home' | fill=00000000 | rows=[3] | cols=[15, 16, 17, 18, 19, 20, 21, 22] | col_header=False | row_header=False | metadata=False
Cell X4 | value='Away' | fill=00000000 | rows=[3] | cols=[23, 24, 25, 26, 27, 28, 29, 30] | col_header=False | row_header=False | metadata=False
Cell B5 | value='Ranking' | fill=FFFFFF00 | rows=[4] | cols=[1] | col_header=True | row_header=False | metadata=False
Cell C5 | value='Team' | fill=FFFFFF00 | rows=[4] | cols=[2] | col_header=True | row_header=False | metadata=False
Cell D5 | value='POINTS' | fill=00000000 | rows=[4] | cols=[3] | col_header=False | row_header=False | metadata=False
Cell E5 | value='GD' | fill=00000000 | rows=[4] | cols=[4] | col_header=False | row_header=False | metadata=False
Cell F5 | value='GS' | fill=00000000 | rows=[4] | cols=[5] | col_header=False | row_header=False | metadata=False
Cell G5 | value='GA' | fill=00000000 | rows=[4] | cols=[6] | col_header=False | row_header=False | metadata=False
Cell H5 | value='GP' | fill=00000000 | rows=[4] | cols=[7] | col_header=False | row_header=False | metadata=False
Cell I5 | value='W' | fill=00000000 | rows=[4] | cols=[8] | col_header=False | row_header=False | metadata=False
Cell J5 | value='D' | fill=00000000 | rows=[4] | cols=[9] | col_header=False | row_header=False | metadata=False
Cell K5 | value='L' | fill=00000000 | rows=[4] | cols=[10] | col_header=False | row_header=False | metadata=False
Cell L5 | value='GS' | fill=00000000 | rows=[4] | cols=[11] | col_header=False | row_header=False | metadata=False
Cell M5 | value='GR' | fill=00000000 | rows=[4] | cols=[12] | col_header=False | row_header=False | metadata=False
Cell N5 | value='GD' | fill=00000000 | rows=[4] | cols=[13] | col_header=False | row_header=False | metadata=False
Cell O5 | value='P' | fill=00000000 | rows=[4] | cols=[14] | col_header=False | row_header=False | metadata=False
Cell P5 | value='GP' | fill=00000000 | rows=[4] | cols=[15] | col_header=False | row_header=False | metadata=False
Cell Q5 | value='W' | fill=00000000 | rows=[4] | cols=[16] | col_header=False | row_header=False | metadata=False
Cell R5 | value='D' | fill=00000000 | rows=[4] | cols=[17] | col_header=False | row_header=False | metadata=False
Cell S5 | value='L' | fill=00000000 | rows=[4] | cols=[18] | col_header=False | row_header=False | metadata=False
Cell T5 | value='GS' | fill=00000000 | rows=[4] | cols=[19] | col_header=False | row_header=False | metadata=False
Cell U5 | value='GR' | fill=00000000 | rows=[4] | cols=[20] | col_header=False | row_header=False | metadata=False
Cell V5 | value='GD' | fill=00000000 | rows=[4] | cols=[21] | col_header=False | row_header=False | metadata=False
Cell W5 | value='P' | fill=00000000 | rows=[4] | cols=[22] | col_header=False | row_header=False | metadata=False
Cell X5 | value='GP' | fill=00000000 | rows=[4] | cols=[23] | col_header=False | row_header=False | metadata=False
Cell Y5 | value='W' | fill=00000000 | rows=[4] | cols=[24] | col_header=False | row_header=False | metadata=False
Cell Z5 | value='D' | fill=00000000 | rows=[4] | cols=[25] | col_header=False | row_header=False | metadata=False
Cell AA5 | value='L' | fill=00000000 | rows=[4] | cols=[26] | col_header=False | row_header=False | metadata=False
Cell AB5 | value='GS' | fill=00000000 | rows=[4] | cols=[27] | col_header=False | row_header=False | metadata=False
Cell AC5 | value='GR' | fill=00000000 | rows=[4] | cols=[28] | col_header=False | row_header=False | metadata=False
Cell AD5 | value='GD' | fill=00000000 | rows=[4] | cols=[29] | col_header=False | row_header=False | metadata=False
Cell AE5 | value='P' | fill=00000000 | rows=[4] | cols=[30] | col_header=False | row_header=False | metadata=False
Cell AH5 | value='Explanation' | fill=FFFFFF00 | rows=[4] | cols=[33] | col_header=True | row_header=False | metadata=False
Cell B6 | value='9' | fill=00000000 | rows=[5] | cols=[1] | col_header=False | row_header=False | metadata=False
Cell C6 | value='Eintracht Frankfurt' | fill=00000000 | rows=[5] | cols=[2] | col_header=False | row_header=False | metadata=False
Cell D6 | value='9' | fill=00000000 | rows=[5] | cols=[3] | col_header=False | row_header=False | metadata=False
Cell E6 | value='0' | fill=00000000 | rows=[5] | cols=[4] | col_header=False | row_header=False | metadata=False
Cell F6 | value='0' | fill=00000000 | rows=[5] | cols=[5] | col_header=False | row_header=False | metadata=False
Cell G6 | value='0' | fill=00000000 | rows=[5] | cols=[6] | col_header=False | row_header=False | metadata=False
Cell H6 | value='34' | fill=00000000 | rows=[5] | cols=[7] | col_header=False | row_header=False | metadata=False
Cell I6 | value='11' | fill=00000000 | rows=[5] | cols=[8] | col_header=False | row_header=False | metadata=False
Cell J6 | value='10' | fill=00000000 | rows=[5] | cols=[9] | col_header=False | row_header=False | metadata=False
Cell K6 | value='10' | fill=00000000 | rows=[5] | cols=[10] | col_header=False | row_header=False | metadata=False
Cell L6 | value='51' | fill=00000000 | rows=[5] | cols=[11] | col_header=False | row_header=False | metadata=False
Cell M6 | value='49' | fill=00000000 | rows=[5] | cols=[12] | col_header=False | row_header=False | metadata=False
Cell N6 | value='2' | fill=00000000 | rows=[5] | cols=[13] | col_header=False | row_header=False | metadata=False
Cell O6 | value='43' | fill=00000000 | rows=[5] | cols=[14] | col_header=False | row_header=False | metadata=False
Cell P6 | value='17' | fill=00000000 | rows=[5] | cols=[15] | col_header=False | row_header=False | metadata=False
Cell Q6 | value='7' | fill=00000000 | rows=[5] | cols=[16] | col_header=False | row_header=False | metadata=False
Cell R6 | value='5' | fill=00000000 | rows=[5] | cols=[17] | col_header=False | row_header=False | metadata=False
Cell S6 | value='3' | fill=00000000 | rows=[5] | cols=[18] | col_header=False | row_header=False | metadata=False
Cell T6 | value='30' | fill=00000000 | rows=[5] | cols=[19] | col_header=False | row_header=False | metadata=False
Cell U6 | value='17' | fill=00000000 | rows=[5] | cols=[20] | col_header=False | row_header=False | metadata=False
Cell V6 | value='13' | fill=00000000 | rows=[5] | cols=[21] | col_header=False | row_header=False | metadata=False
Cell W6 | value='26' | fill=00000000 | rows=[5] | cols=[22] | col_header=False | row_header=False | metadata=False
Cell X6 | value='17' | fill=00000000 | rows=[5] | cols=[23] | col_header=False | row_header=False | metadata=False
Cell Y6 | value='4' | fill=00000000 | rows=[5] | cols=[24] | col_header=False | row_header=False | metadata=False
Cell Z6 | value='5' | fill=00000000 | rows=[5] | cols=[25] | col_header=False | row_header=False | metadata=False
Cell AA6 | value='7' | fill=00000000 | rows=[5] | cols=[26] | col_header=False | row_header=False | metadata=False
Cell AB6 | value='21' | fill=00000000 | rows=[5] | cols=[27] | col_header=False | row_header=False | metadata=False
Cell AC6 | value='32' | fill=00000000 | rows=[5] | cols=[28] | col_header=False | row_header=False | metadata=False
Cell AD6 | value='-11' | fill=00000000 | rows=[5] | cols=[29] | col_header=False | row_header=False | metadata=False
Cell AE6 | value='17' | fill=00000000 | rows=[5] | cols=[30] | col_header=False | row_header=False | metadata=False
Cell B7 | value='1' | fill=00000000 | rows=[6] | cols=[1] | col_header=False | row_header=False | metadata=False
Cell C7 | value='Bayern Munich' | fill=00000000 | rows=[6] | cols=[2] | col_header=False | row_header=False | metadata=False
Cell D7 | value='1' | fill=00000000 | rows=[6] | cols=[3] | col_header=False | row_header=False | metadata=False
Cell E7 | value='0' | fill=00000000 | rows=[6] | cols=[4] | col_header=False | row_header=False | metadata=False
Cell F7 | value='0' | fill=00000000 | rows=[6] | cols=[5] | col_header=False | row_header=False | metadata=False
Cell G7 | value='0' | fill=00000000 | rows=[6] | cols=[6] | col_header=False | row_header=False | metadata=False
Cell H7 | value='34' | fill=00000000 | rows=[6] | cols=[7] | col_header=False | row_header=False | metadata=False
Cell I7 | value='19' | fill=00000000 | rows=[6] | cols=[8] | col_header=False | row_header=False | metadata=False
Cell J7 | value='8' | fill=00000000 | rows=[6] | cols=[9] | col_header=False | row_header=False | metadata=False
Cell K7 | value='4' | fill=00000000 | rows=[6] | cols=[10] | col_header=False | row_header=False | metadata=False
Cell L7 | value='83' | fill=00000000 | rows=[6] | cols=[11] | col_header=False | row_header=False | metadata=False
Cell M7 | value='34' | fill=00000000 | rows=[6] | cols=[12] | col_header=False | row_header=False | metadata=False
Cell N7 | value='49' | fill=00000000 | rows=[6] | cols=[13] | col_header=False | row_header=False | metadata=False
Cell O7 | value='65' | fill=00000000 | rows=[6] | cols=[14] | col_header=False | row_header=False | metadata=False
Cell P7 | value='17' | fill=00000000 | rows=[6] | cols=[15] | col_header=False | row_header=False | metadata=False
Cell Q7 | value='10' | fill=00000000 | rows=[6] | cols=[16] | col_header=False | row_header=False | metadata=False
Cell R7 | value='5' | fill=00000000 | rows=[6] | cols=[17] | col_header=False | row_header=False | metadata=False
Cell S7 | value='0' | fill=00000000 | rows=[6] | cols=[18] | col_header=False | row_header=False | metadata=False
Cell T7 | value='46' | fill=00000000 | rows=[6] | cols=[19] | col_header=False | row_header=False | metadata=False
Cell U7 | value='14' | fill=00000000 | rows=[6] | cols=[20] | col_header=False | row_header=False | metadata=False
Cell V7 | value='32' | fill=00000000 | rows=[6] | cols=[21] | col_header=False | row_header=False | metadata=False
Cell W7 | value='35' | fill=00000000 | rows=[6] | cols=[22] | col_header=False | row_header=False | metadata=False
Cell X7 | value='17' | fill=00000000 | rows=[6] | cols=[23] | col_header=False | row_header=False | metadata=False
Cell Y7 | value='9' | fill=00000000 | rows=[6] | cols=[24] | col_header=False | row_header=False | metadata=False
Cell Z7 | value='3' | fill=00000000 | rows=[6] | cols=[25] | col_header=False | row_header=False | metadata=False
Cell AA7 | value='4' | fill=00000000 | rows=[6] | cols=[26] | col_header=False | row_header=False | metadata=False
Cell AB7 | value='37' | fill=00000000 | rows=[6] | cols=[27] | col_header=False | row_header=False | metadata=False
Cell AC7 | value='20' | fill=00000000 | rows=[6] | cols=[28] | col_header=False | row_header=False | metadata=False
Cell AD7 | value='17' | fill=00000000 | rows=[6] | cols=[29] | col_header=False | row_header=False | metadata=False
Cell AE7 | value='30' | fill=00000000 | rows=[6] | cols=[30] | col_header=False | row_header=False | metadata=False
Cell AG7 | value='GP' | fill=00000000 | rows=[6] | cols=[32] | col_header=False | row_header=False | metadata=False
Cell AH7 | value='Games played' | fill=00000000 | rows=[6] | cols=[33] | col_header=False | row_header=False | metadata=False
Cell B8 | value='7' | fill=00000000 | rows=[7] | cols=[1] | col_header=False | row_header=False | metadata=False
Cell C8 | value='Wolfsburg' | fill=00000000 | rows=[7] | cols=[2] | col_header=False | row_header=False | metadata=False
Cell D8 | value='7' | fill=00000000 | rows=[7] | cols=[3] | col_header=False | row_header=False | metadata=False
Cell E8 | value='0' | fill=00000000 | rows=[7] | cols=[4] | col_header=False | row_header=False | metadata=False
Cell F8 | value='0' | fill=00000000 | rows=[7] | cols=[5] | col_header=False | row_header=False | metadata=False
Cell G8 | value='0' | fill=00000000 | rows=[7] | cols=[6] | col_header=False | row_header=False | metadata=False
Cell H8 | value='34' | fill=00000000 | rows=[7] | cols=[7] | col_header=False | row_header=False | metadata=False
Cell I8 | value='12' | fill=00000000 | rows=[7] | cols=[8] | col_header=False | row_header=False | metadata=False
Cell J8 | value='10' | fill=00000000 | rows=[7] | cols=[9] | col_header=False | row_header=False | metadata=False
Cell K8 | value='9' | fill=00000000 | rows=[7] | cols=[10] | col_header=False | row_header=False | metadata=False
Cell L8 | value='54' | fill=00000000 | rows=[7] | cols=[11] | col_header=False | row_header=False | metadata=False
Cell M8 | value='43' | fill=00000000 | rows=[7] | cols=[12] | col_header=False | row_header=False | metadata=False
Cell N8 | value='11' | fill=00000000 | rows=[7] | cols=[13] | col_header=False | row_header=False | metadata=False
Cell O8 | value='46' | fill=00000000 | rows=[7] | cols=[14] | col_header=False | row_header=False | metadata=False
Cell P8 | value='17' | fill=00000000 | rows=[7] | cols=[15] | col_header=False | row_header=False | metadata=False
Cell Q8 | value='5' | fill=00000000 | rows=[7] | cols=[16] | col_header=False | row_header=False | metadata=False
Cell R8 | value='7' | fill=00000000 | rows=[7] | cols=[17] | col_header=False | row_header=False | metadata=False
Cell S8 | value='3' | fill=00000000 | rows=[7] | cols=[18] | col_header=False | row_header=False | metadata=False
Cell T8 | value='31' | fill=00000000 | rows=[7] | cols=[19] | col_header=False | row_header=False | metadata=False
Cell U8 | value='22' | fill=00000000 | rows=[7] | cols=[20] | col_header=False | row_header=False | metadata=False
Cell V8 | value='9' | fill=00000000 | rows=[7] | cols=[21] | col_header=False | row_header=False | metadata=False
Cell W8 | value='22' | fill=00000000 | rows=[7] | cols=[22] | col_header=False | row_header=False | metadata=False
Cell X8 | value='17' | fill=00000000 | rows=[7] | cols=[23] | col_header=False | row_header=False | metadata=False
Cell Y8 | value='7' | fill=00000000 | rows=[7] | cols=[24] | col_header=False | row_header=False | metadata=False
Cell Z8 | value='3' | fill=00000000 | rows=[7] | cols=[25] | col_header=False | row_header=False | metadata=False
Cell AA8 | value='6' | fill=00000000 | rows=[7] | cols=[26] | col_header=False | row_header=False | metadata=False
Cell AB8 | value='23' | fill=00000000 | rows=[7] | cols=[27] | col_header=False | row_header=False | metadata=False
Cell AC8 | value='21' | fill=00000000 | rows=[7] | cols=[28] | col_header=False | row_header=False | metadata=False
Cell AD8 | value='2' | fill=00000000 | rows=[7] | cols=[29] | col_header=False | row_header=False | metadata=False
Cell AE8 | value='24' | fill=00000000 | rows=[7] | cols=[30] | col_header=False | row_header=False | metadata=False
Cell AG8 | value='W' | fill=00000000 | rows=[7] | cols=[32] | col_header=False | row_header=False | metadata=False
Cell AH8 | value='Wins' | fill=00000000 | rows=[7] | cols=[33] | col_header=False | row_header=False | metadata=False
Cell B9 | value='12' | fill=00000000 | rows=[8] | cols=[1] | col_header=False | row_header=False | metadata=False
Cell C9 | value='Werder Bremen' | fill=00000000 | rows=[8] | cols=[2] | col_header=False | row_header=False | metadata=False
Cell D9 | value='12' | fill=00000000 | rows=[8] | cols=[3] | col_header=False | row_header=False | metadata=False
Cell E9 | value='0' | fill=00000000 | rows=[8] | cols=[4] | col_header=False | row_header=False | metadata=False
Cell F9 | value='0' | fill=00000000 | rows=[8] | cols=[5] | col_header=False | row_header=False | metadata=False
Cell G9 | value='0' | fill=00000000 | rows=[8] | cols=[6] | col_header=False | row_header=False | metadata=False
Cell H9 | value='34' | fill=00000000 | rows=[8] | cols=[7] | col_header=False | row_header=False | metadata=False
Cell I9 | value='10' | fill=00000000 | rows=[8] | cols=[8] | col_header=False | row_header=False | metadata=False
Cell J9 | value='5' | fill=00000000 | rows=[8] | cols=[9] | col_header=False | row_header=False | metadata=False
Cell K9 | value='16' | fill=00000000 | rows=[8] | cols=[10] | col_header=False | row_header=False | metadata=False
Cell L9 | value='49' | fill=00000000 | rows=[8] | cols=[11] | col_header=False | row_header=False | metadata=False
Cell M9 | value='60' | fill=00000000 | rows=[8] | cols=[12] | col_header=False | row_header=False | metadata=False
Cell N9 | value='-11' | fill=00000000 | rows=[8] | cols=[13] | col_header=False | row_header=False | metadata=False
Cell O9 | value='35' | fill=00000000 | rows=[8] | cols=[14] | col_header=False | row_header=False | metadata=False
Cell P9 | value='17' | fill=00000000 | rows=[8] | cols=[15] | col_header=False | row_header=False | metadata=False
Cell Q9 | value='5' | fill=00000000 | rows=[8] | cols=[16] | col_header=False | row_header=False | metadata=False
Cell R9 | value='1' | fill=00000000 | rows=[8] | cols=[17] | col_header=False | row_header=False | metadata=False
Cell S9 | value='10' | fill=00000000 | rows=[8] | cols=[18] | col_header=False | row_header=False | metadata=False
Cell T9 | value='25' | fill=00000000 | rows=[8] | cols=[19] | col_header=False | row_header=False | metadata=False
Cell U9 | value='27' | fill=00000000 | rows=[8] | cols=[20] | col_header=False | row_header=False | metadata=False
Cell V9 | value='-2' | fill=00000000 | rows=[8] | cols=[21] | col_header=False | row_header=False | metadata=False
Cell W9 | value='16' | fill=00000000 | rows=[8] | cols=[22] | col_header=False | row_header=False | metadata=False
Cell X9 | value='17' | fill=00000000 | rows=[8] | cols=[23] | col_header=False | row_header=False | metadata=False
Cell Y9 | value='5' | fill=00000000 | rows=[8] | cols=[24] | col_header=False | row_header=False | metadata=False
Cell Z9 | value='4' | fill=00000000 | rows=[8] | cols=[25] | col_header=False | row_header=False | metadata=False
Cell AA9 | value='6' | fill=00000000 | rows=[8] | cols=[26] | col_header=False | row_header=False | metadata=False
Cell AB9 | value='24' | fill=00000000 | rows=[8] | cols=[27] | col_header=False | row_header=False | metadata=False
Cell AC9 | value='33' | fill=00000000 | rows=[8] | cols=[28] | col_header=False | row_header=False | metadata=False
Cell AD9 | value='-9' | fill=00000000 | rows=[8] | cols=[29] | col_header=False | row_header=False | metadata=False
Cell AE9 | value='19' | fill=00000000 | rows=[8] | cols=[30] | col_header=False | row_header=False | metadata=False
Cell AG9 | value='D' | fill=00000000 | rows=[8] | cols=[32] | col_header=False | row_header=False | metadata=False
Cell AH9 | value='Draws' | fill=00000000 | rows=[8] | cols=[33] | col_header=False | row_header=False | metadata=False
Cell B10 | value='4' | fill=00000000 | rows=[9] | cols=[1] | col_header=False | row_header=False | metadata=False
Cell C10 | value='Union Berlin' | fill=00000000 | rows=[9] | cols=[2] | col_header=False | row_header=False | metadata=False
Cell D10 | value='4' | fill=00000000 | rows=[9] | cols=[3] | col_header=False | row_header=False | metadata=False
Cell E10 | value='0' | fill=00000000 | rows=[9] | cols=[4] | col_header=False | row_header=False | metadata=False
Cell F10 | value='0' | fill=00000000 | rows=[9] | cols=[5] | col_header=False | row_header=False | metadata=False
Cell G10 | value='0' | fill=00000000 | rows=[9] | cols=[6] | col_header=False | row_header=False | metadata=False
Cell H10 | value='34' | fill=00000000 | rows=[9] | cols=[7] | col_header=False | row_header=False | metadata=False
Cell I10 | value='16' | fill=00000000 | rows=[9] | cols=[8] | col_header=False | row_header=False | metadata=False
Cell J10 | value='8' | fill=00000000 | rows=[9] | cols=[9] | col_header=False | row_header=False | metadata=False
Cell K10 | value='7' | fill=00000000 | rows=[9] | cols=[10] | col_header=False | row_header=False | metadata=False
Cell L10 | value='44' | fill=00000000 | rows=[9] | cols=[11] | col_header=False | row_header=False | metadata=False
Cell M10 | value='32' | fill=00000000 | rows=[9] | cols=[12] | col_header=False | row_header=False | metadata=False
Cell N10 | value='12' | fill=00000000 | rows=[9] | cols=[13] | col_header=False | row_header=False | metadata=False
Cell O10 | value='56' | fill=00000000 | rows=[9] | cols=[14] | col_header=False | row_header=False | metadata=False
Cell P10 | value='17' | fill=00000000 | rows=[9] | cols=[15] | col_header=False | row_header=False | metadata=False
Cell Q10 | value='9' | fill=00000000 | rows=[9] | cols=[16] | col_header=False | row_header=False | metadata=False
Cell R10 | value='6' | fill=00000000 | rows=[9] | cols=[17] | col_header=False | row_header=False | metadata=False
Cell S10 | value='0' | fill=00000000 | rows=[9] | cols=[18] | col_header=False | row_header=False | metadata=False
Cell T10 | value='25' | fill=00000000 | rows=[9] | cols=[19] | col_header=False | row_header=False | metadata=False
Cell U10 | value='9' | fill=00000000 | rows=[9] | cols=[20] | col_header=False | row_header=False | metadata=False
Cell V10 | value='16' | fill=00000000 | rows=[9] | cols=[21] | col_header=False | row_header=False | metadata=False
Cell W10 | value='33' | fill=00000000 | rows=[9] | cols=[22] | col_header=False | row_header=False | metadata=False
Cell X10 | value='17' | fill=00000000 | rows=[9] | cols=[23] | col_header=False | row_header=False | metadata=False
Cell Y10 | value='7' | fill=00000000 | rows=[9] | cols=[24] | col_header=False | row_header=False | metadata=False
Cell Z10 | value='2' | fill=00000000 | rows=[9] | cols=[25] | col_header=False | row_header=False | metadata=False
Cell AA10 | value='7' | fill=00000000 | rows=[9] | cols=[26] | col_header=False | row_header=False | metadata=False
Cell AB10 | value='19' | fill=00000000 | rows=[9] | cols=[27] | col_header=False | row_header=False | metadata=False
Cell AC10 | value='23' | fill=00000000 | rows=[9] | cols=[28] | col_header=False | row_header=False | metadata=False
Cell AD10 | value='-4' | fill=00000000 | rows=[9] | cols=[29] | col_header=False | row_header=False | metadata=False
Cell AE10 | value='23' | fill=00000000 | rows=[9] | cols=[30] | col_header=False | row_header=False | metadata=False
Cell AG10 | value='L' | fill=00000000 | rows=[9] | cols=[32] | col_header=False | row_header=False | metadata=False
Cell AH10 | value='Losses' | fill=00000000 | rows=[9] | cols=[33] | col_header=False | row_header=False | metadata=False
Cell B11 | value='18' | fill=00000000 | rows=[10] | cols=[1] | col_header=False | row_header=False | metadata=False
Cell C11 | value='Hertha Berlin' | fill=00000000 | rows=[10] | cols=[2] | col_header=False | row_header=False | metadata=False
Cell D11 | value='18' | fill=00000000 | rows=[10] | cols=[3] | col_header=False | row_header=False | metadata=False
Cell E11 | value='0' | fill=00000000 | rows=[10] | cols=[4] | col_header=False | row_header=False | metadata=False
Cell F11 | value='0' | fill=00000000 | rows=[10] | cols=[5] | col_header=False | row_header=False | metadata=False
Cell G11 | value='0' | fill=00000000 | rows=[10] | cols=[6] | col_header=False | row_header=False | metadata=False
Cell H11 | value='34' | fill=00000000 | rows=[10] | cols=[7] | col_header=False | row_header=False | metadata=False
Cell I11 | value='6' | fill=00000000 | rows=[10] | cols=[8] | col_header=False | row_header=False | metadata=False
Cell J11 | value='7' | fill=00000000 | rows=[10] | cols=[9] | col_header=False | row_header=False | metadata=False
Cell K11 | value='18' | fill=00000000 | rows=[10] | cols=[10] | col_header=False | row_header=False | metadata=False
Cell L11 | value='37' | fill=00000000 | rows=[10] | cols=[11] | col_header=False | row_header=False | metadata=False
Cell M11 | value='62' | fill=00000000 | rows=[10] | cols=[12] | col_header=False | row_header=False | metadata=False
Cell N11 | value='-25' | fill=00000000 | rows=[10] | cols=[13] | col_header=False | row_header=False | metadata=False
Cell O11 | value='25' | fill=00000000 | rows=[10] | cols=[14] | col_header=False | row_header=False | metadata=False
Cell P11 | value='17' | fill=00000000 | rows=[10] | cols=[15] | col_header=False | row_header=False | metadata=False
Cell Q11 | value='5' | fill=00000000 | rows=[10] | cols=[16] | col_header=False | row_header=False | metadata=False
Cell R11 | value='5' | fill=00000000 | rows=[10] | cols=[17] | col_header=False | row_header=False | metadata=False
Cell S11 | value='6' | fill=00000000 | rows=[10] | cols=[18] | col_header=False | row_header=False | metadata=False
Cell T11 | value='23' | fill=00000000 | rows=[10] | cols=[19] | col_header=False | row_header=False | metadata=False
Cell U11 | value='26' | fill=00000000 | rows=[10] | cols=[20] | col_header=False | row_header=False | metadata=False
Cell V11 | value='-3' | fill=00000000 | rows=[10] | cols=[21] | col_header=False | row_header=False | metadata=False
Cell W11 | value='20' | fill=00000000 | rows=[10] | cols=[22] | col_header=False | row_header=False | metadata=False
Cell X11 | value='17' | fill=00000000 | rows=[10] | cols=[23] | col_header=False | row_header=False | metadata=False
Cell Y11 | value='1' | fill=00000000 | rows=[10] | cols=[24] | col_header=False | row_header=False | metadata=False
Cell Z11 | value='2' | fill=00000000 | rows=[10] | cols=[25] | col_header=False | row_header=False | metadata=False
Cell AA11 | value='12' | fill=00000000 | rows=[10] | cols=[26] | col_header=False | row_header=False | metadata=False
Cell AB11 | value='14' | fill=00000000 | rows=[10] | cols=[27] | col_header=False | row_header=False | metadata=False
Cell AC11 | value='36' | fill=00000000 | rows=[10] | cols=[28] | col_header=False | row_header=False | metadata=False
Cell AD11 | value='-22' | fill=00000000 | rows=[10] | cols=[29] | col_header=False | row_header=False | metadata=False
Cell AE11 | value='5' | fill=00000000 | rows=[10] | cols=[30] | col_header=False | row_header=False | metadata=False
Cell AG11 | value='GS' | fill=00000000 | rows=[10] | cols=[32] | col_header=False | row_header=False | metadata=False
Cell AH11 | value='Goals scored' | fill=00000000 | rows=[10] | cols=[33] | col_header=False | row_header=False | metadata=False
Cell B12 | value='17' | fill=00000000 | rows=[11] | cols=[1] | col_header=False | row_header=False | metadata=False
Cell C12 | value='Bochum' | fill=00000000 | rows=[11] | cols=[2] | col_header=False | row_header=False | metadata=False
Cell D12 | value='16' | fill=00000000 | rows=[11] | cols=[3] | col_header=False | row_header=False | metadata=False
Cell E12 | value='1' | fill=00000000 | rows=[11] | cols=[4] | col_header=False | row_header=False | metadata=False
Cell F12 | value='0' | fill=00000000 | rows=[11] | cols=[5] | col_header=False | row_header=False | metadata=False
Cell G12 | value='0' | fill=00000000 | rows=[11] | cols=[6] | col_header=False | row_header=False | metadata=False
Cell H12 | value='34' | fill=00000000 | rows=[11] | cols=[7] | col_header=False | row_header=False | metadata=False
Cell I12 | value='8' | fill=00000000 | rows=[11] | cols=[8] | col_header=False | row_header=False | metadata=False
Cell J12 | value='4' | fill=00000000 | rows=[11] | cols=[9] | col_header=False | row_header=False | metadata=False
Cell K12 | value='19' | fill=00000000 | rows=[11] | cols=[10] | col_header=False | row_header=False | metadata=False
Cell L12 | value='33' | fill=00000000 | rows=[11] | cols=[11] | col_header=False | row_header=False | metadata=False
Cell M12 | value='69' | fill=00000000 | rows=[11] | cols=[12] | col_header=False | row_header=False | metadata=False
Cell N12 | value='-36' | fill=00000000 | rows=[11] | cols=[13] | col_header=False | row_header=False | metadata=False
Cell O12 | value='28' | fill=00000000 | rows=[11] | cols=[14] | col_header=False | row_header=False | metadata=False
Cell P12 | value='17' | fill=00000000 | rows=[11] | cols=[15] | col_header=False | row_header=False | metadata=False
Cell Q12 | value='6' | fill=00000000 | rows=[11] | cols=[16] | col_header=False | row_header=False | metadata=False
Cell R12 | value='2' | fill=00000000 | rows=[11] | cols=[17] | col_header=False | row_header=False | metadata=False
Cell S12 | value='7' | fill=00000000 | rows=[11] | cols=[18] | col_header=False | row_header=False | metadata=False
Cell T12 | value='22' | fill=00000000 | rows=[11] | cols=[19] | col_header=False | row_header=False | metadata=False
Cell U12 | value='30' | fill=00000000 | rows=[11] | cols=[20] | col_header=False | row_header=False | metadata=False
Cell V12 | value='-8' | fill=00000000 | rows=[11] | cols=[21] | col_header=False | row_header=False | metadata=False
Cell W12 | value='20' | fill=00000000 | rows=[11] | cols=[22] | col_header=False | row_header=False | metadata=False
Cell X12 | value='17' | fill=00000000 | rows=[11] | cols=[23] | col_header=False | row_header=False | metadata=False
Cell Y12 | value='2' | fill=00000000 | rows=[11] | cols=[24] | col_header=False | row_header=False | metadata=False
Cell Z12 | value='2' | fill=00000000 | rows=[11] | cols=[25] | col_header=False | row_header=False | metadata=False
Cell AA12 | value='12' | fill=00000000 | rows=[11] | cols=[26] | col_header=False | row_header=False | metadata=False
Cell AB12 | value='11' | fill=00000000 | rows=[11] | cols=[27] | col_header=False | row_header=False | metadata=False
Cell AC12 | value='39' | fill=00000000 | rows=[11] | cols=[28] | col_header=False | row_header=False | metadata=False
Cell AD12 | value='-28' | fill=00000000 | rows=[11] | cols=[29] | col_header=False | row_header=False | metadata=False
Cell AE12 | value='8' | fill=00000000 | rows=[11] | cols=[30] | col_header=False | row_header=False | metadata=False
Cell AG12 | value='GR' | fill=00000000 | rows=[11] | cols=[32] | col_header=False | row_header=False | metadata=False
Cell AH12 | value='Goals received' | fill=00000000 | rows=[11] | cols=[33] | col_header=False | row_header=False | metadata=False
Cell B13 | value='8' | fill=00000000 | rows=[12] | cols=[1] | col_header=False | row_header=False | metadata=False
Cell C13 | value='Mainz' | fill=00000000 | rows=[12] | cols=[2] | col_header=False | row_header=False | metadata=False
Cell D13 | value='8' | fill=00000000 | rows=[12] | cols=[3] | col_header=False | row_header=False | metadata=False
Cell E13 | value='0' | fill=00000000 | rows=[12] | cols=[4] | col_header=False | row_header=False | metadata=False
Cell F13 | value='0' | fill=00000000 | rows=[12] | cols=[5] | col_header=False | row_header=False | metadata=False
Cell G13 | value='0' | fill=00000000 | rows=[12] | cols=[6] | col_header=False | row_header=False | metadata=False
Cell H13 | value='34' | fill=00000000 | rows=[12] | cols=[7] | col_header=False | row_header=False | metadata=False
Cell I13 | value='12' | fill=00000000 | rows=[12] | cols=[8] | col_header=False | row_header=False | metadata=False
Cell J13 | value='9' | fill=00000000 | rows=[12] | cols=[9] | col_header=False | row_header=False | metadata=False
Cell K13 | value='10' | fill=00000000 | rows=[12] | cols=[10] | col_header=False | row_header=False | metadata=False
Cell L13 | value='51' | fill=00000000 | rows=[12] | cols=[11] | col_header=False | row_header=False | metadata=False
Cell M13 | value='46' | fill=00000000 | rows=[12] | cols=[12] | col_header=False | row_header=False | metadata=False
Cell N13 | value='5' | fill=00000000 | rows=[12] | cols=[13] | col_header=False | row_header=False | metadata=False
Cell O13 | value='45' | fill=00000000 | rows=[12] | cols=[14] | col_header=False | row_header=False | metadata=False
Cell P13 | value='17' | fill=00000000 | rows=[12] | cols=[15] | col_header=False | row_header=False | metadata=False
Cell Q13 | value='6' | fill=00000000 | rows=[12] | cols=[16] | col_header=False | row_header=False | metadata=False
Cell R13 | value='6' | fill=00000000 | rows=[12] | cols=[17] | col_header=False | row_header=False | metadata=False
Cell S13 | value='4' | fill=00000000 | rows=[12] | cols=[18] | col_header=False | row_header=False | metadata=False
Cell T13 | value='30' | fill=00000000 | rows=[12] | cols=[19] | col_header=False | row_header=False | metadata=False
Cell U13 | value='21' | fill=00000000 | rows=[12] | cols=[20] | col_header=False | row_header=False | metadata=False
Cell V13 | value='9' | fill=00000000 | rows=[12] | cols=[21] | col_header=False | row_header=False | metadata=False
Cell W13 | value='24' | fill=00000000 | rows=[12] | cols=[22] | col_header=False | row_header=False | metadata=False
Cell X13 | value='17' | fill=00000000 | rows=[12] | cols=[23] | col_header=False | row_header=False | metadata=False
Cell Y13 | value='6' | fill=00000000 | rows=[12] | cols=[24] | col_header=False | row_header=False | metadata=False
Cell Z13 | value='3' | fill=00000000 | rows=[12] | cols=[25] | col_header=False | row_header=False | metadata=False
Cell AA13 | value='6' | fill=00000000 | rows=[12] | cols=[26] | col_header=False | row_header=False | metadata=False
Cell AB13 | value='21' | fill=00000000 | rows=[12] | cols=[27] | col_header=False | row_header=False | metadata=False
Cell AC13 | value='25' | fill=00000000 | rows=[12] | cols=[28] | col_header=False | row_header=False | metadata=False
Cell AD13 | value='-4' | fill=00000000 | rows=[12] | cols=[29] | col_header=False | row_header=False | metadata=False
Cell AE13 | value='21' | fill=00000000 | rows=[12] | cols=[30] | col_header=False | row_header=False | metadata=False
Cell AG13 | value='GD' | fill=00000000 | rows=[12] | cols=[32] | col_header=False | row_header=False | metadata=False
Cell AH13 | value='Goal difference' | fill=00000000 | rows=[12] | cols=[33] | col_header=False | row_header=False | metadata=False
Cell B14 | value='10' | fill=00000000 | rows=[13] | cols=[1] | col_header=False | row_header=False | metadata=False
Cell C14 | value='B. Monchengladbach' | fill=00000000 | rows=[13] | cols=[2] | col_header=False | row_header=False | metadata=False
Cell D14 | value='10' | fill=00000000 | rows=[13] | cols=[3] | col_header=False | row_header=False | metadata=False
Cell E14 | value='0' | fill=00000000 | rows=[13] | cols=[4] | col_header=False | row_header=False | metadata=False
Cell F14 | value='0' | fill=00000000 | rows=[13] | cols=[5] | col_header=False | row_header=False | metadata=False
Cell G14 | value='0' | fill=00000000 | rows=[13] | cols=[6] | col_header=False | row_header=False | metadata=False
Cell H14 | value='34' | fill=00000000 | rows=[13] | cols=[7] | col_header=False | row_header=False | metadata=False
Cell I14 | value='10' | fill=00000000 | rows=[13] | cols=[8] | col_header=False | row_header=False | metadata=False
Cell J14 | value='9' | fill=00000000 | rows=[13] | cols=[9] | col_header=False | row_header=False | metadata=False
Cell K14 | value='12' | fill=00000000 | rows=[13] | cols=[10] | col_header=False | row_header=False | metadata=False
Cell L14 | value='46' | fill=00000000 | rows=[13] | cols=[11] | col_header=False | row_header=False | metadata=False
Cell M14 | value='48' | fill=00000000 | rows=[13] | cols=[12] | col_header=False | row_header=False | metadata=False
Cell N14 | value='-2' | fill=00000000 | rows=[13] | cols=[13] | col_header=False | row_header=False | metadata=False
Cell O14 | value='39' | fill=00000000 | rows=[13] | cols=[14] | col_header=False | row_header=False | metadata=False
Cell P14 | value='17' | fill=00000000 | rows=[13] | cols=[15] | col_header=False | row_header=False | metadata=False
Cell Q14 | value='9' | fill=00000000 | rows=[13] | cols=[16] | col_header=False | row_header=False | metadata=False
Cell R14 | value='3' | fill=00000000 | rows=[13] | cols=[17] | col_header=False | row_header=False | metadata=False
Cell S14 | value='4' | fill=00000000 | rows=[13] | cols=[18] | col_header=False | row_header=False | metadata=False
Cell T14 | value='31' | fill=00000000 | rows=[13] | cols=[19] | col_header=False | row_header=False | metadata=False
Cell U14 | value='18' | fill=00000000 | rows=[13] | cols=[20] | col_header=False | row_header=False | metadata=False
Cell V14 | value='13' | fill=00000000 | rows=[13] | cols=[21] | col_header=False | row_header=False | metadata=False
Cell W14 | value='30' | fill=00000000 | rows=[13] | cols=[22] | col_header=False | row_header=False | metadata=False
Cell X14 | value='17' | fill=00000000 | rows=[13] | cols=[23] | col_header=False | row_header=False | metadata=False
Cell Y14 | value='1' | fill=00000000 | rows=[13] | cols=[24] | col_header=False | row_header=False | metadata=False
Cell Z14 | value='6' | fill=00000000 | rows=[13] | cols=[25] | col_header=False | row_header=False | metadata=False
Cell AA14 | value='8' | fill=00000000 | rows=[13] | cols=[26] | col_header=False | row_header=False | metadata=False
Cell AB14 | value='15' | fill=00000000 | rows=[13] | cols=[27] | col_header=False | row_header=False | metadata=False
Cell AC14 | value='30' | fill=00000000 | rows=[13] | cols=[28] | col_header=False | row_header=False | metadata=False
Cell AD14 | value='-15' | fill=00000000 | rows=[13] | cols=[29] | col_header=False | row_header=False | metadata=False
Cell AE14 | value='9' | fill=00000000 | rows=[13] | cols=[30] | col_header=False | row_header=False | metadata=False
Cell AG14 | value='P' | fill=00000000 | rows=[13] | cols=[32] | col_header=False | row_header=False | metadata=False
Cell AH14 | value='Points' | fill=00000000 | rows=[13] | cols=[33] | col_header=False | row_header=False | metadata=False
Cell B15 | value='14' | fill=00000000 | rows=[14] | cols=[1] | col_header=False | row_header=False | metadata=False
Cell C15 | value='Hoffenheim' | fill=00000000 | rows=[14] | cols=[2] | col_header=False | row_header=False | metadata=False
Cell D15 | value='14' | fill=00000000 | rows=[14] | cols=[3] | col_header=False | row_header=False | metadata=False
Cell E15 | value='0' | fill=00000000 | rows=[14] | cols=[4] | col_header=False | row_header=False | metadata=False
Cell F15 | value='0' | fill=00000000 | rows=[14] | cols=[5] | col_header=False | row_header=False | metadata=False
Cell G15 | value='0' | fill=00000000 | rows=[14] | cols=[6] | col_header=False | row_header=False | metadata=False
Cell H15 | value='34' | fill=00000000 | rows=[14] | cols=[7] | col_header=False | row_header=False | metadata=False
Cell I15 | value='9' | fill=00000000 | rows=[14] | cols=[8] | col_header=False | row_header=False | metadata=False
Cell J15 | value='5' | fill=00000000 | rows=[14] | cols=[9] | col_header=False | row_header=False | metadata=False
Cell K15 | value='17' | fill=00000000 | rows=[14] | cols=[10] | col_header=False | row_header=False | metadata=False
Cell L15 | value='42' | fill=00000000 | rows=[14] | cols=[11] | col_header=False | row_header=False | metadata=False
Cell M15 | value='52' | fill=00000000 | rows=[14] | cols=[12] | col_header=False | row_header=False | metadata=False
Cell N15 | value='-10' | fill=00000000 | rows=[14] | cols=[13] | col_header=False | row_header=False | metadata=False
Cell O15 | value='32' | fill=00000000 | rows=[14] | cols=[14] | col_header=False | row_header=False | metadata=False
Cell P15 | value='17' | fill=00000000 | rows=[14] | cols=[15] | col_header=False | row_header=False | metadata=False
Cell Q15 | value='6' | fill=00000000 | rows=[14] | cols=[16] | col_header=False | row_header=False | metadata=False
Cell R15 | value='2' | fill=00000000 | rows=[14] | cols=[17] | col_header=False | row_header=False | metadata=False
Cell S15 | value='8' | fill=00000000 | rows=[14] | cols=[18] | col_header=False | row_header=False | metadata=False
Cell T15 | value='24' | fill=00000000 | rows=[14] | cols=[19] | col_header=False | row_header=False | metadata=False
Cell U15 | value='27' | fill=00000000 | rows=[14] | cols=[20] | col_header=False | row_header=False | metadata=False
Cell V15 | value='-3' | fill=00000000 | rows=[14] | cols=[21] | col_header=False | row_header=False | metadata=False
Cell W15 | value='20' | fill=00000000 | rows=[14] | cols=[22] | col_header=False | row_header=False | metadata=False
Cell X15 | value='17' | fill=00000000 | rows=[14] | cols=[23] | col_header=False | row_header=False | metadata=False
Cell Y15 | value='3' | fill=00000000 | rows=[14] | cols=[24] | col_header=False | row_header=False | metadata=False
Cell Z15 | value='3' | fill=00000000 | rows=[14] | cols=[25] | col_header=False | row_header=False | metadata=False
Cell AA15 | value='9' | fill=00000000 | rows=[14] | cols=[26] | col_header=False | row_header=False | metadata=False
Cell AB15 | value='18' | fill=00000000 | rows=[14] | cols=[27] | col_header=False | row_header=False | metadata=False
Cell AC15 | value='25' | fill=00000000 | rows=[14] | cols=[28] | col_header=False | row_header=False | metadata=False
Cell AD15 | value='-7' | fill=00000000 | rows=[14] | cols=[29] | col_header=False | row_header=False | metadata=False
Cell AE15 | value='12' | fill=00000000 | rows=[14] | cols=[30] | col_header=False | row_header=False | metadata=False
Cell AG15 | value='GA' | fill=00000000 | rows=[14] | cols=[32] | col_header=False | row_header=False | metadata=False
Cell AH15 | value='Goals away' | fill=00000000 | rows=[14] | cols=[33] | col_header=False | row_header=False | metadata=False
Cell B16 | value='13' | fill=00000000 | rows=[15] | cols=[1] | col_header=False | row_header=False | metadata=False
Cell C16 | value='Augsburg' | fill=00000000 | rows=[15] | cols=[2] | col_header=False | row_header=False | metadata=False
Cell D16 | value='13' | fill=00000000 | rows=[15] | cols=[3] | col_header=False | row_header=False | metadata=False
Cell E16 | value='0' | fill=00000000 | rows=[15] | cols=[4] | col_header=False | row_header=False | metadata=False
Cell F16 | value='0' | fill=00000000 | rows=[15] | cols=[5] | col_header=False | row_header=False | metadata=False
Cell G16 | value='0' | fill=00000000 | rows=[15] | cols=[6] | col_header=False | row_header=False | metadata=False
Cell H16 | value='34' | fill=00000000 | rows=[15] | cols=[7] | col_header=False | row_header=False | metadata=False
Cell I16 | value='9' | fill=00000000 | rows=[15] | cols=[8] | col_header=False | row_header=False | metadata=False
Cell J16 | value='7' | fill=00000000 | rows=[15] | cols=[9] | col_header=False | row_header=False | metadata=False
Cell K16 | value='15' | fill=00000000 | rows=[15] | cols=[10] | col_header=False | row_header=False | metadata=False
Cell L16 | value='40' | fill=00000000 | rows=[15] | cols=[11] | col_header=False | row_header=False | metadata=False
Cell M16 | value='55' | fill=00000000 | rows=[15] | cols=[12] | col_header=False | row_header=False | metadata=False
Cell N16 | value='-15' | fill=00000000 | rows=[15] | cols=[13] | col_header=False | row_header=False | metadata=False
Cell O16 | value='34' | fill=00000000 | rows=[15] | cols=[14] | col_header=False | row_header=False | metadata=False
Cell P16 | value='17' | fill=00000000 | rows=[15] | cols=[15] | col_header=False | row_header=False | metadata=False
Cell Q16 | value='6' | fill=00000000 | rows=[15] | cols=[16] | col_header=False | row_header=False | metadata=False
Cell R16 | value='4' | fill=00000000 | rows=[15] | cols=[17] | col_header=False | row_header=False | metadata=False
Cell S16 | value='6' | fill=00000000 | rows=[15] | cols=[18] | col_header=False | row_header=False | metadata=False
Cell T16 | value='16' | fill=00000000 | rows=[15] | cols=[19] | col_header=False | row_header=False | metadata=False
Cell U16 | value='21' | fill=00000000 | rows=[15] | cols=[20] | col_header=False | row_header=False | metadata=False
Cell V16 | value='-5' | fill=00000000 | rows=[15] | cols=[21] | col_header=False | row_header=False | metadata=False
Cell W16 | value='22' | fill=00000000 | rows=[15] | cols=[22] | col_header=False | row_header=False | metadata=False
Cell X16 | value='17' | fill=00000000 | rows=[15] | cols=[23] | col_header=False | row_header=False | metadata=False
Cell Y16 | value='3' | fill=00000000 | rows=[15] | cols=[24] | col_header=False | row_header=False | metadata=False
Cell Z16 | value='3' | fill=00000000 | rows=[15] | cols=[25] | col_header=False | row_header=False | metadata=False
Cell AA16 | value='9' | fill=00000000 | rows=[15] | cols=[26] | col_header=False | row_header=False | metadata=False
Cell AB16 | value='24' | fill=00000000 | rows=[15] | cols=[27] | col_header=False | row_header=False | metadata=False
Cell AC16 | value='34' | fill=00000000 | rows=[15] | cols=[28] | col_header=False | row_header=False | metadata=False
Cell AD16 | value='-10' | fill=00000000 | rows=[15] | cols=[29] | col_header=False | row_header=False | metadata=False
Cell AE16 | value='12' | fill=00000000 | rows=[15] | cols=[30] | col_header=False | row_header=False | metadata=False
Cell B17 | value='5' | fill=00000000 | rows=[16] | cols=[1] | col_header=False | row_header=False | metadata=False
Cell C17 | value='Freiburg' | fill=00000000 | rows=[16] | cols=[2] | col_header=False | row_header=False | metadata=False
Cell D17 | value='4' | fill=00000000 | rows=[16] | cols=[3] | col_header=False | row_header=False | metadata=False
Cell E17 | value='1' | fill=00000000 | rows=[16] | cols=[4] | col_header=False | row_header=False | metadata=False
Cell F17 | value='0' | fill=00000000 | rows=[16] | cols=[5] | col_header=False | row_header=False | metadata=False
Cell G17 | value='0' | fill=00000000 | rows=[16] | cols=[6] | col_header=False | row_header=False | metadata=False
Cell H17 | value='34' | fill=00000000 | rows=[16] | cols=[7] | col_header=False | row_header=False | metadata=False
Cell I17 | value='16' | fill=00000000 | rows=[16] | cols=[8] | col_header=False | row_header=False | metadata=False
Cell J17 | value='8' | fill=00000000 | rows=[16] | cols=[9] | col_header=False | row_header=False | metadata=False
Cell K17 | value='7' | fill=00000000 | rows=[16] | cols=[10] | col_header=False | row_header=False | metadata=False
Cell L17 | value='46' | fill=00000000 | rows=[16] | cols=[11] | col_header=False | row_header=False | metadata=False
Cell M17 | value='38' | fill=00000000 | rows=[16] | cols=[12] | col_header=False | row_header=False | metadata=False
Cell N17 | value='8' | fill=00000000 | rows=[16] | cols=[13] | col_header=False | row_header=False | metadata=False
Cell O17 | value='56' | fill=00000000 | rows=[16] | cols=[14] | col_header=False | row_header=False | metadata=False
Cell P17 | value='17' | fill=00000000 | rows=[16] | cols=[15] | col_header=False | row_header=False | metadata=False
Cell Q17 | value='9' | fill=00000000 | rows=[16] | cols=[16] | col_header=False | row_header=False | metadata=False
Cell R17 | value='4' | fill=00000000 | rows=[16] | cols=[17] | col_header=False | row_header=False | metadata=False
Cell S17 | value='3' | fill=00000000 | rows=[16] | cols=[18] | col_header=False | row_header=False | metadata=False
Cell T17 | value='26' | fill=00000000 | rows=[16] | cols=[19] | col_header=False | row_header=False | metadata=False
Cell U17 | value='13' | fill=00000000 | rows=[16] | cols=[20] | col_header=False | row_header=False | metadata=False
Cell V17 | value='13' | fill=00000000 | rows=[16] | cols=[21] | col_header=False | row_header=False | metadata=False
Cell W17 | value='31' | fill=00000000 | rows=[16] | cols=[22] | col_header=False | row_header=False | metadata=False
Cell X17 | value='17' | fill=00000000 | rows=[16] | cols=[23] | col_header=False | row_header=False | metadata=False
Cell Y17 | value='7' | fill=00000000 | rows=[16] | cols=[24] | col_header=False | row_header=False | metadata=False
Cell Z17 | value='4' | fill=00000000 | rows=[16] | cols=[25] | col_header=False | row_header=False | metadata=False
Cell AA17 | value='4' | fill=00000000 | rows=[16] | cols=[26] | col_header=False | row_header=False | metadata=False
Cell AB17 | value='20' | fill=00000000 | rows=[16] | cols=[27] | col_header=False | row_header=False | metadata=False
Cell AC17 | value='25' | fill=00000000 | rows=[16] | cols=[28] | col_header=False | row_header=False | metadata=False
Cell AD17 | value='-5' | fill=00000000 | rows=[16] | cols=[29] | col_header=False | row_header=False | metadata=False
Cell AE17 | value='25' | fill=00000000 | rows=[16] | cols=[30] | col_header=False | row_header=False | metadata=False
Cell B18 | value='2' | fill=00000000 | rows=[17] | cols=[1] | col_header=False | row_header=False | metadata=False
Cell C18 | value='Dortmund' | fill=00000000 | rows=[17] | cols=[2] | col_header=False | row_header=False | metadata=False
Cell D18 | value='2' | fill=00000000 | rows=[17] | cols=[3] | col_header=False | row_header=False | metadata=False
Cell E18 | value='0' | fill=00000000 | rows=[17] | cols=[4] | col_header=False | row_header=False | metadata=False
Cell F18 | value='0' | fill=00000000 | rows=[17] | cols=[5] | col_header=False | row_header=False | metadata=False
Cell G18 | value='0' | fill=00000000 | rows=[17] | cols=[6] | col_header=False | row_header=False | metadata=False
Cell H18 | value='34' | fill=00000000 | rows=[17] | cols=[7] | col_header=False | row_header=False | metadata=False
Cell I18 | value='20' | fill=00000000 | rows=[17] | cols=[8] | col_header=False | row_header=False | metadata=False
Cell J18 | value='4' | fill=00000000 | rows=[17] | cols=[9] | col_header=False | row_header=False | metadata=False
Cell K18 | value='7' | fill=00000000 | rows=[17] | cols=[10] | col_header=False | row_header=False | metadata=False
Cell L18 | value='73' | fill=00000000 | rows=[17] | cols=[11] | col_header=False | row_header=False | metadata=False
Cell M18 | value='40' | fill=00000000 | rows=[17] | cols=[12] | col_header=False | row_header=False | metadata=False
Cell N18 | value='33' | fill=00000000 | rows=[17] | cols=[13] | col_header=False | row_header=False | metadata=False
Cell O18 | value='64' | fill=00000000 | rows=[17] | cols=[14] | col_header=False | row_header=False | metadata=False
Cell P18 | value='17' | fill=00000000 | rows=[17] | cols=[15] | col_header=False | row_header=False | metadata=False
Cell Q18 | value='13' | fill=00000000 | rows=[17] | cols=[16] | col_header=False | row_header=False | metadata=False
Cell R18 | value='1' | fill=00000000 | rows=[17] | cols=[17] | col_header=False | row_header=False | metadata=False
Cell S18 | value='1' | fill=00000000 | rows=[17] | cols=[18] | col_header=False | row_header=False | metadata=False
Cell T18 | value='48' | fill=00000000 | rows=[17] | cols=[19] | col_header=False | row_header=False | metadata=False
Cell U18 | value='13' | fill=00000000 | rows=[17] | cols=[20] | col_header=False | row_header=False | metadata=False
Cell V18 | value='35' | fill=00000000 | rows=[17] | cols=[21] | col_header=False | row_header=False | metadata=False
Cell W18 | value='40' | fill=00000000 | rows=[17] | cols=[22] | col_header=False | row_header=False | metadata=False
Cell X18 | value='17' | fill=00000000 | rows=[17] | cols=[23] | col_header=False | row_header=False | metadata=False
Cell Y18 | value='7' | fill=00000000 | rows=[17] | cols=[24] | col_header=False | row_header=False | metadata=False
Cell Z18 | value='3' | fill=00000000 | rows=[17] | cols=[25] | col_header=False | row_header=False | metadata=False
Cell AA18 | value='6' | fill=00000000 | rows=[17] | cols=[26] | col_header=False | row_header=False | metadata=False
Cell AB18 | value='25' | fill=00000000 | rows=[17] | cols=[27] | col_header=False | row_header=False | metadata=False
Cell AC18 | value='27' | fill=00000000 | rows=[17] | cols=[28] | col_header=False | row_header=False | metadata=False
Cell AD18 | value='-2' | fill=00000000 | rows=[17] | cols=[29] | col_header=False | row_header=False | metadata=False
Cell AE18 | value='24' | fill=00000000 | rows=[17] | cols=[30] | col_header=False | row_header=False | metadata=False
Cell B19 | value='6' | fill=00000000 | rows=[18] | cols=[1] | col_header=False | row_header=False | metadata=False
Cell C19 | value='Bayer Leverkusen' | fill=00000000 | rows=[18] | cols=[2] | col_header=False | row_header=False | metadata=False
Cell D19 | value='6' | fill=00000000 | rows=[18] | cols=[3] | col_header=False | row_header=False | metadata=False
Cell E19 | value='0' | fill=00000000 | rows=[18] | cols=[4] | col_header=False | row_header=False | metadata=False
Cell F19 | value='0' | fill=00000000 | rows=[18] | cols=[5] | col_header=False | row_header=False | metadata=False
Cell G19 | value='0' | fill=00000000 | rows=[18] | cols=[6] | col_header=False | row_header=False | metadata=False
Cell H19 | value='34' | fill=00000000 | rows=[18] | cols=[7] | col_header=False | row_header=False | metadata=False
Cell I19 | value='14' | fill=00000000 | rows=[18] | cols=[8] | col_header=False | row_header=False | metadata=False
Cell J19 | value='6' | fill=00000000 | rows=[18] | cols=[9] | col_header=False | row_header=False | metadata=False
Cell K19 | value='11' | fill=00000000 | rows=[18] | cols=[10] | col_header=False | row_header=False | metadata=False
Cell L19 | value='54' | fill=00000000 | rows=[18] | cols=[11] | col_header=False | row_header=False | metadata=False
Cell M19 | value='43' | fill=00000000 | rows=[18] | cols=[12] | col_header=False | row_header=False | metadata=False
Cell N19 | value='11' | fill=00000000 | rows=[18] | cols=[13] | col_header=False | row_header=False | metadata=False
Cell O19 | value='48' | fill=00000000 | rows=[18] | cols=[14] | col_header=False | row_header=False | metadata=False
Cell P19 | value='17' | fill=00000000 | rows=[18] | cols=[15] | col_header=False | row_header=False | metadata=False
Cell Q19 | value='8' | fill=00000000 | rows=[18] | cols=[16] | col_header=False | row_header=False | metadata=False
Cell R19 | value='2' | fill=00000000 | rows=[18] | cols=[17] | col_header=False | row_header=False | metadata=False
Cell S19 | value='6' | fill=00000000 | rows=[18] | cols=[18] | col_header=False | row_header=False | metadata=False
Cell T19 | value='33' | fill=00000000 | rows=[18] | cols=[19] | col_header=False | row_header=False | metadata=False
Cell U19 | value='21' | fill=00000000 | rows=[18] | cols=[20] | col_header=False | row_header=False | metadata=False
Cell V19 | value='12' | fill=00000000 | rows=[18] | cols=[21] | col_header=False | row_header=False | metadata=False
Cell W19 | value='26' | fill=00000000 | rows=[18] | cols=[22] | col_header=False | row_header=False | metadata=False
Cell X19 | value='17' | fill=00000000 | rows=[18] | cols=[23] | col_header=False | row_header=False | metadata=False
Cell Y19 | value='6' | fill=00000000 | rows=[18] | cols=[24] | col_header=False | row_header=False | metadata=False
Cell Z19 | value='4' | fill=00000000 | rows=[18] | cols=[25] | col_header=False | row_header=False | metadata=False
Cell AA19 | value='5' | fill=00000000 | rows=[18] | cols=[26] | col_header=False | row_header=False | metadata=False
Cell AB19 | value='21' | fill=00000000 | rows=[18] | cols=[27] | col_header=False | row_header=False | metadata=False
Cell AC19 | value='22' | fill=00000000 | rows=[18] | cols=[28] | col_header=False | row_header=False | metadata=False
Cell AD19 | value='-1' | fill=00000000 | rows=[18] | cols=[29] | col_header=False | row_header=False | metadata=False
Cell AE19 | value='22' | fill=00000000 | rows=[18] | cols=[30] | col_header=False | row_header=False | metadata=False
Cell B20 | value='16' | fill=00000000 | rows=[19] | cols=[1] | col_header=False | row_header=False | metadata=False
Cell C20 | value='Stuttgart' | fill=00000000 | rows=[19] | cols=[2] | col_header=False | row_header=False | metadata=False
Cell D20 | value='16' | fill=00000000 | rows=[19] | cols=[3] | col_header=False | row_header=False | metadata=False
Cell E20 | value='0' | fill=00000000 | rows=[19] | cols=[4] | col_header=False | row_header=False | metadata=False
Cell F20 | value='0' | fill=00000000 | rows=[19] | cols=[5] | col_header=False | row_header=False | metadata=False
Cell G20 | value='0' | fill=00000000 | rows=[19] | cols=[6] | col_header=False | row_header=False | metadata=False
Cell H20 | value='34' | fill=00000000 | rows=[19] | cols=[7] | col_header=False | row_header=False | metadata=False
Cell I20 | value='6' | fill=00000000 | rows=[19] | cols=[8] | col_header=False | row_header=False | metadata=False
Cell J20 | value='10' | fill=00000000 | rows=[19] | cols=[9] | col_header=False | row_header=False | metadata=False
Cell K20 | value='15' | fill=00000000 | rows=[19] | cols=[10] | col_header=False | row_header=False | metadata=False
Cell L20 | value='39' | fill=00000000 | rows=[19] | cols=[11] | col_header=False | row_header=False | metadata=False
Cell M20 | value='54' | fill=00000000 | rows=[19] | cols=[12] | col_header=False | row_header=False | metadata=False
Cell N20 | value='-15' | fill=00000000 | rows=[19] | cols=[13] | col_header=False | row_header=False | metadata=False
Cell O20 | value='28' | fill=00000000 | rows=[19] | cols=[14] | col_header=False | row_header=False | metadata=False
Cell P20 | value='17' | fill=00000000 | rows=[19] | cols=[15] | col_header=False | row_header=False | metadata=False
Cell Q20 | value='5' | fill=00000000 | rows=[19] | cols=[16] | col_header=False | row_header=False | metadata=False
Cell R20 | value='4' | fill=00000000 | rows=[19] | cols=[17] | col_header=False | row_header=False | metadata=False
Cell S20 | value='6' | fill=00000000 | rows=[19] | cols=[18] | col_header=False | row_header=False | metadata=False
Cell T20 | value='21' | fill=00000000 | rows=[19] | cols=[19] | col_header=False | row_header=False | metadata=False
Cell U20 | value='20' | fill=00000000 | rows=[19] | cols=[20] | col_header=False | row_header=False | metadata=False
Cell V20 | value='1' | fill=00000000 | rows=[19] | cols=[21] | col_header=False | row_header=False | metadata=False
Cell W20 | value='19' | fill=00000000 | rows=[19] | cols=[22] | col_header=False | row_header=False | metadata=False
Cell X20 | value='17' | fill=00000000 | rows=[19] | cols=[23] | col_header=False | row_header=False | metadata=False
Cell Y20 | value='1' | fill=00000000 | rows=[19] | cols=[24] | col_header=False | row_header=False | metadata=False
Cell Z20 | value='6' | fill=00000000 | rows=[19] | cols=[25] | col_header=False | row_header=False | metadata=False
Cell AA20 | value='9' | fill=00000000 | rows=[19] | cols=[26] | col_header=False | row_header=False | metadata=False
Cell AB20 | value='18' | fill=00000000 | rows=[19] | cols=[27] | col_header=False | row_header=False | metadata=False
Cell AC20 | value='34' | fill=00000000 | rows=[19] | cols=[28] | col_header=False | row_header=False | metadata=False
Cell AD20 | value='-16' | fill=00000000 | rows=[19] | cols=[29] | col_header=False | row_header=False | metadata=False
Cell AE20 | value='9' | fill=00000000 | rows=[19] | cols=[30] | col_header=False | row_header=False | metadata=False
Cell B21 | value='3' | fill=00000000 | rows=[20] | cols=[1] | col_header=False | row_header=False | metadata=False
Cell C21 | value='RB Leipzig' | fill=00000000 | rows=[20] | cols=[2] | col_header=False | row_header=False | metadata=False
Cell D21 | value='3' | fill=00000000 | rows=[20] | cols=[3] | col_header=False | row_header=False | metadata=False
Cell E21 | value='0' | fill=00000000 | rows=[20] | cols=[4] | col_header=False | row_header=False | metadata=False
Cell F21 | value='0' | fill=00000000 | rows=[20] | cols=[5] | col_header=False | row_header=False | metadata=False
Cell G21 | value='0' | fill=00000000 | rows=[20] | cols=[6] | col_header=False | row_header=False | metadata=False
Cell H21 | value='34' | fill=00000000 | rows=[20] | cols=[7] | col_header=False | row_header=False | metadata=False
Cell I21 | value='17' | fill=00000000 | rows=[20] | cols=[8] | col_header=False | row_header=False | metadata=False
Cell J21 | value='6' | fill=00000000 | rows=[20] | cols=[9] | col_header=False | row_header=False | metadata=False
Cell K21 | value='8' | fill=00000000 | rows=[20] | cols=[10] | col_header=False | row_header=False | metadata=False
Cell L21 | value='55' | fill=00000000 | rows=[20] | cols=[11] | col_header=False | row_header=False | metadata=False
Cell M21 | value='37' | fill=00000000 | rows=[20] | cols=[12] | col_header=False | row_header=False | metadata=False
Cell N21 | value='18' | fill=00000000 | rows=[20] | cols=[13] | col_header=False | row_header=False | metadata=False
Cell O21 | value='57' | fill=00000000 | rows=[20] | cols=[14] | col_header=False | row_header=False | metadata=False
Cell P21 | value='17' | fill=00000000 | rows=[20] | cols=[15] | col_header=False | row_header=False | metadata=False
Cell Q21 | value='11' | fill=00000000 | rows=[20] | cols=[16] | col_header=False | row_header=False | metadata=False
Cell R21 | value='2' | fill=00000000 | rows=[20] | cols=[17] | col_header=False | row_header=False | metadata=False
Cell S21 | value='2' | fill=00000000 | rows=[20] | cols=[18] | col_header=False | row_header=False | metadata=False
Cell T21 | value='32' | fill=00000000 | rows=[20] | cols=[19] | col_header=False | row_header=False | metadata=False
Cell U21 | value='15' | fill=00000000 | rows=[20] | cols=[20] | col_header=False | row_header=False | metadata=False
Cell V21 | value='17' | fill=00000000 | rows=[20] | cols=[21] | col_header=False | row_header=False | metadata=False
Cell W21 | value='35' | fill=00000000 | rows=[20] | cols=[22] | col_header=False | row_header=False | metadata=False
Cell X21 | value='17' | fill=00000000 | rows=[20] | cols=[23] | col_header=False | row_header=False | metadata=False
Cell Y21 | value='6' | fill=00000000 | rows=[20] | cols=[24] | col_header=False | row_header=False | metadata=False
Cell Z21 | value='4' | fill=00000000 | rows=[20] | cols=[25] | col_header=False | row_header=False | metadata=False
Cell AA21 | value='6' | fill=00000000 | rows=[20] | cols=[26] | col_header=False | row_header=False | metadata=False
Cell AB21 | value='23' | fill=00000000 | rows=[20] | cols=[27] | col_header=False | row_header=False | metadata=False
Cell AC21 | value='22' | fill=00000000 | rows=[20] | cols=[28] | col_header=False | row_header=False | metadata=False
Cell AD21 | value='1' | fill=00000000 | rows=[20] | cols=[29] | col_header=False | row_header=False | metadata=False
Cell AE21 | value='22' | fill=00000000 | rows=[20] | cols=[30] | col_header=False | row_header=False | metadata=False
Cell B22 | value='11' | fill=00000000 | rows=[21] | cols=[1] | col_header=False | row_header=False | metadata=False
Cell C22 | value='FC Koln' | fill=00000000 | rows=[21] | cols=[2] | col_header=False | row_header=False | metadata=False
Cell D22 | value='11' | fill=00000000 | rows=[21] | cols=[3] | col_header=False | row_header=False | metadata=False
Cell E22 | value='0' | fill=00000000 | rows=[21] | cols=[4] | col_header=False | row_header=False | metadata=False
Cell F22 | value='0' | fill=00000000 | rows=[21] | cols=[5] | col_header=False | row_header=False | metadata=False
Cell G22 | value='0' | fill=00000000 | rows=[21] | cols=[6] | col_header=False | row_header=False | metadata=False
Cell H22 | value='34' | fill=00000000 | rows=[21] | cols=[7] | col_header=False | row_header=False | metadata=False
Cell I22 | value='9' | fill=00000000 | rows=[21] | cols=[8] | col_header=False | row_header=False | metadata=False
Cell J22 | value='11' | fill=00000000 | rows=[21] | cols=[9] | col_header=False | row_header=False | metadata=False
Cell K22 | value='11' | fill=00000000 | rows=[21] | cols=[10] | col_header=False | row_header=False | metadata=False
Cell L22 | value='42' | fill=00000000 | rows=[21] | cols=[11] | col_header=False | row_header=False | metadata=False
Cell M22 | value='49' | fill=00000000 | rows=[21] | cols=[12] | col_header=False | row_header=False | metadata=False
Cell N22 | value='-7' | fill=00000000 | rows=[21] | cols=[13] | col_header=False | row_header=False | metadata=False
Cell O22 | value='38' | fill=00000000 | rows=[21] | cols=[14] | col_header=False | row_header=False | metadata=False
Cell P22 | value='17' | fill=00000000 | rows=[21] | cols=[15] | col_header=False | row_header=False | metadata=False
Cell Q22 | value='5' | fill=00000000 | rows=[21] | cols=[16] | col_header=False | row_header=False | metadata=False
Cell R22 | value='5' | fill=00000000 | rows=[21] | cols=[17] | col_header=False | row_header=False | metadata=False
Cell S22 | value='5' | fill=00000000 | rows=[21] | cols=[18] | col_header=False | row_header=False | metadata=False
Cell T22 | value='22' | fill=00000000 | rows=[21] | cols=[19] | col_header=False | row_header=False | metadata=False
Cell U22 | value='16' | fill=00000000 | rows=[21] | cols=[20] | col_header=False | row_header=False | metadata=False
Cell V22 | value='6' | fill=00000000 | rows=[21] | cols=[21] | col_header=False | row_header=False | metadata=False
Cell W22 | value='20' | fill=00000000 | rows=[21] | cols=[22] | col_header=False | row_header=False | metadata=False
Cell X22 | value='17' | fill=00000000 | rows=[21] | cols=[23] | col_header=False | row_header=False | metadata=False
Cell Y22 | value='4' | fill=00000000 | rows=[21] | cols=[24] | col_header=False | row_header=False | metadata=False
Cell Z22 | value='6' | fill=00000000 | rows=[21] | cols=[25] | col_header=False | row_header=False | metadata=False
Cell AA22 | value='6' | fill=00000000 | rows=[21] | cols=[26] | col_header=False | row_header=False | metadata=False
Cell AB22 | value='20' | fill=00000000 | rows=[21] | cols=[27] | col_header=False | row_header=False | metadata=False
Cell AC22 | value='33' | fill=00000000 | rows=[21] | cols=[28] | col_header=False | row_header=False | metadata=False
Cell AD22 | value='-13' | fill=00000000 | rows=[21] | cols=[29] | col_header=False | row_header=False | metadata=False
Cell AE22 | value='18' | fill=00000000 | rows=[21] | cols=[30] | col_header=False | row_header=False | metadata=False
Cell B23 | value='15' | fill=00000000 | rows=[22] | cols=[1] | col_header=False | row_header=False | metadata=False
Cell C23 | value='Schalke' | fill=00000000 | rows=[22] | cols=[2] | col_header=False | row_header=False | metadata=False
Cell D23 | value='15' | fill=00000000 | rows=[22] | cols=[3] | col_header=False | row_header=False | metadata=False
Cell E23 | value='0' | fill=00000000 | rows=[22] | cols=[4] | col_header=False | row_header=False | metadata=False
Cell F23 | value='0' | fill=00000000 | rows=[22] | cols=[5] | col_header=False | row_header=False | metadata=False
Cell G23 | value='0' | fill=00000000 | rows=[22] | cols=[6] | col_header=False | row_header=False | metadata=False
Cell H23 | value='34' | fill=00000000 | rows=[22] | cols=[7] | col_header=False | row_header=False | metadata=False
Cell I23 | value='7' | fill=00000000 | rows=[22] | cols=[8] | col_header=False | row_header=False | metadata=False
Cell J23 | value='9' | fill=00000000 | rows=[22] | cols=[9] | col_header=False | row_header=False | metadata=False
Cell K23 | value='15' | fill=00000000 | rows=[22] | cols=[10] | col_header=False | row_header=False | metadata=False
Cell L23 | value='31' | fill=00000000 | rows=[22] | cols=[11] | col_header=False | row_header=False | metadata=False
Cell M23 | value='59' | fill=00000000 | rows=[22] | cols=[12] | col_header=False | row_header=False | metadata=False
Cell N23 | value='-28' | fill=00000000 | rows=[22] | cols=[13] | col_header=False | row_header=False | metadata=False
Cell O23 | value='30' | fill=00000000 | rows=[22] | cols=[14] | col_header=False | row_header=False | metadata=False
Cell P23 | value='17' | fill=00000000 | rows=[22] | cols=[15] | col_header=False | row_header=False | metadata=False
Cell Q23 | value='5' | fill=00000000 | rows=[22] | cols=[16] | col_header=False | row_header=False | metadata=False
Cell R23 | value='4' | fill=00000000 | rows=[22] | cols=[17] | col_header=False | row_header=False | metadata=False
Cell S23 | value='7' | fill=00000000 | rows=[22] | cols=[18] | col_header=False | row_header=False | metadata=False
Cell T23 | value='21' | fill=00000000 | rows=[22] | cols=[19] | col_header=False | row_header=False | metadata=False
Cell U23 | value='34' | fill=00000000 | rows=[22] | cols=[20] | col_header=False | row_header=False | metadata=False
Cell V23 | value='-13' | fill=00000000 | rows=[22] | cols=[21] | col_header=False | row_header=False | metadata=False
Cell W23 | value='19' | fill=00000000 | rows=[22] | cols=[22] | col_header=False | row_header=False | metadata=False
Cell X23 | value='17' | fill=00000000 | rows=[22] | cols=[23] | col_header=False | row_header=False | metadata=False
Cell Y23 | value='2' | fill=00000000 | rows=[22] | cols=[24] | col_header=False | row_header=False | metadata=False
Cell Z23 | value='5' | fill=00000000 | rows=[22] | cols=[25] | col_header=False | row_header=False | metadata=False
Cell AA23 | value='8' | fill=00000000 | rows=[22] | cols=[26] | col_header=False | row_header=False | metadata=False
Cell AB23 | value='10' | fill=00000000 | rows=[22] | cols=[27] | col_header=False | row_header=False | metadata=False
Cell AC23 | value='25' | fill=00000000 | rows=[22] | cols=[28] | col_header=False | row_header=False | metadata=False
Cell AD23 | value='-15' | fill=00000000 | rows=[22] | cols=[29] | col_header=False | row_header=False | metadata=False
Cell AE23 | value='11' | fill=00000000 | rows=[22] | cols=[30] | col_header=False | row_header=False | metadata=False

