=== welfare-table12.xlsx ===
Cell A1 | value='Table 8. Employment Cost Index for wages and salaries, for civilian workers, by occupational group and industry' | fill=FF00B0F0 | rows=[0] | cols=[0, 1, 2, 3, 4, 5, 6, 7, 8, 9] | col_header=True | row_header=True | metadata=True
Cell A2 | value='[Not seasonally adjusted]' | fill=FF00B0F0 | rows=[1] | cols=[0, 1, 2, 3, 4, 5, 6, 7, 8, 9] | col_header=False | row_header=False | metadata=True
Cell A4 | value='Occupational group and industry' | fill=FFFFFF00 | rows=[3, 4, 5] | cols=[0] | col_header=True | row_header=False | metadata=False
Cell B4 | value='Indexes (Dec. 2005=100)' | fill=FFFFFF00 | rows=[3] | cols=[1, 2, 3] | col_header=True | row_header=False | metadata=False
Cell E4 | value='Percent changes for' | fill=FFFFFF00 | rows=[3] | cols=[4, 5, 6, 7, 8, 9] | col_header=True | row_header=False | metadata=False
Cell B5 | value='Sep. 2023' | fill=00000000 | rows=[4, 5] | cols=[1] | col_header=False | row_header=False | metadata=False
Cell C5 | value='Jun. 2024' | fill=00000000 | rows=[4, 5] | cols=[2] | col_header=False | row_header=False | metadata=False
Cell D5 | value='Sep.  2024' | fill=00000000 | rows=[4, 5] | cols=[3] | col_header=False | row_header=False | metadata=False
Cell E5 | value='3-months ended-' | fill=FFFFFF00 | rows=[4] | cols=[4, 5, 6] | col_header=True | row_header=False | metadata=False
Cell H5 | value='12-months ended-' | fill=FFFFFF00 | rows=[4] | cols=[7, 8, 9] | col_header=True | row_header=False | metadata=False
Cell E6 | value='Sep.
2023' | fill=00000000 | rows=[5] | cols=[4] | col_header=False | row_header=False | metadata=False
Cell F6 | value='Jun.
2024' | fill=00000000 | rows=[5] | cols=[5] | col_header=False | row_header=False | metadata=False
Cell G6 | value='Sep.
2024' | fill=00000000 | rows=[5] | cols=[6] | col_header=False | row_header=False | metadata=False
Cell H6 | value='Sep.
2023' | fill=00000000 | rows=[5] | cols=[7] | col_header=False | row_header=False | metadata=False
Cell I6 | value='Jun.
2024' | fill=00000000 | rows=[5] | cols=[8] | col_header=False | row_header=False | metadata=False
Cell J6 | value='Sep.
2024' | fill=00000000 | rows=[5] | cols=[9] | col_header=False | row_header=False | metadata=False
Cell A8 | value='All workers(1)' | fill=FF00B050 | rows=[7] | cols=[0] | col_header=False | row_header=True | metadata=False
Cell B8 | value='160.7' | fill=00000000 | rows=[7] | cols=[1] | col_header=False | row_header=False | metadata=False
Cell C8 | value='165.4' | fill=00000000 | rows=[7] | cols=[2] | col_header=False | row_header=False | metadata=False
Cell D8 | value='167' | fill=00000000 | rows=[7] | cols=[3] | col_header=False | row_header=False | metadata=False
Cell E8 | value='1.3' | fill=00000000 | rows=[7] | cols=[4] | col_header=False | row_header=False | metadata=False
Cell F8 | value='0.9' | fill=00000000 | rows=[7] | cols=[5] | col_header=False | row_header=False | metadata=False
Cell G8 | value='1' | fill=00000000 | rows=[7] | cols=[6] | col_header=False | row_header=False | metadata=False
Cell H8 | value='4.6' | fill=00000000 | rows=[7] | cols=[7] | col_header=False | row_header=False | metadata=False
Cell I8 | value='4.2' | fill=00000000 | rows=[7] | cols=[8] | col_header=False | row_header=False | metadata=False
Cell J8 | value='3.9' | fill=00000000 | rows=[7] | cols=[9] | col_header=False | row_header=False | metadata=False
Cell A9 | value='Excluding incentive paid occupations(2)' | fill=00000000 | rows=[8] | cols=[0] | col_header=False | row_header=False | metadata=False
Cell B9 | value='160.1' | fill=00000000 | rows=[8] | cols=[1] | col_header=False | row_header=False | metadata=False
Cell C9 | value='164.8' | fill=00000000 | rows=[8] | cols=[2] | col_header=False | row_header=False | metadata=False
Cell D9 | value='166.6' | fill=00000000 | rows=[8] | cols=[3] | col_header=False | row_header=False | metadata=False
Cell E9 | value='1.3' | fill=00000000 | rows=[8] | cols=[4] | col_header=False | row_header=False | metadata=False
Cell F9 | value='0.9' | fill=00000000 | rows=[8] | cols=[5] | col_header=False | row_header=False | metadata=False
Cell G9 | value='1.1' | fill=00000000 | rows=[8] | cols=[6] | col_header=False | row_header=False | metadata=False
Cell H9 | value='4.6' | fill=00000000 | rows=[8] | cols=[7] | col_header=False | row_header=False | metadata=False
Cell I9 | value='4.2' | fill=00000000 | rows=[8] | cols=[8] | col_header=False | row_header=False | metadata=False
Cell J9 | value='4.1' | fill=00000000 | rows=[8] | cols=[9] | col_header=False | row_header=False | metadata=False
Cell A11 | value='Occupational group' | fill=00000000 | rows=[10] | cols=[0] | col_header=False | row_header=False | metadata=False
Cell A12 | value='Management, professional, and related' | fill=00000000 | rows=[11] | cols=[0] | col_header=False | row_header=False | metadata=False
Cell B12 | value='155.1' | fill=00000000 | rows=[11] | cols=[1] | col_header=False | row_header=False | metadata=False
Cell C12 | value='159' | fill=00000000 | rows=[11] | cols=[2] | col_header=False | row_header=False | metadata=False
Cell D12 | value='160.7' | fill=00000000 | rows=[11] | cols=[3] | col_header=False | row_header=False | metadata=False
Cell E12 | value='1.4' | fill=00000000 | rows=[11] | cols=[4] | col_header=False | row_header=False | metadata=False
Cell F12 | value='0.9' | fill=00000000 | rows=[11] | cols=[5] | col_header=False | row_header=False | metadata=False
Cell G12 | value='1.1' | fill=00000000 | rows=[11] | cols=[6] | col_header=False | row_header=False | metadata=False
Cell H12 | value='4.5' | fill=00000000 | rows=[11] | cols=[7] | col_header=False | row_header=False | metadata=False
Cell I12 | value='4' | fill=00000000 | rows=[11] | cols=[8] | col_header=False | row_header=False | metadata=False
Cell J12 | value='3.6' | fill=00000000 | rows=[11] | cols=[9] | col_header=False | row_header=False | metadata=False
Cell A13 | value='Management, business, and financial' | fill=00000000 | rows=[12] | cols=[0] | col_header=False | row_header=False | metadata=False
Cell B13 | value='157.2' | fill=00000000 | rows=[12] | cols=[1] | col_header=False | row_header=False | metadata=False
Cell C13 | value='160.9' | fill=00000000 | rows=[12] | cols=[2] | col_header=False | row_header=False | metadata=False
Cell D13 | value='162.2' | fill=00000000 | rows=[12] | cols=[3] | col_header=False | row_header=False | metadata=False
Cell E13 | value='1.4' | fill=00000000 | rows=[12] | cols=[4] | col_header=False | row_header=False | metadata=False
Cell F13 | value='1' | fill=00000000 | rows=[12] | cols=[5] | col_header=False | row_header=False | metadata=False
Cell G13 | value='0.8' | fill=00000000 | rows=[12] | cols=[6] | col_header=False | row_header=False | metadata=False
Cell H13 | value='4.2' | fill=00000000 | rows=[12] | cols=[7] | col_header=False | row_header=False | metadata=False
Cell I13 | value='3.7' | fill=00000000 | rows=[12] | cols=[8] | col_header=False | row_header=False | metadata=False
Cell J13 | value='3.2' | fill=00000000 | rows=[12] | cols=[9] | col_header=False | row_header=False | metadata=False
Cell A14 | value='Professional and related' | fill=00000000 | rows=[13] | cols=[0] | col_header=False | row_header=False | metadata=False
Cell B14 | value='154.1' | fill=00000000 | rows=[13] | cols=[1] | col_header=False | row_header=False | metadata=False
Cell C14 | value='158.1' | fill=00000000 | rows=[13] | cols=[2] | col_header=False | row_header=False | metadata=False
Cell D14 | value='160.1' | fill=00000000 | rows=[13] | cols=[3] | col_header=False | row_header=False | metadata=False
Cell E14 | value='1.6' | fill=00000000 | rows=[13] | cols=[4] | col_header=False | row_header=False | metadata=False
Cell F14 | value='0.8' | fill=00000000 | rows=[13] | cols=[5] | col_header=False | row_header=False | metadata=False
Cell G14 | value='1.3' | fill=00000000 | rows=[13] | cols=[6] | col_header=False | row_header=False | metadata=False
Cell H14 | value='4.8' | fill=00000000 | rows=[13] | cols=[7] | col_header=False | row_header=False | metadata=False
Cell I14 | value='4.2' | fill=00000000 | rows=[13] | cols=[8] | col_header=False | row_header=False | metadata=False
Cell J14 | value='3.9' | fill=00000000 | rows=[13] | cols=[9] | col_header=False | row_header=False | metadata=False
Cell A15 | value='Sales and office' | fill=00000000 | rows=[14] | cols=[0] | col_header=False | row_header=False | metadata=False
Cell B15 | value='165.2' | fill=00000000 | rows=[14] | cols=[1] | col_header=False | row_header=False | metadata=False
Cell C15 | value='170.1' | fill=00000000 | rows=[14] | cols=[2] | col_header=False | row_header=False | metadata=False
Cell D15 | value='170.7' | fill=00000000 | rows=[14] | cols=[3] | col_header=False | row_header=False | metadata=False
Cell E15 | value='0.8' | fill=00000000 | rows=[14] | cols=[4] | col_header=False | row_header=False | metadata=False
Cell F15 | value='0.4' | fill=00000000 | rows=[14] | cols=[5] | col_header=False | row_header=False | metadata=False
Cell G15 | value='0.4' | fill=00000000 | rows=[14] | cols=[6] | col_header=False | row_header=False | metadata=False
Cell H15 | value='4.4' | fill=00000000 | rows=[14] | cols=[7] | col_header=False | row_header=False | metadata=False
Cell I15 | value='3.8' | fill=00000000 | rows=[14] | cols=[8] | col_header=False | row_header=False | metadata=False
Cell J15 | value='3.3' | fill=00000000 | rows=[14] | cols=[9] | col_header=False | row_header=False | metadata=False
Cell A16 | value='Sales and related' | fill=00000000 | rows=[15] | cols=[0] | col_header=False | row_header=False | metadata=False
Cell B16 | value='164.3' | fill=00000000 | rows=[15] | cols=[1] | col_header=False | row_header=False | metadata=False
Cell C16 | value='168.6' | fill=00000000 | rows=[15] | cols=[2] | col_header=False | row_header=False | metadata=False
Cell D16 | value='168.3' | fill=00000000 | rows=[15] | cols=[3] | col_header=False | row_header=False | metadata=False
Cell E16 | value='0.2' | fill=00000000 | rows=[15] | cols=[4] | col_header=False | row_header=False | metadata=False
Cell F16 | value='-0.5' | fill=00000000 | rows=[15] | cols=[5] | col_header=False | row_header=False | metadata=False
Cell G16 | value='-0.2' | fill=00000000 | rows=[15] | cols=[6] | col_header=False | row_header=False | metadata=False
Cell H16 | value='3.9' | fill=00000000 | rows=[15] | cols=[7] | col_header=False | row_header=False | metadata=False
Cell I16 | value='2.9' | fill=00000000 | rows=[15] | cols=[8] | col_header=False | row_header=False | metadata=False
Cell J16 | value='2.4' | fill=00000000 | rows=[15] | cols=[9] | col_header=False | row_header=False | metadata=False
Cell A17 | value='Office and administrative support' | fill=00000000 | rows=[16] | cols=[0] | col_header=False | row_header=False | metadata=False
Cell B17 | value='165.6' | fill=00000000 | rows=[16] | cols=[1] | col_header=False | row_header=False | metadata=False
Cell C17 | value='170.8' | fill=00000000 | rows=[16] | cols=[2] | col_header=False | row_header=False | metadata=False
Cell D17 | value='172.4' | fill=00000000 | rows=[16] | cols=[3] | col_header=False | row_header=False | metadata=False
Cell E17 | value='1.3' | fill=00000000 | rows=[16] | cols=[4] | col_header=False | row_header=False | metadata=False
Cell F17 | value='1' | fill=00000000 | rows=[16] | cols=[5] | col_header=False | row_header=False | metadata=False
Cell G17 | value='0.9' | fill=00000000 | rows=[16] | cols=[6] | col_header=False | row_header=False | metadata=False
Cell H17 | value='4.9' | fill=00000000 | rows=[16] | cols=[7] | col_header=False | row_header=False | metadata=False
Cell I17 | value='4.5' | fill=00000000 | rows=[16] | cols=[8] | col_header=False | row_header=False | metadata=False
Cell J17 | value='4.1' | fill=00000000 | rows=[16] | cols=[9] | col_header=False | row_header=False | metadata=False
Cell A18 | value='Natural resources, construction, and maintenance' | fill=00000000 | rows=[17] | cols=[0] | col_header=False | row_header=False | metadata=False
Cell B18 | value='159.2' | fill=00000000 | rows=[17] | cols=[1] | col_header=False | row_header=False | metadata=False
Cell C18 | value='164.5' | fill=00000000 | rows=[17] | cols=[2] | col_header=False | row_header=False | metadata=False
Cell D18 | value='166.4' | fill=00000000 | rows=[17] | cols=[3] | col_header=False | row_header=False | metadata=False
Cell E18 | value='1.2' | fill=00000000 | rows=[17] | cols=[4] | col_header=False | row_header=False | metadata=False
Cell F18 | value='1.1' | fill=00000000 | rows=[17] | cols=[5] | col_header=False | row_header=False | metadata=False
Cell G18 | value='1.2' | fill=00000000 | rows=[17] | cols=[6] | col_header=False | row_header=False | metadata=False
Cell H18 | value='4.6' | fill=00000000 | rows=[17] | cols=[7] | col_header=False | row_header=False | metadata=False
Cell I18 | value='4.6' | fill=00000000 | rows=[17] | cols=[8] | col_header=False | row_header=False | metadata=False
Cell J18 | value='4.5' | fill=00000000 | rows=[17] | cols=[9] | col_header=False | row_header=False | metadata=False
Cell A19 | value='Construction, extraction, farming, fishing, and forestry occupations' | fill=00000000 | rows=[18] | cols=[0] | col_header=False | row_header=False | metadata=False
Cell B19 | value='158.5' | fill=00000000 | rows=[18] | cols=[1] | col_header=False | row_header=False | metadata=False
Cell C19 | value='163' | fill=00000000 | rows=[18] | cols=[2] | col_header=False | row_header=False | metadata=False
Cell D19 | value='164.7' | fill=00000000 | rows=[18] | cols=[3] | col_header=False | row_header=False | metadata=False
Cell E19 | value='1' | fill=00000000 | rows=[18] | cols=[4] | col_header=False | row_header=False | metadata=False
Cell F19 | value='1.1' | fill=00000000 | rows=[18] | cols=[5] | col_header=False | row_header=False | metadata=False
Cell G19 | value='1' | fill=00000000 | rows=[18] | cols=[6] | col_header=False | row_header=False | metadata=False
Cell H19 | value='4.3' | fill=00000000 | rows=[18] | cols=[7] | col_header=False | row_header=False | metadata=False
Cell I19 | value='3.8' | fill=00000000 | rows=[18] | cols=[8] | col_header=False | row_header=False | metadata=False
Cell J19 | value='3.9' | fill=00000000 | rows=[18] | cols=[9] | col_header=False | row_header=False | metadata=False
Cell A20 | value='Installation, maintenance, and repair' | fill=00000000 | rows=[19] | cols=[0] | col_header=False | row_header=False | metadata=False
Cell B20 | value='160.1' | fill=00000000 | rows=[19] | cols=[1] | col_header=False | row_header=False | metadata=False
Cell C20 | value='166.3' | fill=00000000 | rows=[19] | cols=[2] | col_header=False | row_header=False | metadata=False
Cell D20 | value='168.4' | fill=00000000 | rows=[19] | cols=[3] | col_header=False | row_header=False | metadata=False
Cell E20 | value='1.5' | fill=00000000 | rows=[19] | cols=[4] | col_header=False | row_header=False | metadata=False
Cell F20 | value='1.2' | fill=00000000 | rows=[19] | cols=[5] | col_header=False | row_header=False | metadata=False
Cell G20 | value='1.3' | fill=00000000 | rows=[19] | cols=[6] | col_header=False | row_header=False | metadata=False
Cell H20 | value='4.9' | fill=00000000 | rows=[19] | cols=[7] | col_header=False | row_header=False | metadata=False
Cell I20 | value='5.4' | fill=00000000 | rows=[19] | cols=[8] | col_header=False | row_header=False | metadata=False
Cell J20 | value='5.2' | fill=00000000 | rows=[19] | cols=[9] | col_header=False | row_header=False | metadata=False
Cell A21 | value='Production, transportation, and material moving' | fill=00000000 | rows=[20] | cols=[0] | col_header=False | row_header=False | metadata=False
Cell B21 | value='166.9' | fill=00000000 | rows=[20] | cols=[1] | col_header=False | row_header=False | metadata=False
Cell C21 | value='174' | fill=00000000 | rows=[20] | cols=[2] | col_header=False | row_header=False | metadata=False
Cell D21 | value='175.7' | fill=00000000 | rows=[20] | cols=[3] | col_header=False | row_header=False | metadata=False
Cell E21 | value='0.9' | fill=00000000 | rows=[20] | cols=[4] | col_header=False | row_header=False | metadata=False
Cell F21 | value='1' | fill=00000000 | rows=[20] | cols=[5] | col_header=False | row_header=False | metadata=False
Cell G21 | value='1' | fill=00000000 | rows=[20] | cols=[6] | col_header=False | row_header=False | metadata=False
Cell H21 | value='4.2' | fill=00000000 | rows=[20] | cols=[7] | col_header=False | row_header=False | metadata=False
Cell I21 | value='5.2' | fill=00000000 | rows=[20] | cols=[8] | col_header=False | row_header=False | metadata=False
Cell J21 | value='5.3' | fill=00000000 | rows=[20] | cols=[9] | col_header=False | row_header=False | metadata=False
Cell A22 | value='Production' | fill=00000000 | rows=[21] | cols=[0] | col_header=False | row_header=False | metadata=False
Cell B22 | value='163.5' | fill=00000000 | rows=[21] | cols=[1] | col_header=False | row_header=False | metadata=False
Cell C22 | value='169.2' | fill=00000000 | rows=[21] | cols=[2] | col_header=False | row_header=False | metadata=False
Cell D22 | value='170.8' | fill=00000000 | rows=[21] | cols=[3] | col_header=False | row_header=False | metadata=False
Cell E22 | value='0.7' | fill=00000000 | rows=[21] | cols=[4] | col_header=False | row_header=False | metadata=False
Cell F22 | value='0.8' | fill=00000000 | rows=[21] | cols=[5] | col_header=False | row_header=False | metadata=False
Cell G22 | value='0.9' | fill=00000000 | rows=[21] | cols=[6] | col_header=False | row_header=False | metadata=False
Cell H22 | value='4.4' | fill=00000000 | rows=[21] | cols=[7] | col_header=False | row_header=False | metadata=False
Cell I22 | value='4.3' | fill=00000000 | rows=[21] | cols=[8] | col_header=False | row_header=False | metadata=False
Cell J22 | value='4.5' | fill=00000000 | rows=[21] | cols=[9] | col_header=False | row_header=False | metadata=False
Cell A23 | value='Transportation and material moving' | fill=00000000 | rows=[22] | cols=[0] | col_header=False | row_header=False | metadata=False
Cell B23 | value='171.8' | fill=00000000 | rows=[22] | cols=[1] | col_header=False | row_header=False | metadata=False
Cell C23 | value='180' | fill=00000000 | rows=[22] | cols=[2] | col_header=False | row_header=False | metadata=False
Cell D23 | value='181.8' | fill=00000000 | rows=[22] | cols=[3] | col_header=False | row_header=False | metadata=False
Cell E23 | value='1.1' | fill=00000000 | rows=[22] | cols=[4] | col_header=False | row_header=False | metadata=False
Cell F23 | value='1.2' | fill=00000000 | rows=[22] | cols=[5] | col_header=False | row_header=False | metadata=False
Cell G23 | value='1' | fill=00000000 | rows=[22] | cols=[6] | col_header=False | row_header=False | metadata=False
Cell H23 | value='4.1' | fill=00000000 | rows=[22] | cols=[7] | col_header=False | row_header=False | metadata=False
Cell I23 | value='5.9' | fill=00000000 | rows=[22] | cols=[8] | col_header=False | row_header=False | metadata=False
Cell J23 | value='5.8' | fill=00000000 | rows=[22] | cols=[9] | col_header=False | row_header=False | metadata=False
Cell A24 | value='Service occupations' | fill=00000000 | rows=[23] | cols=[0] | col_header=False | row_header=False | metadata=False
Cell B24 | value='173.1' | fill=00000000 | rows=[23] | cols=[1] | col_header=False | row_header=False | metadata=False
Cell C24 | value='178.7' | fill=00000000 | rows=[23] | cols=[2] | col_header=False | row_header=False | metadata=False
Cell D24 | value='180.7' | fill=00000000 | rows=[23] | cols=[3] | col_header=False | row_header=False | metadata=False
Cell E24 | value='1.3' | fill=00000000 | rows=[23] | cols=[4] | col_header=False | row_header=False | metadata=False
Cell F24 | value='1.1' | fill=00000000 | rows=[23] | cols=[5] | col_header=False | row_header=False | metadata=False
Cell G24 | value='1.1' | fill=00000000 | rows=[23] | cols=[6] | col_header=False | row_header=False | metadata=False
Cell H24 | value='4.9' | fill=00000000 | rows=[23] | cols=[7] | col_header=False | row_header=False | metadata=False
Cell I24 | value='4.6' | fill=00000000 | rows=[23] | cols=[8] | col_header=False | row_header=False | metadata=False
Cell J24 | value='4.4' | fill=00000000 | rows=[23] | cols=[9] | col_header=False | row_header=False | metadata=False
Cell A26 | value='Industry' | fill=00000000 | rows=[25] | cols=[0] | col_header=False | row_header=False | metadata=False
Cell A27 | value='Goods-producing industries(3)' | fill=00000000 | rows=[26] | cols=[0] | col_header=False | row_header=False | metadata=False
Cell B27 | value='158.5' | fill=00000000 | rows=[26] | cols=[1] | col_header=False | row_header=False | metadata=False
Cell C27 | value='163.2' | fill=00000000 | rows=[26] | cols=[2] | col_header=False | row_header=False | metadata=False
Cell D27 | value='164.5' | fill=00000000 | rows=[26] | cols=[3] | col_header=False | row_header=False | metadata=False
Cell E27 | value='0.6' | fill=00000000 | rows=[26] | cols=[4] | col_header=False | row_header=False | metadata=False
Cell F27 | value='0.6' | fill=00000000 | rows=[26] | cols=[5] | col_header=False | row_header=False | metadata=False
Cell G27 | value='0.8' | fill=00000000 | rows=[26] | cols=[6] | col_header=False | row_header=False | metadata=False
Cell H27 | value='4.1' | fill=00000000 | rows=[26] | cols=[7] | col_header=False | row_header=False | metadata=False
Cell I27 | value='3.6' | fill=00000000 | rows=[26] | cols=[8] | col_header=False | row_header=False | metadata=False
Cell J27 | value='3.8' | fill=00000000 | rows=[26] | cols=[9] | col_header=False | row_header=False | metadata=False
Cell A28 | value='Manufacturing' | fill=00000000 | rows=[27] | cols=[0] | col_header=False | row_header=False | metadata=False
Cell B28 | value='158.4' | fill=00000000 | rows=[27] | cols=[1] | col_header=False | row_header=False | metadata=False
Cell C28 | value='163.7' | fill=00000000 | rows=[27] | cols=[2] | col_header=False | row_header=False | metadata=False
Cell D28 | value='164.8' | fill=00000000 | rows=[27] | cols=[3] | col_header=False | row_header=False | metadata=False
Cell E28 | value='0.6' | fill=00000000 | rows=[27] | cols=[4] | col_header=False | row_header=False | metadata=False
Cell F28 | value='0.9' | fill=00000000 | rows=[27] | cols=[5] | col_header=False | row_header=False | metadata=False
Cell G28 | value='0.7' | fill=00000000 | rows=[27] | cols=[6] | col_header=False | row_header=False | metadata=False
Cell H28 | value='3.9' | fill=00000000 | rows=[27] | cols=[7] | col_header=False | row_header=False | metadata=False
Cell I28 | value='3.9' | fill=00000000 | rows=[27] | cols=[8] | col_header=False | row_header=False | metadata=False
Cell J28 | value='4' | fill=00000000 | rows=[27] | cols=[9] | col_header=False | row_header=False | metadata=False
Cell A29 | value='Service-providing industries(4)' | fill=00000000 | rows=[28] | cols=[0] | col_header=False | row_header=False | metadata=False
Cell B29 | value='161.1' | fill=00000000 | rows=[28] | cols=[1] | col_header=False | row_header=False | metadata=False
Cell C29 | value='165.8' | fill=00000000 | rows=[28] | cols=[2] | col_header=False | row_header=False | metadata=False
Cell D29 | value='167.4' | fill=00000000 | rows=[28] | cols=[3] | col_header=False | row_header=False | metadata=False
Cell E29 | value='1.4' | fill=00000000 | rows=[28] | cols=[4] | col_header=False | row_header=False | metadata=False
Cell F29 | value='0.9' | fill=00000000 | rows=[28] | cols=[5] | col_header=False | row_header=False | metadata=False
Cell G29 | value='1' | fill=00000000 | rows=[28] | cols=[6] | col_header=False | row_header=False | metadata=False
Cell H29 | value='4.6' | fill=00000000 | rows=[28] | cols=[7] | col_header=False | row_header=False | metadata=False
Cell I29 | value='4.3' | fill=00000000 | rows=[28] | cols=[8] | col_header=False | row_header=False | metadata=False
Cell J29 | value='3.9' | fill=00000000 | rows=[28] | cols=[9] | col_header=False | row_header=False | metadata=False
Cell A30 | value='Education and health services' | fill=00000000 | rows=[29] | cols=[0] | col_header=False | row_header=False | metadata=False
Cell B30 | value='155.7' | fill=00000000 | rows=[29] | cols=[1] | col_header=False | row_header=False | metadata=False
Cell C30 | value='159.6' | fill=00000000 | rows=[29] | cols=[2] | col_header=False | row_header=False | metadata=False
Cell D30 | value='162.5' | fill=00000000 | rows=[29] | cols=[3] | col_header=False | row_header=False | metadata=False
Cell E30 | value='2' | fill=00000000 | rows=[29] | cols=[4] | col_header=False | row_header=False | metadata=False
Cell F30 | value='0.6' | fill=00000000 | rows=[29] | cols=[5] | col_header=False | row_header=False | metadata=False
Cell G30 | value='1.8' | fill=00000000 | rows=[29] | cols=[6] | col_header=False | row_header=False | metadata=False
Cell H30 | value='5.1' | fill=00000000 | rows=[29] | cols=[7] | col_header=False | row_header=False | metadata=False
Cell I30 | value='4.5' | fill=00000000 | rows=[29] | cols=[8] | col_header=False | row_header=False | metadata=False
Cell J30 | value='4.4' | fill=00000000 | rows=[29] | cols=[9] | col_header=False | row_header=False | metadata=False
Cell A31 | value='Educational services' | fill=00000000 | rows=[30] | cols=[0] | col_header=False | row_header=False | metadata=False
Cell B31 | value='149.2' | fill=00000000 | rows=[30] | cols=[1] | col_header=False | row_header=False | metadata=False
Cell C31 | value='152.1' | fill=00000000 | rows=[30] | cols=[2] | col_header=False | row_header=False | metadata=False
Cell D31 | value='155.8' | fill=00000000 | rows=[30] | cols=[3] | col_header=False | row_header=False | metadata=False
Cell E31 | value='2.6' | fill=00000000 | rows=[30] | cols=[4] | col_header=False | row_header=False | metadata=False
Cell F31 | value='0.4' | fill=00000000 | rows=[30] | cols=[5] | col_header=False | row_header=False | metadata=False
Cell G31 | value='2.4' | fill=00000000 | rows=[30] | cols=[6] | col_header=False | row_header=False | metadata=False
Cell H31 | value='4.5' | fill=00000000 | rows=[30] | cols=[7] | col_header=False | row_header=False | metadata=False
Cell I31 | value='4.6' | fill=00000000 | rows=[30] | cols=[8] | col_header=False | row_header=False | metadata=False
Cell J31 | value='4.4' | fill=00000000 | rows=[30] | cols=[9] | col_header=False | row_header=False | metadata=False
Cell A32 | value='Elementary and secondary schools' | fill=00000000 | rows=[31] | cols=[0] | col_header=False | row_header=False | metadata=False
Cell B32 | value='148' | fill=00000000 | rows=[31] | cols=[1] | col_header=False | row_header=False | metadata=False
Cell C32 | value='150.5' | fill=00000000 | rows=[31] | cols=[2] | col_header=False | row_header=False | metadata=False
Cell D32 | value='154.3' | fill=00000000 | rows=[31] | cols=[3] | col_header=False | row_header=False | metadata=False
Cell E32 | value='2.8' | fill=00000000 | rows=[31] | cols=[4] | col_header=False | row_header=False | metadata=False
Cell F32 | value='0.4' | fill=00000000 | rows=[31] | cols=[5] | col_header=False | row_header=False | metadata=False
Cell G32 | value='2.5' | fill=00000000 | rows=[31] | cols=[6] | col_header=False | row_header=False | metadata=False
Cell H32 | value='4.6' | fill=00000000 | rows=[31] | cols=[7] | col_header=False | row_header=False | metadata=False
Cell I32 | value='4.6' | fill=00000000 | rows=[31] | cols=[8] | col_header=False | row_header=False | metadata=False
Cell J32 | value='4.3' | fill=00000000 | rows=[31] | cols=[9] | col_header=False | row_header=False | metadata=False
Cell A33 | value='Junior colleges, colleges, and universities' | fill=00000000 | rows=[32] | cols=[0] | col_header=False | row_header=False | metadata=False
Cell B33 | value='150.1' | fill=00000000 | rows=[32] | cols=[1] | col_header=False | row_header=False | metadata=False
Cell C33 | value='153.3' | fill=00000000 | rows=[32] | cols=[2] | col_header=False | row_header=False | metadata=False
Cell D33 | value='156.8' | fill=00000000 | rows=[32] | cols=[3] | col_header=False | row_header=False | metadata=False
Cell E33 | value='2.3' | fill=00000000 | rows=[32] | cols=[4] | col_header=False | row_header=False | metadata=False
Cell F33 | value='0.5' | fill=00000000 | rows=[32] | cols=[5] | col_header=False | row_header=False | metadata=False
Cell G33 | value='2.3' | fill=00000000 | rows=[32] | cols=[6] | col_header=False | row_header=False | metadata=False
Cell H33 | value='4.2' | fill=00000000 | rows=[32] | cols=[7] | col_header=False | row_header=False | metadata=False
Cell I33 | value='4.5' | fill=00000000 | rows=[32] | cols=[8] | col_header=False | row_header=False | metadata=False
Cell J33 | value='4.5' | fill=00000000 | rows=[32] | cols=[9] | col_header=False | row_header=False | metadata=False
Cell A34 | value='Health care and social assistance' | fill=00000000 | rows=[33] | cols=[0] | col_header=False | row_header=False | metadata=False
Cell B34 | value='162.4' | fill=00000000 | rows=[33] | cols=[1] | col_header=False | row_header=False | metadata=False
Cell C34 | value='167.2' | fill=00000000 | rows=[33] | cols=[2] | col_header=False | row_header=False | metadata=False
Cell D34 | value='169.4' | fill=00000000 | rows=[33] | cols=[3] | col_header=False | row_header=False | metadata=False
Cell E34 | value='1.4' | fill=00000000 | rows=[33] | cols=[4] | col_header=False | row_header=False | metadata=False
Cell F34 | value='0.8' | fill=00000000 | rows=[33] | cols=[5] | col_header=False | row_header=False | metadata=False
Cell G34 | value='1.3' | fill=00000000 | rows=[33] | cols=[6] | col_header=False | row_header=False | metadata=False
Cell H34 | value='5.5' | fill=00000000 | rows=[33] | cols=[7] | col_header=False | row_header=False | metadata=False
Cell I34 | value='4.4' | fill=00000000 | rows=[33] | cols=[8] | col_header=False | row_header=False | metadata=False
Cell J34 | value='4.3' | fill=00000000 | rows=[33] | cols=[9] | col_header=False | row_header=False | metadata=False
Cell A35 | value='Hospitals' | fill=00000000 | rows=[34] | cols=[0] | col_header=False | row_header=False | metadata=False
Cell B35 | value='162.1' | fill=00000000 | rows=[34] | cols=[1] | col_header=False | row_header=False | metadata=False
Cell C35 | value='167.2' | fill=00000000 | rows=[34] | cols=[2] | col_header=False | row_header=False | metadata=False
Cell D35 | value='169.1' | fill=00000000 | rows=[34] | cols=[3] | col_header=False | row_header=False | metadata=False
Cell E35 | value='1.3' | fill=00000000 | rows=[34] | cols=[4] | col_header=False | row_header=False | metadata=False
Cell F35 | value='0.7' | fill=00000000 | rows=[34] | cols=[5] | col_header=False | row_header=False | metadata=False
Cell G35 | value='1.1' | fill=00000000 | rows=[34] | cols=[6] | col_header=False | row_header=False | metadata=False
Cell H35 | value='5.5' | fill=00000000 | rows=[34] | cols=[7] | col_header=False | row_header=False | metadata=False
Cell I35 | value='4.5' | fill=00000000 | rows=[34] | cols=[8] | col_header=False | row_header=False | metadata=False
Cell J35 | value='4.3' | fill=00000000 | rows=[34] | cols=[9] | col_header=False | row_header=False | metadata=False
Cell A36 | value='Nursing and residential care facilities' | fill=00000000 | rows=[35] | cols=[0] | col_header=False | row_header=False | metadata=False
Cell B36 | value='165.4' | fill=00000000 | rows=[35] | cols=[1] | col_header=False | row_header=False | metadata=False
Cell C36 | value='170.4' | fill=00000000 | rows=[35] | cols=[2] | col_header=False | row_header=False | metadata=False
Cell D36 | value='171.9' | fill=00000000 | rows=[35] | cols=[3] | col_header=False | row_header=False | metadata=False
Cell E36 | value='1.7' | fill=00000000 | rows=[35] | cols=[4] | col_header=False | row_header=False | metadata=False
Cell F36 | value='1' | fill=00000000 | rows=[35] | cols=[5] | col_header=False | row_header=False | metadata=False
Cell G36 | value='0.9' | fill=00000000 | rows=[35] | cols=[6] | col_header=False | row_header=False | metadata=False
Cell H36 | value='5.6' | fill=00000000 | rows=[35] | cols=[7] | col_header=False | row_header=False | metadata=False
Cell I36 | value='4.8' | fill=00000000 | rows=[35] | cols=[8] | col_header=False | row_header=False | metadata=False
Cell J36 | value='3.9' | fill=00000000 | rows=[35] | cols=[9] | col_header=False | row_header=False | metadata=False
Cell A37 | value='Public administration' | fill=00000000 | rows=[36] | cols=[0] | col_header=False | row_header=False | metadata=False
Cell B37 | value='154.8' | fill=00000000 | rows=[36] | cols=[1] | col_header=False | row_header=False | metadata=False
Cell C37 | value='159.7' | fill=00000000 | rows=[36] | cols=[2] | col_header=False | row_header=False | metadata=False
Cell D37 | value='162.7' | fill=00000000 | rows=[36] | cols=[3] | col_header=False | row_header=False | metadata=False
Cell E37 | value='2.9' | fill=00000000 | rows=[36] | cols=[4] | col_header=False | row_header=False | metadata=False
Cell F37 | value='0.7' | fill=00000000 | rows=[36] | cols=[5] | col_header=False | row_header=False | metadata=False
Cell G37 | value='1.9' | fill=00000000 | rows=[36] | cols=[6] | col_header=False | row_header=False | metadata=False
Cell H37 | value='5.1' | fill=00000000 | rows=[36] | cols=[7] | col_header=False | row_header=False | metadata=False
Cell I37 | value='6.1' | fill=00000000 | rows=[36] | cols=[8] | col_header=False | row_header=False | metadata=False
Cell J37 | value='5.1' | fill=00000000 | rows=[36] | cols=[9] | col_header=False | row_header=False | metadata=False
Cell A39 | value='Footnotes:' | fill=FF00B0F0 | rows=[38] | cols=[0, 1, 2, 3, 4, 5, 6, 7, 8, 9] | col_header=False | row_header=False | metadata=True
Cell A40 | value='(1) Includes workers in the private nonfarm economy except those in private households, and workers in the public sector, except the federal government.' | fill=FF00B0F0 | rows=[39] | cols=[0, 1, 2, 3, 4, 5, 6, 7, 8, 9] | col_header=False | row_header=False | metadata=True
Cell A41 | value='(2) The index for this series is not strictly comparable with other series in this table.' | fill=FF00B0F0 | rows=[40] | cols=[0, 1, 2, 3, 4, 5, 6, 7, 8, 9] | col_header=False | row_header=False | metadata=True
Cell A42 | value='(3) Includes mining, construction, and manufacturing.' | fill=FF00B0F0 | rows=[41] | cols=[0, 1, 2, 3, 4, 5, 6, 7, 8, 9] | col_header=False | row_header=False | metadata=True
Cell A43 | value='(4) Includes the following industries: wholesale trade; retail trade; transportation and warehousing; utilities; information; finance and insurance; real estate and rental and leasing; professional and technical services; management of companies and enterprises; administrative and waste services; educational services; health care and social assistance; arts, entertainment and recreation; accommodation and food services; other services, except public administration; and public administration.' | fill=FF00B0F0 | rows=[42] | cols=[0, 1, 2, 3, 4, 5, 6, 7, 8, 9] | col_header=False | row_header=False | metadata=True
Cell A44 | value='SOURCE: U.S. Bureau of Labor Statistics, National Compensation Survey' | fill=FF00B0F0 | rows=[43] | cols=[0, 1, 2, 3, 4, 5, 6, 7, 8, 9] | col_header=False | row_header=False | metadata=True

