=== economy-table113.xlsx ===
Cell B1 | value='Present' | fill=FFFFFF00 | rows=[0] | cols=[1] | col_header=True | row_header=False | metadata=False
Cell C1 | value='Level 3: Mgr 3 Name' | fill=FFFFFF00 | rows=[0] | cols=[2] | col_header=True | row_header=False | metadata=False
Cell D1 | value='Level 2: Mgr 2 Name' | fill=FFFFFF00 | rows=[0] | cols=[3] | col_header=True | row_header=False | metadata=False
Cell E1 | value='Level 1: Mgr1 Name' | fill=FFFFFF00 | rows=[0] | cols=[4] | col_header=True | row_header=False | metadata=False
Cell F1 | value='Level 0: Employees' | fill=FFFFFF00 | rows=[0] | cols=[5] | col_header=True | row_header=False | metadata=False
Cell G1 | value='ID' | fill=FFFFFF00 | rows=[0] | cols=[6] | col_header=True | row_header=False | metadata=False
Cell H1 | value='Org Code' | fill=FFFFFF00 | rows=[0] | cols=[7] | col_header=True | row_header=False | metadata=False
Cell I1 | value='Phone' | fill=FFFFFF00 | rows=[0] | cols=[8] | col_header=True | row_header=False | metadata=False
Cell J1 | value='Department' | fill=FFFFFF00 | rows=[0] | cols=[9] | col_header=True | row_header=False | metadata=False
Cell K1 | value='Site' | fill=FFFFFF00 | rows=[0] | cols=[10] | col_header=True | row_header=False | metadata=False
Cell L1 | value='Bldg' | fill=FFFFFF00 | rows=[0] | cols=[11] | col_header=True | row_header=False | metadata=False
Cell M1 | value='Email' | fill=FFFFFF00 | rows=[0] | cols=[12] | col_header=True | row_header=False | metadata=False
Cell C2 | value='Manager 109' | fill=None | rows=[1] | cols=[2, 3, 4, 5, 6, 7, 8, 9, 10, 11, 12] | col_header=False | row_header=False | metadata=False
Cell D3 | value='Manager 27' | fill=None | rows=[2] | cols=[3, 4, 5] | col_header=False | row_header=False | metadata=False
Cell E4 | value='Manager 86' | fill=00000000 | rows=[3] | cols=[4] | col_header=False | row_header=False | metadata=False
Cell F5 | value='Employee 29' | fill=00000000 | rows=[4] | cols=[5] | col_header=False | row_header=False | metadata=False
Cell F6 | value='Employee 30' | fill=00000000 | rows=[5] | cols=[5] | col_header=False | row_header=False | metadata=False
Cell F7 | value='Employee 35' | fill=00000000 | rows=[6] | cols=[5] | col_header=False | row_header=False | metadata=False
Cell D8 | value='Manager 79' | fill=None | rows=[7] | cols=[3, 4, 5] | col_header=False | row_header=False | metadata=False
Cell F9 | value='Employee 23' | fill=00000000 | rows=[8] | cols=[5] | col_header=False | row_header=False | metadata=False
Cell E10 | value='Manager 124' | fill=00000000 | rows=[9] | cols=[4] | col_header=False | row_header=False | metadata=False
Cell F11 | value='Employee 4' | fill=00000000 | rows=[10] | cols=[5] | col_header=False | row_header=False | metadata=False
Cell E12 | value='Manager 149' | fill=00000000 | rows=[11] | cols=[4] | col_header=False | row_header=False | metadata=False
Cell F13 | value='Employee 31' | fill=00000000 | rows=[12] | cols=[5] | col_header=False | row_header=False | metadata=False
Cell D14 | value='Manager 91' | fill=None | rows=[13] | cols=[3, 4, 5] | col_header=False | row_header=False | metadata=False
Cell E15 | value='Manager 115' | fill=00000000 | rows=[14] | cols=[4] | col_header=False | row_header=False | metadata=False
Cell F16 | value='Employee 7' | fill=00000000 | rows=[15] | cols=[5] | col_header=False | row_header=False | metadata=False
Cell F17 | value='Employee 71' | fill=00000000 | rows=[16] | cols=[5] | col_header=False | row_header=False | metadata=False
Cell E18 | value='Manager 131' | fill=00000000 | rows=[17] | cols=[4] | col_header=False | row_header=False | metadata=False
Cell F19 | value='Employee 21' | fill=00000000 | rows=[18] | cols=[5] | col_header=False | row_header=False | metadata=False
Cell E20 | value='Manager 141' | fill=00000000 | rows=[19] | cols=[4] | col_header=False | row_header=False | metadata=False
Cell F21 | value='Employee 22' | fill=00000000 | rows=[20] | cols=[5] | col_header=False | row_header=False | metadata=False
Cell F22 | value='Employee 28' | fill=00000000 | rows=[21] | cols=[5] | col_header=False | row_header=False | metadata=False
Cell E23 | value='Manager 108' | fill=00000000 | rows=[22] | cols=[4] | col_header=False | row_header=False | metadata=False
Cell F24 | value='Employee 78' | fill=00000000 | rows=[23] | cols=[5] | col_header=False | row_header=False | metadata=False
Cell D25 | value='Manager 99' | fill=None | rows=[24] | cols=[3, 4, 5] | col_header=False | row_header=False | metadata=False
Cell E26 | value='Manager 121' | fill=00000000 | rows=[25] | cols=[4] | col_header=False | row_header=False | metadata=False
Cell F27 | value='Employee 1' | fill=00000000 | rows=[26] | cols=[5] | col_header=False | row_header=False | metadata=False
Cell E28 | value='Manager 102' | fill=00000000 | rows=[27] | cols=[4] | col_header=False | row_header=False | metadata=False
Cell F29 | value='Employee 3' | fill=00000000 | rows=[28] | cols=[5] | col_header=False | row_header=False | metadata=False
Cell E30 | value='Manager 130' | fill=00000000 | rows=[29] | cols=[4] | col_header=False | row_header=False | metadata=False
Cell F31 | value='Employee 5' | fill=00000000 | rows=[30] | cols=[5] | col_header=False | row_header=False | metadata=False
Cell E32 | value='Manager 72' | fill=00000000 | rows=[31] | cols=[4] | col_header=False | row_header=False | metadata=False
Cell F33 | value='Employee 6' | fill=00000000 | rows=[32] | cols=[5] | col_header=False | row_header=False | metadata=False

=== economy-table113.xlsx ===
Cell B1 | value='Present' | fill=FFFFFF00 | rows=[0] | cols=[1] | col_header=True | row_header=False | metadata=False
Cell C1 | value='Level 3: Mgr 3 Name' | fill=FFFFFF00 | rows=[0] | cols=[2] | col_header=True | row_header=False | metadata=False
Cell D1 | value='Level 2: Mgr 2 Name' | fill=FFFFFF00 | rows=[0] | cols=[3] | col_header=True | row_header=False | metadata=False
Cell E1 | value='Level 1: Mgr1 Name' | fill=FFFFFF00 | rows=[0] | cols=[4] | col_header=True | row_header=False | metadata=False
Cell F1 | value='Level 0: Employees' | fill=FFFFFF00 | rows=[0] | cols=[5] | col_header=True | row_header=False | metadata=False
Cell G1 | value='ID' | fill=FFFFFF00 | rows=[0] | cols=[6] | col_header=True | row_header=False | metadata=False
Cell H1 | value='Org Code' | fill=FFFFFF00 | rows=[0] | cols=[7] | col_header=True | row_header=False | metadata=False
Cell I1 | value='Phone' | fill=FFFFFF00 | rows=[0] | cols=[8] | col_header=True | row_header=False | metadata=False
Cell J1 | value='Department' | fill=FFFFFF00 | rows=[0] | cols=[9] | col_header=True | row_header=False | metadata=False
Cell K1 | value='Site' | fill=FFFFFF00 | rows=[0] | cols=[10] | col_header=True | row_header=False | metadata=False
Cell L1 | value='Bldg' | fill=FFFFFF00 | rows=[0] | cols=[11] | col_header=True | row_header=False | metadata=False
Cell M1 | value='Email' | fill=FFFFFF00 | rows=[0] | cols=[12] | col_header=True | row_header=False | metadata=False
Cell C2 | value='Manager 109' | fill=None | rows=[1] | cols=[2, 3, 4, 5, 6, 7, 8, 9, 10, 11, 12] | col_header=False | row_header=False | metadata=False
Cell D3 | value='Manager 27' | fill=None | rows=[2] | cols=[3, 4, 5] | col_header=False | row_header=False | metadata=False
Cell E4 | value='Manager 86' | fill=00000000 | rows=[3] | cols=[4] | col_header=False | row_header=False | metadata=False
Cell F5 | value='Employee 29' | fill=00000000 | rows=[4] | cols=[5] | col_header=False | row_header=False | metadata=False
Cell F6 | value='Employee 30' | fill=00000000 | rows=[5] | cols=[5] | col_header=False | row_header=False | metadata=False
Cell F7 | value='Employee 35' | fill=00000000 | rows=[6] | cols=[5] | col_header=False | row_header=False | metadata=False
Cell D8 | value='Manager 79' | fill=None | rows=[7] | cols=[3, 4, 5] | col_header=False | row_header=False | metadata=False
Cell F9 | value='Employee 23' | fill=00000000 | rows=[8] | cols=[5] | col_header=False | row_header=False | metadata=False
Cell E10 | value='Manager 124' | fill=00000000 | rows=[9] | cols=[4] | col_header=False | row_header=False | metadata=False
Cell F11 | value='Employee 4' | fill=00000000 | rows=[10] | cols=[5] | col_header=False | row_header=False | metadata=False
Cell E12 | value='Manager 149' | fill=00000000 | rows=[11] | cols=[4] | col_header=False | row_header=False | metadata=False
Cell F13 | value='Employee 31' | fill=00000000 | rows=[12] | cols=[5] | col_header=False | row_header=False | metadata=False
Cell D14 | value='Manager 91' | fill=None | rows=[13] | cols=[3, 4, 5] | col_header=False | row_header=False | metadata=False
Cell E15 | value='Manager 115' | fill=00000000 | rows=[14] | cols=[4] | col_header=False | row_header=False | metadata=False
Cell F16 | value='Employee 7' | fill=00000000 | rows=[15] | cols=[5] | col_header=False | row_header=False | metadata=False
Cell F17 | value='Employee 71' | fill=00000000 | rows=[16] | cols=[5] | col_header=False | row_header=False | metadata=False
Cell E18 | value='Manager 131' | fill=00000000 | rows=[17] | cols=[4] | col_header=False | row_header=False | metadata=False
Cell F19 | value='Employee 21' | fill=00000000 | rows=[18] | cols=[5] | col_header=False | row_header=False | metadata=False
Cell E20 | value='Manager 141' | fill=00000000 | rows=[19] | cols=[4] | col_header=False | row_header=False | metadata=False
Cell F21 | value='Employee 22' | fill=00000000 | rows=[20] | cols=[5] | col_header=False | row_header=False | metadata=False
Cell F22 | value='Employee 28' | fill=00000000 | rows=[21] | cols=[5] | col_header=False | row_header=False | metadata=False
Cell E23 | value='Manager 108' | fill=00000000 | rows=[22] | cols=[4] | col_header=False | row_header=False | metadata=False
Cell F24 | value='Employee 78' | fill=00000000 | rows=[23] | cols=[5] | col_header=False | row_header=False | metadata=False
Cell D25 | value='Manager 99' | fill=None | rows=[24] | cols=[3, 4, 5] | col_header=False | row_header=False | metadata=False
Cell E26 | value='Manager 121' | fill=00000000 | rows=[25] | cols=[4] | col_header=False | row_header=False | metadata=False
Cell F27 | value='Employee 1' | fill=00000000 | rows=[26] | cols=[5] | col_header=False | row_header=False | metadata=False
Cell E28 | value='Manager 102' | fill=00000000 | rows=[27] | cols=[4] | col_header=False | row_header=False | metadata=False
Cell F29 | value='Employee 3' | fill=00000000 | rows=[28] | cols=[5] | col_header=False | row_header=False | metadata=False
Cell E30 | value='Manager 130' | fill=00000000 | rows=[29] | cols=[4] | col_header=False | row_header=False | metadata=False
Cell F31 | value='Employee 5' | fill=00000000 | rows=[30] | cols=[5] | col_header=False | row_header=False | metadata=False
Cell E32 | value='Manager 72' | fill=00000000 | rows=[31] | cols=[4] | col_header=False | row_header=False | metadata=False
Cell F33 | value='Employee 6' | fill=00000000 | rows=[32] | cols=[5] | col_header=False | row_header=False | metadata=False

