=== education-table12.xlsx ===
Cell B1 | value='Participation' | fill=FFFFFF00 | rows=[0] | cols=[1, 2, 3, 4, 5, 6, 7] | col_header=True | row_header=False | metadata=False
Cell I1 | value='Achievement' | fill=FFFFFF00 | rows=[0] | cols=[8, 9, 10, 11, 12, 13, 14] | col_header=True | row_header=False | metadata=False
Cell A2 | value='All Ages' | fill=FFFFFF00 | rows=[1] | cols=[0] | col_header=True | row_header=False | metadata=False
Cell B2 | value='General FE College incl Tertiary' | fill=FFFFFF00 | rows=[1] | cols=[1] | col_header=True | row_header=False | metadata=False
Cell C2 | value='Sixth form college' | fill=FFFFFF00 | rows=[1] | cols=[2] | col_header=True | row_header=False | metadata=False
Cell D2 | value='Special colleges' | fill=FFFFFF00 | rows=[1] | cols=[3] | col_header=True | row_header=False | metadata=False
Cell E2 | value='Other Public Funded' | fill=FFFFFF00 | rows=[1] | cols=[4] | col_header=True | row_header=False | metadata=False
Cell F2 | value='Schools' | fill=FFFFFF00 | rows=[1] | cols=[5] | col_header=True | row_header=False | metadata=False
Cell G2 | value='Private Sector Public Funded' | fill=FFFFFF00 | rows=[1] | cols=[6] | col_header=True | row_header=False | metadata=False
Cell H2 | value='Total' | fill=FF00B0F0 | rows=[1] | cols=[7] | col_header=False | row_header=False | metadata=True
Cell I2 | value='General FE College incl Tertiary' | fill=FFFFFF00 | rows=[1] | cols=[8] | col_header=True | row_header=False | metadata=False
Cell J2 | value='Sixth form college' | fill=FFFFFF00 | rows=[1] | cols=[9] | col_header=True | row_header=False | metadata=False
Cell K2 | value='Special colleges' | fill=FFFFFF00 | rows=[1] | cols=[10] | col_header=True | row_header=False | metadata=False
Cell L2 | value='Other Public Funded' | fill=FFFFFF00 | rows=[1] | cols=[11] | col_header=True | row_header=False | metadata=False
Cell M2 | value='Schools' | fill=FFFFFF00 | rows=[1] | cols=[12] | col_header=True | row_header=False | metadata=False
Cell N2 | value='Private Sector Public Funded' | fill=FFFFFF00 | rows=[1] | cols=[13] | col_header=True | row_header=False | metadata=False
Cell O2 | value='Total' | fill=FF00B0F0 | rows=[1] | cols=[14] | col_header=False | row_header=False | metadata=True
Cell A3 | value='of which EnglishR' | fill=FF00B050 | rows=[2] | cols=[0] | col_header=False | row_header=True | metadata=False
Cell B3 | value='521060' | fill=00000000 | rows=[2] | cols=[1] | col_header=False | row_header=False | metadata=False
Cell C3 | value='17470' | fill=00000000 | rows=[2] | cols=[2] | col_header=False | row_header=False | metadata=False
Cell D3 | value='17090' | fill=00000000 | rows=[2] | cols=[3] | col_header=False | row_header=False | metadata=False
Cell E3 | value='92850' | fill=00000000 | rows=[2] | cols=[4] | col_header=False | row_header=False | metadata=False
Cell F3 | value='460' | fill=00000000 | rows=[2] | cols=[5] | col_header=False | row_header=False | metadata=False
Cell G3 | value='470830' | fill=00000000 | rows=[2] | cols=[6] | col_header=False | row_header=False | metadata=False
Cell H3 | value='1119800' | fill=FF00B0F0 | rows=[2] | cols=[7] | col_header=False | row_header=False | metadata=True
Cell I3 | value='293890' | fill=00000000 | rows=[2] | cols=[8] | col_header=False | row_header=False | metadata=False
Cell J3 | value='12580' | fill=00000000 | rows=[2] | cols=[9] | col_header=False | row_header=False | metadata=False
Cell K3 | value='10630' | fill=00000000 | rows=[2] | cols=[10] | col_header=False | row_header=False | metadata=False
Cell L3 | value='66130' | fill=00000000 | rows=[2] | cols=[11] | col_header=False | row_header=False | metadata=False
Cell M3 | value='340' | fill=00000000 | rows=[2] | cols=[12] | col_header=False | row_header=False | metadata=False
Cell N3 | value='192140' | fill=00000000 | rows=[2] | cols=[13] | col_header=False | row_header=False | metadata=False
Cell O3 | value='575700' | fill=FF00B0F0 | rows=[2] | cols=[14] | col_header=False | row_header=False | metadata=True
Cell A4 | value='of which mathsR' | fill=FF00B050 | rows=[3] | cols=[0] | col_header=False | row_header=True | metadata=False
Cell B4 | value='497690' | fill=00000000 | rows=[3] | cols=[1] | col_header=False | row_header=False | metadata=False
Cell C4 | value='20720' | fill=00000000 | rows=[3] | cols=[2] | col_header=False | row_header=False | metadata=False
Cell D4 | value='15590' | fill=00000000 | rows=[3] | cols=[3] | col_header=False | row_header=False | metadata=False
Cell E4 | value='77510' | fill=00000000 | rows=[3] | cols=[4] | col_header=False | row_header=False | metadata=False
Cell F4 | value='560' | fill=00000000 | rows=[3] | cols=[5] | col_header=False | row_header=False | metadata=False
Cell G4 | value='489590' | fill=00000000 | rows=[3] | cols=[6] | col_header=False | row_header=False | metadata=False
Cell H4 | value='1101700' | fill=FF00B0F0 | rows=[3] | cols=[7] | col_header=False | row_header=False | metadata=True
Cell I4 | value='292820' | fill=00000000 | rows=[3] | cols=[8] | col_header=False | row_header=False | metadata=False
Cell J4 | value='15060' | fill=00000000 | rows=[3] | cols=[9] | col_header=False | row_header=False | metadata=False
Cell K4 | value='10060' | fill=00000000 | rows=[3] | cols=[10] | col_header=False | row_header=False | metadata=False
Cell L4 | value='53690' | fill=00000000 | rows=[3] | cols=[11] | col_header=False | row_header=False | metadata=False
Cell M4 | value='370' | fill=00000000 | rows=[3] | cols=[12] | col_header=False | row_header=False | metadata=False
Cell N4 | value='206840' | fill=00000000 | rows=[3] | cols=[13] | col_header=False | row_header=False | metadata=False
Cell O4 | value='578800' | fill=FF00B0F0 | rows=[3] | cols=[14] | col_header=False | row_header=False | metadata=True
Cell A5 | value='of which ESOL (English for Speakers of Other Languages)R' | fill=FF00B050 | rows=[4] | cols=[0] | col_header=False | row_header=True | metadata=False
Cell B5 | value='101400' | fill=00000000 | rows=[4] | cols=[1] | col_header=False | row_header=False | metadata=False
Cell C5 | value='2270' | fill=00000000 | rows=[4] | cols=[2] | col_header=False | row_header=False | metadata=False
Cell D5 | value='6210' | fill=00000000 | rows=[4] | cols=[3] | col_header=False | row_header=False | metadata=False
Cell E5 | value='38790' | fill=00000000 | rows=[4] | cols=[4] | col_header=False | row_header=False | metadata=False
Cell F5 | value='60' | fill=00000000 | rows=[4] | cols=[5] | col_header=False | row_header=False | metadata=False
Cell G5 | value='2220' | fill=00000000 | rows=[4] | cols=[6] | col_header=False | row_header=False | metadata=False
Cell H5 | value='150900' | fill=FF00B0F0 | rows=[4] | cols=[7] | col_header=False | row_header=False | metadata=True
Cell I5 | value='79540' | fill=00000000 | rows=[4] | cols=[8] | col_header=False | row_header=False | metadata=False
Cell J5 | value='1590' | fill=00000000 | rows=[4] | cols=[9] | col_header=False | row_header=False | metadata=False
Cell K5 | value='5240' | fill=00000000 | rows=[4] | cols=[10] | col_header=False | row_header=False | metadata=False
Cell L5 | value='31490' | fill=00000000 | rows=[4] | cols=[11] | col_header=False | row_header=False | metadata=False
Cell M5 | value='50' | fill=00000000 | rows=[4] | cols=[12] | col_header=False | row_header=False | metadata=False
Cell N5 | value='1290' | fill=00000000 | rows=[4] | cols=[13] | col_header=False | row_header=False | metadata=False
Cell O5 | value='119200' | fill=FF00B0F0 | rows=[4] | cols=[14] | col_header=False | row_header=False | metadata=True
Cell A6 | value='Total Learners' | fill=FF00B0F0 | rows=[5] | cols=[0] | col_header=False | row_header=False | metadata=True
Cell B6 | value='770980' | fill=FF00B0F0 | rows=[5] | cols=[1] | col_header=False | row_header=False | metadata=True
Cell C6 | value='30720' | fill=FF00B0F0 | rows=[5] | cols=[2] | col_header=False | row_header=False | metadata=True
Cell D6 | value='28780' | fill=FF00B0F0 | rows=[5] | cols=[3] | col_header=False | row_header=False | metadata=True
Cell E6 | value='161690' | fill=FF00B0F0 | rows=[5] | cols=[4] | col_header=False | row_header=False | metadata=True
Cell F6 | value='800' | fill=FF00B0F0 | rows=[5] | cols=[5] | col_header=False | row_header=False | metadata=True
Cell G6 | value='545370' | fill=FF00B0F0 | rows=[5] | cols=[6] | col_header=False | row_header=False | metadata=True
Cell H6 | value='1538300' | fill=FF00B0F0 | rows=[5] | cols=[7] | col_header=False | row_header=False | metadata=True
Cell I6 | value='506050' | fill=FF00B0F0 | rows=[5] | cols=[8] | col_header=False | row_header=False | metadata=True
Cell J6 | value='23790' | fill=FF00B0F0 | rows=[5] | cols=[9] | col_header=False | row_header=False | metadata=True
Cell K6 | value='20780' | fill=FF00B0F0 | rows=[5] | cols=[10] | col_header=False | row_header=False | metadata=True
Cell L6 | value='123660' | fill=FF00B0F0 | rows=[5] | cols=[11] | col_header=False | row_header=False | metadata=True
Cell M6 | value='610' | fill=FF00B0F0 | rows=[5] | cols=[12] | col_header=False | row_header=False | metadata=True
Cell N6 | value='246850' | fill=FF00B0F0 | rows=[5] | cols=[13] | col_header=False | row_header=False | metadata=True
Cell O6 | value='921700' | fill=FF00B0F0 | rows=[5] | cols=[14] | col_header=False | row_header=False | metadata=True
Cell A8 | value='Total Learners' | fill=FF00B0F0 | rows=[7] | cols=[0] | col_header=False | row_header=False | metadata=True
Cell B8 | value='318190' | fill=FF00B0F0 | rows=[7] | cols=[1] | col_header=False | row_header=False | metadata=True
Cell C8 | value='5130' | fill=FF00B0F0 | rows=[7] | cols=[2] | col_header=False | row_header=False | metadata=True
Cell D8 | value='13510' | fill=FF00B0F0 | rows=[7] | cols=[3] | col_header=False | row_header=False | metadata=True
Cell E8 | value='120370' | fill=FF00B0F0 | rows=[7] | cols=[4] | col_header=False | row_header=False | metadata=True
Cell F8 | value='590' | fill=FF00B0F0 | rows=[7] | cols=[5] | col_header=False | row_header=False | metadata=True
Cell G8 | value='307000' | fill=FF00B0F0 | rows=[7] | cols=[6] | col_header=False | row_header=False | metadata=True
Cell H8 | value='764800' | fill=FF00B0F0 | rows=[7] | cols=[7] | col_header=False | row_header=False | metadata=True
Cell I8 | value='206520' | fill=FF00B0F0 | rows=[7] | cols=[8] | col_header=False | row_header=False | metadata=True
Cell J8 | value='3600' | fill=FF00B0F0 | rows=[7] | cols=[9] | col_header=False | row_header=False | metadata=True
Cell K8 | value='10280' | fill=FF00B0F0 | rows=[7] | cols=[10] | col_header=False | row_header=False | metadata=True
Cell L8 | value='95090' | fill=FF00B0F0 | rows=[7] | cols=[11] | col_header=False | row_header=False | metadata=True
Cell M8 | value='460' | fill=FF00B0F0 | rows=[7] | cols=[12] | col_header=False | row_header=False | metadata=True
Cell N8 | value='140920' | fill=FF00B0F0 | rows=[7] | cols=[13] | col_header=False | row_header=False | metadata=True
Cell O8 | value='456900' | fill=FF00B0F0 | rows=[7] | cols=[14] | col_header=False | row_header=False | metadata=True

=== education-table12.xlsx ===
Cell B1 | value='Participation' | fill=FFFFFF00 | rows=[0] | cols=[1, 2, 3, 4, 5, 6, 7] | col_header=True | row_header=False | metadata=False
Cell I1 | value='Achievement' | fill=FFFFFF00 | rows=[0] | cols=[8, 9, 10, 11, 12, 13, 14] | col_header=True | row_header=False | metadata=False
Cell A2 | value='All Ages' | fill=FFFFFF00 | rows=[1] | cols=[0] | col_header=True | row_header=False | metadata=False
Cell B2 | value='General FE College incl Tertiary' | fill=FFFFFF00 | rows=[1] | cols=[1] | col_header=True | row_header=False | metadata=False
Cell C2 | value='Sixth form college' | fill=FFFFFF00 | rows=[1] | cols=[2] | col_header=True | row_header=False | metadata=False
Cell D2 | value='Special colleges' | fill=FFFFFF00 | rows=[1] | cols=[3] | col_header=True | row_header=False | metadata=False
Cell E2 | value='Other Public Funded' | fill=FFFFFF00 | rows=[1] | cols=[4] | col_header=True | row_header=False | metadata=False
Cell F2 | value='Schools' | fill=FFFFFF00 | rows=[1] | cols=[5] | col_header=True | row_header=False | metadata=False
Cell G2 | value='Private Sector Public Funded' | fill=FFFFFF00 | rows=[1] | cols=[6] | col_header=True | row_header=False | metadata=False
Cell H2 | value='Total' | fill=FF00B0F0 | rows=[1] | cols=[7] | col_header=False | row_header=False | metadata=True
Cell I2 | value='General FE College incl Tertiary' | fill=FFFFFF00 | rows=[1] | cols=[8] | col_header=True | row_header=False | metadata=False
Cell J2 | value='Sixth form college' | fill=FFFFFF00 | rows=[1] | cols=[9] | col_header=True | row_header=False | metadata=False
Cell K2 | value='Special colleges' | fill=FFFFFF00 | rows=[1] | cols=[10] | col_header=True | row_header=False | metadata=False
Cell L2 | value='Other Public Funded' | fill=FFFFFF00 | rows=[1] | cols=[11] | col_header=True | row_header=False | metadata=False
Cell M2 | value='Schools' | fill=FFFFFF00 | rows=[1] | cols=[12] | col_header=True | row_header=False | metadata=False
Cell N2 | value='Private Sector Public Funded' | fill=FFFFFF00 | rows=[1] | cols=[13] | col_header=True | row_header=False | metadata=False
Cell O2 | value='Total' | fill=FF00B0F0 | rows=[1] | cols=[14] | col_header=False | row_header=False | metadata=True
Cell A3 | value='of which EnglishR' | fill=FF00B050 | rows=[2] | cols=[0] | col_header=False | row_header=True | metadata=False
Cell B3 | value='521060' | fill=00000000 | rows=[2] | cols=[1] | col_header=False | row_header=False | metadata=False
Cell C3 | value='17470' | fill=00000000 | rows=[2] | cols=[2] | col_header=False | row_header=False | metadata=False
Cell D3 | value='17090' | fill=00000000 | rows=[2] | cols=[3] | col_header=False | row_header=False | metadata=False
Cell E3 | value='92850' | fill=00000000 | rows=[2] | cols=[4] | col_header=False | row_header=False | metadata=False
Cell F3 | value='460' | fill=00000000 | rows=[2] | cols=[5] | col_header=False | row_header=False | metadata=False
Cell G3 | value='470830' | fill=00000000 | rows=[2] | cols=[6] | col_header=False | row_header=False | metadata=False
Cell H3 | value='1119800' | fill=FF00B0F0 | rows=[2] | cols=[7] | col_header=False | row_header=False | metadata=True
Cell I3 | value='293890' | fill=00000000 | rows=[2] | cols=[8] | col_header=False | row_header=False | metadata=False
Cell J3 | value='12580' | fill=00000000 | rows=[2] | cols=[9] | col_header=False | row_header=False | metadata=False
Cell K3 | value='10630' | fill=00000000 | rows=[2] | cols=[10] | col_header=False | row_header=False | metadata=False
Cell L3 | value='66130' | fill=00000000 | rows=[2] | cols=[11] | col_header=False | row_header=False | metadata=False
Cell M3 | value='340' | fill=00000000 | rows=[2] | cols=[12] | col_header=False | row_header=False | metadata=False
Cell N3 | value='192140' | fill=00000000 | rows=[2] | cols=[13] | col_header=False | row_header=False | metadata=False
Cell O3 | value='575700' | fill=FF00B0F0 | rows=[2] | cols=[14] | col_header=False | row_header=False | metadata=True
Cell A4 | value='of which mathsR' | fill=FF00B050 | rows=[3] | cols=[0] | col_header=False | row_header=True | metadata=False
Cell B4 | value='497690' | fill=00000000 | rows=[3] | cols=[1] | col_header=False | row_header=False | metadata=False
Cell C4 | value='20720' | fill=00000000 | rows=[3] | cols=[2] | col_header=False | row_header=False | metadata=False
Cell D4 | value='15590' | fill=00000000 | rows=[3] | cols=[3] | col_header=False | row_header=False | metadata=False
Cell E4 | value='77510' | fill=00000000 | rows=[3] | cols=[4] | col_header=False | row_header=False | metadata=False
Cell F4 | value='560' | fill=00000000 | rows=[3] | cols=[5] | col_header=False | row_header=False | metadata=False
Cell G4 | value='489590' | fill=00000000 | rows=[3] | cols=[6] | col_header=False | row_header=False | metadata=False
Cell H4 | value='1101700' | fill=FF00B0F0 | rows=[3] | cols=[7] | col_header=False | row_header=False | metadata=True
Cell I4 | value='292820' | fill=00000000 | rows=[3] | cols=[8] | col_header=False | row_header=False | metadata=False
Cell J4 | value='15060' | fill=00000000 | rows=[3] | cols=[9] | col_header=False | row_header=False | metadata=False
Cell K4 | value='10060' | fill=00000000 | rows=[3] | cols=[10] | col_header=False | row_header=False | metadata=False
Cell L4 | value='53690' | fill=00000000 | rows=[3] | cols=[11] | col_header=False | row_header=False | metadata=False
Cell M4 | value='370' | fill=00000000 | rows=[3] | cols=[12] | col_header=False | row_header=False | metadata=False
Cell N4 | value='206840' | fill=00000000 | rows=[3] | cols=[13] | col_header=False | row_header=False | metadata=False
Cell O4 | value='578800' | fill=FF00B0F0 | rows=[3] | cols=[14] | col_header=False | row_header=False | metadata=True
Cell A5 | value='of which ESOL (English for Speakers of Other Languages)R' | fill=FF00B050 | rows=[4] | cols=[0] | col_header=False | row_header=True | metadata=False
Cell B5 | value='101400' | fill=00000000 | rows=[4] | cols=[1] | col_header=False | row_header=False | metadata=False
Cell C5 | value='2270' | fill=00000000 | rows=[4] | cols=[2] | col_header=False | row_header=False | metadata=False
Cell D5 | value='6210' | fill=00000000 | rows=[4] | cols=[3] | col_header=False | row_header=False | metadata=False
Cell E5 | value='38790' | fill=00000000 | rows=[4] | cols=[4] | col_header=False | row_header=False | metadata=False
Cell F5 | value='60' | fill=00000000 | rows=[4] | cols=[5] | col_header=False | row_header=False | metadata=False
Cell G5 | value='2220' | fill=00000000 | rows=[4] | cols=[6] | col_header=False | row_header=False | metadata=False
Cell H5 | value='150900' | fill=FF00B0F0 | rows=[4] | cols=[7] | col_header=False | row_header=False | metadata=True
Cell I5 | value='79540' | fill=00000000 | rows=[4] | cols=[8] | col_header=False | row_header=False | metadata=False
Cell J5 | value='1590' | fill=00000000 | rows=[4] | cols=[9] | col_header=False | row_header=False | metadata=False
Cell K5 | value='5240' | fill=00000000 | rows=[4] | cols=[10] | col_header=False | row_header=False | metadata=False
Cell L5 | value='31490' | fill=00000000 | rows=[4] | cols=[11] | col_header=False | row_header=False | metadata=False
Cell M5 | value='50' | fill=00000000 | rows=[4] | cols=[12] | col_header=False | row_header=False | metadata=False
Cell N5 | value='1290' | fill=00000000 | rows=[4] | cols=[13] | col_header=False | row_header=False | metadata=False
Cell O5 | value='119200' | fill=FF00B0F0 | rows=[4] | cols=[14] | col_header=False | row_header=False | metadata=True
Cell A6 | value='Total Learners' | fill=FF00B0F0 | rows=[5] | cols=[0] | col_header=False | row_header=False | metadata=True
Cell B6 | value='770980' | fill=FF00B0F0 | rows=[5] | cols=[1] | col_header=False | row_header=False | metadata=True
Cell C6 | value='30720' | fill=FF00B0F0 | rows=[5] | cols=[2] | col_header=False | row_header=False | metadata=True
Cell D6 | value='28780' | fill=FF00B0F0 | rows=[5] | cols=[3] | col_header=False | row_header=False | metadata=True
Cell E6 | value='161690' | fill=FF00B0F0 | rows=[5] | cols=[4] | col_header=False | row_header=False | metadata=True
Cell F6 | value='800' | fill=FF00B0F0 | rows=[5] | cols=[5] | col_header=False | row_header=False | metadata=True
Cell G6 | value='545370' | fill=FF00B0F0 | rows=[5] | cols=[6] | col_header=False | row_header=False | metadata=True
Cell H6 | value='1538300' | fill=FF00B0F0 | rows=[5] | cols=[7] | col_header=False | row_header=False | metadata=True
Cell I6 | value='506050' | fill=FF00B0F0 | rows=[5] | cols=[8] | col_header=False | row_header=False | metadata=True
Cell J6 | value='23790' | fill=FF00B0F0 | rows=[5] | cols=[9] | col_header=False | row_header=False | metadata=True
Cell K6 | value='20780' | fill=FF00B0F0 | rows=[5] | cols=[10] | col_header=False | row_header=False | metadata=True
Cell L6 | value='123660' | fill=FF00B0F0 | rows=[5] | cols=[11] | col_header=False | row_header=False | metadata=True
Cell M6 | value='610' | fill=FF00B0F0 | rows=[5] | cols=[12] | col_header=False | row_header=False | metadata=True
Cell N6 | value='246850' | fill=FF00B0F0 | rows=[5] | cols=[13] | col_header=False | row_header=False | metadata=True
Cell O6 | value='921700' | fill=FF00B0F0 | rows=[5] | cols=[14] | col_header=False | row_header=False | metadata=True
Cell A8 | value='Total Learners' | fill=FF00B0F0 | rows=[7] | cols=[0] | col_header=False | row_header=False | metadata=True
Cell B8 | value='318190' | fill=FF00B0F0 | rows=[7] | cols=[1] | col_header=False | row_header=False | metadata=True
Cell C8 | value='5130' | fill=FF00B0F0 | rows=[7] | cols=[2] | col_header=False | row_header=False | metadata=True
Cell D8 | value='13510' | fill=FF00B0F0 | rows=[7] | cols=[3] | col_header=False | row_header=False | metadata=True
Cell E8 | value='120370' | fill=FF00B0F0 | rows=[7] | cols=[4] | col_header=False | row_header=False | metadata=True
Cell F8 | value='590' | fill=FF00B0F0 | rows=[7] | cols=[5] | col_header=False | row_header=False | metadata=True
Cell G8 | value='307000' | fill=FF00B0F0 | rows=[7] | cols=[6] | col_header=False | row_header=False | metadata=True
Cell H8 | value='764800' | fill=FF00B0F0 | rows=[7] | cols=[7] | col_header=False | row_header=False | metadata=True
Cell I8 | value='206520' | fill=FF00B0F0 | rows=[7] | cols=[8] | col_header=False | row_header=False | metadata=True
Cell J8 | value='3600' | fill=FF00B0F0 | rows=[7] | cols=[9] | col_header=False | row_header=False | metadata=True
Cell K8 | value='10280' | fill=FF00B0F0 | rows=[7] | cols=[10] | col_header=False | row_header=False | metadata=True
Cell L8 | value='95090' | fill=FF00B0F0 | rows=[7] | cols=[11] | col_header=False | row_header=False | metadata=True
Cell M8 | value='460' | fill=FF00B0F0 | rows=[7] | cols=[12] | col_header=False | row_header=False | metadata=True
Cell N8 | value='140920' | fill=FF00B0F0 | rows=[7] | cols=[13] | col_header=False | row_header=False | metadata=True
Cell O8 | value='456900' | fill=FF00B0F0 | rows=[7] | cols=[14] | col_header=False | row_header=False | metadata=True

