=== food-table02.xlsx ===
Cell A1 | value='Year and qtr 1/' | fill=FFFFFF00 | rows=[0, 1] | cols=[0, 1] | col_header=True | row_header=True | metadata=False
Cell C1 | value='Production 2/' | fill=FFFFFF00 | rows=[0] | cols=[2, 3, 4, 5] | col_header=True | row_header=False | metadata=False
Cell N1 | value='Per capita disappearance (pounds)' | fill=FFFFFF00 | rows=[0] | cols=[13, 14, 15] | col_header=True | row_header=False | metadata=False
Cell C2 | value='Commercial' | fill=FFFFFF00 | rows=[1] | cols=[2] | col_header=True | row_header=False | metadata=False
Cell D2 | value='Farm' | fill=FFFFFF00 | rows=[1] | cols=[3] | col_header=True | row_header=False | metadata=False
Cell E2 | value='Total' | fill=FF00B0F0 | rows=[1] | cols=[4, 5] | col_header=False | row_header=False | metadata=True
Cell G2 | value='Beginning stocks' | fill=FFFFFF00 | rows=[1] | cols=[6] | col_header=True | row_header=False | metadata=False
Cell H2 | value='Imports 3/' | fill=FFFFFF00 | rows=[1] | cols=[7] | col_header=True | row_header=False | metadata=False
Cell I2 | value='Total
supply 4/' | fill=FF00B0F0 | rows=[1] | cols=[8] | col_header=False | row_header=False | metadata=True
Cell J2 | value='Exports 3/' | fill=FFFFFF00 | rows=[1] | cols=[9] | col_header=True | row_header=False | metadata=False
Cell K2 | value='Ending stocks' | fill=FFFFFF00 | rows=[1] | cols=[10] | col_header=True | row_header=False | metadata=False
Cell L2 | value='Total dis-
appearance
4/ 5/' | fill=FF00B0F0 | rows=[1] | cols=[11] | col_header=False | row_header=False | metadata=True
Cell M2 | value='U.S. population 6/ (1,000 persons)' | fill=FFFFFF00 | rows=[1] | cols=[12] | col_header=True | row_header=False | metadata=False
Cell N2 | value='Carcass weight' | fill=FFFFFF00 | rows=[1] | cols=[13] | col_header=True | row_header=False | metadata=False
Cell O2 | value='Retail weight' | fill=FFFFFF00 | rows=[1] | cols=[14] | col_header=True | row_header=False | metadata=False
Cell P2 | value='Boneless retail weight' | fill=FFFFFF00 | rows=[1] | cols=[15] | col_header=True | row_header=False | metadata=False
Cell A3 | value='2020' | fill=FF00B050 | rows=[2, 3, 4, 5, 6] | cols=[0] | col_header=False | row_header=True | metadata=False
Cell B3 | value='Q1 Jan-Mar' | fill=FF00B050 | rows=[2] | cols=[1] | col_header=False | row_header=True | metadata=False
Cell C3 | value='6930.9' | fill=00000000 | rows=[2] | cols=[2] | col_header=False | row_header=False | metadata=False
Cell D3 | value='26.4325' | fill=00000000 | rows=[2] | cols=[3] | col_header=False | row_header=False | metadata=False
Cell E3 | value='6957.3325' | fill=FF00B0F0 | rows=[2] | cols=[4, 5] | col_header=False | row_header=False | metadata=True
Cell G3 | value='642.112' | fill=00000000 | rows=[2] | cols=[6] | col_header=False | row_header=False | metadata=False
Cell H3 | value='773.542' | fill=00000000 | rows=[2] | cols=[7] | col_header=False | row_header=False | metadata=False
Cell I3 | value='8372.9865' | fill=FF00B0F0 | rows=[2] | cols=[8] | col_header=False | row_header=False | metadata=True
Cell J3 | value='768.683' | fill=00000000 | rows=[2] | cols=[9] | col_header=False | row_header=False | metadata=False
Cell K3 | value='670.46' | fill=00000000 | rows=[2] | cols=[10] | col_header=False | row_header=False | metadata=False
Cell L3 | value='6933.8435' | fill=FF00B0F0 | rows=[2] | cols=[11] | col_header=False | row_header=False | metadata=True
Cell M3 | value='329865.7' | fill=00000000 | rows=[2] | cols=[12] | col_header=False | row_header=False | metadata=False
Cell N3 | value='21.0202' | fill=00000000 | rows=[2] | cols=[13] | col_header=False | row_header=False | metadata=False
Cell O3 | value='14.7142' | fill=00000000 | rows=[2] | cols=[14] | col_header=False | row_header=False | metadata=False
Cell P3 | value='14.0625' | fill=00000000 | rows=[2] | cols=[15] | col_header=False | row_header=False | metadata=False
Cell B4 | value='Q2 Apr-Jun' | fill=FF00B050 | rows=[3] | cols=[1] | col_header=False | row_header=True | metadata=False
Cell C4 | value='6058.6' | fill=00000000 | rows=[3] | cols=[2] | col_header=False | row_header=False | metadata=False
Cell D4 | value='8.6311' | fill=00000000 | rows=[3] | cols=[3] | col_header=False | row_header=False | metadata=False
Cell E4 | value='6067.2311' | fill=FF00B0F0 | rows=[3] | cols=[4, 5] | col_header=False | row_header=False | metadata=True
Cell G4 | value='670.46' | fill=00000000 | rows=[3] | cols=[6] | col_header=False | row_header=False | metadata=False
Cell H4 | value='847.663' | fill=00000000 | rows=[3] | cols=[7] | col_header=False | row_header=False | metadata=False
Cell I4 | value='7585.3541' | fill=FF00B0F0 | rows=[3] | cols=[8] | col_header=False | row_header=False | metadata=True
Cell J4 | value='604.683' | fill=00000000 | rows=[3] | cols=[9] | col_header=False | row_header=False | metadata=False
Cell K4 | value='572.609' | fill=00000000 | rows=[3] | cols=[10] | col_header=False | row_header=False | metadata=False
Cell L4 | value='6408.0621' | fill=FF00B0F0 | rows=[3] | cols=[11] | col_header=False | row_header=False | metadata=True
Cell M4 | value='331714.6' | fill=00000000 | rows=[3] | cols=[12] | col_header=False | row_header=False | metadata=False
Cell N4 | value='19.318' | fill=00000000 | rows=[3] | cols=[13] | col_header=False | row_header=False | metadata=False
Cell O4 | value='13.5226' | fill=00000000 | rows=[3] | cols=[14] | col_header=False | row_header=False | metadata=False
Cell P4 | value='12.9237' | fill=00000000 | rows=[3] | cols=[15] | col_header=False | row_header=False | metadata=False
Cell B5 | value='Q3 Jul-Sep' | fill=FF00B050 | rows=[4] | cols=[1] | col_header=False | row_header=True | metadata=False
Cell C5 | value='7115.3' | fill=00000000 | rows=[4] | cols=[2] | col_header=False | row_header=False | metadata=False
Cell D5 | value='8.6311' | fill=00000000 | rows=[4] | cols=[3] | col_header=False | row_header=False | metadata=False
Cell E5 | value='7123.9311' | fill=FF00B0F0 | rows=[4] | cols=[4, 5] | col_header=False | row_header=False | metadata=True
Cell G5 | value='572.609' | fill=00000000 | rows=[4] | cols=[6] | col_header=False | row_header=False | metadata=False
Cell H5 | value='1025.388' | fill=00000000 | rows=[4] | cols=[7] | col_header=False | row_header=False | metadata=False
Cell I5 | value='8721.9281' | fill=FF00B0F0 | rows=[4] | cols=[8] | col_header=False | row_header=False | metadata=True
Cell J5 | value='758.538' | fill=00000000 | rows=[4] | cols=[9] | col_header=False | row_header=False | metadata=False
Cell K5 | value='617.052' | fill=00000000 | rows=[4] | cols=[10] | col_header=False | row_header=False | metadata=False
Cell L5 | value='7346.3381' | fill=FF00B0F0 | rows=[4] | cols=[11] | col_header=False | row_header=False | metadata=True
Cell M5 | value='331886.4' | fill=00000000 | rows=[4] | cols=[12] | col_header=False | row_header=False | metadata=False
Cell N5 | value='22.1351' | fill=00000000 | rows=[4] | cols=[13] | col_header=False | row_header=False | metadata=False
Cell O5 | value='15.4945' | fill=00000000 | rows=[4] | cols=[14] | col_header=False | row_header=False | metadata=False
Cell P5 | value='14.8084' | fill=00000000 | rows=[4] | cols=[15] | col_header=False | row_header=False | metadata=False
Cell B6 | value='Q4 Oct-Dec' | fill=FF00B050 | rows=[5] | cols=[1] | col_header=False | row_header=True | metadata=False
Cell C6 | value='7068.9' | fill=00000000 | rows=[5] | cols=[2] | col_header=False | row_header=False | metadata=False
Cell D6 | value='26.2052' | fill=00000000 | rows=[5] | cols=[3] | col_header=False | row_header=False | metadata=False
Cell E6 | value='7095.1052' | fill=FF00B0F0 | rows=[5] | cols=[4, 5] | col_header=False | row_header=False | metadata=True
Cell G6 | value='617.052' | fill=00000000 | rows=[5] | cols=[6] | col_header=False | row_header=False | metadata=False
Cell H6 | value='692.736' | fill=00000000 | rows=[5] | cols=[7] | col_header=False | row_header=False | metadata=False
Cell I6 | value='8404.8932' | fill=FF00B0F0 | rows=[5] | cols=[8] | col_header=False | row_header=False | metadata=True
Cell J6 | value='818.793' | fill=00000000 | rows=[5] | cols=[9] | col_header=False | row_header=False | metadata=False
Cell K6 | value='715.654' | fill=00000000 | rows=[5] | cols=[10] | col_header=False | row_header=False | metadata=False
Cell L6 | value='6870.4462' | fill=FF00B0F0 | rows=[5] | cols=[11] | col_header=False | row_header=False | metadata=True
Cell M6 | value='332208.9' | fill=00000000 | rows=[5] | cols=[12] | col_header=False | row_header=False | metadata=False
Cell N6 | value='20.6811' | fill=00000000 | rows=[5] | cols=[13] | col_header=False | row_header=False | metadata=False
Cell O6 | value='14.4768' | fill=00000000 | rows=[5] | cols=[14] | col_header=False | row_header=False | metadata=False
Cell P6 | value='13.8357' | fill=00000000 | rows=[5] | cols=[15] | col_header=False | row_header=False | metadata=False
Cell B7 | value='Yr Jan-Dec' | fill=FF00B050 | rows=[6] | cols=[1] | col_header=False | row_header=True | metadata=False
Cell C7 | value='27173.7' | fill=00000000 | rows=[6] | cols=[2] | col_header=False | row_header=False | metadata=False
Cell D7 | value='69.9' | fill=00000000 | rows=[6] | cols=[3] | col_header=False | row_header=False | metadata=False
Cell E7 | value='27243.6' | fill=FF00B0F0 | rows=[6] | cols=[4, 5] | col_header=False | row_header=False | metadata=True
Cell G7 | value='642.112' | fill=00000000 | rows=[6] | cols=[6] | col_header=False | row_header=False | metadata=False
Cell H7 | value='3339.329' | fill=00000000 | rows=[6] | cols=[7] | col_header=False | row_header=False | metadata=False
Cell I7 | value='31225.041' | fill=FF00B0F0 | rows=[6] | cols=[8] | col_header=False | row_header=False | metadata=True
Cell J7 | value='2950.697' | fill=00000000 | rows=[6] | cols=[9] | col_header=False | row_header=False | metadata=False
Cell K7 | value='715.654' | fill=00000000 | rows=[6] | cols=[10] | col_header=False | row_header=False | metadata=False
Cell L7 | value='27558.69' | fill=FF00B0F0 | rows=[6] | cols=[11] | col_header=False | row_header=False | metadata=True
Cell M7 | value='331419.1' | fill=00000000 | rows=[6] | cols=[12] | col_header=False | row_header=False | metadata=False
Cell N7 | value='83.1536' | fill=00000000 | rows=[6] | cols=[13] | col_header=False | row_header=False | metadata=False
Cell O7 | value='58.2075' | fill=00000000 | rows=[6] | cols=[14] | col_header=False | row_header=False | metadata=False
Cell P7 | value='55.6298' | fill=00000000 | rows=[6] | cols=[15] | col_header=False | row_header=False | metadata=False
Cell A8 | value='2021' | fill=FF00B050 | rows=[7, 8, 9, 10, 11] | cols=[0] | col_header=False | row_header=True | metadata=False
Cell B8 | value='Q1 Jan-Mar' | fill=FF00B050 | rows=[7] | cols=[1] | col_header=False | row_header=True | metadata=False
Cell C8 | value='6899.7' | fill=00000000 | rows=[7] | cols=[2] | col_header=False | row_header=False | metadata=False
Cell D8 | value='25.5662' | fill=00000000 | rows=[7] | cols=[3] | col_header=False | row_header=False | metadata=False
Cell E8 | value='6925.2662' | fill=FF00B0F0 | rows=[7] | cols=[4, 5] | col_header=False | row_header=False | metadata=True
Cell G8 | value='715.654' | fill=00000000 | rows=[7] | cols=[6] | col_header=False | row_header=False | metadata=False
Cell H8 | value='695.827' | fill=00000000 | rows=[7] | cols=[7] | col_header=False | row_header=False | metadata=False
Cell I8 | value='8336.7472' | fill=FF00B0F0 | rows=[7] | cols=[8] | col_header=False | row_header=False | metadata=True
Cell J8 | value='787.615' | fill=00000000 | rows=[7] | cols=[9] | col_header=False | row_header=False | metadata=False
Cell K8 | value='645.228' | fill=00000000 | rows=[7] | cols=[10] | col_header=False | row_header=False | metadata=False
Cell L8 | value='6903.9042' | fill=FF00B0F0 | rows=[7] | cols=[11] | col_header=False | row_header=False | metadata=True
Cell M8 | value='332004.7' | fill=00000000 | rows=[7] | cols=[12] | col_header=False | row_header=False | metadata=False
Cell N8 | value='20.7946' | fill=00000000 | rows=[7] | cols=[13] | col_header=False | row_header=False | metadata=False
Cell O8 | value='14.5562' | fill=00000000 | rows=[7] | cols=[14] | col_header=False | row_header=False | metadata=False
Cell P8 | value='13.9116' | fill=00000000 | rows=[7] | cols=[15] | col_header=False | row_header=False | metadata=False
Cell B9 | value='Q2 Apr-Jun' | fill=FF00B050 | rows=[8] | cols=[1] | col_header=False | row_header=True | metadata=False
Cell C9 | value='6963.2' | fill=00000000 | rows=[8] | cols=[2] | col_header=False | row_header=False | metadata=False
Cell D9 | value='8.3494' | fill=00000000 | rows=[8] | cols=[3] | col_header=False | row_header=False | metadata=False
Cell E9 | value='6971.5494' | fill=FF00B0F0 | rows=[8] | cols=[4, 5] | col_header=False | row_header=False | metadata=True
Cell G9 | value='645.228' | fill=00000000 | rows=[8] | cols=[6] | col_header=False | row_header=False | metadata=False
Cell H9 | value='865.289' | fill=00000000 | rows=[8] | cols=[7] | col_header=False | row_header=False | metadata=False
Cell I9 | value='8482.0664' | fill=FF00B0F0 | rows=[8] | cols=[8] | col_header=False | row_header=False | metadata=True
Cell J9 | value='874.987' | fill=00000000 | rows=[8] | cols=[9] | col_header=False | row_header=False | metadata=False
Cell K9 | value='535.424' | fill=00000000 | rows=[8] | cols=[10] | col_header=False | row_header=False | metadata=False
Cell L9 | value='7071.6554' | fill=FF00B0F0 | rows=[8] | cols=[11] | col_header=False | row_header=False | metadata=True
Cell M9 | value='332166.3' | fill=00000000 | rows=[8] | cols=[12] | col_header=False | row_header=False | metadata=False
Cell N9 | value='21.2895' | fill=00000000 | rows=[8] | cols=[13] | col_header=False | row_header=False | metadata=False
Cell O9 | value='14.9027' | fill=00000000 | rows=[8] | cols=[14] | col_header=False | row_header=False | metadata=False
Cell P9 | value='14.2427' | fill=00000000 | rows=[8] | cols=[15] | col_header=False | row_header=False | metadata=False
Cell B10 | value='Q3 Jul-Sep' | fill=FF00B050 | rows=[9] | cols=[1] | col_header=False | row_header=True | metadata=False
Cell C10 | value='6979.2' | fill=00000000 | rows=[9] | cols=[2] | col_header=False | row_header=False | metadata=False
Cell D10 | value='8.3494' | fill=00000000 | rows=[9] | cols=[3] | col_header=False | row_header=False | metadata=False
Cell E10 | value='6987.5494' | fill=FF00B0F0 | rows=[9] | cols=[4, 5] | col_header=False | row_header=False | metadata=True
Cell G10 | value='535.424' | fill=00000000 | rows=[9] | cols=[6] | col_header=False | row_header=False | metadata=False
Cell H10 | value='922.453' | fill=00000000 | rows=[9] | cols=[7] | col_header=False | row_header=False | metadata=False
Cell I10 | value='8445.4264' | fill=FF00B0F0 | rows=[9] | cols=[8] | col_header=False | row_header=False | metadata=True
Cell J10 | value='911.858' | fill=00000000 | rows=[9] | cols=[9] | col_header=False | row_header=False | metadata=False
Cell K10 | value='585.146' | fill=00000000 | rows=[9] | cols=[10] | col_header=False | row_header=False | metadata=False
Cell L10 | value='6948.4224' | fill=FF00B0F0 | rows=[9] | cols=[11] | col_header=False | row_header=False | metadata=True
Cell M10 | value='332497' | fill=00000000 | rows=[9] | cols=[12] | col_header=False | row_header=False | metadata=False
Cell N10 | value='20.8977' | fill=00000000 | rows=[9] | cols=[13] | col_header=False | row_header=False | metadata=False
Cell O10 | value='14.6284' | fill=00000000 | rows=[9] | cols=[14] | col_header=False | row_header=False | metadata=False
Cell P10 | value='13.9806' | fill=00000000 | rows=[9] | cols=[15] | col_header=False | row_header=False | metadata=False
Cell B11 | value='Q4 Oct-Dec' | fill=FF00B050 | rows=[10] | cols=[1] | col_header=False | row_header=True | metadata=False
Cell C11 | value='7106.1' | fill=00000000 | rows=[10] | cols=[2] | col_header=False | row_header=False | metadata=False
Cell D11 | value='25.335' | fill=00000000 | rows=[10] | cols=[3] | col_header=False | row_header=False | metadata=False
Cell E11 | value='7131.435' | fill=FF00B0F0 | rows=[10] | cols=[4, 5] | col_header=False | row_header=False | metadata=True
Cell G11 | value='585.146' | fill=00000000 | rows=[10] | cols=[6] | col_header=False | row_header=False | metadata=False
Cell H11 | value='861.009' | fill=00000000 | rows=[10] | cols=[7] | col_header=False | row_header=False | metadata=False
Cell I11 | value='8577.59' | fill=FF00B0F0 | rows=[10] | cols=[8] | col_header=False | row_header=False | metadata=True
Cell J11 | value='853.417' | fill=00000000 | rows=[10] | cols=[9] | col_header=False | row_header=False | metadata=False
Cell K11 | value='675.577' | fill=00000000 | rows=[10] | cols=[10] | col_header=False | row_header=False | metadata=False
Cell L11 | value='7048.596' | fill=FF00B0F0 | rows=[10] | cols=[11] | col_header=False | row_header=False | metadata=True
Cell M11 | value='332802.8' | fill=00000000 | rows=[10] | cols=[12] | col_header=False | row_header=False | metadata=False
Cell N11 | value='21.1795' | fill=00000000 | rows=[10] | cols=[13] | col_header=False | row_header=False | metadata=False
Cell O11 | value='14.8257' | fill=00000000 | rows=[10] | cols=[14] | col_header=False | row_header=False | metadata=False
Cell P11 | value='14.1691' | fill=00000000 | rows=[10] | cols=[15] | col_header=False | row_header=False | metadata=False
Cell B12 | value='Yr Jan-Dec' | fill=FF00B050 | rows=[11] | cols=[1] | col_header=False | row_header=True | metadata=False
Cell C12 | value='27948.2' | fill=00000000 | rows=[11] | cols=[2] | col_header=False | row_header=False | metadata=False
Cell D12 | value='67.6' | fill=00000000 | rows=[11] | cols=[3] | col_header=False | row_header=False | metadata=False
Cell E12 | value='28015.8' | fill=FF00B0F0 | rows=[11] | cols=[4, 5] | col_header=False | row_header=False | metadata=True
Cell G12 | value='715.654' | fill=00000000 | rows=[11] | cols=[6] | col_header=False | row_header=False | metadata=False
Cell H12 | value='3344.578' | fill=00000000 | rows=[11] | cols=[7] | col_header=False | row_header=False | metadata=False
Cell I12 | value='32076.032' | fill=FF00B0F0 | rows=[11] | cols=[8] | col_header=False | row_header=False | metadata=True
Cell J12 | value='3427.877' | fill=00000000 | rows=[11] | cols=[9] | col_header=False | row_header=False | metadata=False
Cell K12 | value='675.577' | fill=00000000 | rows=[11] | cols=[10] | col_header=False | row_header=False | metadata=False
Cell L12 | value='27972.578' | fill=FF00B0F0 | rows=[11] | cols=[11] | col_header=False | row_header=False | metadata=True
Cell M12 | value='332367.5' | fill=00000000 | rows=[11] | cols=[12] | col_header=False | row_header=False | metadata=False
Cell N12 | value='84.1616' | fill=00000000 | rows=[11] | cols=[13] | col_header=False | row_header=False | metadata=False
Cell O12 | value='58.9131' | fill=00000000 | rows=[11] | cols=[14] | col_header=False | row_header=False | metadata=False
Cell P12 | value='56.3041' | fill=00000000 | rows=[11] | cols=[15] | col_header=False | row_header=False | metadata=False
Cell A13 | value='2022' | fill=FF00B050 | rows=[12, 13, 14, 15, 16] | cols=[0] | col_header=False | row_header=True | metadata=False
Cell B13 | value='Q1 Jan-Mar' | fill=FF00B050 | rows=[12] | cols=[1] | col_header=False | row_header=True | metadata=False
Cell C13 | value='7023.3' | fill=00000000 | rows=[12] | cols=[2] | col_header=False | row_header=False | metadata=False
Cell D13 | value='25.5472' | fill=00000000 | rows=[12] | cols=[3] | col_header=False | row_header=False | metadata=False
Cell E13 | value='7048.8472' | fill=FF00B0F0 | rows=[12] | cols=[4, 5] | col_header=False | row_header=False | metadata=True
Cell G13 | value='675.577' | fill=00000000 | rows=[12] | cols=[6] | col_header=False | row_header=False | metadata=False
Cell H13 | value='984.509' | fill=00000000 | rows=[12] | cols=[7] | col_header=False | row_header=False | metadata=False
Cell I13 | value='8708.9332' | fill=FF00B0F0 | rows=[12] | cols=[8] | col_header=False | row_header=False | metadata=True
Cell J13 | value='842.571' | fill=00000000 | rows=[12] | cols=[9] | col_header=False | row_header=False | metadata=False
Cell K13 | value='710.96' | fill=00000000 | rows=[12] | cols=[10] | col_header=False | row_header=False | metadata=False
Cell L13 | value='7155.4022' | fill=FF00B0F0 | rows=[12] | cols=[11] | col_header=False | row_header=False | metadata=True
Cell M13 | value='332990.6' | fill=00000000 | rows=[12] | cols=[12] | col_header=False | row_header=False | metadata=False
Cell N13 | value='21.4883' | fill=00000000 | rows=[12] | cols=[13] | col_header=False | row_header=False | metadata=False
Cell O13 | value='15.0418' | fill=00000000 | rows=[12] | cols=[14] | col_header=False | row_header=False | metadata=False
Cell P13 | value='14.3757' | fill=00000000 | rows=[12] | cols=[15] | col_header=False | row_header=False | metadata=False
Cell B14 | value='Q2 Apr-Jun' | fill=FF00B050 | rows=[13] | cols=[1] | col_header=False | row_header=True | metadata=False
Cell C14 | value='7071.6' | fill=00000000 | rows=[13] | cols=[2] | col_header=False | row_header=False | metadata=False
Cell D14 | value='8.372' | fill=00000000 | rows=[13] | cols=[3] | col_header=False | row_header=False | metadata=False
Cell E14 | value='7079.972' | fill=FF00B0F0 | rows=[13] | cols=[4, 5] | col_header=False | row_header=False | metadata=True
Cell G14 | value='710.96' | fill=00000000 | rows=[13] | cols=[6] | col_header=False | row_header=False | metadata=False
Cell H14 | value='858.646' | fill=00000000 | rows=[13] | cols=[7] | col_header=False | row_header=False | metadata=False
Cell I14 | value='8649.578' | fill=FF00B0F0 | rows=[13] | cols=[8] | col_header=False | row_header=False | metadata=True
Cell J14 | value='944.023' | fill=00000000 | rows=[13] | cols=[9] | col_header=False | row_header=False | metadata=False
Cell K14 | value='685.624' | fill=00000000 | rows=[13] | cols=[10] | col_header=False | row_header=False | metadata=False
Cell L14 | value='7019.931' | fill=FF00B0F0 | rows=[13] | cols=[11] | col_header=False | row_header=False | metadata=True
Cell M14 | value='333320.6' | fill=00000000 | rows=[13] | cols=[12] | col_header=False | row_header=False | metadata=False
Cell N14 | value='21.0606' | fill=00000000 | rows=[13] | cols=[13] | col_header=False | row_header=False | metadata=False
Cell O14 | value='14.7424' | fill=00000000 | rows=[13] | cols=[14] | col_header=False | row_header=False | metadata=False
Cell P14 | value='14.0895' | fill=00000000 | rows=[13] | cols=[15] | col_header=False | row_header=False | metadata=False
Cell B15 | value='Q3 Jul-Sep' | fill=FF00B050 | rows=[14] | cols=[1] | col_header=False | row_header=True | metadata=False
Cell C15 | value='7143.9' | fill=00000000 | rows=[14] | cols=[2] | col_header=False | row_header=False | metadata=False
Cell D15 | value='8.372' | fill=00000000 | rows=[14] | cols=[3] | col_header=False | row_header=False | metadata=False
Cell E15 | value='7152.272' | fill=FF00B0F0 | rows=[14] | cols=[4, 5] | col_header=False | row_header=False | metadata=True
Cell G15 | value='685.624' | fill=00000000 | rows=[14] | cols=[6] | col_header=False | row_header=False | metadata=False
Cell H15 | value='797.217' | fill=00000000 | rows=[14] | cols=[7] | col_header=False | row_header=False | metadata=False
Cell I15 | value='8635.113' | fill=FF00B0F0 | rows=[14] | cols=[8] | col_header=False | row_header=False | metadata=True
Cell J15 | value='911.944' | fill=00000000 | rows=[14] | cols=[9] | col_header=False | row_header=False | metadata=False
Cell K15 | value='696.536' | fill=00000000 | rows=[14] | cols=[10] | col_header=False | row_header=False | metadata=False
Cell L15 | value='7026.633' | fill=FF00B0F0 | rows=[14] | cols=[11] | col_header=False | row_header=False | metadata=True
Cell M15 | value='333762.4' | fill=00000000 | rows=[14] | cols=[12] | col_header=False | row_header=False | metadata=False
Cell N15 | value='21.0528' | fill=00000000 | rows=[14] | cols=[13] | col_header=False | row_header=False | metadata=False
Cell O15 | value='14.737' | fill=00000000 | rows=[14] | cols=[14] | col_header=False | row_header=False | metadata=False
Cell P15 | value='14.0843' | fill=00000000 | rows=[14] | cols=[15] | col_header=False | row_header=False | metadata=False
Cell B16 | value='Q4 Oct-Dec' | fill=FF00B050 | rows=[15] | cols=[1] | col_header=False | row_header=True | metadata=False
Cell C16 | value='7051.9' | fill=00000000 | rows=[15] | cols=[2] | col_header=False | row_header=False | metadata=False
Cell D16 | value='25.3089' | fill=00000000 | rows=[15] | cols=[3] | col_header=False | row_header=False | metadata=False
Cell E16 | value='7077.2089' | fill=FF00B0F0 | rows=[15] | cols=[4, 5] | col_header=False | row_header=False | metadata=True
Cell G16 | value='696.536' | fill=00000000 | rows=[15] | cols=[6] | col_header=False | row_header=False | metadata=False
Cell H16 | value='749.589' | fill=00000000 | rows=[15] | cols=[7] | col_header=False | row_header=False | metadata=False
Cell I16 | value='8523.3339' | fill=FF00B0F0 | rows=[15] | cols=[8] | col_header=False | row_header=False | metadata=True
Cell J16 | value='845.501' | fill=00000000 | rows=[15] | cols=[9] | col_header=False | row_header=False | metadata=False
Cell K16 | value='723.316' | fill=00000000 | rows=[15] | cols=[10] | col_header=False | row_header=False | metadata=False
Cell L16 | value='6954.5169' | fill=FF00B0F0 | rows=[15] | cols=[11] | col_header=False | row_header=False | metadata=True
Cell M16 | value='334200.7' | fill=00000000 | rows=[15] | cols=[12] | col_header=False | row_header=False | metadata=False
Cell N16 | value='20.8094' | fill=00000000 | rows=[15] | cols=[13] | col_header=False | row_header=False | metadata=False
Cell O16 | value='14.5666' | fill=00000000 | rows=[15] | cols=[14] | col_header=False | row_header=False | metadata=False
Cell P16 | value='13.9215' | fill=00000000 | rows=[15] | cols=[15] | col_header=False | row_header=False | metadata=False
Cell B17 | value='Yr Jan-Dec' | fill=FF00B050 | rows=[16] | cols=[1] | col_header=False | row_header=True | metadata=False
Cell C17 | value='28290.7' | fill=00000000 | rows=[16] | cols=[2] | col_header=False | row_header=False | metadata=False
Cell D17 | value='67.6' | fill=00000000 | rows=[16] | cols=[3] | col_header=False | row_header=False | metadata=False
Cell E17 | value='28358.3' | fill=FF00B0F0 | rows=[16] | cols=[4, 5] | col_header=False | row_header=False | metadata=True
Cell G17 | value='675.577' | fill=00000000 | rows=[16] | cols=[6] | col_header=False | row_header=False | metadata=False
Cell H17 | value='3389.961' | fill=00000000 | rows=[16] | cols=[7] | col_header=False | row_header=False | metadata=False
Cell I17 | value='32423.838' | fill=FF00B0F0 | rows=[16] | cols=[8] | col_header=False | row_header=False | metadata=True
Cell J17 | value='3544.039' | fill=00000000 | rows=[16] | cols=[9] | col_header=False | row_header=False | metadata=False
Cell K17 | value='723.316' | fill=00000000 | rows=[16] | cols=[10] | col_header=False | row_header=False | metadata=False
Cell L17 | value='28156.483' | fill=FF00B0F0 | rows=[16] | cols=[11] | col_header=False | row_header=False | metadata=True
Cell M17 | value='333568.5' | fill=00000000 | rows=[16] | cols=[12] | col_header=False | row_header=False | metadata=False
Cell N17 | value='84.4099' | fill=00000000 | rows=[16] | cols=[13] | col_header=False | row_header=False | metadata=False
Cell O17 | value='59.0869' | fill=00000000 | rows=[16] | cols=[14] | col_header=False | row_header=False | metadata=False
Cell P17 | value='56.4702' | fill=00000000 | rows=[16] | cols=[15] | col_header=False | row_header=False | metadata=False
Cell A18 | value='2023' | fill=FF00B050 | rows=[17, 18, 19, 20, 21] | cols=[0] | col_header=False | row_header=True | metadata=False
Cell B18 | value='Q1 Jan-Mar' | fill=FF00B050 | rows=[17] | cols=[1] | col_header=False | row_header=True | metadata=False
Cell C18 | value='6823.9' | fill=00000000 | rows=[17] | cols=[2] | col_header=False | row_header=False | metadata=False
Cell D18 | value='25.2411' | fill=00000000 | rows=[17] | cols=[3] | col_header=False | row_header=False | metadata=False
Cell E18 | value='6849.1411' | fill=FF00B0F0 | rows=[17] | cols=[4, 5] | col_header=False | row_header=False | metadata=True
Cell G18 | value='723.316' | fill=00000000 | rows=[17] | cols=[6] | col_header=False | row_header=False | metadata=False
Cell H18 | value='956.286' | fill=00000000 | rows=[17] | cols=[7] | col_header=False | row_header=False | metadata=False
Cell I18 | value='8528.7431' | fill=FF00B0F0 | rows=[17] | cols=[8] | col_header=False | row_header=False | metadata=True
Cell J18 | value='778.887' | fill=00000000 | rows=[17] | cols=[9] | col_header=False | row_header=False | metadata=False
Cell K18 | value='633.534' | fill=00000000 | rows=[17] | cols=[10] | col_header=False | row_header=False | metadata=False
Cell L18 | value='7116.3221' | fill=FF00B0F0 | rows=[17] | cols=[11] | col_header=False | row_header=False | metadata=True
Cell M18 | value='334547.3' | fill=00000000 | rows=[17] | cols=[12] | col_header=False | row_header=False | metadata=False
Cell N18 | value='21.2715' | fill=00000000 | rows=[17] | cols=[13] | col_header=False | row_header=False | metadata=False
Cell O18 | value='14.8901' | fill=00000000 | rows=[17] | cols=[14] | col_header=False | row_header=False | metadata=False
Cell P18 | value='14.2306' | fill=00000000 | rows=[17] | cols=[15] | col_header=False | row_header=False | metadata=False
Cell B19 | value='Q2 Apr-Jun' | fill=FF00B050 | rows=[18] | cols=[1] | col_header=False | row_header=True | metadata=False
Cell C19 | value='6712.2' | fill=00000000 | rows=[18] | cols=[2] | col_header=False | row_header=False | metadata=False
Cell D19 | value='8.2769' | fill=00000000 | rows=[18] | cols=[3] | col_header=False | row_header=False | metadata=False
Cell E19 | value='6720.4769' | fill=FF00B0F0 | rows=[18] | cols=[4, 5] | col_header=False | row_header=False | metadata=True
Cell G19 | value='633.534' | fill=00000000 | rows=[18] | cols=[6] | col_header=False | row_header=False | metadata=False
Cell H19 | value='901.348' | fill=00000000 | rows=[18] | cols=[7] | col_header=False | row_header=False | metadata=False
Cell I19 | value='8255.3589' | fill=FF00B0F0 | rows=[18] | cols=[8] | col_header=False | row_header=False | metadata=True
Cell J19 | value='806.78' | fill=00000000 | rows=[18] | cols=[9] | col_header=False | row_header=False | metadata=False
Cell K19 | value='545.573' | fill=00000000 | rows=[18] | cols=[10] | col_header=False | row_header=False | metadata=False
Cell L19 | value='6903.0059' | fill=FF00B0F0 | rows=[18] | cols=[11] | col_header=False | row_header=False | metadata=True
Cell M19 | value='334934.8' | fill=00000000 | rows=[18] | cols=[12] | col_header=False | row_header=False | metadata=False
Cell N19 | value='20.61' | fill=00000000 | rows=[18] | cols=[13] | col_header=False | row_header=False | metadata=False
Cell O19 | value='14.427' | fill=00000000 | rows=[18] | cols=[14] | col_header=False | row_header=False | metadata=False
Cell P19 | value='13.7881' | fill=00000000 | rows=[18] | cols=[15] | col_header=False | row_header=False | metadata=False
Cell B20 | value='Q3 Jul-Sep' | fill=FF00B050 | rows=[19] | cols=[1] | col_header=False | row_header=True | metadata=False
Cell C20 | value='6621.5' | fill=00000000 | rows=[19] | cols=[2] | col_header=False | row_header=False | metadata=False
Cell D20 | value='8.2769' | fill=00000000 | rows=[19] | cols=[3] | col_header=False | row_header=False | metadata=False
Cell E20 | value='6629.7769' | fill=FF00B0F0 | rows=[19] | cols=[4, 5] | col_header=False | row_header=False | metadata=True
Cell G20 | value='545.573' | fill=00000000 | rows=[19] | cols=[6] | col_header=False | row_header=False | metadata=False
Cell H20 | value='964.234' | fill=00000000 | rows=[19] | cols=[7] | col_header=False | row_header=False | metadata=False
Cell I20 | value='8139.5839' | fill=FF00B0F0 | rows=[19] | cols=[8] | col_header=False | row_header=False | metadata=True
Cell J20 | value='730.804' | fill=00000000 | rows=[19] | cols=[9] | col_header=False | row_header=False | metadata=False
Cell K20 | value='558.16' | fill=00000000 | rows=[19] | cols=[10] | col_header=False | row_header=False | metadata=False
Cell L20 | value='6850.6199' | fill=FF00B0F0 | rows=[19] | cols=[11] | col_header=False | row_header=False | metadata=True
Cell M20 | value='335429.9' | fill=00000000 | rows=[19] | cols=[12] | col_header=False | row_header=False | metadata=False
Cell N20 | value='20.4234' | fill=00000000 | rows=[19] | cols=[13] | col_header=False | row_header=False | metadata=False
Cell O20 | value='14.2964' | fill=00000000 | rows=[19] | cols=[14] | col_header=False | row_header=False | metadata=False
Cell P20 | value='13.6633' | fill=00000000 | rows=[19] | cols=[15] | col_header=False | row_header=False | metadata=False
Cell B21 | value='Q4 Oct-Dec' | fill=FF00B050 | rows=[20] | cols=[1] | col_header=False | row_header=True | metadata=False
Cell C21 | value='6809.5' | fill=00000000 | rows=[20] | cols=[2] | col_header=False | row_header=False | metadata=False
Cell D21 | value='25.0051' | fill=00000000 | rows=[20] | cols=[3] | col_header=False | row_header=False | metadata=False
Cell E21 | value='6834.5051' | fill=FF00B0F0 | rows=[20] | cols=[4, 5] | col_header=False | row_header=False | metadata=True
Cell G21 | value='558.16' | fill=00000000 | rows=[20] | cols=[6] | col_header=False | row_header=False | metadata=False
Cell H21 | value='903.415' | fill=00000000 | rows=[20] | cols=[7] | col_header=False | row_header=False | metadata=False
Cell I21 | value='8296.0801' | fill=FF00B0F0 | rows=[20] | cols=[8] | col_header=False | row_header=False | metadata=True
Cell J21 | value='721.787' | fill=00000000 | rows=[20] | cols=[9] | col_header=False | row_header=False | metadata=False
Cell K21 | value='637.535' | fill=00000000 | rows=[20] | cols=[10] | col_header=False | row_header=False | metadata=False
Cell L21 | value='6936.7581' | fill=FF00B0F0 | rows=[20] | cols=[11] | col_header=False | row_header=False | metadata=True
Cell M21 | value='335923.7' | fill=00000000 | rows=[20] | cols=[12] | col_header=False | row_header=False | metadata=False
Cell N21 | value='20.6498' | fill=00000000 | rows=[20] | cols=[13] | col_header=False | row_header=False | metadata=False
Cell O21 | value='14.4549' | fill=00000000 | rows=[20] | cols=[14] | col_header=False | row_header=False | metadata=False
Cell P21 | value='13.8147' | fill=00000000 | rows=[20] | cols=[15] | col_header=False | row_header=False | metadata=False
Cell B22 | value='Yr Jan-Dec' | fill=FF00B050 | rows=[21] | cols=[1] | col_header=False | row_header=True | metadata=False
Cell C22 | value='26967.1' | fill=00000000 | rows=[21] | cols=[2] | col_header=False | row_header=False | metadata=False
Cell D22 | value='66.8' | fill=00000000 | rows=[21] | cols=[3] | col_header=False | row_header=False | metadata=False
Cell E22 | value='27033.9' | fill=FF00B0F0 | rows=[21] | cols=[4, 5] | col_header=False | row_header=False | metadata=True
Cell G22 | value='723.316' | fill=00000000 | rows=[21] | cols=[6] | col_header=False | row_header=False | metadata=False
Cell H22 | value='3725.283' | fill=00000000 | rows=[21] | cols=[7] | col_header=False | row_header=False | metadata=False
Cell I22 | value='31482.499' | fill=FF00B0F0 | rows=[21] | cols=[8] | col_header=False | row_header=False | metadata=True
Cell J22 | value='3038.258' | fill=00000000 | rows=[21] | cols=[9] | col_header=False | row_header=False | metadata=False
Cell K22 | value='637.535' | fill=00000000 | rows=[21] | cols=[10] | col_header=False | row_header=False | metadata=False
Cell L22 | value='27806.706' | fill=FF00B0F0 | rows=[21] | cols=[11] | col_header=False | row_header=False | metadata=True
Cell M22 | value='335208.4' | fill=00000000 | rows=[21] | cols=[12] | col_header=False | row_header=False | metadata=False
Cell N22 | value='82.9535' | fill=00000000 | rows=[21] | cols=[13] | col_header=False | row_header=False | metadata=False
Cell O22 | value='58.0674' | fill=00000000 | rows=[21] | cols=[14] | col_header=False | row_header=False | metadata=False
Cell P22 | value='55.4959' | fill=00000000 | rows=[21] | cols=[15] | col_header=False | row_header=False | metadata=False

=== food-table02.xlsx ===
Cell A1 | value='Year and qtr 1/' | fill=FFFFFF00 | rows=[0, 1] | cols=[0, 1] | col_header=True | row_header=True | metadata=False
Cell C1 | value='Production 2/' | fill=FFFFFF00 | rows=[0] | cols=[2, 3, 4, 5] | col_header=True | row_header=False | metadata=False
Cell N1 | value='Per capita disappearance (pounds)' | fill=FFFFFF00 | rows=[0] | cols=[13, 14, 15] | col_header=True | row_header=False | metadata=False
Cell C2 | value='Commercial' | fill=FFFFFF00 | rows=[1] | cols=[2] | col_header=True | row_header=False | metadata=False
Cell D2 | value='Farm' | fill=FFFFFF00 | rows=[1] | cols=[3] | col_header=True | row_header=False | metadata=False
Cell E2 | value='Total' | fill=FF00B0F0 | rows=[1] | cols=[4, 5] | col_header=False | row_header=False | metadata=True
Cell G2 | value='Beginning stocks' | fill=FFFFFF00 | rows=[1] | cols=[6] | col_header=True | row_header=False | metadata=False
Cell H2 | value='Imports 3/' | fill=FFFFFF00 | rows=[1] | cols=[7] | col_header=True | row_header=False | metadata=False
Cell I2 | value='Total
supply 4/' | fill=FF00B0F0 | rows=[1] | cols=[8] | col_header=False | row_header=False | metadata=True
Cell J2 | value='Exports 3/' | fill=FFFFFF00 | rows=[1] | cols=[9] | col_header=True | row_header=False | metadata=False
Cell K2 | value='Ending stocks' | fill=FFFFFF00 | rows=[1] | cols=[10] | col_header=True | row_header=False | metadata=False
Cell L2 | value='Total dis-
appearance
4/ 5/' | fill=FF00B0F0 | rows=[1] | cols=[11] | col_header=False | row_header=False | metadata=True
Cell M2 | value='U.S. population 6/ (1,000 persons)' | fill=FFFFFF00 | rows=[1] | cols=[12] | col_header=True | row_header=False | metadata=False
Cell N2 | value='Carcass weight' | fill=FFFFFF00 | rows=[1] | cols=[13] | col_header=True | row_header=False | metadata=False
Cell O2 | value='Retail weight' | fill=FFFFFF00 | rows=[1] | cols=[14] | col_header=True | row_header=False | metadata=False
Cell P2 | value='Boneless retail weight' | fill=FFFFFF00 | rows=[1] | cols=[15] | col_header=True | row_header=False | metadata=False
Cell A3 | value='2020' | fill=FF00B050 | rows=[2, 3, 4, 5, 6] | cols=[0] | col_header=False | row_header=True | metadata=False
Cell B3 | value='Q1 Jan-Mar' | fill=FF00B050 | rows=[2] | cols=[1] | col_header=False | row_header=True | metadata=False
Cell C3 | value='6930.9' | fill=00000000 | rows=[2] | cols=[2] | col_header=False | row_header=False | metadata=False
Cell D3 | value='26.4325' | fill=00000000 | rows=[2] | cols=[3] | col_header=False | row_header=False | metadata=False
Cell E3 | value='6957.3325' | fill=FF00B0F0 | rows=[2] | cols=[4, 5] | col_header=False | row_header=False | metadata=True
Cell G3 | value='642.112' | fill=00000000 | rows=[2] | cols=[6] | col_header=False | row_header=False | metadata=False
Cell H3 | value='773.542' | fill=00000000 | rows=[2] | cols=[7] | col_header=False | row_header=False | metadata=False
Cell I3 | value='8372.9865' | fill=FF00B0F0 | rows=[2] | cols=[8] | col_header=False | row_header=False | metadata=True
Cell J3 | value='768.683' | fill=00000000 | rows=[2] | cols=[9] | col_header=False | row_header=False | metadata=False
Cell K3 | value='670.46' | fill=00000000 | rows=[2] | cols=[10] | col_header=False | row_header=False | metadata=False
Cell L3 | value='6933.8435' | fill=FF00B0F0 | rows=[2] | cols=[11] | col_header=False | row_header=False | metadata=True
Cell M3 | value='329865.7' | fill=00000000 | rows=[2] | cols=[12] | col_header=False | row_header=False | metadata=False
Cell N3 | value='21.0202' | fill=00000000 | rows=[2] | cols=[13] | col_header=False | row_header=False | metadata=False
Cell O3 | value='14.7142' | fill=00000000 | rows=[2] | cols=[14] | col_header=False | row_header=False | metadata=False
Cell P3 | value='14.0625' | fill=00000000 | rows=[2] | cols=[15] | col_header=False | row_header=False | metadata=False
Cell B4 | value='Q2 Apr-Jun' | fill=FF00B050 | rows=[3] | cols=[1] | col_header=False | row_header=True | metadata=False
Cell C4 | value='6058.6' | fill=00000000 | rows=[3] | cols=[2] | col_header=False | row_header=False | metadata=False
Cell D4 | value='8.6311' | fill=00000000 | rows=[3] | cols=[3] | col_header=False | row_header=False | metadata=False
Cell E4 | value='6067.2311' | fill=FF00B0F0 | rows=[3] | cols=[4, 5] | col_header=False | row_header=False | metadata=True
Cell G4 | value='670.46' | fill=00000000 | rows=[3] | cols=[6] | col_header=False | row_header=False | metadata=False
Cell H4 | value='847.663' | fill=00000000 | rows=[3] | cols=[7] | col_header=False | row_header=False | metadata=False
Cell I4 | value='7585.3541' | fill=FF00B0F0 | rows=[3] | cols=[8] | col_header=False | row_header=False | metadata=True
Cell J4 | value='604.683' | fill=00000000 | rows=[3] | cols=[9] | col_header=False | row_header=False | metadata=False
Cell K4 | value='572.609' | fill=00000000 | rows=[3] | cols=[10] | col_header=False | row_header=False | metadata=False
Cell L4 | value='6408.0621' | fill=FF00B0F0 | rows=[3] | cols=[11] | col_header=False | row_header=False | metadata=True
Cell M4 | value='331714.6' | fill=00000000 | rows=[3] | cols=[12] | col_header=False | row_header=False | metadata=False
Cell N4 | value='19.318' | fill=00000000 | rows=[3] | cols=[13] | col_header=False | row_header=False | metadata=False
Cell O4 | value='13.5226' | fill=00000000 | rows=[3] | cols=[14] | col_header=False | row_header=False | metadata=False
Cell P4 | value='12.9237' | fill=00000000 | rows=[3] | cols=[15] | col_header=False | row_header=False | metadata=False
Cell B5 | value='Q3 Jul-Sep' | fill=FF00B050 | rows=[4] | cols=[1] | col_header=False | row_header=True | metadata=False
Cell C5 | value='7115.3' | fill=00000000 | rows=[4] | cols=[2] | col_header=False | row_header=False | metadata=False
Cell D5 | value='8.6311' | fill=00000000 | rows=[4] | cols=[3] | col_header=False | row_header=False | metadata=False
Cell E5 | value='7123.9311' | fill=FF00B0F0 | rows=[4] | cols=[4, 5] | col_header=False | row_header=False | metadata=True
Cell G5 | value='572.609' | fill=00000000 | rows=[4] | cols=[6] | col_header=False | row_header=False | metadata=False
Cell H5 | value='1025.388' | fill=00000000 | rows=[4] | cols=[7] | col_header=False | row_header=False | metadata=False
Cell I5 | value='8721.9281' | fill=FF00B0F0 | rows=[4] | cols=[8] | col_header=False | row_header=False | metadata=True
Cell J5 | value='758.538' | fill=00000000 | rows=[4] | cols=[9] | col_header=False | row_header=False | metadata=False
Cell K5 | value='617.052' | fill=00000000 | rows=[4] | cols=[10] | col_header=False | row_header=False | metadata=False
Cell L5 | value='7346.3381' | fill=FF00B0F0 | rows=[4] | cols=[11] | col_header=False | row_header=False | metadata=True
Cell M5 | value='331886.4' | fill=00000000 | rows=[4] | cols=[12] | col_header=False | row_header=False | metadata=False
Cell N5 | value='22.1351' | fill=00000000 | rows=[4] | cols=[13] | col_header=False | row_header=False | metadata=False
Cell O5 | value='15.4945' | fill=00000000 | rows=[4] | cols=[14] | col_header=False | row_header=False | metadata=False
Cell P5 | value='14.8084' | fill=00000000 | rows=[4] | cols=[15] | col_header=False | row_header=False | metadata=False
Cell B6 | value='Q4 Oct-Dec' | fill=FF00B050 | rows=[5] | cols=[1] | col_header=False | row_header=True | metadata=False
Cell C6 | value='7068.9' | fill=00000000 | rows=[5] | cols=[2] | col_header=False | row_header=False | metadata=False
Cell D6 | value='26.2052' | fill=00000000 | rows=[5] | cols=[3] | col_header=False | row_header=False | metadata=False
Cell E6 | value='7095.1052' | fill=FF00B0F0 | rows=[5] | cols=[4, 5] | col_header=False | row_header=False | metadata=True
Cell G6 | value='617.052' | fill=00000000 | rows=[5] | cols=[6] | col_header=False | row_header=False | metadata=False
Cell H6 | value='692.736' | fill=00000000 | rows=[5] | cols=[7] | col_header=False | row_header=False | metadata=False
Cell I6 | value='8404.8932' | fill=FF00B0F0 | rows=[5] | cols=[8] | col_header=False | row_header=False | metadata=True
Cell J6 | value='818.793' | fill=00000000 | rows=[5] | cols=[9] | col_header=False | row_header=False | metadata=False
Cell K6 | value='715.654' | fill=00000000 | rows=[5] | cols=[10] | col_header=False | row_header=False | metadata=False
Cell L6 | value='6870.4462' | fill=FF00B0F0 | rows=[5] | cols=[11] | col_header=False | row_header=False | metadata=True
Cell M6 | value='332208.9' | fill=00000000 | rows=[5] | cols=[12] | col_header=False | row_header=False | metadata=False
Cell N6 | value='20.6811' | fill=00000000 | rows=[5] | cols=[13] | col_header=False | row_header=False | metadata=False
Cell O6 | value='14.4768' | fill=00000000 | rows=[5] | cols=[14] | col_header=False | row_header=False | metadata=False
Cell P6 | value='13.8357' | fill=00000000 | rows=[5] | cols=[15] | col_header=False | row_header=False | metadata=False
Cell B7 | value='Yr Jan-Dec' | fill=FF00B050 | rows=[6] | cols=[1] | col_header=False | row_header=True | metadata=False
Cell C7 | value='27173.7' | fill=00000000 | rows=[6] | cols=[2] | col_header=False | row_header=False | metadata=False
Cell D7 | value='69.9' | fill=00000000 | rows=[6] | cols=[3] | col_header=False | row_header=False | metadata=False
Cell E7 | value='27243.6' | fill=FF00B0F0 | rows=[6] | cols=[4, 5] | col_header=False | row_header=False | metadata=True
Cell G7 | value='642.112' | fill=00000000 | rows=[6] | cols=[6] | col_header=False | row_header=False | metadata=False
Cell H7 | value='3339.329' | fill=00000000 | rows=[6] | cols=[7] | col_header=False | row_header=False | metadata=False
Cell I7 | value='31225.041' | fill=FF00B0F0 | rows=[6] | cols=[8] | col_header=False | row_header=False | metadata=True
Cell J7 | value='2950.697' | fill=00000000 | rows=[6] | cols=[9] | col_header=False | row_header=False | metadata=False
Cell K7 | value='715.654' | fill=00000000 | rows=[6] | cols=[10] | col_header=False | row_header=False | metadata=False
Cell L7 | value='27558.69' | fill=FF00B0F0 | rows=[6] | cols=[11] | col_header=False | row_header=False | metadata=True
Cell M7 | value='331419.1' | fill=00000000 | rows=[6] | cols=[12] | col_header=False | row_header=False | metadata=False
Cell N7 | value='83.1536' | fill=00000000 | rows=[6] | cols=[13] | col_header=False | row_header=False | metadata=False
Cell O7 | value='58.2075' | fill=00000000 | rows=[6] | cols=[14] | col_header=False | row_header=False | metadata=False
Cell P7 | value='55.6298' | fill=00000000 | rows=[6] | cols=[15] | col_header=False | row_header=False | metadata=False
Cell A8 | value='2021' | fill=FF00B050 | rows=[7, 8, 9, 10, 11] | cols=[0] | col_header=False | row_header=True | metadata=False
Cell B8 | value='Q1 Jan-Mar' | fill=FF00B050 | rows=[7] | cols=[1] | col_header=False | row_header=True | metadata=False
Cell C8 | value='6899.7' | fill=00000000 | rows=[7] | cols=[2] | col_header=False | row_header=False | metadata=False
Cell D8 | value='25.5662' | fill=00000000 | rows=[7] | cols=[3] | col_header=False | row_header=False | metadata=False
Cell E8 | value='6925.2662' | fill=FF00B0F0 | rows=[7] | cols=[4, 5] | col_header=False | row_header=False | metadata=True
Cell G8 | value='715.654' | fill=00000000 | rows=[7] | cols=[6] | col_header=False | row_header=False | metadata=False
Cell H8 | value='695.827' | fill=00000000 | rows=[7] | cols=[7] | col_header=False | row_header=False | metadata=False
Cell I8 | value='8336.7472' | fill=FF00B0F0 | rows=[7] | cols=[8] | col_header=False | row_header=False | metadata=True
Cell J8 | value='787.615' | fill=00000000 | rows=[7] | cols=[9] | col_header=False | row_header=False | metadata=False
Cell K8 | value='645.228' | fill=00000000 | rows=[7] | cols=[10] | col_header=False | row_header=False | metadata=False
Cell L8 | value='6903.9042' | fill=FF00B0F0 | rows=[7] | cols=[11] | col_header=False | row_header=False | metadata=True
Cell M8 | value='332004.7' | fill=00000000 | rows=[7] | cols=[12] | col_header=False | row_header=False | metadata=False
Cell N8 | value='20.7946' | fill=00000000 | rows=[7] | cols=[13] | col_header=False | row_header=False | metadata=False
Cell O8 | value='14.5562' | fill=00000000 | rows=[7] | cols=[14] | col_header=False | row_header=False | metadata=False
Cell P8 | value='13.9116' | fill=00000000 | rows=[7] | cols=[15] | col_header=False | row_header=False | metadata=False
Cell B9 | value='Q2 Apr-Jun' | fill=FF00B050 | rows=[8] | cols=[1] | col_header=False | row_header=True | metadata=False
Cell C9 | value='6963.2' | fill=00000000 | rows=[8] | cols=[2] | col_header=False | row_header=False | metadata=False
Cell D9 | value='8.3494' | fill=00000000 | rows=[8] | cols=[3] | col_header=False | row_header=False | metadata=False
Cell E9 | value='6971.5494' | fill=FF00B0F0 | rows=[8] | cols=[4, 5] | col_header=False | row_header=False | metadata=True
Cell G9 | value='645.228' | fill=00000000 | rows=[8] | cols=[6] | col_header=False | row_header=False | metadata=False
Cell H9 | value='865.289' | fill=00000000 | rows=[8] | cols=[7] | col_header=False | row_header=False | metadata=False
Cell I9 | value='8482.0664' | fill=FF00B0F0 | rows=[8] | cols=[8] | col_header=False | row_header=False | metadata=True
Cell J9 | value='874.987' | fill=00000000 | rows=[8] | cols=[9] | col_header=False | row_header=False | metadata=False
Cell K9 | value='535.424' | fill=00000000 | rows=[8] | cols=[10] | col_header=False | row_header=False | metadata=False
Cell L9 | value='7071.6554' | fill=FF00B0F0 | rows=[8] | cols=[11] | col_header=False | row_header=False | metadata=True
Cell M9 | value='332166.3' | fill=00000000 | rows=[8] | cols=[12] | col_header=False | row_header=False | metadata=False
Cell N9 | value='21.2895' | fill=00000000 | rows=[8] | cols=[13] | col_header=False | row_header=False | metadata=False
Cell O9 | value='14.9027' | fill=00000000 | rows=[8] | cols=[14] | col_header=False | row_header=False | metadata=False
Cell P9 | value='14.2427' | fill=00000000 | rows=[8] | cols=[15] | col_header=False | row_header=False | metadata=False
Cell B10 | value='Q3 Jul-Sep' | fill=FF00B050 | rows=[9] | cols=[1] | col_header=False | row_header=True | metadata=False
Cell C10 | value='6979.2' | fill=00000000 | rows=[9] | cols=[2] | col_header=False | row_header=False | metadata=False
Cell D10 | value='8.3494' | fill=00000000 | rows=[9] | cols=[3] | col_header=False | row_header=False | metadata=False
Cell E10 | value='6987.5494' | fill=FF00B0F0 | rows=[9] | cols=[4, 5] | col_header=False | row_header=False | metadata=True
Cell G10 | value='535.424' | fill=00000000 | rows=[9] | cols=[6] | col_header=False | row_header=False | metadata=False
Cell H10 | value='922.453' | fill=00000000 | rows=[9] | cols=[7] | col_header=False | row_header=False | metadata=False
Cell I10 | value='8445.4264' | fill=FF00B0F0 | rows=[9] | cols=[8] | col_header=False | row_header=False | metadata=True
Cell J10 | value='911.858' | fill=00000000 | rows=[9] | cols=[9] | col_header=False | row_header=False | metadata=False
Cell K10 | value='585.146' | fill=00000000 | rows=[9] | cols=[10] | col_header=False | row_header=False | metadata=False
Cell L10 | value='6948.4224' | fill=FF00B0F0 | rows=[9] | cols=[11] | col_header=False | row_header=False | metadata=True
Cell M10 | value='332497' | fill=00000000 | rows=[9] | cols=[12] | col_header=False | row_header=False | metadata=False
Cell N10 | value='20.8977' | fill=00000000 | rows=[9] | cols=[13] | col_header=False | row_header=False | metadata=False
Cell O10 | value='14.6284' | fill=00000000 | rows=[9] | cols=[14] | col_header=False | row_header=False | metadata=False
Cell P10 | value='13.9806' | fill=00000000 | rows=[9] | cols=[15] | col_header=False | row_header=False | metadata=False
Cell B11 | value='Q4 Oct-Dec' | fill=FF00B050 | rows=[10] | cols=[1] | col_header=False | row_header=True | metadata=False
Cell C11 | value='7106.1' | fill=00000000 | rows=[10] | cols=[2] | col_header=False | row_header=False | metadata=False
Cell D11 | value='25.335' | fill=00000000 | rows=[10] | cols=[3] | col_header=False | row_header=False | metadata=False
Cell E11 | value='7131.435' | fill=FF00B0F0 | rows=[10] | cols=[4, 5] | col_header=False | row_header=False | metadata=True
Cell G11 | value='585.146' | fill=00000000 | rows=[10] | cols=[6] | col_header=False | row_header=False | metadata=False
Cell H11 | value='861.009' | fill=00000000 | rows=[10] | cols=[7] | col_header=False | row_header=False | metadata=False
Cell I11 | value='8577.59' | fill=FF00B0F0 | rows=[10] | cols=[8] | col_header=False | row_header=False | metadata=True
Cell J11 | value='853.417' | fill=00000000 | rows=[10] | cols=[9] | col_header=False | row_header=False | metadata=False
Cell K11 | value='675.577' | fill=00000000 | rows=[10] | cols=[10] | col_header=False | row_header=False | metadata=False
Cell L11 | value='7048.596' | fill=FF00B0F0 | rows=[10] | cols=[11] | col_header=False | row_header=False | metadata=True
Cell M11 | value='332802.8' | fill=00000000 | rows=[10] | cols=[12] | col_header=False | row_header=False | metadata=False
Cell N11 | value='21.1795' | fill=00000000 | rows=[10] | cols=[13] | col_header=False | row_header=False | metadata=False
Cell O11 | value='14.8257' | fill=00000000 | rows=[10] | cols=[14] | col_header=False | row_header=False | metadata=False
Cell P11 | value='14.1691' | fill=00000000 | rows=[10] | cols=[15] | col_header=False | row_header=False | metadata=False
Cell B12 | value='Yr Jan-Dec' | fill=FF00B050 | rows=[11] | cols=[1] | col_header=False | row_header=True | metadata=False
Cell C12 | value='27948.2' | fill=00000000 | rows=[11] | cols=[2] | col_header=False | row_header=False | metadata=False
Cell D12 | value='67.6' | fill=00000000 | rows=[11] | cols=[3] | col_header=False | row_header=False | metadata=False
Cell E12 | value='28015.8' | fill=FF00B0F0 | rows=[11] | cols=[4, 5] | col_header=False | row_header=False | metadata=True
Cell G12 | value='715.654' | fill=00000000 | rows=[11] | cols=[6] | col_header=False | row_header=False | metadata=False
Cell H12 | value='3344.578' | fill=00000000 | rows=[11] | cols=[7] | col_header=False | row_header=False | metadata=False
Cell I12 | value='32076.032' | fill=FF00B0F0 | rows=[11] | cols=[8] | col_header=False | row_header=False | metadata=True
Cell J12 | value='3427.877' | fill=00000000 | rows=[11] | cols=[9] | col_header=False | row_header=False | metadata=False
Cell K12 | value='675.577' | fill=00000000 | rows=[11] | cols=[10] | col_header=False | row_header=False | metadata=False
Cell L12 | value='27972.578' | fill=FF00B0F0 | rows=[11] | cols=[11] | col_header=False | row_header=False | metadata=True
Cell M12 | value='332367.5' | fill=00000000 | rows=[11] | cols=[12] | col_header=False | row_header=False | metadata=False
Cell N12 | value='84.1616' | fill=00000000 | rows=[11] | cols=[13] | col_header=False | row_header=False | metadata=False
Cell O12 | value='58.9131' | fill=00000000 | rows=[11] | cols=[14] | col_header=False | row_header=False | metadata=False
Cell P12 | value='56.3041' | fill=00000000 | rows=[11] | cols=[15] | col_header=False | row_header=False | metadata=False
Cell A13 | value='2022' | fill=FF00B050 | rows=[12, 13, 14, 15, 16] | cols=[0] | col_header=False | row_header=True | metadata=False
Cell B13 | value='Q1 Jan-Mar' | fill=FF00B050 | rows=[12] | cols=[1] | col_header=False | row_header=True | metadata=False
Cell C13 | value='7023.3' | fill=00000000 | rows=[12] | cols=[2] | col_header=False | row_header=False | metadata=False
Cell D13 | value='25.5472' | fill=00000000 | rows=[12] | cols=[3] | col_header=False | row_header=False | metadata=False
Cell E13 | value='7048.8472' | fill=FF00B0F0 | rows=[12] | cols=[4, 5] | col_header=False | row_header=False | metadata=True
Cell G13 | value='675.577' | fill=00000000 | rows=[12] | cols=[6] | col_header=False | row_header=False | metadata=False
Cell H13 | value='984.509' | fill=00000000 | rows=[12] | cols=[7] | col_header=False | row_header=False | metadata=False
Cell I13 | value='8708.9332' | fill=FF00B0F0 | rows=[12] | cols=[8] | col_header=False | row_header=False | metadata=True
Cell J13 | value='842.571' | fill=00000000 | rows=[12] | cols=[9] | col_header=False | row_header=False | metadata=False
Cell K13 | value='710.96' | fill=00000000 | rows=[12] | cols=[10] | col_header=False | row_header=False | metadata=False
Cell L13 | value='7155.4022' | fill=FF00B0F0 | rows=[12] | cols=[11] | col_header=False | row_header=False | metadata=True
Cell M13 | value='332990.6' | fill=00000000 | rows=[12] | cols=[12] | col_header=False | row_header=False | metadata=False
Cell N13 | value='21.4883' | fill=00000000 | rows=[12] | cols=[13] | col_header=False | row_header=False | metadata=False
Cell O13 | value='15.0418' | fill=00000000 | rows=[12] | cols=[14] | col_header=False | row_header=False | metadata=False
Cell P13 | value='14.3757' | fill=00000000 | rows=[12] | cols=[15] | col_header=False | row_header=False | metadata=False
Cell B14 | value='Q2 Apr-Jun' | fill=FF00B050 | rows=[13] | cols=[1] | col_header=False | row_header=True | metadata=False
Cell C14 | value='7071.6' | fill=00000000 | rows=[13] | cols=[2] | col_header=False | row_header=False | metadata=False
Cell D14 | value='8.372' | fill=00000000 | rows=[13] | cols=[3] | col_header=False | row_header=False | metadata=False
Cell E14 | value='7079.972' | fill=FF00B0F0 | rows=[13] | cols=[4, 5] | col_header=False | row_header=False | metadata=True
Cell G14 | value='710.96' | fill=00000000 | rows=[13] | cols=[6] | col_header=False | row_header=False | metadata=False
Cell H14 | value='858.646' | fill=00000000 | rows=[13] | cols=[7] | col_header=False | row_header=False | metadata=False
Cell I14 | value='8649.578' | fill=FF00B0F0 | rows=[13] | cols=[8] | col_header=False | row_header=False | metadata=True
Cell J14 | value='944.023' | fill=00000000 | rows=[13] | cols=[9] | col_header=False | row_header=False | metadata=False
Cell K14 | value='685.624' | fill=00000000 | rows=[13] | cols=[10] | col_header=False | row_header=False | metadata=False
Cell L14 | value='7019.931' | fill=FF00B0F0 | rows=[13] | cols=[11] | col_header=False | row_header=False | metadata=True
Cell M14 | value='333320.6' | fill=00000000 | rows=[13] | cols=[12] | col_header=False | row_header=False | metadata=False
Cell N14 | value='21.0606' | fill=00000000 | rows=[13] | cols=[13] | col_header=False | row_header=False | metadata=False
Cell O14 | value='14.7424' | fill=00000000 | rows=[13] | cols=[14] | col_header=False | row_header=False | metadata=False
Cell P14 | value='14.0895' | fill=00000000 | rows=[13] | cols=[15] | col_header=False | row_header=False | metadata=False
Cell B15 | value='Q3 Jul-Sep' | fill=FF00B050 | rows=[14] | cols=[1] | col_header=False | row_header=True | metadata=False
Cell C15 | value='7143.9' | fill=00000000 | rows=[14] | cols=[2] | col_header=False | row_header=False | metadata=False
Cell D15 | value='8.372' | fill=00000000 | rows=[14] | cols=[3] | col_header=False | row_header=False | metadata=False
Cell E15 | value='7152.272' | fill=FF00B0F0 | rows=[14] | cols=[4, 5] | col_header=False | row_header=False | metadata=True
Cell G15 | value='685.624' | fill=00000000 | rows=[14] | cols=[6] | col_header=False | row_header=False | metadata=False
Cell H15 | value='797.217' | fill=00000000 | rows=[14] | cols=[7] | col_header=False | row_header=False | metadata=False
Cell I15 | value='8635.113' | fill=FF00B0F0 | rows=[14] | cols=[8] | col_header=False | row_header=False | metadata=True
Cell J15 | value='911.944' | fill=00000000 | rows=[14] | cols=[9] | col_header=False | row_header=False | metadata=False
Cell K15 | value='696.536' | fill=00000000 | rows=[14] | cols=[10] | col_header=False | row_header=False | metadata=False
Cell L15 | value='7026.633' | fill=FF00B0F0 | rows=[14] | cols=[11] | col_header=False | row_header=False | metadata=True
Cell M15 | value='333762.4' | fill=00000000 | rows=[14] | cols=[12] | col_header=False | row_header=False | metadata=False
Cell N15 | value='21.0528' | fill=00000000 | rows=[14] | cols=[13] | col_header=False | row_header=False | metadata=False
Cell O15 | value='14.737' | fill=00000000 | rows=[14] | cols=[14] | col_header=False | row_header=False | metadata=False
Cell P15 | value='14.0843' | fill=00000000 | rows=[14] | cols=[15] | col_header=False | row_header=False | metadata=False
Cell B16 | value='Q4 Oct-Dec' | fill=FF00B050 | rows=[15] | cols=[1] | col_header=False | row_header=True | metadata=False
Cell C16 | value='7051.9' | fill=00000000 | rows=[15] | cols=[2] | col_header=False | row_header=False | metadata=False
Cell D16 | value='25.3089' | fill=00000000 | rows=[15] | cols=[3] | col_header=False | row_header=False | metadata=False
Cell E16 | value='7077.2089' | fill=FF00B0F0 | rows=[15] | cols=[4, 5] | col_header=False | row_header=False | metadata=True
Cell G16 | value='696.536' | fill=00000000 | rows=[15] | cols=[6] | col_header=False | row_header=False | metadata=False
Cell H16 | value='749.589' | fill=00000000 | rows=[15] | cols=[7] | col_header=False | row_header=False | metadata=False
Cell I16 | value='8523.3339' | fill=FF00B0F0 | rows=[15] | cols=[8] | col_header=False | row_header=False | metadata=True
Cell J16 | value='845.501' | fill=00000000 | rows=[15] | cols=[9] | col_header=False | row_header=False | metadata=False
Cell K16 | value='723.316' | fill=00000000 | rows=[15] | cols=[10] | col_header=False | row_header=False | metadata=False
Cell L16 | value='6954.5169' | fill=FF00B0F0 | rows=[15] | cols=[11] | col_header=False | row_header=False | metadata=True
Cell M16 | value='334200.7' | fill=00000000 | rows=[15] | cols=[12] | col_header=False | row_header=False | metadata=False
Cell N16 | value='20.8094' | fill=00000000 | rows=[15] | cols=[13] | col_header=False | row_header=False | metadata=False
Cell O16 | value='14.5666' | fill=00000000 | rows=[15] | cols=[14] | col_header=False | row_header=False | metadata=False
Cell P16 | value='13.9215' | fill=00000000 | rows=[15] | cols=[15] | col_header=False | row_header=False | metadata=False
Cell B17 | value='Yr Jan-Dec' | fill=FF00B050 | rows=[16] | cols=[1] | col_header=False | row_header=True | metadata=False
Cell C17 | value='28290.7' | fill=00000000 | rows=[16] | cols=[2] | col_header=False | row_header=False | metadata=False
Cell D17 | value='67.6' | fill=00000000 | rows=[16] | cols=[3] | col_header=False | row_header=False | metadata=False
Cell E17 | value='28358.3' | fill=FF00B0F0 | rows=[16] | cols=[4, 5] | col_header=False | row_header=False | metadata=True
Cell G17 | value='675.577' | fill=00000000 | rows=[16] | cols=[6] | col_header=False | row_header=False | metadata=False
Cell H17 | value='3389.961' | fill=00000000 | rows=[16] | cols=[7] | col_header=False | row_header=False | metadata=False
Cell I17 | value='32423.838' | fill=FF00B0F0 | rows=[16] | cols=[8] | col_header=False | row_header=False | metadata=True
Cell J17 | value='3544.039' | fill=00000000 | rows=[16] | cols=[9] | col_header=False | row_header=False | metadata=False
Cell K17 | value='723.316' | fill=00000000 | rows=[16] | cols=[10] | col_header=False | row_header=False | metadata=False
Cell L17 | value='28156.483' | fill=FF00B0F0 | rows=[16] | cols=[11] | col_header=False | row_header=False | metadata=True
Cell M17 | value='333568.5' | fill=00000000 | rows=[16] | cols=[12] | col_header=False | row_header=False | metadata=False
Cell N17 | value='84.4099' | fill=00000000 | rows=[16] | cols=[13] | col_header=False | row_header=False | metadata=False
Cell O17 | value='59.0869' | fill=00000000 | rows=[16] | cols=[14] | col_header=False | row_header=False | metadata=False
Cell P17 | value='56.4702' | fill=00000000 | rows=[16] | cols=[15] | col_header=False | row_header=False | metadata=False
Cell A18 | value='2023' | fill=FF00B050 | rows=[17, 18, 19, 20, 21] | cols=[0] | col_header=False | row_header=True | metadata=False
Cell B18 | value='Q1 Jan-Mar' | fill=FF00B050 | rows=[17] | cols=[1] | col_header=False | row_header=True | metadata=False
Cell C18 | value='6823.9' | fill=00000000 | rows=[17] | cols=[2] | col_header=False | row_header=False | metadata=False
Cell D18 | value='25.2411' | fill=00000000 | rows=[17] | cols=[3] | col_header=False | row_header=False | metadata=False
Cell E18 | value='6849.1411' | fill=FF00B0F0 | rows=[17] | cols=[4, 5] | col_header=False | row_header=False | metadata=True
Cell G18 | value='723.316' | fill=00000000 | rows=[17] | cols=[6] | col_header=False | row_header=False | metadata=False
Cell H18 | value='956.286' | fill=00000000 | rows=[17] | cols=[7] | col_header=False | row_header=False | metadata=False
Cell I18 | value='8528.7431' | fill=FF00B0F0 | rows=[17] | cols=[8] | col_header=False | row_header=False | metadata=True
Cell J18 | value='778.887' | fill=00000000 | rows=[17] | cols=[9] | col_header=False | row_header=False | metadata=False
Cell K18 | value='633.534' | fill=00000000 | rows=[17] | cols=[10] | col_header=False | row_header=False | metadata=False
Cell L18 | value='7116.3221' | fill=FF00B0F0 | rows=[17] | cols=[11] | col_header=False | row_header=False | metadata=True
Cell M18 | value='334547.3' | fill=00000000 | rows=[17] | cols=[12] | col_header=False | row_header=False | metadata=False
Cell N18 | value='21.2715' | fill=00000000 | rows=[17] | cols=[13] | col_header=False | row_header=False | metadata=False
Cell O18 | value='14.8901' | fill=00000000 | rows=[17] | cols=[14] | col_header=False | row_header=False | metadata=False
Cell P18 | value='14.2306' | fill=00000000 | rows=[17] | cols=[15] | col_header=False | row_header=False | metadata=False
Cell B19 | value='Q2 Apr-Jun' | fill=FF00B050 | rows=[18] | cols=[1] | col_header=False | row_header=True | metadata=False
Cell C19 | value='6712.2' | fill=00000000 | rows=[18] | cols=[2] | col_header=False | row_header=False | metadata=False
Cell D19 | value='8.2769' | fill=00000000 | rows=[18] | cols=[3] | col_header=False | row_header=False | metadata=False
Cell E19 | value='6720.4769' | fill=FF00B0F0 | rows=[18] | cols=[4, 5] | col_header=False | row_header=False | metadata=True
Cell G19 | value='633.534' | fill=00000000 | rows=[18] | cols=[6] | col_header=False | row_header=False | metadata=False
Cell H19 | value='901.348' | fill=00000000 | rows=[18] | cols=[7] | col_header=False | row_header=False | metadata=False
Cell I19 | value='8255.3589' | fill=FF00B0F0 | rows=[18] | cols=[8] | col_header=False | row_header=False | metadata=True
Cell J19 | value='806.78' | fill=00000000 | rows=[18] | cols=[9] | col_header=False | row_header=False | metadata=False
Cell K19 | value='545.573' | fill=00000000 | rows=[18] | cols=[10] | col_header=False | row_header=False | metadata=False
Cell L19 | value='6903.0059' | fill=FF00B0F0 | rows=[18] | cols=[11] | col_header=False | row_header=False | metadata=True
Cell M19 | value='334934.8' | fill=00000000 | rows=[18] | cols=[12] | col_header=False | row_header=False | metadata=False
Cell N19 | value='20.61' | fill=00000000 | rows=[18] | cols=[13] | col_header=False | row_header=False | metadata=False
Cell O19 | value='14.427' | fill=00000000 | rows=[18] | cols=[14] | col_header=False | row_header=False | metadata=False
Cell P19 | value='13.7881' | fill=00000000 | rows=[18] | cols=[15] | col_header=False | row_header=False | metadata=False
Cell B20 | value='Q3 Jul-Sep' | fill=FF00B050 | rows=[19] | cols=[1] | col_header=False | row_header=True | metadata=False
Cell C20 | value='6621.5' | fill=00000000 | rows=[19] | cols=[2] | col_header=False | row_header=False | metadata=False
Cell D20 | value='8.2769' | fill=00000000 | rows=[19] | cols=[3] | col_header=False | row_header=False | metadata=False
Cell E20 | value='6629.7769' | fill=FF00B0F0 | rows=[19] | cols=[4, 5] | col_header=False | row_header=False | metadata=True
Cell G20 | value='545.573' | fill=00000000 | rows=[19] | cols=[6] | col_header=False | row_header=False | metadata=False
Cell H20 | value='964.234' | fill=00000000 | rows=[19] | cols=[7] | col_header=False | row_header=False | metadata=False
Cell I20 | value='8139.5839' | fill=FF00B0F0 | rows=[19] | cols=[8] | col_header=False | row_header=False | metadata=True
Cell J20 | value='730.804' | fill=00000000 | rows=[19] | cols=[9] | col_header=False | row_header=False | metadata=False
Cell K20 | value='558.16' | fill=00000000 | rows=[19] | cols=[10] | col_header=False | row_header=False | metadata=False
Cell L20 | value='6850.6199' | fill=FF00B0F0 | rows=[19] | cols=[11] | col_header=False | row_header=False | metadata=True
Cell M20 | value='335429.9' | fill=00000000 | rows=[19] | cols=[12] | col_header=False | row_header=False | metadata=False
Cell N20 | value='20.4234' | fill=00000000 | rows=[19] | cols=[13] | col_header=False | row_header=False | metadata=False
Cell O20 | value='14.2964' | fill=00000000 | rows=[19] | cols=[14] | col_header=False | row_header=False | metadata=False
Cell P20 | value='13.6633' | fill=00000000 | rows=[19] | cols=[15] | col_header=False | row_header=False | metadata=False
Cell B21 | value='Q4 Oct-Dec' | fill=FF00B050 | rows=[20] | cols=[1] | col_header=False | row_header=True | metadata=False
Cell C21 | value='6809.5' | fill=00000000 | rows=[20] | cols=[2] | col_header=False | row_header=False | metadata=False
Cell D21 | value='25.0051' | fill=00000000 | rows=[20] | cols=[3] | col_header=False | row_header=False | metadata=False
Cell E21 | value='6834.5051' | fill=FF00B0F0 | rows=[20] | cols=[4, 5] | col_header=False | row_header=False | metadata=True
Cell G21 | value='558.16' | fill=00000000 | rows=[20] | cols=[6] | col_header=False | row_header=False | metadata=False
Cell H21 | value='903.415' | fill=00000000 | rows=[20] | cols=[7] | col_header=False | row_header=False | metadata=False
Cell I21 | value='8296.0801' | fill=FF00B0F0 | rows=[20] | cols=[8] | col_header=False | row_header=False | metadata=True
Cell J21 | value='721.787' | fill=00000000 | rows=[20] | cols=[9] | col_header=False | row_header=False | metadata=False
Cell K21 | value='637.535' | fill=00000000 | rows=[20] | cols=[10] | col_header=False | row_header=False | metadata=False
Cell L21 | value='6936.7581' | fill=FF00B0F0 | rows=[20] | cols=[11] | col_header=False | row_header=False | metadata=True
Cell M21 | value='335923.7' | fill=00000000 | rows=[20] | cols=[12] | col_header=False | row_header=False | metadata=False
Cell N21 | value='20.6498' | fill=00000000 | rows=[20] | cols=[13] | col_header=False | row_header=False | metadata=False
Cell O21 | value='14.4549' | fill=00000000 | rows=[20] | cols=[14] | col_header=False | row_header=False | metadata=False
Cell P21 | value='13.8147' | fill=00000000 | rows=[20] | cols=[15] | col_header=False | row_header=False | metadata=False
Cell B22 | value='Yr Jan-Dec' | fill=FF00B050 | rows=[21] | cols=[1] | col_header=False | row_header=True | metadata=False
Cell C22 | value='26967.1' | fill=00000000 | rows=[21] | cols=[2] | col_header=False | row_header=False | metadata=False
Cell D22 | value='66.8' | fill=00000000 | rows=[21] | cols=[3] | col_header=False | row_header=False | metadata=False
Cell E22 | value='27033.9' | fill=FF00B0F0 | rows=[21] | cols=[4, 5] | col_header=False | row_header=False | metadata=True
Cell G22 | value='723.316' | fill=00000000 | rows=[21] | cols=[6] | col_header=False | row_header=False | metadata=False
Cell H22 | value='3725.283' | fill=00000000 | rows=[21] | cols=[7] | col_header=False | row_header=False | metadata=False
Cell I22 | value='31482.499' | fill=FF00B0F0 | rows=[21] | cols=[8] | col_header=False | row_header=False | metadata=True
Cell J22 | value='3038.258' | fill=00000000 | rows=[21] | cols=[9] | col_header=False | row_header=False | metadata=False
Cell K22 | value='637.535' | fill=00000000 | rows=[21] | cols=[10] | col_header=False | row_header=False | metadata=False
Cell L22 | value='27806.706' | fill=FF00B0F0 | rows=[21] | cols=[11] | col_header=False | row_header=False | metadata=True
Cell M22 | value='335208.4' | fill=00000000 | rows=[21] | cols=[12] | col_header=False | row_header=False | metadata=False
Cell N22 | value='82.9535' | fill=00000000 | rows=[21] | cols=[13] | col_header=False | row_header=False | metadata=False
Cell O22 | value='58.0674' | fill=00000000 | rows=[21] | cols=[14] | col_header=False | row_header=False | metadata=False
Cell P22 | value='55.4959' | fill=00000000 | rows=[21] | cols=[15] | col_header=False | row_header=False | metadata=False

