=== health-table01.xlsx ===
Cell A1 | value='Total Cases' | fill=FFFFFF00 | rows=[0] | cols=[0, 1, 2, 3] | col_header=True | row_header=True | metadata=False
Cell A2 | value='Highest' | fill=FFFFFF00 | rows=[1] | cols=[0] | col_header=True | row_header=False | metadata=False
Cell C2 | value='Least' | fill=FFFFFF00 | rows=[1] | cols=[2] | col_header=True | row_header=False | metadata=False
Cell A3 | value='States' | fill=FFFFFF00 | rows=[2] | cols=[0] | col_header=True | row_header=False | metadata=False
Cell B3 | value='Cases' | fill=FFFFFF00 | rows=[2] | cols=[1] | col_header=True | row_header=False | metadata=False
Cell C3 | value='States' | fill=FFFFFF00 | rows=[2] | cols=[2] | col_header=True | row_header=False | metadata=False
Cell D3 | value='Cases' | fill=FFFFFF00 | rows=[2] | cols=[3] | col_header=True | row_header=False | metadata=False
Cell A4 | value='Maharashtra' | fill=FF00B050 | rows=[3] | cols=[0] | col_header=False | row_header=True | metadata=False
Cell B4 | value='6623344' | fill=00000000 | rows=[3] | cols=[1] | col_header=False | row_header=False | metadata=False
Cell C4 | value='Andaman Nicobar' | fill=FF00B050 | rows=[3] | cols=[2] | col_header=False | row_header=True | metadata=False
Cell D4 | value='7670' | fill=00000000 | rows=[3] | cols=[3] | col_header=False | row_header=False | metadata=False
Cell A5 | value='Kerala' | fill=FF00B050 | rows=[4] | cols=[0] | col_header=False | row_header=True | metadata=False
Cell B5 | value='5055224' | fill=00000000 | rows=[4] | cols=[1] | col_header=False | row_header=False | metadata=False
Cell C5 | value='Lakshadweep' | fill=FF00B050 | rows=[4] | cols=[2] | col_header=False | row_header=True | metadata=False
Cell D5 | value='10365' | fill=00000000 | rows=[4] | cols=[3] | col_header=False | row_header=False | metadata=False
Cell A6 | value='Karnataka' | fill=FF00B050 | rows=[5] | cols=[0] | col_header=False | row_header=True | metadata=False
Cell B6 | value='2991614' | fill=00000000 | rows=[5] | cols=[1] | col_header=False | row_header=False | metadata=False
Cell C6 | value='Daman and Diu' | fill=FF00B050 | rows=[5] | cols=[2] | col_header=False | row_header=True | metadata=False
Cell D6 | value='10682' | fill=00000000 | rows=[5] | cols=[3] | col_header=False | row_header=False | metadata=False
Cell A7 | value='Tamil Nadu' | fill=FF00B050 | rows=[6] | cols=[0] | col_header=False | row_header=True | metadata=False
Cell B7 | value='2714025' | fill=00000000 | rows=[6] | cols=[1] | col_header=False | row_header=False | metadata=False
Cell C7 | value='Ladakh' | fill=FF00B050 | rows=[6] | cols=[2] | col_header=False | row_header=True | metadata=False
Cell D7 | value='21148' | fill=00000000 | rows=[6] | cols=[3] | col_header=False | row_header=False | metadata=False
Cell A8 | value='Andhra Pradesh' | fill=FF00B050 | rows=[7] | cols=[0] | col_header=False | row_header=True | metadata=False
Cell B8 | value='2069770' | fill=00000000 | rows=[7] | cols=[1] | col_header=False | row_header=False | metadata=False
Cell C8 | value='Nagaland' | fill=FF00B050 | rows=[7] | cols=[2] | col_header=False | row_header=True | metadata=False
Cell D8 | value='31978' | fill=00000000 | rows=[7] | cols=[3] | col_header=False | row_header=False | metadata=False
Cell A10 | value='Recovered' | fill=FFFFFF00 | rows=[9] | cols=[0, 1, 2, 3] | col_header=True | row_header=False | metadata=False
Cell A11 | value='Highest' | fill=FFFFFF00 | rows=[10] | cols=[0] | col_header=True | row_header=False | metadata=False
Cell C11 | value='Least' | fill=FFFFFF00 | rows=[10] | cols=[2] | col_header=True | row_header=False | metadata=False
Cell A12 | value='States' | fill=FFFFFF00 | rows=[11] | cols=[0] | col_header=True | row_header=False | metadata=False
Cell B12 | value='Recovered %' | fill=FFFFFF00 | rows=[11] | cols=[1] | col_header=True | row_header=False | metadata=False
Cell C12 | value='States' | fill=FFFFFF00 | rows=[11] | cols=[2] | col_header=True | row_header=False | metadata=False
Cell D12 | value='Recovered %' | fill=FFFFFF00 | rows=[11] | cols=[3] | col_header=True | row_header=False | metadata=False
Cell A13 | value='Daman and Diu' | fill=FF00B050 | rows=[12] | cols=[0] | col_header=False | row_header=True | metadata=False
Cell B13 | value='99.96' | fill=00000000 | rows=[12] | cols=[1] | col_header=False | row_header=False | metadata=False
Cell C13 | value='Mizoram' | fill=FF00B050 | rows=[12] | cols=[2] | col_header=False | row_header=True | metadata=False
Cell D13 | value='95.25' | fill=00000000 | rows=[12] | cols=[3] | col_header=False | row_header=False | metadata=False
Cell A14 | value='Lakshadweep' | fill=FF00B050 | rows=[13] | cols=[0] | col_header=False | row_header=True | metadata=False
Cell B14 | value='99.51' | fill=00000000 | rows=[13] | cols=[1] | col_header=False | row_header=False | metadata=False
Cell C14 | value='Punjab' | fill=FF00B050 | rows=[13] | cols=[2] | col_header=False | row_header=True | metadata=False
Cell D14 | value='97.2' | fill=00000000 | rows=[13] | cols=[3] | col_header=False | row_header=False | metadata=False
Cell A15 | value='Arunachal Pradesh' | fill=FF00B050 | rows=[14] | cols=[0] | col_header=False | row_header=True | metadata=False
Cell B15 | value='99.42' | fill=00000000 | rows=[14] | cols=[1] | col_header=False | row_header=False | metadata=False
Cell C15 | value='Nagaland' | fill=FF00B050 | rows=[14] | cols=[2] | col_header=False | row_header=True | metadata=False
Cell D15 | value='97.33' | fill=00000000 | rows=[14] | cols=[3] | col_header=False | row_header=False | metadata=False
Cell A16 | value='Andhra Pradesh' | fill=FF00B050 | rows=[15] | cols=[0] | col_header=False | row_header=True | metadata=False
Cell B16 | value='99.15' | fill=00000000 | rows=[15] | cols=[1] | col_header=False | row_header=False | metadata=False
Cell C16 | value='Maharashtra' | fill=FF00B050 | rows=[15] | cols=[2] | col_header=False | row_header=True | metadata=False
Cell D16 | value='97.64' | fill=00000000 | rows=[15] | cols=[3] | col_header=False | row_header=False | metadata=False
Cell A17 | value='Rajasthan' | fill=FF00B050 | rows=[16] | cols=[0] | col_header=False | row_header=True | metadata=False
Cell B17 | value='99.05' | fill=00000000 | rows=[16] | cols=[1] | col_header=False | row_header=False | metadata=False
Cell C17 | value='Manipur' | fill=FF00B050 | rows=[16] | cols=[2] | col_header=False | row_header=True | metadata=False
Cell D17 | value='97.79' | fill=00000000 | rows=[16] | cols=[3] | col_header=False | row_header=False | metadata=False
Cell A18 | value='Death' | fill=FFFFFF00 | rows=[17] | cols=[0, 1, 2, 3] | col_header=True | row_header=False | metadata=False
Cell A19 | value='Highest' | fill=FFFFFF00 | rows=[18] | cols=[0] | col_header=True | row_header=False | metadata=False
Cell C19 | value='Least' | fill=FFFFFF00 | rows=[18] | cols=[2] | col_header=True | row_header=False | metadata=False
Cell A20 | value='States' | fill=FFFFFF00 | rows=[19] | cols=[0] | col_header=True | row_header=False | metadata=False
Cell B20 | value='Death %' | fill=FFFFFF00 | rows=[19] | cols=[1] | col_header=True | row_header=False | metadata=False
Cell C20 | value='States' | fill=FFFFFF00 | rows=[19] | cols=[2] | col_header=True | row_header=False | metadata=False
Cell D20 | value='Death %' | fill=FFFFFF00 | rows=[19] | cols=[3] | col_header=True | row_header=False | metadata=False
Cell A21 | value='Punjab' | fill=FF00B050 | rows=[20] | cols=[0] | col_header=False | row_header=True | metadata=False
Cell B21 | value='2.75' | fill=00000000 | rows=[20] | cols=[1] | col_header=False | row_header=False | metadata=False
Cell C21 | value='Daman and Diu' | fill=FF00B050 | rows=[20] | cols=[2] | col_header=False | row_header=True | metadata=False
Cell D21 | value='0.04' | fill=00000000 | rows=[20] | cols=[3] | col_header=False | row_header=False | metadata=False
Cell A22 | value='Nagaland' | fill=FF00B050 | rows=[21] | cols=[0] | col_header=False | row_header=True | metadata=False
Cell B22 | value='2.16' | fill=00000000 | rows=[21] | cols=[1] | col_header=False | row_header=False | metadata=False
Cell C22 | value='Mizoram' | fill=FF00B050 | rows=[21] | cols=[2] | col_header=False | row_header=True | metadata=False
Cell D22 | value='0.36' | fill=00000000 | rows=[21] | cols=[3] | col_header=False | row_header=False | metadata=False
Cell A23 | value='Uttarakhand' | fill=FF00B050 | rows=[22] | cols=[0] | col_header=False | row_header=True | metadata=False
Cell B23 | value='2.15' | fill=00000000 | rows=[22] | cols=[1] | col_header=False | row_header=False | metadata=False
Cell C23 | value='Lakshadweep' | fill=FF00B050 | rows=[22] | cols=[2] | col_header=False | row_header=True | metadata=False
Cell D23 | value='0.49' | fill=00000000 | rows=[22] | cols=[3] | col_header=False | row_header=False | metadata=False
Cell A24 | value='Maharashtra' | fill=FF00B050 | rows=[23] | cols=[0] | col_header=False | row_header=True | metadata=False
Cell B24 | value='2.12' | fill=00000000 | rows=[23] | cols=[1] | col_header=False | row_header=False | metadata=False
Cell C24 | value='Arunachal Pradesh' | fill=FF00B050 | rows=[23] | cols=[2] | col_header=False | row_header=True | metadata=False
Cell D24 | value='0.51' | fill=00000000 | rows=[23] | cols=[3] | col_header=False | row_header=False | metadata=False
Cell A25 | value='Goa' | fill=FF00B050 | rows=[24] | cols=[0] | col_header=False | row_header=True | metadata=False
Cell B25 | value='1.89' | fill=00000000 | rows=[24] | cols=[1] | col_header=False | row_header=False | metadata=False
Cell C25 | value='Telengana' | fill=FF00B050 | rows=[24] | cols=[2] | col_header=False | row_header=True | metadata=False
Cell D25 | value='0.59' | fill=00000000 | rows=[24] | cols=[3] | col_header=False | row_header=False | metadata=False
Cell A27 | value='Active' | fill=FFFFFF00 | rows=[26] | cols=[0, 1, 2, 3] | col_header=True | row_header=False | metadata=False
Cell A28 | value='Highest' | fill=FFFFFF00 | rows=[27] | cols=[0] | col_header=True | row_header=False | metadata=False
Cell C28 | value='Least' | fill=FFFFFF00 | rows=[27] | cols=[2] | col_header=True | row_header=False | metadata=False
Cell A29 | value='States' | fill=FFFFFF00 | rows=[28] | cols=[0] | col_header=True | row_header=False | metadata=False
Cell B29 | value='Active %' | fill=FFFFFF00 | rows=[28] | cols=[1] | col_header=True | row_header=False | metadata=False
Cell C29 | value='States' | fill=FFFFFF00 | rows=[28] | cols=[2] | col_header=True | row_header=False | metadata=False
Cell D29 | value='Active %' | fill=FFFFFF00 | rows=[28] | cols=[3] | col_header=True | row_header=False | metadata=False
Cell A30 | value='Mizoram' | fill=FF00B050 | rows=[29] | cols=[0] | col_header=False | row_header=True | metadata=False
Cell B30 | value='4.39' | fill=00000000 | rows=[29] | cols=[1] | col_header=False | row_header=False | metadata=False
Cell C30 | value='Lakshadweep' | fill=FF00B050 | rows=[29] | cols=[2] | col_header=False | row_header=True | metadata=False
Cell D30 | value='0' | fill=00000000 | rows=[29] | cols=[3] | col_header=False | row_header=False | metadata=False
Cell A31 | value='Kerala' | fill=FF00B050 | rows=[30] | cols=[0] | col_header=False | row_header=True | metadata=False
Cell B31 | value='1.37' | fill=00000000 | rows=[30] | cols=[1] | col_header=False | row_header=False | metadata=False
Cell C31 | value='Daman and Diu' | fill=FF00B050 | rows=[30] | cols=[2] | col_header=False | row_header=True | metadata=False
Cell D31 | value='0' | fill=00000000 | rows=[30] | cols=[3] | col_header=False | row_header=False | metadata=False
Cell A32 | value='Ladakh' | fill=FF00B050 | rows=[31] | cols=[0] | col_header=False | row_header=True | metadata=False
Cell B32 | value='0.73' | fill=00000000 | rows=[31] | cols=[1] | col_header=False | row_header=False | metadata=False
Cell C32 | value='Bihar' | fill=FF00B050 | rows=[31] | cols=[2] | col_header=False | row_header=True | metadata=False
Cell D32 | value='0' | fill=00000000 | rows=[31] | cols=[3] | col_header=False | row_header=False | metadata=False
Cell A33 | value='Manipur' | fill=FF00B050 | rows=[32] | cols=[0] | col_header=False | row_header=True | metadata=False
Cell B33 | value='0.64' | fill=00000000 | rows=[32] | cols=[1] | col_header=False | row_header=False | metadata=False
Cell C33 | value='MP' | fill=FF00B050 | rows=[32] | cols=[2] | col_header=False | row_header=True | metadata=False
Cell D33 | value='0.01' | fill=00000000 | rows=[32] | cols=[3] | col_header=False | row_header=False | metadata=False
Cell A34 | value='Telengana' | fill=FF00B050 | rows=[33] | cols=[0] | col_header=False | row_header=True | metadata=False
Cell B34 | value='0.56' | fill=00000000 | rows=[33] | cols=[1] | col_header=False | row_header=False | metadata=False
Cell C34 | value='Rajasthan' | fill=FF00B050 | rows=[33] | cols=[2] | col_header=False | row_header=True | metadata=False
Cell D34 | value='0.01' | fill=00000000 | rows=[33] | cols=[3] | col_header=False | row_header=False | metadata=False

=== health-table01.xlsx ===
Cell A1 | value='Total Cases' | fill=FFFFFF00 | rows=[0] | cols=[0, 1, 2, 3] | col_header=True | row_header=True | metadata=False
Cell A2 | value='Highest' | fill=FFFFFF00 | rows=[1] | cols=[0] | col_header=True | row_header=False | metadata=False
Cell C2 | value='Least' | fill=FFFFFF00 | rows=[1] | cols=[2] | col_header=True | row_header=False | metadata=False
Cell A3 | value='States' | fill=FFFFFF00 | rows=[2] | cols=[0] | col_header=True | row_header=False | metadata=False
Cell B3 | value='Cases' | fill=FFFFFF00 | rows=[2] | cols=[1] | col_header=True | row_header=False | metadata=False
Cell C3 | value='States' | fill=FFFFFF00 | rows=[2] | cols=[2] | col_header=True | row_header=False | metadata=False
Cell D3 | value='Cases' | fill=FFFFFF00 | rows=[2] | cols=[3] | col_header=True | row_header=False | metadata=False
Cell A4 | value='Maharashtra' | fill=FF00B050 | rows=[3] | cols=[0] | col_header=False | row_header=True | metadata=False
Cell B4 | value='6623344' | fill=00000000 | rows=[3] | cols=[1] | col_header=False | row_header=False | metadata=False
Cell C4 | value='Andaman Nicobar' | fill=FF00B050 | rows=[3] | cols=[2] | col_header=False | row_header=True | metadata=False
Cell D4 | value='7670' | fill=00000000 | rows=[3] | cols=[3] | col_header=False | row_header=False | metadata=False
Cell A5 | value='Kerala' | fill=FF00B050 | rows=[4] | cols=[0] | col_header=False | row_header=True | metadata=False
Cell B5 | value='5055224' | fill=00000000 | rows=[4] | cols=[1] | col_header=False | row_header=False | metadata=False
Cell C5 | value='Lakshadweep' | fill=FF00B050 | rows=[4] | cols=[2] | col_header=False | row_header=True | metadata=False
Cell D5 | value='10365' | fill=00000000 | rows=[4] | cols=[3] | col_header=False | row_header=False | metadata=False
Cell A6 | value='Karnataka' | fill=FF00B050 | rows=[5] | cols=[0] | col_header=False | row_header=True | metadata=False
Cell B6 | value='2991614' | fill=00000000 | rows=[5] | cols=[1] | col_header=False | row_header=False | metadata=False
Cell C6 | value='Daman and Diu' | fill=FF00B050 | rows=[5] | cols=[2] | col_header=False | row_header=True | metadata=False
Cell D6 | value='10682' | fill=00000000 | rows=[5] | cols=[3] | col_header=False | row_header=False | metadata=False
Cell A7 | value='Tamil Nadu' | fill=FF00B050 | rows=[6] | cols=[0] | col_header=False | row_header=True | metadata=False
Cell B7 | value='2714025' | fill=00000000 | rows=[6] | cols=[1] | col_header=False | row_header=False | metadata=False
Cell C7 | value='Ladakh' | fill=FF00B050 | rows=[6] | cols=[2] | col_header=False | row_header=True | metadata=False
Cell D7 | value='21148' | fill=00000000 | rows=[6] | cols=[3] | col_header=False | row_header=False | metadata=False
Cell A8 | value='Andhra Pradesh' | fill=FF00B050 | rows=[7] | cols=[0] | col_header=False | row_header=True | metadata=False
Cell B8 | value='2069770' | fill=00000000 | rows=[7] | cols=[1] | col_header=False | row_header=False | metadata=False
Cell C8 | value='Nagaland' | fill=FF00B050 | rows=[7] | cols=[2] | col_header=False | row_header=True | metadata=False
Cell D8 | value='31978' | fill=00000000 | rows=[7] | cols=[3] | col_header=False | row_header=False | metadata=False
Cell A10 | value='Recovered' | fill=FFFFFF00 | rows=[9] | cols=[0, 1, 2, 3] | col_header=True | row_header=False | metadata=False
Cell A11 | value='Highest' | fill=FFFFFF00 | rows=[10] | cols=[0] | col_header=True | row_header=False | metadata=False
Cell C11 | value='Least' | fill=FFFFFF00 | rows=[10] | cols=[2] | col_header=True | row_header=False | metadata=False
Cell A12 | value='States' | fill=FFFFFF00 | rows=[11] | cols=[0] | col_header=True | row_header=False | metadata=False
Cell B12 | value='Recovered %' | fill=FFFFFF00 | rows=[11] | cols=[1] | col_header=True | row_header=False | metadata=False
Cell C12 | value='States' | fill=FFFFFF00 | rows=[11] | cols=[2] | col_header=True | row_header=False | metadata=False
Cell D12 | value='Recovered %' | fill=FFFFFF00 | rows=[11] | cols=[3] | col_header=True | row_header=False | metadata=False
Cell A13 | value='Daman and Diu' | fill=FF00B050 | rows=[12] | cols=[0] | col_header=False | row_header=True | metadata=False
Cell B13 | value='99.96' | fill=00000000 | rows=[12] | cols=[1] | col_header=False | row_header=False | metadata=False
Cell C13 | value='Mizoram' | fill=FF00B050 | rows=[12] | cols=[2] | col_header=False | row_header=True | metadata=False
Cell D13 | value='95.25' | fill=00000000 | rows=[12] | cols=[3] | col_header=False | row_header=False | metadata=False
Cell A14 | value='Lakshadweep' | fill=FF00B050 | rows=[13] | cols=[0] | col_header=False | row_header=True | metadata=False
Cell B14 | value='99.51' | fill=00000000 | rows=[13] | cols=[1] | col_header=False | row_header=False | metadata=False
Cell C14 | value='Punjab' | fill=FF00B050 | rows=[13] | cols=[2] | col_header=False | row_header=True | metadata=False
Cell D14 | value='97.2' | fill=00000000 | rows=[13] | cols=[3] | col_header=False | row_header=False | metadata=False
Cell A15 | value='Arunachal Pradesh' | fill=FF00B050 | rows=[14] | cols=[0] | col_header=False | row_header=True | metadata=False
Cell B15 | value='99.42' | fill=00000000 | rows=[14] | cols=[1] | col_header=False | row_header=False | metadata=False
Cell C15 | value='Nagaland' | fill=FF00B050 | rows=[14] | cols=[2] | col_header=False | row_header=True | metadata=False
Cell D15 | value='97.33' | fill=00000000 | rows=[14] | cols=[3] | col_header=False | row_header=False | metadata=False
Cell A16 | value='Andhra Pradesh' | fill=FF00B050 | rows=[15] | cols=[0] | col_header=False | row_header=True | metadata=False
Cell B16 | value='99.15' | fill=00000000 | rows=[15] | cols=[1] | col_header=False | row_header=False | metadata=False
Cell C16 | value='Maharashtra' | fill=FF00B050 | rows=[15] | cols=[2] | col_header=False | row_header=True | metadata=False
Cell D16 | value='97.64' | fill=00000000 | rows=[15] | cols=[3] | col_header=False | row_header=False | metadata=False
Cell A17 | value='Rajasthan' | fill=FF00B050 | rows=[16] | cols=[0] | col_header=False | row_header=True | metadata=False
Cell B17 | value='99.05' | fill=00000000 | rows=[16] | cols=[1] | col_header=False | row_header=False | metadata=False
Cell C17 | value='Manipur' | fill=FF00B050 | rows=[16] | cols=[2] | col_header=False | row_header=True | metadata=False
Cell D17 | value='97.79' | fill=00000000 | rows=[16] | cols=[3] | col_header=False | row_header=False | metadata=False
Cell A18 | value='Death' | fill=FFFFFF00 | rows=[17] | cols=[0, 1, 2, 3] | col_header=True | row_header=False | metadata=False
Cell A19 | value='Highest' | fill=FFFFFF00 | rows=[18] | cols=[0] | col_header=True | row_header=False | metadata=False
Cell C19 | value='Least' | fill=FFFFFF00 | rows=[18] | cols=[2] | col_header=True | row_header=False | metadata=False
Cell A20 | value='States' | fill=FFFFFF00 | rows=[19] | cols=[0] | col_header=True | row_header=False | metadata=False
Cell B20 | value='Death %' | fill=FFFFFF00 | rows=[19] | cols=[1] | col_header=True | row_header=False | metadata=False
Cell C20 | value='States' | fill=FFFFFF00 | rows=[19] | cols=[2] | col_header=True | row_header=False | metadata=False
Cell D20 | value='Death %' | fill=FFFFFF00 | rows=[19] | cols=[3] | col_header=True | row_header=False | metadata=False
Cell A21 | value='Punjab' | fill=FF00B050 | rows=[20] | cols=[0] | col_header=False | row_header=True | metadata=False
Cell B21 | value='2.75' | fill=00000000 | rows=[20] | cols=[1] | col_header=False | row_header=False | metadata=False
Cell C21 | value='Daman and Diu' | fill=FF00B050 | rows=[20] | cols=[2] | col_header=False | row_header=True | metadata=False
Cell D21 | value='0.04' | fill=00000000 | rows=[20] | cols=[3] | col_header=False | row_header=False | metadata=False
Cell A22 | value='Nagaland' | fill=FF00B050 | rows=[21] | cols=[0] | col_header=False | row_header=True | metadata=False
Cell B22 | value='2.16' | fill=00000000 | rows=[21] | cols=[1] | col_header=False | row_header=False | metadata=False
Cell C22 | value='Mizoram' | fill=FF00B050 | rows=[21] | cols=[2] | col_header=False | row_header=True | metadata=False
Cell D22 | value='0.36' | fill=00000000 | rows=[21] | cols=[3] | col_header=False | row_header=False | metadata=False
Cell A23 | value='Uttarakhand' | fill=FF00B050 | rows=[22] | cols=[0] | col_header=False | row_header=True | metadata=False
Cell B23 | value='2.15' | fill=00000000 | rows=[22] | cols=[1] | col_header=False | row_header=False | metadata=False
Cell C23 | value='Lakshadweep' | fill=FF00B050 | rows=[22] | cols=[2] | col_header=False | row_header=True | metadata=False
Cell D23 | value='0.49' | fill=00000000 | rows=[22] | cols=[3] | col_header=False | row_header=False | metadata=False
Cell A24 | value='Maharashtra' | fill=FF00B050 | rows=[23] | cols=[0] | col_header=False | row_header=True | metadata=False
Cell B24 | value='2.12' | fill=00000000 | rows=[23] | cols=[1] | col_header=False | row_header=False | metadata=False
Cell C24 | value='Arunachal Pradesh' | fill=FF00B050 | rows=[23] | cols=[2] | col_header=False | row_header=True | metadata=False
Cell D24 | value='0.51' | fill=00000000 | rows=[23] | cols=[3] | col_header=False | row_header=False | metadata=False
Cell A25 | value='Goa' | fill=FF00B050 | rows=[24] | cols=[0] | col_header=False | row_header=True | metadata=False
Cell B25 | value='1.89' | fill=00000000 | rows=[24] | cols=[1] | col_header=False | row_header=False | metadata=False
Cell C25 | value='Telengana' | fill=FF00B050 | rows=[24] | cols=[2] | col_header=False | row_header=True | metadata=False
Cell D25 | value='0.59' | fill=00000000 | rows=[24] | cols=[3] | col_header=False | row_header=False | metadata=False
Cell A27 | value='Active' | fill=FFFFFF00 | rows=[26] | cols=[0, 1, 2, 3] | col_header=True | row_header=False | metadata=False
Cell A28 | value='Highest' | fill=FFFFFF00 | rows=[27] | cols=[0] | col_header=True | row_header=False | metadata=False
Cell C28 | value='Least' | fill=FFFFFF00 | rows=[27] | cols=[2] | col_header=True | row_header=False | metadata=False
Cell A29 | value='States' | fill=FFFFFF00 | rows=[28] | cols=[0] | col_header=True | row_header=False | metadata=False
Cell B29 | value='Active %' | fill=FFFFFF00 | rows=[28] | cols=[1] | col_header=True | row_header=False | metadata=False
Cell C29 | value='States' | fill=FFFFFF00 | rows=[28] | cols=[2] | col_header=True | row_header=False | metadata=False
Cell D29 | value='Active %' | fill=FFFFFF00 | rows=[28] | cols=[3] | col_header=True | row_header=False | metadata=False
Cell A30 | value='Mizoram' | fill=FF00B050 | rows=[29] | cols=[0] | col_header=False | row_header=True | metadata=False
Cell B30 | value='4.39' | fill=00000000 | rows=[29] | cols=[1] | col_header=False | row_header=False | metadata=False
Cell C30 | value='Lakshadweep' | fill=FF00B050 | rows=[29] | cols=[2] | col_header=False | row_header=True | metadata=False
Cell D30 | value='0' | fill=00000000 | rows=[29] | cols=[3] | col_header=False | row_header=False | metadata=False
Cell A31 | value='Kerala' | fill=FF00B050 | rows=[30] | cols=[0] | col_header=False | row_header=True | metadata=False
Cell B31 | value='1.37' | fill=00000000 | rows=[30] | cols=[1] | col_header=False | row_header=False | metadata=False
Cell C31 | value='Daman and Diu' | fill=FF00B050 | rows=[30] | cols=[2] | col_header=False | row_header=True | metadata=False
Cell D31 | value='0' | fill=00000000 | rows=[30] | cols=[3] | col_header=False | row_header=False | metadata=False
Cell A32 | value='Ladakh' | fill=FF00B050 | rows=[31] | cols=[0] | col_header=False | row_header=True | metadata=False
Cell B32 | value='0.73' | fill=00000000 | rows=[31] | cols=[1] | col_header=False | row_header=False | metadata=False
Cell C32 | value='Bihar' | fill=FF00B050 | rows=[31] | cols=[2] | col_header=False | row_header=True | metadata=False
Cell D32 | value='0' | fill=00000000 | rows=[31] | cols=[3] | col_header=False | row_header=False | metadata=False
Cell A33 | value='Manipur' | fill=FF00B050 | rows=[32] | cols=[0] | col_header=False | row_header=True | metadata=False
Cell B33 | value='0.64' | fill=00000000 | rows=[32] | cols=[1] | col_header=False | row_header=False | metadata=False
Cell C33 | value='MP' | fill=FF00B050 | rows=[32] | cols=[2] | col_header=False | row_header=True | metadata=False
Cell D33 | value='0.01' | fill=00000000 | rows=[32] | cols=[3] | col_header=False | row_header=False | metadata=False
Cell A34 | value='Telengana' | fill=FF00B050 | rows=[33] | cols=[0] | col_header=False | row_header=True | metadata=False
Cell B34 | value='0.56' | fill=00000000 | rows=[33] | cols=[1] | col_header=False | row_header=False | metadata=False
Cell C34 | value='Rajasthan' | fill=FF00B050 | rows=[33] | cols=[2] | col_header=False | row_header=True | metadata=False
Cell D34 | value='0.01' | fill=00000000 | rows=[33] | cols=[3] | col_header=False | row_header=False | metadata=False

