=== science-table55.xlsx ===
Cell A1 | value='alias' | fill=FFFFFF00 | rows=[0] | cols=[0] | col_header=True | row_header=True | metadata=False
Cell B1 | value='position' | fill=FFFFFF00 | rows=[0] | cols=[1] | col_header=True | row_header=False | metadata=False
Cell C1 | value='MBI9045' | fill=FFFFFF00 | rows=[0] | cols=[2] | col_header=True | row_header=False | metadata=False
Cell D1 | value='MBI9134' | fill=FFFFFF00 | rows=[0] | cols=[3] | col_header=True | row_header=False | metadata=False
Cell E1 | value='MBI9170' | fill=FFFFFF00 | rows=[0] | cols=[4] | col_header=True | row_header=False | metadata=False
Cell F1 | value='MBI9476' | fill=FFFFFF00 | rows=[0] | cols=[5] | col_header=True | row_header=False | metadata=False
Cell G1 | value='MBI9517' | fill=FFFFFF00 | rows=[0] | cols=[6] | col_header=True | row_header=False | metadata=False
Cell H1 | value='MBI9755' | fill=FFFFFF00 | rows=[0] | cols=[7] | col_header=True | row_header=False | metadata=False
Cell I1 | value='MBI9857' | fill=FFFFFF00 | rows=[0] | cols=[8] | col_header=True | row_header=False | metadata=False
Cell J1 | value='MBI9915' | fill=FFFFFF00 | rows=[0] | cols=[9] | col_header=True | row_header=False | metadata=False
Cell K1 | value='MBI9749' | fill=FFFFFF00 | rows=[0] | cols=[10] | col_header=True | row_header=False | metadata=False
Cell L1 | value='MBI9913' | fill=FFFFFF00 | rows=[0] | cols=[11] | col_header=True | row_header=False | metadata=False
Cell A3 | value='name =Chr.1' | fill=FFFFFF00 | rows=[2] | cols=[0] | col_header=True | row_header=False | metadata=False
Cell A4 | value='CGR5056B' | fill=FF00B050 | rows=[3] | cols=[0] | col_header=False | row_header=True | metadata=False
Cell B4 | value='131.658117645313' | fill=9 | rows=[3] | cols=[1] | col_header=False | row_header=False | metadata=False
Cell C4 | value='A' | fill=9 | rows=[3] | cols=[2] | col_header=False | row_header=False | metadata=False
Cell D4 | value='A' | fill=9 | rows=[3] | cols=[3] | col_header=False | row_header=False | metadata=False
Cell E4 | value='B' | fill=9 | rows=[3] | cols=[4] | col_header=False | row_header=False | metadata=False
Cell F4 | value='A' | fill=9 | rows=[3] | cols=[5] | col_header=False | row_header=False | metadata=False
Cell G4 | value='A' | fill=9 | rows=[3] | cols=[6] | col_header=False | row_header=False | metadata=False
Cell H4 | value='A' | fill=9 | rows=[3] | cols=[7] | col_header=False | row_header=False | metadata=False
Cell I4 | value='A' | fill=9 | rows=[3] | cols=[8] | col_header=False | row_header=False | metadata=False
Cell J4 | value='A' | fill=9 | rows=[3] | cols=[9] | col_header=False | row_header=False | metadata=False
Cell K4 | value='A' | fill=9 | rows=[3] | cols=[10] | col_header=False | row_header=False | metadata=False
Cell L4 | value='A' | fill=9 | rows=[3] | cols=[11] | col_header=False | row_header=False | metadata=False
Cell A5 | value='NAU3901' | fill=FF00B050 | rows=[4] | cols=[0] | col_header=False | row_header=True | metadata=False
Cell B5 | value='182.216' | fill=9 | rows=[4] | cols=[1] | col_header=False | row_header=False | metadata=False
Cell C5 | value='A' | fill=9 | rows=[4] | cols=[2] | col_header=False | row_header=False | metadata=False
Cell D5 | value='A' | fill=9 | rows=[4] | cols=[3] | col_header=False | row_header=False | metadata=False
Cell E5 | value='B' | fill=9 | rows=[4] | cols=[4] | col_header=False | row_header=False | metadata=False
Cell F5 | value='A' | fill=9 | rows=[4] | cols=[5] | col_header=False | row_header=False | metadata=False
Cell G5 | value='B' | fill=9 | rows=[4] | cols=[6] | col_header=False | row_header=False | metadata=False
Cell H5 | value='B' | fill=9 | rows=[4] | cols=[7] | col_header=False | row_header=False | metadata=False
Cell I5 | value='A' | fill=9 | rows=[4] | cols=[8] | col_header=False | row_header=False | metadata=False
Cell J5 | value='A' | fill=9 | rows=[4] | cols=[9] | col_header=False | row_header=False | metadata=False
Cell K5 | value='A' | fill=9 | rows=[4] | cols=[10] | col_header=False | row_header=False | metadata=False
Cell L5 | value='A' | fill=9 | rows=[4] | cols=[11] | col_header=False | row_header=False | metadata=False
Cell A7 | value='name =Chr.2' | fill=FFFFFF00 | rows=[6] | cols=[0] | col_header=True | row_header=False | metadata=False
Cell A8 | value='HAU1475' | fill=FF00B050 | rows=[7] | cols=[0] | col_header=False | row_header=True | metadata=False
Cell B8 | value='154.416266443954' | fill=9 | rows=[7] | cols=[1] | col_header=False | row_header=False | metadata=False
Cell C8 | value='A' | fill=9 | rows=[7] | cols=[2] | col_header=False | row_header=False | metadata=False
Cell D8 | value='A' | fill=9 | rows=[7] | cols=[3] | col_header=False | row_header=False | metadata=False
Cell E8 | value='A' | fill=9 | rows=[7] | cols=[4] | col_header=False | row_header=False | metadata=False
Cell F8 | value='A' | fill=9 | rows=[7] | cols=[5] | col_header=False | row_header=False | metadata=False
Cell G8 | value='A' | fill=9 | rows=[7] | cols=[6] | col_header=False | row_header=False | metadata=False
Cell H8 | value='A' | fill=9 | rows=[7] | cols=[7] | col_header=False | row_header=False | metadata=False
Cell I8 | value='A' | fill=9 | rows=[7] | cols=[8] | col_header=False | row_header=False | metadata=False
Cell J8 | value='A' | fill=9 | rows=[7] | cols=[9] | col_header=False | row_header=False | metadata=False
Cell K8 | value='A' | fill=9 | rows=[7] | cols=[10] | col_header=False | row_header=False | metadata=False
Cell L8 | value='B' | fill=9 | rows=[7] | cols=[11] | col_header=False | row_header=False | metadata=False
Cell A9 | value='HAU3182' | fill=FF00B050 | rows=[8] | cols=[0] | col_header=False | row_header=True | metadata=False
Cell B9 | value='169.921429640393' | fill=9 | rows=[8] | cols=[1] | col_header=False | row_header=False | metadata=False
Cell C9 | value='A' | fill=9 | rows=[8] | cols=[2] | col_header=False | row_header=False | metadata=False
Cell D9 | value='A' | fill=9 | rows=[8] | cols=[3] | col_header=False | row_header=False | metadata=False
Cell E9 | value='A' | fill=9 | rows=[8] | cols=[4] | col_header=False | row_header=False | metadata=False
Cell F9 | value='A' | fill=9 | rows=[8] | cols=[5] | col_header=False | row_header=False | metadata=False
Cell G9 | value='A' | fill=9 | rows=[8] | cols=[6] | col_header=False | row_header=False | metadata=False
Cell H9 | value='A' | fill=9 | rows=[8] | cols=[7] | col_header=False | row_header=False | metadata=False
Cell I9 | value='A' | fill=9 | rows=[8] | cols=[8] | col_header=False | row_header=False | metadata=False
Cell J9 | value='H' | fill=9 | rows=[8] | cols=[9] | col_header=False | row_header=False | metadata=False
Cell K9 | value='A' | fill=9 | rows=[8] | cols=[10] | col_header=False | row_header=False | metadata=False
Cell L9 | value='A' | fill=9 | rows=[8] | cols=[11] | col_header=False | row_header=False | metadata=False
Cell A10 | value='NAU2277' | fill=FF00B050 | rows=[9] | cols=[0] | col_header=False | row_header=True | metadata=False
Cell B10 | value='178.82' | fill=9 | rows=[9] | cols=[1] | col_header=False | row_header=False | metadata=False
Cell C10 | value='A' | fill=9 | rows=[9] | cols=[2] | col_header=False | row_header=False | metadata=False
Cell D10 | value='A' | fill=9 | rows=[9] | cols=[3] | col_header=False | row_header=False | metadata=False
Cell E10 | value='A' | fill=9 | rows=[9] | cols=[4] | col_header=False | row_header=False | metadata=False
Cell F10 | value='A' | fill=9 | rows=[9] | cols=[5] | col_header=False | row_header=False | metadata=False
Cell G10 | value='B' | fill=9 | rows=[9] | cols=[6] | col_header=False | row_header=False | metadata=False
Cell H10 | value='A' | fill=9 | rows=[9] | cols=[7] | col_header=False | row_header=False | metadata=False
Cell I10 | value='A' | fill=9 | rows=[9] | cols=[8] | col_header=False | row_header=False | metadata=False
Cell J10 | value='H' | fill=9 | rows=[9] | cols=[9] | col_header=False | row_header=False | metadata=False
Cell K10 | value='A' | fill=9 | rows=[9] | cols=[10] | col_header=False | row_header=False | metadata=False
Cell L10 | value='A' | fill=9 | rows=[9] | cols=[11] | col_header=False | row_header=False | metadata=False
Cell A12 | value='name =Chr.3' | fill=FFFFFF00 | rows=[11] | cols=[0] | col_header=True | row_header=False | metadata=False
Cell A13 | value='MUSB0087' | fill=FF00B050 | rows=[12] | cols=[0] | col_header=False | row_header=True | metadata=False
Cell B13 | value='93.6983830195554' | fill=9 | rows=[12] | cols=[1] | col_header=False | row_header=False | metadata=False
Cell C13 | value='A' | fill=9 | rows=[12] | cols=[2] | col_header=False | row_header=False | metadata=False
Cell D13 | value='A' | fill=9 | rows=[12] | cols=[3] | col_header=False | row_header=False | metadata=False
Cell E13 | value='A' | fill=9 | rows=[12] | cols=[4] | col_header=False | row_header=False | metadata=False
Cell F13 | value='B' | fill=9 | rows=[12] | cols=[5] | col_header=False | row_header=False | metadata=False
Cell G13 | value='A' | fill=9 | rows=[12] | cols=[6] | col_header=False | row_header=False | metadata=False
Cell H13 | value='A' | fill=9 | rows=[12] | cols=[7] | col_header=False | row_header=False | metadata=False
Cell I13 | value='A' | fill=9 | rows=[12] | cols=[8] | col_header=False | row_header=False | metadata=False
Cell J13 | value='A' | fill=9 | rows=[12] | cols=[9] | col_header=False | row_header=False | metadata=False
Cell K13 | value='A' | fill=9 | rows=[12] | cols=[10] | col_header=False | row_header=False | metadata=False
Cell L13 | value='A' | fill=9 | rows=[12] | cols=[11] | col_header=False | row_header=False | metadata=False
Cell A14 | value='HAU1022' | fill=FF00B050 | rows=[13] | cols=[0] | col_header=False | row_header=True | metadata=False
Cell B14 | value='105.285146758437' | fill=9 | rows=[13] | cols=[1] | col_header=False | row_header=False | metadata=False
Cell C14 | value='A' | fill=9 | rows=[13] | cols=[2] | col_header=False | row_header=False | metadata=False
Cell D14 | value='A' | fill=9 | rows=[13] | cols=[3] | col_header=False | row_header=False | metadata=False
Cell E14 | value='A' | fill=9 | rows=[13] | cols=[4] | col_header=False | row_header=False | metadata=False
Cell F14 | value='H' | fill=9 | rows=[13] | cols=[5] | col_header=False | row_header=False | metadata=False
Cell G14 | value='A' | fill=9 | rows=[13] | cols=[6] | col_header=False | row_header=False | metadata=False
Cell H14 | value='A' | fill=9 | rows=[13] | cols=[7] | col_header=False | row_header=False | metadata=False
Cell I14 | value='A' | fill=9 | rows=[13] | cols=[8] | col_header=False | row_header=False | metadata=False
Cell J14 | value='A' | fill=9 | rows=[13] | cols=[9] | col_header=False | row_header=False | metadata=False
Cell K14 | value='A' | fill=9 | rows=[13] | cols=[10] | col_header=False | row_header=False | metadata=False
Cell L14 | value='A' | fill=9 | rows=[13] | cols=[11] | col_header=False | row_header=False | metadata=False
Cell A15 | value='HAU0195B' | fill=FF00B050 | rows=[14] | cols=[0] | col_header=False | row_header=True | metadata=False
Cell B15 | value='114.401830756038' | fill=9 | rows=[14] | cols=[1] | col_header=False | row_header=False | metadata=False
Cell C15 | value='A' | fill=9 | rows=[14] | cols=[2] | col_header=False | row_header=False | metadata=False
Cell D15 | value='A' | fill=9 | rows=[14] | cols=[3] | col_header=False | row_header=False | metadata=False
Cell E15 | value='A' | fill=9 | rows=[14] | cols=[4] | col_header=False | row_header=False | metadata=False
Cell F15 | value='B' | fill=9 | rows=[14] | cols=[5] | col_header=False | row_header=False | metadata=False
Cell G15 | value='A' | fill=9 | rows=[14] | cols=[6] | col_header=False | row_header=False | metadata=False
Cell H15 | value='A' | fill=9 | rows=[14] | cols=[7] | col_header=False | row_header=False | metadata=False
Cell I15 | value='B' | fill=9 | rows=[14] | cols=[8] | col_header=False | row_header=False | metadata=False
Cell J15 | value='A' | fill=9 | rows=[14] | cols=[9] | col_header=False | row_header=False | metadata=False
Cell K15 | value='A' | fill=9 | rows=[14] | cols=[10] | col_header=False | row_header=False | metadata=False
Cell L15 | value='A' | fill=9 | rows=[14] | cols=[11] | col_header=False | row_header=False | metadata=False
Cell A17 | value='name =Chr.4' | fill=FFFFFF00 | rows=[16] | cols=[0] | col_header=True | row_header=False | metadata=False
Cell A18 | value='MUSB0264' | fill=FF00B050 | rows=[17] | cols=[0] | col_header=False | row_header=True | metadata=False
Cell B18 | value='6.40358213497495' | fill=9 | rows=[17] | cols=[1] | col_header=False | row_header=False | metadata=False
Cell C18 | value='A' | fill=9 | rows=[17] | cols=[2] | col_header=False | row_header=False | metadata=False
Cell D18 | value='A' | fill=9 | rows=[17] | cols=[3] | col_header=False | row_header=False | metadata=False
Cell E18 | value='B' | fill=9 | rows=[17] | cols=[4] | col_header=False | row_header=False | metadata=False
Cell F18 | value='A' | fill=9 | rows=[17] | cols=[5] | col_header=False | row_header=False | metadata=False
Cell G18 | value='A' | fill=9 | rows=[17] | cols=[6] | col_header=False | row_header=False | metadata=False
Cell H18 | value='A' | fill=9 | rows=[17] | cols=[7] | col_header=False | row_header=False | metadata=False
Cell I18 | value='A' | fill=9 | rows=[17] | cols=[8] | col_header=False | row_header=False | metadata=False
Cell J18 | value='A' | fill=9 | rows=[17] | cols=[9] | col_header=False | row_header=False | metadata=False
Cell K18 | value='A' | fill=9 | rows=[17] | cols=[10] | col_header=False | row_header=False | metadata=False
Cell L18 | value='A' | fill=9 | rows=[17] | cols=[11] | col_header=False | row_header=False | metadata=False
Cell A20 | value='name =Chr.5' | fill=FFFFFF00 | rows=[19] | cols=[0] | col_header=True | row_header=False | metadata=False
Cell A21 | value='NAU3036' | fill=FF00B050 | rows=[20] | cols=[0] | col_header=False | row_header=True | metadata=False
Cell B21 | value='197.409134525282' | fill=9 | rows=[20] | cols=[1] | col_header=False | row_header=False | metadata=False
Cell C21 | value='A' | fill=9 | rows=[20] | cols=[2] | col_header=False | row_header=False | metadata=False
Cell D21 | value='A' | fill=9 | rows=[20] | cols=[3] | col_header=False | row_header=False | metadata=False
Cell E21 | value='A' | fill=9 | rows=[20] | cols=[4] | col_header=False | row_header=False | metadata=False
Cell F21 | value='A' | fill=9 | rows=[20] | cols=[5] | col_header=False | row_header=False | metadata=False
Cell G21 | value='H' | fill=9 | rows=[20] | cols=[6] | col_header=False | row_header=False | metadata=False
Cell H21 | value='A' | fill=9 | rows=[20] | cols=[7] | col_header=False | row_header=False | metadata=False
Cell I21 | value='A' | fill=9 | rows=[20] | cols=[8] | col_header=False | row_header=False | metadata=False
Cell J21 | value='A' | fill=9 | rows=[20] | cols=[9] | col_header=False | row_header=False | metadata=False
Cell K21 | value='A' | fill=9 | rows=[20] | cols=[10] | col_header=False | row_header=False | metadata=False
Cell L21 | value='A' | fill=9 | rows=[20] | cols=[11] | col_header=False | row_header=False | metadata=False
Cell A22 | value='NAU3824A' | fill=FF00B050 | rows=[21] | cols=[0] | col_header=False | row_header=True | metadata=False
Cell B22 | value='158.085520569086' | fill=9 | rows=[21] | cols=[1] | col_header=False | row_header=False | metadata=False
Cell C22 | value='A' | fill=9 | rows=[21] | cols=[2] | col_header=False | row_header=False | metadata=False
Cell D22 | value='A' | fill=9 | rows=[21] | cols=[3] | col_header=False | row_header=False | metadata=False
Cell E22 | value='B' | fill=9 | rows=[21] | cols=[4] | col_header=False | row_header=False | metadata=False
Cell F22 | value='A' | fill=9 | rows=[21] | cols=[5] | col_header=False | row_header=False | metadata=False
Cell G22 | value='A' | fill=9 | rows=[21] | cols=[6] | col_header=False | row_header=False | metadata=False
Cell H22 | value='A' | fill=9 | rows=[21] | cols=[7] | col_header=False | row_header=False | metadata=False
Cell I22 | value='A' | fill=9 | rows=[21] | cols=[8] | col_header=False | row_header=False | metadata=False
Cell J22 | value='A' | fill=9 | rows=[21] | cols=[9] | col_header=False | row_header=False | metadata=False
Cell K22 | value='A' | fill=9 | rows=[21] | cols=[10] | col_header=False | row_header=False | metadata=False
Cell L22 | value='A' | fill=9 | rows=[21] | cols=[11] | col_header=False | row_header=False | metadata=False
Cell A23 | value='GH594' | fill=FF00B050 | rows=[22] | cols=[0] | col_header=False | row_header=True | metadata=False
Cell B23 | value='149.205372725108' | fill=9 | rows=[22] | cols=[1] | col_header=False | row_header=False | metadata=False
Cell C23 | value='A' | fill=9 | rows=[22] | cols=[2] | col_header=False | row_header=False | metadata=False
Cell D23 | value='B' | fill=9 | rows=[22] | cols=[3] | col_header=False | row_header=False | metadata=False
Cell E23 | value='A' | fill=9 | rows=[22] | cols=[4] | col_header=False | row_header=False | metadata=False
Cell F23 | value='A' | fill=9 | rows=[22] | cols=[5] | col_header=False | row_header=False | metadata=False
Cell G23 | value='A' | fill=9 | rows=[22] | cols=[6] | col_header=False | row_header=False | metadata=False
Cell H23 | value='A' | fill=9 | rows=[22] | cols=[7] | col_header=False | row_header=False | metadata=False
Cell I23 | value='A' | fill=9 | rows=[22] | cols=[8] | col_header=False | row_header=False | metadata=False
Cell J23 | value='A' | fill=9 | rows=[22] | cols=[9] | col_header=False | row_header=False | metadata=False
Cell K23 | value='A' | fill=9 | rows=[22] | cols=[10] | col_header=False | row_header=False | metadata=False
Cell L23 | value='A' | fill=9 | rows=[22] | cols=[11] | col_header=False | row_header=False | metadata=False
Cell A24 | value='NAU2957' | fill=FF00B050 | rows=[23] | cols=[0] | col_header=False | row_header=True | metadata=False
Cell B24 | value='141.275259574053' | fill=9 | rows=[23] | cols=[1] | col_header=False | row_header=False | metadata=False
Cell C24 | value='A' | fill=9 | rows=[23] | cols=[2] | col_header=False | row_header=False | metadata=False
Cell D24 | value='A' | fill=9 | rows=[23] | cols=[3] | col_header=False | row_header=False | metadata=False
Cell E24 | value='A' | fill=9 | rows=[23] | cols=[4] | col_header=False | row_header=False | metadata=False
Cell F24 | value='A' | fill=9 | rows=[23] | cols=[5] | col_header=False | row_header=False | metadata=False
Cell G24 | value='H' | fill=9 | rows=[23] | cols=[6] | col_header=False | row_header=False | metadata=False
Cell H24 | value='A' | fill=9 | rows=[23] | cols=[7] | col_header=False | row_header=False | metadata=False
Cell I24 | value='B' | fill=9 | rows=[23] | cols=[8] | col_header=False | row_header=False | metadata=False
Cell J24 | value='A' | fill=9 | rows=[23] | cols=[9] | col_header=False | row_header=False | metadata=False
Cell K24 | value='A' | fill=9 | rows=[23] | cols=[10] | col_header=False | row_header=False | metadata=False
Cell L24 | value='B' | fill=9 | rows=[23] | cols=[11] | col_header=False | row_header=False | metadata=False
Cell A26 | value='name =Chr.7' | fill=FFFFFF00 | rows=[25] | cols=[0] | col_header=True | row_header=False | metadata=False
Cell A27 | value='HAU1367' | fill=FF00B050 | rows=[26] | cols=[0] | col_header=False | row_header=True | metadata=False
Cell B27 | value='38.0995676726391' | fill=9 | rows=[26] | cols=[1] | col_header=False | row_header=False | metadata=False
Cell C27 | value='A' | fill=9 | rows=[26] | cols=[2] | col_header=False | row_header=False | metadata=False
Cell D27 | value='A' | fill=9 | rows=[26] | cols=[3] | col_header=False | row_header=False | metadata=False
Cell E27 | value='B' | fill=9 | rows=[26] | cols=[4] | col_header=False | row_header=False | metadata=False
Cell F27 | value='A' | fill=9 | rows=[26] | cols=[5] | col_header=False | row_header=False | metadata=False
Cell G27 | value='H' | fill=9 | rows=[26] | cols=[6] | col_header=False | row_header=False | metadata=False
Cell H27 | value='A' | fill=9 | rows=[26] | cols=[7] | col_header=False | row_header=False | metadata=False
Cell I27 | value='A' | fill=9 | rows=[26] | cols=[8] | col_header=False | row_header=False | metadata=False
Cell J27 | value='A' | fill=9 | rows=[26] | cols=[9] | col_header=False | row_header=False | metadata=False
Cell K27 | value='A' | fill=9 | rows=[26] | cols=[10] | col_header=False | row_header=False | metadata=False
Cell L27 | value='A' | fill=9 | rows=[26] | cols=[11] | col_header=False | row_header=False | metadata=False
Cell A28 | value='NAU2002' | fill=FF00B050 | rows=[27] | cols=[0] | col_header=False | row_header=True | metadata=False
Cell B28 | value='85.0586904288196' | fill=9 | rows=[27] | cols=[1] | col_header=False | row_header=False | metadata=False
Cell C28 | value='A' | fill=9 | rows=[27] | cols=[2] | col_header=False | row_header=False | metadata=False
Cell D28 | value='A' | fill=9 | rows=[27] | cols=[3] | col_header=False | row_header=False | metadata=False
Cell E28 | value='A' | fill=9 | rows=[27] | cols=[4] | col_header=False | row_header=False | metadata=False
Cell F28 | value='A' | fill=9 | rows=[27] | cols=[5] | col_header=False | row_header=False | metadata=False
Cell G28 | value='B' | fill=9 | rows=[27] | cols=[6] | col_header=False | row_header=False | metadata=False
Cell H28 | value='A' | fill=9 | rows=[27] | cols=[7] | col_header=False | row_header=False | metadata=False
Cell I28 | value='A' | fill=9 | rows=[27] | cols=[8] | col_header=False | row_header=False | metadata=False
Cell J28 | value='A' | fill=9 | rows=[27] | cols=[9] | col_header=False | row_header=False | metadata=False
Cell K28 | value='A' | fill=9 | rows=[27] | cols=[10] | col_header=False | row_header=False | metadata=False
Cell L28 | value='A' | fill=9 | rows=[27] | cols=[11] | col_header=False | row_header=False | metadata=False
Cell A29 | value='NAU1085' | fill=FF00B050 | rows=[28] | cols=[0] | col_header=False | row_header=True | metadata=False
Cell B29 | value='92.2442102490229' | fill=9 | rows=[28] | cols=[1] | col_header=False | row_header=False | metadata=False
Cell C29 | value='A' | fill=9 | rows=[28] | cols=[2] | col_header=False | row_header=False | metadata=False
Cell D29 | value='A' | fill=9 | rows=[28] | cols=[3] | col_header=False | row_header=False | metadata=False
Cell E29 | value='A' | fill=9 | rows=[28] | cols=[4] | col_header=False | row_header=False | metadata=False
Cell F29 | value='A' | fill=9 | rows=[28] | cols=[5] | col_header=False | row_header=False | metadata=False
Cell G29 | value='A' | fill=9 | rows=[28] | cols=[6] | col_header=False | row_header=False | metadata=False
Cell H29 | value='A' | fill=9 | rows=[28] | cols=[7] | col_header=False | row_header=False | metadata=False
Cell I29 | value='H' | fill=9 | rows=[28] | cols=[8] | col_header=False | row_header=False | metadata=False
Cell J29 | value='B' | fill=9 | rows=[28] | cols=[9] | col_header=False | row_header=False | metadata=False
Cell K29 | value='A' | fill=9 | rows=[28] | cols=[10] | col_header=False | row_header=False | metadata=False
Cell L29 | value='A' | fill=9 | rows=[28] | cols=[11] | col_header=False | row_header=False | metadata=False
Cell A30 | value='PGML03933' | fill=FF00B050 | rows=[29] | cols=[0] | col_header=False | row_header=True | metadata=False
Cell B30 | value='148.044599069128' | fill=9 | rows=[29] | cols=[1] | col_header=False | row_header=False | metadata=False
Cell C30 | value='A' | fill=9 | rows=[29] | cols=[2] | col_header=False | row_header=False | metadata=False
Cell D30 | value='A' | fill=9 | rows=[29] | cols=[3] | col_header=False | row_header=False | metadata=False
Cell E30 | value='A' | fill=9 | rows=[29] | cols=[4] | col_header=False | row_header=False | metadata=False
Cell F30 | value='A' | fill=9 | rows=[29] | cols=[5] | col_header=False | row_header=False | metadata=False
Cell G30 | value='A' | fill=9 | rows=[29] | cols=[6] | col_header=False | row_header=False | metadata=False
Cell H30 | value='H' | fill=9 | rows=[29] | cols=[7] | col_header=False | row_header=False | metadata=False
Cell I30 | value='A' | fill=9 | rows=[29] | cols=[8] | col_header=False | row_header=False | metadata=False
Cell J30 | value='A' | fill=9 | rows=[29] | cols=[9] | col_header=False | row_header=False | metadata=False
Cell K30 | value='A' | fill=9 | rows=[29] | cols=[10] | col_header=False | row_header=False | metadata=False
Cell L30 | value='A' | fill=9 | rows=[29] | cols=[11] | col_header=False | row_header=False | metadata=False

=== science-table55.xlsx ===
Cell A1 | value='alias' | fill=FFFFFF00 | rows=[0] | cols=[0] | col_header=True | row_header=True | metadata=False
Cell B1 | value='position' | fill=FFFFFF00 | rows=[0] | cols=[1] | col_header=True | row_header=False | metadata=False
Cell C1 | value='MBI9045' | fill=FFFFFF00 | rows=[0] | cols=[2] | col_header=True | row_header=False | metadata=False
Cell D1 | value='MBI9134' | fill=FFFFFF00 | rows=[0] | cols=[3] | col_header=True | row_header=False | metadata=False
Cell E1 | value='MBI9170' | fill=FFFFFF00 | rows=[0] | cols=[4] | col_header=True | row_header=False | metadata=False
Cell F1 | value='MBI9476' | fill=FFFFFF00 | rows=[0] | cols=[5] | col_header=True | row_header=False | metadata=False
Cell G1 | value='MBI9517' | fill=FFFFFF00 | rows=[0] | cols=[6] | col_header=True | row_header=False | metadata=False
Cell H1 | value='MBI9755' | fill=FFFFFF00 | rows=[0] | cols=[7] | col_header=True | row_header=False | metadata=False
Cell I1 | value='MBI9857' | fill=FFFFFF00 | rows=[0] | cols=[8] | col_header=True | row_header=False | metadata=False
Cell J1 | value='MBI9915' | fill=FFFFFF00 | rows=[0] | cols=[9] | col_header=True | row_header=False | metadata=False
Cell K1 | value='MBI9749' | fill=FFFFFF00 | rows=[0] | cols=[10] | col_header=True | row_header=False | metadata=False
Cell L1 | value='MBI9913' | fill=FFFFFF00 | rows=[0] | cols=[11] | col_header=True | row_header=False | metadata=False
Cell A3 | value='name =Chr.1' | fill=FFFFFF00 | rows=[2] | cols=[0] | col_header=True | row_header=False | metadata=False
Cell A4 | value='CGR5056B' | fill=FF00B050 | rows=[3] | cols=[0] | col_header=False | row_header=True | metadata=False
Cell B4 | value='131.658117645313' | fill=9 | rows=[3] | cols=[1] | col_header=False | row_header=False | metadata=False
Cell C4 | value='A' | fill=9 | rows=[3] | cols=[2] | col_header=False | row_header=False | metadata=False
Cell D4 | value='A' | fill=9 | rows=[3] | cols=[3] | col_header=False | row_header=False | metadata=False
Cell E4 | value='B' | fill=9 | rows=[3] | cols=[4] | col_header=False | row_header=False | metadata=False
Cell F4 | value='A' | fill=9 | rows=[3] | cols=[5] | col_header=False | row_header=False | metadata=False
Cell G4 | value='A' | fill=9 | rows=[3] | cols=[6] | col_header=False | row_header=False | metadata=False
Cell H4 | value='A' | fill=9 | rows=[3] | cols=[7] | col_header=False | row_header=False | metadata=False
Cell I4 | value='A' | fill=9 | rows=[3] | cols=[8] | col_header=False | row_header=False | metadata=False
Cell J4 | value='A' | fill=9 | rows=[3] | cols=[9] | col_header=False | row_header=False | metadata=False
Cell K4 | value='A' | fill=9 | rows=[3] | cols=[10] | col_header=False | row_header=False | metadata=False
Cell L4 | value='A' | fill=9 | rows=[3] | cols=[11] | col_header=False | row_header=False | metadata=False
Cell A5 | value='NAU3901' | fill=FF00B050 | rows=[4] | cols=[0] | col_header=False | row_header=True | metadata=False
Cell B5 | value='182.216' | fill=9 | rows=[4] | cols=[1] | col_header=False | row_header=False | metadata=False
Cell C5 | value='A' | fill=9 | rows=[4] | cols=[2] | col_header=False | row_header=False | metadata=False
Cell D5 | value='A' | fill=9 | rows=[4] | cols=[3] | col_header=False | row_header=False | metadata=False
Cell E5 | value='B' | fill=9 | rows=[4] | cols=[4] | col_header=False | row_header=False | metadata=False
Cell F5 | value='A' | fill=9 | rows=[4] | cols=[5] | col_header=False | row_header=False | metadata=False
Cell G5 | value='B' | fill=9 | rows=[4] | cols=[6] | col_header=False | row_header=False | metadata=False
Cell H5 | value='B' | fill=9 | rows=[4] | cols=[7] | col_header=False | row_header=False | metadata=False
Cell I5 | value='A' | fill=9 | rows=[4] | cols=[8] | col_header=False | row_header=False | metadata=False
Cell J5 | value='A' | fill=9 | rows=[4] | cols=[9] | col_header=False | row_header=False | metadata=False
Cell K5 | value='A' | fill=9 | rows=[4] | cols=[10] | col_header=False | row_header=False | metadata=False
Cell L5 | value='A' | fill=9 | rows=[4] | cols=[11] | col_header=False | row_header=False | metadata=False
Cell A7 | value='name =Chr.2' | fill=FFFFFF00 | rows=[6] | cols=[0] | col_header=True | row_header=False | metadata=False
Cell A8 | value='HAU1475' | fill=FF00B050 | rows=[7] | cols=[0] | col_header=False | row_header=True | metadata=False
Cell B8 | value='154.416266443954' | fill=9 | rows=[7] | cols=[1] | col_header=False | row_header=False | metadata=False
Cell C8 | value='A' | fill=9 | rows=[7] | cols=[2] | col_header=False | row_header=False | metadata=False
Cell D8 | value='A' | fill=9 | rows=[7] | cols=[3] | col_header=False | row_header=False | metadata=False
Cell E8 | value='A' | fill=9 | rows=[7] | cols=[4] | col_header=False | row_header=False | metadata=False
Cell F8 | value='A' | fill=9 | rows=[7] | cols=[5] | col_header=False | row_header=False | metadata=False
Cell G8 | value='A' | fill=9 | rows=[7] | cols=[6] | col_header=False | row_header=False | metadata=False
Cell H8 | value='A' | fill=9 | rows=[7] | cols=[7] | col_header=False | row_header=False | metadata=False
Cell I8 | value='A' | fill=9 | rows=[7] | cols=[8] | col_header=False | row_header=False | metadata=False
Cell J8 | value='A' | fill=9 | rows=[7] | cols=[9] | col_header=False | row_header=False | metadata=False
Cell K8 | value='A' | fill=9 | rows=[7] | cols=[10] | col_header=False | row_header=False | metadata=False
Cell L8 | value='B' | fill=9 | rows=[7] | cols=[11] | col_header=False | row_header=False | metadata=False
Cell A9 | value='HAU3182' | fill=FF00B050 | rows=[8] | cols=[0] | col_header=False | row_header=True | metadata=False
Cell B9 | value='169.921429640393' | fill=9 | rows=[8] | cols=[1] | col_header=False | row_header=False | metadata=False
Cell C9 | value='A' | fill=9 | rows=[8] | cols=[2] | col_header=False | row_header=False | metadata=False
Cell D9 | value='A' | fill=9 | rows=[8] | cols=[3] | col_header=False | row_header=False | metadata=False
Cell E9 | value='A' | fill=9 | rows=[8] | cols=[4] | col_header=False | row_header=False | metadata=False
Cell F9 | value='A' | fill=9 | rows=[8] | cols=[5] | col_header=False | row_header=False | metadata=False
Cell G9 | value='A' | fill=9 | rows=[8] | cols=[6] | col_header=False | row_header=False | metadata=False
Cell H9 | value='A' | fill=9 | rows=[8] | cols=[7] | col_header=False | row_header=False | metadata=False
Cell I9 | value='A' | fill=9 | rows=[8] | cols=[8] | col_header=False | row_header=False | metadata=False
Cell J9 | value='H' | fill=9 | rows=[8] | cols=[9] | col_header=False | row_header=False | metadata=False
Cell K9 | value='A' | fill=9 | rows=[8] | cols=[10] | col_header=False | row_header=False | metadata=False
Cell L9 | value='A' | fill=9 | rows=[8] | cols=[11] | col_header=False | row_header=False | metadata=False
Cell A10 | value='NAU2277' | fill=FF00B050 | rows=[9] | cols=[0] | col_header=False | row_header=True | metadata=False
Cell B10 | value='178.82' | fill=9 | rows=[9] | cols=[1] | col_header=False | row_header=False | metadata=False
Cell C10 | value='A' | fill=9 | rows=[9] | cols=[2] | col_header=False | row_header=False | metadata=False
Cell D10 | value='A' | fill=9 | rows=[9] | cols=[3] | col_header=False | row_header=False | metadata=False
Cell E10 | value='A' | fill=9 | rows=[9] | cols=[4] | col_header=False | row_header=False | metadata=False
Cell F10 | value='A' | fill=9 | rows=[9] | cols=[5] | col_header=False | row_header=False | metadata=False
Cell G10 | value='B' | fill=9 | rows=[9] | cols=[6] | col_header=False | row_header=False | metadata=False
Cell H10 | value='A' | fill=9 | rows=[9] | cols=[7] | col_header=False | row_header=False | metadata=False
Cell I10 | value='A' | fill=9 | rows=[9] | cols=[8] | col_header=False | row_header=False | metadata=False
Cell J10 | value='H' | fill=9 | rows=[9] | cols=[9] | col_header=False | row_header=False | metadata=False
Cell K10 | value='A' | fill=9 | rows=[9] | cols=[10] | col_header=False | row_header=False | metadata=False
Cell L10 | value='A' | fill=9 | rows=[9] | cols=[11] | col_header=False | row_header=False | metadata=False
Cell A12 | value='name =Chr.3' | fill=FFFFFF00 | rows=[11] | cols=[0] | col_header=True | row_header=False | metadata=False
Cell A13 | value='MUSB0087' | fill=FF00B050 | rows=[12] | cols=[0] | col_header=False | row_header=True | metadata=False
Cell B13 | value='93.6983830195554' | fill=9 | rows=[12] | cols=[1] | col_header=False | row_header=False | metadata=False
Cell C13 | value='A' | fill=9 | rows=[12] | cols=[2] | col_header=False | row_header=False | metadata=False
Cell D13 | value='A' | fill=9 | rows=[12] | cols=[3] | col_header=False | row_header=False | metadata=False
Cell E13 | value='A' | fill=9 | rows=[12] | cols=[4] | col_header=False | row_header=False | metadata=False
Cell F13 | value='B' | fill=9 | rows=[12] | cols=[5] | col_header=False | row_header=False | metadata=False
Cell G13 | value='A' | fill=9 | rows=[12] | cols=[6] | col_header=False | row_header=False | metadata=False
Cell H13 | value='A' | fill=9 | rows=[12] | cols=[7] | col_header=False | row_header=False | metadata=False
Cell I13 | value='A' | fill=9 | rows=[12] | cols=[8] | col_header=False | row_header=False | metadata=False
Cell J13 | value='A' | fill=9 | rows=[12] | cols=[9] | col_header=False | row_header=False | metadata=False
Cell K13 | value='A' | fill=9 | rows=[12] | cols=[10] | col_header=False | row_header=False | metadata=False
Cell L13 | value='A' | fill=9 | rows=[12] | cols=[11] | col_header=False | row_header=False | metadata=False
Cell A14 | value='HAU1022' | fill=FF00B050 | rows=[13] | cols=[0] | col_header=False | row_header=True | metadata=False
Cell B14 | value='105.285146758437' | fill=9 | rows=[13] | cols=[1] | col_header=False | row_header=False | metadata=False
Cell C14 | value='A' | fill=9 | rows=[13] | cols=[2] | col_header=False | row_header=False | metadata=False
Cell D14 | value='A' | fill=9 | rows=[13] | cols=[3] | col_header=False | row_header=False | metadata=False
Cell E14 | value='A' | fill=9 | rows=[13] | cols=[4] | col_header=False | row_header=False | metadata=False
Cell F14 | value='H' | fill=9 | rows=[13] | cols=[5] | col_header=False | row_header=False | metadata=False
Cell G14 | value='A' | fill=9 | rows=[13] | cols=[6] | col_header=False | row_header=False | metadata=False
Cell H14 | value='A' | fill=9 | rows=[13] | cols=[7] | col_header=False | row_header=False | metadata=False
Cell I14 | value='A' | fill=9 | rows=[13] | cols=[8] | col_header=False | row_header=False | metadata=False
Cell J14 | value='A' | fill=9 | rows=[13] | cols=[9] | col_header=False | row_header=False | metadata=False
Cell K14 | value='A' | fill=9 | rows=[13] | cols=[10] | col_header=False | row_header=False | metadata=False
Cell L14 | value='A' | fill=9 | rows=[13] | cols=[11] | col_header=False | row_header=False | metadata=False
Cell A15 | value='HAU0195B' | fill=FF00B050 | rows=[14] | cols=[0] | col_header=False | row_header=True | metadata=False
Cell B15 | value='114.401830756038' | fill=9 | rows=[14] | cols=[1] | col_header=False | row_header=False | metadata=False
Cell C15 | value='A' | fill=9 | rows=[14] | cols=[2] | col_header=False | row_header=False | metadata=False
Cell D15 | value='A' | fill=9 | rows=[14] | cols=[3] | col_header=False | row_header=False | metadata=False
Cell E15 | value='A' | fill=9 | rows=[14] | cols=[4] | col_header=False | row_header=False | metadata=False
Cell F15 | value='B' | fill=9 | rows=[14] | cols=[5] | col_header=False | row_header=False | metadata=False
Cell G15 | value='A' | fill=9 | rows=[14] | cols=[6] | col_header=False | row_header=False | metadata=False
Cell H15 | value='A' | fill=9 | rows=[14] | cols=[7] | col_header=False | row_header=False | metadata=False
Cell I15 | value='B' | fill=9 | rows=[14] | cols=[8] | col_header=False | row_header=False | metadata=False
Cell J15 | value='A' | fill=9 | rows=[14] | cols=[9] | col_header=False | row_header=False | metadata=False
Cell K15 | value='A' | fill=9 | rows=[14] | cols=[10] | col_header=False | row_header=False | metadata=False
Cell L15 | value='A' | fill=9 | rows=[14] | cols=[11] | col_header=False | row_header=False | metadata=False
Cell A17 | value='name =Chr.4' | fill=FFFFFF00 | rows=[16] | cols=[0] | col_header=True | row_header=False | metadata=False
Cell A18 | value='MUSB0264' | fill=FF00B050 | rows=[17] | cols=[0] | col_header=False | row_header=True | metadata=False
Cell B18 | value='6.40358213497495' | fill=9 | rows=[17] | cols=[1] | col_header=False | row_header=False | metadata=False
Cell C18 | value='A' | fill=9 | rows=[17] | cols=[2] | col_header=False | row_header=False | metadata=False
Cell D18 | value='A' | fill=9 | rows=[17] | cols=[3] | col_header=False | row_header=False | metadata=False
Cell E18 | value='B' | fill=9 | rows=[17] | cols=[4] | col_header=False | row_header=False | metadata=False
Cell F18 | value='A' | fill=9 | rows=[17] | cols=[5] | col_header=False | row_header=False | metadata=False
Cell G18 | value='A' | fill=9 | rows=[17] | cols=[6] | col_header=False | row_header=False | metadata=False
Cell H18 | value='A' | fill=9 | rows=[17] | cols=[7] | col_header=False | row_header=False | metadata=False
Cell I18 | value='A' | fill=9 | rows=[17] | cols=[8] | col_header=False | row_header=False | metadata=False
Cell J18 | value='A' | fill=9 | rows=[17] | cols=[9] | col_header=False | row_header=False | metadata=False
Cell K18 | value='A' | fill=9 | rows=[17] | cols=[10] | col_header=False | row_header=False | metadata=False
Cell L18 | value='A' | fill=9 | rows=[17] | cols=[11] | col_header=False | row_header=False | metadata=False
Cell A20 | value='name =Chr.5' | fill=FFFFFF00 | rows=[19] | cols=[0] | col_header=True | row_header=False | metadata=False
Cell A21 | value='NAU3036' | fill=FF00B050 | rows=[20] | cols=[0] | col_header=False | row_header=True | metadata=False
Cell B21 | value='197.409134525282' | fill=9 | rows=[20] | cols=[1] | col_header=False | row_header=False | metadata=False
Cell C21 | value='A' | fill=9 | rows=[20] | cols=[2] | col_header=False | row_header=False | metadata=False
Cell D21 | value='A' | fill=9 | rows=[20] | cols=[3] | col_header=False | row_header=False | metadata=False
Cell E21 | value='A' | fill=9 | rows=[20] | cols=[4] | col_header=False | row_header=False | metadata=False
Cell F21 | value='A' | fill=9 | rows=[20] | cols=[5] | col_header=False | row_header=False | metadata=False
Cell G21 | value='H' | fill=9 | rows=[20] | cols=[6] | col_header=False | row_header=False | metadata=False
Cell H21 | value='A' | fill=9 | rows=[20] | cols=[7] | col_header=False | row_header=False | metadata=False
Cell I21 | value='A' | fill=9 | rows=[20] | cols=[8] | col_header=False | row_header=False | metadata=False
Cell J21 | value='A' | fill=9 | rows=[20] | cols=[9] | col_header=False | row_header=False | metadata=False
Cell K21 | value='A' | fill=9 | rows=[20] | cols=[10] | col_header=False | row_header=False | metadata=False
Cell L21 | value='A' | fill=9 | rows=[20] | cols=[11] | col_header=False | row_header=False | metadata=False
Cell A22 | value='NAU3824A' | fill=FF00B050 | rows=[21] | cols=[0] | col_header=False | row_header=True | metadata=False
Cell B22 | value='158.085520569086' | fill=9 | rows=[21] | cols=[1] | col_header=False | row_header=False | metadata=False
Cell C22 | value='A' | fill=9 | rows=[21] | cols=[2] | col_header=False | row_header=False | metadata=False
Cell D22 | value='A' | fill=9 | rows=[21] | cols=[3] | col_header=False | row_header=False | metadata=False
Cell E22 | value='B' | fill=9 | rows=[21] | cols=[4] | col_header=False | row_header=False | metadata=False
Cell F22 | value='A' | fill=9 | rows=[21] | cols=[5] | col_header=False | row_header=False | metadata=False
Cell G22 | value='A' | fill=9 | rows=[21] | cols=[6] | col_header=False | row_header=False | metadata=False
Cell H22 | value='A' | fill=9 | rows=[21] | cols=[7] | col_header=False | row_header=False | metadata=False
Cell I22 | value='A' | fill=9 | rows=[21] | cols=[8] | col_header=False | row_header=False | metadata=False
Cell J22 | value='A' | fill=9 | rows=[21] | cols=[9] | col_header=False | row_header=False | metadata=False
Cell K22 | value='A' | fill=9 | rows=[21] | cols=[10] | col_header=False | row_header=False | metadata=False
Cell L22 | value='A' | fill=9 | rows=[21] | cols=[11] | col_header=False | row_header=False | metadata=False
Cell A23 | value='GH594' | fill=FF00B050 | rows=[22] | cols=[0] | col_header=False | row_header=True | metadata=False
Cell B23 | value='149.205372725108' | fill=9 | rows=[22] | cols=[1] | col_header=False | row_header=False | metadata=False
Cell C23 | value='A' | fill=9 | rows=[22] | cols=[2] | col_header=False | row_header=False | metadata=False
Cell D23 | value='B' | fill=9 | rows=[22] | cols=[3] | col_header=False | row_header=False | metadata=False
Cell E23 | value='A' | fill=9 | rows=[22] | cols=[4] | col_header=False | row_header=False | metadata=False
Cell F23 | value='A' | fill=9 | rows=[22] | cols=[5] | col_header=False | row_header=False | metadata=False
Cell G23 | value='A' | fill=9 | rows=[22] | cols=[6] | col_header=False | row_header=False | metadata=False
Cell H23 | value='A' | fill=9 | rows=[22] | cols=[7] | col_header=False | row_header=False | metadata=False
Cell I23 | value='A' | fill=9 | rows=[22] | cols=[8] | col_header=False | row_header=False | metadata=False
Cell J23 | value='A' | fill=9 | rows=[22] | cols=[9] | col_header=False | row_header=False | metadata=False
Cell K23 | value='A' | fill=9 | rows=[22] | cols=[10] | col_header=False | row_header=False | metadata=False
Cell L23 | value='A' | fill=9 | rows=[22] | cols=[11] | col_header=False | row_header=False | metadata=False
Cell A24 | value='NAU2957' | fill=FF00B050 | rows=[23] | cols=[0] | col_header=False | row_header=True | metadata=False
Cell B24 | value='141.275259574053' | fill=9 | rows=[23] | cols=[1] | col_header=False | row_header=False | metadata=False
Cell C24 | value='A' | fill=9 | rows=[23] | cols=[2] | col_header=False | row_header=False | metadata=False
Cell D24 | value='A' | fill=9 | rows=[23] | cols=[3] | col_header=False | row_header=False | metadata=False
Cell E24 | value='A' | fill=9 | rows=[23] | cols=[4] | col_header=False | row_header=False | metadata=False
Cell F24 | value='A' | fill=9 | rows=[23] | cols=[5] | col_header=False | row_header=False | metadata=False
Cell G24 | value='H' | fill=9 | rows=[23] | cols=[6] | col_header=False | row_header=False | metadata=False
Cell H24 | value='A' | fill=9 | rows=[23] | cols=[7] | col_header=False | row_header=False | metadata=False
Cell I24 | value='B' | fill=9 | rows=[23] | cols=[8] | col_header=False | row_header=False | metadata=False
Cell J24 | value='A' | fill=9 | rows=[23] | cols=[9] | col_header=False | row_header=False | metadata=False
Cell K24 | value='A' | fill=9 | rows=[23] | cols=[10] | col_header=False | row_header=False | metadata=False
Cell L24 | value='B' | fill=9 | rows=[23] | cols=[11] | col_header=False | row_header=False | metadata=False
Cell A26 | value='name =Chr.7' | fill=FFFFFF00 | rows=[25] | cols=[0] | col_header=True | row_header=False | metadata=False
Cell A27 | value='HAU1367' | fill=FF00B050 | rows=[26] | cols=[0] | col_header=False | row_header=True | metadata=False
Cell B27 | value='38.0995676726391' | fill=9 | rows=[26] | cols=[1] | col_header=False | row_header=False | metadata=False
Cell C27 | value='A' | fill=9 | rows=[26] | cols=[2] | col_header=False | row_header=False | metadata=False
Cell D27 | value='A' | fill=9 | rows=[26] | cols=[3] | col_header=False | row_header=False | metadata=False
Cell E27 | value='B' | fill=9 | rows=[26] | cols=[4] | col_header=False | row_header=False | metadata=False
Cell F27 | value='A' | fill=9 | rows=[26] | cols=[5] | col_header=False | row_header=False | metadata=False
Cell G27 | value='H' | fill=9 | rows=[26] | cols=[6] | col_header=False | row_header=False | metadata=False
Cell H27 | value='A' | fill=9 | rows=[26] | cols=[7] | col_header=False | row_header=False | metadata=False
Cell I27 | value='A' | fill=9 | rows=[26] | cols=[8] | col_header=False | row_header=False | metadata=False
Cell J27 | value='A' | fill=9 | rows=[26] | cols=[9] | col_header=False | row_header=False | metadata=False
Cell K27 | value='A' | fill=9 | rows=[26] | cols=[10] | col_header=False | row_header=False | metadata=False
Cell L27 | value='A' | fill=9 | rows=[26] | cols=[11] | col_header=False | row_header=False | metadata=False
Cell A28 | value='NAU2002' | fill=FF00B050 | rows=[27] | cols=[0] | col_header=False | row_header=True | metadata=False
Cell B28 | value='85.0586904288196' | fill=9 | rows=[27] | cols=[1] | col_header=False | row_header=False | metadata=False
Cell C28 | value='A' | fill=9 | rows=[27] | cols=[2] | col_header=False | row_header=False | metadata=False
Cell D28 | value='A' | fill=9 | rows=[27] | cols=[3] | col_header=False | row_header=False | metadata=False
Cell E28 | value='A' | fill=9 | rows=[27] | cols=[4] | col_header=False | row_header=False | metadata=False
Cell F28 | value='A' | fill=9 | rows=[27] | cols=[5] | col_header=False | row_header=False | metadata=False
Cell G28 | value='B' | fill=9 | rows=[27] | cols=[6] | col_header=False | row_header=False | metadata=False
Cell H28 | value='A' | fill=9 | rows=[27] | cols=[7] | col_header=False | row_header=False | metadata=False
Cell I28 | value='A' | fill=9 | rows=[27] | cols=[8] | col_header=False | row_header=False | metadata=False
Cell J28 | value='A' | fill=9 | rows=[27] | cols=[9] | col_header=False | row_header=False | metadata=False
Cell K28 | value='A' | fill=9 | rows=[27] | cols=[10] | col_header=False | row_header=False | metadata=False
Cell L28 | value='A' | fill=9 | rows=[27] | cols=[11] | col_header=False | row_header=False | metadata=False
Cell A29 | value='NAU1085' | fill=FF00B050 | rows=[28] | cols=[0] | col_header=False | row_header=True | metadata=False
Cell B29 | value='92.2442102490229' | fill=9 | rows=[28] | cols=[1] | col_header=False | row_header=False | metadata=False
Cell C29 | value='A' | fill=9 | rows=[28] | cols=[2] | col_header=False | row_header=False | metadata=False
Cell D29 | value='A' | fill=9 | rows=[28] | cols=[3] | col_header=False | row_header=False | metadata=False
Cell E29 | value='A' | fill=9 | rows=[28] | cols=[4] | col_header=False | row_header=False | metadata=False
Cell F29 | value='A' | fill=9 | rows=[28] | cols=[5] | col_header=False | row_header=False | metadata=False
Cell G29 | value='A' | fill=9 | rows=[28] | cols=[6] | col_header=False | row_header=False | metadata=False
Cell H29 | value='A' | fill=9 | rows=[28] | cols=[7] | col_header=False | row_header=False | metadata=False
Cell I29 | value='H' | fill=9 | rows=[28] | cols=[8] | col_header=False | row_header=False | metadata=False
Cell J29 | value='B' | fill=9 | rows=[28] | cols=[9] | col_header=False | row_header=False | metadata=False
Cell K29 | value='A' | fill=9 | rows=[28] | cols=[10] | col_header=False | row_header=False | metadata=False
Cell L29 | value='A' | fill=9 | rows=[28] | cols=[11] | col_header=False | row_header=False | metadata=False
Cell A30 | value='PGML03933' | fill=FF00B050 | rows=[29] | cols=[0] | col_header=False | row_header=True | metadata=False
Cell B30 | value='148.044599069128' | fill=9 | rows=[29] | cols=[1] | col_header=False | row_header=False | metadata=False
Cell C30 | value='A' | fill=9 | rows=[29] | cols=[2] | col_header=False | row_header=False | metadata=False
Cell D30 | value='A' | fill=9 | rows=[29] | cols=[3] | col_header=False | row_header=False | metadata=False
Cell E30 | value='A' | fill=9 | rows=[29] | cols=[4] | col_header=False | row_header=False | metadata=False
Cell F30 | value='A' | fill=9 | rows=[29] | cols=[5] | col_header=False | row_header=False | metadata=False
Cell G30 | value='A' | fill=9 | rows=[29] | cols=[6] | col_header=False | row_header=False | metadata=False
Cell H30 | value='H' | fill=9 | rows=[29] | cols=[7] | col_header=False | row_header=False | metadata=False
Cell I30 | value='A' | fill=9 | rows=[29] | cols=[8] | col_header=False | row_header=False | metadata=False
Cell J30 | value='A' | fill=9 | rows=[29] | cols=[9] | col_header=False | row_header=False | metadata=False
Cell K30 | value='A' | fill=9 | rows=[29] | cols=[10] | col_header=False | row_header=False | metadata=False
Cell L30 | value='A' | fill=9 | rows=[29] | cols=[11] | col_header=False | row_header=False | metadata=False

